<?xml version="1.0" encoding="UTF-8"?>
<testsuite name="testSuite.ConfirmPurchaseTest" tests="1" skipped="0" failures="0" errors="0" timestamp="2024-01-15T00:32:15" hostname="fabio-laptop" time="544.966">
  <properties/>
  <testcase name="confirmPurchaseTest()" classname="testSuite.ConfirmPurchaseTest" time="544.966"/>
  <system-out><![CDATA[Bs. 3.630
]]></system-out>
  <system-err><![CDATA[]]></system-err>
</testsuite>
