<?xml version="1.0" encoding="UTF-8"?>
<testsuite name="testSuite.VulnerabilityTest" tests="1" skipped="0" failures="0" errors="0" timestamp="2024-01-15T00:41:21" hostname="fabio-laptop" time="1145.851">
  <properties/>
  <testcase name="Test vulnerabilidad" classname="testSuite.VulnerabilityTest" time="1145.851"/>
  <system-out><![CDATA[Request method:	GET
Request URI:	http://localhost:9092/JSON/ascan/action/scan/?url=https%3A%2F%2Fwww.fairplay.com.bo%2F
Proxy:			<none>
Request params:	<none>
Query params:	url=https://www.fairplay.com.bo/
Form params:	<none>
Path params:	<none>
Headers:		Accept=*/*
Cookies:		<none>
Multiparts:		<none>
Body:			<none>
HTTP/1.1 200 OK
Pragma: no-cache
Cache-Control: no-cache, no-store, must-revalidate
Content-Security-Policy: default-src 'none'; script-src 'self'; connect-src 'self'; child-src 'self'; img-src 'self' data:; font-src 'self' data:; style-src 'self'
Referrer-Policy: no-referrer
Access-Control-Allow-Methods: GET,POST,OPTIONS
Access-Control-Allow-Headers: ZAP-Header
X-Frame-Options: DENY
X-XSS-Protection: 1; mode=block
X-Content-Type-Options: nosniff
X-Clacks-Overhead: GNU Terry Pratchett
content-length: 12
Content-Type: application/json; charset=UTF-8

{
    "scan": "0"
}
id >>>>> 0
Request method:	GET
Request URI:	http://localhost:9092/JSON/ascan/view/status/?scanId=0
Proxy:			<none>
Request params:	<none>
Query params:	scanId=0
Form params:	<none>
Path params:	<none>
Headers:		Accept=*/*
Cookies:		<none>
Multiparts:		<none>
Body:			<none>
HTTP/1.1 200 OK
Pragma: no-cache
Cache-Control: no-cache, no-store, must-revalidate
Content-Security-Policy: default-src 'none'; script-src 'self'; connect-src 'self'; child-src 'self'; img-src 'self' data:; font-src 'self' data:; style-src 'self'
Referrer-Policy: no-referrer
Access-Control-Allow-Methods: GET,POST,OPTIONS
Access-Control-Allow-Headers: ZAP-Header
X-Frame-Options: DENY
X-XSS-Protection: 1; mode=block
X-Content-Type-Options: nosniff
X-Clacks-Overhead: GNU Terry Pratchett
content-length: 14
Content-Type: application/json; charset=UTF-8

{
    "status": "0"
}
progresso : [0%] 
Request method:	GET
Request URI:	http://localhost:9092/JSON/ascan/view/status/?scanId=0
Proxy:			<none>
Request params:	<none>
Query params:	scanId=0
Form params:	<none>
Path params:	<none>
Headers:		Accept=*/*
Cookies:		<none>
Multiparts:		<none>
Body:			<none>
HTTP/1.1 200 OK
Pragma: no-cache
Cache-Control: no-cache, no-store, must-revalidate
Content-Security-Policy: default-src 'none'; script-src 'self'; connect-src 'self'; child-src 'self'; img-src 'self' data:; font-src 'self' data:; style-src 'self'
Referrer-Policy: no-referrer
Access-Control-Allow-Methods: GET,POST,OPTIONS
Access-Control-Allow-Headers: ZAP-Header
X-Frame-Options: DENY
X-XSS-Protection: 1; mode=block
X-Content-Type-Options: nosniff
X-Clacks-Overhead: GNU Terry Pratchett
content-length: 14
Content-Type: application/json; charset=UTF-8

{
    "status": "0"
}
progresso : [0%] 
Request method:	GET
Request URI:	http://localhost:9092/JSON/ascan/view/status/?scanId=0
Proxy:			<none>
Request params:	<none>
Query params:	scanId=0
Form params:	<none>
Path params:	<none>
Headers:		Accept=*/*
Cookies:		<none>
Multiparts:		<none>
Body:			<none>
HTTP/1.1 200 OK
Pragma: no-cache
Cache-Control: no-cache, no-store, must-revalidate
Content-Security-Policy: default-src 'none'; script-src 'self'; connect-src 'self'; child-src 'self'; img-src 'self' data:; font-src 'self' data:; style-src 'self'
Referrer-Policy: no-referrer
Access-Control-Allow-Methods: GET,POST,OPTIONS
Access-Control-Allow-Headers: ZAP-Header
X-Frame-Options: DENY
X-XSS-Protection: 1; mode=block
X-Content-Type-Options: nosniff
X-Clacks-Overhead: GNU Terry Pratchett
content-length: 14
Content-Type: application/json; charset=UTF-8

{
    "status": "0"
}
progresso : [0%] 
Request method:	GET
Request URI:	http://localhost:9092/JSON/ascan/view/status/?scanId=0
Proxy:			<none>
Request params:	<none>
Query params:	scanId=0
Form params:	<none>
Path params:	<none>
Headers:		Accept=*/*
Cookies:		<none>
Multiparts:		<none>
Body:			<none>
HTTP/1.1 200 OK
Pragma: no-cache
Cache-Control: no-cache, no-store, must-revalidate
Content-Security-Policy: default-src 'none'; script-src 'self'; connect-src 'self'; child-src 'self'; img-src 'self' data:; font-src 'self' data:; style-src 'self'
Referrer-Policy: no-referrer
Access-Control-Allow-Methods: GET,POST,OPTIONS
Access-Control-Allow-Headers: ZAP-Header
X-Frame-Options: DENY
X-XSS-Protection: 1; mode=block
X-Content-Type-Options: nosniff
X-Clacks-Overhead: GNU Terry Pratchett
content-length: 14
Content-Type: application/json; charset=UTF-8

{
    "status": "0"
}
progresso : [0%] 
Request method:	GET
Request URI:	http://localhost:9092/JSON/ascan/view/status/?scanId=0
Proxy:			<none>
Request params:	<none>
Query params:	scanId=0
Form params:	<none>
Path params:	<none>
Headers:		Accept=*/*
Cookies:		<none>
Multiparts:		<none>
Body:			<none>
HTTP/1.1 200 OK
Pragma: no-cache
Cache-Control: no-cache, no-store, must-revalidate
Content-Security-Policy: default-src 'none'; script-src 'self'; connect-src 'self'; child-src 'self'; img-src 'self' data:; font-src 'self' data:; style-src 'self'
Referrer-Policy: no-referrer
Access-Control-Allow-Methods: GET,POST,OPTIONS
Access-Control-Allow-Headers: ZAP-Header
X-Frame-Options: DENY
X-XSS-Protection: 1; mode=block
X-Content-Type-Options: nosniff
X-Clacks-Overhead: GNU Terry Pratchett
content-length: 14
Content-Type: application/json; charset=UTF-8

{
    "status": "0"
}
progresso : [0%] 
Request method:	GET
Request URI:	http://localhost:9092/JSON/ascan/view/status/?scanId=0
Proxy:			<none>
Request params:	<none>
Query params:	scanId=0
Form params:	<none>
Path params:	<none>
Headers:		Accept=*/*
Cookies:		<none>
Multiparts:		<none>
Body:			<none>
HTTP/1.1 200 OK
Pragma: no-cache
Cache-Control: no-cache, no-store, must-revalidate
Content-Security-Policy: default-src 'none'; script-src 'self'; connect-src 'self'; child-src 'self'; img-src 'self' data:; font-src 'self' data:; style-src 'self'
Referrer-Policy: no-referrer
Access-Control-Allow-Methods: GET,POST,OPTIONS
Access-Control-Allow-Headers: ZAP-Header
X-Frame-Options: DENY
X-XSS-Protection: 1; mode=block
X-Content-Type-Options: nosniff
X-Clacks-Overhead: GNU Terry Pratchett
content-length: 14
Content-Type: application/json; charset=UTF-8

{
    "status": "0"
}
progresso : [0%] 
Request method:	GET
Request URI:	http://localhost:9092/JSON/ascan/view/status/?scanId=0
Proxy:			<none>
Request params:	<none>
Query params:	scanId=0
Form params:	<none>
Path params:	<none>
Headers:		Accept=*/*
Cookies:		<none>
Multiparts:		<none>
Body:			<none>
HTTP/1.1 200 OK
Pragma: no-cache
Cache-Control: no-cache, no-store, must-revalidate
Content-Security-Policy: default-src 'none'; script-src 'self'; connect-src 'self'; child-src 'self'; img-src 'self' data:; font-src 'self' data:; style-src 'self'
Referrer-Policy: no-referrer
Access-Control-Allow-Methods: GET,POST,OPTIONS
Access-Control-Allow-Headers: ZAP-Header
X-Frame-Options: DENY
X-XSS-Protection: 1; mode=block
X-Content-Type-Options: nosniff
X-Clacks-Overhead: GNU Terry Pratchett
content-length: 14
Content-Type: application/json; charset=UTF-8

{
    "status": "0"
}
progresso : [0%] 
Request method:	GET
Request URI:	http://localhost:9092/JSON/ascan/view/status/?scanId=0
Proxy:			<none>
Request params:	<none>
Query params:	scanId=0
Form params:	<none>
Path params:	<none>
Headers:		Accept=*/*
Cookies:		<none>
Multiparts:		<none>
Body:			<none>
HTTP/1.1 200 OK
Pragma: no-cache
Cache-Control: no-cache, no-store, must-revalidate
Content-Security-Policy: default-src 'none'; script-src 'self'; connect-src 'self'; child-src 'self'; img-src 'self' data:; font-src 'self' data:; style-src 'self'
Referrer-Policy: no-referrer
Access-Control-Allow-Methods: GET,POST,OPTIONS
Access-Control-Allow-Headers: ZAP-Header
X-Frame-Options: DENY
X-XSS-Protection: 1; mode=block
X-Content-Type-Options: nosniff
X-Clacks-Overhead: GNU Terry Pratchett
content-length: 14
Content-Type: application/json; charset=UTF-8

{
    "status": "0"
}
progresso : [0%] 
Request method:	GET
Request URI:	http://localhost:9092/JSON/ascan/view/status/?scanId=0
Proxy:			<none>
Request params:	<none>
Query params:	scanId=0
Form params:	<none>
Path params:	<none>
Headers:		Accept=*/*
Cookies:		<none>
Multiparts:		<none>
Body:			<none>
HTTP/1.1 200 OK
Pragma: no-cache
Cache-Control: no-cache, no-store, must-revalidate
Content-Security-Policy: default-src 'none'; script-src 'self'; connect-src 'self'; child-src 'self'; img-src 'self' data:; font-src 'self' data:; style-src 'self'
Referrer-Policy: no-referrer
Access-Control-Allow-Methods: GET,POST,OPTIONS
Access-Control-Allow-Headers: ZAP-Header
X-Frame-Options: DENY
X-XSS-Protection: 1; mode=block
X-Content-Type-Options: nosniff
X-Clacks-Overhead: GNU Terry Pratchett
content-length: 14
Content-Type: application/json; charset=UTF-8

{
    "status": "0"
}
progresso : [0%] 
Request method:	GET
Request URI:	http://localhost:9092/JSON/ascan/view/status/?scanId=0
Proxy:			<none>
Request params:	<none>
Query params:	scanId=0
Form params:	<none>
Path params:	<none>
Headers:		Accept=*/*
Cookies:		<none>
Multiparts:		<none>
Body:			<none>
HTTP/1.1 200 OK
Pragma: no-cache
Cache-Control: no-cache, no-store, must-revalidate
Content-Security-Policy: default-src 'none'; script-src 'self'; connect-src 'self'; child-src 'self'; img-src 'self' data:; font-src 'self' data:; style-src 'self'
Referrer-Policy: no-referrer
Access-Control-Allow-Methods: GET,POST,OPTIONS
Access-Control-Allow-Headers: ZAP-Header
X-Frame-Options: DENY
X-XSS-Protection: 1; mode=block
X-Content-Type-Options: nosniff
X-Clacks-Overhead: GNU Terry Pratchett
content-length: 14
Content-Type: application/json; charset=UTF-8

{
    "status": "0"
}
progresso : [0%] 
Request method:	GET
Request URI:	http://localhost:9092/JSON/ascan/view/status/?scanId=0
Proxy:			<none>
Request params:	<none>
Query params:	scanId=0
Form params:	<none>
Path params:	<none>
Headers:		Accept=*/*
Cookies:		<none>
Multiparts:		<none>
Body:			<none>
HTTP/1.1 200 OK
Pragma: no-cache
Cache-Control: no-cache, no-store, must-revalidate
Content-Security-Policy: default-src 'none'; script-src 'self'; connect-src 'self'; child-src 'self'; img-src 'self' data:; font-src 'self' data:; style-src 'self'
Referrer-Policy: no-referrer
Access-Control-Allow-Methods: GET,POST,OPTIONS
Access-Control-Allow-Headers: ZAP-Header
X-Frame-Options: DENY
X-XSS-Protection: 1; mode=block
X-Content-Type-Options: nosniff
X-Clacks-Overhead: GNU Terry Pratchett
content-length: 14
Content-Type: application/json; charset=UTF-8

{
    "status": "0"
}
progresso : [0%] 
Request method:	GET
Request URI:	http://localhost:9092/JSON/ascan/view/status/?scanId=0
Proxy:			<none>
Request params:	<none>
Query params:	scanId=0
Form params:	<none>
Path params:	<none>
Headers:		Accept=*/*
Cookies:		<none>
Multiparts:		<none>
Body:			<none>
HTTP/1.1 200 OK
Pragma: no-cache
Cache-Control: no-cache, no-store, must-revalidate
Content-Security-Policy: default-src 'none'; script-src 'self'; connect-src 'self'; child-src 'self'; img-src 'self' data:; font-src 'self' data:; style-src 'self'
Referrer-Policy: no-referrer
Access-Control-Allow-Methods: GET,POST,OPTIONS
Access-Control-Allow-Headers: ZAP-Header
X-Frame-Options: DENY
X-XSS-Protection: 1; mode=block
X-Content-Type-Options: nosniff
X-Clacks-Overhead: GNU Terry Pratchett
content-length: 14
Content-Type: application/json; charset=UTF-8

{
    "status": "0"
}
progresso : [0%] 
Request method:	GET
Request URI:	http://localhost:9092/JSON/ascan/view/status/?scanId=0
Proxy:			<none>
Request params:	<none>
Query params:	scanId=0
Form params:	<none>
Path params:	<none>
Headers:		Accept=*/*
Cookies:		<none>
Multiparts:		<none>
Body:			<none>
HTTP/1.1 200 OK
Pragma: no-cache
Cache-Control: no-cache, no-store, must-revalidate
Content-Security-Policy: default-src 'none'; script-src 'self'; connect-src 'self'; child-src 'self'; img-src 'self' data:; font-src 'self' data:; style-src 'self'
Referrer-Policy: no-referrer
Access-Control-Allow-Methods: GET,POST,OPTIONS
Access-Control-Allow-Headers: ZAP-Header
X-Frame-Options: DENY
X-XSS-Protection: 1; mode=block
X-Content-Type-Options: nosniff
X-Clacks-Overhead: GNU Terry Pratchett
content-length: 14
Content-Type: application/json; charset=UTF-8

{
    "status": "0"
}
progresso : [0%] 
Request method:	GET
Request URI:	http://localhost:9092/JSON/ascan/view/status/?scanId=0
Proxy:			<none>
Request params:	<none>
Query params:	scanId=0
Form params:	<none>
Path params:	<none>
Headers:		Accept=*/*
Cookies:		<none>
Multiparts:		<none>
Body:			<none>
HTTP/1.1 200 OK
Pragma: no-cache
Cache-Control: no-cache, no-store, must-revalidate
Content-Security-Policy: default-src 'none'; script-src 'self'; connect-src 'self'; child-src 'self'; img-src 'self' data:; font-src 'self' data:; style-src 'self'
Referrer-Policy: no-referrer
Access-Control-Allow-Methods: GET,POST,OPTIONS
Access-Control-Allow-Headers: ZAP-Header
X-Frame-Options: DENY
X-XSS-Protection: 1; mode=block
X-Content-Type-Options: nosniff
X-Clacks-Overhead: GNU Terry Pratchett
content-length: 14
Content-Type: application/json; charset=UTF-8

{
    "status": "0"
}
progresso : [0%] 
Request method:	GET
Request URI:	http://localhost:9092/JSON/ascan/view/status/?scanId=0
Proxy:			<none>
Request params:	<none>
Query params:	scanId=0
Form params:	<none>
Path params:	<none>
Headers:		Accept=*/*
Cookies:		<none>
Multiparts:		<none>
Body:			<none>
HTTP/1.1 200 OK
Pragma: no-cache
Cache-Control: no-cache, no-store, must-revalidate
Content-Security-Policy: default-src 'none'; script-src 'self'; connect-src 'self'; child-src 'self'; img-src 'self' data:; font-src 'self' data:; style-src 'self'
Referrer-Policy: no-referrer
Access-Control-Allow-Methods: GET,POST,OPTIONS
Access-Control-Allow-Headers: ZAP-Header
X-Frame-Options: DENY
X-XSS-Protection: 1; mode=block
X-Content-Type-Options: nosniff
X-Clacks-Overhead: GNU Terry Pratchett
content-length: 14
Content-Type: application/json; charset=UTF-8

{
    "status": "0"
}
progresso : [0%] 
Request method:	GET
Request URI:	http://localhost:9092/JSON/ascan/view/status/?scanId=0
Proxy:			<none>
Request params:	<none>
Query params:	scanId=0
Form params:	<none>
Path params:	<none>
Headers:		Accept=*/*
Cookies:		<none>
Multiparts:		<none>
Body:			<none>
HTTP/1.1 200 OK
Pragma: no-cache
Cache-Control: no-cache, no-store, must-revalidate
Content-Security-Policy: default-src 'none'; script-src 'self'; connect-src 'self'; child-src 'self'; img-src 'self' data:; font-src 'self' data:; style-src 'self'
Referrer-Policy: no-referrer
Access-Control-Allow-Methods: GET,POST,OPTIONS
Access-Control-Allow-Headers: ZAP-Header
X-Frame-Options: DENY
X-XSS-Protection: 1; mode=block
X-Content-Type-Options: nosniff
X-Clacks-Overhead: GNU Terry Pratchett
content-length: 14
Content-Type: application/json; charset=UTF-8

{
    "status": "0"
}
progresso : [0%] 
Request method:	GET
Request URI:	http://localhost:9092/JSON/ascan/view/status/?scanId=0
Proxy:			<none>
Request params:	<none>
Query params:	scanId=0
Form params:	<none>
Path params:	<none>
Headers:		Accept=*/*
Cookies:		<none>
Multiparts:		<none>
Body:			<none>
HTTP/1.1 200 OK
Pragma: no-cache
Cache-Control: no-cache, no-store, must-revalidate
Content-Security-Policy: default-src 'none'; script-src 'self'; connect-src 'self'; child-src 'self'; img-src 'self' data:; font-src 'self' data:; style-src 'self'
Referrer-Policy: no-referrer
Access-Control-Allow-Methods: GET,POST,OPTIONS
Access-Control-Allow-Headers: ZAP-Header
X-Frame-Options: DENY
X-XSS-Protection: 1; mode=block
X-Content-Type-Options: nosniff
X-Clacks-Overhead: GNU Terry Pratchett
content-length: 14
Content-Type: application/json; charset=UTF-8

{
    "status": "0"
}
progresso : [0%] 
Request method:	GET
Request URI:	http://localhost:9092/JSON/ascan/view/status/?scanId=0
Proxy:			<none>
Request params:	<none>
Query params:	scanId=0
Form params:	<none>
Path params:	<none>
Headers:		Accept=*/*
Cookies:		<none>
Multiparts:		<none>
Body:			<none>
HTTP/1.1 200 OK
Pragma: no-cache
Cache-Control: no-cache, no-store, must-revalidate
Content-Security-Policy: default-src 'none'; script-src 'self'; connect-src 'self'; child-src 'self'; img-src 'self' data:; font-src 'self' data:; style-src 'self'
Referrer-Policy: no-referrer
Access-Control-Allow-Methods: GET,POST,OPTIONS
Access-Control-Allow-Headers: ZAP-Header
X-Frame-Options: DENY
X-XSS-Protection: 1; mode=block
X-Content-Type-Options: nosniff
X-Clacks-Overhead: GNU Terry Pratchett
content-length: 14
Content-Type: application/json; charset=UTF-8

{
    "status": "0"
}
progresso : [0%] 
Request method:	GET
Request URI:	http://localhost:9092/JSON/ascan/view/status/?scanId=0
Proxy:			<none>
Request params:	<none>
Query params:	scanId=0
Form params:	<none>
Path params:	<none>
Headers:		Accept=*/*
Cookies:		<none>
Multiparts:		<none>
Body:			<none>
HTTP/1.1 200 OK
Pragma: no-cache
Cache-Control: no-cache, no-store, must-revalidate
Content-Security-Policy: default-src 'none'; script-src 'self'; connect-src 'self'; child-src 'self'; img-src 'self' data:; font-src 'self' data:; style-src 'self'
Referrer-Policy: no-referrer
Access-Control-Allow-Methods: GET,POST,OPTIONS
Access-Control-Allow-Headers: ZAP-Header
X-Frame-Options: DENY
X-XSS-Protection: 1; mode=block
X-Content-Type-Options: nosniff
X-Clacks-Overhead: GNU Terry Pratchett
content-length: 14
Content-Type: application/json; charset=UTF-8

{
    "status": "0"
}
progresso : [0%] 
Request method:	GET
Request URI:	http://localhost:9092/JSON/ascan/view/status/?scanId=0
Proxy:			<none>
Request params:	<none>
Query params:	scanId=0
Form params:	<none>
Path params:	<none>
Headers:		Accept=*/*
Cookies:		<none>
Multiparts:		<none>
Body:			<none>
HTTP/1.1 200 OK
Pragma: no-cache
Cache-Control: no-cache, no-store, must-revalidate
Content-Security-Policy: default-src 'none'; script-src 'self'; connect-src 'self'; child-src 'self'; img-src 'self' data:; font-src 'self' data:; style-src 'self'
Referrer-Policy: no-referrer
Access-Control-Allow-Methods: GET,POST,OPTIONS
Access-Control-Allow-Headers: ZAP-Header
X-Frame-Options: DENY
X-XSS-Protection: 1; mode=block
X-Content-Type-Options: nosniff
X-Clacks-Overhead: GNU Terry Pratchett
content-length: 14
Content-Type: application/json; charset=UTF-8

{
    "status": "0"
}
progresso : [0%] 
Request method:	GET
Request URI:	http://localhost:9092/JSON/ascan/view/status/?scanId=0
Proxy:			<none>
Request params:	<none>
Query params:	scanId=0
Form params:	<none>
Path params:	<none>
Headers:		Accept=*/*
Cookies:		<none>
Multiparts:		<none>
Body:			<none>
HTTP/1.1 200 OK
Pragma: no-cache
Cache-Control: no-cache, no-store, must-revalidate
Content-Security-Policy: default-src 'none'; script-src 'self'; connect-src 'self'; child-src 'self'; img-src 'self' data:; font-src 'self' data:; style-src 'self'
Referrer-Policy: no-referrer
Access-Control-Allow-Methods: GET,POST,OPTIONS
Access-Control-Allow-Headers: ZAP-Header
X-Frame-Options: DENY
X-XSS-Protection: 1; mode=block
X-Content-Type-Options: nosniff
X-Clacks-Overhead: GNU Terry Pratchett
content-length: 14
Content-Type: application/json; charset=UTF-8

{
    "status": "0"
}
progresso : [0%] 
Request method:	GET
Request URI:	http://localhost:9092/JSON/ascan/view/status/?scanId=0
Proxy:			<none>
Request params:	<none>
Query params:	scanId=0
Form params:	<none>
Path params:	<none>
Headers:		Accept=*/*
Cookies:		<none>
Multiparts:		<none>
Body:			<none>
HTTP/1.1 200 OK
Pragma: no-cache
Cache-Control: no-cache, no-store, must-revalidate
Content-Security-Policy: default-src 'none'; script-src 'self'; connect-src 'self'; child-src 'self'; img-src 'self' data:; font-src 'self' data:; style-src 'self'
Referrer-Policy: no-referrer
Access-Control-Allow-Methods: GET,POST,OPTIONS
Access-Control-Allow-Headers: ZAP-Header
X-Frame-Options: DENY
X-XSS-Protection: 1; mode=block
X-Content-Type-Options: nosniff
X-Clacks-Overhead: GNU Terry Pratchett
content-length: 14
Content-Type: application/json; charset=UTF-8

{
    "status": "0"
}
progresso : [0%] 
Request method:	GET
Request URI:	http://localhost:9092/JSON/ascan/view/status/?scanId=0
Proxy:			<none>
Request params:	<none>
Query params:	scanId=0
Form params:	<none>
Path params:	<none>
Headers:		Accept=*/*
Cookies:		<none>
Multiparts:		<none>
Body:			<none>
HTTP/1.1 200 OK
Pragma: no-cache
Cache-Control: no-cache, no-store, must-revalidate
Content-Security-Policy: default-src 'none'; script-src 'self'; connect-src 'self'; child-src 'self'; img-src 'self' data:; font-src 'self' data:; style-src 'self'
Referrer-Policy: no-referrer
Access-Control-Allow-Methods: GET,POST,OPTIONS
Access-Control-Allow-Headers: ZAP-Header
X-Frame-Options: DENY
X-XSS-Protection: 1; mode=block
X-Content-Type-Options: nosniff
X-Clacks-Overhead: GNU Terry Pratchett
content-length: 14
Content-Type: application/json; charset=UTF-8

{
    "status": "0"
}
progresso : [0%] 
Request method:	GET
Request URI:	http://localhost:9092/JSON/ascan/view/status/?scanId=0
Proxy:			<none>
Request params:	<none>
Query params:	scanId=0
Form params:	<none>
Path params:	<none>
Headers:		Accept=*/*
Cookies:		<none>
Multiparts:		<none>
Body:			<none>
HTTP/1.1 200 OK
Pragma: no-cache
Cache-Control: no-cache, no-store, must-revalidate
Content-Security-Policy: default-src 'none'; script-src 'self'; connect-src 'self'; child-src 'self'; img-src 'self' data:; font-src 'self' data:; style-src 'self'
Referrer-Policy: no-referrer
Access-Control-Allow-Methods: GET,POST,OPTIONS
Access-Control-Allow-Headers: ZAP-Header
X-Frame-Options: DENY
X-XSS-Protection: 1; mode=block
X-Content-Type-Options: nosniff
X-Clacks-Overhead: GNU Terry Pratchett
content-length: 14
Content-Type: application/json; charset=UTF-8

{
    "status": "0"
}
progresso : [0%] 
Request method:	GET
Request URI:	http://localhost:9092/JSON/ascan/view/status/?scanId=0
Proxy:			<none>
Request params:	<none>
Query params:	scanId=0
Form params:	<none>
Path params:	<none>
Headers:		Accept=*/*
Cookies:		<none>
Multiparts:		<none>
Body:			<none>
HTTP/1.1 200 OK
Pragma: no-cache
Cache-Control: no-cache, no-store, must-revalidate
Content-Security-Policy: default-src 'none'; script-src 'self'; connect-src 'self'; child-src 'self'; img-src 'self' data:; font-src 'self' data:; style-src 'self'
Referrer-Policy: no-referrer
Access-Control-Allow-Methods: GET,POST,OPTIONS
Access-Control-Allow-Headers: ZAP-Header
X-Frame-Options: DENY
X-XSS-Protection: 1; mode=block
X-Content-Type-Options: nosniff
X-Clacks-Overhead: GNU Terry Pratchett
content-length: 14
Content-Type: application/json; charset=UTF-8

{
    "status": "0"
}
progresso : [0%] 
Request method:	GET
Request URI:	http://localhost:9092/JSON/ascan/view/status/?scanId=0
Proxy:			<none>
Request params:	<none>
Query params:	scanId=0
Form params:	<none>
Path params:	<none>
Headers:		Accept=*/*
Cookies:		<none>
Multiparts:		<none>
Body:			<none>
HTTP/1.1 200 OK
Pragma: no-cache
Cache-Control: no-cache, no-store, must-revalidate
Content-Security-Policy: default-src 'none'; script-src 'self'; connect-src 'self'; child-src 'self'; img-src 'self' data:; font-src 'self' data:; style-src 'self'
Referrer-Policy: no-referrer
Access-Control-Allow-Methods: GET,POST,OPTIONS
Access-Control-Allow-Headers: ZAP-Header
X-Frame-Options: DENY
X-XSS-Protection: 1; mode=block
X-Content-Type-Options: nosniff
X-Clacks-Overhead: GNU Terry Pratchett
content-length: 14
Content-Type: application/json; charset=UTF-8

{
    "status": "0"
}
progresso : [0%] 
Request method:	GET
Request URI:	http://localhost:9092/JSON/ascan/view/status/?scanId=0
Proxy:			<none>
Request params:	<none>
Query params:	scanId=0
Form params:	<none>
Path params:	<none>
Headers:		Accept=*/*
Cookies:		<none>
Multiparts:		<none>
Body:			<none>
HTTP/1.1 200 OK
Pragma: no-cache
Cache-Control: no-cache, no-store, must-revalidate
Content-Security-Policy: default-src 'none'; script-src 'self'; connect-src 'self'; child-src 'self'; img-src 'self' data:; font-src 'self' data:; style-src 'self'
Referrer-Policy: no-referrer
Access-Control-Allow-Methods: GET,POST,OPTIONS
Access-Control-Allow-Headers: ZAP-Header
X-Frame-Options: DENY
X-XSS-Protection: 1; mode=block
X-Content-Type-Options: nosniff
X-Clacks-Overhead: GNU Terry Pratchett
content-length: 14
Content-Type: application/json; charset=UTF-8

{
    "status": "0"
}
progresso : [0%] 
Request method:	GET
Request URI:	http://localhost:9092/JSON/ascan/view/status/?scanId=0
Proxy:			<none>
Request params:	<none>
Query params:	scanId=0
Form params:	<none>
Path params:	<none>
Headers:		Accept=*/*
Cookies:		<none>
Multiparts:		<none>
Body:			<none>
HTTP/1.1 200 OK
Pragma: no-cache
Cache-Control: no-cache, no-store, must-revalidate
Content-Security-Policy: default-src 'none'; script-src 'self'; connect-src 'self'; child-src 'self'; img-src 'self' data:; font-src 'self' data:; style-src 'self'
Referrer-Policy: no-referrer
Access-Control-Allow-Methods: GET,POST,OPTIONS
Access-Control-Allow-Headers: ZAP-Header
X-Frame-Options: DENY
X-XSS-Protection: 1; mode=block
X-Content-Type-Options: nosniff
X-Clacks-Overhead: GNU Terry Pratchett
content-length: 14
Content-Type: application/json; charset=UTF-8

{
    "status": "0"
}
progresso : [0%] 
Request method:	GET
Request URI:	http://localhost:9092/JSON/ascan/view/status/?scanId=0
Proxy:			<none>
Request params:	<none>
Query params:	scanId=0
Form params:	<none>
Path params:	<none>
Headers:		Accept=*/*
Cookies:		<none>
Multiparts:		<none>
Body:			<none>
HTTP/1.1 200 OK
Pragma: no-cache
Cache-Control: no-cache, no-store, must-revalidate
Content-Security-Policy: default-src 'none'; script-src 'self'; connect-src 'self'; child-src 'self'; img-src 'self' data:; font-src 'self' data:; style-src 'self'
Referrer-Policy: no-referrer
Access-Control-Allow-Methods: GET,POST,OPTIONS
Access-Control-Allow-Headers: ZAP-Header
X-Frame-Options: DENY
X-XSS-Protection: 1; mode=block
X-Content-Type-Options: nosniff
X-Clacks-Overhead: GNU Terry Pratchett
content-length: 14
Content-Type: application/json; charset=UTF-8

{
    "status": "0"
}
progresso : [0%] 
Request method:	GET
Request URI:	http://localhost:9092/JSON/ascan/view/status/?scanId=0
Proxy:			<none>
Request params:	<none>
Query params:	scanId=0
Form params:	<none>
Path params:	<none>
Headers:		Accept=*/*
Cookies:		<none>
Multiparts:		<none>
Body:			<none>
HTTP/1.1 200 OK
Pragma: no-cache
Cache-Control: no-cache, no-store, must-revalidate
Content-Security-Policy: default-src 'none'; script-src 'self'; connect-src 'self'; child-src 'self'; img-src 'self' data:; font-src 'self' data:; style-src 'self'
Referrer-Policy: no-referrer
Access-Control-Allow-Methods: GET,POST,OPTIONS
Access-Control-Allow-Headers: ZAP-Header
X-Frame-Options: DENY
X-XSS-Protection: 1; mode=block
X-Content-Type-Options: nosniff
X-Clacks-Overhead: GNU Terry Pratchett
content-length: 14
Content-Type: application/json; charset=UTF-8

{
    "status": "0"
}
progresso : [0%] 
Request method:	GET
Request URI:	http://localhost:9092/JSON/ascan/view/status/?scanId=0
Proxy:			<none>
Request params:	<none>
Query params:	scanId=0
Form params:	<none>
Path params:	<none>
Headers:		Accept=*/*
Cookies:		<none>
Multiparts:		<none>
Body:			<none>
HTTP/1.1 200 OK
Pragma: no-cache
Cache-Control: no-cache, no-store, must-revalidate
Content-Security-Policy: default-src 'none'; script-src 'self'; connect-src 'self'; child-src 'self'; img-src 'self' data:; font-src 'self' data:; style-src 'self'
Referrer-Policy: no-referrer
Access-Control-Allow-Methods: GET,POST,OPTIONS
Access-Control-Allow-Headers: ZAP-Header
X-Frame-Options: DENY
X-XSS-Protection: 1; mode=block
X-Content-Type-Options: nosniff
X-Clacks-Overhead: GNU Terry Pratchett
content-length: 14
Content-Type: application/json; charset=UTF-8

{
    "status": "0"
}
progresso : [0%] 
Request method:	GET
Request URI:	http://localhost:9092/JSON/ascan/view/status/?scanId=0
Proxy:			<none>
Request params:	<none>
Query params:	scanId=0
Form params:	<none>
Path params:	<none>
Headers:		Accept=*/*
Cookies:		<none>
Multiparts:		<none>
Body:			<none>
HTTP/1.1 200 OK
Pragma: no-cache
Cache-Control: no-cache, no-store, must-revalidate
Content-Security-Policy: default-src 'none'; script-src 'self'; connect-src 'self'; child-src 'self'; img-src 'self' data:; font-src 'self' data:; style-src 'self'
Referrer-Policy: no-referrer
Access-Control-Allow-Methods: GET,POST,OPTIONS
Access-Control-Allow-Headers: ZAP-Header
X-Frame-Options: DENY
X-XSS-Protection: 1; mode=block
X-Content-Type-Options: nosniff
X-Clacks-Overhead: GNU Terry Pratchett
content-length: 14
Content-Type: application/json; charset=UTF-8

{
    "status": "0"
}
progresso : [0%] 
Request method:	GET
Request URI:	http://localhost:9092/JSON/ascan/view/status/?scanId=0
Proxy:			<none>
Request params:	<none>
Query params:	scanId=0
Form params:	<none>
Path params:	<none>
Headers:		Accept=*/*
Cookies:		<none>
Multiparts:		<none>
Body:			<none>
HTTP/1.1 200 OK
Pragma: no-cache
Cache-Control: no-cache, no-store, must-revalidate
Content-Security-Policy: default-src 'none'; script-src 'self'; connect-src 'self'; child-src 'self'; img-src 'self' data:; font-src 'self' data:; style-src 'self'
Referrer-Policy: no-referrer
Access-Control-Allow-Methods: GET,POST,OPTIONS
Access-Control-Allow-Headers: ZAP-Header
X-Frame-Options: DENY
X-XSS-Protection: 1; mode=block
X-Content-Type-Options: nosniff
X-Clacks-Overhead: GNU Terry Pratchett
content-length: 14
Content-Type: application/json; charset=UTF-8

{
    "status": "0"
}
progresso : [0%] 
Request method:	GET
Request URI:	http://localhost:9092/JSON/ascan/view/status/?scanId=0
Proxy:			<none>
Request params:	<none>
Query params:	scanId=0
Form params:	<none>
Path params:	<none>
Headers:		Accept=*/*
Cookies:		<none>
Multiparts:		<none>
Body:			<none>
HTTP/1.1 200 OK
Pragma: no-cache
Cache-Control: no-cache, no-store, must-revalidate
Content-Security-Policy: default-src 'none'; script-src 'self'; connect-src 'self'; child-src 'self'; img-src 'self' data:; font-src 'self' data:; style-src 'self'
Referrer-Policy: no-referrer
Access-Control-Allow-Methods: GET,POST,OPTIONS
Access-Control-Allow-Headers: ZAP-Header
X-Frame-Options: DENY
X-XSS-Protection: 1; mode=block
X-Content-Type-Options: nosniff
X-Clacks-Overhead: GNU Terry Pratchett
content-length: 14
Content-Type: application/json; charset=UTF-8

{
    "status": "0"
}
progresso : [0%] 
Request method:	GET
Request URI:	http://localhost:9092/JSON/ascan/view/status/?scanId=0
Proxy:			<none>
Request params:	<none>
Query params:	scanId=0
Form params:	<none>
Path params:	<none>
Headers:		Accept=*/*
Cookies:		<none>
Multiparts:		<none>
Body:			<none>
HTTP/1.1 200 OK
Pragma: no-cache
Cache-Control: no-cache, no-store, must-revalidate
Content-Security-Policy: default-src 'none'; script-src 'self'; connect-src 'self'; child-src 'self'; img-src 'self' data:; font-src 'self' data:; style-src 'self'
Referrer-Policy: no-referrer
Access-Control-Allow-Methods: GET,POST,OPTIONS
Access-Control-Allow-Headers: ZAP-Header
X-Frame-Options: DENY
X-XSS-Protection: 1; mode=block
X-Content-Type-Options: nosniff
X-Clacks-Overhead: GNU Terry Pratchett
content-length: 14
Content-Type: application/json; charset=UTF-8

{
    "status": "0"
}
progresso : [0%] 
Request method:	GET
Request URI:	http://localhost:9092/JSON/ascan/view/status/?scanId=0
Proxy:			<none>
Request params:	<none>
Query params:	scanId=0
Form params:	<none>
Path params:	<none>
Headers:		Accept=*/*
Cookies:		<none>
Multiparts:		<none>
Body:			<none>
HTTP/1.1 200 OK
Pragma: no-cache
Cache-Control: no-cache, no-store, must-revalidate
Content-Security-Policy: default-src 'none'; script-src 'self'; connect-src 'self'; child-src 'self'; img-src 'self' data:; font-src 'self' data:; style-src 'self'
Referrer-Policy: no-referrer
Access-Control-Allow-Methods: GET,POST,OPTIONS
Access-Control-Allow-Headers: ZAP-Header
X-Frame-Options: DENY
X-XSS-Protection: 1; mode=block
X-Content-Type-Options: nosniff
X-Clacks-Overhead: GNU Terry Pratchett
content-length: 14
Content-Type: application/json; charset=UTF-8

{
    "status": "0"
}
progresso : [0%] 
Request method:	GET
Request URI:	http://localhost:9092/JSON/ascan/view/status/?scanId=0
Proxy:			<none>
Request params:	<none>
Query params:	scanId=0
Form params:	<none>
Path params:	<none>
Headers:		Accept=*/*
Cookies:		<none>
Multiparts:		<none>
Body:			<none>
HTTP/1.1 200 OK
Pragma: no-cache
Cache-Control: no-cache, no-store, must-revalidate
Content-Security-Policy: default-src 'none'; script-src 'self'; connect-src 'self'; child-src 'self'; img-src 'self' data:; font-src 'self' data:; style-src 'self'
Referrer-Policy: no-referrer
Access-Control-Allow-Methods: GET,POST,OPTIONS
Access-Control-Allow-Headers: ZAP-Header
X-Frame-Options: DENY
X-XSS-Protection: 1; mode=block
X-Content-Type-Options: nosniff
X-Clacks-Overhead: GNU Terry Pratchett
content-length: 14
Content-Type: application/json; charset=UTF-8

{
    "status": "0"
}
progresso : [0%] 
Request method:	GET
Request URI:	http://localhost:9092/JSON/ascan/view/status/?scanId=0
Proxy:			<none>
Request params:	<none>
Query params:	scanId=0
Form params:	<none>
Path params:	<none>
Headers:		Accept=*/*
Cookies:		<none>
Multiparts:		<none>
Body:			<none>
HTTP/1.1 200 OK
Pragma: no-cache
Cache-Control: no-cache, no-store, must-revalidate
Content-Security-Policy: default-src 'none'; script-src 'self'; connect-src 'self'; child-src 'self'; img-src 'self' data:; font-src 'self' data:; style-src 'self'
Referrer-Policy: no-referrer
Access-Control-Allow-Methods: GET,POST,OPTIONS
Access-Control-Allow-Headers: ZAP-Header
X-Frame-Options: DENY
X-XSS-Protection: 1; mode=block
X-Content-Type-Options: nosniff
X-Clacks-Overhead: GNU Terry Pratchett
content-length: 14
Content-Type: application/json; charset=UTF-8

{
    "status": "0"
}
progresso : [0%] 
Request method:	GET
Request URI:	http://localhost:9092/JSON/ascan/view/status/?scanId=0
Proxy:			<none>
Request params:	<none>
Query params:	scanId=0
Form params:	<none>
Path params:	<none>
Headers:		Accept=*/*
Cookies:		<none>
Multiparts:		<none>
Body:			<none>
HTTP/1.1 200 OK
Pragma: no-cache
Cache-Control: no-cache, no-store, must-revalidate
Content-Security-Policy: default-src 'none'; script-src 'self'; connect-src 'self'; child-src 'self'; img-src 'self' data:; font-src 'self' data:; style-src 'self'
Referrer-Policy: no-referrer
Access-Control-Allow-Methods: GET,POST,OPTIONS
Access-Control-Allow-Headers: ZAP-Header
X-Frame-Options: DENY
X-XSS-Protection: 1; mode=block
X-Content-Type-Options: nosniff
X-Clacks-Overhead: GNU Terry Pratchett
content-length: 14
Content-Type: application/json; charset=UTF-8

{
    "status": "0"
}
progresso : [0%] 
Request method:	GET
Request URI:	http://localhost:9092/JSON/ascan/view/status/?scanId=0
Proxy:			<none>
Request params:	<none>
Query params:	scanId=0
Form params:	<none>
Path params:	<none>
Headers:		Accept=*/*
Cookies:		<none>
Multiparts:		<none>
Body:			<none>
HTTP/1.1 200 OK
Pragma: no-cache
Cache-Control: no-cache, no-store, must-revalidate
Content-Security-Policy: default-src 'none'; script-src 'self'; connect-src 'self'; child-src 'self'; img-src 'self' data:; font-src 'self' data:; style-src 'self'
Referrer-Policy: no-referrer
Access-Control-Allow-Methods: GET,POST,OPTIONS
Access-Control-Allow-Headers: ZAP-Header
X-Frame-Options: DENY
X-XSS-Protection: 1; mode=block
X-Content-Type-Options: nosniff
X-Clacks-Overhead: GNU Terry Pratchett
content-length: 14
Content-Type: application/json; charset=UTF-8

{
    "status": "0"
}
progresso : [0%] 
Request method:	GET
Request URI:	http://localhost:9092/JSON/ascan/view/status/?scanId=0
Proxy:			<none>
Request params:	<none>
Query params:	scanId=0
Form params:	<none>
Path params:	<none>
Headers:		Accept=*/*
Cookies:		<none>
Multiparts:		<none>
Body:			<none>
HTTP/1.1 200 OK
Pragma: no-cache
Cache-Control: no-cache, no-store, must-revalidate
Content-Security-Policy: default-src 'none'; script-src 'self'; connect-src 'self'; child-src 'self'; img-src 'self' data:; font-src 'self' data:; style-src 'self'
Referrer-Policy: no-referrer
Access-Control-Allow-Methods: GET,POST,OPTIONS
Access-Control-Allow-Headers: ZAP-Header
X-Frame-Options: DENY
X-XSS-Protection: 1; mode=block
X-Content-Type-Options: nosniff
X-Clacks-Overhead: GNU Terry Pratchett
content-length: 14
Content-Type: application/json; charset=UTF-8

{
    "status": "0"
}
progresso : [0%] 
Request method:	GET
Request URI:	http://localhost:9092/JSON/ascan/view/status/?scanId=0
Proxy:			<none>
Request params:	<none>
Query params:	scanId=0
Form params:	<none>
Path params:	<none>
Headers:		Accept=*/*
Cookies:		<none>
Multiparts:		<none>
Body:			<none>
HTTP/1.1 200 OK
Pragma: no-cache
Cache-Control: no-cache, no-store, must-revalidate
Content-Security-Policy: default-src 'none'; script-src 'self'; connect-src 'self'; child-src 'self'; img-src 'self' data:; font-src 'self' data:; style-src 'self'
Referrer-Policy: no-referrer
Access-Control-Allow-Methods: GET,POST,OPTIONS
Access-Control-Allow-Headers: ZAP-Header
X-Frame-Options: DENY
X-XSS-Protection: 1; mode=block
X-Content-Type-Options: nosniff
X-Clacks-Overhead: GNU Terry Pratchett
content-length: 14
Content-Type: application/json; charset=UTF-8

{
    "status": "0"
}
progresso : [0%] 
Request method:	GET
Request URI:	http://localhost:9092/JSON/ascan/view/status/?scanId=0
Proxy:			<none>
Request params:	<none>
Query params:	scanId=0
Form params:	<none>
Path params:	<none>
Headers:		Accept=*/*
Cookies:		<none>
Multiparts:		<none>
Body:			<none>
HTTP/1.1 200 OK
Pragma: no-cache
Cache-Control: no-cache, no-store, must-revalidate
Content-Security-Policy: default-src 'none'; script-src 'self'; connect-src 'self'; child-src 'self'; img-src 'self' data:; font-src 'self' data:; style-src 'self'
Referrer-Policy: no-referrer
Access-Control-Allow-Methods: GET,POST,OPTIONS
Access-Control-Allow-Headers: ZAP-Header
X-Frame-Options: DENY
X-XSS-Protection: 1; mode=block
X-Content-Type-Options: nosniff
X-Clacks-Overhead: GNU Terry Pratchett
content-length: 14
Content-Type: application/json; charset=UTF-8

{
    "status": "0"
}
progresso : [0%] 
Request method:	GET
Request URI:	http://localhost:9092/JSON/ascan/view/status/?scanId=0
Proxy:			<none>
Request params:	<none>
Query params:	scanId=0
Form params:	<none>
Path params:	<none>
Headers:		Accept=*/*
Cookies:		<none>
Multiparts:		<none>
Body:			<none>
HTTP/1.1 200 OK
Pragma: no-cache
Cache-Control: no-cache, no-store, must-revalidate
Content-Security-Policy: default-src 'none'; script-src 'self'; connect-src 'self'; child-src 'self'; img-src 'self' data:; font-src 'self' data:; style-src 'self'
Referrer-Policy: no-referrer
Access-Control-Allow-Methods: GET,POST,OPTIONS
Access-Control-Allow-Headers: ZAP-Header
X-Frame-Options: DENY
X-XSS-Protection: 1; mode=block
X-Content-Type-Options: nosniff
X-Clacks-Overhead: GNU Terry Pratchett
content-length: 14
Content-Type: application/json; charset=UTF-8

{
    "status": "0"
}
progresso : [0%] 
Request method:	GET
Request URI:	http://localhost:9092/JSON/ascan/view/status/?scanId=0
Proxy:			<none>
Request params:	<none>
Query params:	scanId=0
Form params:	<none>
Path params:	<none>
Headers:		Accept=*/*
Cookies:		<none>
Multiparts:		<none>
Body:			<none>
HTTP/1.1 200 OK
Pragma: no-cache
Cache-Control: no-cache, no-store, must-revalidate
Content-Security-Policy: default-src 'none'; script-src 'self'; connect-src 'self'; child-src 'self'; img-src 'self' data:; font-src 'self' data:; style-src 'self'
Referrer-Policy: no-referrer
Access-Control-Allow-Methods: GET,POST,OPTIONS
Access-Control-Allow-Headers: ZAP-Header
X-Frame-Options: DENY
X-XSS-Protection: 1; mode=block
X-Content-Type-Options: nosniff
X-Clacks-Overhead: GNU Terry Pratchett
content-length: 14
Content-Type: application/json; charset=UTF-8

{
    "status": "0"
}
progresso : [0%] 
Request method:	GET
Request URI:	http://localhost:9092/JSON/ascan/view/status/?scanId=0
Proxy:			<none>
Request params:	<none>
Query params:	scanId=0
Form params:	<none>
Path params:	<none>
Headers:		Accept=*/*
Cookies:		<none>
Multiparts:		<none>
Body:			<none>
HTTP/1.1 200 OK
Pragma: no-cache
Cache-Control: no-cache, no-store, must-revalidate
Content-Security-Policy: default-src 'none'; script-src 'self'; connect-src 'self'; child-src 'self'; img-src 'self' data:; font-src 'self' data:; style-src 'self'
Referrer-Policy: no-referrer
Access-Control-Allow-Methods: GET,POST,OPTIONS
Access-Control-Allow-Headers: ZAP-Header
X-Frame-Options: DENY
X-XSS-Protection: 1; mode=block
X-Content-Type-Options: nosniff
X-Clacks-Overhead: GNU Terry Pratchett
content-length: 14
Content-Type: application/json; charset=UTF-8

{
    "status": "0"
}
progresso : [0%] 
Request method:	GET
Request URI:	http://localhost:9092/JSON/ascan/view/status/?scanId=0
Proxy:			<none>
Request params:	<none>
Query params:	scanId=0
Form params:	<none>
Path params:	<none>
Headers:		Accept=*/*
Cookies:		<none>
Multiparts:		<none>
Body:			<none>
HTTP/1.1 200 OK
Pragma: no-cache
Cache-Control: no-cache, no-store, must-revalidate
Content-Security-Policy: default-src 'none'; script-src 'self'; connect-src 'self'; child-src 'self'; img-src 'self' data:; font-src 'self' data:; style-src 'self'
Referrer-Policy: no-referrer
Access-Control-Allow-Methods: GET,POST,OPTIONS
Access-Control-Allow-Headers: ZAP-Header
X-Frame-Options: DENY
X-XSS-Protection: 1; mode=block
X-Content-Type-Options: nosniff
X-Clacks-Overhead: GNU Terry Pratchett
content-length: 14
Content-Type: application/json; charset=UTF-8

{
    "status": "0"
}
progresso : [0%] 
Request method:	GET
Request URI:	http://localhost:9092/JSON/ascan/view/status/?scanId=0
Proxy:			<none>
Request params:	<none>
Query params:	scanId=0
Form params:	<none>
Path params:	<none>
Headers:		Accept=*/*
Cookies:		<none>
Multiparts:		<none>
Body:			<none>
HTTP/1.1 200 OK
Pragma: no-cache
Cache-Control: no-cache, no-store, must-revalidate
Content-Security-Policy: default-src 'none'; script-src 'self'; connect-src 'self'; child-src 'self'; img-src 'self' data:; font-src 'self' data:; style-src 'self'
Referrer-Policy: no-referrer
Access-Control-Allow-Methods: GET,POST,OPTIONS
Access-Control-Allow-Headers: ZAP-Header
X-Frame-Options: DENY
X-XSS-Protection: 1; mode=block
X-Content-Type-Options: nosniff
X-Clacks-Overhead: GNU Terry Pratchett
content-length: 14
Content-Type: application/json; charset=UTF-8

{
    "status": "0"
}
progresso : [0%] 
Request method:	GET
Request URI:	http://localhost:9092/JSON/ascan/view/status/?scanId=0
Proxy:			<none>
Request params:	<none>
Query params:	scanId=0
Form params:	<none>
Path params:	<none>
Headers:		Accept=*/*
Cookies:		<none>
Multiparts:		<none>
Body:			<none>
HTTP/1.1 200 OK
Pragma: no-cache
Cache-Control: no-cache, no-store, must-revalidate
Content-Security-Policy: default-src 'none'; script-src 'self'; connect-src 'self'; child-src 'self'; img-src 'self' data:; font-src 'self' data:; style-src 'self'
Referrer-Policy: no-referrer
Access-Control-Allow-Methods: GET,POST,OPTIONS
Access-Control-Allow-Headers: ZAP-Header
X-Frame-Options: DENY
X-XSS-Protection: 1; mode=block
X-Content-Type-Options: nosniff
X-Clacks-Overhead: GNU Terry Pratchett
content-length: 14
Content-Type: application/json; charset=UTF-8

{
    "status": "0"
}
progresso : [0%] 
Request method:	GET
Request URI:	http://localhost:9092/JSON/ascan/view/status/?scanId=0
Proxy:			<none>
Request params:	<none>
Query params:	scanId=0
Form params:	<none>
Path params:	<none>
Headers:		Accept=*/*
Cookies:		<none>
Multiparts:		<none>
Body:			<none>
HTTP/1.1 200 OK
Pragma: no-cache
Cache-Control: no-cache, no-store, must-revalidate
Content-Security-Policy: default-src 'none'; script-src 'self'; connect-src 'self'; child-src 'self'; img-src 'self' data:; font-src 'self' data:; style-src 'self'
Referrer-Policy: no-referrer
Access-Control-Allow-Methods: GET,POST,OPTIONS
Access-Control-Allow-Headers: ZAP-Header
X-Frame-Options: DENY
X-XSS-Protection: 1; mode=block
X-Content-Type-Options: nosniff
X-Clacks-Overhead: GNU Terry Pratchett
content-length: 14
Content-Type: application/json; charset=UTF-8

{
    "status": "0"
}
progresso : [0%] 
Request method:	GET
Request URI:	http://localhost:9092/JSON/ascan/view/status/?scanId=0
Proxy:			<none>
Request params:	<none>
Query params:	scanId=0
Form params:	<none>
Path params:	<none>
Headers:		Accept=*/*
Cookies:		<none>
Multiparts:		<none>
Body:			<none>
HTTP/1.1 200 OK
Pragma: no-cache
Cache-Control: no-cache, no-store, must-revalidate
Content-Security-Policy: default-src 'none'; script-src 'self'; connect-src 'self'; child-src 'self'; img-src 'self' data:; font-src 'self' data:; style-src 'self'
Referrer-Policy: no-referrer
Access-Control-Allow-Methods: GET,POST,OPTIONS
Access-Control-Allow-Headers: ZAP-Header
X-Frame-Options: DENY
X-XSS-Protection: 1; mode=block
X-Content-Type-Options: nosniff
X-Clacks-Overhead: GNU Terry Pratchett
content-length: 14
Content-Type: application/json; charset=UTF-8

{
    "status": "0"
}
progresso : [0%] 
Request method:	GET
Request URI:	http://localhost:9092/JSON/ascan/view/status/?scanId=0
Proxy:			<none>
Request params:	<none>
Query params:	scanId=0
Form params:	<none>
Path params:	<none>
Headers:		Accept=*/*
Cookies:		<none>
Multiparts:		<none>
Body:			<none>
HTTP/1.1 200 OK
Pragma: no-cache
Cache-Control: no-cache, no-store, must-revalidate
Content-Security-Policy: default-src 'none'; script-src 'self'; connect-src 'self'; child-src 'self'; img-src 'self' data:; font-src 'self' data:; style-src 'self'
Referrer-Policy: no-referrer
Access-Control-Allow-Methods: GET,POST,OPTIONS
Access-Control-Allow-Headers: ZAP-Header
X-Frame-Options: DENY
X-XSS-Protection: 1; mode=block
X-Content-Type-Options: nosniff
X-Clacks-Overhead: GNU Terry Pratchett
content-length: 14
Content-Type: application/json; charset=UTF-8

{
    "status": "0"
}
progresso : [0%] 
Request method:	GET
Request URI:	http://localhost:9092/JSON/ascan/view/status/?scanId=0
Proxy:			<none>
Request params:	<none>
Query params:	scanId=0
Form params:	<none>
Path params:	<none>
Headers:		Accept=*/*
Cookies:		<none>
Multiparts:		<none>
Body:			<none>
HTTP/1.1 200 OK
Pragma: no-cache
Cache-Control: no-cache, no-store, must-revalidate
Content-Security-Policy: default-src 'none'; script-src 'self'; connect-src 'self'; child-src 'self'; img-src 'self' data:; font-src 'self' data:; style-src 'self'
Referrer-Policy: no-referrer
Access-Control-Allow-Methods: GET,POST,OPTIONS
Access-Control-Allow-Headers: ZAP-Header
X-Frame-Options: DENY
X-XSS-Protection: 1; mode=block
X-Content-Type-Options: nosniff
X-Clacks-Overhead: GNU Terry Pratchett
content-length: 14
Content-Type: application/json; charset=UTF-8

{
    "status": "0"
}
progresso : [0%] 
Request method:	GET
Request URI:	http://localhost:9092/JSON/ascan/view/status/?scanId=0
Proxy:			<none>
Request params:	<none>
Query params:	scanId=0
Form params:	<none>
Path params:	<none>
Headers:		Accept=*/*
Cookies:		<none>
Multiparts:		<none>
Body:			<none>
HTTP/1.1 200 OK
Pragma: no-cache
Cache-Control: no-cache, no-store, must-revalidate
Content-Security-Policy: default-src 'none'; script-src 'self'; connect-src 'self'; child-src 'self'; img-src 'self' data:; font-src 'self' data:; style-src 'self'
Referrer-Policy: no-referrer
Access-Control-Allow-Methods: GET,POST,OPTIONS
Access-Control-Allow-Headers: ZAP-Header
X-Frame-Options: DENY
X-XSS-Protection: 1; mode=block
X-Content-Type-Options: nosniff
X-Clacks-Overhead: GNU Terry Pratchett
content-length: 14
Content-Type: application/json; charset=UTF-8

{
    "status": "0"
}
progresso : [0%] 
Request method:	GET
Request URI:	http://localhost:9092/JSON/ascan/view/status/?scanId=0
Proxy:			<none>
Request params:	<none>
Query params:	scanId=0
Form params:	<none>
Path params:	<none>
Headers:		Accept=*/*
Cookies:		<none>
Multiparts:		<none>
Body:			<none>
HTTP/1.1 200 OK
Pragma: no-cache
Cache-Control: no-cache, no-store, must-revalidate
Content-Security-Policy: default-src 'none'; script-src 'self'; connect-src 'self'; child-src 'self'; img-src 'self' data:; font-src 'self' data:; style-src 'self'
Referrer-Policy: no-referrer
Access-Control-Allow-Methods: GET,POST,OPTIONS
Access-Control-Allow-Headers: ZAP-Header
X-Frame-Options: DENY
X-XSS-Protection: 1; mode=block
X-Content-Type-Options: nosniff
X-Clacks-Overhead: GNU Terry Pratchett
content-length: 14
Content-Type: application/json; charset=UTF-8

{
    "status": "0"
}
progresso : [0%] 
Request method:	GET
Request URI:	http://localhost:9092/JSON/ascan/view/status/?scanId=0
Proxy:			<none>
Request params:	<none>
Query params:	scanId=0
Form params:	<none>
Path params:	<none>
Headers:		Accept=*/*
Cookies:		<none>
Multiparts:		<none>
Body:			<none>
HTTP/1.1 200 OK
Pragma: no-cache
Cache-Control: no-cache, no-store, must-revalidate
Content-Security-Policy: default-src 'none'; script-src 'self'; connect-src 'self'; child-src 'self'; img-src 'self' data:; font-src 'self' data:; style-src 'self'
Referrer-Policy: no-referrer
Access-Control-Allow-Methods: GET,POST,OPTIONS
Access-Control-Allow-Headers: ZAP-Header
X-Frame-Options: DENY
X-XSS-Protection: 1; mode=block
X-Content-Type-Options: nosniff
X-Clacks-Overhead: GNU Terry Pratchett
content-length: 14
Content-Type: application/json; charset=UTF-8

{
    "status": "0"
}
progresso : [0%] 
Request method:	GET
Request URI:	http://localhost:9092/JSON/ascan/view/status/?scanId=0
Proxy:			<none>
Request params:	<none>
Query params:	scanId=0
Form params:	<none>
Path params:	<none>
Headers:		Accept=*/*
Cookies:		<none>
Multiparts:		<none>
Body:			<none>
HTTP/1.1 200 OK
Pragma: no-cache
Cache-Control: no-cache, no-store, must-revalidate
Content-Security-Policy: default-src 'none'; script-src 'self'; connect-src 'self'; child-src 'self'; img-src 'self' data:; font-src 'self' data:; style-src 'self'
Referrer-Policy: no-referrer
Access-Control-Allow-Methods: GET,POST,OPTIONS
Access-Control-Allow-Headers: ZAP-Header
X-Frame-Options: DENY
X-XSS-Protection: 1; mode=block
X-Content-Type-Options: nosniff
X-Clacks-Overhead: GNU Terry Pratchett
content-length: 14
Content-Type: application/json; charset=UTF-8

{
    "status": "0"
}
progresso : [0%] 
Request method:	GET
Request URI:	http://localhost:9092/JSON/ascan/view/status/?scanId=0
Proxy:			<none>
Request params:	<none>
Query params:	scanId=0
Form params:	<none>
Path params:	<none>
Headers:		Accept=*/*
Cookies:		<none>
Multiparts:		<none>
Body:			<none>
HTTP/1.1 200 OK
Pragma: no-cache
Cache-Control: no-cache, no-store, must-revalidate
Content-Security-Policy: default-src 'none'; script-src 'self'; connect-src 'self'; child-src 'self'; img-src 'self' data:; font-src 'self' data:; style-src 'self'
Referrer-Policy: no-referrer
Access-Control-Allow-Methods: GET,POST,OPTIONS
Access-Control-Allow-Headers: ZAP-Header
X-Frame-Options: DENY
X-XSS-Protection: 1; mode=block
X-Content-Type-Options: nosniff
X-Clacks-Overhead: GNU Terry Pratchett
content-length: 14
Content-Type: application/json; charset=UTF-8

{
    "status": "0"
}
progresso : [0%] 
Request method:	GET
Request URI:	http://localhost:9092/JSON/ascan/view/status/?scanId=0
Proxy:			<none>
Request params:	<none>
Query params:	scanId=0
Form params:	<none>
Path params:	<none>
Headers:		Accept=*/*
Cookies:		<none>
Multiparts:		<none>
Body:			<none>
HTTP/1.1 200 OK
Pragma: no-cache
Cache-Control: no-cache, no-store, must-revalidate
Content-Security-Policy: default-src 'none'; script-src 'self'; connect-src 'self'; child-src 'self'; img-src 'self' data:; font-src 'self' data:; style-src 'self'
Referrer-Policy: no-referrer
Access-Control-Allow-Methods: GET,POST,OPTIONS
Access-Control-Allow-Headers: ZAP-Header
X-Frame-Options: DENY
X-XSS-Protection: 1; mode=block
X-Content-Type-Options: nosniff
X-Clacks-Overhead: GNU Terry Pratchett
content-length: 14
Content-Type: application/json; charset=UTF-8

{
    "status": "1"
}
progresso : [1%] 
Request method:	GET
Request URI:	http://localhost:9092/JSON/ascan/view/status/?scanId=0
Proxy:			<none>
Request params:	<none>
Query params:	scanId=0
Form params:	<none>
Path params:	<none>
Headers:		Accept=*/*
Cookies:		<none>
Multiparts:		<none>
Body:			<none>
HTTP/1.1 200 OK
Pragma: no-cache
Cache-Control: no-cache, no-store, must-revalidate
Content-Security-Policy: default-src 'none'; script-src 'self'; connect-src 'self'; child-src 'self'; img-src 'self' data:; font-src 'self' data:; style-src 'self'
Referrer-Policy: no-referrer
Access-Control-Allow-Methods: GET,POST,OPTIONS
Access-Control-Allow-Headers: ZAP-Header
X-Frame-Options: DENY
X-XSS-Protection: 1; mode=block
X-Content-Type-Options: nosniff
X-Clacks-Overhead: GNU Terry Pratchett
content-length: 14
Content-Type: application/json; charset=UTF-8

{
    "status": "1"
}
progresso : [1%] 
Request method:	GET
Request URI:	http://localhost:9092/JSON/ascan/view/status/?scanId=0
Proxy:			<none>
Request params:	<none>
Query params:	scanId=0
Form params:	<none>
Path params:	<none>
Headers:		Accept=*/*
Cookies:		<none>
Multiparts:		<none>
Body:			<none>
HTTP/1.1 200 OK
Pragma: no-cache
Cache-Control: no-cache, no-store, must-revalidate
Content-Security-Policy: default-src 'none'; script-src 'self'; connect-src 'self'; child-src 'self'; img-src 'self' data:; font-src 'self' data:; style-src 'self'
Referrer-Policy: no-referrer
Access-Control-Allow-Methods: GET,POST,OPTIONS
Access-Control-Allow-Headers: ZAP-Header
X-Frame-Options: DENY
X-XSS-Protection: 1; mode=block
X-Content-Type-Options: nosniff
X-Clacks-Overhead: GNU Terry Pratchett
content-length: 14
Content-Type: application/json; charset=UTF-8

{
    "status": "1"
}
progresso : [1%] 
Request method:	GET
Request URI:	http://localhost:9092/JSON/ascan/view/status/?scanId=0
Proxy:			<none>
Request params:	<none>
Query params:	scanId=0
Form params:	<none>
Path params:	<none>
Headers:		Accept=*/*
Cookies:		<none>
Multiparts:		<none>
Body:			<none>
HTTP/1.1 200 OK
Pragma: no-cache
Cache-Control: no-cache, no-store, must-revalidate
Content-Security-Policy: default-src 'none'; script-src 'self'; connect-src 'self'; child-src 'self'; img-src 'self' data:; font-src 'self' data:; style-src 'self'
Referrer-Policy: no-referrer
Access-Control-Allow-Methods: GET,POST,OPTIONS
Access-Control-Allow-Headers: ZAP-Header
X-Frame-Options: DENY
X-XSS-Protection: 1; mode=block
X-Content-Type-Options: nosniff
X-Clacks-Overhead: GNU Terry Pratchett
content-length: 14
Content-Type: application/json; charset=UTF-8

{
    "status": "1"
}
progresso : [1%] 
Request method:	GET
Request URI:	http://localhost:9092/JSON/ascan/view/status/?scanId=0
Proxy:			<none>
Request params:	<none>
Query params:	scanId=0
Form params:	<none>
Path params:	<none>
Headers:		Accept=*/*
Cookies:		<none>
Multiparts:		<none>
Body:			<none>
HTTP/1.1 200 OK
Pragma: no-cache
Cache-Control: no-cache, no-store, must-revalidate
Content-Security-Policy: default-src 'none'; script-src 'self'; connect-src 'self'; child-src 'self'; img-src 'self' data:; font-src 'self' data:; style-src 'self'
Referrer-Policy: no-referrer
Access-Control-Allow-Methods: GET,POST,OPTIONS
Access-Control-Allow-Headers: ZAP-Header
X-Frame-Options: DENY
X-XSS-Protection: 1; mode=block
X-Content-Type-Options: nosniff
X-Clacks-Overhead: GNU Terry Pratchett
content-length: 14
Content-Type: application/json; charset=UTF-8

{
    "status": "1"
}
progresso : [1%] 
Request method:	GET
Request URI:	http://localhost:9092/JSON/ascan/view/status/?scanId=0
Proxy:			<none>
Request params:	<none>
Query params:	scanId=0
Form params:	<none>
Path params:	<none>
Headers:		Accept=*/*
Cookies:		<none>
Multiparts:		<none>
Body:			<none>
HTTP/1.1 200 OK
Pragma: no-cache
Cache-Control: no-cache, no-store, must-revalidate
Content-Security-Policy: default-src 'none'; script-src 'self'; connect-src 'self'; child-src 'self'; img-src 'self' data:; font-src 'self' data:; style-src 'self'
Referrer-Policy: no-referrer
Access-Control-Allow-Methods: GET,POST,OPTIONS
Access-Control-Allow-Headers: ZAP-Header
X-Frame-Options: DENY
X-XSS-Protection: 1; mode=block
X-Content-Type-Options: nosniff
X-Clacks-Overhead: GNU Terry Pratchett
content-length: 14
Content-Type: application/json; charset=UTF-8

{
    "status": "1"
}
progresso : [1%] 
Request method:	GET
Request URI:	http://localhost:9092/JSON/ascan/view/status/?scanId=0
Proxy:			<none>
Request params:	<none>
Query params:	scanId=0
Form params:	<none>
Path params:	<none>
Headers:		Accept=*/*
Cookies:		<none>
Multiparts:		<none>
Body:			<none>
HTTP/1.1 200 OK
Pragma: no-cache
Cache-Control: no-cache, no-store, must-revalidate
Content-Security-Policy: default-src 'none'; script-src 'self'; connect-src 'self'; child-src 'self'; img-src 'self' data:; font-src 'self' data:; style-src 'self'
Referrer-Policy: no-referrer
Access-Control-Allow-Methods: GET,POST,OPTIONS
Access-Control-Allow-Headers: ZAP-Header
X-Frame-Options: DENY
X-XSS-Protection: 1; mode=block
X-Content-Type-Options: nosniff
X-Clacks-Overhead: GNU Terry Pratchett
content-length: 14
Content-Type: application/json; charset=UTF-8

{
    "status": "1"
}
progresso : [1%] 
Request method:	GET
Request URI:	http://localhost:9092/JSON/ascan/view/status/?scanId=0
Proxy:			<none>
Request params:	<none>
Query params:	scanId=0
Form params:	<none>
Path params:	<none>
Headers:		Accept=*/*
Cookies:		<none>
Multiparts:		<none>
Body:			<none>
HTTP/1.1 200 OK
Pragma: no-cache
Cache-Control: no-cache, no-store, must-revalidate
Content-Security-Policy: default-src 'none'; script-src 'self'; connect-src 'self'; child-src 'self'; img-src 'self' data:; font-src 'self' data:; style-src 'self'
Referrer-Policy: no-referrer
Access-Control-Allow-Methods: GET,POST,OPTIONS
Access-Control-Allow-Headers: ZAP-Header
X-Frame-Options: DENY
X-XSS-Protection: 1; mode=block
X-Content-Type-Options: nosniff
X-Clacks-Overhead: GNU Terry Pratchett
content-length: 14
Content-Type: application/json; charset=UTF-8

{
    "status": "1"
}
progresso : [1%] 
Request method:	GET
Request URI:	http://localhost:9092/JSON/ascan/view/status/?scanId=0
Proxy:			<none>
Request params:	<none>
Query params:	scanId=0
Form params:	<none>
Path params:	<none>
Headers:		Accept=*/*
Cookies:		<none>
Multiparts:		<none>
Body:			<none>
HTTP/1.1 200 OK
Pragma: no-cache
Cache-Control: no-cache, no-store, must-revalidate
Content-Security-Policy: default-src 'none'; script-src 'self'; connect-src 'self'; child-src 'self'; img-src 'self' data:; font-src 'self' data:; style-src 'self'
Referrer-Policy: no-referrer
Access-Control-Allow-Methods: GET,POST,OPTIONS
Access-Control-Allow-Headers: ZAP-Header
X-Frame-Options: DENY
X-XSS-Protection: 1; mode=block
X-Content-Type-Options: nosniff
X-Clacks-Overhead: GNU Terry Pratchett
content-length: 14
Content-Type: application/json; charset=UTF-8

{
    "status": "1"
}
progresso : [1%] 
Request method:	GET
Request URI:	http://localhost:9092/JSON/ascan/view/status/?scanId=0
Proxy:			<none>
Request params:	<none>
Query params:	scanId=0
Form params:	<none>
Path params:	<none>
Headers:		Accept=*/*
Cookies:		<none>
Multiparts:		<none>
Body:			<none>
HTTP/1.1 200 OK
Pragma: no-cache
Cache-Control: no-cache, no-store, must-revalidate
Content-Security-Policy: default-src 'none'; script-src 'self'; connect-src 'self'; child-src 'self'; img-src 'self' data:; font-src 'self' data:; style-src 'self'
Referrer-Policy: no-referrer
Access-Control-Allow-Methods: GET,POST,OPTIONS
Access-Control-Allow-Headers: ZAP-Header
X-Frame-Options: DENY
X-XSS-Protection: 1; mode=block
X-Content-Type-Options: nosniff
X-Clacks-Overhead: GNU Terry Pratchett
content-length: 14
Content-Type: application/json; charset=UTF-8

{
    "status": "2"
}
progresso : [2%] 
Request method:	GET
Request URI:	http://localhost:9092/JSON/ascan/view/status/?scanId=0
Proxy:			<none>
Request params:	<none>
Query params:	scanId=0
Form params:	<none>
Path params:	<none>
Headers:		Accept=*/*
Cookies:		<none>
Multiparts:		<none>
Body:			<none>
HTTP/1.1 200 OK
Pragma: no-cache
Cache-Control: no-cache, no-store, must-revalidate
Content-Security-Policy: default-src 'none'; script-src 'self'; connect-src 'self'; child-src 'self'; img-src 'self' data:; font-src 'self' data:; style-src 'self'
Referrer-Policy: no-referrer
Access-Control-Allow-Methods: GET,POST,OPTIONS
Access-Control-Allow-Headers: ZAP-Header
X-Frame-Options: DENY
X-XSS-Protection: 1; mode=block
X-Content-Type-Options: nosniff
X-Clacks-Overhead: GNU Terry Pratchett
content-length: 14
Content-Type: application/json; charset=UTF-8

{
    "status": "2"
}
progresso : [2%] 
Request method:	GET
Request URI:	http://localhost:9092/JSON/ascan/view/status/?scanId=0
Proxy:			<none>
Request params:	<none>
Query params:	scanId=0
Form params:	<none>
Path params:	<none>
Headers:		Accept=*/*
Cookies:		<none>
Multiparts:		<none>
Body:			<none>
HTTP/1.1 200 OK
Pragma: no-cache
Cache-Control: no-cache, no-store, must-revalidate
Content-Security-Policy: default-src 'none'; script-src 'self'; connect-src 'self'; child-src 'self'; img-src 'self' data:; font-src 'self' data:; style-src 'self'
Referrer-Policy: no-referrer
Access-Control-Allow-Methods: GET,POST,OPTIONS
Access-Control-Allow-Headers: ZAP-Header
X-Frame-Options: DENY
X-XSS-Protection: 1; mode=block
X-Content-Type-Options: nosniff
X-Clacks-Overhead: GNU Terry Pratchett
content-length: 14
Content-Type: application/json; charset=UTF-8

{
    "status": "2"
}
progresso : [2%] 
Request method:	GET
Request URI:	http://localhost:9092/JSON/ascan/view/status/?scanId=0
Proxy:			<none>
Request params:	<none>
Query params:	scanId=0
Form params:	<none>
Path params:	<none>
Headers:		Accept=*/*
Cookies:		<none>
Multiparts:		<none>
Body:			<none>
HTTP/1.1 200 OK
Pragma: no-cache
Cache-Control: no-cache, no-store, must-revalidate
Content-Security-Policy: default-src 'none'; script-src 'self'; connect-src 'self'; child-src 'self'; img-src 'self' data:; font-src 'self' data:; style-src 'self'
Referrer-Policy: no-referrer
Access-Control-Allow-Methods: GET,POST,OPTIONS
Access-Control-Allow-Headers: ZAP-Header
X-Frame-Options: DENY
X-XSS-Protection: 1; mode=block
X-Content-Type-Options: nosniff
X-Clacks-Overhead: GNU Terry Pratchett
content-length: 14
Content-Type: application/json; charset=UTF-8

{
    "status": "2"
}
progresso : [2%] 
Request method:	GET
Request URI:	http://localhost:9092/JSON/ascan/view/status/?scanId=0
Proxy:			<none>
Request params:	<none>
Query params:	scanId=0
Form params:	<none>
Path params:	<none>
Headers:		Accept=*/*
Cookies:		<none>
Multiparts:		<none>
Body:			<none>
HTTP/1.1 200 OK
Pragma: no-cache
Cache-Control: no-cache, no-store, must-revalidate
Content-Security-Policy: default-src 'none'; script-src 'self'; connect-src 'self'; child-src 'self'; img-src 'self' data:; font-src 'self' data:; style-src 'self'
Referrer-Policy: no-referrer
Access-Control-Allow-Methods: GET,POST,OPTIONS
Access-Control-Allow-Headers: ZAP-Header
X-Frame-Options: DENY
X-XSS-Protection: 1; mode=block
X-Content-Type-Options: nosniff
X-Clacks-Overhead: GNU Terry Pratchett
content-length: 14
Content-Type: application/json; charset=UTF-8

{
    "status": "2"
}
progresso : [2%] 
Request method:	GET
Request URI:	http://localhost:9092/JSON/ascan/view/status/?scanId=0
Proxy:			<none>
Request params:	<none>
Query params:	scanId=0
Form params:	<none>
Path params:	<none>
Headers:		Accept=*/*
Cookies:		<none>
Multiparts:		<none>
Body:			<none>
HTTP/1.1 200 OK
Pragma: no-cache
Cache-Control: no-cache, no-store, must-revalidate
Content-Security-Policy: default-src 'none'; script-src 'self'; connect-src 'self'; child-src 'self'; img-src 'self' data:; font-src 'self' data:; style-src 'self'
Referrer-Policy: no-referrer
Access-Control-Allow-Methods: GET,POST,OPTIONS
Access-Control-Allow-Headers: ZAP-Header
X-Frame-Options: DENY
X-XSS-Protection: 1; mode=block
X-Content-Type-Options: nosniff
X-Clacks-Overhead: GNU Terry Pratchett
content-length: 14
Content-Type: application/json; charset=UTF-8

{
    "status": "2"
}
progresso : [2%] 
Request method:	GET
Request URI:	http://localhost:9092/JSON/ascan/view/status/?scanId=0
Proxy:			<none>
Request params:	<none>
Query params:	scanId=0
Form params:	<none>
Path params:	<none>
Headers:		Accept=*/*
Cookies:		<none>
Multiparts:		<none>
Body:			<none>
HTTP/1.1 200 OK
Pragma: no-cache
Cache-Control: no-cache, no-store, must-revalidate
Content-Security-Policy: default-src 'none'; script-src 'self'; connect-src 'self'; child-src 'self'; img-src 'self' data:; font-src 'self' data:; style-src 'self'
Referrer-Policy: no-referrer
Access-Control-Allow-Methods: GET,POST,OPTIONS
Access-Control-Allow-Headers: ZAP-Header
X-Frame-Options: DENY
X-XSS-Protection: 1; mode=block
X-Content-Type-Options: nosniff
X-Clacks-Overhead: GNU Terry Pratchett
content-length: 14
Content-Type: application/json; charset=UTF-8

{
    "status": "2"
}
progresso : [2%] 
Request method:	GET
Request URI:	http://localhost:9092/JSON/ascan/view/status/?scanId=0
Proxy:			<none>
Request params:	<none>
Query params:	scanId=0
Form params:	<none>
Path params:	<none>
Headers:		Accept=*/*
Cookies:		<none>
Multiparts:		<none>
Body:			<none>
HTTP/1.1 200 OK
Pragma: no-cache
Cache-Control: no-cache, no-store, must-revalidate
Content-Security-Policy: default-src 'none'; script-src 'self'; connect-src 'self'; child-src 'self'; img-src 'self' data:; font-src 'self' data:; style-src 'self'
Referrer-Policy: no-referrer
Access-Control-Allow-Methods: GET,POST,OPTIONS
Access-Control-Allow-Headers: ZAP-Header
X-Frame-Options: DENY
X-XSS-Protection: 1; mode=block
X-Content-Type-Options: nosniff
X-Clacks-Overhead: GNU Terry Pratchett
content-length: 14
Content-Type: application/json; charset=UTF-8

{
    "status": "2"
}
progresso : [2%] 
Request method:	GET
Request URI:	http://localhost:9092/JSON/ascan/view/status/?scanId=0
Proxy:			<none>
Request params:	<none>
Query params:	scanId=0
Form params:	<none>
Path params:	<none>
Headers:		Accept=*/*
Cookies:		<none>
Multiparts:		<none>
Body:			<none>
HTTP/1.1 200 OK
Pragma: no-cache
Cache-Control: no-cache, no-store, must-revalidate
Content-Security-Policy: default-src 'none'; script-src 'self'; connect-src 'self'; child-src 'self'; img-src 'self' data:; font-src 'self' data:; style-src 'self'
Referrer-Policy: no-referrer
Access-Control-Allow-Methods: GET,POST,OPTIONS
Access-Control-Allow-Headers: ZAP-Header
X-Frame-Options: DENY
X-XSS-Protection: 1; mode=block
X-Content-Type-Options: nosniff
X-Clacks-Overhead: GNU Terry Pratchett
content-length: 14
Content-Type: application/json; charset=UTF-8

{
    "status": "2"
}
progresso : [2%] 
Request method:	GET
Request URI:	http://localhost:9092/JSON/ascan/view/status/?scanId=0
Proxy:			<none>
Request params:	<none>
Query params:	scanId=0
Form params:	<none>
Path params:	<none>
Headers:		Accept=*/*
Cookies:		<none>
Multiparts:		<none>
Body:			<none>
HTTP/1.1 200 OK
Pragma: no-cache
Cache-Control: no-cache, no-store, must-revalidate
Content-Security-Policy: default-src 'none'; script-src 'self'; connect-src 'self'; child-src 'self'; img-src 'self' data:; font-src 'self' data:; style-src 'self'
Referrer-Policy: no-referrer
Access-Control-Allow-Methods: GET,POST,OPTIONS
Access-Control-Allow-Headers: ZAP-Header
X-Frame-Options: DENY
X-XSS-Protection: 1; mode=block
X-Content-Type-Options: nosniff
X-Clacks-Overhead: GNU Terry Pratchett
content-length: 14
Content-Type: application/json; charset=UTF-8

{
    "status": "2"
}
progresso : [2%] 
Request method:	GET
Request URI:	http://localhost:9092/JSON/ascan/view/status/?scanId=0
Proxy:			<none>
Request params:	<none>
Query params:	scanId=0
Form params:	<none>
Path params:	<none>
Headers:		Accept=*/*
Cookies:		<none>
Multiparts:		<none>
Body:			<none>
HTTP/1.1 200 OK
Pragma: no-cache
Cache-Control: no-cache, no-store, must-revalidate
Content-Security-Policy: default-src 'none'; script-src 'self'; connect-src 'self'; child-src 'self'; img-src 'self' data:; font-src 'self' data:; style-src 'self'
Referrer-Policy: no-referrer
Access-Control-Allow-Methods: GET,POST,OPTIONS
Access-Control-Allow-Headers: ZAP-Header
X-Frame-Options: DENY
X-XSS-Protection: 1; mode=block
X-Content-Type-Options: nosniff
X-Clacks-Overhead: GNU Terry Pratchett
content-length: 14
Content-Type: application/json; charset=UTF-8

{
    "status": "2"
}
progresso : [2%] 
Request method:	GET
Request URI:	http://localhost:9092/JSON/ascan/view/status/?scanId=0
Proxy:			<none>
Request params:	<none>
Query params:	scanId=0
Form params:	<none>
Path params:	<none>
Headers:		Accept=*/*
Cookies:		<none>
Multiparts:		<none>
Body:			<none>
HTTP/1.1 200 OK
Pragma: no-cache
Cache-Control: no-cache, no-store, must-revalidate
Content-Security-Policy: default-src 'none'; script-src 'self'; connect-src 'self'; child-src 'self'; img-src 'self' data:; font-src 'self' data:; style-src 'self'
Referrer-Policy: no-referrer
Access-Control-Allow-Methods: GET,POST,OPTIONS
Access-Control-Allow-Headers: ZAP-Header
X-Frame-Options: DENY
X-XSS-Protection: 1; mode=block
X-Content-Type-Options: nosniff
X-Clacks-Overhead: GNU Terry Pratchett
content-length: 14
Content-Type: application/json; charset=UTF-8

{
    "status": "2"
}
progresso : [2%] 
Request method:	GET
Request URI:	http://localhost:9092/JSON/ascan/view/status/?scanId=0
Proxy:			<none>
Request params:	<none>
Query params:	scanId=0
Form params:	<none>
Path params:	<none>
Headers:		Accept=*/*
Cookies:		<none>
Multiparts:		<none>
Body:			<none>
HTTP/1.1 200 OK
Pragma: no-cache
Cache-Control: no-cache, no-store, must-revalidate
Content-Security-Policy: default-src 'none'; script-src 'self'; connect-src 'self'; child-src 'self'; img-src 'self' data:; font-src 'self' data:; style-src 'self'
Referrer-Policy: no-referrer
Access-Control-Allow-Methods: GET,POST,OPTIONS
Access-Control-Allow-Headers: ZAP-Header
X-Frame-Options: DENY
X-XSS-Protection: 1; mode=block
X-Content-Type-Options: nosniff
X-Clacks-Overhead: GNU Terry Pratchett
content-length: 14
Content-Type: application/json; charset=UTF-8

{
    "status": "2"
}
progresso : [2%] 
Request method:	GET
Request URI:	http://localhost:9092/JSON/ascan/view/status/?scanId=0
Proxy:			<none>
Request params:	<none>
Query params:	scanId=0
Form params:	<none>
Path params:	<none>
Headers:		Accept=*/*
Cookies:		<none>
Multiparts:		<none>
Body:			<none>
HTTP/1.1 200 OK
Pragma: no-cache
Cache-Control: no-cache, no-store, must-revalidate
Content-Security-Policy: default-src 'none'; script-src 'self'; connect-src 'self'; child-src 'self'; img-src 'self' data:; font-src 'self' data:; style-src 'self'
Referrer-Policy: no-referrer
Access-Control-Allow-Methods: GET,POST,OPTIONS
Access-Control-Allow-Headers: ZAP-Header
X-Frame-Options: DENY
X-XSS-Protection: 1; mode=block
X-Content-Type-Options: nosniff
X-Clacks-Overhead: GNU Terry Pratchett
content-length: 14
Content-Type: application/json; charset=UTF-8

{
    "status": "2"
}
progresso : [2%] 
Request method:	GET
Request URI:	http://localhost:9092/JSON/ascan/view/status/?scanId=0
Proxy:			<none>
Request params:	<none>
Query params:	scanId=0
Form params:	<none>
Path params:	<none>
Headers:		Accept=*/*
Cookies:		<none>
Multiparts:		<none>
Body:			<none>
HTTP/1.1 200 OK
Pragma: no-cache
Cache-Control: no-cache, no-store, must-revalidate
Content-Security-Policy: default-src 'none'; script-src 'self'; connect-src 'self'; child-src 'self'; img-src 'self' data:; font-src 'self' data:; style-src 'self'
Referrer-Policy: no-referrer
Access-Control-Allow-Methods: GET,POST,OPTIONS
Access-Control-Allow-Headers: ZAP-Header
X-Frame-Options: DENY
X-XSS-Protection: 1; mode=block
X-Content-Type-Options: nosniff
X-Clacks-Overhead: GNU Terry Pratchett
content-length: 14
Content-Type: application/json; charset=UTF-8

{
    "status": "2"
}
progresso : [2%] 
Request method:	GET
Request URI:	http://localhost:9092/JSON/ascan/view/status/?scanId=0
Proxy:			<none>
Request params:	<none>
Query params:	scanId=0
Form params:	<none>
Path params:	<none>
Headers:		Accept=*/*
Cookies:		<none>
Multiparts:		<none>
Body:			<none>
HTTP/1.1 200 OK
Pragma: no-cache
Cache-Control: no-cache, no-store, must-revalidate
Content-Security-Policy: default-src 'none'; script-src 'self'; connect-src 'self'; child-src 'self'; img-src 'self' data:; font-src 'self' data:; style-src 'self'
Referrer-Policy: no-referrer
Access-Control-Allow-Methods: GET,POST,OPTIONS
Access-Control-Allow-Headers: ZAP-Header
X-Frame-Options: DENY
X-XSS-Protection: 1; mode=block
X-Content-Type-Options: nosniff
X-Clacks-Overhead: GNU Terry Pratchett
content-length: 14
Content-Type: application/json; charset=UTF-8

{
    "status": "2"
}
progresso : [2%] 
Request method:	GET
Request URI:	http://localhost:9092/JSON/ascan/view/status/?scanId=0
Proxy:			<none>
Request params:	<none>
Query params:	scanId=0
Form params:	<none>
Path params:	<none>
Headers:		Accept=*/*
Cookies:		<none>
Multiparts:		<none>
Body:			<none>
HTTP/1.1 200 OK
Pragma: no-cache
Cache-Control: no-cache, no-store, must-revalidate
Content-Security-Policy: default-src 'none'; script-src 'self'; connect-src 'self'; child-src 'self'; img-src 'self' data:; font-src 'self' data:; style-src 'self'
Referrer-Policy: no-referrer
Access-Control-Allow-Methods: GET,POST,OPTIONS
Access-Control-Allow-Headers: ZAP-Header
X-Frame-Options: DENY
X-XSS-Protection: 1; mode=block
X-Content-Type-Options: nosniff
X-Clacks-Overhead: GNU Terry Pratchett
content-length: 14
Content-Type: application/json; charset=UTF-8

{
    "status": "2"
}
progresso : [2%] 
Request method:	GET
Request URI:	http://localhost:9092/JSON/ascan/view/status/?scanId=0
Proxy:			<none>
Request params:	<none>
Query params:	scanId=0
Form params:	<none>
Path params:	<none>
Headers:		Accept=*/*
Cookies:		<none>
Multiparts:		<none>
Body:			<none>
HTTP/1.1 200 OK
Pragma: no-cache
Cache-Control: no-cache, no-store, must-revalidate
Content-Security-Policy: default-src 'none'; script-src 'self'; connect-src 'self'; child-src 'self'; img-src 'self' data:; font-src 'self' data:; style-src 'self'
Referrer-Policy: no-referrer
Access-Control-Allow-Methods: GET,POST,OPTIONS
Access-Control-Allow-Headers: ZAP-Header
X-Frame-Options: DENY
X-XSS-Protection: 1; mode=block
X-Content-Type-Options: nosniff
X-Clacks-Overhead: GNU Terry Pratchett
content-length: 14
Content-Type: application/json; charset=UTF-8

{
    "status": "2"
}
progresso : [2%] 
Request method:	GET
Request URI:	http://localhost:9092/JSON/ascan/view/status/?scanId=0
Proxy:			<none>
Request params:	<none>
Query params:	scanId=0
Form params:	<none>
Path params:	<none>
Headers:		Accept=*/*
Cookies:		<none>
Multiparts:		<none>
Body:			<none>
HTTP/1.1 200 OK
Pragma: no-cache
Cache-Control: no-cache, no-store, must-revalidate
Content-Security-Policy: default-src 'none'; script-src 'self'; connect-src 'self'; child-src 'self'; img-src 'self' data:; font-src 'self' data:; style-src 'self'
Referrer-Policy: no-referrer
Access-Control-Allow-Methods: GET,POST,OPTIONS
Access-Control-Allow-Headers: ZAP-Header
X-Frame-Options: DENY
X-XSS-Protection: 1; mode=block
X-Content-Type-Options: nosniff
X-Clacks-Overhead: GNU Terry Pratchett
content-length: 14
Content-Type: application/json; charset=UTF-8

{
    "status": "2"
}
progresso : [2%] 
Request method:	GET
Request URI:	http://localhost:9092/JSON/ascan/view/status/?scanId=0
Proxy:			<none>
Request params:	<none>
Query params:	scanId=0
Form params:	<none>
Path params:	<none>
Headers:		Accept=*/*
Cookies:		<none>
Multiparts:		<none>
Body:			<none>
HTTP/1.1 200 OK
Pragma: no-cache
Cache-Control: no-cache, no-store, must-revalidate
Content-Security-Policy: default-src 'none'; script-src 'self'; connect-src 'self'; child-src 'self'; img-src 'self' data:; font-src 'self' data:; style-src 'self'
Referrer-Policy: no-referrer
Access-Control-Allow-Methods: GET,POST,OPTIONS
Access-Control-Allow-Headers: ZAP-Header
X-Frame-Options: DENY
X-XSS-Protection: 1; mode=block
X-Content-Type-Options: nosniff
X-Clacks-Overhead: GNU Terry Pratchett
content-length: 14
Content-Type: application/json; charset=UTF-8

{
    "status": "2"
}
progresso : [2%] 
Request method:	GET
Request URI:	http://localhost:9092/JSON/ascan/view/status/?scanId=0
Proxy:			<none>
Request params:	<none>
Query params:	scanId=0
Form params:	<none>
Path params:	<none>
Headers:		Accept=*/*
Cookies:		<none>
Multiparts:		<none>
Body:			<none>
HTTP/1.1 200 OK
Pragma: no-cache
Cache-Control: no-cache, no-store, must-revalidate
Content-Security-Policy: default-src 'none'; script-src 'self'; connect-src 'self'; child-src 'self'; img-src 'self' data:; font-src 'self' data:; style-src 'self'
Referrer-Policy: no-referrer
Access-Control-Allow-Methods: GET,POST,OPTIONS
Access-Control-Allow-Headers: ZAP-Header
X-Frame-Options: DENY
X-XSS-Protection: 1; mode=block
X-Content-Type-Options: nosniff
X-Clacks-Overhead: GNU Terry Pratchett
content-length: 14
Content-Type: application/json; charset=UTF-8

{
    "status": "2"
}
progresso : [2%] 
Request method:	GET
Request URI:	http://localhost:9092/JSON/ascan/view/status/?scanId=0
Proxy:			<none>
Request params:	<none>
Query params:	scanId=0
Form params:	<none>
Path params:	<none>
Headers:		Accept=*/*
Cookies:		<none>
Multiparts:		<none>
Body:			<none>
HTTP/1.1 200 OK
Pragma: no-cache
Cache-Control: no-cache, no-store, must-revalidate
Content-Security-Policy: default-src 'none'; script-src 'self'; connect-src 'self'; child-src 'self'; img-src 'self' data:; font-src 'self' data:; style-src 'self'
Referrer-Policy: no-referrer
Access-Control-Allow-Methods: GET,POST,OPTIONS
Access-Control-Allow-Headers: ZAP-Header
X-Frame-Options: DENY
X-XSS-Protection: 1; mode=block
X-Content-Type-Options: nosniff
X-Clacks-Overhead: GNU Terry Pratchett
content-length: 14
Content-Type: application/json; charset=UTF-8

{
    "status": "2"
}
progresso : [2%] 
Request method:	GET
Request URI:	http://localhost:9092/JSON/ascan/view/status/?scanId=0
Proxy:			<none>
Request params:	<none>
Query params:	scanId=0
Form params:	<none>
Path params:	<none>
Headers:		Accept=*/*
Cookies:		<none>
Multiparts:		<none>
Body:			<none>
HTTP/1.1 200 OK
Pragma: no-cache
Cache-Control: no-cache, no-store, must-revalidate
Content-Security-Policy: default-src 'none'; script-src 'self'; connect-src 'self'; child-src 'self'; img-src 'self' data:; font-src 'self' data:; style-src 'self'
Referrer-Policy: no-referrer
Access-Control-Allow-Methods: GET,POST,OPTIONS
Access-Control-Allow-Headers: ZAP-Header
X-Frame-Options: DENY
X-XSS-Protection: 1; mode=block
X-Content-Type-Options: nosniff
X-Clacks-Overhead: GNU Terry Pratchett
content-length: 14
Content-Type: application/json; charset=UTF-8

{
    "status": "2"
}
progresso : [2%] 
Request method:	GET
Request URI:	http://localhost:9092/JSON/ascan/view/status/?scanId=0
Proxy:			<none>
Request params:	<none>
Query params:	scanId=0
Form params:	<none>
Path params:	<none>
Headers:		Accept=*/*
Cookies:		<none>
Multiparts:		<none>
Body:			<none>
HTTP/1.1 200 OK
Pragma: no-cache
Cache-Control: no-cache, no-store, must-revalidate
Content-Security-Policy: default-src 'none'; script-src 'self'; connect-src 'self'; child-src 'self'; img-src 'self' data:; font-src 'self' data:; style-src 'self'
Referrer-Policy: no-referrer
Access-Control-Allow-Methods: GET,POST,OPTIONS
Access-Control-Allow-Headers: ZAP-Header
X-Frame-Options: DENY
X-XSS-Protection: 1; mode=block
X-Content-Type-Options: nosniff
X-Clacks-Overhead: GNU Terry Pratchett
content-length: 14
Content-Type: application/json; charset=UTF-8

{
    "status": "2"
}
progresso : [2%] 
Request method:	GET
Request URI:	http://localhost:9092/JSON/ascan/view/status/?scanId=0
Proxy:			<none>
Request params:	<none>
Query params:	scanId=0
Form params:	<none>
Path params:	<none>
Headers:		Accept=*/*
Cookies:		<none>
Multiparts:		<none>
Body:			<none>
HTTP/1.1 200 OK
Pragma: no-cache
Cache-Control: no-cache, no-store, must-revalidate
Content-Security-Policy: default-src 'none'; script-src 'self'; connect-src 'self'; child-src 'self'; img-src 'self' data:; font-src 'self' data:; style-src 'self'
Referrer-Policy: no-referrer
Access-Control-Allow-Methods: GET,POST,OPTIONS
Access-Control-Allow-Headers: ZAP-Header
X-Frame-Options: DENY
X-XSS-Protection: 1; mode=block
X-Content-Type-Options: nosniff
X-Clacks-Overhead: GNU Terry Pratchett
content-length: 14
Content-Type: application/json; charset=UTF-8

{
    "status": "2"
}
progresso : [2%] 
Request method:	GET
Request URI:	http://localhost:9092/JSON/ascan/view/status/?scanId=0
Proxy:			<none>
Request params:	<none>
Query params:	scanId=0
Form params:	<none>
Path params:	<none>
Headers:		Accept=*/*
Cookies:		<none>
Multiparts:		<none>
Body:			<none>
HTTP/1.1 200 OK
Pragma: no-cache
Cache-Control: no-cache, no-store, must-revalidate
Content-Security-Policy: default-src 'none'; script-src 'self'; connect-src 'self'; child-src 'self'; img-src 'self' data:; font-src 'self' data:; style-src 'self'
Referrer-Policy: no-referrer
Access-Control-Allow-Methods: GET,POST,OPTIONS
Access-Control-Allow-Headers: ZAP-Header
X-Frame-Options: DENY
X-XSS-Protection: 1; mode=block
X-Content-Type-Options: nosniff
X-Clacks-Overhead: GNU Terry Pratchett
content-length: 14
Content-Type: application/json; charset=UTF-8

{
    "status": "2"
}
progresso : [2%] 
Request method:	GET
Request URI:	http://localhost:9092/JSON/ascan/view/status/?scanId=0
Proxy:			<none>
Request params:	<none>
Query params:	scanId=0
Form params:	<none>
Path params:	<none>
Headers:		Accept=*/*
Cookies:		<none>
Multiparts:		<none>
Body:			<none>
HTTP/1.1 200 OK
Pragma: no-cache
Cache-Control: no-cache, no-store, must-revalidate
Content-Security-Policy: default-src 'none'; script-src 'self'; connect-src 'self'; child-src 'self'; img-src 'self' data:; font-src 'self' data:; style-src 'self'
Referrer-Policy: no-referrer
Access-Control-Allow-Methods: GET,POST,OPTIONS
Access-Control-Allow-Headers: ZAP-Header
X-Frame-Options: DENY
X-XSS-Protection: 1; mode=block
X-Content-Type-Options: nosniff
X-Clacks-Overhead: GNU Terry Pratchett
content-length: 14
Content-Type: application/json; charset=UTF-8

{
    "status": "2"
}
progresso : [2%] 
Request method:	GET
Request URI:	http://localhost:9092/JSON/ascan/view/status/?scanId=0
Proxy:			<none>
Request params:	<none>
Query params:	scanId=0
Form params:	<none>
Path params:	<none>
Headers:		Accept=*/*
Cookies:		<none>
Multiparts:		<none>
Body:			<none>
HTTP/1.1 200 OK
Pragma: no-cache
Cache-Control: no-cache, no-store, must-revalidate
Content-Security-Policy: default-src 'none'; script-src 'self'; connect-src 'self'; child-src 'self'; img-src 'self' data:; font-src 'self' data:; style-src 'self'
Referrer-Policy: no-referrer
Access-Control-Allow-Methods: GET,POST,OPTIONS
Access-Control-Allow-Headers: ZAP-Header
X-Frame-Options: DENY
X-XSS-Protection: 1; mode=block
X-Content-Type-Options: nosniff
X-Clacks-Overhead: GNU Terry Pratchett
content-length: 14
Content-Type: application/json; charset=UTF-8

{
    "status": "2"
}
progresso : [2%] 
Request method:	GET
Request URI:	http://localhost:9092/JSON/ascan/view/status/?scanId=0
Proxy:			<none>
Request params:	<none>
Query params:	scanId=0
Form params:	<none>
Path params:	<none>
Headers:		Accept=*/*
Cookies:		<none>
Multiparts:		<none>
Body:			<none>
HTTP/1.1 200 OK
Pragma: no-cache
Cache-Control: no-cache, no-store, must-revalidate
Content-Security-Policy: default-src 'none'; script-src 'self'; connect-src 'self'; child-src 'self'; img-src 'self' data:; font-src 'self' data:; style-src 'self'
Referrer-Policy: no-referrer
Access-Control-Allow-Methods: GET,POST,OPTIONS
Access-Control-Allow-Headers: ZAP-Header
X-Frame-Options: DENY
X-XSS-Protection: 1; mode=block
X-Content-Type-Options: nosniff
X-Clacks-Overhead: GNU Terry Pratchett
content-length: 14
Content-Type: application/json; charset=UTF-8

{
    "status": "2"
}
progresso : [2%] 
Request method:	GET
Request URI:	http://localhost:9092/JSON/ascan/view/status/?scanId=0
Proxy:			<none>
Request params:	<none>
Query params:	scanId=0
Form params:	<none>
Path params:	<none>
Headers:		Accept=*/*
Cookies:		<none>
Multiparts:		<none>
Body:			<none>
HTTP/1.1 200 OK
Pragma: no-cache
Cache-Control: no-cache, no-store, must-revalidate
Content-Security-Policy: default-src 'none'; script-src 'self'; connect-src 'self'; child-src 'self'; img-src 'self' data:; font-src 'self' data:; style-src 'self'
Referrer-Policy: no-referrer
Access-Control-Allow-Methods: GET,POST,OPTIONS
Access-Control-Allow-Headers: ZAP-Header
X-Frame-Options: DENY
X-XSS-Protection: 1; mode=block
X-Content-Type-Options: nosniff
X-Clacks-Overhead: GNU Terry Pratchett
content-length: 14
Content-Type: application/json; charset=UTF-8

{
    "status": "2"
}
progresso : [2%] 
Request method:	GET
Request URI:	http://localhost:9092/JSON/ascan/view/status/?scanId=0
Proxy:			<none>
Request params:	<none>
Query params:	scanId=0
Form params:	<none>
Path params:	<none>
Headers:		Accept=*/*
Cookies:		<none>
Multiparts:		<none>
Body:			<none>
HTTP/1.1 200 OK
Pragma: no-cache
Cache-Control: no-cache, no-store, must-revalidate
Content-Security-Policy: default-src 'none'; script-src 'self'; connect-src 'self'; child-src 'self'; img-src 'self' data:; font-src 'self' data:; style-src 'self'
Referrer-Policy: no-referrer
Access-Control-Allow-Methods: GET,POST,OPTIONS
Access-Control-Allow-Headers: ZAP-Header
X-Frame-Options: DENY
X-XSS-Protection: 1; mode=block
X-Content-Type-Options: nosniff
X-Clacks-Overhead: GNU Terry Pratchett
content-length: 14
Content-Type: application/json; charset=UTF-8

{
    "status": "2"
}
progresso : [2%] 
Request method:	GET
Request URI:	http://localhost:9092/JSON/ascan/view/status/?scanId=0
Proxy:			<none>
Request params:	<none>
Query params:	scanId=0
Form params:	<none>
Path params:	<none>
Headers:		Accept=*/*
Cookies:		<none>
Multiparts:		<none>
Body:			<none>
HTTP/1.1 200 OK
Pragma: no-cache
Cache-Control: no-cache, no-store, must-revalidate
Content-Security-Policy: default-src 'none'; script-src 'self'; connect-src 'self'; child-src 'self'; img-src 'self' data:; font-src 'self' data:; style-src 'self'
Referrer-Policy: no-referrer
Access-Control-Allow-Methods: GET,POST,OPTIONS
Access-Control-Allow-Headers: ZAP-Header
X-Frame-Options: DENY
X-XSS-Protection: 1; mode=block
X-Content-Type-Options: nosniff
X-Clacks-Overhead: GNU Terry Pratchett
content-length: 14
Content-Type: application/json; charset=UTF-8

{
    "status": "2"
}
progresso : [2%] 
Request method:	GET
Request URI:	http://localhost:9092/JSON/ascan/view/status/?scanId=0
Proxy:			<none>
Request params:	<none>
Query params:	scanId=0
Form params:	<none>
Path params:	<none>
Headers:		Accept=*/*
Cookies:		<none>
Multiparts:		<none>
Body:			<none>
HTTP/1.1 200 OK
Pragma: no-cache
Cache-Control: no-cache, no-store, must-revalidate
Content-Security-Policy: default-src 'none'; script-src 'self'; connect-src 'self'; child-src 'self'; img-src 'self' data:; font-src 'self' data:; style-src 'self'
Referrer-Policy: no-referrer
Access-Control-Allow-Methods: GET,POST,OPTIONS
Access-Control-Allow-Headers: ZAP-Header
X-Frame-Options: DENY
X-XSS-Protection: 1; mode=block
X-Content-Type-Options: nosniff
X-Clacks-Overhead: GNU Terry Pratchett
content-length: 14
Content-Type: application/json; charset=UTF-8

{
    "status": "2"
}
progresso : [2%] 
Request method:	GET
Request URI:	http://localhost:9092/JSON/ascan/view/status/?scanId=0
Proxy:			<none>
Request params:	<none>
Query params:	scanId=0
Form params:	<none>
Path params:	<none>
Headers:		Accept=*/*
Cookies:		<none>
Multiparts:		<none>
Body:			<none>
HTTP/1.1 200 OK
Pragma: no-cache
Cache-Control: no-cache, no-store, must-revalidate
Content-Security-Policy: default-src 'none'; script-src 'self'; connect-src 'self'; child-src 'self'; img-src 'self' data:; font-src 'self' data:; style-src 'self'
Referrer-Policy: no-referrer
Access-Control-Allow-Methods: GET,POST,OPTIONS
Access-Control-Allow-Headers: ZAP-Header
X-Frame-Options: DENY
X-XSS-Protection: 1; mode=block
X-Content-Type-Options: nosniff
X-Clacks-Overhead: GNU Terry Pratchett
content-length: 14
Content-Type: application/json; charset=UTF-8

{
    "status": "2"
}
progresso : [2%] 
Request method:	GET
Request URI:	http://localhost:9092/JSON/ascan/view/status/?scanId=0
Proxy:			<none>
Request params:	<none>
Query params:	scanId=0
Form params:	<none>
Path params:	<none>
Headers:		Accept=*/*
Cookies:		<none>
Multiparts:		<none>
Body:			<none>
HTTP/1.1 200 OK
Pragma: no-cache
Cache-Control: no-cache, no-store, must-revalidate
Content-Security-Policy: default-src 'none'; script-src 'self'; connect-src 'self'; child-src 'self'; img-src 'self' data:; font-src 'self' data:; style-src 'self'
Referrer-Policy: no-referrer
Access-Control-Allow-Methods: GET,POST,OPTIONS
Access-Control-Allow-Headers: ZAP-Header
X-Frame-Options: DENY
X-XSS-Protection: 1; mode=block
X-Content-Type-Options: nosniff
X-Clacks-Overhead: GNU Terry Pratchett
content-length: 14
Content-Type: application/json; charset=UTF-8

{
    "status": "2"
}
progresso : [2%] 
Request method:	GET
Request URI:	http://localhost:9092/JSON/ascan/view/status/?scanId=0
Proxy:			<none>
Request params:	<none>
Query params:	scanId=0
Form params:	<none>
Path params:	<none>
Headers:		Accept=*/*
Cookies:		<none>
Multiparts:		<none>
Body:			<none>
HTTP/1.1 200 OK
Pragma: no-cache
Cache-Control: no-cache, no-store, must-revalidate
Content-Security-Policy: default-src 'none'; script-src 'self'; connect-src 'self'; child-src 'self'; img-src 'self' data:; font-src 'self' data:; style-src 'self'
Referrer-Policy: no-referrer
Access-Control-Allow-Methods: GET,POST,OPTIONS
Access-Control-Allow-Headers: ZAP-Header
X-Frame-Options: DENY
X-XSS-Protection: 1; mode=block
X-Content-Type-Options: nosniff
X-Clacks-Overhead: GNU Terry Pratchett
content-length: 14
Content-Type: application/json; charset=UTF-8

{
    "status": "2"
}
progresso : [2%] 
Request method:	GET
Request URI:	http://localhost:9092/JSON/ascan/view/status/?scanId=0
Proxy:			<none>
Request params:	<none>
Query params:	scanId=0
Form params:	<none>
Path params:	<none>
Headers:		Accept=*/*
Cookies:		<none>
Multiparts:		<none>
Body:			<none>
HTTP/1.1 200 OK
Pragma: no-cache
Cache-Control: no-cache, no-store, must-revalidate
Content-Security-Policy: default-src 'none'; script-src 'self'; connect-src 'self'; child-src 'self'; img-src 'self' data:; font-src 'self' data:; style-src 'self'
Referrer-Policy: no-referrer
Access-Control-Allow-Methods: GET,POST,OPTIONS
Access-Control-Allow-Headers: ZAP-Header
X-Frame-Options: DENY
X-XSS-Protection: 1; mode=block
X-Content-Type-Options: nosniff
X-Clacks-Overhead: GNU Terry Pratchett
content-length: 14
Content-Type: application/json; charset=UTF-8

{
    "status": "3"
}
progresso : [3%] 
Request method:	GET
Request URI:	http://localhost:9092/JSON/ascan/view/status/?scanId=0
Proxy:			<none>
Request params:	<none>
Query params:	scanId=0
Form params:	<none>
Path params:	<none>
Headers:		Accept=*/*
Cookies:		<none>
Multiparts:		<none>
Body:			<none>
HTTP/1.1 200 OK
Pragma: no-cache
Cache-Control: no-cache, no-store, must-revalidate
Content-Security-Policy: default-src 'none'; script-src 'self'; connect-src 'self'; child-src 'self'; img-src 'self' data:; font-src 'self' data:; style-src 'self'
Referrer-Policy: no-referrer
Access-Control-Allow-Methods: GET,POST,OPTIONS
Access-Control-Allow-Headers: ZAP-Header
X-Frame-Options: DENY
X-XSS-Protection: 1; mode=block
X-Content-Type-Options: nosniff
X-Clacks-Overhead: GNU Terry Pratchett
content-length: 14
Content-Type: application/json; charset=UTF-8

{
    "status": "3"
}
progresso : [3%] 
Request method:	GET
Request URI:	http://localhost:9092/JSON/ascan/view/status/?scanId=0
Proxy:			<none>
Request params:	<none>
Query params:	scanId=0
Form params:	<none>
Path params:	<none>
Headers:		Accept=*/*
Cookies:		<none>
Multiparts:		<none>
Body:			<none>
HTTP/1.1 200 OK
Pragma: no-cache
Cache-Control: no-cache, no-store, must-revalidate
Content-Security-Policy: default-src 'none'; script-src 'self'; connect-src 'self'; child-src 'self'; img-src 'self' data:; font-src 'self' data:; style-src 'self'
Referrer-Policy: no-referrer
Access-Control-Allow-Methods: GET,POST,OPTIONS
Access-Control-Allow-Headers: ZAP-Header
X-Frame-Options: DENY
X-XSS-Protection: 1; mode=block
X-Content-Type-Options: nosniff
X-Clacks-Overhead: GNU Terry Pratchett
content-length: 14
Content-Type: application/json; charset=UTF-8

{
    "status": "3"
}
progresso : [3%] 
Request method:	GET
Request URI:	http://localhost:9092/JSON/ascan/view/status/?scanId=0
Proxy:			<none>
Request params:	<none>
Query params:	scanId=0
Form params:	<none>
Path params:	<none>
Headers:		Accept=*/*
Cookies:		<none>
Multiparts:		<none>
Body:			<none>
HTTP/1.1 200 OK
Pragma: no-cache
Cache-Control: no-cache, no-store, must-revalidate
Content-Security-Policy: default-src 'none'; script-src 'self'; connect-src 'self'; child-src 'self'; img-src 'self' data:; font-src 'self' data:; style-src 'self'
Referrer-Policy: no-referrer
Access-Control-Allow-Methods: GET,POST,OPTIONS
Access-Control-Allow-Headers: ZAP-Header
X-Frame-Options: DENY
X-XSS-Protection: 1; mode=block
X-Content-Type-Options: nosniff
X-Clacks-Overhead: GNU Terry Pratchett
content-length: 14
Content-Type: application/json; charset=UTF-8

{
    "status": "3"
}
progresso : [3%] 
Request method:	GET
Request URI:	http://localhost:9092/JSON/ascan/view/status/?scanId=0
Proxy:			<none>
Request params:	<none>
Query params:	scanId=0
Form params:	<none>
Path params:	<none>
Headers:		Accept=*/*
Cookies:		<none>
Multiparts:		<none>
Body:			<none>
HTTP/1.1 200 OK
Pragma: no-cache
Cache-Control: no-cache, no-store, must-revalidate
Content-Security-Policy: default-src 'none'; script-src 'self'; connect-src 'self'; child-src 'self'; img-src 'self' data:; font-src 'self' data:; style-src 'self'
Referrer-Policy: no-referrer
Access-Control-Allow-Methods: GET,POST,OPTIONS
Access-Control-Allow-Headers: ZAP-Header
X-Frame-Options: DENY
X-XSS-Protection: 1; mode=block
X-Content-Type-Options: nosniff
X-Clacks-Overhead: GNU Terry Pratchett
content-length: 14
Content-Type: application/json; charset=UTF-8

{
    "status": "4"
}
progresso : [4%] 
Request method:	GET
Request URI:	http://localhost:9092/JSON/ascan/view/status/?scanId=0
Proxy:			<none>
Request params:	<none>
Query params:	scanId=0
Form params:	<none>
Path params:	<none>
Headers:		Accept=*/*
Cookies:		<none>
Multiparts:		<none>
Body:			<none>
HTTP/1.1 200 OK
Pragma: no-cache
Cache-Control: no-cache, no-store, must-revalidate
Content-Security-Policy: default-src 'none'; script-src 'self'; connect-src 'self'; child-src 'self'; img-src 'self' data:; font-src 'self' data:; style-src 'self'
Referrer-Policy: no-referrer
Access-Control-Allow-Methods: GET,POST,OPTIONS
Access-Control-Allow-Headers: ZAP-Header
X-Frame-Options: DENY
X-XSS-Protection: 1; mode=block
X-Content-Type-Options: nosniff
X-Clacks-Overhead: GNU Terry Pratchett
content-length: 14
Content-Type: application/json; charset=UTF-8

{
    "status": "4"
}
progresso : [4%] 
Request method:	GET
Request URI:	http://localhost:9092/JSON/ascan/view/status/?scanId=0
Proxy:			<none>
Request params:	<none>
Query params:	scanId=0
Form params:	<none>
Path params:	<none>
Headers:		Accept=*/*
Cookies:		<none>
Multiparts:		<none>
Body:			<none>
HTTP/1.1 200 OK
Pragma: no-cache
Cache-Control: no-cache, no-store, must-revalidate
Content-Security-Policy: default-src 'none'; script-src 'self'; connect-src 'self'; child-src 'self'; img-src 'self' data:; font-src 'self' data:; style-src 'self'
Referrer-Policy: no-referrer
Access-Control-Allow-Methods: GET,POST,OPTIONS
Access-Control-Allow-Headers: ZAP-Header
X-Frame-Options: DENY
X-XSS-Protection: 1; mode=block
X-Content-Type-Options: nosniff
X-Clacks-Overhead: GNU Terry Pratchett
content-length: 14
Content-Type: application/json; charset=UTF-8

{
    "status": "4"
}
progresso : [4%] 
Request method:	GET
Request URI:	http://localhost:9092/JSON/ascan/view/status/?scanId=0
Proxy:			<none>
Request params:	<none>
Query params:	scanId=0
Form params:	<none>
Path params:	<none>
Headers:		Accept=*/*
Cookies:		<none>
Multiparts:		<none>
Body:			<none>
HTTP/1.1 200 OK
Pragma: no-cache
Cache-Control: no-cache, no-store, must-revalidate
Content-Security-Policy: default-src 'none'; script-src 'self'; connect-src 'self'; child-src 'self'; img-src 'self' data:; font-src 'self' data:; style-src 'self'
Referrer-Policy: no-referrer
Access-Control-Allow-Methods: GET,POST,OPTIONS
Access-Control-Allow-Headers: ZAP-Header
X-Frame-Options: DENY
X-XSS-Protection: 1; mode=block
X-Content-Type-Options: nosniff
X-Clacks-Overhead: GNU Terry Pratchett
content-length: 14
Content-Type: application/json; charset=UTF-8

{
    "status": "4"
}
progresso : [4%] 
Request method:	GET
Request URI:	http://localhost:9092/JSON/ascan/view/status/?scanId=0
Proxy:			<none>
Request params:	<none>
Query params:	scanId=0
Form params:	<none>
Path params:	<none>
Headers:		Accept=*/*
Cookies:		<none>
Multiparts:		<none>
Body:			<none>
HTTP/1.1 200 OK
Pragma: no-cache
Cache-Control: no-cache, no-store, must-revalidate
Content-Security-Policy: default-src 'none'; script-src 'self'; connect-src 'self'; child-src 'self'; img-src 'self' data:; font-src 'self' data:; style-src 'self'
Referrer-Policy: no-referrer
Access-Control-Allow-Methods: GET,POST,OPTIONS
Access-Control-Allow-Headers: ZAP-Header
X-Frame-Options: DENY
X-XSS-Protection: 1; mode=block
X-Content-Type-Options: nosniff
X-Clacks-Overhead: GNU Terry Pratchett
content-length: 14
Content-Type: application/json; charset=UTF-8

{
    "status": "4"
}
progresso : [4%] 
Request method:	GET
Request URI:	http://localhost:9092/JSON/ascan/view/status/?scanId=0
Proxy:			<none>
Request params:	<none>
Query params:	scanId=0
Form params:	<none>
Path params:	<none>
Headers:		Accept=*/*
Cookies:		<none>
Multiparts:		<none>
Body:			<none>
HTTP/1.1 200 OK
Pragma: no-cache
Cache-Control: no-cache, no-store, must-revalidate
Content-Security-Policy: default-src 'none'; script-src 'self'; connect-src 'self'; child-src 'self'; img-src 'self' data:; font-src 'self' data:; style-src 'self'
Referrer-Policy: no-referrer
Access-Control-Allow-Methods: GET,POST,OPTIONS
Access-Control-Allow-Headers: ZAP-Header
X-Frame-Options: DENY
X-XSS-Protection: 1; mode=block
X-Content-Type-Options: nosniff
X-Clacks-Overhead: GNU Terry Pratchett
content-length: 14
Content-Type: application/json; charset=UTF-8

{
    "status": "6"
}
progresso : [6%] 
Request method:	GET
Request URI:	http://localhost:9092/JSON/ascan/view/status/?scanId=0
Proxy:			<none>
Request params:	<none>
Query params:	scanId=0
Form params:	<none>
Path params:	<none>
Headers:		Accept=*/*
Cookies:		<none>
Multiparts:		<none>
Body:			<none>
HTTP/1.1 200 OK
Pragma: no-cache
Cache-Control: no-cache, no-store, must-revalidate
Content-Security-Policy: default-src 'none'; script-src 'self'; connect-src 'self'; child-src 'self'; img-src 'self' data:; font-src 'self' data:; style-src 'self'
Referrer-Policy: no-referrer
Access-Control-Allow-Methods: GET,POST,OPTIONS
Access-Control-Allow-Headers: ZAP-Header
X-Frame-Options: DENY
X-XSS-Protection: 1; mode=block
X-Content-Type-Options: nosniff
X-Clacks-Overhead: GNU Terry Pratchett
content-length: 14
Content-Type: application/json; charset=UTF-8

{
    "status": "7"
}
progresso : [7%] 
Request method:	GET
Request URI:	http://localhost:9092/JSON/ascan/view/status/?scanId=0
Proxy:			<none>
Request params:	<none>
Query params:	scanId=0
Form params:	<none>
Path params:	<none>
Headers:		Accept=*/*
Cookies:		<none>
Multiparts:		<none>
Body:			<none>
HTTP/1.1 200 OK
Pragma: no-cache
Cache-Control: no-cache, no-store, must-revalidate
Content-Security-Policy: default-src 'none'; script-src 'self'; connect-src 'self'; child-src 'self'; img-src 'self' data:; font-src 'self' data:; style-src 'self'
Referrer-Policy: no-referrer
Access-Control-Allow-Methods: GET,POST,OPTIONS
Access-Control-Allow-Headers: ZAP-Header
X-Frame-Options: DENY
X-XSS-Protection: 1; mode=block
X-Content-Type-Options: nosniff
X-Clacks-Overhead: GNU Terry Pratchett
content-length: 14
Content-Type: application/json; charset=UTF-8

{
    "status": "7"
}
progresso : [7%] 
Request method:	GET
Request URI:	http://localhost:9092/JSON/ascan/view/status/?scanId=0
Proxy:			<none>
Request params:	<none>
Query params:	scanId=0
Form params:	<none>
Path params:	<none>
Headers:		Accept=*/*
Cookies:		<none>
Multiparts:		<none>
Body:			<none>
HTTP/1.1 200 OK
Pragma: no-cache
Cache-Control: no-cache, no-store, must-revalidate
Content-Security-Policy: default-src 'none'; script-src 'self'; connect-src 'self'; child-src 'self'; img-src 'self' data:; font-src 'self' data:; style-src 'self'
Referrer-Policy: no-referrer
Access-Control-Allow-Methods: GET,POST,OPTIONS
Access-Control-Allow-Headers: ZAP-Header
X-Frame-Options: DENY
X-XSS-Protection: 1; mode=block
X-Content-Type-Options: nosniff
X-Clacks-Overhead: GNU Terry Pratchett
content-length: 14
Content-Type: application/json; charset=UTF-8

{
    "status": "7"
}
progresso : [7%] 
Request method:	GET
Request URI:	http://localhost:9092/JSON/ascan/view/status/?scanId=0
Proxy:			<none>
Request params:	<none>
Query params:	scanId=0
Form params:	<none>
Path params:	<none>
Headers:		Accept=*/*
Cookies:		<none>
Multiparts:		<none>
Body:			<none>
HTTP/1.1 200 OK
Pragma: no-cache
Cache-Control: no-cache, no-store, must-revalidate
Content-Security-Policy: default-src 'none'; script-src 'self'; connect-src 'self'; child-src 'self'; img-src 'self' data:; font-src 'self' data:; style-src 'self'
Referrer-Policy: no-referrer
Access-Control-Allow-Methods: GET,POST,OPTIONS
Access-Control-Allow-Headers: ZAP-Header
X-Frame-Options: DENY
X-XSS-Protection: 1; mode=block
X-Content-Type-Options: nosniff
X-Clacks-Overhead: GNU Terry Pratchett
content-length: 14
Content-Type: application/json; charset=UTF-8

{
    "status": "7"
}
progresso : [7%] 
Request method:	GET
Request URI:	http://localhost:9092/JSON/ascan/view/status/?scanId=0
Proxy:			<none>
Request params:	<none>
Query params:	scanId=0
Form params:	<none>
Path params:	<none>
Headers:		Accept=*/*
Cookies:		<none>
Multiparts:		<none>
Body:			<none>
HTTP/1.1 200 OK
Pragma: no-cache
Cache-Control: no-cache, no-store, must-revalidate
Content-Security-Policy: default-src 'none'; script-src 'self'; connect-src 'self'; child-src 'self'; img-src 'self' data:; font-src 'self' data:; style-src 'self'
Referrer-Policy: no-referrer
Access-Control-Allow-Methods: GET,POST,OPTIONS
Access-Control-Allow-Headers: ZAP-Header
X-Frame-Options: DENY
X-XSS-Protection: 1; mode=block
X-Content-Type-Options: nosniff
X-Clacks-Overhead: GNU Terry Pratchett
content-length: 14
Content-Type: application/json; charset=UTF-8

{
    "status": "7"
}
progresso : [7%] 
Request method:	GET
Request URI:	http://localhost:9092/JSON/ascan/view/status/?scanId=0
Proxy:			<none>
Request params:	<none>
Query params:	scanId=0
Form params:	<none>
Path params:	<none>
Headers:		Accept=*/*
Cookies:		<none>
Multiparts:		<none>
Body:			<none>
HTTP/1.1 200 OK
Pragma: no-cache
Cache-Control: no-cache, no-store, must-revalidate
Content-Security-Policy: default-src 'none'; script-src 'self'; connect-src 'self'; child-src 'self'; img-src 'self' data:; font-src 'self' data:; style-src 'self'
Referrer-Policy: no-referrer
Access-Control-Allow-Methods: GET,POST,OPTIONS
Access-Control-Allow-Headers: ZAP-Header
X-Frame-Options: DENY
X-XSS-Protection: 1; mode=block
X-Content-Type-Options: nosniff
X-Clacks-Overhead: GNU Terry Pratchett
content-length: 14
Content-Type: application/json; charset=UTF-8

{
    "status": "7"
}
progresso : [7%] 
Request method:	GET
Request URI:	http://localhost:9092/JSON/ascan/view/status/?scanId=0
Proxy:			<none>
Request params:	<none>
Query params:	scanId=0
Form params:	<none>
Path params:	<none>
Headers:		Accept=*/*
Cookies:		<none>
Multiparts:		<none>
Body:			<none>
HTTP/1.1 200 OK
Pragma: no-cache
Cache-Control: no-cache, no-store, must-revalidate
Content-Security-Policy: default-src 'none'; script-src 'self'; connect-src 'self'; child-src 'self'; img-src 'self' data:; font-src 'self' data:; style-src 'self'
Referrer-Policy: no-referrer
Access-Control-Allow-Methods: GET,POST,OPTIONS
Access-Control-Allow-Headers: ZAP-Header
X-Frame-Options: DENY
X-XSS-Protection: 1; mode=block
X-Content-Type-Options: nosniff
X-Clacks-Overhead: GNU Terry Pratchett
content-length: 14
Content-Type: application/json; charset=UTF-8

{
    "status": "7"
}
progresso : [7%] 
Request method:	GET
Request URI:	http://localhost:9092/JSON/ascan/view/status/?scanId=0
Proxy:			<none>
Request params:	<none>
Query params:	scanId=0
Form params:	<none>
Path params:	<none>
Headers:		Accept=*/*
Cookies:		<none>
Multiparts:		<none>
Body:			<none>
HTTP/1.1 200 OK
Pragma: no-cache
Cache-Control: no-cache, no-store, must-revalidate
Content-Security-Policy: default-src 'none'; script-src 'self'; connect-src 'self'; child-src 'self'; img-src 'self' data:; font-src 'self' data:; style-src 'self'
Referrer-Policy: no-referrer
Access-Control-Allow-Methods: GET,POST,OPTIONS
Access-Control-Allow-Headers: ZAP-Header
X-Frame-Options: DENY
X-XSS-Protection: 1; mode=block
X-Content-Type-Options: nosniff
X-Clacks-Overhead: GNU Terry Pratchett
content-length: 14
Content-Type: application/json; charset=UTF-8

{
    "status": "7"
}
progresso : [7%] 
Request method:	GET
Request URI:	http://localhost:9092/JSON/ascan/view/status/?scanId=0
Proxy:			<none>
Request params:	<none>
Query params:	scanId=0
Form params:	<none>
Path params:	<none>
Headers:		Accept=*/*
Cookies:		<none>
Multiparts:		<none>
Body:			<none>
HTTP/1.1 200 OK
Pragma: no-cache
Cache-Control: no-cache, no-store, must-revalidate
Content-Security-Policy: default-src 'none'; script-src 'self'; connect-src 'self'; child-src 'self'; img-src 'self' data:; font-src 'self' data:; style-src 'self'
Referrer-Policy: no-referrer
Access-Control-Allow-Methods: GET,POST,OPTIONS
Access-Control-Allow-Headers: ZAP-Header
X-Frame-Options: DENY
X-XSS-Protection: 1; mode=block
X-Content-Type-Options: nosniff
X-Clacks-Overhead: GNU Terry Pratchett
content-length: 14
Content-Type: application/json; charset=UTF-8

{
    "status": "7"
}
progresso : [7%] 
Request method:	GET
Request URI:	http://localhost:9092/JSON/ascan/view/status/?scanId=0
Proxy:			<none>
Request params:	<none>
Query params:	scanId=0
Form params:	<none>
Path params:	<none>
Headers:		Accept=*/*
Cookies:		<none>
Multiparts:		<none>
Body:			<none>
HTTP/1.1 200 OK
Pragma: no-cache
Cache-Control: no-cache, no-store, must-revalidate
Content-Security-Policy: default-src 'none'; script-src 'self'; connect-src 'self'; child-src 'self'; img-src 'self' data:; font-src 'self' data:; style-src 'self'
Referrer-Policy: no-referrer
Access-Control-Allow-Methods: GET,POST,OPTIONS
Access-Control-Allow-Headers: ZAP-Header
X-Frame-Options: DENY
X-XSS-Protection: 1; mode=block
X-Content-Type-Options: nosniff
X-Clacks-Overhead: GNU Terry Pratchett
content-length: 14
Content-Type: application/json; charset=UTF-8

{
    "status": "7"
}
progresso : [7%] 
Request method:	GET
Request URI:	http://localhost:9092/JSON/ascan/view/status/?scanId=0
Proxy:			<none>
Request params:	<none>
Query params:	scanId=0
Form params:	<none>
Path params:	<none>
Headers:		Accept=*/*
Cookies:		<none>
Multiparts:		<none>
Body:			<none>
HTTP/1.1 200 OK
Pragma: no-cache
Cache-Control: no-cache, no-store, must-revalidate
Content-Security-Policy: default-src 'none'; script-src 'self'; connect-src 'self'; child-src 'self'; img-src 'self' data:; font-src 'self' data:; style-src 'self'
Referrer-Policy: no-referrer
Access-Control-Allow-Methods: GET,POST,OPTIONS
Access-Control-Allow-Headers: ZAP-Header
X-Frame-Options: DENY
X-XSS-Protection: 1; mode=block
X-Content-Type-Options: nosniff
X-Clacks-Overhead: GNU Terry Pratchett
content-length: 15
Content-Type: application/json; charset=UTF-8

{
    "status": "10"
}
progresso : [10%] 
Request method:	GET
Request URI:	http://localhost:9092/JSON/ascan/view/status/?scanId=0
Proxy:			<none>
Request params:	<none>
Query params:	scanId=0
Form params:	<none>
Path params:	<none>
Headers:		Accept=*/*
Cookies:		<none>
Multiparts:		<none>
Body:			<none>
HTTP/1.1 200 OK
Pragma: no-cache
Cache-Control: no-cache, no-store, must-revalidate
Content-Security-Policy: default-src 'none'; script-src 'self'; connect-src 'self'; child-src 'self'; img-src 'self' data:; font-src 'self' data:; style-src 'self'
Referrer-Policy: no-referrer
Access-Control-Allow-Methods: GET,POST,OPTIONS
Access-Control-Allow-Headers: ZAP-Header
X-Frame-Options: DENY
X-XSS-Protection: 1; mode=block
X-Content-Type-Options: nosniff
X-Clacks-Overhead: GNU Terry Pratchett
content-length: 15
Content-Type: application/json; charset=UTF-8

{
    "status": "11"
}
progresso : [11%] 
Request method:	GET
Request URI:	http://localhost:9092/JSON/ascan/view/status/?scanId=0
Proxy:			<none>
Request params:	<none>
Query params:	scanId=0
Form params:	<none>
Path params:	<none>
Headers:		Accept=*/*
Cookies:		<none>
Multiparts:		<none>
Body:			<none>
HTTP/1.1 200 OK
Pragma: no-cache
Cache-Control: no-cache, no-store, must-revalidate
Content-Security-Policy: default-src 'none'; script-src 'self'; connect-src 'self'; child-src 'self'; img-src 'self' data:; font-src 'self' data:; style-src 'self'
Referrer-Policy: no-referrer
Access-Control-Allow-Methods: GET,POST,OPTIONS
Access-Control-Allow-Headers: ZAP-Header
X-Frame-Options: DENY
X-XSS-Protection: 1; mode=block
X-Content-Type-Options: nosniff
X-Clacks-Overhead: GNU Terry Pratchett
content-length: 15
Content-Type: application/json; charset=UTF-8

{
    "status": "11"
}
progresso : [11%] 
Request method:	GET
Request URI:	http://localhost:9092/JSON/ascan/view/status/?scanId=0
Proxy:			<none>
Request params:	<none>
Query params:	scanId=0
Form params:	<none>
Path params:	<none>
Headers:		Accept=*/*
Cookies:		<none>
Multiparts:		<none>
Body:			<none>
HTTP/1.1 200 OK
Pragma: no-cache
Cache-Control: no-cache, no-store, must-revalidate
Content-Security-Policy: default-src 'none'; script-src 'self'; connect-src 'self'; child-src 'self'; img-src 'self' data:; font-src 'self' data:; style-src 'self'
Referrer-Policy: no-referrer
Access-Control-Allow-Methods: GET,POST,OPTIONS
Access-Control-Allow-Headers: ZAP-Header
X-Frame-Options: DENY
X-XSS-Protection: 1; mode=block
X-Content-Type-Options: nosniff
X-Clacks-Overhead: GNU Terry Pratchett
content-length: 15
Content-Type: application/json; charset=UTF-8

{
    "status": "11"
}
progresso : [11%] 
Request method:	GET
Request URI:	http://localhost:9092/JSON/ascan/view/status/?scanId=0
Proxy:			<none>
Request params:	<none>
Query params:	scanId=0
Form params:	<none>
Path params:	<none>
Headers:		Accept=*/*
Cookies:		<none>
Multiparts:		<none>
Body:			<none>
HTTP/1.1 200 OK
Pragma: no-cache
Cache-Control: no-cache, no-store, must-revalidate
Content-Security-Policy: default-src 'none'; script-src 'self'; connect-src 'self'; child-src 'self'; img-src 'self' data:; font-src 'self' data:; style-src 'self'
Referrer-Policy: no-referrer
Access-Control-Allow-Methods: GET,POST,OPTIONS
Access-Control-Allow-Headers: ZAP-Header
X-Frame-Options: DENY
X-XSS-Protection: 1; mode=block
X-Content-Type-Options: nosniff
X-Clacks-Overhead: GNU Terry Pratchett
content-length: 15
Content-Type: application/json; charset=UTF-8

{
    "status": "12"
}
progresso : [12%] 
Request method:	GET
Request URI:	http://localhost:9092/JSON/ascan/view/status/?scanId=0
Proxy:			<none>
Request params:	<none>
Query params:	scanId=0
Form params:	<none>
Path params:	<none>
Headers:		Accept=*/*
Cookies:		<none>
Multiparts:		<none>
Body:			<none>
HTTP/1.1 200 OK
Pragma: no-cache
Cache-Control: no-cache, no-store, must-revalidate
Content-Security-Policy: default-src 'none'; script-src 'self'; connect-src 'self'; child-src 'self'; img-src 'self' data:; font-src 'self' data:; style-src 'self'
Referrer-Policy: no-referrer
Access-Control-Allow-Methods: GET,POST,OPTIONS
Access-Control-Allow-Headers: ZAP-Header
X-Frame-Options: DENY
X-XSS-Protection: 1; mode=block
X-Content-Type-Options: nosniff
X-Clacks-Overhead: GNU Terry Pratchett
content-length: 15
Content-Type: application/json; charset=UTF-8

{
    "status": "12"
}
progresso : [12%] 
Request method:	GET
Request URI:	http://localhost:9092/JSON/ascan/view/status/?scanId=0
Proxy:			<none>
Request params:	<none>
Query params:	scanId=0
Form params:	<none>
Path params:	<none>
Headers:		Accept=*/*
Cookies:		<none>
Multiparts:		<none>
Body:			<none>
HTTP/1.1 200 OK
Pragma: no-cache
Cache-Control: no-cache, no-store, must-revalidate
Content-Security-Policy: default-src 'none'; script-src 'self'; connect-src 'self'; child-src 'self'; img-src 'self' data:; font-src 'self' data:; style-src 'self'
Referrer-Policy: no-referrer
Access-Control-Allow-Methods: GET,POST,OPTIONS
Access-Control-Allow-Headers: ZAP-Header
X-Frame-Options: DENY
X-XSS-Protection: 1; mode=block
X-Content-Type-Options: nosniff
X-Clacks-Overhead: GNU Terry Pratchett
content-length: 15
Content-Type: application/json; charset=UTF-8

{
    "status": "12"
}
progresso : [12%] 
Request method:	GET
Request URI:	http://localhost:9092/JSON/ascan/view/status/?scanId=0
Proxy:			<none>
Request params:	<none>
Query params:	scanId=0
Form params:	<none>
Path params:	<none>
Headers:		Accept=*/*
Cookies:		<none>
Multiparts:		<none>
Body:			<none>
HTTP/1.1 200 OK
Pragma: no-cache
Cache-Control: no-cache, no-store, must-revalidate
Content-Security-Policy: default-src 'none'; script-src 'self'; connect-src 'self'; child-src 'self'; img-src 'self' data:; font-src 'self' data:; style-src 'self'
Referrer-Policy: no-referrer
Access-Control-Allow-Methods: GET,POST,OPTIONS
Access-Control-Allow-Headers: ZAP-Header
X-Frame-Options: DENY
X-XSS-Protection: 1; mode=block
X-Content-Type-Options: nosniff
X-Clacks-Overhead: GNU Terry Pratchett
content-length: 15
Content-Type: application/json; charset=UTF-8

{
    "status": "12"
}
progresso : [12%] 
Request method:	GET
Request URI:	http://localhost:9092/JSON/ascan/view/status/?scanId=0
Proxy:			<none>
Request params:	<none>
Query params:	scanId=0
Form params:	<none>
Path params:	<none>
Headers:		Accept=*/*
Cookies:		<none>
Multiparts:		<none>
Body:			<none>
HTTP/1.1 200 OK
Pragma: no-cache
Cache-Control: no-cache, no-store, must-revalidate
Content-Security-Policy: default-src 'none'; script-src 'self'; connect-src 'self'; child-src 'self'; img-src 'self' data:; font-src 'self' data:; style-src 'self'
Referrer-Policy: no-referrer
Access-Control-Allow-Methods: GET,POST,OPTIONS
Access-Control-Allow-Headers: ZAP-Header
X-Frame-Options: DENY
X-XSS-Protection: 1; mode=block
X-Content-Type-Options: nosniff
X-Clacks-Overhead: GNU Terry Pratchett
content-length: 15
Content-Type: application/json; charset=UTF-8

{
    "status": "12"
}
progresso : [12%] 
Request method:	GET
Request URI:	http://localhost:9092/JSON/ascan/view/status/?scanId=0
Proxy:			<none>
Request params:	<none>
Query params:	scanId=0
Form params:	<none>
Path params:	<none>
Headers:		Accept=*/*
Cookies:		<none>
Multiparts:		<none>
Body:			<none>
HTTP/1.1 200 OK
Pragma: no-cache
Cache-Control: no-cache, no-store, must-revalidate
Content-Security-Policy: default-src 'none'; script-src 'self'; connect-src 'self'; child-src 'self'; img-src 'self' data:; font-src 'self' data:; style-src 'self'
Referrer-Policy: no-referrer
Access-Control-Allow-Methods: GET,POST,OPTIONS
Access-Control-Allow-Headers: ZAP-Header
X-Frame-Options: DENY
X-XSS-Protection: 1; mode=block
X-Content-Type-Options: nosniff
X-Clacks-Overhead: GNU Terry Pratchett
content-length: 15
Content-Type: application/json; charset=UTF-8

{
    "status": "12"
}
progresso : [12%] 
Request method:	GET
Request URI:	http://localhost:9092/JSON/ascan/view/status/?scanId=0
Proxy:			<none>
Request params:	<none>
Query params:	scanId=0
Form params:	<none>
Path params:	<none>
Headers:		Accept=*/*
Cookies:		<none>
Multiparts:		<none>
Body:			<none>
HTTP/1.1 200 OK
Pragma: no-cache
Cache-Control: no-cache, no-store, must-revalidate
Content-Security-Policy: default-src 'none'; script-src 'self'; connect-src 'self'; child-src 'self'; img-src 'self' data:; font-src 'self' data:; style-src 'self'
Referrer-Policy: no-referrer
Access-Control-Allow-Methods: GET,POST,OPTIONS
Access-Control-Allow-Headers: ZAP-Header
X-Frame-Options: DENY
X-XSS-Protection: 1; mode=block
X-Content-Type-Options: nosniff
X-Clacks-Overhead: GNU Terry Pratchett
content-length: 15
Content-Type: application/json; charset=UTF-8

{
    "status": "12"
}
progresso : [12%] 
Request method:	GET
Request URI:	http://localhost:9092/JSON/ascan/view/status/?scanId=0
Proxy:			<none>
Request params:	<none>
Query params:	scanId=0
Form params:	<none>
Path params:	<none>
Headers:		Accept=*/*
Cookies:		<none>
Multiparts:		<none>
Body:			<none>
HTTP/1.1 200 OK
Pragma: no-cache
Cache-Control: no-cache, no-store, must-revalidate
Content-Security-Policy: default-src 'none'; script-src 'self'; connect-src 'self'; child-src 'self'; img-src 'self' data:; font-src 'self' data:; style-src 'self'
Referrer-Policy: no-referrer
Access-Control-Allow-Methods: GET,POST,OPTIONS
Access-Control-Allow-Headers: ZAP-Header
X-Frame-Options: DENY
X-XSS-Protection: 1; mode=block
X-Content-Type-Options: nosniff
X-Clacks-Overhead: GNU Terry Pratchett
content-length: 15
Content-Type: application/json; charset=UTF-8

{
    "status": "12"
}
progresso : [12%] 
Request method:	GET
Request URI:	http://localhost:9092/JSON/ascan/view/status/?scanId=0
Proxy:			<none>
Request params:	<none>
Query params:	scanId=0
Form params:	<none>
Path params:	<none>
Headers:		Accept=*/*
Cookies:		<none>
Multiparts:		<none>
Body:			<none>
HTTP/1.1 200 OK
Pragma: no-cache
Cache-Control: no-cache, no-store, must-revalidate
Content-Security-Policy: default-src 'none'; script-src 'self'; connect-src 'self'; child-src 'self'; img-src 'self' data:; font-src 'self' data:; style-src 'self'
Referrer-Policy: no-referrer
Access-Control-Allow-Methods: GET,POST,OPTIONS
Access-Control-Allow-Headers: ZAP-Header
X-Frame-Options: DENY
X-XSS-Protection: 1; mode=block
X-Content-Type-Options: nosniff
X-Clacks-Overhead: GNU Terry Pratchett
content-length: 15
Content-Type: application/json; charset=UTF-8

{
    "status": "12"
}
progresso : [12%] 
Request method:	GET
Request URI:	http://localhost:9092/JSON/ascan/view/status/?scanId=0
Proxy:			<none>
Request params:	<none>
Query params:	scanId=0
Form params:	<none>
Path params:	<none>
Headers:		Accept=*/*
Cookies:		<none>
Multiparts:		<none>
Body:			<none>
HTTP/1.1 200 OK
Pragma: no-cache
Cache-Control: no-cache, no-store, must-revalidate
Content-Security-Policy: default-src 'none'; script-src 'self'; connect-src 'self'; child-src 'self'; img-src 'self' data:; font-src 'self' data:; style-src 'self'
Referrer-Policy: no-referrer
Access-Control-Allow-Methods: GET,POST,OPTIONS
Access-Control-Allow-Headers: ZAP-Header
X-Frame-Options: DENY
X-XSS-Protection: 1; mode=block
X-Content-Type-Options: nosniff
X-Clacks-Overhead: GNU Terry Pratchett
content-length: 15
Content-Type: application/json; charset=UTF-8

{
    "status": "13"
}
progresso : [13%] 
Request method:	GET
Request URI:	http://localhost:9092/JSON/ascan/view/status/?scanId=0
Proxy:			<none>
Request params:	<none>
Query params:	scanId=0
Form params:	<none>
Path params:	<none>
Headers:		Accept=*/*
Cookies:		<none>
Multiparts:		<none>
Body:			<none>
HTTP/1.1 200 OK
Pragma: no-cache
Cache-Control: no-cache, no-store, must-revalidate
Content-Security-Policy: default-src 'none'; script-src 'self'; connect-src 'self'; child-src 'self'; img-src 'self' data:; font-src 'self' data:; style-src 'self'
Referrer-Policy: no-referrer
Access-Control-Allow-Methods: GET,POST,OPTIONS
Access-Control-Allow-Headers: ZAP-Header
X-Frame-Options: DENY
X-XSS-Protection: 1; mode=block
X-Content-Type-Options: nosniff
X-Clacks-Overhead: GNU Terry Pratchett
content-length: 15
Content-Type: application/json; charset=UTF-8

{
    "status": "13"
}
progresso : [13%] 
Request method:	GET
Request URI:	http://localhost:9092/JSON/ascan/view/status/?scanId=0
Proxy:			<none>
Request params:	<none>
Query params:	scanId=0
Form params:	<none>
Path params:	<none>
Headers:		Accept=*/*
Cookies:		<none>
Multiparts:		<none>
Body:			<none>
HTTP/1.1 200 OK
Pragma: no-cache
Cache-Control: no-cache, no-store, must-revalidate
Content-Security-Policy: default-src 'none'; script-src 'self'; connect-src 'self'; child-src 'self'; img-src 'self' data:; font-src 'self' data:; style-src 'self'
Referrer-Policy: no-referrer
Access-Control-Allow-Methods: GET,POST,OPTIONS
Access-Control-Allow-Headers: ZAP-Header
X-Frame-Options: DENY
X-XSS-Protection: 1; mode=block
X-Content-Type-Options: nosniff
X-Clacks-Overhead: GNU Terry Pratchett
content-length: 15
Content-Type: application/json; charset=UTF-8

{
    "status": "13"
}
progresso : [13%] 
Request method:	GET
Request URI:	http://localhost:9092/JSON/ascan/view/status/?scanId=0
Proxy:			<none>
Request params:	<none>
Query params:	scanId=0
Form params:	<none>
Path params:	<none>
Headers:		Accept=*/*
Cookies:		<none>
Multiparts:		<none>
Body:			<none>
HTTP/1.1 200 OK
Pragma: no-cache
Cache-Control: no-cache, no-store, must-revalidate
Content-Security-Policy: default-src 'none'; script-src 'self'; connect-src 'self'; child-src 'self'; img-src 'self' data:; font-src 'self' data:; style-src 'self'
Referrer-Policy: no-referrer
Access-Control-Allow-Methods: GET,POST,OPTIONS
Access-Control-Allow-Headers: ZAP-Header
X-Frame-Options: DENY
X-XSS-Protection: 1; mode=block
X-Content-Type-Options: nosniff
X-Clacks-Overhead: GNU Terry Pratchett
content-length: 15
Content-Type: application/json; charset=UTF-8

{
    "status": "13"
}
progresso : [13%] 
Request method:	GET
Request URI:	http://localhost:9092/JSON/ascan/view/status/?scanId=0
Proxy:			<none>
Request params:	<none>
Query params:	scanId=0
Form params:	<none>
Path params:	<none>
Headers:		Accept=*/*
Cookies:		<none>
Multiparts:		<none>
Body:			<none>
HTTP/1.1 200 OK
Pragma: no-cache
Cache-Control: no-cache, no-store, must-revalidate
Content-Security-Policy: default-src 'none'; script-src 'self'; connect-src 'self'; child-src 'self'; img-src 'self' data:; font-src 'self' data:; style-src 'self'
Referrer-Policy: no-referrer
Access-Control-Allow-Methods: GET,POST,OPTIONS
Access-Control-Allow-Headers: ZAP-Header
X-Frame-Options: DENY
X-XSS-Protection: 1; mode=block
X-Content-Type-Options: nosniff
X-Clacks-Overhead: GNU Terry Pratchett
content-length: 15
Content-Type: application/json; charset=UTF-8

{
    "status": "13"
}
progresso : [13%] 
Request method:	GET
Request URI:	http://localhost:9092/JSON/ascan/view/status/?scanId=0
Proxy:			<none>
Request params:	<none>
Query params:	scanId=0
Form params:	<none>
Path params:	<none>
Headers:		Accept=*/*
Cookies:		<none>
Multiparts:		<none>
Body:			<none>
HTTP/1.1 200 OK
Pragma: no-cache
Cache-Control: no-cache, no-store, must-revalidate
Content-Security-Policy: default-src 'none'; script-src 'self'; connect-src 'self'; child-src 'self'; img-src 'self' data:; font-src 'self' data:; style-src 'self'
Referrer-Policy: no-referrer
Access-Control-Allow-Methods: GET,POST,OPTIONS
Access-Control-Allow-Headers: ZAP-Header
X-Frame-Options: DENY
X-XSS-Protection: 1; mode=block
X-Content-Type-Options: nosniff
X-Clacks-Overhead: GNU Terry Pratchett
content-length: 15
Content-Type: application/json; charset=UTF-8

{
    "status": "13"
}
progresso : [13%] 
Request method:	GET
Request URI:	http://localhost:9092/JSON/ascan/view/status/?scanId=0
Proxy:			<none>
Request params:	<none>
Query params:	scanId=0
Form params:	<none>
Path params:	<none>
Headers:		Accept=*/*
Cookies:		<none>
Multiparts:		<none>
Body:			<none>
HTTP/1.1 200 OK
Pragma: no-cache
Cache-Control: no-cache, no-store, must-revalidate
Content-Security-Policy: default-src 'none'; script-src 'self'; connect-src 'self'; child-src 'self'; img-src 'self' data:; font-src 'self' data:; style-src 'self'
Referrer-Policy: no-referrer
Access-Control-Allow-Methods: GET,POST,OPTIONS
Access-Control-Allow-Headers: ZAP-Header
X-Frame-Options: DENY
X-XSS-Protection: 1; mode=block
X-Content-Type-Options: nosniff
X-Clacks-Overhead: GNU Terry Pratchett
content-length: 15
Content-Type: application/json; charset=UTF-8

{
    "status": "13"
}
progresso : [13%] 
Request method:	GET
Request URI:	http://localhost:9092/JSON/ascan/view/status/?scanId=0
Proxy:			<none>
Request params:	<none>
Query params:	scanId=0
Form params:	<none>
Path params:	<none>
Headers:		Accept=*/*
Cookies:		<none>
Multiparts:		<none>
Body:			<none>
HTTP/1.1 200 OK
Pragma: no-cache
Cache-Control: no-cache, no-store, must-revalidate
Content-Security-Policy: default-src 'none'; script-src 'self'; connect-src 'self'; child-src 'self'; img-src 'self' data:; font-src 'self' data:; style-src 'self'
Referrer-Policy: no-referrer
Access-Control-Allow-Methods: GET,POST,OPTIONS
Access-Control-Allow-Headers: ZAP-Header
X-Frame-Options: DENY
X-XSS-Protection: 1; mode=block
X-Content-Type-Options: nosniff
X-Clacks-Overhead: GNU Terry Pratchett
content-length: 15
Content-Type: application/json; charset=UTF-8

{
    "status": "13"
}
progresso : [13%] 
Request method:	GET
Request URI:	http://localhost:9092/JSON/ascan/view/status/?scanId=0
Proxy:			<none>
Request params:	<none>
Query params:	scanId=0
Form params:	<none>
Path params:	<none>
Headers:		Accept=*/*
Cookies:		<none>
Multiparts:		<none>
Body:			<none>
HTTP/1.1 200 OK
Pragma: no-cache
Cache-Control: no-cache, no-store, must-revalidate
Content-Security-Policy: default-src 'none'; script-src 'self'; connect-src 'self'; child-src 'self'; img-src 'self' data:; font-src 'self' data:; style-src 'self'
Referrer-Policy: no-referrer
Access-Control-Allow-Methods: GET,POST,OPTIONS
Access-Control-Allow-Headers: ZAP-Header
X-Frame-Options: DENY
X-XSS-Protection: 1; mode=block
X-Content-Type-Options: nosniff
X-Clacks-Overhead: GNU Terry Pratchett
content-length: 15
Content-Type: application/json; charset=UTF-8

{
    "status": "13"
}
progresso : [13%] 
Request method:	GET
Request URI:	http://localhost:9092/JSON/ascan/view/status/?scanId=0
Proxy:			<none>
Request params:	<none>
Query params:	scanId=0
Form params:	<none>
Path params:	<none>
Headers:		Accept=*/*
Cookies:		<none>
Multiparts:		<none>
Body:			<none>
HTTP/1.1 200 OK
Pragma: no-cache
Cache-Control: no-cache, no-store, must-revalidate
Content-Security-Policy: default-src 'none'; script-src 'self'; connect-src 'self'; child-src 'self'; img-src 'self' data:; font-src 'self' data:; style-src 'self'
Referrer-Policy: no-referrer
Access-Control-Allow-Methods: GET,POST,OPTIONS
Access-Control-Allow-Headers: ZAP-Header
X-Frame-Options: DENY
X-XSS-Protection: 1; mode=block
X-Content-Type-Options: nosniff
X-Clacks-Overhead: GNU Terry Pratchett
content-length: 15
Content-Type: application/json; charset=UTF-8

{
    "status": "13"
}
progresso : [13%] 
Request method:	GET
Request URI:	http://localhost:9092/JSON/ascan/view/status/?scanId=0
Proxy:			<none>
Request params:	<none>
Query params:	scanId=0
Form params:	<none>
Path params:	<none>
Headers:		Accept=*/*
Cookies:		<none>
Multiparts:		<none>
Body:			<none>
HTTP/1.1 200 OK
Pragma: no-cache
Cache-Control: no-cache, no-store, must-revalidate
Content-Security-Policy: default-src 'none'; script-src 'self'; connect-src 'self'; child-src 'self'; img-src 'self' data:; font-src 'self' data:; style-src 'self'
Referrer-Policy: no-referrer
Access-Control-Allow-Methods: GET,POST,OPTIONS
Access-Control-Allow-Headers: ZAP-Header
X-Frame-Options: DENY
X-XSS-Protection: 1; mode=block
X-Content-Type-Options: nosniff
X-Clacks-Overhead: GNU Terry Pratchett
content-length: 15
Content-Type: application/json; charset=UTF-8

{
    "status": "13"
}
progresso : [13%] 
Request method:	GET
Request URI:	http://localhost:9092/JSON/ascan/view/status/?scanId=0
Proxy:			<none>
Request params:	<none>
Query params:	scanId=0
Form params:	<none>
Path params:	<none>
Headers:		Accept=*/*
Cookies:		<none>
Multiparts:		<none>
Body:			<none>
HTTP/1.1 200 OK
Pragma: no-cache
Cache-Control: no-cache, no-store, must-revalidate
Content-Security-Policy: default-src 'none'; script-src 'self'; connect-src 'self'; child-src 'self'; img-src 'self' data:; font-src 'self' data:; style-src 'self'
Referrer-Policy: no-referrer
Access-Control-Allow-Methods: GET,POST,OPTIONS
Access-Control-Allow-Headers: ZAP-Header
X-Frame-Options: DENY
X-XSS-Protection: 1; mode=block
X-Content-Type-Options: nosniff
X-Clacks-Overhead: GNU Terry Pratchett
content-length: 15
Content-Type: application/json; charset=UTF-8

{
    "status": "13"
}
progresso : [13%] 
Request method:	GET
Request URI:	http://localhost:9092/JSON/ascan/view/status/?scanId=0
Proxy:			<none>
Request params:	<none>
Query params:	scanId=0
Form params:	<none>
Path params:	<none>
Headers:		Accept=*/*
Cookies:		<none>
Multiparts:		<none>
Body:			<none>
HTTP/1.1 200 OK
Pragma: no-cache
Cache-Control: no-cache, no-store, must-revalidate
Content-Security-Policy: default-src 'none'; script-src 'self'; connect-src 'self'; child-src 'self'; img-src 'self' data:; font-src 'self' data:; style-src 'self'
Referrer-Policy: no-referrer
Access-Control-Allow-Methods: GET,POST,OPTIONS
Access-Control-Allow-Headers: ZAP-Header
X-Frame-Options: DENY
X-XSS-Protection: 1; mode=block
X-Content-Type-Options: nosniff
X-Clacks-Overhead: GNU Terry Pratchett
content-length: 15
Content-Type: application/json; charset=UTF-8

{
    "status": "13"
}
progresso : [13%] 
Request method:	GET
Request URI:	http://localhost:9092/JSON/ascan/view/status/?scanId=0
Proxy:			<none>
Request params:	<none>
Query params:	scanId=0
Form params:	<none>
Path params:	<none>
Headers:		Accept=*/*
Cookies:		<none>
Multiparts:		<none>
Body:			<none>
HTTP/1.1 200 OK
Pragma: no-cache
Cache-Control: no-cache, no-store, must-revalidate
Content-Security-Policy: default-src 'none'; script-src 'self'; connect-src 'self'; child-src 'self'; img-src 'self' data:; font-src 'self' data:; style-src 'self'
Referrer-Policy: no-referrer
Access-Control-Allow-Methods: GET,POST,OPTIONS
Access-Control-Allow-Headers: ZAP-Header
X-Frame-Options: DENY
X-XSS-Protection: 1; mode=block
X-Content-Type-Options: nosniff
X-Clacks-Overhead: GNU Terry Pratchett
content-length: 15
Content-Type: application/json; charset=UTF-8

{
    "status": "13"
}
progresso : [13%] 
Request method:	GET
Request URI:	http://localhost:9092/JSON/ascan/view/status/?scanId=0
Proxy:			<none>
Request params:	<none>
Query params:	scanId=0
Form params:	<none>
Path params:	<none>
Headers:		Accept=*/*
Cookies:		<none>
Multiparts:		<none>
Body:			<none>
HTTP/1.1 200 OK
Pragma: no-cache
Cache-Control: no-cache, no-store, must-revalidate
Content-Security-Policy: default-src 'none'; script-src 'self'; connect-src 'self'; child-src 'self'; img-src 'self' data:; font-src 'self' data:; style-src 'self'
Referrer-Policy: no-referrer
Access-Control-Allow-Methods: GET,POST,OPTIONS
Access-Control-Allow-Headers: ZAP-Header
X-Frame-Options: DENY
X-XSS-Protection: 1; mode=block
X-Content-Type-Options: nosniff
X-Clacks-Overhead: GNU Terry Pratchett
content-length: 15
Content-Type: application/json; charset=UTF-8

{
    "status": "13"
}
progresso : [13%] 
Request method:	GET
Request URI:	http://localhost:9092/JSON/ascan/view/status/?scanId=0
Proxy:			<none>
Request params:	<none>
Query params:	scanId=0
Form params:	<none>
Path params:	<none>
Headers:		Accept=*/*
Cookies:		<none>
Multiparts:		<none>
Body:			<none>
HTTP/1.1 200 OK
Pragma: no-cache
Cache-Control: no-cache, no-store, must-revalidate
Content-Security-Policy: default-src 'none'; script-src 'self'; connect-src 'self'; child-src 'self'; img-src 'self' data:; font-src 'self' data:; style-src 'self'
Referrer-Policy: no-referrer
Access-Control-Allow-Methods: GET,POST,OPTIONS
Access-Control-Allow-Headers: ZAP-Header
X-Frame-Options: DENY
X-XSS-Protection: 1; mode=block
X-Content-Type-Options: nosniff
X-Clacks-Overhead: GNU Terry Pratchett
content-length: 15
Content-Type: application/json; charset=UTF-8

{
    "status": "13"
}
progresso : [13%] 
Request method:	GET
Request URI:	http://localhost:9092/JSON/ascan/view/status/?scanId=0
Proxy:			<none>
Request params:	<none>
Query params:	scanId=0
Form params:	<none>
Path params:	<none>
Headers:		Accept=*/*
Cookies:		<none>
Multiparts:		<none>
Body:			<none>
HTTP/1.1 200 OK
Pragma: no-cache
Cache-Control: no-cache, no-store, must-revalidate
Content-Security-Policy: default-src 'none'; script-src 'self'; connect-src 'self'; child-src 'self'; img-src 'self' data:; font-src 'self' data:; style-src 'self'
Referrer-Policy: no-referrer
Access-Control-Allow-Methods: GET,POST,OPTIONS
Access-Control-Allow-Headers: ZAP-Header
X-Frame-Options: DENY
X-XSS-Protection: 1; mode=block
X-Content-Type-Options: nosniff
X-Clacks-Overhead: GNU Terry Pratchett
content-length: 15
Content-Type: application/json; charset=UTF-8

{
    "status": "13"
}
progresso : [13%] 
Request method:	GET
Request URI:	http://localhost:9092/JSON/ascan/view/status/?scanId=0
Proxy:			<none>
Request params:	<none>
Query params:	scanId=0
Form params:	<none>
Path params:	<none>
Headers:		Accept=*/*
Cookies:		<none>
Multiparts:		<none>
Body:			<none>
HTTP/1.1 200 OK
Pragma: no-cache
Cache-Control: no-cache, no-store, must-revalidate
Content-Security-Policy: default-src 'none'; script-src 'self'; connect-src 'self'; child-src 'self'; img-src 'self' data:; font-src 'self' data:; style-src 'self'
Referrer-Policy: no-referrer
Access-Control-Allow-Methods: GET,POST,OPTIONS
Access-Control-Allow-Headers: ZAP-Header
X-Frame-Options: DENY
X-XSS-Protection: 1; mode=block
X-Content-Type-Options: nosniff
X-Clacks-Overhead: GNU Terry Pratchett
content-length: 15
Content-Type: application/json; charset=UTF-8

{
    "status": "13"
}
progresso : [13%] 
Request method:	GET
Request URI:	http://localhost:9092/JSON/ascan/view/status/?scanId=0
Proxy:			<none>
Request params:	<none>
Query params:	scanId=0
Form params:	<none>
Path params:	<none>
Headers:		Accept=*/*
Cookies:		<none>
Multiparts:		<none>
Body:			<none>
HTTP/1.1 200 OK
Pragma: no-cache
Cache-Control: no-cache, no-store, must-revalidate
Content-Security-Policy: default-src 'none'; script-src 'self'; connect-src 'self'; child-src 'self'; img-src 'self' data:; font-src 'self' data:; style-src 'self'
Referrer-Policy: no-referrer
Access-Control-Allow-Methods: GET,POST,OPTIONS
Access-Control-Allow-Headers: ZAP-Header
X-Frame-Options: DENY
X-XSS-Protection: 1; mode=block
X-Content-Type-Options: nosniff
X-Clacks-Overhead: GNU Terry Pratchett
content-length: 15
Content-Type: application/json; charset=UTF-8

{
    "status": "13"
}
progresso : [13%] 
Request method:	GET
Request URI:	http://localhost:9092/JSON/ascan/view/status/?scanId=0
Proxy:			<none>
Request params:	<none>
Query params:	scanId=0
Form params:	<none>
Path params:	<none>
Headers:		Accept=*/*
Cookies:		<none>
Multiparts:		<none>
Body:			<none>
HTTP/1.1 200 OK
Pragma: no-cache
Cache-Control: no-cache, no-store, must-revalidate
Content-Security-Policy: default-src 'none'; script-src 'self'; connect-src 'self'; child-src 'self'; img-src 'self' data:; font-src 'self' data:; style-src 'self'
Referrer-Policy: no-referrer
Access-Control-Allow-Methods: GET,POST,OPTIONS
Access-Control-Allow-Headers: ZAP-Header
X-Frame-Options: DENY
X-XSS-Protection: 1; mode=block
X-Content-Type-Options: nosniff
X-Clacks-Overhead: GNU Terry Pratchett
content-length: 15
Content-Type: application/json; charset=UTF-8

{
    "status": "13"
}
progresso : [13%] 
Request method:	GET
Request URI:	http://localhost:9092/JSON/ascan/view/status/?scanId=0
Proxy:			<none>
Request params:	<none>
Query params:	scanId=0
Form params:	<none>
Path params:	<none>
Headers:		Accept=*/*
Cookies:		<none>
Multiparts:		<none>
Body:			<none>
HTTP/1.1 200 OK
Pragma: no-cache
Cache-Control: no-cache, no-store, must-revalidate
Content-Security-Policy: default-src 'none'; script-src 'self'; connect-src 'self'; child-src 'self'; img-src 'self' data:; font-src 'self' data:; style-src 'self'
Referrer-Policy: no-referrer
Access-Control-Allow-Methods: GET,POST,OPTIONS
Access-Control-Allow-Headers: ZAP-Header
X-Frame-Options: DENY
X-XSS-Protection: 1; mode=block
X-Content-Type-Options: nosniff
X-Clacks-Overhead: GNU Terry Pratchett
content-length: 15
Content-Type: application/json; charset=UTF-8

{
    "status": "13"
}
progresso : [13%] 
Request method:	GET
Request URI:	http://localhost:9092/JSON/ascan/view/status/?scanId=0
Proxy:			<none>
Request params:	<none>
Query params:	scanId=0
Form params:	<none>
Path params:	<none>
Headers:		Accept=*/*
Cookies:		<none>
Multiparts:		<none>
Body:			<none>
HTTP/1.1 200 OK
Pragma: no-cache
Cache-Control: no-cache, no-store, must-revalidate
Content-Security-Policy: default-src 'none'; script-src 'self'; connect-src 'self'; child-src 'self'; img-src 'self' data:; font-src 'self' data:; style-src 'self'
Referrer-Policy: no-referrer
Access-Control-Allow-Methods: GET,POST,OPTIONS
Access-Control-Allow-Headers: ZAP-Header
X-Frame-Options: DENY
X-XSS-Protection: 1; mode=block
X-Content-Type-Options: nosniff
X-Clacks-Overhead: GNU Terry Pratchett
content-length: 15
Content-Type: application/json; charset=UTF-8

{
    "status": "13"
}
progresso : [13%] 
Request method:	GET
Request URI:	http://localhost:9092/JSON/ascan/view/status/?scanId=0
Proxy:			<none>
Request params:	<none>
Query params:	scanId=0
Form params:	<none>
Path params:	<none>
Headers:		Accept=*/*
Cookies:		<none>
Multiparts:		<none>
Body:			<none>
HTTP/1.1 200 OK
Pragma: no-cache
Cache-Control: no-cache, no-store, must-revalidate
Content-Security-Policy: default-src 'none'; script-src 'self'; connect-src 'self'; child-src 'self'; img-src 'self' data:; font-src 'self' data:; style-src 'self'
Referrer-Policy: no-referrer
Access-Control-Allow-Methods: GET,POST,OPTIONS
Access-Control-Allow-Headers: ZAP-Header
X-Frame-Options: DENY
X-XSS-Protection: 1; mode=block
X-Content-Type-Options: nosniff
X-Clacks-Overhead: GNU Terry Pratchett
content-length: 15
Content-Type: application/json; charset=UTF-8

{
    "status": "13"
}
progresso : [13%] 
Request method:	GET
Request URI:	http://localhost:9092/JSON/ascan/view/status/?scanId=0
Proxy:			<none>
Request params:	<none>
Query params:	scanId=0
Form params:	<none>
Path params:	<none>
Headers:		Accept=*/*
Cookies:		<none>
Multiparts:		<none>
Body:			<none>
HTTP/1.1 200 OK
Pragma: no-cache
Cache-Control: no-cache, no-store, must-revalidate
Content-Security-Policy: default-src 'none'; script-src 'self'; connect-src 'self'; child-src 'self'; img-src 'self' data:; font-src 'self' data:; style-src 'self'
Referrer-Policy: no-referrer
Access-Control-Allow-Methods: GET,POST,OPTIONS
Access-Control-Allow-Headers: ZAP-Header
X-Frame-Options: DENY
X-XSS-Protection: 1; mode=block
X-Content-Type-Options: nosniff
X-Clacks-Overhead: GNU Terry Pratchett
content-length: 15
Content-Type: application/json; charset=UTF-8

{
    "status": "13"
}
progresso : [13%] 
Request method:	GET
Request URI:	http://localhost:9092/JSON/ascan/view/status/?scanId=0
Proxy:			<none>
Request params:	<none>
Query params:	scanId=0
Form params:	<none>
Path params:	<none>
Headers:		Accept=*/*
Cookies:		<none>
Multiparts:		<none>
Body:			<none>
HTTP/1.1 200 OK
Pragma: no-cache
Cache-Control: no-cache, no-store, must-revalidate
Content-Security-Policy: default-src 'none'; script-src 'self'; connect-src 'self'; child-src 'self'; img-src 'self' data:; font-src 'self' data:; style-src 'self'
Referrer-Policy: no-referrer
Access-Control-Allow-Methods: GET,POST,OPTIONS
Access-Control-Allow-Headers: ZAP-Header
X-Frame-Options: DENY
X-XSS-Protection: 1; mode=block
X-Content-Type-Options: nosniff
X-Clacks-Overhead: GNU Terry Pratchett
content-length: 15
Content-Type: application/json; charset=UTF-8

{
    "status": "14"
}
progresso : [14%] 
Request method:	GET
Request URI:	http://localhost:9092/JSON/ascan/view/status/?scanId=0
Proxy:			<none>
Request params:	<none>
Query params:	scanId=0
Form params:	<none>
Path params:	<none>
Headers:		Accept=*/*
Cookies:		<none>
Multiparts:		<none>
Body:			<none>
HTTP/1.1 200 OK
Pragma: no-cache
Cache-Control: no-cache, no-store, must-revalidate
Content-Security-Policy: default-src 'none'; script-src 'self'; connect-src 'self'; child-src 'self'; img-src 'self' data:; font-src 'self' data:; style-src 'self'
Referrer-Policy: no-referrer
Access-Control-Allow-Methods: GET,POST,OPTIONS
Access-Control-Allow-Headers: ZAP-Header
X-Frame-Options: DENY
X-XSS-Protection: 1; mode=block
X-Content-Type-Options: nosniff
X-Clacks-Overhead: GNU Terry Pratchett
content-length: 15
Content-Type: application/json; charset=UTF-8

{
    "status": "14"
}
progresso : [14%] 
Request method:	GET
Request URI:	http://localhost:9092/JSON/ascan/view/status/?scanId=0
Proxy:			<none>
Request params:	<none>
Query params:	scanId=0
Form params:	<none>
Path params:	<none>
Headers:		Accept=*/*
Cookies:		<none>
Multiparts:		<none>
Body:			<none>
HTTP/1.1 200 OK
Pragma: no-cache
Cache-Control: no-cache, no-store, must-revalidate
Content-Security-Policy: default-src 'none'; script-src 'self'; connect-src 'self'; child-src 'self'; img-src 'self' data:; font-src 'self' data:; style-src 'self'
Referrer-Policy: no-referrer
Access-Control-Allow-Methods: GET,POST,OPTIONS
Access-Control-Allow-Headers: ZAP-Header
X-Frame-Options: DENY
X-XSS-Protection: 1; mode=block
X-Content-Type-Options: nosniff
X-Clacks-Overhead: GNU Terry Pratchett
content-length: 15
Content-Type: application/json; charset=UTF-8

{
    "status": "14"
}
progresso : [14%] 
Request method:	GET
Request URI:	http://localhost:9092/JSON/ascan/view/status/?scanId=0
Proxy:			<none>
Request params:	<none>
Query params:	scanId=0
Form params:	<none>
Path params:	<none>
Headers:		Accept=*/*
Cookies:		<none>
Multiparts:		<none>
Body:			<none>
HTTP/1.1 200 OK
Pragma: no-cache
Cache-Control: no-cache, no-store, must-revalidate
Content-Security-Policy: default-src 'none'; script-src 'self'; connect-src 'self'; child-src 'self'; img-src 'self' data:; font-src 'self' data:; style-src 'self'
Referrer-Policy: no-referrer
Access-Control-Allow-Methods: GET,POST,OPTIONS
Access-Control-Allow-Headers: ZAP-Header
X-Frame-Options: DENY
X-XSS-Protection: 1; mode=block
X-Content-Type-Options: nosniff
X-Clacks-Overhead: GNU Terry Pratchett
content-length: 15
Content-Type: application/json; charset=UTF-8

{
    "status": "14"
}
progresso : [14%] 
Request method:	GET
Request URI:	http://localhost:9092/JSON/ascan/view/status/?scanId=0
Proxy:			<none>
Request params:	<none>
Query params:	scanId=0
Form params:	<none>
Path params:	<none>
Headers:		Accept=*/*
Cookies:		<none>
Multiparts:		<none>
Body:			<none>
HTTP/1.1 200 OK
Pragma: no-cache
Cache-Control: no-cache, no-store, must-revalidate
Content-Security-Policy: default-src 'none'; script-src 'self'; connect-src 'self'; child-src 'self'; img-src 'self' data:; font-src 'self' data:; style-src 'self'
Referrer-Policy: no-referrer
Access-Control-Allow-Methods: GET,POST,OPTIONS
Access-Control-Allow-Headers: ZAP-Header
X-Frame-Options: DENY
X-XSS-Protection: 1; mode=block
X-Content-Type-Options: nosniff
X-Clacks-Overhead: GNU Terry Pratchett
content-length: 15
Content-Type: application/json; charset=UTF-8

{
    "status": "14"
}
progresso : [14%] 
Request method:	GET
Request URI:	http://localhost:9092/JSON/ascan/view/status/?scanId=0
Proxy:			<none>
Request params:	<none>
Query params:	scanId=0
Form params:	<none>
Path params:	<none>
Headers:		Accept=*/*
Cookies:		<none>
Multiparts:		<none>
Body:			<none>
HTTP/1.1 200 OK
Pragma: no-cache
Cache-Control: no-cache, no-store, must-revalidate
Content-Security-Policy: default-src 'none'; script-src 'self'; connect-src 'self'; child-src 'self'; img-src 'self' data:; font-src 'self' data:; style-src 'self'
Referrer-Policy: no-referrer
Access-Control-Allow-Methods: GET,POST,OPTIONS
Access-Control-Allow-Headers: ZAP-Header
X-Frame-Options: DENY
X-XSS-Protection: 1; mode=block
X-Content-Type-Options: nosniff
X-Clacks-Overhead: GNU Terry Pratchett
content-length: 15
Content-Type: application/json; charset=UTF-8

{
    "status": "14"
}
progresso : [14%] 
Request method:	GET
Request URI:	http://localhost:9092/JSON/ascan/view/status/?scanId=0
Proxy:			<none>
Request params:	<none>
Query params:	scanId=0
Form params:	<none>
Path params:	<none>
Headers:		Accept=*/*
Cookies:		<none>
Multiparts:		<none>
Body:			<none>
HTTP/1.1 200 OK
Pragma: no-cache
Cache-Control: no-cache, no-store, must-revalidate
Content-Security-Policy: default-src 'none'; script-src 'self'; connect-src 'self'; child-src 'self'; img-src 'self' data:; font-src 'self' data:; style-src 'self'
Referrer-Policy: no-referrer
Access-Control-Allow-Methods: GET,POST,OPTIONS
Access-Control-Allow-Headers: ZAP-Header
X-Frame-Options: DENY
X-XSS-Protection: 1; mode=block
X-Content-Type-Options: nosniff
X-Clacks-Overhead: GNU Terry Pratchett
content-length: 15
Content-Type: application/json; charset=UTF-8

{
    "status": "14"
}
progresso : [14%] 
Request method:	GET
Request URI:	http://localhost:9092/JSON/ascan/view/status/?scanId=0
Proxy:			<none>
Request params:	<none>
Query params:	scanId=0
Form params:	<none>
Path params:	<none>
Headers:		Accept=*/*
Cookies:		<none>
Multiparts:		<none>
Body:			<none>
HTTP/1.1 200 OK
Pragma: no-cache
Cache-Control: no-cache, no-store, must-revalidate
Content-Security-Policy: default-src 'none'; script-src 'self'; connect-src 'self'; child-src 'self'; img-src 'self' data:; font-src 'self' data:; style-src 'self'
Referrer-Policy: no-referrer
Access-Control-Allow-Methods: GET,POST,OPTIONS
Access-Control-Allow-Headers: ZAP-Header
X-Frame-Options: DENY
X-XSS-Protection: 1; mode=block
X-Content-Type-Options: nosniff
X-Clacks-Overhead: GNU Terry Pratchett
content-length: 15
Content-Type: application/json; charset=UTF-8

{
    "status": "14"
}
progresso : [14%] 
Request method:	GET
Request URI:	http://localhost:9092/JSON/ascan/view/status/?scanId=0
Proxy:			<none>
Request params:	<none>
Query params:	scanId=0
Form params:	<none>
Path params:	<none>
Headers:		Accept=*/*
Cookies:		<none>
Multiparts:		<none>
Body:			<none>
HTTP/1.1 200 OK
Pragma: no-cache
Cache-Control: no-cache, no-store, must-revalidate
Content-Security-Policy: default-src 'none'; script-src 'self'; connect-src 'self'; child-src 'self'; img-src 'self' data:; font-src 'self' data:; style-src 'self'
Referrer-Policy: no-referrer
Access-Control-Allow-Methods: GET,POST,OPTIONS
Access-Control-Allow-Headers: ZAP-Header
X-Frame-Options: DENY
X-XSS-Protection: 1; mode=block
X-Content-Type-Options: nosniff
X-Clacks-Overhead: GNU Terry Pratchett
content-length: 15
Content-Type: application/json; charset=UTF-8

{
    "status": "15"
}
progresso : [15%] 
Request method:	GET
Request URI:	http://localhost:9092/JSON/ascan/view/status/?scanId=0
Proxy:			<none>
Request params:	<none>
Query params:	scanId=0
Form params:	<none>
Path params:	<none>
Headers:		Accept=*/*
Cookies:		<none>
Multiparts:		<none>
Body:			<none>
HTTP/1.1 200 OK
Pragma: no-cache
Cache-Control: no-cache, no-store, must-revalidate
Content-Security-Policy: default-src 'none'; script-src 'self'; connect-src 'self'; child-src 'self'; img-src 'self' data:; font-src 'self' data:; style-src 'self'
Referrer-Policy: no-referrer
Access-Control-Allow-Methods: GET,POST,OPTIONS
Access-Control-Allow-Headers: ZAP-Header
X-Frame-Options: DENY
X-XSS-Protection: 1; mode=block
X-Content-Type-Options: nosniff
X-Clacks-Overhead: GNU Terry Pratchett
content-length: 15
Content-Type: application/json; charset=UTF-8

{
    "status": "15"
}
progresso : [15%] 
Request method:	GET
Request URI:	http://localhost:9092/JSON/ascan/view/status/?scanId=0
Proxy:			<none>
Request params:	<none>
Query params:	scanId=0
Form params:	<none>
Path params:	<none>
Headers:		Accept=*/*
Cookies:		<none>
Multiparts:		<none>
Body:			<none>
HTTP/1.1 200 OK
Pragma: no-cache
Cache-Control: no-cache, no-store, must-revalidate
Content-Security-Policy: default-src 'none'; script-src 'self'; connect-src 'self'; child-src 'self'; img-src 'self' data:; font-src 'self' data:; style-src 'self'
Referrer-Policy: no-referrer
Access-Control-Allow-Methods: GET,POST,OPTIONS
Access-Control-Allow-Headers: ZAP-Header
X-Frame-Options: DENY
X-XSS-Protection: 1; mode=block
X-Content-Type-Options: nosniff
X-Clacks-Overhead: GNU Terry Pratchett
content-length: 15
Content-Type: application/json; charset=UTF-8

{
    "status": "15"
}
progresso : [15%] 
Request method:	GET
Request URI:	http://localhost:9092/JSON/ascan/view/status/?scanId=0
Proxy:			<none>
Request params:	<none>
Query params:	scanId=0
Form params:	<none>
Path params:	<none>
Headers:		Accept=*/*
Cookies:		<none>
Multiparts:		<none>
Body:			<none>
HTTP/1.1 200 OK
Pragma: no-cache
Cache-Control: no-cache, no-store, must-revalidate
Content-Security-Policy: default-src 'none'; script-src 'self'; connect-src 'self'; child-src 'self'; img-src 'self' data:; font-src 'self' data:; style-src 'self'
Referrer-Policy: no-referrer
Access-Control-Allow-Methods: GET,POST,OPTIONS
Access-Control-Allow-Headers: ZAP-Header
X-Frame-Options: DENY
X-XSS-Protection: 1; mode=block
X-Content-Type-Options: nosniff
X-Clacks-Overhead: GNU Terry Pratchett
content-length: 15
Content-Type: application/json; charset=UTF-8

{
    "status": "15"
}
progresso : [15%] 
Request method:	GET
Request URI:	http://localhost:9092/JSON/ascan/view/status/?scanId=0
Proxy:			<none>
Request params:	<none>
Query params:	scanId=0
Form params:	<none>
Path params:	<none>
Headers:		Accept=*/*
Cookies:		<none>
Multiparts:		<none>
Body:			<none>
HTTP/1.1 200 OK
Pragma: no-cache
Cache-Control: no-cache, no-store, must-revalidate
Content-Security-Policy: default-src 'none'; script-src 'self'; connect-src 'self'; child-src 'self'; img-src 'self' data:; font-src 'self' data:; style-src 'self'
Referrer-Policy: no-referrer
Access-Control-Allow-Methods: GET,POST,OPTIONS
Access-Control-Allow-Headers: ZAP-Header
X-Frame-Options: DENY
X-XSS-Protection: 1; mode=block
X-Content-Type-Options: nosniff
X-Clacks-Overhead: GNU Terry Pratchett
content-length: 15
Content-Type: application/json; charset=UTF-8

{
    "status": "15"
}
progresso : [15%] 
Request method:	GET
Request URI:	http://localhost:9092/JSON/ascan/view/status/?scanId=0
Proxy:			<none>
Request params:	<none>
Query params:	scanId=0
Form params:	<none>
Path params:	<none>
Headers:		Accept=*/*
Cookies:		<none>
Multiparts:		<none>
Body:			<none>
HTTP/1.1 200 OK
Pragma: no-cache
Cache-Control: no-cache, no-store, must-revalidate
Content-Security-Policy: default-src 'none'; script-src 'self'; connect-src 'self'; child-src 'self'; img-src 'self' data:; font-src 'self' data:; style-src 'self'
Referrer-Policy: no-referrer
Access-Control-Allow-Methods: GET,POST,OPTIONS
Access-Control-Allow-Headers: ZAP-Header
X-Frame-Options: DENY
X-XSS-Protection: 1; mode=block
X-Content-Type-Options: nosniff
X-Clacks-Overhead: GNU Terry Pratchett
content-length: 15
Content-Type: application/json; charset=UTF-8

{
    "status": "15"
}
progresso : [15%] 
Request method:	GET
Request URI:	http://localhost:9092/JSON/ascan/view/status/?scanId=0
Proxy:			<none>
Request params:	<none>
Query params:	scanId=0
Form params:	<none>
Path params:	<none>
Headers:		Accept=*/*
Cookies:		<none>
Multiparts:		<none>
Body:			<none>
HTTP/1.1 200 OK
Pragma: no-cache
Cache-Control: no-cache, no-store, must-revalidate
Content-Security-Policy: default-src 'none'; script-src 'self'; connect-src 'self'; child-src 'self'; img-src 'self' data:; font-src 'self' data:; style-src 'self'
Referrer-Policy: no-referrer
Access-Control-Allow-Methods: GET,POST,OPTIONS
Access-Control-Allow-Headers: ZAP-Header
X-Frame-Options: DENY
X-XSS-Protection: 1; mode=block
X-Content-Type-Options: nosniff
X-Clacks-Overhead: GNU Terry Pratchett
content-length: 15
Content-Type: application/json; charset=UTF-8

{
    "status": "15"
}
progresso : [15%] 
Request method:	GET
Request URI:	http://localhost:9092/JSON/ascan/view/status/?scanId=0
Proxy:			<none>
Request params:	<none>
Query params:	scanId=0
Form params:	<none>
Path params:	<none>
Headers:		Accept=*/*
Cookies:		<none>
Multiparts:		<none>
Body:			<none>
HTTP/1.1 200 OK
Pragma: no-cache
Cache-Control: no-cache, no-store, must-revalidate
Content-Security-Policy: default-src 'none'; script-src 'self'; connect-src 'self'; child-src 'self'; img-src 'self' data:; font-src 'self' data:; style-src 'self'
Referrer-Policy: no-referrer
Access-Control-Allow-Methods: GET,POST,OPTIONS
Access-Control-Allow-Headers: ZAP-Header
X-Frame-Options: DENY
X-XSS-Protection: 1; mode=block
X-Content-Type-Options: nosniff
X-Clacks-Overhead: GNU Terry Pratchett
content-length: 15
Content-Type: application/json; charset=UTF-8

{
    "status": "15"
}
progresso : [15%] 
Request method:	GET
Request URI:	http://localhost:9092/JSON/ascan/view/status/?scanId=0
Proxy:			<none>
Request params:	<none>
Query params:	scanId=0
Form params:	<none>
Path params:	<none>
Headers:		Accept=*/*
Cookies:		<none>
Multiparts:		<none>
Body:			<none>
HTTP/1.1 200 OK
Pragma: no-cache
Cache-Control: no-cache, no-store, must-revalidate
Content-Security-Policy: default-src 'none'; script-src 'self'; connect-src 'self'; child-src 'self'; img-src 'self' data:; font-src 'self' data:; style-src 'self'
Referrer-Policy: no-referrer
Access-Control-Allow-Methods: GET,POST,OPTIONS
Access-Control-Allow-Headers: ZAP-Header
X-Frame-Options: DENY
X-XSS-Protection: 1; mode=block
X-Content-Type-Options: nosniff
X-Clacks-Overhead: GNU Terry Pratchett
content-length: 15
Content-Type: application/json; charset=UTF-8

{
    "status": "15"
}
progresso : [15%] 
Request method:	GET
Request URI:	http://localhost:9092/JSON/ascan/view/status/?scanId=0
Proxy:			<none>
Request params:	<none>
Query params:	scanId=0
Form params:	<none>
Path params:	<none>
Headers:		Accept=*/*
Cookies:		<none>
Multiparts:		<none>
Body:			<none>
HTTP/1.1 200 OK
Pragma: no-cache
Cache-Control: no-cache, no-store, must-revalidate
Content-Security-Policy: default-src 'none'; script-src 'self'; connect-src 'self'; child-src 'self'; img-src 'self' data:; font-src 'self' data:; style-src 'self'
Referrer-Policy: no-referrer
Access-Control-Allow-Methods: GET,POST,OPTIONS
Access-Control-Allow-Headers: ZAP-Header
X-Frame-Options: DENY
X-XSS-Protection: 1; mode=block
X-Content-Type-Options: nosniff
X-Clacks-Overhead: GNU Terry Pratchett
content-length: 15
Content-Type: application/json; charset=UTF-8

{
    "status": "15"
}
progresso : [15%] 
Request method:	GET
Request URI:	http://localhost:9092/JSON/ascan/view/status/?scanId=0
Proxy:			<none>
Request params:	<none>
Query params:	scanId=0
Form params:	<none>
Path params:	<none>
Headers:		Accept=*/*
Cookies:		<none>
Multiparts:		<none>
Body:			<none>
HTTP/1.1 200 OK
Pragma: no-cache
Cache-Control: no-cache, no-store, must-revalidate
Content-Security-Policy: default-src 'none'; script-src 'self'; connect-src 'self'; child-src 'self'; img-src 'self' data:; font-src 'self' data:; style-src 'self'
Referrer-Policy: no-referrer
Access-Control-Allow-Methods: GET,POST,OPTIONS
Access-Control-Allow-Headers: ZAP-Header
X-Frame-Options: DENY
X-XSS-Protection: 1; mode=block
X-Content-Type-Options: nosniff
X-Clacks-Overhead: GNU Terry Pratchett
content-length: 15
Content-Type: application/json; charset=UTF-8

{
    "status": "15"
}
progresso : [15%] 
Request method:	GET
Request URI:	http://localhost:9092/JSON/ascan/view/status/?scanId=0
Proxy:			<none>
Request params:	<none>
Query params:	scanId=0
Form params:	<none>
Path params:	<none>
Headers:		Accept=*/*
Cookies:		<none>
Multiparts:		<none>
Body:			<none>
HTTP/1.1 200 OK
Pragma: no-cache
Cache-Control: no-cache, no-store, must-revalidate
Content-Security-Policy: default-src 'none'; script-src 'self'; connect-src 'self'; child-src 'self'; img-src 'self' data:; font-src 'self' data:; style-src 'self'
Referrer-Policy: no-referrer
Access-Control-Allow-Methods: GET,POST,OPTIONS
Access-Control-Allow-Headers: ZAP-Header
X-Frame-Options: DENY
X-XSS-Protection: 1; mode=block
X-Content-Type-Options: nosniff
X-Clacks-Overhead: GNU Terry Pratchett
content-length: 15
Content-Type: application/json; charset=UTF-8

{
    "status": "15"
}
progresso : [15%] 
Request method:	GET
Request URI:	http://localhost:9092/JSON/ascan/view/status/?scanId=0
Proxy:			<none>
Request params:	<none>
Query params:	scanId=0
Form params:	<none>
Path params:	<none>
Headers:		Accept=*/*
Cookies:		<none>
Multiparts:		<none>
Body:			<none>
HTTP/1.1 200 OK
Pragma: no-cache
Cache-Control: no-cache, no-store, must-revalidate
Content-Security-Policy: default-src 'none'; script-src 'self'; connect-src 'self'; child-src 'self'; img-src 'self' data:; font-src 'self' data:; style-src 'self'
Referrer-Policy: no-referrer
Access-Control-Allow-Methods: GET,POST,OPTIONS
Access-Control-Allow-Headers: ZAP-Header
X-Frame-Options: DENY
X-XSS-Protection: 1; mode=block
X-Content-Type-Options: nosniff
X-Clacks-Overhead: GNU Terry Pratchett
content-length: 15
Content-Type: application/json; charset=UTF-8

{
    "status": "16"
}
progresso : [16%] 
Request method:	GET
Request URI:	http://localhost:9092/JSON/ascan/view/status/?scanId=0
Proxy:			<none>
Request params:	<none>
Query params:	scanId=0
Form params:	<none>
Path params:	<none>
Headers:		Accept=*/*
Cookies:		<none>
Multiparts:		<none>
Body:			<none>
HTTP/1.1 200 OK
Pragma: no-cache
Cache-Control: no-cache, no-store, must-revalidate
Content-Security-Policy: default-src 'none'; script-src 'self'; connect-src 'self'; child-src 'self'; img-src 'self' data:; font-src 'self' data:; style-src 'self'
Referrer-Policy: no-referrer
Access-Control-Allow-Methods: GET,POST,OPTIONS
Access-Control-Allow-Headers: ZAP-Header
X-Frame-Options: DENY
X-XSS-Protection: 1; mode=block
X-Content-Type-Options: nosniff
X-Clacks-Overhead: GNU Terry Pratchett
content-length: 15
Content-Type: application/json; charset=UTF-8

{
    "status": "16"
}
progresso : [16%] 
Request method:	GET
Request URI:	http://localhost:9092/JSON/ascan/view/status/?scanId=0
Proxy:			<none>
Request params:	<none>
Query params:	scanId=0
Form params:	<none>
Path params:	<none>
Headers:		Accept=*/*
Cookies:		<none>
Multiparts:		<none>
Body:			<none>
HTTP/1.1 200 OK
Pragma: no-cache
Cache-Control: no-cache, no-store, must-revalidate
Content-Security-Policy: default-src 'none'; script-src 'self'; connect-src 'self'; child-src 'self'; img-src 'self' data:; font-src 'self' data:; style-src 'self'
Referrer-Policy: no-referrer
Access-Control-Allow-Methods: GET,POST,OPTIONS
Access-Control-Allow-Headers: ZAP-Header
X-Frame-Options: DENY
X-XSS-Protection: 1; mode=block
X-Content-Type-Options: nosniff
X-Clacks-Overhead: GNU Terry Pratchett
content-length: 15
Content-Type: application/json; charset=UTF-8

{
    "status": "16"
}
progresso : [16%] 
Request method:	GET
Request URI:	http://localhost:9092/JSON/ascan/view/status/?scanId=0
Proxy:			<none>
Request params:	<none>
Query params:	scanId=0
Form params:	<none>
Path params:	<none>
Headers:		Accept=*/*
Cookies:		<none>
Multiparts:		<none>
Body:			<none>
HTTP/1.1 200 OK
Pragma: no-cache
Cache-Control: no-cache, no-store, must-revalidate
Content-Security-Policy: default-src 'none'; script-src 'self'; connect-src 'self'; child-src 'self'; img-src 'self' data:; font-src 'self' data:; style-src 'self'
Referrer-Policy: no-referrer
Access-Control-Allow-Methods: GET,POST,OPTIONS
Access-Control-Allow-Headers: ZAP-Header
X-Frame-Options: DENY
X-XSS-Protection: 1; mode=block
X-Content-Type-Options: nosniff
X-Clacks-Overhead: GNU Terry Pratchett
content-length: 15
Content-Type: application/json; charset=UTF-8

{
    "status": "17"
}
progresso : [17%] 
Request method:	GET
Request URI:	http://localhost:9092/JSON/ascan/view/status/?scanId=0
Proxy:			<none>
Request params:	<none>
Query params:	scanId=0
Form params:	<none>
Path params:	<none>
Headers:		Accept=*/*
Cookies:		<none>
Multiparts:		<none>
Body:			<none>
HTTP/1.1 200 OK
Pragma: no-cache
Cache-Control: no-cache, no-store, must-revalidate
Content-Security-Policy: default-src 'none'; script-src 'self'; connect-src 'self'; child-src 'self'; img-src 'self' data:; font-src 'self' data:; style-src 'self'
Referrer-Policy: no-referrer
Access-Control-Allow-Methods: GET,POST,OPTIONS
Access-Control-Allow-Headers: ZAP-Header
X-Frame-Options: DENY
X-XSS-Protection: 1; mode=block
X-Content-Type-Options: nosniff
X-Clacks-Overhead: GNU Terry Pratchett
content-length: 15
Content-Type: application/json; charset=UTF-8

{
    "status": "17"
}
progresso : [17%] 
Request method:	GET
Request URI:	http://localhost:9092/JSON/ascan/view/status/?scanId=0
Proxy:			<none>
Request params:	<none>
Query params:	scanId=0
Form params:	<none>
Path params:	<none>
Headers:		Accept=*/*
Cookies:		<none>
Multiparts:		<none>
Body:			<none>
HTTP/1.1 200 OK
Pragma: no-cache
Cache-Control: no-cache, no-store, must-revalidate
Content-Security-Policy: default-src 'none'; script-src 'self'; connect-src 'self'; child-src 'self'; img-src 'self' data:; font-src 'self' data:; style-src 'self'
Referrer-Policy: no-referrer
Access-Control-Allow-Methods: GET,POST,OPTIONS
Access-Control-Allow-Headers: ZAP-Header
X-Frame-Options: DENY
X-XSS-Protection: 1; mode=block
X-Content-Type-Options: nosniff
X-Clacks-Overhead: GNU Terry Pratchett
content-length: 15
Content-Type: application/json; charset=UTF-8

{
    "status": "17"
}
progresso : [17%] 
Request method:	GET
Request URI:	http://localhost:9092/JSON/ascan/view/status/?scanId=0
Proxy:			<none>
Request params:	<none>
Query params:	scanId=0
Form params:	<none>
Path params:	<none>
Headers:		Accept=*/*
Cookies:		<none>
Multiparts:		<none>
Body:			<none>
HTTP/1.1 200 OK
Pragma: no-cache
Cache-Control: no-cache, no-store, must-revalidate
Content-Security-Policy: default-src 'none'; script-src 'self'; connect-src 'self'; child-src 'self'; img-src 'self' data:; font-src 'self' data:; style-src 'self'
Referrer-Policy: no-referrer
Access-Control-Allow-Methods: GET,POST,OPTIONS
Access-Control-Allow-Headers: ZAP-Header
X-Frame-Options: DENY
X-XSS-Protection: 1; mode=block
X-Content-Type-Options: nosniff
X-Clacks-Overhead: GNU Terry Pratchett
content-length: 15
Content-Type: application/json; charset=UTF-8

{
    "status": "17"
}
progresso : [17%] 
Request method:	GET
Request URI:	http://localhost:9092/JSON/ascan/view/status/?scanId=0
Proxy:			<none>
Request params:	<none>
Query params:	scanId=0
Form params:	<none>
Path params:	<none>
Headers:		Accept=*/*
Cookies:		<none>
Multiparts:		<none>
Body:			<none>
HTTP/1.1 200 OK
Pragma: no-cache
Cache-Control: no-cache, no-store, must-revalidate
Content-Security-Policy: default-src 'none'; script-src 'self'; connect-src 'self'; child-src 'self'; img-src 'self' data:; font-src 'self' data:; style-src 'self'
Referrer-Policy: no-referrer
Access-Control-Allow-Methods: GET,POST,OPTIONS
Access-Control-Allow-Headers: ZAP-Header
X-Frame-Options: DENY
X-XSS-Protection: 1; mode=block
X-Content-Type-Options: nosniff
X-Clacks-Overhead: GNU Terry Pratchett
content-length: 15
Content-Type: application/json; charset=UTF-8

{
    "status": "17"
}
progresso : [17%] 
Request method:	GET
Request URI:	http://localhost:9092/JSON/ascan/view/status/?scanId=0
Proxy:			<none>
Request params:	<none>
Query params:	scanId=0
Form params:	<none>
Path params:	<none>
Headers:		Accept=*/*
Cookies:		<none>
Multiparts:		<none>
Body:			<none>
HTTP/1.1 200 OK
Pragma: no-cache
Cache-Control: no-cache, no-store, must-revalidate
Content-Security-Policy: default-src 'none'; script-src 'self'; connect-src 'self'; child-src 'self'; img-src 'self' data:; font-src 'self' data:; style-src 'self'
Referrer-Policy: no-referrer
Access-Control-Allow-Methods: GET,POST,OPTIONS
Access-Control-Allow-Headers: ZAP-Header
X-Frame-Options: DENY
X-XSS-Protection: 1; mode=block
X-Content-Type-Options: nosniff
X-Clacks-Overhead: GNU Terry Pratchett
content-length: 15
Content-Type: application/json; charset=UTF-8

{
    "status": "17"
}
progresso : [17%] 
Request method:	GET
Request URI:	http://localhost:9092/JSON/ascan/view/status/?scanId=0
Proxy:			<none>
Request params:	<none>
Query params:	scanId=0
Form params:	<none>
Path params:	<none>
Headers:		Accept=*/*
Cookies:		<none>
Multiparts:		<none>
Body:			<none>
HTTP/1.1 200 OK
Pragma: no-cache
Cache-Control: no-cache, no-store, must-revalidate
Content-Security-Policy: default-src 'none'; script-src 'self'; connect-src 'self'; child-src 'self'; img-src 'self' data:; font-src 'self' data:; style-src 'self'
Referrer-Policy: no-referrer
Access-Control-Allow-Methods: GET,POST,OPTIONS
Access-Control-Allow-Headers: ZAP-Header
X-Frame-Options: DENY
X-XSS-Protection: 1; mode=block
X-Content-Type-Options: nosniff
X-Clacks-Overhead: GNU Terry Pratchett
content-length: 15
Content-Type: application/json; charset=UTF-8

{
    "status": "17"
}
progresso : [17%] 
Request method:	GET
Request URI:	http://localhost:9092/JSON/ascan/view/status/?scanId=0
Proxy:			<none>
Request params:	<none>
Query params:	scanId=0
Form params:	<none>
Path params:	<none>
Headers:		Accept=*/*
Cookies:		<none>
Multiparts:		<none>
Body:			<none>
HTTP/1.1 200 OK
Pragma: no-cache
Cache-Control: no-cache, no-store, must-revalidate
Content-Security-Policy: default-src 'none'; script-src 'self'; connect-src 'self'; child-src 'self'; img-src 'self' data:; font-src 'self' data:; style-src 'self'
Referrer-Policy: no-referrer
Access-Control-Allow-Methods: GET,POST,OPTIONS
Access-Control-Allow-Headers: ZAP-Header
X-Frame-Options: DENY
X-XSS-Protection: 1; mode=block
X-Content-Type-Options: nosniff
X-Clacks-Overhead: GNU Terry Pratchett
content-length: 15
Content-Type: application/json; charset=UTF-8

{
    "status": "17"
}
progresso : [17%] 
Request method:	GET
Request URI:	http://localhost:9092/JSON/ascan/view/status/?scanId=0
Proxy:			<none>
Request params:	<none>
Query params:	scanId=0
Form params:	<none>
Path params:	<none>
Headers:		Accept=*/*
Cookies:		<none>
Multiparts:		<none>
Body:			<none>
HTTP/1.1 200 OK
Pragma: no-cache
Cache-Control: no-cache, no-store, must-revalidate
Content-Security-Policy: default-src 'none'; script-src 'self'; connect-src 'self'; child-src 'self'; img-src 'self' data:; font-src 'self' data:; style-src 'self'
Referrer-Policy: no-referrer
Access-Control-Allow-Methods: GET,POST,OPTIONS
Access-Control-Allow-Headers: ZAP-Header
X-Frame-Options: DENY
X-XSS-Protection: 1; mode=block
X-Content-Type-Options: nosniff
X-Clacks-Overhead: GNU Terry Pratchett
content-length: 15
Content-Type: application/json; charset=UTF-8

{
    "status": "17"
}
progresso : [17%] 
Request method:	GET
Request URI:	http://localhost:9092/JSON/ascan/view/status/?scanId=0
Proxy:			<none>
Request params:	<none>
Query params:	scanId=0
Form params:	<none>
Path params:	<none>
Headers:		Accept=*/*
Cookies:		<none>
Multiparts:		<none>
Body:			<none>
HTTP/1.1 200 OK
Pragma: no-cache
Cache-Control: no-cache, no-store, must-revalidate
Content-Security-Policy: default-src 'none'; script-src 'self'; connect-src 'self'; child-src 'self'; img-src 'self' data:; font-src 'self' data:; style-src 'self'
Referrer-Policy: no-referrer
Access-Control-Allow-Methods: GET,POST,OPTIONS
Access-Control-Allow-Headers: ZAP-Header
X-Frame-Options: DENY
X-XSS-Protection: 1; mode=block
X-Content-Type-Options: nosniff
X-Clacks-Overhead: GNU Terry Pratchett
content-length: 15
Content-Type: application/json; charset=UTF-8

{
    "status": "17"
}
progresso : [17%] 
Request method:	GET
Request URI:	http://localhost:9092/JSON/ascan/view/status/?scanId=0
Proxy:			<none>
Request params:	<none>
Query params:	scanId=0
Form params:	<none>
Path params:	<none>
Headers:		Accept=*/*
Cookies:		<none>
Multiparts:		<none>
Body:			<none>
HTTP/1.1 200 OK
Pragma: no-cache
Cache-Control: no-cache, no-store, must-revalidate
Content-Security-Policy: default-src 'none'; script-src 'self'; connect-src 'self'; child-src 'self'; img-src 'self' data:; font-src 'self' data:; style-src 'self'
Referrer-Policy: no-referrer
Access-Control-Allow-Methods: GET,POST,OPTIONS
Access-Control-Allow-Headers: ZAP-Header
X-Frame-Options: DENY
X-XSS-Protection: 1; mode=block
X-Content-Type-Options: nosniff
X-Clacks-Overhead: GNU Terry Pratchett
content-length: 15
Content-Type: application/json; charset=UTF-8

{
    "status": "17"
}
progresso : [17%] 
Request method:	GET
Request URI:	http://localhost:9092/JSON/ascan/view/status/?scanId=0
Proxy:			<none>
Request params:	<none>
Query params:	scanId=0
Form params:	<none>
Path params:	<none>
Headers:		Accept=*/*
Cookies:		<none>
Multiparts:		<none>
Body:			<none>
HTTP/1.1 200 OK
Pragma: no-cache
Cache-Control: no-cache, no-store, must-revalidate
Content-Security-Policy: default-src 'none'; script-src 'self'; connect-src 'self'; child-src 'self'; img-src 'self' data:; font-src 'self' data:; style-src 'self'
Referrer-Policy: no-referrer
Access-Control-Allow-Methods: GET,POST,OPTIONS
Access-Control-Allow-Headers: ZAP-Header
X-Frame-Options: DENY
X-XSS-Protection: 1; mode=block
X-Content-Type-Options: nosniff
X-Clacks-Overhead: GNU Terry Pratchett
content-length: 15
Content-Type: application/json; charset=UTF-8

{
    "status": "17"
}
progresso : [17%] 
Request method:	GET
Request URI:	http://localhost:9092/JSON/ascan/view/status/?scanId=0
Proxy:			<none>
Request params:	<none>
Query params:	scanId=0
Form params:	<none>
Path params:	<none>
Headers:		Accept=*/*
Cookies:		<none>
Multiparts:		<none>
Body:			<none>
HTTP/1.1 200 OK
Pragma: no-cache
Cache-Control: no-cache, no-store, must-revalidate
Content-Security-Policy: default-src 'none'; script-src 'self'; connect-src 'self'; child-src 'self'; img-src 'self' data:; font-src 'self' data:; style-src 'self'
Referrer-Policy: no-referrer
Access-Control-Allow-Methods: GET,POST,OPTIONS
Access-Control-Allow-Headers: ZAP-Header
X-Frame-Options: DENY
X-XSS-Protection: 1; mode=block
X-Content-Type-Options: nosniff
X-Clacks-Overhead: GNU Terry Pratchett
content-length: 15
Content-Type: application/json; charset=UTF-8

{
    "status": "17"
}
progresso : [17%] 
Request method:	GET
Request URI:	http://localhost:9092/JSON/ascan/view/status/?scanId=0
Proxy:			<none>
Request params:	<none>
Query params:	scanId=0
Form params:	<none>
Path params:	<none>
Headers:		Accept=*/*
Cookies:		<none>
Multiparts:		<none>
Body:			<none>
HTTP/1.1 200 OK
Pragma: no-cache
Cache-Control: no-cache, no-store, must-revalidate
Content-Security-Policy: default-src 'none'; script-src 'self'; connect-src 'self'; child-src 'self'; img-src 'self' data:; font-src 'self' data:; style-src 'self'
Referrer-Policy: no-referrer
Access-Control-Allow-Methods: GET,POST,OPTIONS
Access-Control-Allow-Headers: ZAP-Header
X-Frame-Options: DENY
X-XSS-Protection: 1; mode=block
X-Content-Type-Options: nosniff
X-Clacks-Overhead: GNU Terry Pratchett
content-length: 15
Content-Type: application/json; charset=UTF-8

{
    "status": "17"
}
progresso : [17%] 
Request method:	GET
Request URI:	http://localhost:9092/JSON/ascan/view/status/?scanId=0
Proxy:			<none>
Request params:	<none>
Query params:	scanId=0
Form params:	<none>
Path params:	<none>
Headers:		Accept=*/*
Cookies:		<none>
Multiparts:		<none>
Body:			<none>
HTTP/1.1 200 OK
Pragma: no-cache
Cache-Control: no-cache, no-store, must-revalidate
Content-Security-Policy: default-src 'none'; script-src 'self'; connect-src 'self'; child-src 'self'; img-src 'self' data:; font-src 'self' data:; style-src 'self'
Referrer-Policy: no-referrer
Access-Control-Allow-Methods: GET,POST,OPTIONS
Access-Control-Allow-Headers: ZAP-Header
X-Frame-Options: DENY
X-XSS-Protection: 1; mode=block
X-Content-Type-Options: nosniff
X-Clacks-Overhead: GNU Terry Pratchett
content-length: 15
Content-Type: application/json; charset=UTF-8

{
    "status": "17"
}
progresso : [17%] 
Request method:	GET
Request URI:	http://localhost:9092/JSON/ascan/view/status/?scanId=0
Proxy:			<none>
Request params:	<none>
Query params:	scanId=0
Form params:	<none>
Path params:	<none>
Headers:		Accept=*/*
Cookies:		<none>
Multiparts:		<none>
Body:			<none>
HTTP/1.1 200 OK
Pragma: no-cache
Cache-Control: no-cache, no-store, must-revalidate
Content-Security-Policy: default-src 'none'; script-src 'self'; connect-src 'self'; child-src 'self'; img-src 'self' data:; font-src 'self' data:; style-src 'self'
Referrer-Policy: no-referrer
Access-Control-Allow-Methods: GET,POST,OPTIONS
Access-Control-Allow-Headers: ZAP-Header
X-Frame-Options: DENY
X-XSS-Protection: 1; mode=block
X-Content-Type-Options: nosniff
X-Clacks-Overhead: GNU Terry Pratchett
content-length: 15
Content-Type: application/json; charset=UTF-8

{
    "status": "17"
}
progresso : [17%] 
Request method:	GET
Request URI:	http://localhost:9092/JSON/ascan/view/status/?scanId=0
Proxy:			<none>
Request params:	<none>
Query params:	scanId=0
Form params:	<none>
Path params:	<none>
Headers:		Accept=*/*
Cookies:		<none>
Multiparts:		<none>
Body:			<none>
HTTP/1.1 200 OK
Pragma: no-cache
Cache-Control: no-cache, no-store, must-revalidate
Content-Security-Policy: default-src 'none'; script-src 'self'; connect-src 'self'; child-src 'self'; img-src 'self' data:; font-src 'self' data:; style-src 'self'
Referrer-Policy: no-referrer
Access-Control-Allow-Methods: GET,POST,OPTIONS
Access-Control-Allow-Headers: ZAP-Header
X-Frame-Options: DENY
X-XSS-Protection: 1; mode=block
X-Content-Type-Options: nosniff
X-Clacks-Overhead: GNU Terry Pratchett
content-length: 15
Content-Type: application/json; charset=UTF-8

{
    "status": "17"
}
progresso : [17%] 
Request method:	GET
Request URI:	http://localhost:9092/JSON/ascan/view/status/?scanId=0
Proxy:			<none>
Request params:	<none>
Query params:	scanId=0
Form params:	<none>
Path params:	<none>
Headers:		Accept=*/*
Cookies:		<none>
Multiparts:		<none>
Body:			<none>
HTTP/1.1 200 OK
Pragma: no-cache
Cache-Control: no-cache, no-store, must-revalidate
Content-Security-Policy: default-src 'none'; script-src 'self'; connect-src 'self'; child-src 'self'; img-src 'self' data:; font-src 'self' data:; style-src 'self'
Referrer-Policy: no-referrer
Access-Control-Allow-Methods: GET,POST,OPTIONS
Access-Control-Allow-Headers: ZAP-Header
X-Frame-Options: DENY
X-XSS-Protection: 1; mode=block
X-Content-Type-Options: nosniff
X-Clacks-Overhead: GNU Terry Pratchett
content-length: 15
Content-Type: application/json; charset=UTF-8

{
    "status": "17"
}
progresso : [17%] 
Request method:	GET
Request URI:	http://localhost:9092/JSON/ascan/view/status/?scanId=0
Proxy:			<none>
Request params:	<none>
Query params:	scanId=0
Form params:	<none>
Path params:	<none>
Headers:		Accept=*/*
Cookies:		<none>
Multiparts:		<none>
Body:			<none>
HTTP/1.1 200 OK
Pragma: no-cache
Cache-Control: no-cache, no-store, must-revalidate
Content-Security-Policy: default-src 'none'; script-src 'self'; connect-src 'self'; child-src 'self'; img-src 'self' data:; font-src 'self' data:; style-src 'self'
Referrer-Policy: no-referrer
Access-Control-Allow-Methods: GET,POST,OPTIONS
Access-Control-Allow-Headers: ZAP-Header
X-Frame-Options: DENY
X-XSS-Protection: 1; mode=block
X-Content-Type-Options: nosniff
X-Clacks-Overhead: GNU Terry Pratchett
content-length: 15
Content-Type: application/json; charset=UTF-8

{
    "status": "18"
}
progresso : [18%] 
Request method:	GET
Request URI:	http://localhost:9092/JSON/ascan/view/status/?scanId=0
Proxy:			<none>
Request params:	<none>
Query params:	scanId=0
Form params:	<none>
Path params:	<none>
Headers:		Accept=*/*
Cookies:		<none>
Multiparts:		<none>
Body:			<none>
HTTP/1.1 200 OK
Pragma: no-cache
Cache-Control: no-cache, no-store, must-revalidate
Content-Security-Policy: default-src 'none'; script-src 'self'; connect-src 'self'; child-src 'self'; img-src 'self' data:; font-src 'self' data:; style-src 'self'
Referrer-Policy: no-referrer
Access-Control-Allow-Methods: GET,POST,OPTIONS
Access-Control-Allow-Headers: ZAP-Header
X-Frame-Options: DENY
X-XSS-Protection: 1; mode=block
X-Content-Type-Options: nosniff
X-Clacks-Overhead: GNU Terry Pratchett
content-length: 15
Content-Type: application/json; charset=UTF-8

{
    "status": "18"
}
progresso : [18%] 
Request method:	GET
Request URI:	http://localhost:9092/JSON/ascan/view/status/?scanId=0
Proxy:			<none>
Request params:	<none>
Query params:	scanId=0
Form params:	<none>
Path params:	<none>
Headers:		Accept=*/*
Cookies:		<none>
Multiparts:		<none>
Body:			<none>
HTTP/1.1 200 OK
Pragma: no-cache
Cache-Control: no-cache, no-store, must-revalidate
Content-Security-Policy: default-src 'none'; script-src 'self'; connect-src 'self'; child-src 'self'; img-src 'self' data:; font-src 'self' data:; style-src 'self'
Referrer-Policy: no-referrer
Access-Control-Allow-Methods: GET,POST,OPTIONS
Access-Control-Allow-Headers: ZAP-Header
X-Frame-Options: DENY
X-XSS-Protection: 1; mode=block
X-Content-Type-Options: nosniff
X-Clacks-Overhead: GNU Terry Pratchett
content-length: 15
Content-Type: application/json; charset=UTF-8

{
    "status": "18"
}
progresso : [18%] 
Request method:	GET
Request URI:	http://localhost:9092/JSON/ascan/view/status/?scanId=0
Proxy:			<none>
Request params:	<none>
Query params:	scanId=0
Form params:	<none>
Path params:	<none>
Headers:		Accept=*/*
Cookies:		<none>
Multiparts:		<none>
Body:			<none>
HTTP/1.1 200 OK
Pragma: no-cache
Cache-Control: no-cache, no-store, must-revalidate
Content-Security-Policy: default-src 'none'; script-src 'self'; connect-src 'self'; child-src 'self'; img-src 'self' data:; font-src 'self' data:; style-src 'self'
Referrer-Policy: no-referrer
Access-Control-Allow-Methods: GET,POST,OPTIONS
Access-Control-Allow-Headers: ZAP-Header
X-Frame-Options: DENY
X-XSS-Protection: 1; mode=block
X-Content-Type-Options: nosniff
X-Clacks-Overhead: GNU Terry Pratchett
content-length: 15
Content-Type: application/json; charset=UTF-8

{
    "status": "19"
}
progresso : [19%] 
Request method:	GET
Request URI:	http://localhost:9092/JSON/ascan/view/status/?scanId=0
Proxy:			<none>
Request params:	<none>
Query params:	scanId=0
Form params:	<none>
Path params:	<none>
Headers:		Accept=*/*
Cookies:		<none>
Multiparts:		<none>
Body:			<none>
HTTP/1.1 200 OK
Pragma: no-cache
Cache-Control: no-cache, no-store, must-revalidate
Content-Security-Policy: default-src 'none'; script-src 'self'; connect-src 'self'; child-src 'self'; img-src 'self' data:; font-src 'self' data:; style-src 'self'
Referrer-Policy: no-referrer
Access-Control-Allow-Methods: GET,POST,OPTIONS
Access-Control-Allow-Headers: ZAP-Header
X-Frame-Options: DENY
X-XSS-Protection: 1; mode=block
X-Content-Type-Options: nosniff
X-Clacks-Overhead: GNU Terry Pratchett
content-length: 15
Content-Type: application/json; charset=UTF-8

{
    "status": "19"
}
progresso : [19%] 
Request method:	GET
Request URI:	http://localhost:9092/JSON/ascan/view/status/?scanId=0
Proxy:			<none>
Request params:	<none>
Query params:	scanId=0
Form params:	<none>
Path params:	<none>
Headers:		Accept=*/*
Cookies:		<none>
Multiparts:		<none>
Body:			<none>
HTTP/1.1 200 OK
Pragma: no-cache
Cache-Control: no-cache, no-store, must-revalidate
Content-Security-Policy: default-src 'none'; script-src 'self'; connect-src 'self'; child-src 'self'; img-src 'self' data:; font-src 'self' data:; style-src 'self'
Referrer-Policy: no-referrer
Access-Control-Allow-Methods: GET,POST,OPTIONS
Access-Control-Allow-Headers: ZAP-Header
X-Frame-Options: DENY
X-XSS-Protection: 1; mode=block
X-Content-Type-Options: nosniff
X-Clacks-Overhead: GNU Terry Pratchett
content-length: 15
Content-Type: application/json; charset=UTF-8

{
    "status": "19"
}
progresso : [19%] 
Request method:	GET
Request URI:	http://localhost:9092/JSON/ascan/view/status/?scanId=0
Proxy:			<none>
Request params:	<none>
Query params:	scanId=0
Form params:	<none>
Path params:	<none>
Headers:		Accept=*/*
Cookies:		<none>
Multiparts:		<none>
Body:			<none>
HTTP/1.1 200 OK
Pragma: no-cache
Cache-Control: no-cache, no-store, must-revalidate
Content-Security-Policy: default-src 'none'; script-src 'self'; connect-src 'self'; child-src 'self'; img-src 'self' data:; font-src 'self' data:; style-src 'self'
Referrer-Policy: no-referrer
Access-Control-Allow-Methods: GET,POST,OPTIONS
Access-Control-Allow-Headers: ZAP-Header
X-Frame-Options: DENY
X-XSS-Protection: 1; mode=block
X-Content-Type-Options: nosniff
X-Clacks-Overhead: GNU Terry Pratchett
content-length: 15
Content-Type: application/json; charset=UTF-8

{
    "status": "19"
}
progresso : [19%] 
Request method:	GET
Request URI:	http://localhost:9092/JSON/ascan/view/status/?scanId=0
Proxy:			<none>
Request params:	<none>
Query params:	scanId=0
Form params:	<none>
Path params:	<none>
Headers:		Accept=*/*
Cookies:		<none>
Multiparts:		<none>
Body:			<none>
HTTP/1.1 200 OK
Pragma: no-cache
Cache-Control: no-cache, no-store, must-revalidate
Content-Security-Policy: default-src 'none'; script-src 'self'; connect-src 'self'; child-src 'self'; img-src 'self' data:; font-src 'self' data:; style-src 'self'
Referrer-Policy: no-referrer
Access-Control-Allow-Methods: GET,POST,OPTIONS
Access-Control-Allow-Headers: ZAP-Header
X-Frame-Options: DENY
X-XSS-Protection: 1; mode=block
X-Content-Type-Options: nosniff
X-Clacks-Overhead: GNU Terry Pratchett
content-length: 15
Content-Type: application/json; charset=UTF-8

{
    "status": "19"
}
progresso : [19%] 
Request method:	GET
Request URI:	http://localhost:9092/JSON/ascan/view/status/?scanId=0
Proxy:			<none>
Request params:	<none>
Query params:	scanId=0
Form params:	<none>
Path params:	<none>
Headers:		Accept=*/*
Cookies:		<none>
Multiparts:		<none>
Body:			<none>
HTTP/1.1 200 OK
Pragma: no-cache
Cache-Control: no-cache, no-store, must-revalidate
Content-Security-Policy: default-src 'none'; script-src 'self'; connect-src 'self'; child-src 'self'; img-src 'self' data:; font-src 'self' data:; style-src 'self'
Referrer-Policy: no-referrer
Access-Control-Allow-Methods: GET,POST,OPTIONS
Access-Control-Allow-Headers: ZAP-Header
X-Frame-Options: DENY
X-XSS-Protection: 1; mode=block
X-Content-Type-Options: nosniff
X-Clacks-Overhead: GNU Terry Pratchett
content-length: 15
Content-Type: application/json; charset=UTF-8

{
    "status": "19"
}
progresso : [19%] 
Request method:	GET
Request URI:	http://localhost:9092/JSON/ascan/view/status/?scanId=0
Proxy:			<none>
Request params:	<none>
Query params:	scanId=0
Form params:	<none>
Path params:	<none>
Headers:		Accept=*/*
Cookies:		<none>
Multiparts:		<none>
Body:			<none>
HTTP/1.1 200 OK
Pragma: no-cache
Cache-Control: no-cache, no-store, must-revalidate
Content-Security-Policy: default-src 'none'; script-src 'self'; connect-src 'self'; child-src 'self'; img-src 'self' data:; font-src 'self' data:; style-src 'self'
Referrer-Policy: no-referrer
Access-Control-Allow-Methods: GET,POST,OPTIONS
Access-Control-Allow-Headers: ZAP-Header
X-Frame-Options: DENY
X-XSS-Protection: 1; mode=block
X-Content-Type-Options: nosniff
X-Clacks-Overhead: GNU Terry Pratchett
content-length: 15
Content-Type: application/json; charset=UTF-8

{
    "status": "19"
}
progresso : [19%] 
Request method:	GET
Request URI:	http://localhost:9092/JSON/ascan/view/status/?scanId=0
Proxy:			<none>
Request params:	<none>
Query params:	scanId=0
Form params:	<none>
Path params:	<none>
Headers:		Accept=*/*
Cookies:		<none>
Multiparts:		<none>
Body:			<none>
HTTP/1.1 200 OK
Pragma: no-cache
Cache-Control: no-cache, no-store, must-revalidate
Content-Security-Policy: default-src 'none'; script-src 'self'; connect-src 'self'; child-src 'self'; img-src 'self' data:; font-src 'self' data:; style-src 'self'
Referrer-Policy: no-referrer
Access-Control-Allow-Methods: GET,POST,OPTIONS
Access-Control-Allow-Headers: ZAP-Header
X-Frame-Options: DENY
X-XSS-Protection: 1; mode=block
X-Content-Type-Options: nosniff
X-Clacks-Overhead: GNU Terry Pratchett
content-length: 15
Content-Type: application/json; charset=UTF-8

{
    "status": "20"
}
progresso : [20%] 
Request method:	GET
Request URI:	http://localhost:9092/JSON/ascan/view/status/?scanId=0
Proxy:			<none>
Request params:	<none>
Query params:	scanId=0
Form params:	<none>
Path params:	<none>
Headers:		Accept=*/*
Cookies:		<none>
Multiparts:		<none>
Body:			<none>
HTTP/1.1 200 OK
Pragma: no-cache
Cache-Control: no-cache, no-store, must-revalidate
Content-Security-Policy: default-src 'none'; script-src 'self'; connect-src 'self'; child-src 'self'; img-src 'self' data:; font-src 'self' data:; style-src 'self'
Referrer-Policy: no-referrer
Access-Control-Allow-Methods: GET,POST,OPTIONS
Access-Control-Allow-Headers: ZAP-Header
X-Frame-Options: DENY
X-XSS-Protection: 1; mode=block
X-Content-Type-Options: nosniff
X-Clacks-Overhead: GNU Terry Pratchett
content-length: 15
Content-Type: application/json; charset=UTF-8

{
    "status": "21"
}
progresso : [21%] 
Request method:	GET
Request URI:	http://localhost:9092/JSON/ascan/view/status/?scanId=0
Proxy:			<none>
Request params:	<none>
Query params:	scanId=0
Form params:	<none>
Path params:	<none>
Headers:		Accept=*/*
Cookies:		<none>
Multiparts:		<none>
Body:			<none>
HTTP/1.1 200 OK
Pragma: no-cache
Cache-Control: no-cache, no-store, must-revalidate
Content-Security-Policy: default-src 'none'; script-src 'self'; connect-src 'self'; child-src 'self'; img-src 'self' data:; font-src 'self' data:; style-src 'self'
Referrer-Policy: no-referrer
Access-Control-Allow-Methods: GET,POST,OPTIONS
Access-Control-Allow-Headers: ZAP-Header
X-Frame-Options: DENY
X-XSS-Protection: 1; mode=block
X-Content-Type-Options: nosniff
X-Clacks-Overhead: GNU Terry Pratchett
content-length: 15
Content-Type: application/json; charset=UTF-8

{
    "status": "21"
}
progresso : [21%] 
Request method:	GET
Request URI:	http://localhost:9092/JSON/ascan/view/status/?scanId=0
Proxy:			<none>
Request params:	<none>
Query params:	scanId=0
Form params:	<none>
Path params:	<none>
Headers:		Accept=*/*
Cookies:		<none>
Multiparts:		<none>
Body:			<none>
HTTP/1.1 200 OK
Pragma: no-cache
Cache-Control: no-cache, no-store, must-revalidate
Content-Security-Policy: default-src 'none'; script-src 'self'; connect-src 'self'; child-src 'self'; img-src 'self' data:; font-src 'self' data:; style-src 'self'
Referrer-Policy: no-referrer
Access-Control-Allow-Methods: GET,POST,OPTIONS
Access-Control-Allow-Headers: ZAP-Header
X-Frame-Options: DENY
X-XSS-Protection: 1; mode=block
X-Content-Type-Options: nosniff
X-Clacks-Overhead: GNU Terry Pratchett
content-length: 16
Content-Type: application/json; charset=UTF-8

{
    "status": "100"
}
progresso : [100%] 
 Ya se llego al 100% !!!!
Request method:	GET
Request URI:	http://localhost:9092/HTML/ascan/view/scanProgress/?scanId=0
Proxy:			<none>
Request params:	<none>
Query params:	scanId=0
Form params:	<none>
Path params:	<none>
Headers:		Accept=*/*
Cookies:		<none>
Multiparts:		<none>
Body:			<none>
HTTP/1.1 200 OK
Pragma: no-cache
Cache-Control: no-cache, no-store, must-revalidate
Content-Security-Policy: default-src 'none'; script-src 'self'; connect-src 'self'; child-src 'self'; img-src 'self' data:; font-src 'self' data:; style-src 'self'
Referrer-Policy: no-referrer
Access-Control-Allow-Methods: GET,POST,OPTIONS
Access-Control-Allow-Headers: ZAP-Header
X-Frame-Options: DENY
X-XSS-Protection: 1; mode=block
X-Content-Type-Options: nosniff
X-Clacks-Overhead: GNU Terry Pratchett
content-length: 33262
Content-Type: text/html; charset=UTF-8

<html>
  <head/>
  <body>
    <h2>scanProgress</h2>
    <table border="1">
      <tr>
        <td colspan="1" rowspan="1">
          <table border="1">
            <tr>
              <td colspan="1" rowspan="1">
id</td>
              <td colspan="1" rowspan="1">
https://www.fairplay.com.bo</td>
            </tr>
          </table>
        </td>
      </tr>
      <tr>
        <td colspan="1" rowspan="1">
          <h2>HostProcess</h2>
          <table border="1">
            <tr>
              <td colspan="1" rowspan="1">
                <h2>Plugin</h2>
                <table border="1">
                  <tr>
                    <td colspan="1" rowspan="1">
                      <table border="1">
                        <tr>
                          <td colspan="1" rowspan="1">
name</td>
                          <td colspan="1" rowspan="1">
Path Traversal</td>
                        </tr>
                      </table>
                    </td>
                  </tr>
                  <tr>
                    <td colspan="1" rowspan="1">
                      <table border="1">
                        <tr>
                          <td colspan="1" rowspan="1">
id</td>
                          <td colspan="1" rowspan="1">
6</td>
                        </tr>
                      </table>
                    </td>
                  </tr>
                  <tr>
                    <td colspan="1" rowspan="1">
                      <table border="1">
                        <tr>
                          <td colspan="1" rowspan="1">
quality</td>
                          <td colspan="1" rowspan="1">
release</td>
                        </tr>
                      </table>
                    </td>
                  </tr>
                  <tr>
                    <td colspan="1" rowspan="1">
                      <table border="1">
                        <tr>
                          <td colspan="1" rowspan="1">
status</td>
                          <td colspan="1" rowspan="1">
Complete</td>
                        </tr>
                      </table>
                    </td>
                  </tr>
                  <tr>
                    <td colspan="1" rowspan="1">
                      <table border="1">
                        <tr>
                          <td colspan="1" rowspan="1">
timeInMs</td>
                          <td colspan="1" rowspan="1">
350743</td>
                        </tr>
                      </table>
                    </td>
                  </tr>
                  <tr>
                    <td colspan="1" rowspan="1">
                      <table border="1">
                        <tr>
                          <td colspan="1" rowspan="1">
reqCount</td>
                          <td colspan="1" rowspan="1">
4797</td>
                        </tr>
                      </table>
                    </td>
                  </tr>
                  <tr>
                    <td colspan="1" rowspan="1">
                      <table border="1">
                        <tr>
                          <td colspan="1" rowspan="1">
alertCount</td>
                          <td colspan="1" rowspan="1">
0</td>
                        </tr>
                      </table>
                    </td>
                  </tr>
                </table>
              </td>
            </tr>
            <tr>
              <td colspan="1" rowspan="1">
                <h2>Plugin</h2>
                <table border="1">
                  <tr>
                    <td colspan="1" rowspan="1">
                      <table border="1">
                        <tr>
                          <td colspan="1" rowspan="1">
name</td>
                          <td colspan="1" rowspan="1">
Remote File Inclusion</td>
                        </tr>
                      </table>
                    </td>
                  </tr>
                  <tr>
                    <td colspan="1" rowspan="1">
                      <table border="1">
                        <tr>
                          <td colspan="1" rowspan="1">
id</td>
                          <td colspan="1" rowspan="1">
7</td>
                        </tr>
                      </table>
                    </td>
                  </tr>
                  <tr>
                    <td colspan="1" rowspan="1">
                      <table border="1">
                        <tr>
                          <td colspan="1" rowspan="1">
quality</td>
                          <td colspan="1" rowspan="1">
release</td>
                        </tr>
                      </table>
                    </td>
                  </tr>
                  <tr>
                    <td colspan="1" rowspan="1">
                      <table border="1">
                        <tr>
                          <td colspan="1" rowspan="1">
status</td>
                          <td colspan="1" rowspan="1">
Complete</td>
                        </tr>
                      </table>
                    </td>
                  </tr>
                  <tr>
                    <td colspan="1" rowspan="1">
                      <table border="1">
                        <tr>
                          <td colspan="1" rowspan="1">
timeInMs</td>
                          <td colspan="1" rowspan="1">
203886</td>
                        </tr>
                      </table>
                    </td>
                  </tr>
                  <tr>
                    <td colspan="1" rowspan="1">
                      <table border="1">
                        <tr>
                          <td colspan="1" rowspan="1">
reqCount</td>
                          <td colspan="1" rowspan="1">
2770</td>
                        </tr>
                      </table>
                    </td>
                  </tr>
                  <tr>
                    <td colspan="1" rowspan="1">
                      <table border="1">
                        <tr>
                          <td colspan="1" rowspan="1">
alertCount</td>
                          <td colspan="1" rowspan="1">
0</td>
                        </tr>
                      </table>
                    </td>
                  </tr>
                </table>
              </td>
            </tr>
            <tr>
              <td colspan="1" rowspan="1">
                <h2>Plugin</h2>
                <table border="1">
                  <tr>
                    <td colspan="1" rowspan="1">
                      <table border="1">
                        <tr>
                          <td colspan="1" rowspan="1">
name</td>
                          <td colspan="1" rowspan="1">
Heartbleed OpenSSL Vulnerability</td>
                        </tr>
                      </table>
                    </td>
                  </tr>
                  <tr>
                    <td colspan="1" rowspan="1">
                      <table border="1">
                        <tr>
                          <td colspan="1" rowspan="1">
id</td>
                          <td colspan="1" rowspan="1">
20015</td>
                        </tr>
                      </table>
                    </td>
                  </tr>
                  <tr>
                    <td colspan="1" rowspan="1">
                      <table border="1">
                        <tr>
                          <td colspan="1" rowspan="1">
quality</td>
                          <td colspan="1" rowspan="1">
release</td>
                        </tr>
                      </table>
                    </td>
                  </tr>
                  <tr>
                    <td colspan="1" rowspan="1">
                      <table border="1">
                        <tr>
                          <td colspan="1" rowspan="1">
status</td>
                          <td colspan="1" rowspan="1">
Complete</td>
                        </tr>
                      </table>
                    </td>
                  </tr>
                  <tr>
                    <td colspan="1" rowspan="1">
                      <table border="1">
                        <tr>
                          <td colspan="1" rowspan="1">
timeInMs</td>
                          <td colspan="1" rowspan="1">
150</td>
                        </tr>
                      </table>
                    </td>
                  </tr>
                  <tr>
                    <td colspan="1" rowspan="1">
                      <table border="1">
                        <tr>
                          <td colspan="1" rowspan="1">
reqCount</td>
                          <td colspan="1" rowspan="1">
0</td>
                        </tr>
                      </table>
                    </td>
                  </tr>
                  <tr>
                    <td colspan="1" rowspan="1">
                      <table border="1">
                        <tr>
                          <td colspan="1" rowspan="1">
alertCount</td>
                          <td colspan="1" rowspan="1">
0</td>
                        </tr>
                      </table>
                    </td>
                  </tr>
                </table>
              </td>
            </tr>
            <tr>
              <td colspan="1" rowspan="1">
                <h2>Plugin</h2>
                <table border="1">
                  <tr>
                    <td colspan="1" rowspan="1">
                      <table border="1">
                        <tr>
                          <td colspan="1" rowspan="1">
name</td>
                          <td colspan="1" rowspan="1">
Source Code Disclosure - /WEB-INF folder</td>
                        </tr>
                      </table>
                    </td>
                  </tr>
                  <tr>
                    <td colspan="1" rowspan="1">
                      <table border="1">
                        <tr>
                          <td colspan="1" rowspan="1">
id</td>
                          <td colspan="1" rowspan="1">
10045</td>
                        </tr>
                      </table>
                    </td>
                  </tr>
                  <tr>
                    <td colspan="1" rowspan="1">
                      <table border="1">
                        <tr>
                          <td colspan="1" rowspan="1">
quality</td>
                          <td colspan="1" rowspan="1">
release</td>
                        </tr>
                      </table>
                    </td>
                  </tr>
                  <tr>
                    <td colspan="1" rowspan="1">
                      <table border="1">
                        <tr>
                          <td colspan="1" rowspan="1">
status</td>
                          <td colspan="1" rowspan="1">
Complete</td>
                        </tr>
                      </table>
                    </td>
                  </tr>
                  <tr>
                    <td colspan="1" rowspan="1">
                      <table border="1">
                        <tr>
                          <td colspan="1" rowspan="1">
timeInMs</td>
                          <td colspan="1" rowspan="1">
59847</td>
                        </tr>
                      </table>
                    </td>
                  </tr>
                  <tr>
                    <td colspan="1" rowspan="1">
                      <table border="1">
                        <tr>
                          <td colspan="1" rowspan="1">
reqCount</td>
                          <td colspan="1" rowspan="1">
36</td>
                        </tr>
                      </table>
                    </td>
                  </tr>
                  <tr>
                    <td colspan="1" rowspan="1">
                      <table border="1">
                        <tr>
                          <td colspan="1" rowspan="1">
alertCount</td>
                          <td colspan="1" rowspan="1">
0</td>
                        </tr>
                      </table>
                    </td>
                  </tr>
                </table>
              </td>
            </tr>
            <tr>
              <td colspan="1" rowspan="1">
                <h2>Plugin</h2>
                <table border="1">
                  <tr>
                    <td colspan="1" rowspan="1">
                      <table border="1">
                        <tr>
                          <td colspan="1" rowspan="1">
name</td>
                          <td colspan="1" rowspan="1">
Source Code Disclosure - CVE-2012-1823</td>
                        </tr>
                      </table>
                    </td>
                  </tr>
                  <tr>
                    <td colspan="1" rowspan="1">
                      <table border="1">
                        <tr>
                          <td colspan="1" rowspan="1">
id</td>
                          <td colspan="1" rowspan="1">
20017</td>
                        </tr>
                      </table>
                    </td>
                  </tr>
                  <tr>
                    <td colspan="1" rowspan="1">
                      <table border="1">
                        <tr>
                          <td colspan="1" rowspan="1">
quality</td>
                          <td colspan="1" rowspan="1">
release</td>
                        </tr>
                      </table>
                    </td>
                  </tr>
                  <tr>
                    <td colspan="1" rowspan="1">
                      <table border="1">
                        <tr>
                          <td colspan="1" rowspan="1">
status</td>
                          <td colspan="1" rowspan="1">
Complete</td>
                        </tr>
                      </table>
                    </td>
                  </tr>
                  <tr>
                    <td colspan="1" rowspan="1">
                      <table border="1">
                        <tr>
                          <td colspan="1" rowspan="1">
timeInMs</td>
                          <td colspan="1" rowspan="1">
59698</td>
                        </tr>
                      </table>
                    </td>
                  </tr>
                  <tr>
                    <td colspan="1" rowspan="1">
                      <table border="1">
                        <tr>
                          <td colspan="1" rowspan="1">
reqCount</td>
                          <td colspan="1" rowspan="1">
50</td>
                        </tr>
                      </table>
                    </td>
                  </tr>
                  <tr>
                    <td colspan="1" rowspan="1">
                      <table border="1">
                        <tr>
                          <td colspan="1" rowspan="1">
alertCount</td>
                          <td colspan="1" rowspan="1">
0</td>
                        </tr>
                      </table>
                    </td>
                  </tr>
                </table>
              </td>
            </tr>
            <tr>
              <td colspan="1" rowspan="1">
                <h2>Plugin</h2>
                <table border="1">
                  <tr>
                    <td colspan="1" rowspan="1">
                      <table border="1">
                        <tr>
                          <td colspan="1" rowspan="1">
name</td>
                          <td colspan="1" rowspan="1">
Remote Code Execution - CVE-2012-1823</td>
                        </tr>
                      </table>
                    </td>
                  </tr>
                  <tr>
                    <td colspan="1" rowspan="1">
                      <table border="1">
                        <tr>
                          <td colspan="1" rowspan="1">
id</td>
                          <td colspan="1" rowspan="1">
20018</td>
                        </tr>
                      </table>
                    </td>
                  </tr>
                  <tr>
                    <td colspan="1" rowspan="1">
                      <table border="1">
                        <tr>
                          <td colspan="1" rowspan="1">
quality</td>
                          <td colspan="1" rowspan="1">
release</td>
                        </tr>
                      </table>
                    </td>
                  </tr>
                  <tr>
                    <td colspan="1" rowspan="1">
                      <table border="1">
                        <tr>
                          <td colspan="1" rowspan="1">
status</td>
                          <td colspan="1" rowspan="1">
Complete</td>
                        </tr>
                      </table>
                    </td>
                  </tr>
                  <tr>
                    <td colspan="1" rowspan="1">
                      <table border="1">
                        <tr>
                          <td colspan="1" rowspan="1">
timeInMs</td>
                          <td colspan="1" rowspan="1">
34512</td>
                        </tr>
                      </table>
                    </td>
                  </tr>
                  <tr>
                    <td colspan="1" rowspan="1">
                      <table border="1">
                        <tr>
                          <td colspan="1" rowspan="1">
reqCount</td>
                          <td colspan="1" rowspan="1">
236</td>
                        </tr>
                      </table>
                    </td>
                  </tr>
                  <tr>
                    <td colspan="1" rowspan="1">
                      <table border="1">
                        <tr>
                          <td colspan="1" rowspan="1">
alertCount</td>
                          <td colspan="1" rowspan="1">
0</td>
                        </tr>
                      </table>
                    </td>
                  </tr>
                </table>
              </td>
            </tr>
            <tr>
              <td colspan="1" rowspan="1">
                <h2>Plugin</h2>
                <table border="1">
                  <tr>
                    <td colspan="1" rowspan="1">
                      <table border="1">
                        <tr>
                          <td colspan="1" rowspan="1">
name</td>
                          <td colspan="1" rowspan="1">
External Redirect</td>
                        </tr>
                      </table>
                    </td>
                  </tr>
                  <tr>
                    <td colspan="1" rowspan="1">
                      <table border="1">
                        <tr>
                          <td colspan="1" rowspan="1">
id</td>
                          <td colspan="1" rowspan="1">
20019</td>
                        </tr>
                      </table>
                    </td>
                  </tr>
                  <tr>
                    <td colspan="1" rowspan="1">
                      <table border="1">
                        <tr>
                          <td colspan="1" rowspan="1">
quality</td>
                          <td colspan="1" rowspan="1">
release</td>
                        </tr>
                      </table>
                    </td>
                  </tr>
                  <tr>
                    <td colspan="1" rowspan="1">
                      <table border="1">
                        <tr>
                          <td colspan="1" rowspan="1">
status</td>
                          <td colspan="1" rowspan="1">
Complete</td>
                        </tr>
                      </table>
                    </td>
                  </tr>
                  <tr>
                    <td colspan="1" rowspan="1">
                      <table border="1">
                        <tr>
                          <td colspan="1" rowspan="1">
timeInMs</td>
                          <td colspan="1" rowspan="1">
185566</td>
                        </tr>
                      </table>
                    </td>
                  </tr>
                  <tr>
                    <td colspan="1" rowspan="1">
                      <table border="1">
                        <tr>
                          <td colspan="1" rowspan="1">
reqCount</td>
                          <td colspan="1" rowspan="1">
2493</td>
                        </tr>
                      </table>
                    </td>
                  </tr>
                  <tr>
                    <td colspan="1" rowspan="1">
                      <table border="1">
                        <tr>
                          <td colspan="1" rowspan="1">
alertCount</td>
                          <td colspan="1" rowspan="1">
0</td>
                        </tr>
                      </table>
                    </td>
                  </tr>
                </table>
              </td>
            </tr>
            <tr>
              <td colspan="1" rowspan="1">
                <h2>Plugin</h2>
                <table border="1">
                  <tr>
                    <td colspan="1" rowspan="1">
                      <table border="1">
                        <tr>
                          <td colspan="1" rowspan="1">
name</td>
                          <td colspan="1" rowspan="1">
Server Side Include</td>
                        </tr>
                      </table>
                    </td>
                  </tr>
                  <tr>
                    <td colspan="1" rowspan="1">
                      <table border="1">
                        <tr>
                          <td colspan="1" rowspan="1">
id</td>
                          <td colspan="1" rowspan="1">
40009</td>
                        </tr>
                      </table>
                    </td>
                  </tr>
                  <tr>
                    <td colspan="1" rowspan="1">
                      <table border="1">
                        <tr>
                          <td colspan="1" rowspan="1">
quality</td>
                          <td colspan="1" rowspan="1">
release</td>
                        </tr>
                      </table>
                    </td>
                  </tr>
                  <tr>
                    <td colspan="1" rowspan="1">
                      <table border="1">
                        <tr>
                          <td colspan="1" rowspan="1">
status</td>
                          <td colspan="1" rowspan="1">
Complete</td>
                        </tr>
                      </table>
                    </td>
                  </tr>
                  <tr>
                    <td colspan="1" rowspan="1">
                      <table border="1">
                        <tr>
                          <td colspan="1" rowspan="1">
timeInMs</td>
                          <td colspan="1" rowspan="1">
91496</td>
                        </tr>
                      </table>
                    </td>
                  </tr>
                  <tr>
                    <td colspan="1" rowspan="1">
                      <table border="1">
                        <tr>
                          <td colspan="1" rowspan="1">
reqCount</td>
                          <td colspan="1" rowspan="1">
1108</td>
                        </tr>
                      </table>
                    </td>
                  </tr>
                  <tr>
                    <td colspan="1" rowspan="1">
                      <table border="1">
                        <tr>
                          <td colspan="1" rowspan="1">
alertCount</td>
                          <td colspan="1" rowspan="1">
0</td>
                        </tr>
                      </table>
                    </td>
                  </tr>
                </table>
              </td>
            </tr>
            <tr>
              <td colspan="1" rowspan="1">
                <h2>Plugin</h2>
                <table border="1">
                  <tr>
                    <td colspan="1" rowspan="1">
                      <table border="1">
                        <tr>
                          <td colspan="1" rowspan="1">
name</td>
                          <td colspan="1" rowspan="1">
Cross Site Scripting (Reflected)</td>
                        </tr>
                      </table>
                    </td>
                  </tr>
                  <tr>
                    <td colspan="1" rowspan="1">
                      <table border="1">
                        <tr>
                          <td colspan="1" rowspan="1">
id</td>
                          <td colspan="1" rowspan="1">
40012</td>
                        </tr>
                      </table>
                    </td>
                  </tr>
                  <tr>
                    <td colspan="1" rowspan="1">
                      <table border="1">
                        <tr>
                          <td colspan="1" rowspan="1">
quality</td>
                          <td colspan="1" rowspan="1">
release</td>
                        </tr>
                      </table>
                    </td>
                  </tr>
                  <tr>
                    <td colspan="1" rowspan="1">
                      <table border="1">
                        <tr>
                          <td colspan="1" rowspan="1">
status</td>
                          <td colspan="1" rowspan="1">
Complete</td>
                        </tr>
                      </table>
                    </td>
                  </tr>
                  <tr>
                    <td colspan="1" rowspan="1">
                      <table border="1">
                        <tr>
                          <td colspan="1" rowspan="1">
timeInMs</td>
                          <td colspan="1" rowspan="1">
110872</td>
                        </tr>
                      </table>
                    </td>
                  </tr>
                  <tr>
                    <td colspan="1" rowspan="1">
                      <table border="1">
                        <tr>
                          <td colspan="1" rowspan="1">
reqCount</td>
                          <td colspan="1" rowspan="1">
1362</td>
                        </tr>
                      </table>
                    </td>
                  </tr>
                  <tr>
                    <td colspan="1" rowspan="1">
                      <table border="1">
                        <tr>
                          <td colspan="1" rowspan="1">
alertCount</td>
                          <td colspan="1" rowspan="1">
0</td>
                        </tr>
                      </table>
                    </td>
                  </tr>
                </table>
              </td>
            </tr>
            <tr>
              <td colspan="1" rowspan="1">
                <h2>Plugin</h2>
                <table border="1">
                  <tr>
                    <td colspan="1" rowspan="1">
                      <table border="1">
                        <tr>
                          <td colspan="1" rowspan="1">
name</td>
                          <td colspan="1" rowspan="1">
Cross Site Scripting (Persistent) - Prime</td>
                        </tr>
                      </table>
                    </td>
                  </tr>
                  <tr>
                    <td colspan="1" rowspan="1">
                      <table border="1">
                        <tr>
                          <td colspan="1" rowspan="1">
id</td>
                          <td colspan="1" rowspan="1">
40016</td>
                        </tr>
                      </table>
                    </td>
                  </tr>
                  <tr>
                    <td colspan="1" rowspan="1">
                      <table border="1">
                        <tr>
                          <td colspan="1" rowspan="1">
quality</td>
                          <td colspan="1" rowspan="1">
release</td>
                        </tr>
                      </table>
                    </td>
                  </tr>
                  <tr>
                    <td colspan="1" rowspan="1">
                      <table border="1">
                        <tr>
                          <td colspan="1" rowspan="1">
status</td>
                          <td colspan="1" rowspan="1">
Complete</td>
                        </tr>
                      </table>
                    </td>
                  </tr>
                  <tr>
                    <td colspan="1" rowspan="1">
                      <table border="1">
                        <tr>
                          <td colspan="1" rowspan="1">
timeInMs</td>
                          <td colspan="1" rowspan="1">
33842</td>
                        </tr>
                      </table>
                    </td>
                  </tr>
                  <tr>
                    <td colspan="1" rowspan="1">
                      <table border="1">
                        <tr>
                          <td colspan="1" rowspan="1">
reqCount</td>
                          <td colspan="1" rowspan="1">
277</td>
                        </tr>
                      </table>
                    </td>
                  </tr>
                  <tr>
                    <td colspan="1" rowspan="1">
                      <table border="1">
                        <tr>
                          <td colspan="1" rowspan="1">
alertCount</td>
                          <td colspan="1" rowspan="1">
0</td>
                        </tr>
                      </table>
                    </td>
                  </tr>
                </table>
              </td>
            </tr>
            <tr>
              <td colspan="1" rowspan="1">
                <h2>Plugin</h2>
                <table border="1">
                  <tr>
                    <td colspan="1" rowspan="1">
                      <table border="1">
                        <tr>
                          <td colspan="1" rowspan="1">
name</td>
                          <td colspan="1" rowspan="1">
Cross Site Scripting (Persistent) - Spider</td>
                        </tr>
                      </table>
                    </td>
                  </tr>
                  <tr>
                    <td colspan="1" rowspan="1">
                      <table border="1">
                        <tr>
                          <td colspan="1" rowspan="1">
id</td>
                          <td colspan="1" rowspan="1">
40017</td>
                        </tr>
                      </table>
                    </td>
                  </tr>
                  <tr>
                    <td colspan="1" rowspan="1">
                      <table border="1">
                        <tr>
                          <td colspan="1" rowspan="1">
quality</td>
                          <td colspan="1" rowspan="1">
release</td>
                        </tr>
                      </table>
                    </td>
                  </tr>
                  <tr>
                    <td colspan="1" rowspan="1">
                      <table border="1">
                        <tr>
                          <td colspan="1" rowspan="1">
status</td>
                          <td colspan="1" rowspan="1">
Complete</td>
                        </tr>
                      </table>
                    </td>
                  </tr>
                  <tr>
                    <td colspan="1" rowspan="1">
                      <table border="1">
                        <tr>
                          <td colspan="1" rowspan="1">
timeInMs</td>
                          <td colspan="1" rowspan="1">
3744</td>
                        </tr>
                      </table>
                    </td>
                  </tr>
                  <tr>
                    <td colspan="1" rowspan="1">
                      <table border="1">
                        <tr>
                          <td colspan="1" rowspan="1">
reqCount</td>
                          <td colspan="1" rowspan="1">
30</td>
                        </tr>
                      </table>
                    </td>
                  </tr>
                  <tr>
                    <td colspan="1" rowspan="1">
                      <table border="1">
                        <tr>
                          <td colspan="1" rowspan="1">
alertCount</td>
                          <td colspan="1" rowspan="1">
0</td>
                        </tr>
                      </table>
                    </td>
                  </tr>
                </table>
              </td>
            </tr>
            <tr>
              <td colspan="1" rowspan="1">
                <h2>Plugin</h2>
                <table border="1">
                  <tr>
                    <td colspan="1" rowspan="1">
                      <table border="1">
                        <tr>
                          <td colspan="1" rowspan="1">
name</td>
                          <td colspan="1" rowspan="1">
Cross Site Scripting (Persistent)</td>
                        </tr>
                      </table>
                    </td>
                  </tr>
                  <tr>
                    <td colspan="1" rowspan="1">
                      <table border="1">
                        <tr>
                          <td colspan="1" rowspan="1">
id</td>
                          <td colspan="1" rowspan="1">
40014</td>
                        </tr>
                      </table>
                    </td>
                  </tr>
                  <tr>
                    <td colspan="1" rowspan="1">
                      <table border="1">
                        <tr>
                          <td colspan="1" rowspan="1">
quality</td>
                          <td colspan="1" rowspan="1">
release</td>
                        </tr>
                      </table>
                    </td>
                  </tr>
                  <tr>
                    <td colspan="1" rowspan="1">
                      <table border="1">
                        <tr>
                          <td colspan="1" rowspan="1">
status</td>
                          <td colspan="1" rowspan="1">
Pending</td>
                        </tr>
                      </table>
                    </td>
                  </tr>
                  <tr>
                    <td colspan="1" rowspan="1">
                      <table border="1">
                        <tr>
                          <td colspan="1" rowspan="1">
timeInMs</td>
                          <td colspan="1" rowspan="1">
0</td>
                        </tr>
                      </table>
                    </td>
                  </tr>
                  <tr>
                    <td colspan="1" rowspan="1">
                      <table border="1">
                        <tr>
                          <td colspan="1" rowspan="1">
reqCount</td>
                          <td colspan="1" rowspan="1">
0</td>
                        </tr>
                      </table>
                    </td>
                  </tr>
                  <tr>
                    <td colspan="1" rowspan="1">
                      <table border="1">
                        <tr>
                          <td colspan="1" rowspan="1">
alertCount</td>
                          <td colspan="1" rowspan="1">
0</td>
                        </tr>
                      </table>
                    </td>
                  </tr>
                </table>
              </td>
            </tr>
            <tr>
              <td colspan="1" rowspan="1">
                <h2>Plugin</h2>
                <table border="1">
                  <tr>
                    <td colspan="1" rowspan="1">
                      <table border="1">
                        <tr>
                          <td colspan="1" rowspan="1">
name</td>
                          <td colspan="1" rowspan="1">
SQL Injection</td>
                        </tr>
                      </table>
                    </td>
                  </tr>
                  <tr>
                    <td colspan="1" rowspan="1">
                      <table border="1">
                        <tr>
                          <td colspan="1" rowspan="1">
id</td>
                          <td colspan="1" rowspan="1">
40018</td>
                        </tr>
                      </table>
                    </td>
                  </tr>
                  <tr>
                    <td colspan="1" rowspan="1">
                      <table border="1">
                        <tr>
                          <td colspan="1" rowspan="1">
quality</td>
                          <td colspan="1" rowspan="1">
release</td>
                        </tr>
                      </table>
                    </td>
                  </tr>
                  <tr>
                    <td colspan="1" rowspan="1">
                      <table border="1">
                        <tr>
                          <td colspan="1" rowspan="1">
status</td>
                          <td colspan="1" rowspan="1">
Pending</td>
                        </tr>
                      </table>
                    </td>
                  </tr>
                  <tr>
                    <td colspan="1" rowspan="1">
                      <table border="1">
                        <tr>
                          <td colspan="1" rowspan="1">
timeInMs</td>
                          <td colspan="1" rowspan="1">
0</td>
                        </tr>
                      </table>
                    </td>
                  </tr>
                  <tr>
                    <td colspan="1" rowspan="1">
                      <table border="1">
                        <tr>
                          <td colspan="1" rowspan="1">
reqCount</td>
                          <td colspan="1" rowspan="1">
0</td>
                        </tr>
                      </table>
                    </td>
                  </tr>
                  <tr>
                    <td colspan="1" rowspan="1">
                      <table border="1">
                        <tr>
                          <td colspan="1" rowspan="1">
alertCount</td>
                          <td colspan="1" rowspan="1">
0</td>
                        </tr>
                      </table>
                    </td>
                  </tr>
                </table>
              </td>
            </tr>
            <tr>
              <td colspan="1" rowspan="1">
                <h2>Plugin</h2>
                <table border="1">
                  <tr>
                    <td colspan="1" rowspan="1">
                      <table border="1">
                        <tr>
                          <td colspan="1" rowspan="1">
name</td>
                          <td colspan="1" rowspan="1">
SQL Injection - MySQL</td>
                        </tr>
                      </table>
                    </td>
                  </tr>
                  <tr>
                    <td colspan="1" rowspan="1">
                      <table border="1">
                        <tr>
                          <td colspan="1" rowspan="1">
id</td>
                          <td colspan="1" rowspan="1">
40019</td>
                        </tr>
                      </table>
                    </td>
                  </tr>
                  <tr>
                    <td colspan="1" rowspan="1">
                      <table border="1">
                        <tr>
                          <td colspan="1" rowspan="1">
quality</td>
                          <td colspan="1" rowspan="1">
release</td>
                        </tr>
                      </table>
                    </td>
                  </tr>
                  <tr>
                    <td colspan="1" rowspan="1">
                      <table border="1">
                        <tr>
                          <td colspan="1" rowspan="1">
status</td>
                          <td colspan="1" rowspan="1">
Pending</td>
                        </tr>
                      </table>
                    </td>
                  </tr>
                  <tr>
                    <td colspan="1" rowspan="1">
                      <table border="1">
                        <tr>
                          <td colspan="1" rowspan="1">
timeInMs</td>
                          <td colspan="1" rowspan="1">
0</td>
                        </tr>
                      </table>
                    </td>
                  </tr>
                  <tr>
                    <td colspan="1" rowspan="1">
                      <table border="1">
                        <tr>
                          <td colspan="1" rowspan="1">
reqCount</td>
                          <td colspan="1" rowspan="1">
0</td>
                        </tr>
                      </table>
                    </td>
                  </tr>
                  <tr>
                    <td colspan="1" rowspan="1">
                      <table border="1">
                        <tr>
                          <td colspan="1" rowspan="1">
alertCount</td>
                          <td colspan="1" rowspan="1">
0</td>
                        </tr>
                      </table>
                    </td>
                  </tr>
                </table>
              </td>
            </tr>
            <tr>
              <td colspan="1" rowspan="1">
                <h2>Plugin</h2>
                <table border="1">
                  <tr>
                    <td colspan="1" rowspan="1">
                      <table border="1">
                        <tr>
                          <td colspan="1" rowspan="1">
name</td>
                          <td colspan="1" rowspan="1">
SQL Injection - Hypersonic SQL</td>
                        </tr>
                      </table>
                    </td>
                  </tr>
                  <tr>
                    <td colspan="1" rowspan="1">
                      <table border="1">
                        <tr>
                          <td colspan="1" rowspan="1">
id</td>
                          <td colspan="1" rowspan="1">
40020</td>
                        </tr>
                      </table>
                    </td>
                  </tr>
                  <tr>
                    <td colspan="1" rowspan="1">
                      <table border="1">
                        <tr>
                          <td colspan="1" rowspan="1">
quality</td>
                          <td colspan="1" rowspan="1">
release</td>
                        </tr>
                      </table>
                    </td>
                  </tr>
                  <tr>
                    <td colspan="1" rowspan="1">
                      <table border="1">
                        <tr>
                          <td colspan="1" rowspan="1">
status</td>
                          <td colspan="1" rowspan="1">
Pending</td>
                        </tr>
                      </table>
                    </td>
                  </tr>
                  <tr>
                    <td colspan="1" rowspan="1">
                      <table border="1">
                        <tr>
                          <td colspan="1" rowspan="1">
timeInMs</td>
                          <td colspan="1" rowspan="1">
0</td>
                        </tr>
                      </table>
                    </td>
                  </tr>
                  <tr>
                    <td colspan="1" rowspan="1">
                      <table border="1">
                        <tr>
                          <td colspan="1" rowspan="1">
reqCount</td>
                          <td colspan="1" rowspan="1">
0</td>
                        </tr>
                      </table>
                    </td>
                  </tr>
                  <tr>
                    <td colspan="1" rowspan="1">
                      <table border="1">
                        <tr>
                          <td colspan="1" rowspan="1">
alertCount</td>
                          <td colspan="1" rowspan="1">
0</td>
                        </tr>
                      </table>
                    </td>
                  </tr>
                </table>
              </td>
            </tr>
            <tr>
              <td colspan="1" rowspan="1">
                <h2>Plugin</h2>
                <table border="1">
                  <tr>
                    <td colspan="1" rowspan="1">
                      <table border="1">
                        <tr>
                          <td colspan="1" rowspan="1">
name</td>
                          <td colspan="1" rowspan="1">
SQL Injection - Oracle</td>
                        </tr>
                      </table>
                    </td>
                  </tr>
                  <tr>
                    <td colspan="1" rowspan="1">
                      <table border="1">
                        <tr>
                          <td colspan="1" rowspan="1">
id</td>
                          <td colspan="1" rowspan="1">
40021</td>
                        </tr>
                      </table>
                    </td>
                  </tr>
                  <tr>
                    <td colspan="1" rowspan="1">
                      <table border="1">
                        <tr>
                          <td colspan="1" rowspan="1">
quality</td>
                          <td colspan="1" rowspan="1">
release</td>
                        </tr>
                      </table>
                    </td>
                  </tr>
                  <tr>
                    <td colspan="1" rowspan="1">
                      <table border="1">
                        <tr>
                          <td colspan="1" rowspan="1">
status</td>
                          <td colspan="1" rowspan="1">
Pending</td>
                        </tr>
                      </table>
                    </td>
                  </tr>
                  <tr>
                    <td colspan="1" rowspan="1">
                      <table border="1">
                        <tr>
                          <td colspan="1" rowspan="1">
timeInMs</td>
                          <td colspan="1" rowspan="1">
0</td>
                        </tr>
                      </table>
                    </td>
                  </tr>
                  <tr>
                    <td colspan="1" rowspan="1">
                      <table border="1">
                        <tr>
                          <td colspan="1" rowspan="1">
reqCount</td>
                          <td colspan="1" rowspan="1">
0</td>
                        </tr>
                      </table>
                    </td>
                  </tr>
                  <tr>
                    <td colspan="1" rowspan="1">
                      <table border="1">
                        <tr>
                          <td colspan="1" rowspan="1">
alertCount</td>
                          <td colspan="1" rowspan="1">
0</td>
                        </tr>
                      </table>
                    </td>
                  </tr>
                </table>
              </td>
            </tr>
            <tr>
              <td colspan="1" rowspan="1">
                <h2>Plugin</h2>
                <table border="1">
                  <tr>
                    <td colspan="1" rowspan="1">
                      <table border="1">
                        <tr>
                          <td colspan="1" rowspan="1">
name</td>
                          <td colspan="1" rowspan="1">
SQL Injection - PostgreSQL</td>
                        </tr>
                      </table>
                    </td>
                  </tr>
                  <tr>
                    <td colspan="1" rowspan="1">
                      <table border="1">
                        <tr>
                          <td colspan="1" rowspan="1">
id</td>
                          <td colspan="1" rowspan="1">
40022</td>
                        </tr>
                      </table>
                    </td>
                  </tr>
                  <tr>
                    <td colspan="1" rowspan="1">
                      <table border="1">
                        <tr>
                          <td colspan="1" rowspan="1">
quality</td>
                          <td colspan="1" rowspan="1">
release</td>
                        </tr>
                      </table>
                    </td>
                  </tr>
                  <tr>
                    <td colspan="1" rowspan="1">
                      <table border="1">
                        <tr>
                          <td colspan="1" rowspan="1">
status</td>
                          <td colspan="1" rowspan="1">
Pending</td>
                        </tr>
                      </table>
                    </td>
                  </tr>
                  <tr>
                    <td colspan="1" rowspan="1">
                      <table border="1">
                        <tr>
                          <td colspan="1" rowspan="1">
timeInMs</td>
                          <td colspan="1" rowspan="1">
0</td>
                        </tr>
                      </table>
                    </td>
                  </tr>
                  <tr>
                    <td colspan="1" rowspan="1">
                      <table border="1">
                        <tr>
                          <td colspan="1" rowspan="1">
reqCount</td>
                          <td colspan="1" rowspan="1">
0</td>
                        </tr>
                      </table>
                    </td>
                  </tr>
                  <tr>
                    <td colspan="1" rowspan="1">
                      <table border="1">
                        <tr>
                          <td colspan="1" rowspan="1">
alertCount</td>
                          <td colspan="1" rowspan="1">
0</td>
                        </tr>
                      </table>
                    </td>
                  </tr>
                </table>
              </td>
            </tr>
            <tr>
              <td colspan="1" rowspan="1">
                <h2>Plugin</h2>
                <table border="1">
                  <tr>
                    <td colspan="1" rowspan="1">
                      <table border="1">
                        <tr>
                          <td colspan="1" rowspan="1">
name</td>
                          <td colspan="1" rowspan="1">
SQL Injection - SQLite</td>
                        </tr>
                      </table>
                    </td>
                  </tr>
                  <tr>
                    <td colspan="1" rowspan="1">
                      <table border="1">
                        <tr>
                          <td colspan="1" rowspan="1">
id</td>
                          <td colspan="1" rowspan="1">
40024</td>
                        </tr>
                      </table>
                    </td>
                  </tr>
                  <tr>
                    <td colspan="1" rowspan="1">
                      <table border="1">
                        <tr>
                          <td colspan="1" rowspan="1">
quality</td>
                          <td colspan="1" rowspan="1">
release</td>
                        </tr>
                      </table>
                    </td>
                  </tr>
                  <tr>
                    <td colspan="1" rowspan="1">
                      <table border="1">
                        <tr>
                          <td colspan="1" rowspan="1">
status</td>
                          <td colspan="1" rowspan="1">
Pending</td>
                        </tr>
                      </table>
                    </td>
                  </tr>
                  <tr>
                    <td colspan="1" rowspan="1">
                      <table border="1">
                        <tr>
                          <td colspan="1" rowspan="1">
timeInMs</td>
                          <td colspan="1" rowspan="1">
0</td>
                        </tr>
                      </table>
                    </td>
                  </tr>
                  <tr>
                    <td colspan="1" rowspan="1">
                      <table border="1">
                        <tr>
                          <td colspan="1" rowspan="1">
reqCount</td>
                          <td colspan="1" rowspan="1">
0</td>
                        </tr>
                      </table>
                    </td>
                  </tr>
                  <tr>
                    <td colspan="1" rowspan="1">
                      <table border="1">
                        <tr>
                          <td colspan="1" rowspan="1">
alertCount</td>
                          <td colspan="1" rowspan="1">
0</td>
                        </tr>
                      </table>
                    </td>
                  </tr>
                </table>
              </td>
            </tr>
            <tr>
              <td colspan="1" rowspan="1">
                <h2>Plugin</h2>
                <table border="1">
                  <tr>
                    <td colspan="1" rowspan="1">
                      <table border="1">
                        <tr>
                          <td colspan="1" rowspan="1">
name</td>
                          <td colspan="1" rowspan="1">
Cross Site Scripting (DOM Based)</td>
                        </tr>
                      </table>
                    </td>
                  </tr>
                  <tr>
                    <td colspan="1" rowspan="1">
                      <table border="1">
                        <tr>
                          <td colspan="1" rowspan="1">
id</td>
                          <td colspan="1" rowspan="1">
40026</td>
                        </tr>
                      </table>
                    </td>
                  </tr>
                  <tr>
                    <td colspan="1" rowspan="1">
                      <table border="1">
                        <tr>
                          <td colspan="1" rowspan="1">
quality</td>
                          <td colspan="1" rowspan="1">
release</td>
                        </tr>
                      </table>
                    </td>
                  </tr>
                  <tr>
                    <td colspan="1" rowspan="1">
                      <table border="1">
                        <tr>
                          <td colspan="1" rowspan="1">
status</td>
                          <td colspan="1" rowspan="1">
Pending</td>
                        </tr>
                      </table>
                    </td>
                  </tr>
                  <tr>
                    <td colspan="1" rowspan="1">
                      <table border="1">
                        <tr>
                          <td colspan="1" rowspan="1">
timeInMs</td>
                          <td colspan="1" rowspan="1">
0</td>
                        </tr>
                      </table>
                    </td>
                  </tr>
                  <tr>
                    <td colspan="1" rowspan="1">
                      <table border="1">
                        <tr>
                          <td colspan="1" rowspan="1">
reqCount</td>
                          <td colspan="1" rowspan="1">
0</td>
                        </tr>
                      </table>
                    </td>
                  </tr>
                  <tr>
                    <td colspan="1" rowspan="1">
                      <table border="1">
                        <tr>
                          <td colspan="1" rowspan="1">
alertCount</td>
                          <td colspan="1" rowspan="1">
0</td>
                        </tr>
                      </table>
                    </td>
                  </tr>
                </table>
              </td>
            </tr>
            <tr>
              <td colspan="1" rowspan="1">
                <h2>Plugin</h2>
                <table border="1">
                  <tr>
                    <td colspan="1" rowspan="1">
                      <table border="1">
                        <tr>
                          <td colspan="1" rowspan="1">
name</td>
                          <td colspan="1" rowspan="1">
SQL Injection - MsSQL</td>
                        </tr>
                      </table>
                    </td>
                  </tr>
                  <tr>
                    <td colspan="1" rowspan="1">
                      <table border="1">
                        <tr>
                          <td colspan="1" rowspan="1">
id</td>
                          <td colspan="1" rowspan="1">
40027</td>
                        </tr>
                      </table>
                    </td>
                  </tr>
                  <tr>
                    <td colspan="1" rowspan="1">
                      <table border="1">
                        <tr>
                          <td colspan="1" rowspan="1">
quality</td>
                          <td colspan="1" rowspan="1">
release</td>
                        </tr>
                      </table>
                    </td>
                  </tr>
                  <tr>
                    <td colspan="1" rowspan="1">
                      <table border="1">
                        <tr>
                          <td colspan="1" rowspan="1">
status</td>
                          <td colspan="1" rowspan="1">
Pending</td>
                        </tr>
                      </table>
                    </td>
                  </tr>
                  <tr>
                    <td colspan="1" rowspan="1">
                      <table border="1">
                        <tr>
                          <td colspan="1" rowspan="1">
timeInMs</td>
                          <td colspan="1" rowspan="1">
0</td>
                        </tr>
                      </table>
                    </td>
                  </tr>
                  <tr>
                    <td colspan="1" rowspan="1">
                      <table border="1">
                        <tr>
                          <td colspan="1" rowspan="1">
reqCount</td>
                          <td colspan="1" rowspan="1">
0</td>
                        </tr>
                      </table>
                    </td>
                  </tr>
                  <tr>
                    <td colspan="1" rowspan="1">
                      <table border="1">
                        <tr>
                          <td colspan="1" rowspan="1">
alertCount</td>
                          <td colspan="1" rowspan="1">
0</td>
                        </tr>
                      </table>
                    </td>
                  </tr>
                </table>
              </td>
            </tr>
            <tr>
              <td colspan="1" rowspan="1">
                <h2>Plugin</h2>
                <table border="1">
                  <tr>
                    <td colspan="1" rowspan="1">
                      <table border="1">
                        <tr>
                          <td colspan="1" rowspan="1">
name</td>
                          <td colspan="1" rowspan="1">
Log4Shell</td>
                        </tr>
                      </table>
                    </td>
                  </tr>
                  <tr>
                    <td colspan="1" rowspan="1">
                      <table border="1">
                        <tr>
                          <td colspan="1" rowspan="1">
id</td>
                          <td colspan="1" rowspan="1">
40043</td>
                        </tr>
                      </table>
                    </td>
                  </tr>
                  <tr>
                    <td colspan="1" rowspan="1">
                      <table border="1">
                        <tr>
                          <td colspan="1" rowspan="1">
quality</td>
                          <td colspan="1" rowspan="1">
release</td>
                        </tr>
                      </table>
                    </td>
                  </tr>
                  <tr>
                    <td colspan="1" rowspan="1">
                      <table border="1">
                        <tr>
                          <td colspan="1" rowspan="1">
status</td>
                          <td colspan="1" rowspan="1">
Pending</td>
                        </tr>
                      </table>
                    </td>
                  </tr>
                  <tr>
                    <td colspan="1" rowspan="1">
                      <table border="1">
                        <tr>
                          <td colspan="1" rowspan="1">
timeInMs</td>
                          <td colspan="1" rowspan="1">
0</td>
                        </tr>
                      </table>
                    </td>
                  </tr>
                  <tr>
                    <td colspan="1" rowspan="1">
                      <table border="1">
                        <tr>
                          <td colspan="1" rowspan="1">
reqCount</td>
                          <td colspan="1" rowspan="1">
0</td>
                        </tr>
                      </table>
                    </td>
                  </tr>
                  <tr>
                    <td colspan="1" rowspan="1">
                      <table border="1">
                        <tr>
                          <td colspan="1" rowspan="1">
alertCount</td>
                          <td colspan="1" rowspan="1">
0</td>
                        </tr>
                      </table>
                    </td>
                  </tr>
                </table>
              </td>
            </tr>
            <tr>
              <td colspan="1" rowspan="1">
                <h2>Plugin</h2>
                <table border="1">
                  <tr>
                    <td colspan="1" rowspan="1">
                      <table border="1">
                        <tr>
                          <td colspan="1" rowspan="1">
name</td>
                          <td colspan="1" rowspan="1">
Spring4Shell</td>
                        </tr>
                      </table>
                    </td>
                  </tr>
                  <tr>
                    <td colspan="1" rowspan="1">
                      <table border="1">
                        <tr>
                          <td colspan="1" rowspan="1">
id</td>
                          <td colspan="1" rowspan="1">
40045</td>
                        </tr>
                      </table>
                    </td>
                  </tr>
                  <tr>
                    <td colspan="1" rowspan="1">
                      <table border="1">
                        <tr>
                          <td colspan="1" rowspan="1">
quality</td>
                          <td colspan="1" rowspan="1">
release</td>
                        </tr>
                      </table>
                    </td>
                  </tr>
                  <tr>
                    <td colspan="1" rowspan="1">
                      <table border="1">
                        <tr>
                          <td colspan="1" rowspan="1">
status</td>
                          <td colspan="1" rowspan="1">
Pending</td>
                        </tr>
                      </table>
                    </td>
                  </tr>
                  <tr>
                    <td colspan="1" rowspan="1">
                      <table border="1">
                        <tr>
                          <td colspan="1" rowspan="1">
timeInMs</td>
                          <td colspan="1" rowspan="1">
0</td>
                        </tr>
                      </table>
                    </td>
                  </tr>
                  <tr>
                    <td colspan="1" rowspan="1">
                      <table border="1">
                        <tr>
                          <td colspan="1" rowspan="1">
reqCount</td>
                          <td colspan="1" rowspan="1">
0</td>
                        </tr>
                      </table>
                    </td>
                  </tr>
                  <tr>
                    <td colspan="1" rowspan="1">
                      <table border="1">
                        <tr>
                          <td colspan="1" rowspan="1">
alertCount</td>
                          <td colspan="1" rowspan="1">
0</td>
                        </tr>
                      </table>
                    </td>
                  </tr>
                </table>
              </td>
            </tr>
            <tr>
              <td colspan="1" rowspan="1">
                <h2>Plugin</h2>
                <table border="1">
                  <tr>
                    <td colspan="1" rowspan="1">
                      <table border="1">
                        <tr>
                          <td colspan="1" rowspan="1">
name</td>
                          <td colspan="1" rowspan="1">
Server Side Code Injection</td>
                        </tr>
                      </table>
                    </td>
                  </tr>
                  <tr>
                    <td colspan="1" rowspan="1">
                      <table border="1">
                        <tr>
                          <td colspan="1" rowspan="1">
id</td>
                          <td colspan="1" rowspan="1">
90019</td>
                        </tr>
                      </table>
                    </td>
                  </tr>
                  <tr>
                    <td colspan="1" rowspan="1">
                      <table border="1">
                        <tr>
                          <td colspan="1" rowspan="1">
quality</td>
                          <td colspan="1" rowspan="1">
release</td>
                        </tr>
                      </table>
                    </td>
                  </tr>
                  <tr>
                    <td colspan="1" rowspan="1">
                      <table border="1">
                        <tr>
                          <td colspan="1" rowspan="1">
status</td>
                          <td colspan="1" rowspan="1">
Pending</td>
                        </tr>
                      </table>
                    </td>
                  </tr>
                  <tr>
                    <td colspan="1" rowspan="1">
                      <table border="1">
                        <tr>
                          <td colspan="1" rowspan="1">
timeInMs</td>
                          <td colspan="1" rowspan="1">
0</td>
                        </tr>
                      </table>
                    </td>
                  </tr>
                  <tr>
                    <td colspan="1" rowspan="1">
                      <table border="1">
                        <tr>
                          <td colspan="1" rowspan="1">
reqCount</td>
                          <td colspan="1" rowspan="1">
0</td>
                        </tr>
                      </table>
                    </td>
                  </tr>
                  <tr>
                    <td colspan="1" rowspan="1">
                      <table border="1">
                        <tr>
                          <td colspan="1" rowspan="1">
alertCount</td>
                          <td colspan="1" rowspan="1">
0</td>
                        </tr>
                      </table>
                    </td>
                  </tr>
                </table>
              </td>
            </tr>
            <tr>
              <td colspan="1" rowspan="1">
                <h2>Plugin</h2>
                <table border="1">
                  <tr>
                    <td colspan="1" rowspan="1">
                      <table border="1">
                        <tr>
                          <td colspan="1" rowspan="1">
name</td>
                          <td colspan="1" rowspan="1">
Remote OS Command Injection</td>
                        </tr>
                      </table>
                    </td>
                  </tr>
                  <tr>
                    <td colspan="1" rowspan="1">
                      <table border="1">
                        <tr>
                          <td colspan="1" rowspan="1">
id</td>
                          <td colspan="1" rowspan="1">
90020</td>
                        </tr>
                      </table>
                    </td>
                  </tr>
                  <tr>
                    <td colspan="1" rowspan="1">
                      <table border="1">
                        <tr>
                          <td colspan="1" rowspan="1">
quality</td>
                          <td colspan="1" rowspan="1">
release</td>
                        </tr>
                      </table>
                    </td>
                  </tr>
                  <tr>
                    <td colspan="1" rowspan="1">
                      <table border="1">
                        <tr>
                          <td colspan="1" rowspan="1">
status</td>
                          <td colspan="1" rowspan="1">
Pending</td>
                        </tr>
                      </table>
                    </td>
                  </tr>
                  <tr>
                    <td colspan="1" rowspan="1">
                      <table border="1">
                        <tr>
                          <td colspan="1" rowspan="1">
timeInMs</td>
                          <td colspan="1" rowspan="1">
0</td>
                        </tr>
                      </table>
                    </td>
                  </tr>
                  <tr>
                    <td colspan="1" rowspan="1">
                      <table border="1">
                        <tr>
                          <td colspan="1" rowspan="1">
reqCount</td>
                          <td colspan="1" rowspan="1">
0</td>
                        </tr>
                      </table>
                    </td>
                  </tr>
                  <tr>
                    <td colspan="1" rowspan="1">
                      <table border="1">
                        <tr>
                          <td colspan="1" rowspan="1">
alertCount</td>
                          <td colspan="1" rowspan="1">
0</td>
                        </tr>
                      </table>
                    </td>
                  </tr>
                </table>
              </td>
            </tr>
            <tr>
              <td colspan="1" rowspan="1">
                <h2>Plugin</h2>
                <table border="1">
                  <tr>
                    <td colspan="1" rowspan="1">
                      <table border="1">
                        <tr>
                          <td colspan="1" rowspan="1">
name</td>
                          <td colspan="1" rowspan="1">
XPath Injection</td>
                        </tr>
                      </table>
                    </td>
                  </tr>
                  <tr>
                    <td colspan="1" rowspan="1">
                      <table border="1">
                        <tr>
                          <td colspan="1" rowspan="1">
id</td>
                          <td colspan="1" rowspan="1">
90021</td>
                        </tr>
                      </table>
                    </td>
                  </tr>
                  <tr>
                    <td colspan="1" rowspan="1">
                      <table border="1">
                        <tr>
                          <td colspan="1" rowspan="1">
quality</td>
                          <td colspan="1" rowspan="1">
release</td>
                        </tr>
                      </table>
                    </td>
                  </tr>
                  <tr>
                    <td colspan="1" rowspan="1">
                      <table border="1">
                        <tr>
                          <td colspan="1" rowspan="1">
status</td>
                          <td colspan="1" rowspan="1">
Pending</td>
                        </tr>
                      </table>
                    </td>
                  </tr>
                  <tr>
                    <td colspan="1" rowspan="1">
                      <table border="1">
                        <tr>
                          <td colspan="1" rowspan="1">
timeInMs</td>
                          <td colspan="1" rowspan="1">
0</td>
                        </tr>
                      </table>
                    </td>
                  </tr>
                  <tr>
                    <td colspan="1" rowspan="1">
                      <table border="1">
                        <tr>
                          <td colspan="1" rowspan="1">
reqCount</td>
                          <td colspan="1" rowspan="1">
0</td>
                        </tr>
                      </table>
                    </td>
                  </tr>
                  <tr>
                    <td colspan="1" rowspan="1">
                      <table border="1">
                        <tr>
                          <td colspan="1" rowspan="1">
alertCount</td>
                          <td colspan="1" rowspan="1">
0</td>
                        </tr>
                      </table>
                    </td>
                  </tr>
                </table>
              </td>
            </tr>
            <tr>
              <td colspan="1" rowspan="1">
                <h2>Plugin</h2>
                <table border="1">
                  <tr>
                    <td colspan="1" rowspan="1">
                      <table border="1">
                        <tr>
                          <td colspan="1" rowspan="1">
name</td>
                          <td colspan="1" rowspan="1">
XML External Entity Attack</td>
                        </tr>
                      </table>
                    </td>
                  </tr>
                  <tr>
                    <td colspan="1" rowspan="1">
                      <table border="1">
                        <tr>
                          <td colspan="1" rowspan="1">
id</td>
                          <td colspan="1" rowspan="1">
90023</td>
                        </tr>
                      </table>
                    </td>
                  </tr>
                  <tr>
                    <td colspan="1" rowspan="1">
                      <table border="1">
                        <tr>
                          <td colspan="1" rowspan="1">
quality</td>
                          <td colspan="1" rowspan="1">
release</td>
                        </tr>
                      </table>
                    </td>
                  </tr>
                  <tr>
                    <td colspan="1" rowspan="1">
                      <table border="1">
                        <tr>
                          <td colspan="1" rowspan="1">
status</td>
                          <td colspan="1" rowspan="1">
Pending</td>
                        </tr>
                      </table>
                    </td>
                  </tr>
                  <tr>
                    <td colspan="1" rowspan="1">
                      <table border="1">
                        <tr>
                          <td colspan="1" rowspan="1">
timeInMs</td>
                          <td colspan="1" rowspan="1">
0</td>
                        </tr>
                      </table>
                    </td>
                  </tr>
                  <tr>
                    <td colspan="1" rowspan="1">
                      <table border="1">
                        <tr>
                          <td colspan="1" rowspan="1">
reqCount</td>
                          <td colspan="1" rowspan="1">
0</td>
                        </tr>
                      </table>
                    </td>
                  </tr>
                  <tr>
                    <td colspan="1" rowspan="1">
                      <table border="1">
                        <tr>
                          <td colspan="1" rowspan="1">
alertCount</td>
                          <td colspan="1" rowspan="1">
0</td>
                        </tr>
                      </table>
                    </td>
                  </tr>
                </table>
              </td>
            </tr>
            <tr>
              <td colspan="1" rowspan="1">
                <h2>Plugin</h2>
                <table border="1">
                  <tr>
                    <td colspan="1" rowspan="1">
                      <table border="1">
                        <tr>
                          <td colspan="1" rowspan="1">
name</td>
                          <td colspan="1" rowspan="1">
Generic Padding Oracle</td>
                        </tr>
                      </table>
                    </td>
                  </tr>
                  <tr>
                    <td colspan="1" rowspan="1">
                      <table border="1">
                        <tr>
                          <td colspan="1" rowspan="1">
id</td>
                          <td colspan="1" rowspan="1">
90024</td>
                        </tr>
                      </table>
                    </td>
                  </tr>
                  <tr>
                    <td colspan="1" rowspan="1">
                      <table border="1">
                        <tr>
                          <td colspan="1" rowspan="1">
quality</td>
                          <td colspan="1" rowspan="1">
release</td>
                        </tr>
                      </table>
                    </td>
                  </tr>
                  <tr>
                    <td colspan="1" rowspan="1">
                      <table border="1">
                        <tr>
                          <td colspan="1" rowspan="1">
status</td>
                          <td colspan="1" rowspan="1">
Pending</td>
                        </tr>
                      </table>
                    </td>
                  </tr>
                  <tr>
                    <td colspan="1" rowspan="1">
                      <table border="1">
                        <tr>
                          <td colspan="1" rowspan="1">
timeInMs</td>
                          <td colspan="1" rowspan="1">
0</td>
                        </tr>
                      </table>
                    </td>
                  </tr>
                  <tr>
                    <td colspan="1" rowspan="1">
                      <table border="1">
                        <tr>
                          <td colspan="1" rowspan="1">
reqCount</td>
                          <td colspan="1" rowspan="1">
0</td>
                        </tr>
                      </table>
                    </td>
                  </tr>
                  <tr>
                    <td colspan="1" rowspan="1">
                      <table border="1">
                        <tr>
                          <td colspan="1" rowspan="1">
alertCount</td>
                          <td colspan="1" rowspan="1">
0</td>
                        </tr>
                      </table>
                    </td>
                  </tr>
                </table>
              </td>
            </tr>
            <tr>
              <td colspan="1" rowspan="1">
                <h2>Plugin</h2>
                <table border="1">
                  <tr>
                    <td colspan="1" rowspan="1">
                      <table border="1">
                        <tr>
                          <td colspan="1" rowspan="1">
name</td>
                          <td colspan="1" rowspan="1">
Cloud Metadata Potentially Exposed</td>
                        </tr>
                      </table>
                    </td>
                  </tr>
                  <tr>
                    <td colspan="1" rowspan="1">
                      <table border="1">
                        <tr>
                          <td colspan="1" rowspan="1">
id</td>
                          <td colspan="1" rowspan="1">
90034</td>
                        </tr>
                      </table>
                    </td>
                  </tr>
                  <tr>
                    <td colspan="1" rowspan="1">
                      <table border="1">
                        <tr>
                          <td colspan="1" rowspan="1">
quality</td>
                          <td colspan="1" rowspan="1">
release</td>
                        </tr>
                      </table>
                    </td>
                  </tr>
                  <tr>
                    <td colspan="1" rowspan="1">
                      <table border="1">
                        <tr>
                          <td colspan="1" rowspan="1">
status</td>
                          <td colspan="1" rowspan="1">
Pending</td>
                        </tr>
                      </table>
                    </td>
                  </tr>
                  <tr>
                    <td colspan="1" rowspan="1">
                      <table border="1">
                        <tr>
                          <td colspan="1" rowspan="1">
timeInMs</td>
                          <td colspan="1" rowspan="1">
0</td>
                        </tr>
                      </table>
                    </td>
                  </tr>
                  <tr>
                    <td colspan="1" rowspan="1">
                      <table border="1">
                        <tr>
                          <td colspan="1" rowspan="1">
reqCount</td>
                          <td colspan="1" rowspan="1">
0</td>
                        </tr>
                      </table>
                    </td>
                  </tr>
                  <tr>
                    <td colspan="1" rowspan="1">
                      <table border="1">
                        <tr>
                          <td colspan="1" rowspan="1">
alertCount</td>
                          <td colspan="1" rowspan="1">
0</td>
                        </tr>
                      </table>
                    </td>
                  </tr>
                </table>
              </td>
            </tr>
            <tr>
              <td colspan="1" rowspan="1">
                <h2>Plugin</h2>
                <table border="1">
                  <tr>
                    <td colspan="1" rowspan="1">
                      <table border="1">
                        <tr>
                          <td colspan="1" rowspan="1">
name</td>
                          <td colspan="1" rowspan="1">
Server Side Template Injection</td>
                        </tr>
                      </table>
                    </td>
                  </tr>
                  <tr>
                    <td colspan="1" rowspan="1">
                      <table border="1">
                        <tr>
                          <td colspan="1" rowspan="1">
id</td>
                          <td colspan="1" rowspan="1">
90035</td>
                        </tr>
                      </table>
                    </td>
                  </tr>
                  <tr>
                    <td colspan="1" rowspan="1">
                      <table border="1">
                        <tr>
                          <td colspan="1" rowspan="1">
quality</td>
                          <td colspan="1" rowspan="1">
release</td>
                        </tr>
                      </table>
                    </td>
                  </tr>
                  <tr>
                    <td colspan="1" rowspan="1">
                      <table border="1">
                        <tr>
                          <td colspan="1" rowspan="1">
status</td>
                          <td colspan="1" rowspan="1">
Pending</td>
                        </tr>
                      </table>
                    </td>
                  </tr>
                  <tr>
                    <td colspan="1" rowspan="1">
                      <table border="1">
                        <tr>
                          <td colspan="1" rowspan="1">
timeInMs</td>
                          <td colspan="1" rowspan="1">
0</td>
                        </tr>
                      </table>
                    </td>
                  </tr>
                  <tr>
                    <td colspan="1" rowspan="1">
                      <table border="1">
                        <tr>
                          <td colspan="1" rowspan="1">
reqCount</td>
                          <td colspan="1" rowspan="1">
0</td>
                        </tr>
                      </table>
                    </td>
                  </tr>
                  <tr>
                    <td colspan="1" rowspan="1">
                      <table border="1">
                        <tr>
                          <td colspan="1" rowspan="1">
alertCount</td>
                          <td colspan="1" rowspan="1">
0</td>
                        </tr>
                      </table>
                    </td>
                  </tr>
                </table>
              </td>
            </tr>
            <tr>
              <td colspan="1" rowspan="1">
                <h2>Plugin</h2>
                <table border="1">
                  <tr>
                    <td colspan="1" rowspan="1">
                      <table border="1">
                        <tr>
                          <td colspan="1" rowspan="1">
name</td>
                          <td colspan="1" rowspan="1">
Server Side Template Injection (Blind)</td>
                        </tr>
                      </table>
                    </td>
                  </tr>
                  <tr>
                    <td colspan="1" rowspan="1">
                      <table border="1">
                        <tr>
                          <td colspan="1" rowspan="1">
id</td>
                          <td colspan="1" rowspan="1">
90036</td>
                        </tr>
                      </table>
                    </td>
                  </tr>
                  <tr>
                    <td colspan="1" rowspan="1">
                      <table border="1">
                        <tr>
                          <td colspan="1" rowspan="1">
quality</td>
                          <td colspan="1" rowspan="1">
release</td>
                        </tr>
                      </table>
                    </td>
                  </tr>
                  <tr>
                    <td colspan="1" rowspan="1">
                      <table border="1">
                        <tr>
                          <td colspan="1" rowspan="1">
status</td>
                          <td colspan="1" rowspan="1">
Pending</td>
                        </tr>
                      </table>
                    </td>
                  </tr>
                  <tr>
                    <td colspan="1" rowspan="1">
                      <table border="1">
                        <tr>
                          <td colspan="1" rowspan="1">
timeInMs</td>
                          <td colspan="1" rowspan="1">
0</td>
                        </tr>
                      </table>
                    </td>
                  </tr>
                  <tr>
                    <td colspan="1" rowspan="1">
                      <table border="1">
                        <tr>
                          <td colspan="1" rowspan="1">
reqCount</td>
                          <td colspan="1" rowspan="1">
0</td>
                        </tr>
                      </table>
                    </td>
                  </tr>
                  <tr>
                    <td colspan="1" rowspan="1">
                      <table border="1">
                        <tr>
                          <td colspan="1" rowspan="1">
alertCount</td>
                          <td colspan="1" rowspan="1">
0</td>
                        </tr>
                      </table>
                    </td>
                  </tr>
                </table>
              </td>
            </tr>
            <tr>
              <td colspan="1" rowspan="1">
                <h2>Plugin</h2>
                <table border="1">
                  <tr>
                    <td colspan="1" rowspan="1">
                      <table border="1">
                        <tr>
                          <td colspan="1" rowspan="1">
name</td>
                          <td colspan="1" rowspan="1">
Directory Browsing</td>
                        </tr>
                      </table>
                    </td>
                  </tr>
                  <tr>
                    <td colspan="1" rowspan="1">
                      <table border="1">
                        <tr>
                          <td colspan="1" rowspan="1">
id</td>
                          <td colspan="1" rowspan="1">
0</td>
                        </tr>
                      </table>
                    </td>
                  </tr>
                  <tr>
                    <td colspan="1" rowspan="1">
                      <table border="1">
                        <tr>
                          <td colspan="1" rowspan="1">
quality</td>
                          <td colspan="1" rowspan="1">
release</td>
                        </tr>
                      </table>
                    </td>
                  </tr>
                  <tr>
                    <td colspan="1" rowspan="1">
                      <table border="1">
                        <tr>
                          <td colspan="1" rowspan="1">
status</td>
                          <td colspan="1" rowspan="1">
Pending</td>
                        </tr>
                      </table>
                    </td>
                  </tr>
                  <tr>
                    <td colspan="1" rowspan="1">
                      <table border="1">
                        <tr>
                          <td colspan="1" rowspan="1">
timeInMs</td>
                          <td colspan="1" rowspan="1">
0</td>
                        </tr>
                      </table>
                    </td>
                  </tr>
                  <tr>
                    <td colspan="1" rowspan="1">
                      <table border="1">
                        <tr>
                          <td colspan="1" rowspan="1">
reqCount</td>
                          <td colspan="1" rowspan="1">
0</td>
                        </tr>
                      </table>
                    </td>
                  </tr>
                  <tr>
                    <td colspan="1" rowspan="1">
                      <table border="1">
                        <tr>
                          <td colspan="1" rowspan="1">
alertCount</td>
                          <td colspan="1" rowspan="1">
0</td>
                        </tr>
                      </table>
                    </td>
                  </tr>
                </table>
              </td>
            </tr>
            <tr>
              <td colspan="1" rowspan="1">
                <h2>Plugin</h2>
                <table border="1">
                  <tr>
                    <td colspan="1" rowspan="1">
                      <table border="1">
                        <tr>
                          <td colspan="1" rowspan="1">
name</td>
                          <td colspan="1" rowspan="1">
Buffer Overflow</td>
                        </tr>
                      </table>
                    </td>
                  </tr>
                  <tr>
                    <td colspan="1" rowspan="1">
                      <table border="1">
                        <tr>
                          <td colspan="1" rowspan="1">
id</td>
                          <td colspan="1" rowspan="1">
30001</td>
                        </tr>
                      </table>
                    </td>
                  </tr>
                  <tr>
                    <td colspan="1" rowspan="1">
                      <table border="1">
                        <tr>
                          <td colspan="1" rowspan="1">
quality</td>
                          <td colspan="1" rowspan="1">
release</td>
                        </tr>
                      </table>
                    </td>
                  </tr>
                  <tr>
                    <td colspan="1" rowspan="1">
                      <table border="1">
                        <tr>
                          <td colspan="1" rowspan="1">
status</td>
                          <td colspan="1" rowspan="1">
Pending</td>
                        </tr>
                      </table>
                    </td>
                  </tr>
                  <tr>
                    <td colspan="1" rowspan="1">
                      <table border="1">
                        <tr>
                          <td colspan="1" rowspan="1">
timeInMs</td>
                          <td colspan="1" rowspan="1">
0</td>
                        </tr>
                      </table>
                    </td>
                  </tr>
                  <tr>
                    <td colspan="1" rowspan="1">
                      <table border="1">
                        <tr>
                          <td colspan="1" rowspan="1">
reqCount</td>
                          <td colspan="1" rowspan="1">
0</td>
                        </tr>
                      </table>
                    </td>
                  </tr>
                  <tr>
                    <td colspan="1" rowspan="1">
                      <table border="1">
                        <tr>
                          <td colspan="1" rowspan="1">
alertCount</td>
                          <td colspan="1" rowspan="1">
0</td>
                        </tr>
                      </table>
                    </td>
                  </tr>
                </table>
              </td>
            </tr>
            <tr>
              <td colspan="1" rowspan="1">
                <h2>Plugin</h2>
                <table border="1">
                  <tr>
                    <td colspan="1" rowspan="1">
                      <table border="1">
                        <tr>
                          <td colspan="1" rowspan="1">
name</td>
                          <td colspan="1" rowspan="1">
Format String Error</td>
                        </tr>
                      </table>
                    </td>
                  </tr>
                  <tr>
                    <td colspan="1" rowspan="1">
                      <table border="1">
                        <tr>
                          <td colspan="1" rowspan="1">
id</td>
                          <td colspan="1" rowspan="1">
30002</td>
                        </tr>
                      </table>
                    </td>
                  </tr>
                  <tr>
                    <td colspan="1" rowspan="1">
                      <table border="1">
                        <tr>
                          <td colspan="1" rowspan="1">
quality</td>
                          <td colspan="1" rowspan="1">
release</td>
                        </tr>
                      </table>
                    </td>
                  </tr>
                  <tr>
                    <td colspan="1" rowspan="1">
                      <table border="1">
                        <tr>
                          <td colspan="1" rowspan="1">
status</td>
                          <td colspan="1" rowspan="1">
Pending</td>
                        </tr>
                      </table>
                    </td>
                  </tr>
                  <tr>
                    <td colspan="1" rowspan="1">
                      <table border="1">
                        <tr>
                          <td colspan="1" rowspan="1">
timeInMs</td>
                          <td colspan="1" rowspan="1">
0</td>
                        </tr>
                      </table>
                    </td>
                  </tr>
                  <tr>
                    <td colspan="1" rowspan="1">
                      <table border="1">
                        <tr>
                          <td colspan="1" rowspan="1">
reqCount</td>
                          <td colspan="1" rowspan="1">
0</td>
                        </tr>
                      </table>
                    </td>
                  </tr>
                  <tr>
                    <td colspan="1" rowspan="1">
                      <table border="1">
                        <tr>
                          <td colspan="1" rowspan="1">
alertCount</td>
                          <td colspan="1" rowspan="1">
0</td>
                        </tr>
                      </table>
                    </td>
                  </tr>
                </table>
              </td>
            </tr>
            <tr>
              <td colspan="1" rowspan="1">
                <h2>Plugin</h2>
                <table border="1">
                  <tr>
                    <td colspan="1" rowspan="1">
                      <table border="1">
                        <tr>
                          <td colspan="1" rowspan="1">
name</td>
                          <td colspan="1" rowspan="1">
CRLF Injection</td>
                        </tr>
                      </table>
                    </td>
                  </tr>
                  <tr>
                    <td colspan="1" rowspan="1">
                      <table border="1">
                        <tr>
                          <td colspan="1" rowspan="1">
id</td>
                          <td colspan="1" rowspan="1">
40003</td>
                        </tr>
                      </table>
                    </td>
                  </tr>
                  <tr>
                    <td colspan="1" rowspan="1">
                      <table border="1">
                        <tr>
                          <td colspan="1" rowspan="1">
quality</td>
                          <td colspan="1" rowspan="1">
release</td>
                        </tr>
                      </table>
                    </td>
                  </tr>
                  <tr>
                    <td colspan="1" rowspan="1">
                      <table border="1">
                        <tr>
                          <td colspan="1" rowspan="1">
status</td>
                          <td colspan="1" rowspan="1">
Pending</td>
                        </tr>
                      </table>
                    </td>
                  </tr>
                  <tr>
                    <td colspan="1" rowspan="1">
                      <table border="1">
                        <tr>
                          <td colspan="1" rowspan="1">
timeInMs</td>
                          <td colspan="1" rowspan="1">
0</td>
                        </tr>
                      </table>
                    </td>
                  </tr>
                  <tr>
                    <td colspan="1" rowspan="1">
                      <table border="1">
                        <tr>
                          <td colspan="1" rowspan="1">
reqCount</td>
                          <td colspan="1" rowspan="1">
0</td>
                        </tr>
                      </table>
                    </td>
                  </tr>
                  <tr>
                    <td colspan="1" rowspan="1">
                      <table border="1">
                        <tr>
                          <td colspan="1" rowspan="1">
alertCount</td>
                          <td colspan="1" rowspan="1">
0</td>
                        </tr>
                      </table>
                    </td>
                  </tr>
                </table>
              </td>
            </tr>
            <tr>
              <td colspan="1" rowspan="1">
                <h2>Plugin</h2>
                <table border="1">
                  <tr>
                    <td colspan="1" rowspan="1">
                      <table border="1">
                        <tr>
                          <td colspan="1" rowspan="1">
name</td>
                          <td colspan="1" rowspan="1">
Parameter Tampering</td>
                        </tr>
                      </table>
                    </td>
                  </tr>
                  <tr>
                    <td colspan="1" rowspan="1">
                      <table border="1">
                        <tr>
                          <td colspan="1" rowspan="1">
id</td>
                          <td colspan="1" rowspan="1">
40008</td>
                        </tr>
                      </table>
                    </td>
                  </tr>
                  <tr>
                    <td colspan="1" rowspan="1">
                      <table border="1">
                        <tr>
                          <td colspan="1" rowspan="1">
quality</td>
                          <td colspan="1" rowspan="1">
release</td>
                        </tr>
                      </table>
                    </td>
                  </tr>
                  <tr>
                    <td colspan="1" rowspan="1">
                      <table border="1">
                        <tr>
                          <td colspan="1" rowspan="1">
status</td>
                          <td colspan="1" rowspan="1">
Pending</td>
                        </tr>
                      </table>
                    </td>
                  </tr>
                  <tr>
                    <td colspan="1" rowspan="1">
                      <table border="1">
                        <tr>
                          <td colspan="1" rowspan="1">
timeInMs</td>
                          <td colspan="1" rowspan="1">
0</td>
                        </tr>
                      </table>
                    </td>
                  </tr>
                  <tr>
                    <td colspan="1" rowspan="1">
                      <table border="1">
                        <tr>
                          <td colspan="1" rowspan="1">
reqCount</td>
                          <td colspan="1" rowspan="1">
0</td>
                        </tr>
                      </table>
                    </td>
                  </tr>
                  <tr>
                    <td colspan="1" rowspan="1">
                      <table border="1">
                        <tr>
                          <td colspan="1" rowspan="1">
alertCount</td>
                          <td colspan="1" rowspan="1">
0</td>
                        </tr>
                      </table>
                    </td>
                  </tr>
                </table>
              </td>
            </tr>
            <tr>
              <td colspan="1" rowspan="1">
                <h2>Plugin</h2>
                <table border="1">
                  <tr>
                    <td colspan="1" rowspan="1">
                      <table border="1">
                        <tr>
                          <td colspan="1" rowspan="1">
name</td>
                          <td colspan="1" rowspan="1">
ELMAH Information Leak</td>
                        </tr>
                      </table>
                    </td>
                  </tr>
                  <tr>
                    <td colspan="1" rowspan="1">
                      <table border="1">
                        <tr>
                          <td colspan="1" rowspan="1">
id</td>
                          <td colspan="1" rowspan="1">
40028</td>
                        </tr>
                      </table>
                    </td>
                  </tr>
                  <tr>
                    <td colspan="1" rowspan="1">
                      <table border="1">
                        <tr>
                          <td colspan="1" rowspan="1">
quality</td>
                          <td colspan="1" rowspan="1">
release</td>
                        </tr>
                      </table>
                    </td>
                  </tr>
                  <tr>
                    <td colspan="1" rowspan="1">
                      <table border="1">
                        <tr>
                          <td colspan="1" rowspan="1">
status</td>
                          <td colspan="1" rowspan="1">
Pending</td>
                        </tr>
                      </table>
                    </td>
                  </tr>
                  <tr>
                    <td colspan="1" rowspan="1">
                      <table border="1">
                        <tr>
                          <td colspan="1" rowspan="1">
timeInMs</td>
                          <td colspan="1" rowspan="1">
0</td>
                        </tr>
                      </table>
                    </td>
                  </tr>
                  <tr>
                    <td colspan="1" rowspan="1">
                      <table border="1">
                        <tr>
                          <td colspan="1" rowspan="1">
reqCount</td>
                          <td colspan="1" rowspan="1">
0</td>
                        </tr>
                      </table>
                    </td>
                  </tr>
                  <tr>
                    <td colspan="1" rowspan="1">
                      <table border="1">
                        <tr>
                          <td colspan="1" rowspan="1">
alertCount</td>
                          <td colspan="1" rowspan="1">
0</td>
                        </tr>
                      </table>
                    </td>
                  </tr>
                </table>
              </td>
            </tr>
            <tr>
              <td colspan="1" rowspan="1">
                <h2>Plugin</h2>
                <table border="1">
                  <tr>
                    <td colspan="1" rowspan="1">
                      <table border="1">
                        <tr>
                          <td colspan="1" rowspan="1">
name</td>
                          <td colspan="1" rowspan="1">
Trace.axd Information Leak</td>
                        </tr>
                      </table>
                    </td>
                  </tr>
                  <tr>
                    <td colspan="1" rowspan="1">
                      <table border="1">
                        <tr>
                          <td colspan="1" rowspan="1">
id</td>
                          <td colspan="1" rowspan="1">
40029</td>
                        </tr>
                      </table>
                    </td>
                  </tr>
                  <tr>
                    <td colspan="1" rowspan="1">
                      <table border="1">
                        <tr>
                          <td colspan="1" rowspan="1">
quality</td>
                          <td colspan="1" rowspan="1">
release</td>
                        </tr>
                      </table>
                    </td>
                  </tr>
                  <tr>
                    <td colspan="1" rowspan="1">
                      <table border="1">
                        <tr>
                          <td colspan="1" rowspan="1">
status</td>
                          <td colspan="1" rowspan="1">
Pending</td>
                        </tr>
                      </table>
                    </td>
                  </tr>
                  <tr>
                    <td colspan="1" rowspan="1">
                      <table border="1">
                        <tr>
                          <td colspan="1" rowspan="1">
timeInMs</td>
                          <td colspan="1" rowspan="1">
0</td>
                        </tr>
                      </table>
                    </td>
                  </tr>
                  <tr>
                    <td colspan="1" rowspan="1">
                      <table border="1">
                        <tr>
                          <td colspan="1" rowspan="1">
reqCount</td>
                          <td colspan="1" rowspan="1">
0</td>
                        </tr>
                      </table>
                    </td>
                  </tr>
                  <tr>
                    <td colspan="1" rowspan="1">
                      <table border="1">
                        <tr>
                          <td colspan="1" rowspan="1">
alertCount</td>
                          <td colspan="1" rowspan="1">
0</td>
                        </tr>
                      </table>
                    </td>
                  </tr>
                </table>
              </td>
            </tr>
            <tr>
              <td colspan="1" rowspan="1">
                <h2>Plugin</h2>
                <table border="1">
                  <tr>
                    <td colspan="1" rowspan="1">
                      <table border="1">
                        <tr>
                          <td colspan="1" rowspan="1">
name</td>
                          <td colspan="1" rowspan="1">
.htaccess Information Leak</td>
                        </tr>
                      </table>
                    </td>
                  </tr>
                  <tr>
                    <td colspan="1" rowspan="1">
                      <table border="1">
                        <tr>
                          <td colspan="1" rowspan="1">
id</td>
                          <td colspan="1" rowspan="1">
40032</td>
                        </tr>
                      </table>
                    </td>
                  </tr>
                  <tr>
                    <td colspan="1" rowspan="1">
                      <table border="1">
                        <tr>
                          <td colspan="1" rowspan="1">
quality</td>
                          <td colspan="1" rowspan="1">
release</td>
                        </tr>
                      </table>
                    </td>
                  </tr>
                  <tr>
                    <td colspan="1" rowspan="1">
                      <table border="1">
                        <tr>
                          <td colspan="1" rowspan="1">
status</td>
                          <td colspan="1" rowspan="1">
Pending</td>
                        </tr>
                      </table>
                    </td>
                  </tr>
                  <tr>
                    <td colspan="1" rowspan="1">
                      <table border="1">
                        <tr>
                          <td colspan="1" rowspan="1">
timeInMs</td>
                          <td colspan="1" rowspan="1">
0</td>
                        </tr>
                      </table>
                    </td>
                  </tr>
                  <tr>
                    <td colspan="1" rowspan="1">
                      <table border="1">
                        <tr>
                          <td colspan="1" rowspan="1">
reqCount</td>
                          <td colspan="1" rowspan="1">
0</td>
                        </tr>
                      </table>
                    </td>
                  </tr>
                  <tr>
                    <td colspan="1" rowspan="1">
                      <table border="1">
                        <tr>
                          <td colspan="1" rowspan="1">
alertCount</td>
                          <td colspan="1" rowspan="1">
0</td>
                        </tr>
                      </table>
                    </td>
                  </tr>
                </table>
              </td>
            </tr>
            <tr>
              <td colspan="1" rowspan="1">
                <h2>Plugin</h2>
                <table border="1">
                  <tr>
                    <td colspan="1" rowspan="1">
                      <table border="1">
                        <tr>
                          <td colspan="1" rowspan="1">
name</td>
                          <td colspan="1" rowspan="1">
.env Information Leak</td>
                        </tr>
                      </table>
                    </td>
                  </tr>
                  <tr>
                    <td colspan="1" rowspan="1">
                      <table border="1">
                        <tr>
                          <td colspan="1" rowspan="1">
id</td>
                          <td colspan="1" rowspan="1">
40034</td>
                        </tr>
                      </table>
                    </td>
                  </tr>
                  <tr>
                    <td colspan="1" rowspan="1">
                      <table border="1">
                        <tr>
                          <td colspan="1" rowspan="1">
quality</td>
                          <td colspan="1" rowspan="1">
release</td>
                        </tr>
                      </table>
                    </td>
                  </tr>
                  <tr>
                    <td colspan="1" rowspan="1">
                      <table border="1">
                        <tr>
                          <td colspan="1" rowspan="1">
status</td>
                          <td colspan="1" rowspan="1">
Pending</td>
                        </tr>
                      </table>
                    </td>
                  </tr>
                  <tr>
                    <td colspan="1" rowspan="1">
                      <table border="1">
                        <tr>
                          <td colspan="1" rowspan="1">
timeInMs</td>
                          <td colspan="1" rowspan="1">
0</td>
                        </tr>
                      </table>
                    </td>
                  </tr>
                  <tr>
                    <td colspan="1" rowspan="1">
                      <table border="1">
                        <tr>
                          <td colspan="1" rowspan="1">
reqCount</td>
                          <td colspan="1" rowspan="1">
0</td>
                        </tr>
                      </table>
                    </td>
                  </tr>
                  <tr>
                    <td colspan="1" rowspan="1">
                      <table border="1">
                        <tr>
                          <td colspan="1" rowspan="1">
alertCount</td>
                          <td colspan="1" rowspan="1">
0</td>
                        </tr>
                      </table>
                    </td>
                  </tr>
                </table>
              </td>
            </tr>
            <tr>
              <td colspan="1" rowspan="1">
                <h2>Plugin</h2>
                <table border="1">
                  <tr>
                    <td colspan="1" rowspan="1">
                      <table border="1">
                        <tr>
                          <td colspan="1" rowspan="1">
name</td>
                          <td colspan="1" rowspan="1">
Hidden File Finder</td>
                        </tr>
                      </table>
                    </td>
                  </tr>
                  <tr>
                    <td colspan="1" rowspan="1">
                      <table border="1">
                        <tr>
                          <td colspan="1" rowspan="1">
id</td>
                          <td colspan="1" rowspan="1">
40035</td>
                        </tr>
                      </table>
                    </td>
                  </tr>
                  <tr>
                    <td colspan="1" rowspan="1">
                      <table border="1">
                        <tr>
                          <td colspan="1" rowspan="1">
quality</td>
                          <td colspan="1" rowspan="1">
release</td>
                        </tr>
                      </table>
                    </td>
                  </tr>
                  <tr>
                    <td colspan="1" rowspan="1">
                      <table border="1">
                        <tr>
                          <td colspan="1" rowspan="1">
status</td>
                          <td colspan="1" rowspan="1">
Pending</td>
                        </tr>
                      </table>
                    </td>
                  </tr>
                  <tr>
                    <td colspan="1" rowspan="1">
                      <table border="1">
                        <tr>
                          <td colspan="1" rowspan="1">
timeInMs</td>
                          <td colspan="1" rowspan="1">
0</td>
                        </tr>
                      </table>
                    </td>
                  </tr>
                  <tr>
                    <td colspan="1" rowspan="1">
                      <table border="1">
                        <tr>
                          <td colspan="1" rowspan="1">
reqCount</td>
                          <td colspan="1" rowspan="1">
0</td>
                        </tr>
                      </table>
                    </td>
                  </tr>
                  <tr>
                    <td colspan="1" rowspan="1">
                      <table border="1">
                        <tr>
                          <td colspan="1" rowspan="1">
alertCount</td>
                          <td colspan="1" rowspan="1">
0</td>
                        </tr>
                      </table>
                    </td>
                  </tr>
                </table>
              </td>
            </tr>
            <tr>
              <td colspan="1" rowspan="1">
                <h2>Plugin</h2>
                <table border="1">
                  <tr>
                    <td colspan="1" rowspan="1">
                      <table border="1">
                        <tr>
                          <td colspan="1" rowspan="1">
name</td>
                          <td colspan="1" rowspan="1">
Spring Actuator Information Leak</td>
                        </tr>
                      </table>
                    </td>
                  </tr>
                  <tr>
                    <td colspan="1" rowspan="1">
                      <table border="1">
                        <tr>
                          <td colspan="1" rowspan="1">
id</td>
                          <td colspan="1" rowspan="1">
40042</td>
                        </tr>
                      </table>
                    </td>
                  </tr>
                  <tr>
                    <td colspan="1" rowspan="1">
                      <table border="1">
                        <tr>
                          <td colspan="1" rowspan="1">
quality</td>
                          <td colspan="1" rowspan="1">
release</td>
                        </tr>
                      </table>
                    </td>
                  </tr>
                  <tr>
                    <td colspan="1" rowspan="1">
                      <table border="1">
                        <tr>
                          <td colspan="1" rowspan="1">
status</td>
                          <td colspan="1" rowspan="1">
Pending</td>
                        </tr>
                      </table>
                    </td>
                  </tr>
                  <tr>
                    <td colspan="1" rowspan="1">
                      <table border="1">
                        <tr>
                          <td colspan="1" rowspan="1">
timeInMs</td>
                          <td colspan="1" rowspan="1">
0</td>
                        </tr>
                      </table>
                    </td>
                  </tr>
                  <tr>
                    <td colspan="1" rowspan="1">
                      <table border="1">
                        <tr>
                          <td colspan="1" rowspan="1">
reqCount</td>
                          <td colspan="1" rowspan="1">
0</td>
                        </tr>
                      </table>
                    </td>
                  </tr>
                  <tr>
                    <td colspan="1" rowspan="1">
                      <table border="1">
                        <tr>
                          <td colspan="1" rowspan="1">
alertCount</td>
                          <td colspan="1" rowspan="1">
0</td>
                        </tr>
                      </table>
                    </td>
                  </tr>
                </table>
              </td>
            </tr>
            <tr>
              <td colspan="1" rowspan="1">
                <h2>Plugin</h2>
                <table border="1">
                  <tr>
                    <td colspan="1" rowspan="1">
                      <table border="1">
                        <tr>
                          <td colspan="1" rowspan="1">
name</td>
                          <td colspan="1" rowspan="1">
XSLT Injection</td>
                        </tr>
                      </table>
                    </td>
                  </tr>
                  <tr>
                    <td colspan="1" rowspan="1">
                      <table border="1">
                        <tr>
                          <td colspan="1" rowspan="1">
id</td>
                          <td colspan="1" rowspan="1">
90017</td>
                        </tr>
                      </table>
                    </td>
                  </tr>
                  <tr>
                    <td colspan="1" rowspan="1">
                      <table border="1">
                        <tr>
                          <td colspan="1" rowspan="1">
quality</td>
                          <td colspan="1" rowspan="1">
release</td>
                        </tr>
                      </table>
                    </td>
                  </tr>
                  <tr>
                    <td colspan="1" rowspan="1">
                      <table border="1">
                        <tr>
                          <td colspan="1" rowspan="1">
status</td>
                          <td colspan="1" rowspan="1">
Pending</td>
                        </tr>
                      </table>
                    </td>
                  </tr>
                  <tr>
                    <td colspan="1" rowspan="1">
                      <table border="1">
                        <tr>
                          <td colspan="1" rowspan="1">
timeInMs</td>
                          <td colspan="1" rowspan="1">
0</td>
                        </tr>
                      </table>
                    </td>
                  </tr>
                  <tr>
                    <td colspan="1" rowspan="1">
                      <table border="1">
                        <tr>
                          <td colspan="1" rowspan="1">
reqCount</td>
                          <td colspan="1" rowspan="1">
0</td>
                        </tr>
                      </table>
                    </td>
                  </tr>
                  <tr>
                    <td colspan="1" rowspan="1">
                      <table border="1">
                        <tr>
                          <td colspan="1" rowspan="1">
alertCount</td>
                          <td colspan="1" rowspan="1">
0</td>
                        </tr>
                      </table>
                    </td>
                  </tr>
                </table>
              </td>
            </tr>
            <tr>
              <td colspan="1" rowspan="1">
                <h2>Plugin</h2>
                <table border="1">
                  <tr>
                    <td colspan="1" rowspan="1">
                      <table border="1">
                        <tr>
                          <td colspan="1" rowspan="1">
name</td>
                          <td colspan="1" rowspan="1">
GET for POST</td>
                        </tr>
                      </table>
                    </td>
                  </tr>
                  <tr>
                    <td colspan="1" rowspan="1">
                      <table border="1">
                        <tr>
                          <td colspan="1" rowspan="1">
id</td>
                          <td colspan="1" rowspan="1">
10058</td>
                        </tr>
                      </table>
                    </td>
                  </tr>
                  <tr>
                    <td colspan="1" rowspan="1">
                      <table border="1">
                        <tr>
                          <td colspan="1" rowspan="1">
quality</td>
                          <td colspan="1" rowspan="1">
release</td>
                        </tr>
                      </table>
                    </td>
                  </tr>
                  <tr>
                    <td colspan="1" rowspan="1">
                      <table border="1">
                        <tr>
                          <td colspan="1" rowspan="1">
status</td>
                          <td colspan="1" rowspan="1">
Pending</td>
                        </tr>
                      </table>
                    </td>
                  </tr>
                  <tr>
                    <td colspan="1" rowspan="1">
                      <table border="1">
                        <tr>
                          <td colspan="1" rowspan="1">
timeInMs</td>
                          <td colspan="1" rowspan="1">
0</td>
                        </tr>
                      </table>
                    </td>
                  </tr>
                  <tr>
                    <td colspan="1" rowspan="1">
                      <table border="1">
                        <tr>
                          <td colspan="1" rowspan="1">
reqCount</td>
                          <td colspan="1" rowspan="1">
0</td>
                        </tr>
                      </table>
                    </td>
                  </tr>
                  <tr>
                    <td colspan="1" rowspan="1">
                      <table border="1">
                        <tr>
                          <td colspan="1" rowspan="1">
alertCount</td>
                          <td colspan="1" rowspan="1">
0</td>
                        </tr>
                      </table>
                    </td>
                  </tr>
                </table>
              </td>
            </tr>
            <tr>
              <td colspan="1" rowspan="1">
                <h2>Plugin</h2>
                <table border="1">
                  <tr>
                    <td colspan="1" rowspan="1">
                      <table border="1">
                        <tr>
                          <td colspan="1" rowspan="1">
name</td>
                          <td colspan="1" rowspan="1">
User Agent Fuzzer</td>
                        </tr>
                      </table>
                    </td>
                  </tr>
                  <tr>
                    <td colspan="1" rowspan="1">
                      <table border="1">
                        <tr>
                          <td colspan="1" rowspan="1">
id</td>
                          <td colspan="1" rowspan="1">
10104</td>
                        </tr>
                      </table>
                    </td>
                  </tr>
                  <tr>
                    <td colspan="1" rowspan="1">
                      <table border="1">
                        <tr>
                          <td colspan="1" rowspan="1">
quality</td>
                          <td colspan="1" rowspan="1">
release</td>
                        </tr>
                      </table>
                    </td>
                  </tr>
                  <tr>
                    <td colspan="1" rowspan="1">
                      <table border="1">
                        <tr>
                          <td colspan="1" rowspan="1">
status</td>
                          <td colspan="1" rowspan="1">
Pending</td>
                        </tr>
                      </table>
                    </td>
                  </tr>
                  <tr>
                    <td colspan="1" rowspan="1">
                      <table border="1">
                        <tr>
                          <td colspan="1" rowspan="1">
timeInMs</td>
                          <td colspan="1" rowspan="1">
0</td>
                        </tr>
                      </table>
                    </td>
                  </tr>
                  <tr>
                    <td colspan="1" rowspan="1">
                      <table border="1">
                        <tr>
                          <td colspan="1" rowspan="1">
reqCount</td>
                          <td colspan="1" rowspan="1">
0</td>
                        </tr>
                      </table>
                    </td>
                  </tr>
                  <tr>
                    <td colspan="1" rowspan="1">
                      <table border="1">
                        <tr>
                          <td colspan="1" rowspan="1">
alertCount</td>
                          <td colspan="1" rowspan="1">
0</td>
                        </tr>
                      </table>
                    </td>
                  </tr>
                </table>
              </td>
            </tr>
            <tr>
              <td colspan="1" rowspan="1">
                <h2>Plugin</h2>
                <table border="1">
                  <tr>
                    <td colspan="1" rowspan="1">
                      <table border="1">
                        <tr>
                          <td colspan="1" rowspan="1">
name</td>
                          <td colspan="1" rowspan="1">
Script Active Scan Rules</td>
                        </tr>
                      </table>
                    </td>
                  </tr>
                  <tr>
                    <td colspan="1" rowspan="1">
                      <table border="1">
                        <tr>
                          <td colspan="1" rowspan="1">
id</td>
                          <td colspan="1" rowspan="1">
50000</td>
                        </tr>
                      </table>
                    </td>
                  </tr>
                  <tr>
                    <td colspan="1" rowspan="1">
                      <table border="1">
                        <tr>
                          <td colspan="1" rowspan="1">
quality</td>
                          <td colspan="1" rowspan="1">
release</td>
                        </tr>
                      </table>
                    </td>
                  </tr>
                  <tr>
                    <td colspan="1" rowspan="1">
                      <table border="1">
                        <tr>
                          <td colspan="1" rowspan="1">
status</td>
                          <td colspan="1" rowspan="1">
Pending</td>
                        </tr>
                      </table>
                    </td>
                  </tr>
                  <tr>
                    <td colspan="1" rowspan="1">
                      <table border="1">
                        <tr>
                          <td colspan="1" rowspan="1">
timeInMs</td>
                          <td colspan="1" rowspan="1">
0</td>
                        </tr>
                      </table>
                    </td>
                  </tr>
                  <tr>
                    <td colspan="1" rowspan="1">
                      <table border="1">
                        <tr>
                          <td colspan="1" rowspan="1">
reqCount</td>
                          <td colspan="1" rowspan="1">
0</td>
                        </tr>
                      </table>
                    </td>
                  </tr>
                  <tr>
                    <td colspan="1" rowspan="1">
                      <table border="1">
                        <tr>
                          <td colspan="1" rowspan="1">
alertCount</td>
                          <td colspan="1" rowspan="1">
0</td>
                        </tr>
                      </table>
                    </td>
                  </tr>
                </table>
              </td>
            </tr>
            <tr>
              <td colspan="1" rowspan="1">
                <h2>Plugin</h2>
                <table border="1">
                  <tr>
                    <td colspan="1" rowspan="1">
                      <table border="1">
                        <tr>
                          <td colspan="1" rowspan="1">
name</td>
                          <td colspan="1" rowspan="1">
SOAP Action Spoofing</td>
                        </tr>
                      </table>
                    </td>
                  </tr>
                  <tr>
                    <td colspan="1" rowspan="1">
                      <table border="1">
                        <tr>
                          <td colspan="1" rowspan="1">
id</td>
                          <td colspan="1" rowspan="1">
90026</td>
                        </tr>
                      </table>
                    </td>
                  </tr>
                  <tr>
                    <td colspan="1" rowspan="1">
                      <table border="1">
                        <tr>
                          <td colspan="1" rowspan="1">
quality</td>
                          <td colspan="1" rowspan="1">
beta</td>
                        </tr>
                      </table>
                    </td>
                  </tr>
                  <tr>
                    <td colspan="1" rowspan="1">
                      <table border="1">
                        <tr>
                          <td colspan="1" rowspan="1">
status</td>
                          <td colspan="1" rowspan="1">
Pending</td>
                        </tr>
                      </table>
                    </td>
                  </tr>
                  <tr>
                    <td colspan="1" rowspan="1">
                      <table border="1">
                        <tr>
                          <td colspan="1" rowspan="1">
timeInMs</td>
                          <td colspan="1" rowspan="1">
0</td>
                        </tr>
                      </table>
                    </td>
                  </tr>
                  <tr>
                    <td colspan="1" rowspan="1">
                      <table border="1">
                        <tr>
                          <td colspan="1" rowspan="1">
reqCount</td>
                          <td colspan="1" rowspan="1">
0</td>
                        </tr>
                      </table>
                    </td>
                  </tr>
                  <tr>
                    <td colspan="1" rowspan="1">
                      <table border="1">
                        <tr>
                          <td colspan="1" rowspan="1">
alertCount</td>
                          <td colspan="1" rowspan="1">
0</td>
                        </tr>
                      </table>
                    </td>
                  </tr>
                </table>
              </td>
            </tr>
            <tr>
              <td colspan="1" rowspan="1">
                <h2>Plugin</h2>
                <table border="1">
                  <tr>
                    <td colspan="1" rowspan="1">
                      <table border="1">
                        <tr>
                          <td colspan="1" rowspan="1">
name</td>
                          <td colspan="1" rowspan="1">
SOAP XML Injection</td>
                        </tr>
                      </table>
                    </td>
                  </tr>
                  <tr>
                    <td colspan="1" rowspan="1">
                      <table border="1">
                        <tr>
                          <td colspan="1" rowspan="1">
id</td>
                          <td colspan="1" rowspan="1">
90029</td>
                        </tr>
                      </table>
                    </td>
                  </tr>
                  <tr>
                    <td colspan="1" rowspan="1">
                      <table border="1">
                        <tr>
                          <td colspan="1" rowspan="1">
quality</td>
                          <td colspan="1" rowspan="1">
beta</td>
                        </tr>
                      </table>
                    </td>
                  </tr>
                  <tr>
                    <td colspan="1" rowspan="1">
                      <table border="1">
                        <tr>
                          <td colspan="1" rowspan="1">
status</td>
                          <td colspan="1" rowspan="1">
Pending</td>
                        </tr>
                      </table>
                    </td>
                  </tr>
                  <tr>
                    <td colspan="1" rowspan="1">
                      <table border="1">
                        <tr>
                          <td colspan="1" rowspan="1">
timeInMs</td>
                          <td colspan="1" rowspan="1">
0</td>
                        </tr>
                      </table>
                    </td>
                  </tr>
                  <tr>
                    <td colspan="1" rowspan="1">
                      <table border="1">
                        <tr>
                          <td colspan="1" rowspan="1">
reqCount</td>
                          <td colspan="1" rowspan="1">
0</td>
                        </tr>
                      </table>
                    </td>
                  </tr>
                  <tr>
                    <td colspan="1" rowspan="1">
                      <table border="1">
                        <tr>
                          <td colspan="1" rowspan="1">
alertCount</td>
                          <td colspan="1" rowspan="1">
0</td>
                        </tr>
                      </table>
                    </td>
                  </tr>
                </table>
              </td>
            </tr>
          </table>
        </td>
      </tr>
    </table>
  </body>
</html>
Request method:	GET
Request URI:	http://localhost:9092/OTHER/core/other/htmlreport/
Proxy:			<none>
Request params:	<none>
Query params:	<none>
Form params:	<none>
Path params:	<none>
Headers:		Accept=*/*
Cookies:		<none>
Multiparts:		<none>
Body:			<none>
HTTP/1.1 200 OK
Pragma: no-cache
Cache-Control: no-cache, no-store, must-revalidate
Content-Security-Policy: default-src 'none'; script-src 'self'; connect-src 'self'; child-src 'self'; img-src 'self' data:; font-src 'self' data:; style-src 'unsafe-inline'
Referrer-Policy: no-referrer
Access-Control-Allow-Methods: GET,POST,OPTIONS
Access-Control-Allow-Headers: ZAP-Header
X-Frame-Options: DENY
X-XSS-Protection: 1; mode=block
X-Content-Type-Options: nosniff
X-Clacks-Overhead: GNU Terry Pratchett
content-length: 1126360
Content-Type: text/html; charset=UTF-8

<html>
  <head>
    <meta http-equiv="Content-Type" content="text/html; charset=UTF-8"/>
    <title>ZAP Scanning Report</title>
    <style type="text/css">
body {
	font-family: "Helvetica Neue", Helvetica, Arial, sans-serif;
	color: #000;
	font-size: 13px;
}

h1 {
	text-align: center;
	font-weight: bold;
	font-size: 32px
}

h3 {
	font-size: 16px;
}

table {
	border: none;
	font-size: 13px;
}

td, th {
	padding: 3px 4px;
	word-break: break-word;
}

th {
	font-weight: bold;
	background-color: #666666;
}

td {
	background-color: #e8e8e8;
}

.spacer {
	margin: 10px;
}

.spacer-lg {
	margin: 40px;
}

.indent1 {
	padding: 4px 20px;
}

.indent2 {
	padding: 4px 40px;
}

.risk-3 {
	background-color: red;
	color: #FFF;
}

.risk-2 {
	background-color: orange;
	color: #FFF;
}

.risk-1 {
	background-color: yellow;
	color: #000;
}

.risk-0 {
	background-color: blue;
	color: #FFF;
}

.risk--1 {
	background-color: green;
	color: #FFF;
}

.summary {
	width: 45%;
}

.summary th {
	color: #FFF;
}

.alerts {
	width: 75%;
}

.alerts th {
	color: #FFF;
}

.results {
	width: 100%;
}

.results th {
	text-align: left;
}

.left-header {
	display: inline-block;
}
</style>
  </head>
  <body>
    <h1>
      <img src="data:image/png;base64,iVBORw0KGgoAAAANSUhEUgAAACAAAAAgCAYAAABzenr0AAAABmJLR0QA/wD/AP+gvaeTAAAACXBIWXMAABqbAAAamwHdbkbTAAAAB3RJTUUH4QsKDDQPKy6k8AAABxpJREFUWMO9l31sVWcdxz+/55xzbwt9QddJExClvIzNxTKJDZi22oJSbFZpmRb4g8sfhpEIwXQNTKh0NYgiMKIwo5AsdIxdQldGNBN5W2OTFRVcIZE1YwExcXOdc1DK+nLvOc/PP87tC9CWsj98bp6ck3Ofc57v7+37/T3wYGMucBR4F/gK/8exAugAdPXq1bpx40YFekZdHYuP+8PuGP+lAc8CmzIyMtLq6uqora3FcRwAzp49m/7Wv5O95tsNEfyEKvwH9B1V2hT7GnB+PABkhGePAvVA9dy5c6mvr2fp0qX3LOru7iYrK4toSQ1OXhGKohpOiyVQe0NVn9PGFb8iFofGFSMCMMPulwEXgbdXrlxZ3dHRQXt7+4ibA2RmZtLc3Ex/y/O4fg8RMUSMS8RxiRiPqPE+4xrnl07syA3Q+aN5wADlwO1oNPpqQ0NDfl9fH4cPH2bOnDn3dV9VVRWVlVV88vsteNF0XCO4xuA6Bs9xiBgPz/EmueKcIxavHyk/BPjnli1bpm3btu1TZ2hmxkTk8aeYMK8aay1WFVWwqgSqBDYgqQFJGxygccWa4e86IhJpbW39Zk5ODgUFBZ8KwOLFZeyr/wHZs0vw0jMxIqFpAuFt+EOYZ/OrAi41t96dhF8HThcWFnpnzpwhGo0+MIhnamvZs+8AM55uIhn4+Cnrkza8Wqv4NiBhfXwNCgxy3jauuKMKPOCPrpHSU2fOUlJS8sAg8qZP50bGY0xeuIFk4JO0SnIYiMAqSRuQDPyPgsbqh++ugqSsPXGC+WsoLS1lzZqnHxhA40svcfPvfyDNjRARwTOCJ+E0IjgiOGIwRnIkFl97NwBMX9dPvEfLSC+t5cCB/eTk5Ix78ylTplBcXMxDjy3EweIZISKSqoxwcyOCYwRXHETkuSEAsTjE4kVGTLrjpdP7p33U1NTQ2dk5bgCbN28Ow7BoA8YmcVOWR1KWuyKIgEEwYjBiJhN75Ushr15qRp747g9dcRZ4RtCuf3HhdBMlpQuZNm3auAAUFBRw+fJlWl/dy9SCaqwGIBIyJGBTUwemWqzy/mAIRPmaEUGsJeNbz+IVfJ+ioiI2bNgwbi80NTUxJWciV47/GM9Lwwg4CA6CSblbBqYYRPjqEACRR8JaVcRPkPHlJ5m66kX27W8kL2/6uMPR3t7Ox+++yQcXjmLEIEYQA8YIkuIHSYVDkBnDk3DSEDwAi5c5mUfWNtGVPovc3FwOHTp0XwDZ2dm0nTvH9Td+zSedVxDVkIQAEQ1BoIgKCpnmflqpQcAXyjYxo6KeVatWUVZWRiKRGPO1+fPns2vXLjoOr7uvFA8HcHMoQ8IHmkqOINnH1d81kJeXR0VFRcqKkUcQBLS0tHD79u2QXHq7UmkIqgKqoIKKAnQPNiSqXFG0QFVCXbcGK4pVIdnTBcDOnTupqqoa06q2tjZKS0uZ8LmZzKiox5nwWXzfx9qBfmGgCkDRa4MeUNE3repg2QSEiwMFk5nDF8vrWLZsGTNnzqS9vX1UAEVFRezYsYOeD68y8fNPEFifAL2rDAfBnJdhGv0NzzgtoYYbHGOICkSMIWKEqBE8x+X91v18cKGJyspKDh48SFZW1ohAlixZQstfLzM99iK9iQQJqySsxVfFDyz9Nolv/fw7gumsPtIbMZE0zxhcR3DFEDVCZIDTjeA5Drb3Jv84sYOu639j69atNDQ0jAgiN3cyPQ/NJXvhM/QnEwRW8dWSDAL6bbLTHlyee0cVWNWfBhpgVbEWfFUSqiSGqVoyCCCaxayndjKn+nm2736BzIyJHDt27B4AFy9eovvtU3R3nA5DkFJEXwNUtWHEptSsPtIXNW7UMy4mJSLeMA+4IrhCKC6A46XR+VYz772xj/z8fJqampg1a9bg906ePElZWRlZy3+DZuSGPUGQ/G/QuDznHjVMeaEyaS2+WqxVbMryxMDVKv0W+qzSr0pPoo/Mx8uZs/51rgdTmD17NrFYbJArFi9ezKZNm7h1dD1B4JO0PgG23KR6QxnlYLHXM846z7i4oX4P6vmA9Q6ENMsQZyiGxK1OPjr5M5Kd77B7925qamoAWLBgAX+59jFU7tmivy3fPvq5INXDSyx+3DXOd1xx8YzBiGBMKCIDwmKMDLEWEnoMUDdK37U2bp/6BQ9PSueV+BEWLVpEdnYW3be6f67wo7EOJoMgiMX3uuKs84zBEQcjghjBMCAmhF1niskGCMaiqFWs8ehrj+Off5nCwkK2b99OcXExwFTgvdEB3AmizIi85oqTNgDCSKrPFWV4DFRD/beqWLX4YUXdst0ffk+b168CVqZWpwN9YwO4Wzhi8c1GpM6ISTcYREJPMOSAQYZLHc1upY5meyjfBq/XAUwGbgL9Y4dgrBGLFwtSITAPkekCk1L73wS9qsoFxR6nceWfx/O5/wGLCSMJ+zJrfwAAAABJRU5ErkJggg==" alt=""/>

		ZAP Scanning Report
	    </h1>
    <p/>
    <h2>
		
		
		Sites: https://www.gstatic.com https://master--fairplaybo.myvtex.com https://telemetry.vtex.com https://fonts.gstatic.com https://io2.vtex.com https://fonts.googleapis.com https://fairplaybo.vteximg.com.br https://www.google.com.bo https://www.google.com https://stats.g.doubleclick.net https://vtex.vtexassets.com https://storage.googleapis.com https://update.googleapis.com https://www.google-analytics.com https://www.facebook.com https://content-autofill.googleapis.com https://i.pinimg.com https://rc.vtex.com https://www.googletagmanager.com https://sp.vtex.com https://activity-flow.vtex.com https://connect.facebook.net https://optimizationguide-pa.googleapis.com https://io.vtex.com.br https://fairplaybo.vtexassets.com https://www.fairplay.com.bo https://accounts.google.com
	</h2>
    <h3>
		Generated on Sun, 14 Jan 2024 21:00:21
	</h3>
    <h3>
		ZAP Version: 2.14.0
	</h3>
    <h3 class="left-header">Summary of Alerts</h3>
    <table class="summary">
      <tr>
        <th colspan="1" rowspan="1" width="45%" height="24">Risk Level</th>
        <th align="center" colspan="1" rowspan="1" width="55%">Number of Alerts</th>
      </tr>
      <tr>
        <td colspan="1" rowspan="1" class="risk-3">
          <div>High</div>
        </td>
        <td align="center" colspan="1" rowspan="1">
          <div>0</div>
        </td>
      </tr>
      <tr>
        <td colspan="1" rowspan="1" class="risk-2">
          <div>Medium</div>
        </td>
        <td align="center" colspan="1" rowspan="1">
          <div>4</div>
        </td>
      </tr>
      <tr>
        <td colspan="1" rowspan="1" class="risk-1">
          <div>Low</div>
        </td>
        <td align="center" colspan="1" rowspan="1">
          <div>8</div>
        </td>
      </tr>
      <tr>
        <td colspan="1" rowspan="1" class="risk-0">
          <div>Informational</div>
        </td>
        <td align="center" colspan="1" rowspan="1">
          <div>5</div>
        </td>
      </tr>
      <tr>
        <td colspan="1" rowspan="1" class="risk--1">
          <div>				False Positives:</div>
        </td>
        <td align="center" colspan="1" rowspan="1">
          <div>0</div>
        </td>
      </tr>
    </table>
    <div class="spacer-lg"/>
    <h3>Alerts</h3>
    <table class="alerts">
      <tr>
        <th colspan="1" rowspan="1" width="60%" height="24">Name</th>
        <th align="center" colspan="1" rowspan="1" width="20%">Risk Level</th>
        <th align="center" colspan="1" rowspan="1" width="20%">Number of Instances</th>
      </tr>
      <tr>
        <td colspan="1" rowspan="1">
          <a shape="rect" href="#10038">Content Security Policy (CSP) Header Not Set</a>
        </td>
        <td align="center" colspan="1" rowspan="1" class="risk-2">Medium</td>
        <td align="center" colspan="1" rowspan="1">6</td>
      </tr>
      <tr>
        <td colspan="1" rowspan="1">
          <a shape="rect" href="#10098">Cross-Domain Misconfiguration</a>
        </td>
        <td align="center" colspan="1" rowspan="1" class="risk-2">Medium</td>
        <td align="center" colspan="1" rowspan="1">136</td>
      </tr>
      <tr>
        <td colspan="1" rowspan="1">
          <a shape="rect" href="#10020">Missing Anti-clickjacking Header</a>
        </td>
        <td align="center" colspan="1" rowspan="1" class="risk-2">Medium</td>
        <td align="center" colspan="1" rowspan="1">5</td>
      </tr>
      <tr>
        <td colspan="1" rowspan="1">
          <a shape="rect" href="#3">Session ID in URL Rewrite</a>
        </td>
        <td align="center" colspan="1" rowspan="1" class="risk-2">Medium</td>
        <td align="center" colspan="1" rowspan="1">1</td>
      </tr>
      <tr>
        <td colspan="1" rowspan="1">
          <a shape="rect" href="#10010">Cookie No HttpOnly Flag</a>
        </td>
        <td align="center" colspan="1" rowspan="1" class="risk-1">Low</td>
        <td align="center" colspan="1" rowspan="1">14</td>
      </tr>
      <tr>
        <td colspan="1" rowspan="1">
          <a shape="rect" href="#10011">Cookie Without Secure Flag</a>
        </td>
        <td align="center" colspan="1" rowspan="1" class="risk-1">Low</td>
        <td align="center" colspan="1" rowspan="1">14</td>
      </tr>
      <tr>
        <td colspan="1" rowspan="1">
          <a shape="rect" href="#10054">Cookie without SameSite Attribute</a>
        </td>
        <td align="center" colspan="1" rowspan="1" class="risk-1">Low</td>
        <td align="center" colspan="1" rowspan="1">2</td>
      </tr>
      <tr>
        <td colspan="1" rowspan="1">
          <a shape="rect" href="#10017">Cross-Domain JavaScript Source File Inclusion</a>
        </td>
        <td align="center" colspan="1" rowspan="1" class="risk-1">Low</td>
        <td align="center" colspan="1" rowspan="1">30</td>
      </tr>
      <tr>
        <td colspan="1" rowspan="1">
          <a shape="rect" href="#10036">Server Leaks Version Information via "Server" HTTP Response Header Field</a>
        </td>
        <td align="center" colspan="1" rowspan="1" class="risk-1">Low</td>
        <td align="center" colspan="1" rowspan="1">5</td>
      </tr>
      <tr>
        <td colspan="1" rowspan="1">
          <a shape="rect" href="#10035">Strict-Transport-Security Header Not Set</a>
        </td>
        <td align="center" colspan="1" rowspan="1" class="risk-1">Low</td>
        <td align="center" colspan="1" rowspan="1">164</td>
      </tr>
      <tr>
        <td colspan="1" rowspan="1">
          <a shape="rect" href="#10096">Timestamp Disclosure - Unix</a>
        </td>
        <td align="center" colspan="1" rowspan="1" class="risk-1">Low</td>
        <td align="center" colspan="1" rowspan="1">49</td>
      </tr>
      <tr>
        <td colspan="1" rowspan="1">
          <a shape="rect" href="#10021">X-Content-Type-Options Header Missing</a>
        </td>
        <td align="center" colspan="1" rowspan="1" class="risk-1">Low</td>
        <td align="center" colspan="1" rowspan="1">158</td>
      </tr>
      <tr>
        <td colspan="1" rowspan="1">
          <a shape="rect" href="#10027">Information Disclosure - Suspicious Comments</a>
        </td>
        <td align="center" colspan="1" rowspan="1" class="risk-0">Informational</td>
        <td align="center" colspan="1" rowspan="1">86</td>
      </tr>
      <tr>
        <td colspan="1" rowspan="1">
          <a shape="rect" href="#10109">Modern Web Application</a>
        </td>
        <td align="center" colspan="1" rowspan="1" class="risk-0">Informational</td>
        <td align="center" colspan="1" rowspan="1">1</td>
      </tr>
      <tr>
        <td colspan="1" rowspan="1">
          <a shape="rect" href="#10015">Re-examine Cache-control Directives</a>
        </td>
        <td align="center" colspan="1" rowspan="1" class="risk-0">Informational</td>
        <td align="center" colspan="1" rowspan="1">73</td>
      </tr>
      <tr>
        <td colspan="1" rowspan="1">
          <a shape="rect" href="#10050">Retrieved from Cache</a>
        </td>
        <td align="center" colspan="1" rowspan="1" class="risk-0">Informational</td>
        <td align="center" colspan="1" rowspan="1">62</td>
      </tr>
      <tr>
        <td colspan="1" rowspan="1">
          <a shape="rect" href="#10112">Session Management Response Identified</a>
        </td>
        <td align="center" colspan="1" rowspan="1" class="risk-0">Informational</td>
        <td align="center" colspan="1" rowspan="1">36</td>
      </tr>
    </table>
    <div class="spacer-lg"/>
    <h3>Alert Detail</h3>
    <table class="results">
      <tr height="24">
        <th colspan="1" rowspan="1" class="risk-2" width="20%">
          <a shape="rect" id="10038"/>
          <div>Medium</div>
        </th>
        <th colspan="1" rowspan="1" class="risk-2">Content Security Policy (CSP) Header Not Set</th>
      </tr>
      <tr>
        <td colspan="1" rowspan="1" width="20%">Description</td>
        <td colspan="1" rowspan="1" width="80%">
          <div>Content Security Policy (CSP) is an added layer of security that helps to detect and mitigate certain types of attacks, including Cross Site Scripting (XSS) and data injection attacks. These attacks are used for everything from data theft to site defacement or distribution of malware. CSP provides a set of standard HTTP headers that allow website owners to declare approved sources of content that browsers should be allowed to load on that page — covered types are JavaScript, CSS, HTML frames, fonts, images and embeddable objects such as Java applets, ActiveX, audio and video files.</div>
        </td>
      </tr>
      <tr valign="top">
        <td colspan="2" rowspan="1"/>
      </tr>
      <tr>
        <td colspan="1" rowspan="1" class="indent1" width="20%">URL</td>
        <td colspan="1" rowspan="1" width="80%">
          <a shape="rect" href="https://optimizationguide-pa.googleapis.com/downloads?name=1673999601&amp;target=OPTIMIZATION_TARGET_PAGE_VISIBILITY">https://optimizationguide-pa.googleapis.com/downloads?name=1673999601&amp;target=OPTIMIZATION_TARGET_PAGE_VISIBILITY</a>
        </td>
      </tr>
      <tr>
        <td colspan="1" rowspan="1" class="indent2" width="20%">Method</td>
        <td colspan="1" rowspan="1" width="80%">GET</td>
      </tr>
      <tr>
        <td colspan="1" rowspan="1" class="indent2" width="20%">Parameter</td>
        <td colspan="1" rowspan="1" width="80%"/>
      </tr>
      <tr>
        <td colspan="1" rowspan="1" class="indent2" width="20%">Attack</td>
        <td colspan="1" rowspan="1" width="80%"/>
      </tr>
      <tr>
        <td colspan="1" rowspan="1" class="indent2" width="20%">Evidence</td>
        <td colspan="1" rowspan="1" width="80%"/>
      </tr>
      <tr>
        <td colspan="1" rowspan="1" class="indent2" width="20%">Other Info</td>
        <td colspan="1" rowspan="1" width="80%"/>
      </tr>
      <tr>
        <td colspan="1" rowspan="1" class="indent1" width="20%">URL</td>
        <td colspan="1" rowspan="1" width="80%">
          <a shape="rect" href="https://optimizationguide-pa.googleapis.com/downloads?name=1679317318&amp;target=OPTIMIZATION_TARGET_LANGUAGE_DETECTION">https://optimizationguide-pa.googleapis.com/downloads?name=1679317318&amp;target=OPTIMIZATION_TARGET_LANGUAGE_DETECTION</a>
        </td>
      </tr>
      <tr>
        <td colspan="1" rowspan="1" class="indent2" width="20%">Method</td>
        <td colspan="1" rowspan="1" width="80%">GET</td>
      </tr>
      <tr>
        <td colspan="1" rowspan="1" class="indent2" width="20%">Parameter</td>
        <td colspan="1" rowspan="1" width="80%"/>
      </tr>
      <tr>
        <td colspan="1" rowspan="1" class="indent2" width="20%">Attack</td>
        <td colspan="1" rowspan="1" width="80%"/>
      </tr>
      <tr>
        <td colspan="1" rowspan="1" class="indent2" width="20%">Evidence</td>
        <td colspan="1" rowspan="1" width="80%"/>
      </tr>
      <tr>
        <td colspan="1" rowspan="1" class="indent2" width="20%">Other Info</td>
        <td colspan="1" rowspan="1" width="80%"/>
      </tr>
      <tr>
        <td colspan="1" rowspan="1" class="indent1" width="20%">URL</td>
        <td colspan="1" rowspan="1" width="80%">
          <a shape="rect" href="https://optimizationguide-pa.googleapis.com/downloads?name=1698073325&amp;target=OPTIMIZATION_TARGET_CLIENT_SIDE_PHISHING">https://optimizationguide-pa.googleapis.com/downloads?name=1698073325&amp;target=OPTIMIZATION_TARGET_CLIENT_SIDE_PHISHING</a>
        </td>
      </tr>
      <tr>
        <td colspan="1" rowspan="1" class="indent2" width="20%">Method</td>
        <td colspan="1" rowspan="1" width="80%">GET</td>
      </tr>
      <tr>
        <td colspan="1" rowspan="1" class="indent2" width="20%">Parameter</td>
        <td colspan="1" rowspan="1" width="80%"/>
      </tr>
      <tr>
        <td colspan="1" rowspan="1" class="indent2" width="20%">Attack</td>
        <td colspan="1" rowspan="1" width="80%"/>
      </tr>
      <tr>
        <td colspan="1" rowspan="1" class="indent2" width="20%">Evidence</td>
        <td colspan="1" rowspan="1" width="80%"/>
      </tr>
      <tr>
        <td colspan="1" rowspan="1" class="indent2" width="20%">Other Info</td>
        <td colspan="1" rowspan="1" width="80%"/>
      </tr>
      <tr>
        <td colspan="1" rowspan="1" class="indent1" width="20%">URL</td>
        <td colspan="1" rowspan="1" width="80%">
          <a shape="rect" href="https://optimizationguide-pa.googleapis.com/downloads?name=1701726567&amp;target=OPTIMIZATION_TARGET_GEOLOCATION_PERMISSION_PREDICTIONS">https://optimizationguide-pa.googleapis.com/downloads?name=1701726567&amp;target=OPTIMIZATION_TARGET_GEOLOCATION_PERMISSION_PREDICTIONS</a>
        </td>
      </tr>
      <tr>
        <td colspan="1" rowspan="1" class="indent2" width="20%">Method</td>
        <td colspan="1" rowspan="1" width="80%">GET</td>
      </tr>
      <tr>
        <td colspan="1" rowspan="1" class="indent2" width="20%">Parameter</td>
        <td colspan="1" rowspan="1" width="80%"/>
      </tr>
      <tr>
        <td colspan="1" rowspan="1" class="indent2" width="20%">Attack</td>
        <td colspan="1" rowspan="1" width="80%"/>
      </tr>
      <tr>
        <td colspan="1" rowspan="1" class="indent2" width="20%">Evidence</td>
        <td colspan="1" rowspan="1" width="80%"/>
      </tr>
      <tr>
        <td colspan="1" rowspan="1" class="indent2" width="20%">Other Info</td>
        <td colspan="1" rowspan="1" width="80%"/>
      </tr>
      <tr>
        <td colspan="1" rowspan="1" class="indent1" width="20%">URL</td>
        <td colspan="1" rowspan="1" width="80%">
          <a shape="rect" href="https://optimizationguide-pa.googleapis.com/downloads?name=1701726572&amp;target=OPTIMIZATION_TARGET_NOTIFICATION_PERMISSION_PREDICTIONS">https://optimizationguide-pa.googleapis.com/downloads?name=1701726572&amp;target=OPTIMIZATION_TARGET_NOTIFICATION_PERMISSION_PREDICTIONS</a>
        </td>
      </tr>
      <tr>
        <td colspan="1" rowspan="1" class="indent2" width="20%">Method</td>
        <td colspan="1" rowspan="1" width="80%">GET</td>
      </tr>
      <tr>
        <td colspan="1" rowspan="1" class="indent2" width="20%">Parameter</td>
        <td colspan="1" rowspan="1" width="80%"/>
      </tr>
      <tr>
        <td colspan="1" rowspan="1" class="indent2" width="20%">Attack</td>
        <td colspan="1" rowspan="1" width="80%"/>
      </tr>
      <tr>
        <td colspan="1" rowspan="1" class="indent2" width="20%">Evidence</td>
        <td colspan="1" rowspan="1" width="80%"/>
      </tr>
      <tr>
        <td colspan="1" rowspan="1" class="indent2" width="20%">Other Info</td>
        <td colspan="1" rowspan="1" width="80%"/>
      </tr>
      <tr>
        <td colspan="1" rowspan="1" class="indent1" width="20%">URL</td>
        <td colspan="1" rowspan="1" width="80%">
          <a shape="rect" href="https://www.fairplay.com.bo/">https://www.fairplay.com.bo/</a>
        </td>
      </tr>
      <tr>
        <td colspan="1" rowspan="1" class="indent2" width="20%">Method</td>
        <td colspan="1" rowspan="1" width="80%">GET</td>
      </tr>
      <tr>
        <td colspan="1" rowspan="1" class="indent2" width="20%">Parameter</td>
        <td colspan="1" rowspan="1" width="80%"/>
      </tr>
      <tr>
        <td colspan="1" rowspan="1" class="indent2" width="20%">Attack</td>
        <td colspan="1" rowspan="1" width="80%"/>
      </tr>
      <tr>
        <td colspan="1" rowspan="1" class="indent2" width="20%">Evidence</td>
        <td colspan="1" rowspan="1" width="80%"/>
      </tr>
      <tr>
        <td colspan="1" rowspan="1" class="indent2" width="20%">Other Info</td>
        <td colspan="1" rowspan="1" width="80%"/>
      </tr>
      <tr>
        <td colspan="1" rowspan="1" width="20%">Instances</td>
        <td colspan="1" rowspan="1" width="80%">6</td>
      </tr>
      <tr>
        <td colspan="1" rowspan="1" width="20%">Solution</td>
        <td colspan="1" rowspan="1" width="80%">
          <div>Ensure that your web server, application server, load balancer, etc. is configured to set the Content-Security-Policy header.</div>
        </td>
      </tr>
      <tr>
        <td colspan="1" rowspan="1" width="20%">Reference</td>
        <td colspan="1" rowspan="1" width="80%">
          <a shape="rect" href="https://developer.mozilla.org/en-US/docs/Web/Security/CSP/Introducing_Content_Security_Policy">https://developer.mozilla.org/en-US/docs/Web/Security/CSP/Introducing_Content_Security_Policy</a>
          <br clear="none"/>
          <a shape="rect" href="https://cheatsheetseries.owasp.org/cheatsheets/Content_Security_Policy_Cheat_Sheet.html">https://cheatsheetseries.owasp.org/cheatsheets/Content_Security_Policy_Cheat_Sheet.html</a>
          <br clear="none"/>
          <a shape="rect" href="http://www.w3.org/TR/CSP/">http://www.w3.org/TR/CSP/</a>
          <br clear="none"/>
          <a shape="rect" href="http://w3c.github.io/webappsec/specs/content-security-policy/csp-specification.dev.html">http://w3c.github.io/webappsec/specs/content-security-policy/csp-specification.dev.html</a>
          <br clear="none"/>
          <a shape="rect" href="http://www.html5rocks.com/en/tutorials/security/content-security-policy/">http://www.html5rocks.com/en/tutorials/security/content-security-policy/</a>
          <br clear="none"/>
          <a shape="rect" href="http://caniuse.com/#feat=contentsecuritypolicy">http://caniuse.com/#feat=contentsecuritypolicy</a>
          <br clear="none"/>
          <a shape="rect" href="http://content-security-policy.com/">http://content-security-policy.com/</a>
        </td>
      </tr>
      <tr>
        <td colspan="1" rowspan="1" width="20%">CWE Id</td>
        <td colspan="1" rowspan="1" width="80%">
          <a shape="rect" href="https://cwe.mitre.org/data/definitions/693.html">693</a>
        </td>
      </tr>
      <tr>
        <td colspan="1" rowspan="1" width="20%">WASC Id</td>
        <td colspan="1" rowspan="1" width="80%">15</td>
      </tr>
      <tr>
        <td colspan="1" rowspan="1" width="20%">Plugin Id</td>
        <td colspan="1" rowspan="1" width="80%">
          <a shape="rect" href="https://www.zaproxy.org/docs/alerts/10038/">10038</a>
        </td>
      </tr>
    </table>
    <div class="spacer"/>
    <table class="results">
      <tr height="24">
        <th colspan="1" rowspan="1" class="risk-2" width="20%">
          <a shape="rect" id="10098"/>
          <div>Medium</div>
        </th>
        <th colspan="1" rowspan="1" class="risk-2">Cross-Domain Misconfiguration</th>
      </tr>
      <tr>
        <td colspan="1" rowspan="1" width="20%">Description</td>
        <td colspan="1" rowspan="1" width="80%">
          <div>Web browser data loading may be possible, due to a Cross Origin Resource Sharing (CORS) misconfiguration on the web server</div>
        </td>
      </tr>
      <tr valign="top">
        <td colspan="2" rowspan="1"/>
      </tr>
      <tr>
        <td colspan="1" rowspan="1" class="indent1" width="20%">URL</td>
        <td colspan="1" rowspan="1" width="80%">
          <a shape="rect" href="https://fairplaybo.vtexassets.com/_v/public/assets/v1/npm/animate.css@3.7.0/animate.min.css?workspace=master">https://fairplaybo.vtexassets.com/_v/public/assets/v1/npm/animate.css@3.7.0/animate.min.css?workspace=master</a>
        </td>
      </tr>
      <tr>
        <td colspan="1" rowspan="1" class="indent2" width="20%">Method</td>
        <td colspan="1" rowspan="1" width="80%">GET</td>
      </tr>
      <tr>
        <td colspan="1" rowspan="1" class="indent2" width="20%">Parameter</td>
        <td colspan="1" rowspan="1" width="80%"/>
      </tr>
      <tr>
        <td colspan="1" rowspan="1" class="indent2" width="20%">Attack</td>
        <td colspan="1" rowspan="1" width="80%"/>
      </tr>
      <tr>
        <td colspan="1" rowspan="1" class="indent2" width="20%">Evidence</td>
        <td colspan="1" rowspan="1" width="80%">Access-Control-Allow-Origin: *</td>
      </tr>
      <tr>
        <td colspan="1" rowspan="1" class="indent2" width="20%">Other Info</td>
        <td colspan="1" rowspan="1" width="80%">The CORS misconfiguration on the web server permits cross-domain read requests from arbitrary third party domains, using unauthenticated APIs on this domain. Web browser implementations do not permit arbitrary third parties to read the response from authenticated APIs, however. This reduces the risk somewhat. This misconfiguration could be used by an attacker to access data that is available in an unauthenticated manner, but which uses some other form of security, such as IP address white-listing.</td>
      </tr>
      <tr>
        <td colspan="1" rowspan="1" class="indent1" width="20%">URL</td>
        <td colspan="1" rowspan="1" width="80%">
          <a shape="rect" href="https://fairplaybo.vtexassets.com/_v/public/assets/v1/npm/fg-loadcss@2.1.0/dist/cssrelpreload.min.js?workspace=master">https://fairplaybo.vtexassets.com/_v/public/assets/v1/npm/fg-loadcss@2.1.0/dist/cssrelpreload.min.js?workspace=master</a>
        </td>
      </tr>
      <tr>
        <td colspan="1" rowspan="1" class="indent2" width="20%">Method</td>
        <td colspan="1" rowspan="1" width="80%">GET</td>
      </tr>
      <tr>
        <td colspan="1" rowspan="1" class="indent2" width="20%">Parameter</td>
        <td colspan="1" rowspan="1" width="80%"/>
      </tr>
      <tr>
        <td colspan="1" rowspan="1" class="indent2" width="20%">Attack</td>
        <td colspan="1" rowspan="1" width="80%"/>
      </tr>
      <tr>
        <td colspan="1" rowspan="1" class="indent2" width="20%">Evidence</td>
        <td colspan="1" rowspan="1" width="80%">Access-Control-Allow-Origin: *</td>
      </tr>
      <tr>
        <td colspan="1" rowspan="1" class="indent2" width="20%">Other Info</td>
        <td colspan="1" rowspan="1" width="80%">The CORS misconfiguration on the web server permits cross-domain read requests from arbitrary third party domains, using unauthenticated APIs on this domain. Web browser implementations do not permit arbitrary third parties to read the response from authenticated APIs, however. This reduces the risk somewhat. This misconfiguration could be used by an attacker to access data that is available in an unauthenticated manner, but which uses some other form of security, such as IP address white-listing.</td>
      </tr>
      <tr>
        <td colspan="1" rowspan="1" class="indent1" width="20%">URL</td>
        <td colspan="1" rowspan="1" width="80%">
          <a shape="rect" href="https://fairplaybo.vtexassets.com/_v/public/assets/v1/npm/history@4.7.2/umd/history.min.js?workspace=master">https://fairplaybo.vtexassets.com/_v/public/assets/v1/npm/history@4.7.2/umd/history.min.js?workspace=master</a>
        </td>
      </tr>
      <tr>
        <td colspan="1" rowspan="1" class="indent2" width="20%">Method</td>
        <td colspan="1" rowspan="1" width="80%">GET</td>
      </tr>
      <tr>
        <td colspan="1" rowspan="1" class="indent2" width="20%">Parameter</td>
        <td colspan="1" rowspan="1" width="80%"/>
      </tr>
      <tr>
        <td colspan="1" rowspan="1" class="indent2" width="20%">Attack</td>
        <td colspan="1" rowspan="1" width="80%"/>
      </tr>
      <tr>
        <td colspan="1" rowspan="1" class="indent2" width="20%">Evidence</td>
        <td colspan="1" rowspan="1" width="80%">Access-Control-Allow-Origin: *</td>
      </tr>
      <tr>
        <td colspan="1" rowspan="1" class="indent2" width="20%">Other Info</td>
        <td colspan="1" rowspan="1" width="80%">The CORS misconfiguration on the web server permits cross-domain read requests from arbitrary third party domains, using unauthenticated APIs on this domain. Web browser implementations do not permit arbitrary third parties to read the response from authenticated APIs, however. This reduces the risk somewhat. This misconfiguration could be used by an attacker to access data that is available in an unauthenticated manner, but which uses some other form of security, such as IP address white-listing.</td>
      </tr>
      <tr>
        <td colspan="1" rowspan="1" class="indent1" width="20%">URL</td>
        <td colspan="1" rowspan="1" width="80%">
          <a shape="rect" href="https://fairplaybo.vtexassets.com/_v/public/assets/v1/npm/lazysizes@5.3.2/lazysizes.min.js?workspace=master">https://fairplaybo.vtexassets.com/_v/public/assets/v1/npm/lazysizes@5.3.2/lazysizes.min.js?workspace=master</a>
        </td>
      </tr>
      <tr>
        <td colspan="1" rowspan="1" class="indent2" width="20%">Method</td>
        <td colspan="1" rowspan="1" width="80%">GET</td>
      </tr>
      <tr>
        <td colspan="1" rowspan="1" class="indent2" width="20%">Parameter</td>
        <td colspan="1" rowspan="1" width="80%"/>
      </tr>
      <tr>
        <td colspan="1" rowspan="1" class="indent2" width="20%">Attack</td>
        <td colspan="1" rowspan="1" width="80%"/>
      </tr>
      <tr>
        <td colspan="1" rowspan="1" class="indent2" width="20%">Evidence</td>
        <td colspan="1" rowspan="1" width="80%">Access-Control-Allow-Origin: *</td>
      </tr>
      <tr>
        <td colspan="1" rowspan="1" class="indent2" width="20%">Other Info</td>
        <td colspan="1" rowspan="1" width="80%">The CORS misconfiguration on the web server permits cross-domain read requests from arbitrary third party domains, using unauthenticated APIs on this domain. Web browser implementations do not permit arbitrary third parties to read the response from authenticated APIs, however. This reduces the risk somewhat. This misconfiguration could be used by an attacker to access data that is available in an unauthenticated manner, but which uses some other form of security, such as IP address white-listing.</td>
      </tr>
      <tr>
        <td colspan="1" rowspan="1" class="indent1" width="20%">URL</td>
        <td colspan="1" rowspan="1" width="80%">
          <a shape="rect" href="https://fairplaybo.vtexassets.com/_v/public/assets/v1/npm/lazysizes@5.3.2/plugins/unveilhooks/ls.unveilhooks.min.js?workspace=master">https://fairplaybo.vtexassets.com/_v/public/assets/v1/npm/lazysizes@5.3.2/plugins/unveilhooks/ls.unveilhooks.min.js?workspace=master</a>
        </td>
      </tr>
      <tr>
        <td colspan="1" rowspan="1" class="indent2" width="20%">Method</td>
        <td colspan="1" rowspan="1" width="80%">GET</td>
      </tr>
      <tr>
        <td colspan="1" rowspan="1" class="indent2" width="20%">Parameter</td>
        <td colspan="1" rowspan="1" width="80%"/>
      </tr>
      <tr>
        <td colspan="1" rowspan="1" class="indent2" width="20%">Attack</td>
        <td colspan="1" rowspan="1" width="80%"/>
      </tr>
      <tr>
        <td colspan="1" rowspan="1" class="indent2" width="20%">Evidence</td>
        <td colspan="1" rowspan="1" width="80%">Access-Control-Allow-Origin: *</td>
      </tr>
      <tr>
        <td colspan="1" rowspan="1" class="indent2" width="20%">Other Info</td>
        <td colspan="1" rowspan="1" width="80%">The CORS misconfiguration on the web server permits cross-domain read requests from arbitrary third party domains, using unauthenticated APIs on this domain. Web browser implementations do not permit arbitrary third parties to read the response from authenticated APIs, however. This reduces the risk somewhat. This misconfiguration could be used by an attacker to access data that is available in an unauthenticated manner, but which uses some other form of security, such as IP address white-listing.</td>
      </tr>
      <tr>
        <td colspan="1" rowspan="1" class="indent1" width="20%">URL</td>
        <td colspan="1" rowspan="1" width="80%">
          <a shape="rect" href="https://fairplaybo.vtexassets.com/_v/public/assets/v1/npm/prop-types@15.7.2/prop-types.min.js?workspace=master">https://fairplaybo.vtexassets.com/_v/public/assets/v1/npm/prop-types@15.7.2/prop-types.min.js?workspace=master</a>
        </td>
      </tr>
      <tr>
        <td colspan="1" rowspan="1" class="indent2" width="20%">Method</td>
        <td colspan="1" rowspan="1" width="80%">GET</td>
      </tr>
      <tr>
        <td colspan="1" rowspan="1" class="indent2" width="20%">Parameter</td>
        <td colspan="1" rowspan="1" width="80%"/>
      </tr>
      <tr>
        <td colspan="1" rowspan="1" class="indent2" width="20%">Attack</td>
        <td colspan="1" rowspan="1" width="80%"/>
      </tr>
      <tr>
        <td colspan="1" rowspan="1" class="indent2" width="20%">Evidence</td>
        <td colspan="1" rowspan="1" width="80%">Access-Control-Allow-Origin: *</td>
      </tr>
      <tr>
        <td colspan="1" rowspan="1" class="indent2" width="20%">Other Info</td>
        <td colspan="1" rowspan="1" width="80%">The CORS misconfiguration on the web server permits cross-domain read requests from arbitrary third party domains, using unauthenticated APIs on this domain. Web browser implementations do not permit arbitrary third parties to read the response from authenticated APIs, however. This reduces the risk somewhat. This misconfiguration could be used by an attacker to access data that is available in an unauthenticated manner, but which uses some other form of security, such as IP address white-listing.</td>
      </tr>
      <tr>
        <td colspan="1" rowspan="1" class="indent1" width="20%">URL</td>
        <td colspan="1" rowspan="1" width="80%">
          <a shape="rect" href="https://fairplaybo.vtexassets.com/_v/public/assets/v1/npm/ramda@0.26.1/dist/ramda.min.js?workspace=master">https://fairplaybo.vtexassets.com/_v/public/assets/v1/npm/ramda@0.26.1/dist/ramda.min.js?workspace=master</a>
        </td>
      </tr>
      <tr>
        <td colspan="1" rowspan="1" class="indent2" width="20%">Method</td>
        <td colspan="1" rowspan="1" width="80%">GET</td>
      </tr>
      <tr>
        <td colspan="1" rowspan="1" class="indent2" width="20%">Parameter</td>
        <td colspan="1" rowspan="1" width="80%"/>
      </tr>
      <tr>
        <td colspan="1" rowspan="1" class="indent2" width="20%">Attack</td>
        <td colspan="1" rowspan="1" width="80%"/>
      </tr>
      <tr>
        <td colspan="1" rowspan="1" class="indent2" width="20%">Evidence</td>
        <td colspan="1" rowspan="1" width="80%">Access-Control-Allow-Origin: *</td>
      </tr>
      <tr>
        <td colspan="1" rowspan="1" class="indent2" width="20%">Other Info</td>
        <td colspan="1" rowspan="1" width="80%">The CORS misconfiguration on the web server permits cross-domain read requests from arbitrary third party domains, using unauthenticated APIs on this domain. Web browser implementations do not permit arbitrary third parties to read the response from authenticated APIs, however. This reduces the risk somewhat. This misconfiguration could be used by an attacker to access data that is available in an unauthenticated manner, but which uses some other form of security, such as IP address white-listing.</td>
      </tr>
      <tr>
        <td colspan="1" rowspan="1" class="indent1" width="20%">URL</td>
        <td colspan="1" rowspan="1" width="80%">
          <a shape="rect" href="https://fairplaybo.vtexassets.com/_v/public/assets/v1/npm/react-dom@16.9.0/umd/react-dom-server.browser.production.min.js?workspace=master">https://fairplaybo.vtexassets.com/_v/public/assets/v1/npm/react-dom@16.9.0/umd/react-dom-server.browser.production.min.js?workspace=master</a>
        </td>
      </tr>
      <tr>
        <td colspan="1" rowspan="1" class="indent2" width="20%">Method</td>
        <td colspan="1" rowspan="1" width="80%">GET</td>
      </tr>
      <tr>
        <td colspan="1" rowspan="1" class="indent2" width="20%">Parameter</td>
        <td colspan="1" rowspan="1" width="80%"/>
      </tr>
      <tr>
        <td colspan="1" rowspan="1" class="indent2" width="20%">Attack</td>
        <td colspan="1" rowspan="1" width="80%"/>
      </tr>
      <tr>
        <td colspan="1" rowspan="1" class="indent2" width="20%">Evidence</td>
        <td colspan="1" rowspan="1" width="80%">Access-Control-Allow-Origin: *</td>
      </tr>
      <tr>
        <td colspan="1" rowspan="1" class="indent2" width="20%">Other Info</td>
        <td colspan="1" rowspan="1" width="80%">The CORS misconfiguration on the web server permits cross-domain read requests from arbitrary third party domains, using unauthenticated APIs on this domain. Web browser implementations do not permit arbitrary third parties to read the response from authenticated APIs, however. This reduces the risk somewhat. This misconfiguration could be used by an attacker to access data that is available in an unauthenticated manner, but which uses some other form of security, such as IP address white-listing.</td>
      </tr>
      <tr>
        <td colspan="1" rowspan="1" class="indent1" width="20%">URL</td>
        <td colspan="1" rowspan="1" width="80%">
          <a shape="rect" href="https://fairplaybo.vtexassets.com/_v/public/assets/v1/npm/react-dom@16.9.0/umd/react-dom.production.min.js?workspace=master">https://fairplaybo.vtexassets.com/_v/public/assets/v1/npm/react-dom@16.9.0/umd/react-dom.production.min.js?workspace=master</a>
        </td>
      </tr>
      <tr>
        <td colspan="1" rowspan="1" class="indent2" width="20%">Method</td>
        <td colspan="1" rowspan="1" width="80%">GET</td>
      </tr>
      <tr>
        <td colspan="1" rowspan="1" class="indent2" width="20%">Parameter</td>
        <td colspan="1" rowspan="1" width="80%"/>
      </tr>
      <tr>
        <td colspan="1" rowspan="1" class="indent2" width="20%">Attack</td>
        <td colspan="1" rowspan="1" width="80%"/>
      </tr>
      <tr>
        <td colspan="1" rowspan="1" class="indent2" width="20%">Evidence</td>
        <td colspan="1" rowspan="1" width="80%">Access-Control-Allow-Origin: *</td>
      </tr>
      <tr>
        <td colspan="1" rowspan="1" class="indent2" width="20%">Other Info</td>
        <td colspan="1" rowspan="1" width="80%">The CORS misconfiguration on the web server permits cross-domain read requests from arbitrary third party domains, using unauthenticated APIs on this domain. Web browser implementations do not permit arbitrary third parties to read the response from authenticated APIs, however. This reduces the risk somewhat. This misconfiguration could be used by an attacker to access data that is available in an unauthenticated manner, but which uses some other form of security, such as IP address white-listing.</td>
      </tr>
      <tr>
        <td colspan="1" rowspan="1" class="indent1" width="20%">URL</td>
        <td colspan="1" rowspan="1" width="80%">
          <a shape="rect" href="https://fairplaybo.vtexassets.com/_v/public/assets/v1/npm/react-intl@3.9.1/dist/react-intl.min.js?workspace=master">https://fairplaybo.vtexassets.com/_v/public/assets/v1/npm/react-intl@3.9.1/dist/react-intl.min.js?workspace=master</a>
        </td>
      </tr>
      <tr>
        <td colspan="1" rowspan="1" class="indent2" width="20%">Method</td>
        <td colspan="1" rowspan="1" width="80%">GET</td>
      </tr>
      <tr>
        <td colspan="1" rowspan="1" class="indent2" width="20%">Parameter</td>
        <td colspan="1" rowspan="1" width="80%"/>
      </tr>
      <tr>
        <td colspan="1" rowspan="1" class="indent2" width="20%">Attack</td>
        <td colspan="1" rowspan="1" width="80%"/>
      </tr>
      <tr>
        <td colspan="1" rowspan="1" class="indent2" width="20%">Evidence</td>
        <td colspan="1" rowspan="1" width="80%">Access-Control-Allow-Origin: *</td>
      </tr>
      <tr>
        <td colspan="1" rowspan="1" class="indent2" width="20%">Other Info</td>
        <td colspan="1" rowspan="1" width="80%">The CORS misconfiguration on the web server permits cross-domain read requests from arbitrary third party domains, using unauthenticated APIs on this domain. Web browser implementations do not permit arbitrary third parties to read the response from authenticated APIs, however. This reduces the risk somewhat. This misconfiguration could be used by an attacker to access data that is available in an unauthenticated manner, but which uses some other form of security, such as IP address white-listing.</td>
      </tr>
      <tr>
        <td colspan="1" rowspan="1" class="indent1" width="20%">URL</td>
        <td colspan="1" rowspan="1" width="80%">
          <a shape="rect" href="https://fairplaybo.vtexassets.com/_v/public/assets/v1/npm/react@16.9.0/umd/react.production.min.js?workspace=master">https://fairplaybo.vtexassets.com/_v/public/assets/v1/npm/react@16.9.0/umd/react.production.min.js?workspace=master</a>
        </td>
      </tr>
      <tr>
        <td colspan="1" rowspan="1" class="indent2" width="20%">Method</td>
        <td colspan="1" rowspan="1" width="80%">GET</td>
      </tr>
      <tr>
        <td colspan="1" rowspan="1" class="indent2" width="20%">Parameter</td>
        <td colspan="1" rowspan="1" width="80%"/>
      </tr>
      <tr>
        <td colspan="1" rowspan="1" class="indent2" width="20%">Attack</td>
        <td colspan="1" rowspan="1" width="80%"/>
      </tr>
      <tr>
        <td colspan="1" rowspan="1" class="indent2" width="20%">Evidence</td>
        <td colspan="1" rowspan="1" width="80%">Access-Control-Allow-Origin: *</td>
      </tr>
      <tr>
        <td colspan="1" rowspan="1" class="indent2" width="20%">Other Info</td>
        <td colspan="1" rowspan="1" width="80%">The CORS misconfiguration on the web server permits cross-domain read requests from arbitrary third party domains, using unauthenticated APIs on this domain. Web browser implementations do not permit arbitrary third parties to read the response from authenticated APIs, however. This reduces the risk somewhat. This misconfiguration could be used by an attacker to access data that is available in an unauthenticated manner, but which uses some other form of security, such as IP address white-listing.</td>
      </tr>
      <tr>
        <td colspan="1" rowspan="1" class="indent1" width="20%">URL</td>
        <td colspan="1" rowspan="1" width="80%">
          <a shape="rect" href="https://fairplaybo.vtexassets.com/_v/public/assets/v1/npm/regenerator-runtime@0.11.1/runtime.js?workspace=master">https://fairplaybo.vtexassets.com/_v/public/assets/v1/npm/regenerator-runtime@0.11.1/runtime.js?workspace=master</a>
        </td>
      </tr>
      <tr>
        <td colspan="1" rowspan="1" class="indent2" width="20%">Method</td>
        <td colspan="1" rowspan="1" width="80%">GET</td>
      </tr>
      <tr>
        <td colspan="1" rowspan="1" class="indent2" width="20%">Parameter</td>
        <td colspan="1" rowspan="1" width="80%"/>
      </tr>
      <tr>
        <td colspan="1" rowspan="1" class="indent2" width="20%">Attack</td>
        <td colspan="1" rowspan="1" width="80%"/>
      </tr>
      <tr>
        <td colspan="1" rowspan="1" class="indent2" width="20%">Evidence</td>
        <td colspan="1" rowspan="1" width="80%">Access-Control-Allow-Origin: *</td>
      </tr>
      <tr>
        <td colspan="1" rowspan="1" class="indent2" width="20%">Other Info</td>
        <td colspan="1" rowspan="1" width="80%">The CORS misconfiguration on the web server permits cross-domain read requests from arbitrary third party domains, using unauthenticated APIs on this domain. Web browser implementations do not permit arbitrary third parties to read the response from authenticated APIs, however. This reduces the risk somewhat. This misconfiguration could be used by an attacker to access data that is available in an unauthenticated manner, but which uses some other form of security, such as IP address white-listing.</td>
      </tr>
      <tr>
        <td colspan="1" rowspan="1" class="indent1" width="20%">URL</td>
        <td colspan="1" rowspan="1" width="80%">
          <a shape="rect" href="https://fairplaybo.vtexassets.com/_v/public/assets/v1/npm/vtex-render-session@1.9.2/dist/index.min.js?workspace=master">https://fairplaybo.vtexassets.com/_v/public/assets/v1/npm/vtex-render-session@1.9.2/dist/index.min.js?workspace=master</a>
        </td>
      </tr>
      <tr>
        <td colspan="1" rowspan="1" class="indent2" width="20%">Method</td>
        <td colspan="1" rowspan="1" width="80%">GET</td>
      </tr>
      <tr>
        <td colspan="1" rowspan="1" class="indent2" width="20%">Parameter</td>
        <td colspan="1" rowspan="1" width="80%"/>
      </tr>
      <tr>
        <td colspan="1" rowspan="1" class="indent2" width="20%">Attack</td>
        <td colspan="1" rowspan="1" width="80%"/>
      </tr>
      <tr>
        <td colspan="1" rowspan="1" class="indent2" width="20%">Evidence</td>
        <td colspan="1" rowspan="1" width="80%">Access-Control-Allow-Origin: *</td>
      </tr>
      <tr>
        <td colspan="1" rowspan="1" class="indent2" width="20%">Other Info</td>
        <td colspan="1" rowspan="1" width="80%">The CORS misconfiguration on the web server permits cross-domain read requests from arbitrary third party domains, using unauthenticated APIs on this domain. Web browser implementations do not permit arbitrary third parties to read the response from authenticated APIs, however. This reduces the risk somewhat. This misconfiguration could be used by an attacker to access data that is available in an unauthenticated manner, but which uses some other form of security, such as IP address white-listing.</td>
      </tr>
      <tr>
        <td colspan="1" rowspan="1" class="indent1" width="20%">URL</td>
        <td colspan="1" rowspan="1" width="80%">
          <a shape="rect" href="https://fairplaybo.vtexassets.com/_v/public/assets/v1/published/bundle/public/react/asset.min.js?v=1&amp;files=fairplaybo.m3-custom@0.0.113,1,StockFlag,PriceDisconterPromotion,BrandFlag&amp;files=vtex.store-header@2.29.0,common,index,Layout,0,Row&amp;files=vtex.flex-layout@0.21.3,common,0,FlexLayout,Col&amp;files=vtex.product-summary@2.89.0,common,0,ProductSummaryList,ProductSummaryCustom,ProductSummaryImage,ProductSummaryName,Spacer&amp;files=vtex.search@1.5.1,common&amp;workspace=master">https://fairplaybo.vtexassets.com/_v/public/assets/v1/published/bundle/public/react/asset.min.js?v=1&amp;files=fairplaybo.m3-custom@0.0.113,1,StockFlag,PriceDisconterPromotion,BrandFlag&amp;files=vtex.store-header@2.29.0,common,index,Layout,0,Row&amp;files=vtex.flex-layout@0.21.3,common,0,FlexLayout,Col&amp;files=vtex.product-summary@2.89.0,common,0,ProductSummaryList,ProductSummaryCustom,ProductSummaryImage,ProductSummaryName,Spacer&amp;files=vtex.search@1.5.1,common&amp;workspace=master</a>
        </td>
      </tr>
      <tr>
        <td colspan="1" rowspan="1" class="indent2" width="20%">Method</td>
        <td colspan="1" rowspan="1" width="80%">GET</td>
      </tr>
      <tr>
        <td colspan="1" rowspan="1" class="indent2" width="20%">Parameter</td>
        <td colspan="1" rowspan="1" width="80%"/>
      </tr>
      <tr>
        <td colspan="1" rowspan="1" class="indent2" width="20%">Attack</td>
        <td colspan="1" rowspan="1" width="80%"/>
      </tr>
      <tr>
        <td colspan="1" rowspan="1" class="indent2" width="20%">Evidence</td>
        <td colspan="1" rowspan="1" width="80%">Access-Control-Allow-Origin: *</td>
      </tr>
      <tr>
        <td colspan="1" rowspan="1" class="indent2" width="20%">Other Info</td>
        <td colspan="1" rowspan="1" width="80%">The CORS misconfiguration on the web server permits cross-domain read requests from arbitrary third party domains, using unauthenticated APIs on this domain. Web browser implementations do not permit arbitrary third parties to read the response from authenticated APIs, however. This reduces the risk somewhat. This misconfiguration could be used by an attacker to access data that is available in an unauthenticated manner, but which uses some other form of security, such as IP address white-listing.</td>
      </tr>
      <tr>
        <td colspan="1" rowspan="1" class="indent1" width="20%">URL</td>
        <td colspan="1" rowspan="1" width="80%">
          <a shape="rect" href="https://fairplaybo.vtexassets.com/_v/public/assets/v1/published/bundle/public/react/asset.min.js?v=1&amp;files=vtex.checkout-resources@0.49.0,Utils&amp;files=vtex.checkout-splunk@0.1.1,useSplunk&amp;files=vtex.challenge-tp-condition@0.6.1,ChallengeTradePolicyCondition&amp;files=vtex.css-handles@1.0.1,common,0,useCssHandles,withCssHandles,createCssHandlesContext,applyModifiers&amp;files=vtex.list-context@0.2.0,common,ListContextProvider,useListContext&amp;files=vtex.on-view@1.0.0,common,useOnView&amp;files=vtex.modal-layout@0.14.1,common,ModalContext&amp;files=vtex.product-context@0.10.0,common,ProductContextProvider,useProduct,useProductDispatch&amp;files=vtex.product-group-context@0.2.0,ProductGroupContext&amp;workspace=master">https://fairplaybo.vtexassets.com/_v/public/assets/v1/published/bundle/public/react/asset.min.js?v=1&amp;files=vtex.checkout-resources@0.49.0,Utils&amp;files=vtex.checkout-splunk@0.1.1,useSplunk&amp;files=vtex.challenge-tp-condition@0.6.1,ChallengeTradePolicyCondition&amp;files=vtex.css-handles@1.0.1,common,0,useCssHandles,withCssHandles,createCssHandlesContext,applyModifiers&amp;files=vtex.list-context@0.2.0,common,ListContextProvider,useListContext&amp;files=vtex.on-view@1.0.0,common,useOnView&amp;files=vtex.modal-layout@0.14.1,common,ModalContext&amp;files=vtex.product-context@0.10.0,common,ProductContextProvider,useProduct,useProductDispatch&amp;files=vtex.product-group-context@0.2.0,ProductGroupContext&amp;workspace=master</a>
        </td>
      </tr>
      <tr>
        <td colspan="1" rowspan="1" class="indent2" width="20%">Method</td>
        <td colspan="1" rowspan="1" width="80%">GET</td>
      </tr>
      <tr>
        <td colspan="1" rowspan="1" class="indent2" width="20%">Parameter</td>
        <td colspan="1" rowspan="1" width="80%"/>
      </tr>
      <tr>
        <td colspan="1" rowspan="1" class="indent2" width="20%">Attack</td>
        <td colspan="1" rowspan="1" width="80%"/>
      </tr>
      <tr>
        <td colspan="1" rowspan="1" class="indent2" width="20%">Evidence</td>
        <td colspan="1" rowspan="1" width="80%">Access-Control-Allow-Origin: *</td>
      </tr>
      <tr>
        <td colspan="1" rowspan="1" class="indent2" width="20%">Other Info</td>
        <td colspan="1" rowspan="1" width="80%">The CORS misconfiguration on the web server permits cross-domain read requests from arbitrary third party domains, using unauthenticated APIs on this domain. Web browser implementations do not permit arbitrary third parties to read the response from authenticated APIs, however. This reduces the risk somewhat. This misconfiguration could be used by an attacker to access data that is available in an unauthenticated manner, but which uses some other form of security, such as IP address white-listing.</td>
      </tr>
      <tr>
        <td colspan="1" rowspan="1" class="indent1" width="20%">URL</td>
        <td colspan="1" rowspan="1" width="80%">
          <a shape="rect" href="https://fairplaybo.vtexassets.com/_v/public/assets/v1/published/bundle/public/react/asset.min.js?v=1&amp;files=vtex.open-graph@1.2.2,common,HomeOpenGraph&amp;files=vtex.pixel-manager@1.9.0,common,0,PixelContext,usePixel,usePixelEventCallback&amp;files=vtex.structured-data@0.12.0,common,SearchAction,0,ProductList&amp;files=vtex.checkout-resources@0.49.0,common,0,MutationAddToCart,4,MutationSetManualPrice,5,MutationUpdateItems,MutationClearOrderFormMessages,6,QueryOrderForm&amp;workspace=master">https://fairplaybo.vtexassets.com/_v/public/assets/v1/published/bundle/public/react/asset.min.js?v=1&amp;files=vtex.open-graph@1.2.2,common,HomeOpenGraph&amp;files=vtex.pixel-manager@1.9.0,common,0,PixelContext,usePixel,usePixelEventCallback&amp;files=vtex.structured-data@0.12.0,common,SearchAction,0,ProductList&amp;files=vtex.checkout-resources@0.49.0,common,0,MutationAddToCart,4,MutationSetManualPrice,5,MutationUpdateItems,MutationClearOrderFormMessages,6,QueryOrderForm&amp;workspace=master</a>
        </td>
      </tr>
      <tr>
        <td colspan="1" rowspan="1" class="indent2" width="20%">Method</td>
        <td colspan="1" rowspan="1" width="80%">GET</td>
      </tr>
      <tr>
        <td colspan="1" rowspan="1" class="indent2" width="20%">Parameter</td>
        <td colspan="1" rowspan="1" width="80%"/>
      </tr>
      <tr>
        <td colspan="1" rowspan="1" class="indent2" width="20%">Attack</td>
        <td colspan="1" rowspan="1" width="80%"/>
      </tr>
      <tr>
        <td colspan="1" rowspan="1" class="indent2" width="20%">Evidence</td>
        <td colspan="1" rowspan="1" width="80%">Access-Control-Allow-Origin: *</td>
      </tr>
      <tr>
        <td colspan="1" rowspan="1" class="indent2" width="20%">Other Info</td>
        <td colspan="1" rowspan="1" width="80%">The CORS misconfiguration on the web server permits cross-domain read requests from arbitrary third party domains, using unauthenticated APIs on this domain. Web browser implementations do not permit arbitrary third parties to read the response from authenticated APIs, however. This reduces the risk somewhat. This misconfiguration could be used by an attacker to access data that is available in an unauthenticated manner, but which uses some other form of security, such as IP address white-listing.</td>
      </tr>
      <tr>
        <td colspan="1" rowspan="1" class="indent1" width="20%">URL</td>
        <td colspan="1" rowspan="1" width="80%">
          <a shape="rect" href="https://fairplaybo.vtexassets.com/_v/public/assets/v1/published/bundle/public/react/asset.min.js?v=1&amp;files=vtex.react-vtexid@4.55.0,common,AuthServiceLazy,AuthStateLazy,getAbsReturnUrl,1,0,useLogInWithAccessKey,useLogInWithPassword,useLogOut,useRedirectAfterLogin,useSendAccessKey,useSetPassword,useStartLoginAttempt,validations&amp;files=vtex.responsive-values@0.4.2,common,useResponsiveValues,useResponsiveValue&amp;files=vtex.responsive-layout@0.1.4,common,ResponsiveLayoutDesktop&amp;files=vtex.store-icons@0.18.0,common,IconSearch&amp;workspace=master">https://fairplaybo.vtexassets.com/_v/public/assets/v1/published/bundle/public/react/asset.min.js?v=1&amp;files=vtex.react-vtexid@4.55.0,common,AuthServiceLazy,AuthStateLazy,getAbsReturnUrl,1,0,useLogInWithAccessKey,useLogInWithPassword,useLogOut,useRedirectAfterLogin,useSendAccessKey,useSetPassword,useStartLoginAttempt,validations&amp;files=vtex.responsive-values@0.4.2,common,useResponsiveValues,useResponsiveValue&amp;files=vtex.responsive-layout@0.1.4,common,ResponsiveLayoutDesktop&amp;files=vtex.store-icons@0.18.0,common,IconSearch&amp;workspace=master</a>
        </td>
      </tr>
      <tr>
        <td colspan="1" rowspan="1" class="indent2" width="20%">Method</td>
        <td colspan="1" rowspan="1" width="80%">GET</td>
      </tr>
      <tr>
        <td colspan="1" rowspan="1" class="indent2" width="20%">Parameter</td>
        <td colspan="1" rowspan="1" width="80%"/>
      </tr>
      <tr>
        <td colspan="1" rowspan="1" class="indent2" width="20%">Attack</td>
        <td colspan="1" rowspan="1" width="80%"/>
      </tr>
      <tr>
        <td colspan="1" rowspan="1" class="indent2" width="20%">Evidence</td>
        <td colspan="1" rowspan="1" width="80%">Access-Control-Allow-Origin: *</td>
      </tr>
      <tr>
        <td colspan="1" rowspan="1" class="indent2" width="20%">Other Info</td>
        <td colspan="1" rowspan="1" width="80%">The CORS misconfiguration on the web server permits cross-domain read requests from arbitrary third party domains, using unauthenticated APIs on this domain. Web browser implementations do not permit arbitrary third parties to read the response from authenticated APIs, however. This reduces the risk somewhat. This misconfiguration could be used by an attacker to access data that is available in an unauthenticated manner, but which uses some other form of security, such as IP address white-listing.</td>
      </tr>
      <tr>
        <td colspan="1" rowspan="1" class="indent1" width="20%">URL</td>
        <td colspan="1" rowspan="1" width="80%">
          <a shape="rect" href="https://fairplaybo.vtexassets.com/_v/public/assets/v1/published/bundle/public/react/asset.min.js?v=1&amp;files=vtex.render-runtime@8.134.2,ExtensionContainer&amp;files=vtex.admin-pages@4.53.0,common,6,18,HighlightOverlay&amp;files=vtex.google-tag-manager@3.5.2,index&amp;files=vtex.request-capture@2.3.0,index&amp;files=vtex.facebook-fbe@1.8.4,common,1,FbePixel&amp;files=vtex.sae-analytics@2.13.0,common,0,index&amp;workspace=master">https://fairplaybo.vtexassets.com/_v/public/assets/v1/published/bundle/public/react/asset.min.js?v=1&amp;files=vtex.render-runtime@8.134.2,ExtensionContainer&amp;files=vtex.admin-pages@4.53.0,common,6,18,HighlightOverlay&amp;files=vtex.google-tag-manager@3.5.2,index&amp;files=vtex.request-capture@2.3.0,index&amp;files=vtex.facebook-fbe@1.8.4,common,1,FbePixel&amp;files=vtex.sae-analytics@2.13.0,common,0,index&amp;workspace=master</a>
        </td>
      </tr>
      <tr>
        <td colspan="1" rowspan="1" class="indent2" width="20%">Method</td>
        <td colspan="1" rowspan="1" width="80%">GET</td>
      </tr>
      <tr>
        <td colspan="1" rowspan="1" class="indent2" width="20%">Parameter</td>
        <td colspan="1" rowspan="1" width="80%"/>
      </tr>
      <tr>
        <td colspan="1" rowspan="1" class="indent2" width="20%">Attack</td>
        <td colspan="1" rowspan="1" width="80%"/>
      </tr>
      <tr>
        <td colspan="1" rowspan="1" class="indent2" width="20%">Evidence</td>
        <td colspan="1" rowspan="1" width="80%">Access-Control-Allow-Origin: *</td>
      </tr>
      <tr>
        <td colspan="1" rowspan="1" class="indent2" width="20%">Other Info</td>
        <td colspan="1" rowspan="1" width="80%">The CORS misconfiguration on the web server permits cross-domain read requests from arbitrary third party domains, using unauthenticated APIs on this domain. Web browser implementations do not permit arbitrary third parties to read the response from authenticated APIs, however. This reduces the risk somewhat. This misconfiguration could be used by an attacker to access data that is available in an unauthenticated manner, but which uses some other form of security, such as IP address white-listing.</td>
      </tr>
      <tr>
        <td colspan="1" rowspan="1" class="indent1" width="20%">URL</td>
        <td colspan="1" rowspan="1" width="80%">
          <a shape="rect" href="https://fairplaybo.vtexassets.com/_v/public/assets/v1/published/bundle/public/react/asset.min.js?v=1&amp;files=vtex.render-runtime@8.134.2,LayoutContainer&amp;files=vtex.device-detector@0.2.6,common,useDevice,withDevice&amp;files=vtex.css-handles@0.4.4,common,useCssHandles,applyModifiers&amp;files=vtex.styleguide@9.146.9,common,0,Button,ButtonWithIcon,19,ToastContext,ToastProvider,1,Input,InputSearch,Spinner,IconClock,IconClose&amp;workspace=master">https://fairplaybo.vtexassets.com/_v/public/assets/v1/published/bundle/public/react/asset.min.js?v=1&amp;files=vtex.render-runtime@8.134.2,LayoutContainer&amp;files=vtex.device-detector@0.2.6,common,useDevice,withDevice&amp;files=vtex.css-handles@0.4.4,common,useCssHandles,applyModifiers&amp;files=vtex.styleguide@9.146.9,common,0,Button,ButtonWithIcon,19,ToastContext,ToastProvider,1,Input,InputSearch,Spinner,IconClock,IconClose&amp;workspace=master</a>
        </td>
      </tr>
      <tr>
        <td colspan="1" rowspan="1" class="indent2" width="20%">Method</td>
        <td colspan="1" rowspan="1" width="80%">GET</td>
      </tr>
      <tr>
        <td colspan="1" rowspan="1" class="indent2" width="20%">Parameter</td>
        <td colspan="1" rowspan="1" width="80%"/>
      </tr>
      <tr>
        <td colspan="1" rowspan="1" class="indent2" width="20%">Attack</td>
        <td colspan="1" rowspan="1" width="80%"/>
      </tr>
      <tr>
        <td colspan="1" rowspan="1" class="indent2" width="20%">Evidence</td>
        <td colspan="1" rowspan="1" width="80%">Access-Control-Allow-Origin: *</td>
      </tr>
      <tr>
        <td colspan="1" rowspan="1" class="indent2" width="20%">Other Info</td>
        <td colspan="1" rowspan="1" width="80%">The CORS misconfiguration on the web server permits cross-domain read requests from arbitrary third party domains, using unauthenticated APIs on this domain. Web browser implementations do not permit arbitrary third parties to read the response from authenticated APIs, however. This reduces the risk somewhat. This misconfiguration could be used by an attacker to access data that is available in an unauthenticated manner, but which uses some other form of security, such as IP address white-listing.</td>
      </tr>
      <tr>
        <td colspan="1" rowspan="1" class="indent1" width="20%">URL</td>
        <td colspan="1" rowspan="1" width="80%">
          <a shape="rect" href="https://fairplaybo.vtexassets.com/_v/public/assets/v1/published/bundle/public/react/asset.min.js?v=1&amp;files=vtex.search@1.5.1,0,Autocomplete&amp;workspace=master">https://fairplaybo.vtexassets.com/_v/public/assets/v1/published/bundle/public/react/asset.min.js?v=1&amp;files=vtex.search@1.5.1,0,Autocomplete&amp;workspace=master</a>
        </td>
      </tr>
      <tr>
        <td colspan="1" rowspan="1" class="indent2" width="20%">Method</td>
        <td colspan="1" rowspan="1" width="80%">GET</td>
      </tr>
      <tr>
        <td colspan="1" rowspan="1" class="indent2" width="20%">Parameter</td>
        <td colspan="1" rowspan="1" width="80%"/>
      </tr>
      <tr>
        <td colspan="1" rowspan="1" class="indent2" width="20%">Attack</td>
        <td colspan="1" rowspan="1" width="80%"/>
      </tr>
      <tr>
        <td colspan="1" rowspan="1" class="indent2" width="20%">Evidence</td>
        <td colspan="1" rowspan="1" width="80%">Access-Control-Allow-Origin: *</td>
      </tr>
      <tr>
        <td colspan="1" rowspan="1" class="indent2" width="20%">Other Info</td>
        <td colspan="1" rowspan="1" width="80%">The CORS misconfiguration on the web server permits cross-domain read requests from arbitrary third party domains, using unauthenticated APIs on this domain. Web browser implementations do not permit arbitrary third parties to read the response from authenticated APIs, however. This reduces the risk somewhat. This misconfiguration could be used by an attacker to access data that is available in an unauthenticated manner, but which uses some other form of security, such as IP address white-listing.</td>
      </tr>
      <tr>
        <td colspan="1" rowspan="1" class="indent1" width="20%">URL</td>
        <td colspan="1" rowspan="1" width="80%">
          <a shape="rect" href="https://fairplaybo.vtexassets.com/_v/public/assets/v1/published/bundle/public/react/asset.min.js?v=1&amp;files=vtex.store-components@3.171.0,4,SearchBar,CollectionBadges,DiscountBadge,ProductName&amp;files=vtex.store@2.134.0,common,HomeWrapper,0,StoreWrapper,Fold&amp;files=fairplaybo.m3-custom@0.0.113,common,FreeShippingStatusVariables,MyAccountCustom,RemoveZoomIos,CustomSliderList,0,FlagCollectionCustom,WishlistCustom,FlexList,CustomFlagCollections,CustomNameProduct&amp;workspace=master">https://fairplaybo.vtexassets.com/_v/public/assets/v1/published/bundle/public/react/asset.min.js?v=1&amp;files=vtex.store-components@3.171.0,4,SearchBar,CollectionBadges,DiscountBadge,ProductName&amp;files=vtex.store@2.134.0,common,HomeWrapper,0,StoreWrapper,Fold&amp;files=fairplaybo.m3-custom@0.0.113,common,FreeShippingStatusVariables,MyAccountCustom,RemoveZoomIos,CustomSliderList,0,FlagCollectionCustom,WishlistCustom,FlexList,CustomFlagCollections,CustomNameProduct&amp;workspace=master</a>
        </td>
      </tr>
      <tr>
        <td colspan="1" rowspan="1" class="indent2" width="20%">Method</td>
        <td colspan="1" rowspan="1" width="80%">GET</td>
      </tr>
      <tr>
        <td colspan="1" rowspan="1" class="indent2" width="20%">Parameter</td>
        <td colspan="1" rowspan="1" width="80%"/>
      </tr>
      <tr>
        <td colspan="1" rowspan="1" class="indent2" width="20%">Attack</td>
        <td colspan="1" rowspan="1" width="80%"/>
      </tr>
      <tr>
        <td colspan="1" rowspan="1" class="indent2" width="20%">Evidence</td>
        <td colspan="1" rowspan="1" width="80%">Access-Control-Allow-Origin: *</td>
      </tr>
      <tr>
        <td colspan="1" rowspan="1" class="indent2" width="20%">Other Info</td>
        <td colspan="1" rowspan="1" width="80%">The CORS misconfiguration on the web server permits cross-domain read requests from arbitrary third party domains, using unauthenticated APIs on this domain. Web browser implementations do not permit arbitrary third parties to read the response from authenticated APIs, however. This reduces the risk somewhat. This misconfiguration could be used by an attacker to access data that is available in an unauthenticated manner, but which uses some other form of security, such as IP address white-listing.</td>
      </tr>
      <tr>
        <td colspan="1" rowspan="1" class="indent1" width="20%">URL</td>
        <td colspan="1" rowspan="1" width="80%">
          <a shape="rect" href="https://fairplaybo.vtexassets.com/_v/public/assets/v1/published/bundle/public/react/asset.min.js?v=1&amp;files=vtex.store-icons@0.18.0,IconCaret,IconClose,Icon,IconArrowBack,IconEyeSight,IconProfile,IconMenu,IconCart&amp;files=vtex.stack-layout@0.1.0,index&amp;files=vtex.react-portal@0.4.1,common,0,Overlay&amp;files=vtex.native-types@0.10.1,common,IOMessage,formatIOMessage,IOMessageWithMarkers&amp;files=vtex.store-resources@0.93.0,common,0,MutationAddToCart,1,MutationUpdateItems&amp;workspace=master">https://fairplaybo.vtexassets.com/_v/public/assets/v1/published/bundle/public/react/asset.min.js?v=1&amp;files=vtex.store-icons@0.18.0,IconCaret,IconClose,Icon,IconArrowBack,IconEyeSight,IconProfile,IconMenu,IconCart&amp;files=vtex.stack-layout@0.1.0,index&amp;files=vtex.react-portal@0.4.1,common,0,Overlay&amp;files=vtex.native-types@0.10.1,common,IOMessage,formatIOMessage,IOMessageWithMarkers&amp;files=vtex.store-resources@0.93.0,common,0,MutationAddToCart,1,MutationUpdateItems&amp;workspace=master</a>
        </td>
      </tr>
      <tr>
        <td colspan="1" rowspan="1" class="indent2" width="20%">Method</td>
        <td colspan="1" rowspan="1" width="80%">GET</td>
      </tr>
      <tr>
        <td colspan="1" rowspan="1" class="indent2" width="20%">Parameter</td>
        <td colspan="1" rowspan="1" width="80%"/>
      </tr>
      <tr>
        <td colspan="1" rowspan="1" class="indent2" width="20%">Attack</td>
        <td colspan="1" rowspan="1" width="80%"/>
      </tr>
      <tr>
        <td colspan="1" rowspan="1" class="indent2" width="20%">Evidence</td>
        <td colspan="1" rowspan="1" width="80%">Access-Control-Allow-Origin: *</td>
      </tr>
      <tr>
        <td colspan="1" rowspan="1" class="indent2" width="20%">Other Info</td>
        <td colspan="1" rowspan="1" width="80%">The CORS misconfiguration on the web server permits cross-domain read requests from arbitrary third party domains, using unauthenticated APIs on this domain. Web browser implementations do not permit arbitrary third parties to read the response from authenticated APIs, however. This reduces the risk somewhat. This misconfiguration could be used by an attacker to access data that is available in an unauthenticated manner, but which uses some other form of security, such as IP address white-listing.</td>
      </tr>
      <tr>
        <td colspan="1" rowspan="1" class="indent1" width="20%">URL</td>
        <td colspan="1" rowspan="1" width="80%">
          <a shape="rect" href="https://fairplaybo.vtexassets.com/_v/public/assets/v1/published/bundle/public/react/asset.min.js?v=1&amp;files=vtex.store-link@0.9.3,0,StoreLink&amp;files=vtex.product-highlights@2.3.0,common,ProductHighlights,ProductHighlightText&amp;files=vtex.order-items@0.13.23,common,0,OrderItems&amp;files=vtex.product-price@1.31.0,common,ListPrice,SellingPrice&amp;files=vtex.formatted-price@0.7.0,common,FormattedPrice&amp;files=vtex.minicart@2.67.1,common,Minicart&amp;files=vtex.store-components@3.171.0,common,Container,Newsletter,Image,Logo,10&amp;workspace=master">https://fairplaybo.vtexassets.com/_v/public/assets/v1/published/bundle/public/react/asset.min.js?v=1&amp;files=vtex.store-link@0.9.3,0,StoreLink&amp;files=vtex.product-highlights@2.3.0,common,ProductHighlights,ProductHighlightText&amp;files=vtex.order-items@0.13.23,common,0,OrderItems&amp;files=vtex.product-price@1.31.0,common,ListPrice,SellingPrice&amp;files=vtex.formatted-price@0.7.0,common,FormattedPrice&amp;files=vtex.minicart@2.67.1,common,Minicart&amp;files=vtex.store-components@3.171.0,common,Container,Newsletter,Image,Logo,10&amp;workspace=master</a>
        </td>
      </tr>
      <tr>
        <td colspan="1" rowspan="1" class="indent2" width="20%">Method</td>
        <td colspan="1" rowspan="1" width="80%">GET</td>
      </tr>
      <tr>
        <td colspan="1" rowspan="1" class="indent2" width="20%">Parameter</td>
        <td colspan="1" rowspan="1" width="80%"/>
      </tr>
      <tr>
        <td colspan="1" rowspan="1" class="indent2" width="20%">Attack</td>
        <td colspan="1" rowspan="1" width="80%"/>
      </tr>
      <tr>
        <td colspan="1" rowspan="1" class="indent2" width="20%">Evidence</td>
        <td colspan="1" rowspan="1" width="80%">Access-Control-Allow-Origin: *</td>
      </tr>
      <tr>
        <td colspan="1" rowspan="1" class="indent2" width="20%">Other Info</td>
        <td colspan="1" rowspan="1" width="80%">The CORS misconfiguration on the web server permits cross-domain read requests from arbitrary third party domains, using unauthenticated APIs on this domain. Web browser implementations do not permit arbitrary third parties to read the response from authenticated APIs, however. This reduces the risk somewhat. This misconfiguration could be used by an attacker to access data that is available in an unauthenticated manner, but which uses some other form of security, such as IP address white-listing.</td>
      </tr>
      <tr>
        <td colspan="1" rowspan="1" class="indent1" width="20%">URL</td>
        <td colspan="1" rowspan="1" width="80%">
          <a shape="rect" href="https://fairplaybo.vtexassets.com/_v/public/assets/v1/published/bundle/public/react/asset.min.js?v=1&amp;files=vtex.store-resources@0.93.0,MutationUpdateOrderFormCheckin,MutationUpdateOrderFormProfile,MutationUpdateOrderFormShipping,OrderFormContext,PWAContext,3,QueryOrderForm,8,QueryProducts,QueryItemsWithSimulation&amp;files=vtex.product-list-context@0.4.1,common,ProductListContext,useProductImpression&amp;files=vtex.order-manager@0.12.0,common,0,OrderForm,OrderQueue&amp;files=vtex.format-currency@0.4.1,common,FormattedCurrency,formatCurrency&amp;files=vtex.wish-list@1.16.2,common&amp;workspace=master">https://fairplaybo.vtexassets.com/_v/public/assets/v1/published/bundle/public/react/asset.min.js?v=1&amp;files=vtex.store-resources@0.93.0,MutationUpdateOrderFormCheckin,MutationUpdateOrderFormProfile,MutationUpdateOrderFormShipping,OrderFormContext,PWAContext,3,QueryOrderForm,8,QueryProducts,QueryItemsWithSimulation&amp;files=vtex.product-list-context@0.4.1,common,ProductListContext,useProductImpression&amp;files=vtex.order-manager@0.12.0,common,0,OrderForm,OrderQueue&amp;files=vtex.format-currency@0.4.1,common,FormattedCurrency,formatCurrency&amp;files=vtex.wish-list@1.16.2,common&amp;workspace=master</a>
        </td>
      </tr>
      <tr>
        <td colspan="1" rowspan="1" class="indent2" width="20%">Method</td>
        <td colspan="1" rowspan="1" width="80%">GET</td>
      </tr>
      <tr>
        <td colspan="1" rowspan="1" class="indent2" width="20%">Parameter</td>
        <td colspan="1" rowspan="1" width="80%"/>
      </tr>
      <tr>
        <td colspan="1" rowspan="1" class="indent2" width="20%">Attack</td>
        <td colspan="1" rowspan="1" width="80%"/>
      </tr>
      <tr>
        <td colspan="1" rowspan="1" class="indent2" width="20%">Evidence</td>
        <td colspan="1" rowspan="1" width="80%">Access-Control-Allow-Origin: *</td>
      </tr>
      <tr>
        <td colspan="1" rowspan="1" class="indent2" width="20%">Other Info</td>
        <td colspan="1" rowspan="1" width="80%">The CORS misconfiguration on the web server permits cross-domain read requests from arbitrary third party domains, using unauthenticated APIs on this domain. Web browser implementations do not permit arbitrary third parties to read the response from authenticated APIs, however. This reduces the risk somewhat. This misconfiguration could be used by an attacker to access data that is available in an unauthenticated manner, but which uses some other form of security, such as IP address white-listing.</td>
      </tr>
      <tr>
        <td colspan="1" rowspan="1" class="indent1" width="20%">URL</td>
        <td colspan="1" rowspan="1" width="80%">
          <a shape="rect" href="https://fairplaybo.vtexassets.com/_v/public/assets/v1/published/bundle/public/react/asset.min.js?v=1&amp;files=vtex.wish-list@1.16.2,AddProductBtn&amp;files=vtex.product-summary-context@0.12.0,common,ProductSummaryContext&amp;files=vtex.slider-layout@0.24.4,common,SliderLayout&amp;files=vtex.store-drawer@0.17.0,common,Drawer&amp;files=vtex.login@2.57.3,common,1,Login&amp;files=vtex.store-image@0.20.0,common,0,ImageList,Image&amp;files=vtex.rich-text@0.16.0,index&amp;files=vtex.menu@2.35.1,common,0,Menu,MenuItem,Submenu&amp;files=vtex.store-link@0.9.3,common&amp;workspace=master">https://fairplaybo.vtexassets.com/_v/public/assets/v1/published/bundle/public/react/asset.min.js?v=1&amp;files=vtex.wish-list@1.16.2,AddProductBtn&amp;files=vtex.product-summary-context@0.12.0,common,ProductSummaryContext&amp;files=vtex.slider-layout@0.24.4,common,SliderLayout&amp;files=vtex.store-drawer@0.17.0,common,Drawer&amp;files=vtex.login@2.57.3,common,1,Login&amp;files=vtex.store-image@0.20.0,common,0,ImageList,Image&amp;files=vtex.rich-text@0.16.0,index&amp;files=vtex.menu@2.35.1,common,0,Menu,MenuItem,Submenu&amp;files=vtex.store-link@0.9.3,common&amp;workspace=master</a>
        </td>
      </tr>
      <tr>
        <td colspan="1" rowspan="1" class="indent2" width="20%">Method</td>
        <td colspan="1" rowspan="1" width="80%">GET</td>
      </tr>
      <tr>
        <td colspan="1" rowspan="1" class="indent2" width="20%">Parameter</td>
        <td colspan="1" rowspan="1" width="80%"/>
      </tr>
      <tr>
        <td colspan="1" rowspan="1" class="indent2" width="20%">Attack</td>
        <td colspan="1" rowspan="1" width="80%"/>
      </tr>
      <tr>
        <td colspan="1" rowspan="1" class="indent2" width="20%">Evidence</td>
        <td colspan="1" rowspan="1" width="80%">Access-Control-Allow-Origin: *</td>
      </tr>
      <tr>
        <td colspan="1" rowspan="1" class="indent2" width="20%">Other Info</td>
        <td colspan="1" rowspan="1" width="80%">The CORS misconfiguration on the web server permits cross-domain read requests from arbitrary third party domains, using unauthenticated APIs on this domain. Web browser implementations do not permit arbitrary third parties to read the response from authenticated APIs, however. This reduces the risk somewhat. This misconfiguration could be used by an attacker to access data that is available in an unauthenticated manner, but which uses some other form of security, such as IP address white-listing.</td>
      </tr>
      <tr>
        <td colspan="1" rowspan="1" class="indent1" width="20%">URL</td>
        <td colspan="1" rowspan="1" width="80%">
          <a shape="rect" href="https://fairplaybo.vtexassets.com/_v/public/assets/v1/published/fairplaybo.m3-custom@0.0.113/public/react/BrandFlag.min.css?workspace=master">https://fairplaybo.vtexassets.com/_v/public/assets/v1/published/fairplaybo.m3-custom@0.0.113/public/react/BrandFlag.min.css?workspace=master</a>
        </td>
      </tr>
      <tr>
        <td colspan="1" rowspan="1" class="indent2" width="20%">Method</td>
        <td colspan="1" rowspan="1" width="80%">GET</td>
      </tr>
      <tr>
        <td colspan="1" rowspan="1" class="indent2" width="20%">Parameter</td>
        <td colspan="1" rowspan="1" width="80%"/>
      </tr>
      <tr>
        <td colspan="1" rowspan="1" class="indent2" width="20%">Attack</td>
        <td colspan="1" rowspan="1" width="80%"/>
      </tr>
      <tr>
        <td colspan="1" rowspan="1" class="indent2" width="20%">Evidence</td>
        <td colspan="1" rowspan="1" width="80%">Access-Control-Allow-Origin: *</td>
      </tr>
      <tr>
        <td colspan="1" rowspan="1" class="indent2" width="20%">Other Info</td>
        <td colspan="1" rowspan="1" width="80%">The CORS misconfiguration on the web server permits cross-domain read requests from arbitrary third party domains, using unauthenticated APIs on this domain. Web browser implementations do not permit arbitrary third parties to read the response from authenticated APIs, however. This reduces the risk somewhat. This misconfiguration could be used by an attacker to access data that is available in an unauthenticated manner, but which uses some other form of security, such as IP address white-listing.</td>
      </tr>
      <tr>
        <td colspan="1" rowspan="1" class="indent1" width="20%">URL</td>
        <td colspan="1" rowspan="1" width="80%">
          <a shape="rect" href="https://fairplaybo.vtexassets.com/_v/public/assets/v1/published/fairplaybo.m3-custom@0.0.113/public/react/CustomFlagCollections.min.css?workspace=master">https://fairplaybo.vtexassets.com/_v/public/assets/v1/published/fairplaybo.m3-custom@0.0.113/public/react/CustomFlagCollections.min.css?workspace=master</a>
        </td>
      </tr>
      <tr>
        <td colspan="1" rowspan="1" class="indent2" width="20%">Method</td>
        <td colspan="1" rowspan="1" width="80%">GET</td>
      </tr>
      <tr>
        <td colspan="1" rowspan="1" class="indent2" width="20%">Parameter</td>
        <td colspan="1" rowspan="1" width="80%"/>
      </tr>
      <tr>
        <td colspan="1" rowspan="1" class="indent2" width="20%">Attack</td>
        <td colspan="1" rowspan="1" width="80%"/>
      </tr>
      <tr>
        <td colspan="1" rowspan="1" class="indent2" width="20%">Evidence</td>
        <td colspan="1" rowspan="1" width="80%">Access-Control-Allow-Origin: *</td>
      </tr>
      <tr>
        <td colspan="1" rowspan="1" class="indent2" width="20%">Other Info</td>
        <td colspan="1" rowspan="1" width="80%">The CORS misconfiguration on the web server permits cross-domain read requests from arbitrary third party domains, using unauthenticated APIs on this domain. Web browser implementations do not permit arbitrary third parties to read the response from authenticated APIs, however. This reduces the risk somewhat. This misconfiguration could be used by an attacker to access data that is available in an unauthenticated manner, but which uses some other form of security, such as IP address white-listing.</td>
      </tr>
      <tr>
        <td colspan="1" rowspan="1" class="indent1" width="20%">URL</td>
        <td colspan="1" rowspan="1" width="80%">
          <a shape="rect" href="https://fairplaybo.vtexassets.com/_v/public/assets/v1/published/fairplaybo.m3-custom@0.0.113/public/react/CustomNameProduct.min.css?workspace=master">https://fairplaybo.vtexassets.com/_v/public/assets/v1/published/fairplaybo.m3-custom@0.0.113/public/react/CustomNameProduct.min.css?workspace=master</a>
        </td>
      </tr>
      <tr>
        <td colspan="1" rowspan="1" class="indent2" width="20%">Method</td>
        <td colspan="1" rowspan="1" width="80%">GET</td>
      </tr>
      <tr>
        <td colspan="1" rowspan="1" class="indent2" width="20%">Parameter</td>
        <td colspan="1" rowspan="1" width="80%"/>
      </tr>
      <tr>
        <td colspan="1" rowspan="1" class="indent2" width="20%">Attack</td>
        <td colspan="1" rowspan="1" width="80%"/>
      </tr>
      <tr>
        <td colspan="1" rowspan="1" class="indent2" width="20%">Evidence</td>
        <td colspan="1" rowspan="1" width="80%">Access-Control-Allow-Origin: *</td>
      </tr>
      <tr>
        <td colspan="1" rowspan="1" class="indent2" width="20%">Other Info</td>
        <td colspan="1" rowspan="1" width="80%">The CORS misconfiguration on the web server permits cross-domain read requests from arbitrary third party domains, using unauthenticated APIs on this domain. Web browser implementations do not permit arbitrary third parties to read the response from authenticated APIs, however. This reduces the risk somewhat. This misconfiguration could be used by an attacker to access data that is available in an unauthenticated manner, but which uses some other form of security, such as IP address white-listing.</td>
      </tr>
      <tr>
        <td colspan="1" rowspan="1" class="indent1" width="20%">URL</td>
        <td colspan="1" rowspan="1" width="80%">
          <a shape="rect" href="https://fairplaybo.vtexassets.com/_v/public/assets/v1/published/fairplaybo.m3-custom@0.0.113/public/react/CustomSliderList.min.css?workspace=master">https://fairplaybo.vtexassets.com/_v/public/assets/v1/published/fairplaybo.m3-custom@0.0.113/public/react/CustomSliderList.min.css?workspace=master</a>
        </td>
      </tr>
      <tr>
        <td colspan="1" rowspan="1" class="indent2" width="20%">Method</td>
        <td colspan="1" rowspan="1" width="80%">GET</td>
      </tr>
      <tr>
        <td colspan="1" rowspan="1" class="indent2" width="20%">Parameter</td>
        <td colspan="1" rowspan="1" width="80%"/>
      </tr>
      <tr>
        <td colspan="1" rowspan="1" class="indent2" width="20%">Attack</td>
        <td colspan="1" rowspan="1" width="80%"/>
      </tr>
      <tr>
        <td colspan="1" rowspan="1" class="indent2" width="20%">Evidence</td>
        <td colspan="1" rowspan="1" width="80%">Access-Control-Allow-Origin: *</td>
      </tr>
      <tr>
        <td colspan="1" rowspan="1" class="indent2" width="20%">Other Info</td>
        <td colspan="1" rowspan="1" width="80%">The CORS misconfiguration on the web server permits cross-domain read requests from arbitrary third party domains, using unauthenticated APIs on this domain. Web browser implementations do not permit arbitrary third parties to read the response from authenticated APIs, however. This reduces the risk somewhat. This misconfiguration could be used by an attacker to access data that is available in an unauthenticated manner, but which uses some other form of security, such as IP address white-listing.</td>
      </tr>
      <tr>
        <td colspan="1" rowspan="1" class="indent1" width="20%">URL</td>
        <td colspan="1" rowspan="1" width="80%">
          <a shape="rect" href="https://fairplaybo.vtexassets.com/_v/public/assets/v1/published/fairplaybo.m3-custom@0.0.113/public/react/FlagCollectionCustom.min.css?workspace=master">https://fairplaybo.vtexassets.com/_v/public/assets/v1/published/fairplaybo.m3-custom@0.0.113/public/react/FlagCollectionCustom.min.css?workspace=master</a>
        </td>
      </tr>
      <tr>
        <td colspan="1" rowspan="1" class="indent2" width="20%">Method</td>
        <td colspan="1" rowspan="1" width="80%">GET</td>
      </tr>
      <tr>
        <td colspan="1" rowspan="1" class="indent2" width="20%">Parameter</td>
        <td colspan="1" rowspan="1" width="80%"/>
      </tr>
      <tr>
        <td colspan="1" rowspan="1" class="indent2" width="20%">Attack</td>
        <td colspan="1" rowspan="1" width="80%"/>
      </tr>
      <tr>
        <td colspan="1" rowspan="1" class="indent2" width="20%">Evidence</td>
        <td colspan="1" rowspan="1" width="80%">Access-Control-Allow-Origin: *</td>
      </tr>
      <tr>
        <td colspan="1" rowspan="1" class="indent2" width="20%">Other Info</td>
        <td colspan="1" rowspan="1" width="80%">The CORS misconfiguration on the web server permits cross-domain read requests from arbitrary third party domains, using unauthenticated APIs on this domain. Web browser implementations do not permit arbitrary third parties to read the response from authenticated APIs, however. This reduces the risk somewhat. This misconfiguration could be used by an attacker to access data that is available in an unauthenticated manner, but which uses some other form of security, such as IP address white-listing.</td>
      </tr>
      <tr>
        <td colspan="1" rowspan="1" class="indent1" width="20%">URL</td>
        <td colspan="1" rowspan="1" width="80%">
          <a shape="rect" href="https://fairplaybo.vtexassets.com/_v/public/assets/v1/published/fairplaybo.m3-custom@0.0.113/public/react/FlexList.min.css?workspace=master">https://fairplaybo.vtexassets.com/_v/public/assets/v1/published/fairplaybo.m3-custom@0.0.113/public/react/FlexList.min.css?workspace=master</a>
        </td>
      </tr>
      <tr>
        <td colspan="1" rowspan="1" class="indent2" width="20%">Method</td>
        <td colspan="1" rowspan="1" width="80%">GET</td>
      </tr>
      <tr>
        <td colspan="1" rowspan="1" class="indent2" width="20%">Parameter</td>
        <td colspan="1" rowspan="1" width="80%"/>
      </tr>
      <tr>
        <td colspan="1" rowspan="1" class="indent2" width="20%">Attack</td>
        <td colspan="1" rowspan="1" width="80%"/>
      </tr>
      <tr>
        <td colspan="1" rowspan="1" class="indent2" width="20%">Evidence</td>
        <td colspan="1" rowspan="1" width="80%">Access-Control-Allow-Origin: *</td>
      </tr>
      <tr>
        <td colspan="1" rowspan="1" class="indent2" width="20%">Other Info</td>
        <td colspan="1" rowspan="1" width="80%">The CORS misconfiguration on the web server permits cross-domain read requests from arbitrary third party domains, using unauthenticated APIs on this domain. Web browser implementations do not permit arbitrary third parties to read the response from authenticated APIs, however. This reduces the risk somewhat. This misconfiguration could be used by an attacker to access data that is available in an unauthenticated manner, but which uses some other form of security, such as IP address white-listing.</td>
      </tr>
      <tr>
        <td colspan="1" rowspan="1" class="indent1" width="20%">URL</td>
        <td colspan="1" rowspan="1" width="80%">
          <a shape="rect" href="https://fairplaybo.vtexassets.com/_v/public/assets/v1/published/fairplaybo.m3-custom@0.0.113/public/react/PriceDisconterPromotion.min.css?workspace=master">https://fairplaybo.vtexassets.com/_v/public/assets/v1/published/fairplaybo.m3-custom@0.0.113/public/react/PriceDisconterPromotion.min.css?workspace=master</a>
        </td>
      </tr>
      <tr>
        <td colspan="1" rowspan="1" class="indent2" width="20%">Method</td>
        <td colspan="1" rowspan="1" width="80%">GET</td>
      </tr>
      <tr>
        <td colspan="1" rowspan="1" class="indent2" width="20%">Parameter</td>
        <td colspan="1" rowspan="1" width="80%"/>
      </tr>
      <tr>
        <td colspan="1" rowspan="1" class="indent2" width="20%">Attack</td>
        <td colspan="1" rowspan="1" width="80%"/>
      </tr>
      <tr>
        <td colspan="1" rowspan="1" class="indent2" width="20%">Evidence</td>
        <td colspan="1" rowspan="1" width="80%">Access-Control-Allow-Origin: *</td>
      </tr>
      <tr>
        <td colspan="1" rowspan="1" class="indent2" width="20%">Other Info</td>
        <td colspan="1" rowspan="1" width="80%">The CORS misconfiguration on the web server permits cross-domain read requests from arbitrary third party domains, using unauthenticated APIs on this domain. Web browser implementations do not permit arbitrary third parties to read the response from authenticated APIs, however. This reduces the risk somewhat. This misconfiguration could be used by an attacker to access data that is available in an unauthenticated manner, but which uses some other form of security, such as IP address white-listing.</td>
      </tr>
      <tr>
        <td colspan="1" rowspan="1" class="indent1" width="20%">URL</td>
        <td colspan="1" rowspan="1" width="80%">
          <a shape="rect" href="https://fairplaybo.vtexassets.com/_v/public/assets/v1/published/fairplaybo.m3-custom@0.0.113/public/react/WishlistCustom.min.css?workspace=master">https://fairplaybo.vtexassets.com/_v/public/assets/v1/published/fairplaybo.m3-custom@0.0.113/public/react/WishlistCustom.min.css?workspace=master</a>
        </td>
      </tr>
      <tr>
        <td colspan="1" rowspan="1" class="indent2" width="20%">Method</td>
        <td colspan="1" rowspan="1" width="80%">GET</td>
      </tr>
      <tr>
        <td colspan="1" rowspan="1" class="indent2" width="20%">Parameter</td>
        <td colspan="1" rowspan="1" width="80%"/>
      </tr>
      <tr>
        <td colspan="1" rowspan="1" class="indent2" width="20%">Attack</td>
        <td colspan="1" rowspan="1" width="80%"/>
      </tr>
      <tr>
        <td colspan="1" rowspan="1" class="indent2" width="20%">Evidence</td>
        <td colspan="1" rowspan="1" width="80%">Access-Control-Allow-Origin: *</td>
      </tr>
      <tr>
        <td colspan="1" rowspan="1" class="indent2" width="20%">Other Info</td>
        <td colspan="1" rowspan="1" width="80%">The CORS misconfiguration on the web server permits cross-domain read requests from arbitrary third party domains, using unauthenticated APIs on this domain. Web browser implementations do not permit arbitrary third parties to read the response from authenticated APIs, however. This reduces the risk somewhat. This misconfiguration could be used by an attacker to access data that is available in an unauthenticated manner, but which uses some other form of security, such as IP address white-listing.</td>
      </tr>
      <tr>
        <td colspan="1" rowspan="1" class="indent1" width="20%">URL</td>
        <td colspan="1" rowspan="1" width="80%">
          <a shape="rect" href="https://fairplaybo.vtexassets.com/_v/public/assets/v1/published/vtex.admin-pages@4.53.0/public/react/HighlightOverlay.min.css?workspace=master">https://fairplaybo.vtexassets.com/_v/public/assets/v1/published/vtex.admin-pages@4.53.0/public/react/HighlightOverlay.min.css?workspace=master</a>
        </td>
      </tr>
      <tr>
        <td colspan="1" rowspan="1" class="indent2" width="20%">Method</td>
        <td colspan="1" rowspan="1" width="80%">GET</td>
      </tr>
      <tr>
        <td colspan="1" rowspan="1" class="indent2" width="20%">Parameter</td>
        <td colspan="1" rowspan="1" width="80%"/>
      </tr>
      <tr>
        <td colspan="1" rowspan="1" class="indent2" width="20%">Attack</td>
        <td colspan="1" rowspan="1" width="80%"/>
      </tr>
      <tr>
        <td colspan="1" rowspan="1" class="indent2" width="20%">Evidence</td>
        <td colspan="1" rowspan="1" width="80%">Access-Control-Allow-Origin: *</td>
      </tr>
      <tr>
        <td colspan="1" rowspan="1" class="indent2" width="20%">Other Info</td>
        <td colspan="1" rowspan="1" width="80%">The CORS misconfiguration on the web server permits cross-domain read requests from arbitrary third party domains, using unauthenticated APIs on this domain. Web browser implementations do not permit arbitrary third parties to read the response from authenticated APIs, however. This reduces the risk somewhat. This misconfiguration could be used by an attacker to access data that is available in an unauthenticated manner, but which uses some other form of security, such as IP address white-listing.</td>
      </tr>
      <tr>
        <td colspan="1" rowspan="1" class="indent1" width="20%">URL</td>
        <td colspan="1" rowspan="1" width="80%">
          <a shape="rect" href="https://fairplaybo.vtexassets.com/_v/public/assets/v1/published/vtex.flex-layout@0.21.3/public/react/0.min.css?workspace=master">https://fairplaybo.vtexassets.com/_v/public/assets/v1/published/vtex.flex-layout@0.21.3/public/react/0.min.css?workspace=master</a>
        </td>
      </tr>
      <tr>
        <td colspan="1" rowspan="1" class="indent2" width="20%">Method</td>
        <td colspan="1" rowspan="1" width="80%">GET</td>
      </tr>
      <tr>
        <td colspan="1" rowspan="1" class="indent2" width="20%">Parameter</td>
        <td colspan="1" rowspan="1" width="80%"/>
      </tr>
      <tr>
        <td colspan="1" rowspan="1" class="indent2" width="20%">Attack</td>
        <td colspan="1" rowspan="1" width="80%"/>
      </tr>
      <tr>
        <td colspan="1" rowspan="1" class="indent2" width="20%">Evidence</td>
        <td colspan="1" rowspan="1" width="80%">Access-Control-Allow-Origin: *</td>
      </tr>
      <tr>
        <td colspan="1" rowspan="1" class="indent2" width="20%">Other Info</td>
        <td colspan="1" rowspan="1" width="80%">The CORS misconfiguration on the web server permits cross-domain read requests from arbitrary third party domains, using unauthenticated APIs on this domain. Web browser implementations do not permit arbitrary third parties to read the response from authenticated APIs, however. This reduces the risk somewhat. This misconfiguration could be used by an attacker to access data that is available in an unauthenticated manner, but which uses some other form of security, such as IP address white-listing.</td>
      </tr>
      <tr>
        <td colspan="1" rowspan="1" class="indent1" width="20%">URL</td>
        <td colspan="1" rowspan="1" width="80%">
          <a shape="rect" href="https://fairplaybo.vtexassets.com/_v/public/assets/v1/published/vtex.login@2.57.3/public/react/1.min.css?workspace=master">https://fairplaybo.vtexassets.com/_v/public/assets/v1/published/vtex.login@2.57.3/public/react/1.min.css?workspace=master</a>
        </td>
      </tr>
      <tr>
        <td colspan="1" rowspan="1" class="indent2" width="20%">Method</td>
        <td colspan="1" rowspan="1" width="80%">GET</td>
      </tr>
      <tr>
        <td colspan="1" rowspan="1" class="indent2" width="20%">Parameter</td>
        <td colspan="1" rowspan="1" width="80%"/>
      </tr>
      <tr>
        <td colspan="1" rowspan="1" class="indent2" width="20%">Attack</td>
        <td colspan="1" rowspan="1" width="80%"/>
      </tr>
      <tr>
        <td colspan="1" rowspan="1" class="indent2" width="20%">Evidence</td>
        <td colspan="1" rowspan="1" width="80%">Access-Control-Allow-Origin: *</td>
      </tr>
      <tr>
        <td colspan="1" rowspan="1" class="indent2" width="20%">Other Info</td>
        <td colspan="1" rowspan="1" width="80%">The CORS misconfiguration on the web server permits cross-domain read requests from arbitrary third party domains, using unauthenticated APIs on this domain. Web browser implementations do not permit arbitrary third parties to read the response from authenticated APIs, however. This reduces the risk somewhat. This misconfiguration could be used by an attacker to access data that is available in an unauthenticated manner, but which uses some other form of security, such as IP address white-listing.</td>
      </tr>
      <tr>
        <td colspan="1" rowspan="1" class="indent1" width="20%">URL</td>
        <td colspan="1" rowspan="1" width="80%">
          <a shape="rect" href="https://fairplaybo.vtexassets.com/_v/public/assets/v1/published/vtex.minicart@2.67.1/public/react/Minicart.min.css?workspace=master">https://fairplaybo.vtexassets.com/_v/public/assets/v1/published/vtex.minicart@2.67.1/public/react/Minicart.min.css?workspace=master</a>
        </td>
      </tr>
      <tr>
        <td colspan="1" rowspan="1" class="indent2" width="20%">Method</td>
        <td colspan="1" rowspan="1" width="80%">GET</td>
      </tr>
      <tr>
        <td colspan="1" rowspan="1" class="indent2" width="20%">Parameter</td>
        <td colspan="1" rowspan="1" width="80%"/>
      </tr>
      <tr>
        <td colspan="1" rowspan="1" class="indent2" width="20%">Attack</td>
        <td colspan="1" rowspan="1" width="80%"/>
      </tr>
      <tr>
        <td colspan="1" rowspan="1" class="indent2" width="20%">Evidence</td>
        <td colspan="1" rowspan="1" width="80%">Access-Control-Allow-Origin: *</td>
      </tr>
      <tr>
        <td colspan="1" rowspan="1" class="indent2" width="20%">Other Info</td>
        <td colspan="1" rowspan="1" width="80%">The CORS misconfiguration on the web server permits cross-domain read requests from arbitrary third party domains, using unauthenticated APIs on this domain. Web browser implementations do not permit arbitrary third parties to read the response from authenticated APIs, however. This reduces the risk somewhat. This misconfiguration could be used by an attacker to access data that is available in an unauthenticated manner, but which uses some other form of security, such as IP address white-listing.</td>
      </tr>
      <tr>
        <td colspan="1" rowspan="1" class="indent1" width="20%">URL</td>
        <td colspan="1" rowspan="1" width="80%">
          <a shape="rect" href="https://fairplaybo.vtexassets.com/_v/public/assets/v1/published/vtex.product-summary@2.89.0/public/react/ProductSummaryImage.min.css?workspace=master">https://fairplaybo.vtexassets.com/_v/public/assets/v1/published/vtex.product-summary@2.89.0/public/react/ProductSummaryImage.min.css?workspace=master</a>
        </td>
      </tr>
      <tr>
        <td colspan="1" rowspan="1" class="indent2" width="20%">Method</td>
        <td colspan="1" rowspan="1" width="80%">GET</td>
      </tr>
      <tr>
        <td colspan="1" rowspan="1" class="indent2" width="20%">Parameter</td>
        <td colspan="1" rowspan="1" width="80%"/>
      </tr>
      <tr>
        <td colspan="1" rowspan="1" class="indent2" width="20%">Attack</td>
        <td colspan="1" rowspan="1" width="80%"/>
      </tr>
      <tr>
        <td colspan="1" rowspan="1" class="indent2" width="20%">Evidence</td>
        <td colspan="1" rowspan="1" width="80%">Access-Control-Allow-Origin: *</td>
      </tr>
      <tr>
        <td colspan="1" rowspan="1" class="indent2" width="20%">Other Info</td>
        <td colspan="1" rowspan="1" width="80%">The CORS misconfiguration on the web server permits cross-domain read requests from arbitrary third party domains, using unauthenticated APIs on this domain. Web browser implementations do not permit arbitrary third parties to read the response from authenticated APIs, however. This reduces the risk somewhat. This misconfiguration could be used by an attacker to access data that is available in an unauthenticated manner, but which uses some other form of security, such as IP address white-listing.</td>
      </tr>
      <tr>
        <td colspan="1" rowspan="1" class="indent1" width="20%">URL</td>
        <td colspan="1" rowspan="1" width="80%">
          <a shape="rect" href="https://fairplaybo.vtexassets.com/_v/public/assets/v1/published/vtex.render-runtime@8.134.2/public/react/apollo.min.js?workspace=master">https://fairplaybo.vtexassets.com/_v/public/assets/v1/published/vtex.render-runtime@8.134.2/public/react/apollo.min.js?workspace=master</a>
        </td>
      </tr>
      <tr>
        <td colspan="1" rowspan="1" class="indent2" width="20%">Method</td>
        <td colspan="1" rowspan="1" width="80%">GET</td>
      </tr>
      <tr>
        <td colspan="1" rowspan="1" class="indent2" width="20%">Parameter</td>
        <td colspan="1" rowspan="1" width="80%"/>
      </tr>
      <tr>
        <td colspan="1" rowspan="1" class="indent2" width="20%">Attack</td>
        <td colspan="1" rowspan="1" width="80%"/>
      </tr>
      <tr>
        <td colspan="1" rowspan="1" class="indent2" width="20%">Evidence</td>
        <td colspan="1" rowspan="1" width="80%">Access-Control-Allow-Origin: *</td>
      </tr>
      <tr>
        <td colspan="1" rowspan="1" class="indent2" width="20%">Other Info</td>
        <td colspan="1" rowspan="1" width="80%">The CORS misconfiguration on the web server permits cross-domain read requests from arbitrary third party domains, using unauthenticated APIs on this domain. Web browser implementations do not permit arbitrary third parties to read the response from authenticated APIs, however. This reduces the risk somewhat. This misconfiguration could be used by an attacker to access data that is available in an unauthenticated manner, but which uses some other form of security, such as IP address white-listing.</td>
      </tr>
      <tr>
        <td colspan="1" rowspan="1" class="indent1" width="20%">URL</td>
        <td colspan="1" rowspan="1" width="80%">
          <a shape="rect" href="https://fairplaybo.vtexassets.com/_v/public/assets/v1/published/vtex.render-runtime@8.134.2/public/react/common.min.css?workspace=master">https://fairplaybo.vtexassets.com/_v/public/assets/v1/published/vtex.render-runtime@8.134.2/public/react/common.min.css?workspace=master</a>
        </td>
      </tr>
      <tr>
        <td colspan="1" rowspan="1" class="indent2" width="20%">Method</td>
        <td colspan="1" rowspan="1" width="80%">GET</td>
      </tr>
      <tr>
        <td colspan="1" rowspan="1" class="indent2" width="20%">Parameter</td>
        <td colspan="1" rowspan="1" width="80%"/>
      </tr>
      <tr>
        <td colspan="1" rowspan="1" class="indent2" width="20%">Attack</td>
        <td colspan="1" rowspan="1" width="80%"/>
      </tr>
      <tr>
        <td colspan="1" rowspan="1" class="indent2" width="20%">Evidence</td>
        <td colspan="1" rowspan="1" width="80%">Access-Control-Allow-Origin: *</td>
      </tr>
      <tr>
        <td colspan="1" rowspan="1" class="indent2" width="20%">Other Info</td>
        <td colspan="1" rowspan="1" width="80%">The CORS misconfiguration on the web server permits cross-domain read requests from arbitrary third party domains, using unauthenticated APIs on this domain. Web browser implementations do not permit arbitrary third parties to read the response from authenticated APIs, however. This reduces the risk somewhat. This misconfiguration could be used by an attacker to access data that is available in an unauthenticated manner, but which uses some other form of security, such as IP address white-listing.</td>
      </tr>
      <tr>
        <td colspan="1" rowspan="1" class="indent1" width="20%">URL</td>
        <td colspan="1" rowspan="1" width="80%">
          <a shape="rect" href="https://fairplaybo.vtexassets.com/_v/public/assets/v1/published/vtex.render-runtime@8.134.2/public/react/common.min.js?workspace=master">https://fairplaybo.vtexassets.com/_v/public/assets/v1/published/vtex.render-runtime@8.134.2/public/react/common.min.js?workspace=master</a>
        </td>
      </tr>
      <tr>
        <td colspan="1" rowspan="1" class="indent2" width="20%">Method</td>
        <td colspan="1" rowspan="1" width="80%">GET</td>
      </tr>
      <tr>
        <td colspan="1" rowspan="1" class="indent2" width="20%">Parameter</td>
        <td colspan="1" rowspan="1" width="80%"/>
      </tr>
      <tr>
        <td colspan="1" rowspan="1" class="indent2" width="20%">Attack</td>
        <td colspan="1" rowspan="1" width="80%"/>
      </tr>
      <tr>
        <td colspan="1" rowspan="1" class="indent2" width="20%">Evidence</td>
        <td colspan="1" rowspan="1" width="80%">Access-Control-Allow-Origin: *</td>
      </tr>
      <tr>
        <td colspan="1" rowspan="1" class="indent2" width="20%">Other Info</td>
        <td colspan="1" rowspan="1" width="80%">The CORS misconfiguration on the web server permits cross-domain read requests from arbitrary third party domains, using unauthenticated APIs on this domain. Web browser implementations do not permit arbitrary third parties to read the response from authenticated APIs, however. This reduces the risk somewhat. This misconfiguration could be used by an attacker to access data that is available in an unauthenticated manner, but which uses some other form of security, such as IP address white-listing.</td>
      </tr>
      <tr>
        <td colspan="1" rowspan="1" class="indent1" width="20%">URL</td>
        <td colspan="1" rowspan="1" width="80%">
          <a shape="rect" href="https://fairplaybo.vtexassets.com/_v/public/assets/v1/published/vtex.render-runtime@8.134.2/public/react/graphql.min.js?workspace=master">https://fairplaybo.vtexassets.com/_v/public/assets/v1/published/vtex.render-runtime@8.134.2/public/react/graphql.min.js?workspace=master</a>
        </td>
      </tr>
      <tr>
        <td colspan="1" rowspan="1" class="indent2" width="20%">Method</td>
        <td colspan="1" rowspan="1" width="80%">GET</td>
      </tr>
      <tr>
        <td colspan="1" rowspan="1" class="indent2" width="20%">Parameter</td>
        <td colspan="1" rowspan="1" width="80%"/>
      </tr>
      <tr>
        <td colspan="1" rowspan="1" class="indent2" width="20%">Attack</td>
        <td colspan="1" rowspan="1" width="80%"/>
      </tr>
      <tr>
        <td colspan="1" rowspan="1" class="indent2" width="20%">Evidence</td>
        <td colspan="1" rowspan="1" width="80%">Access-Control-Allow-Origin: *</td>
      </tr>
      <tr>
        <td colspan="1" rowspan="1" class="indent2" width="20%">Other Info</td>
        <td colspan="1" rowspan="1" width="80%">The CORS misconfiguration on the web server permits cross-domain read requests from arbitrary third party domains, using unauthenticated APIs on this domain. Web browser implementations do not permit arbitrary third parties to read the response from authenticated APIs, however. This reduces the risk somewhat. This misconfiguration could be used by an attacker to access data that is available in an unauthenticated manner, but which uses some other form of security, such as IP address white-listing.</td>
      </tr>
      <tr>
        <td colspan="1" rowspan="1" class="indent1" width="20%">URL</td>
        <td colspan="1" rowspan="1" width="80%">
          <a shape="rect" href="https://fairplaybo.vtexassets.com/_v/public/assets/v1/published/vtex.render-runtime@8.134.2/public/react/index.min.js?workspace=master">https://fairplaybo.vtexassets.com/_v/public/assets/v1/published/vtex.render-runtime@8.134.2/public/react/index.min.js?workspace=master</a>
        </td>
      </tr>
      <tr>
        <td colspan="1" rowspan="1" class="indent2" width="20%">Method</td>
        <td colspan="1" rowspan="1" width="80%">GET</td>
      </tr>
      <tr>
        <td colspan="1" rowspan="1" class="indent2" width="20%">Parameter</td>
        <td colspan="1" rowspan="1" width="80%"/>
      </tr>
      <tr>
        <td colspan="1" rowspan="1" class="indent2" width="20%">Attack</td>
        <td colspan="1" rowspan="1" width="80%"/>
      </tr>
      <tr>
        <td colspan="1" rowspan="1" class="indent2" width="20%">Evidence</td>
        <td colspan="1" rowspan="1" width="80%">Access-Control-Allow-Origin: *</td>
      </tr>
      <tr>
        <td colspan="1" rowspan="1" class="indent2" width="20%">Other Info</td>
        <td colspan="1" rowspan="1" width="80%">The CORS misconfiguration on the web server permits cross-domain read requests from arbitrary third party domains, using unauthenticated APIs on this domain. Web browser implementations do not permit arbitrary third parties to read the response from authenticated APIs, however. This reduces the risk somewhat. This misconfiguration could be used by an attacker to access data that is available in an unauthenticated manner, but which uses some other form of security, such as IP address white-listing.</td>
      </tr>
      <tr>
        <td colspan="1" rowspan="1" class="indent1" width="20%">URL</td>
        <td colspan="1" rowspan="1" width="80%">
          <a shape="rect" href="https://fairplaybo.vtexassets.com/_v/public/assets/v1/published/vtex.rich-text@0.16.0/public/react/index.min.css?workspace=master">https://fairplaybo.vtexassets.com/_v/public/assets/v1/published/vtex.rich-text@0.16.0/public/react/index.min.css?workspace=master</a>
        </td>
      </tr>
      <tr>
        <td colspan="1" rowspan="1" class="indent2" width="20%">Method</td>
        <td colspan="1" rowspan="1" width="80%">GET</td>
      </tr>
      <tr>
        <td colspan="1" rowspan="1" class="indent2" width="20%">Parameter</td>
        <td colspan="1" rowspan="1" width="80%"/>
      </tr>
      <tr>
        <td colspan="1" rowspan="1" class="indent2" width="20%">Attack</td>
        <td colspan="1" rowspan="1" width="80%"/>
      </tr>
      <tr>
        <td colspan="1" rowspan="1" class="indent2" width="20%">Evidence</td>
        <td colspan="1" rowspan="1" width="80%">Access-Control-Allow-Origin: *</td>
      </tr>
      <tr>
        <td colspan="1" rowspan="1" class="indent2" width="20%">Other Info</td>
        <td colspan="1" rowspan="1" width="80%">The CORS misconfiguration on the web server permits cross-domain read requests from arbitrary third party domains, using unauthenticated APIs on this domain. Web browser implementations do not permit arbitrary third parties to read the response from authenticated APIs, however. This reduces the risk somewhat. This misconfiguration could be used by an attacker to access data that is available in an unauthenticated manner, but which uses some other form of security, such as IP address white-listing.</td>
      </tr>
      <tr>
        <td colspan="1" rowspan="1" class="indent1" width="20%">URL</td>
        <td colspan="1" rowspan="1" width="80%">
          <a shape="rect" href="https://fairplaybo.vtexassets.com/_v/public/assets/v1/published/vtex.search@1.5.1/public/react/Autocomplete.min.css?workspace=master">https://fairplaybo.vtexassets.com/_v/public/assets/v1/published/vtex.search@1.5.1/public/react/Autocomplete.min.css?workspace=master</a>
        </td>
      </tr>
      <tr>
        <td colspan="1" rowspan="1" class="indent2" width="20%">Method</td>
        <td colspan="1" rowspan="1" width="80%">GET</td>
      </tr>
      <tr>
        <td colspan="1" rowspan="1" class="indent2" width="20%">Parameter</td>
        <td colspan="1" rowspan="1" width="80%"/>
      </tr>
      <tr>
        <td colspan="1" rowspan="1" class="indent2" width="20%">Attack</td>
        <td colspan="1" rowspan="1" width="80%"/>
      </tr>
      <tr>
        <td colspan="1" rowspan="1" class="indent2" width="20%">Evidence</td>
        <td colspan="1" rowspan="1" width="80%">Access-Control-Allow-Origin: *</td>
      </tr>
      <tr>
        <td colspan="1" rowspan="1" class="indent2" width="20%">Other Info</td>
        <td colspan="1" rowspan="1" width="80%">The CORS misconfiguration on the web server permits cross-domain read requests from arbitrary third party domains, using unauthenticated APIs on this domain. Web browser implementations do not permit arbitrary third parties to read the response from authenticated APIs, however. This reduces the risk somewhat. This misconfiguration could be used by an attacker to access data that is available in an unauthenticated manner, but which uses some other form of security, such as IP address white-listing.</td>
      </tr>
      <tr>
        <td colspan="1" rowspan="1" class="indent1" width="20%">URL</td>
        <td colspan="1" rowspan="1" width="80%">
          <a shape="rect" href="https://fairplaybo.vtexassets.com/_v/public/assets/v1/published/vtex.store-components@3.171.0/public/react/4.min.css?workspace=master">https://fairplaybo.vtexassets.com/_v/public/assets/v1/published/vtex.store-components@3.171.0/public/react/4.min.css?workspace=master</a>
        </td>
      </tr>
      <tr>
        <td colspan="1" rowspan="1" class="indent2" width="20%">Method</td>
        <td colspan="1" rowspan="1" width="80%">GET</td>
      </tr>
      <tr>
        <td colspan="1" rowspan="1" class="indent2" width="20%">Parameter</td>
        <td colspan="1" rowspan="1" width="80%"/>
      </tr>
      <tr>
        <td colspan="1" rowspan="1" class="indent2" width="20%">Attack</td>
        <td colspan="1" rowspan="1" width="80%"/>
      </tr>
      <tr>
        <td colspan="1" rowspan="1" class="indent2" width="20%">Evidence</td>
        <td colspan="1" rowspan="1" width="80%">Access-Control-Allow-Origin: *</td>
      </tr>
      <tr>
        <td colspan="1" rowspan="1" class="indent2" width="20%">Other Info</td>
        <td colspan="1" rowspan="1" width="80%">The CORS misconfiguration on the web server permits cross-domain read requests from arbitrary third party domains, using unauthenticated APIs on this domain. Web browser implementations do not permit arbitrary third parties to read the response from authenticated APIs, however. This reduces the risk somewhat. This misconfiguration could be used by an attacker to access data that is available in an unauthenticated manner, but which uses some other form of security, such as IP address white-listing.</td>
      </tr>
      <tr>
        <td colspan="1" rowspan="1" class="indent1" width="20%">URL</td>
        <td colspan="1" rowspan="1" width="80%">
          <a shape="rect" href="https://fairplaybo.vtexassets.com/_v/public/assets/v1/published/vtex.store-components@3.171.0/public/react/Container.min.css?workspace=master">https://fairplaybo.vtexassets.com/_v/public/assets/v1/published/vtex.store-components@3.171.0/public/react/Container.min.css?workspace=master</a>
        </td>
      </tr>
      <tr>
        <td colspan="1" rowspan="1" class="indent2" width="20%">Method</td>
        <td colspan="1" rowspan="1" width="80%">GET</td>
      </tr>
      <tr>
        <td colspan="1" rowspan="1" class="indent2" width="20%">Parameter</td>
        <td colspan="1" rowspan="1" width="80%"/>
      </tr>
      <tr>
        <td colspan="1" rowspan="1" class="indent2" width="20%">Attack</td>
        <td colspan="1" rowspan="1" width="80%"/>
      </tr>
      <tr>
        <td colspan="1" rowspan="1" class="indent2" width="20%">Evidence</td>
        <td colspan="1" rowspan="1" width="80%">Access-Control-Allow-Origin: *</td>
      </tr>
      <tr>
        <td colspan="1" rowspan="1" class="indent2" width="20%">Other Info</td>
        <td colspan="1" rowspan="1" width="80%">The CORS misconfiguration on the web server permits cross-domain read requests from arbitrary third party domains, using unauthenticated APIs on this domain. Web browser implementations do not permit arbitrary third parties to read the response from authenticated APIs, however. This reduces the risk somewhat. This misconfiguration could be used by an attacker to access data that is available in an unauthenticated manner, but which uses some other form of security, such as IP address white-listing.</td>
      </tr>
      <tr>
        <td colspan="1" rowspan="1" class="indent1" width="20%">URL</td>
        <td colspan="1" rowspan="1" width="80%">
          <a shape="rect" href="https://fairplaybo.vtexassets.com/_v/public/assets/v1/published/vtex.store-components@3.171.0/public/react/DiscountBadge.min.css?workspace=master">https://fairplaybo.vtexassets.com/_v/public/assets/v1/published/vtex.store-components@3.171.0/public/react/DiscountBadge.min.css?workspace=master</a>
        </td>
      </tr>
      <tr>
        <td colspan="1" rowspan="1" class="indent2" width="20%">Method</td>
        <td colspan="1" rowspan="1" width="80%">GET</td>
      </tr>
      <tr>
        <td colspan="1" rowspan="1" class="indent2" width="20%">Parameter</td>
        <td colspan="1" rowspan="1" width="80%"/>
      </tr>
      <tr>
        <td colspan="1" rowspan="1" class="indent2" width="20%">Attack</td>
        <td colspan="1" rowspan="1" width="80%"/>
      </tr>
      <tr>
        <td colspan="1" rowspan="1" class="indent2" width="20%">Evidence</td>
        <td colspan="1" rowspan="1" width="80%">Access-Control-Allow-Origin: *</td>
      </tr>
      <tr>
        <td colspan="1" rowspan="1" class="indent2" width="20%">Other Info</td>
        <td colspan="1" rowspan="1" width="80%">The CORS misconfiguration on the web server permits cross-domain read requests from arbitrary third party domains, using unauthenticated APIs on this domain. Web browser implementations do not permit arbitrary third parties to read the response from authenticated APIs, however. This reduces the risk somewhat. This misconfiguration could be used by an attacker to access data that is available in an unauthenticated manner, but which uses some other form of security, such as IP address white-listing.</td>
      </tr>
      <tr>
        <td colspan="1" rowspan="1" class="indent1" width="20%">URL</td>
        <td colspan="1" rowspan="1" width="80%">
          <a shape="rect" href="https://fairplaybo.vtexassets.com/_v/public/assets/v1/published/vtex.store-components@3.171.0/public/react/Logo.min.css?workspace=master">https://fairplaybo.vtexassets.com/_v/public/assets/v1/published/vtex.store-components@3.171.0/public/react/Logo.min.css?workspace=master</a>
        </td>
      </tr>
      <tr>
        <td colspan="1" rowspan="1" class="indent2" width="20%">Method</td>
        <td colspan="1" rowspan="1" width="80%">GET</td>
      </tr>
      <tr>
        <td colspan="1" rowspan="1" class="indent2" width="20%">Parameter</td>
        <td colspan="1" rowspan="1" width="80%"/>
      </tr>
      <tr>
        <td colspan="1" rowspan="1" class="indent2" width="20%">Attack</td>
        <td colspan="1" rowspan="1" width="80%"/>
      </tr>
      <tr>
        <td colspan="1" rowspan="1" class="indent2" width="20%">Evidence</td>
        <td colspan="1" rowspan="1" width="80%">Access-Control-Allow-Origin: *</td>
      </tr>
      <tr>
        <td colspan="1" rowspan="1" class="indent2" width="20%">Other Info</td>
        <td colspan="1" rowspan="1" width="80%">The CORS misconfiguration on the web server permits cross-domain read requests from arbitrary third party domains, using unauthenticated APIs on this domain. Web browser implementations do not permit arbitrary third parties to read the response from authenticated APIs, however. This reduces the risk somewhat. This misconfiguration could be used by an attacker to access data that is available in an unauthenticated manner, but which uses some other form of security, such as IP address white-listing.</td>
      </tr>
      <tr>
        <td colspan="1" rowspan="1" class="indent1" width="20%">URL</td>
        <td colspan="1" rowspan="1" width="80%">
          <a shape="rect" href="https://fairplaybo.vtexassets.com/_v/public/assets/v1/published/vtex.store-components@3.171.0/public/react/SearchBar.min.css?workspace=master">https://fairplaybo.vtexassets.com/_v/public/assets/v1/published/vtex.store-components@3.171.0/public/react/SearchBar.min.css?workspace=master</a>
        </td>
      </tr>
      <tr>
        <td colspan="1" rowspan="1" class="indent2" width="20%">Method</td>
        <td colspan="1" rowspan="1" width="80%">GET</td>
      </tr>
      <tr>
        <td colspan="1" rowspan="1" class="indent2" width="20%">Parameter</td>
        <td colspan="1" rowspan="1" width="80%"/>
      </tr>
      <tr>
        <td colspan="1" rowspan="1" class="indent2" width="20%">Attack</td>
        <td colspan="1" rowspan="1" width="80%"/>
      </tr>
      <tr>
        <td colspan="1" rowspan="1" class="indent2" width="20%">Evidence</td>
        <td colspan="1" rowspan="1" width="80%">Access-Control-Allow-Origin: *</td>
      </tr>
      <tr>
        <td colspan="1" rowspan="1" class="indent2" width="20%">Other Info</td>
        <td colspan="1" rowspan="1" width="80%">The CORS misconfiguration on the web server permits cross-domain read requests from arbitrary third party domains, using unauthenticated APIs on this domain. Web browser implementations do not permit arbitrary third parties to read the response from authenticated APIs, however. This reduces the risk somewhat. This misconfiguration could be used by an attacker to access data that is available in an unauthenticated manner, but which uses some other form of security, such as IP address white-listing.</td>
      </tr>
      <tr>
        <td colspan="1" rowspan="1" class="indent1" width="20%">URL</td>
        <td colspan="1" rowspan="1" width="80%">
          <a shape="rect" href="https://fairplaybo.vtexassets.com/_v/public/assets/v1/published/vtex.store-drawer@0.17.0/public/react/0.min.js">https://fairplaybo.vtexassets.com/_v/public/assets/v1/published/vtex.store-drawer@0.17.0/public/react/0.min.js</a>
        </td>
      </tr>
      <tr>
        <td colspan="1" rowspan="1" class="indent2" width="20%">Method</td>
        <td colspan="1" rowspan="1" width="80%">GET</td>
      </tr>
      <tr>
        <td colspan="1" rowspan="1" class="indent2" width="20%">Parameter</td>
        <td colspan="1" rowspan="1" width="80%"/>
      </tr>
      <tr>
        <td colspan="1" rowspan="1" class="indent2" width="20%">Attack</td>
        <td colspan="1" rowspan="1" width="80%"/>
      </tr>
      <tr>
        <td colspan="1" rowspan="1" class="indent2" width="20%">Evidence</td>
        <td colspan="1" rowspan="1" width="80%">Access-Control-Allow-Origin: *</td>
      </tr>
      <tr>
        <td colspan="1" rowspan="1" class="indent2" width="20%">Other Info</td>
        <td colspan="1" rowspan="1" width="80%">The CORS misconfiguration on the web server permits cross-domain read requests from arbitrary third party domains, using unauthenticated APIs on this domain. Web browser implementations do not permit arbitrary third parties to read the response from authenticated APIs, however. This reduces the risk somewhat. This misconfiguration could be used by an attacker to access data that is available in an unauthenticated manner, but which uses some other form of security, such as IP address white-listing.</td>
      </tr>
      <tr>
        <td colspan="1" rowspan="1" class="indent1" width="20%">URL</td>
        <td colspan="1" rowspan="1" width="80%">
          <a shape="rect" href="https://fairplaybo.vtexassets.com/_v/public/assets/v1/published/vtex.store-footer@2.27.0/public/react/common.min.js">https://fairplaybo.vtexassets.com/_v/public/assets/v1/published/vtex.store-footer@2.27.0/public/react/common.min.js</a>
        </td>
      </tr>
      <tr>
        <td colspan="1" rowspan="1" class="indent2" width="20%">Method</td>
        <td colspan="1" rowspan="1" width="80%">GET</td>
      </tr>
      <tr>
        <td colspan="1" rowspan="1" class="indent2" width="20%">Parameter</td>
        <td colspan="1" rowspan="1" width="80%"/>
      </tr>
      <tr>
        <td colspan="1" rowspan="1" class="indent2" width="20%">Attack</td>
        <td colspan="1" rowspan="1" width="80%"/>
      </tr>
      <tr>
        <td colspan="1" rowspan="1" class="indent2" width="20%">Evidence</td>
        <td colspan="1" rowspan="1" width="80%">Access-Control-Allow-Origin: *</td>
      </tr>
      <tr>
        <td colspan="1" rowspan="1" class="indent2" width="20%">Other Info</td>
        <td colspan="1" rowspan="1" width="80%">The CORS misconfiguration on the web server permits cross-domain read requests from arbitrary third party domains, using unauthenticated APIs on this domain. Web browser implementations do not permit arbitrary third parties to read the response from authenticated APIs, however. This reduces the risk somewhat. This misconfiguration could be used by an attacker to access data that is available in an unauthenticated manner, but which uses some other form of security, such as IP address white-listing.</td>
      </tr>
      <tr>
        <td colspan="1" rowspan="1" class="indent1" width="20%">URL</td>
        <td colspan="1" rowspan="1" width="80%">
          <a shape="rect" href="https://fairplaybo.vtexassets.com/_v/public/assets/v1/published/vtex.store-footer@2.27.0/public/react/Footer.min.js">https://fairplaybo.vtexassets.com/_v/public/assets/v1/published/vtex.store-footer@2.27.0/public/react/Footer.min.js</a>
        </td>
      </tr>
      <tr>
        <td colspan="1" rowspan="1" class="indent2" width="20%">Method</td>
        <td colspan="1" rowspan="1" width="80%">GET</td>
      </tr>
      <tr>
        <td colspan="1" rowspan="1" class="indent2" width="20%">Parameter</td>
        <td colspan="1" rowspan="1" width="80%"/>
      </tr>
      <tr>
        <td colspan="1" rowspan="1" class="indent2" width="20%">Attack</td>
        <td colspan="1" rowspan="1" width="80%"/>
      </tr>
      <tr>
        <td colspan="1" rowspan="1" class="indent2" width="20%">Evidence</td>
        <td colspan="1" rowspan="1" width="80%">Access-Control-Allow-Origin: *</td>
      </tr>
      <tr>
        <td colspan="1" rowspan="1" class="indent2" width="20%">Other Info</td>
        <td colspan="1" rowspan="1" width="80%">The CORS misconfiguration on the web server permits cross-domain read requests from arbitrary third party domains, using unauthenticated APIs on this domain. Web browser implementations do not permit arbitrary third parties to read the response from authenticated APIs, however. This reduces the risk somewhat. This misconfiguration could be used by an attacker to access data that is available in an unauthenticated manner, but which uses some other form of security, such as IP address white-listing.</td>
      </tr>
      <tr>
        <td colspan="1" rowspan="1" class="indent1" width="20%">URL</td>
        <td colspan="1" rowspan="1" width="80%">
          <a shape="rect" href="https://fairplaybo.vtexassets.com/_v/public/assets/v1/published/vtex.store-footer@2.27.0/public/react/FooterLayout.min.js">https://fairplaybo.vtexassets.com/_v/public/assets/v1/published/vtex.store-footer@2.27.0/public/react/FooterLayout.min.js</a>
        </td>
      </tr>
      <tr>
        <td colspan="1" rowspan="1" class="indent2" width="20%">Method</td>
        <td colspan="1" rowspan="1" width="80%">GET</td>
      </tr>
      <tr>
        <td colspan="1" rowspan="1" class="indent2" width="20%">Parameter</td>
        <td colspan="1" rowspan="1" width="80%"/>
      </tr>
      <tr>
        <td colspan="1" rowspan="1" class="indent2" width="20%">Attack</td>
        <td colspan="1" rowspan="1" width="80%"/>
      </tr>
      <tr>
        <td colspan="1" rowspan="1" class="indent2" width="20%">Evidence</td>
        <td colspan="1" rowspan="1" width="80%">Access-Control-Allow-Origin: *</td>
      </tr>
      <tr>
        <td colspan="1" rowspan="1" class="indent2" width="20%">Other Info</td>
        <td colspan="1" rowspan="1" width="80%">The CORS misconfiguration on the web server permits cross-domain read requests from arbitrary third party domains, using unauthenticated APIs on this domain. Web browser implementations do not permit arbitrary third parties to read the response from authenticated APIs, however. This reduces the risk somewhat. This misconfiguration could be used by an attacker to access data that is available in an unauthenticated manner, but which uses some other form of security, such as IP address white-listing.</td>
      </tr>
      <tr>
        <td colspan="1" rowspan="1" class="indent1" width="20%">URL</td>
        <td colspan="1" rowspan="1" width="80%">
          <a shape="rect" href="https://fairplaybo.vtexassets.com/_v/public/assets/v1/published/vtex.store-footer@2.27.0/public/react/SocialNetworks.min.js">https://fairplaybo.vtexassets.com/_v/public/assets/v1/published/vtex.store-footer@2.27.0/public/react/SocialNetworks.min.js</a>
        </td>
      </tr>
      <tr>
        <td colspan="1" rowspan="1" class="indent2" width="20%">Method</td>
        <td colspan="1" rowspan="1" width="80%">GET</td>
      </tr>
      <tr>
        <td colspan="1" rowspan="1" class="indent2" width="20%">Parameter</td>
        <td colspan="1" rowspan="1" width="80%"/>
      </tr>
      <tr>
        <td colspan="1" rowspan="1" class="indent2" width="20%">Attack</td>
        <td colspan="1" rowspan="1" width="80%"/>
      </tr>
      <tr>
        <td colspan="1" rowspan="1" class="indent2" width="20%">Evidence</td>
        <td colspan="1" rowspan="1" width="80%">Access-Control-Allow-Origin: *</td>
      </tr>
      <tr>
        <td colspan="1" rowspan="1" class="indent2" width="20%">Other Info</td>
        <td colspan="1" rowspan="1" width="80%">The CORS misconfiguration on the web server permits cross-domain read requests from arbitrary third party domains, using unauthenticated APIs on this domain. Web browser implementations do not permit arbitrary third parties to read the response from authenticated APIs, however. This reduces the risk somewhat. This misconfiguration could be used by an attacker to access data that is available in an unauthenticated manner, but which uses some other form of security, such as IP address white-listing.</td>
      </tr>
      <tr>
        <td colspan="1" rowspan="1" class="indent1" width="20%">URL</td>
        <td colspan="1" rowspan="1" width="80%">
          <a shape="rect" href="https://fairplaybo.vtexassets.com/_v/public/assets/v1/published/vtex.store-icons@0.18.0/public/react/IconAssistantSales.min.js">https://fairplaybo.vtexassets.com/_v/public/assets/v1/published/vtex.store-icons@0.18.0/public/react/IconAssistantSales.min.js</a>
        </td>
      </tr>
      <tr>
        <td colspan="1" rowspan="1" class="indent2" width="20%">Method</td>
        <td colspan="1" rowspan="1" width="80%">GET</td>
      </tr>
      <tr>
        <td colspan="1" rowspan="1" class="indent2" width="20%">Parameter</td>
        <td colspan="1" rowspan="1" width="80%"/>
      </tr>
      <tr>
        <td colspan="1" rowspan="1" class="indent2" width="20%">Attack</td>
        <td colspan="1" rowspan="1" width="80%"/>
      </tr>
      <tr>
        <td colspan="1" rowspan="1" class="indent2" width="20%">Evidence</td>
        <td colspan="1" rowspan="1" width="80%">Access-Control-Allow-Origin: *</td>
      </tr>
      <tr>
        <td colspan="1" rowspan="1" class="indent2" width="20%">Other Info</td>
        <td colspan="1" rowspan="1" width="80%">The CORS misconfiguration on the web server permits cross-domain read requests from arbitrary third party domains, using unauthenticated APIs on this domain. Web browser implementations do not permit arbitrary third parties to read the response from authenticated APIs, however. This reduces the risk somewhat. This misconfiguration could be used by an attacker to access data that is available in an unauthenticated manner, but which uses some other form of security, such as IP address white-listing.</td>
      </tr>
      <tr>
        <td colspan="1" rowspan="1" class="indent1" width="20%">URL</td>
        <td colspan="1" rowspan="1" width="80%">
          <a shape="rect" href="https://fairplaybo.vtexassets.com/_v/public/assets/v1/published/vtex.store-resources@0.93.0/public/react/QuerySession.min.js">https://fairplaybo.vtexassets.com/_v/public/assets/v1/published/vtex.store-resources@0.93.0/public/react/QuerySession.min.js</a>
        </td>
      </tr>
      <tr>
        <td colspan="1" rowspan="1" class="indent2" width="20%">Method</td>
        <td colspan="1" rowspan="1" width="80%">GET</td>
      </tr>
      <tr>
        <td colspan="1" rowspan="1" class="indent2" width="20%">Parameter</td>
        <td colspan="1" rowspan="1" width="80%"/>
      </tr>
      <tr>
        <td colspan="1" rowspan="1" class="indent2" width="20%">Attack</td>
        <td colspan="1" rowspan="1" width="80%"/>
      </tr>
      <tr>
        <td colspan="1" rowspan="1" class="indent2" width="20%">Evidence</td>
        <td colspan="1" rowspan="1" width="80%">Access-Control-Allow-Origin: *</td>
      </tr>
      <tr>
        <td colspan="1" rowspan="1" class="indent2" width="20%">Other Info</td>
        <td colspan="1" rowspan="1" width="80%">The CORS misconfiguration on the web server permits cross-domain read requests from arbitrary third party domains, using unauthenticated APIs on this domain. Web browser implementations do not permit arbitrary third parties to read the response from authenticated APIs, however. This reduces the risk somewhat. This misconfiguration could be used by an attacker to access data that is available in an unauthenticated manner, but which uses some other form of security, such as IP address white-listing.</td>
      </tr>
      <tr>
        <td colspan="1" rowspan="1" class="indent1" width="20%">URL</td>
        <td colspan="1" rowspan="1" width="80%">
          <a shape="rect" href="https://fairplaybo.vtexassets.com/_v/public/assets/v1/published/vtex.styleguide@9.146.9/public/react/0.min.css?workspace=master">https://fairplaybo.vtexassets.com/_v/public/assets/v1/published/vtex.styleguide@9.146.9/public/react/0.min.css?workspace=master</a>
        </td>
      </tr>
      <tr>
        <td colspan="1" rowspan="1" class="indent2" width="20%">Method</td>
        <td colspan="1" rowspan="1" width="80%">GET</td>
      </tr>
      <tr>
        <td colspan="1" rowspan="1" class="indent2" width="20%">Parameter</td>
        <td colspan="1" rowspan="1" width="80%"/>
      </tr>
      <tr>
        <td colspan="1" rowspan="1" class="indent2" width="20%">Attack</td>
        <td colspan="1" rowspan="1" width="80%"/>
      </tr>
      <tr>
        <td colspan="1" rowspan="1" class="indent2" width="20%">Evidence</td>
        <td colspan="1" rowspan="1" width="80%">Access-Control-Allow-Origin: *</td>
      </tr>
      <tr>
        <td colspan="1" rowspan="1" class="indent2" width="20%">Other Info</td>
        <td colspan="1" rowspan="1" width="80%">The CORS misconfiguration on the web server permits cross-domain read requests from arbitrary third party domains, using unauthenticated APIs on this domain. Web browser implementations do not permit arbitrary third parties to read the response from authenticated APIs, however. This reduces the risk somewhat. This misconfiguration could be used by an attacker to access data that is available in an unauthenticated manner, but which uses some other form of security, such as IP address white-listing.</td>
      </tr>
      <tr>
        <td colspan="1" rowspan="1" class="indent1" width="20%">URL</td>
        <td colspan="1" rowspan="1" width="80%">
          <a shape="rect" href="https://fairplaybo.vtexassets.com/_v/public/assets/v1/published/vtex.styleguide@9.146.9/public/react/1.min.css?workspace=master">https://fairplaybo.vtexassets.com/_v/public/assets/v1/published/vtex.styleguide@9.146.9/public/react/1.min.css?workspace=master</a>
        </td>
      </tr>
      <tr>
        <td colspan="1" rowspan="1" class="indent2" width="20%">Method</td>
        <td colspan="1" rowspan="1" width="80%">GET</td>
      </tr>
      <tr>
        <td colspan="1" rowspan="1" class="indent2" width="20%">Parameter</td>
        <td colspan="1" rowspan="1" width="80%"/>
      </tr>
      <tr>
        <td colspan="1" rowspan="1" class="indent2" width="20%">Attack</td>
        <td colspan="1" rowspan="1" width="80%"/>
      </tr>
      <tr>
        <td colspan="1" rowspan="1" class="indent2" width="20%">Evidence</td>
        <td colspan="1" rowspan="1" width="80%">Access-Control-Allow-Origin: *</td>
      </tr>
      <tr>
        <td colspan="1" rowspan="1" class="indent2" width="20%">Other Info</td>
        <td colspan="1" rowspan="1" width="80%">The CORS misconfiguration on the web server permits cross-domain read requests from arbitrary third party domains, using unauthenticated APIs on this domain. Web browser implementations do not permit arbitrary third parties to read the response from authenticated APIs, however. This reduces the risk somewhat. This misconfiguration could be used by an attacker to access data that is available in an unauthenticated manner, but which uses some other form of security, such as IP address white-listing.</td>
      </tr>
      <tr>
        <td colspan="1" rowspan="1" class="indent1" width="20%">URL</td>
        <td colspan="1" rowspan="1" width="80%">
          <a shape="rect" href="https://fairplaybo.vtexassets.com/_v/public/assets/v1/published/vtex.styleguide@9.146.9/public/react/Spinner.min.css?workspace=master">https://fairplaybo.vtexassets.com/_v/public/assets/v1/published/vtex.styleguide@9.146.9/public/react/Spinner.min.css?workspace=master</a>
        </td>
      </tr>
      <tr>
        <td colspan="1" rowspan="1" class="indent2" width="20%">Method</td>
        <td colspan="1" rowspan="1" width="80%">GET</td>
      </tr>
      <tr>
        <td colspan="1" rowspan="1" class="indent2" width="20%">Parameter</td>
        <td colspan="1" rowspan="1" width="80%"/>
      </tr>
      <tr>
        <td colspan="1" rowspan="1" class="indent2" width="20%">Attack</td>
        <td colspan="1" rowspan="1" width="80%"/>
      </tr>
      <tr>
        <td colspan="1" rowspan="1" class="indent2" width="20%">Evidence</td>
        <td colspan="1" rowspan="1" width="80%">Access-Control-Allow-Origin: *</td>
      </tr>
      <tr>
        <td colspan="1" rowspan="1" class="indent2" width="20%">Other Info</td>
        <td colspan="1" rowspan="1" width="80%">The CORS misconfiguration on the web server permits cross-domain read requests from arbitrary third party domains, using unauthenticated APIs on this domain. Web browser implementations do not permit arbitrary third parties to read the response from authenticated APIs, however. This reduces the risk somewhat. This misconfiguration could be used by an attacker to access data that is available in an unauthenticated manner, but which uses some other form of security, such as IP address white-listing.</td>
      </tr>
      <tr>
        <td colspan="1" rowspan="1" class="indent1" width="20%">URL</td>
        <td colspan="1" rowspan="1" width="80%">
          <a shape="rect" href="https://fairplaybo.vtexassets.com/_v/public/assets/v1/published/vtex.telemarketing@2.12.1/public/react/index.min.js">https://fairplaybo.vtexassets.com/_v/public/assets/v1/published/vtex.telemarketing@2.12.1/public/react/index.min.js</a>
        </td>
      </tr>
      <tr>
        <td colspan="1" rowspan="1" class="indent2" width="20%">Method</td>
        <td colspan="1" rowspan="1" width="80%">GET</td>
      </tr>
      <tr>
        <td colspan="1" rowspan="1" class="indent2" width="20%">Parameter</td>
        <td colspan="1" rowspan="1" width="80%"/>
      </tr>
      <tr>
        <td colspan="1" rowspan="1" class="indent2" width="20%">Attack</td>
        <td colspan="1" rowspan="1" width="80%"/>
      </tr>
      <tr>
        <td colspan="1" rowspan="1" class="indent2" width="20%">Evidence</td>
        <td colspan="1" rowspan="1" width="80%">Access-Control-Allow-Origin: *</td>
      </tr>
      <tr>
        <td colspan="1" rowspan="1" class="indent2" width="20%">Other Info</td>
        <td colspan="1" rowspan="1" width="80%">The CORS misconfiguration on the web server permits cross-domain read requests from arbitrary third party domains, using unauthenticated APIs on this domain. Web browser implementations do not permit arbitrary third parties to read the response from authenticated APIs, however. This reduces the risk somewhat. This misconfiguration could be used by an attacker to access data that is available in an unauthenticated manner, but which uses some other form of security, such as IP address white-listing.</td>
      </tr>
      <tr>
        <td colspan="1" rowspan="1" class="indent1" width="20%">URL</td>
        <td colspan="1" rowspan="1" width="80%">
          <a shape="rect" href="https://fairplaybo.vtexassets.com/_v/public/assets/v1/published/vtex.wish-list@1.16.2/public/react/AddProductBtn.min.css?workspace=master">https://fairplaybo.vtexassets.com/_v/public/assets/v1/published/vtex.wish-list@1.16.2/public/react/AddProductBtn.min.css?workspace=master</a>
        </td>
      </tr>
      <tr>
        <td colspan="1" rowspan="1" class="indent2" width="20%">Method</td>
        <td colspan="1" rowspan="1" width="80%">GET</td>
      </tr>
      <tr>
        <td colspan="1" rowspan="1" class="indent2" width="20%">Parameter</td>
        <td colspan="1" rowspan="1" width="80%"/>
      </tr>
      <tr>
        <td colspan="1" rowspan="1" class="indent2" width="20%">Attack</td>
        <td colspan="1" rowspan="1" width="80%"/>
      </tr>
      <tr>
        <td colspan="1" rowspan="1" class="indent2" width="20%">Evidence</td>
        <td colspan="1" rowspan="1" width="80%">Access-Control-Allow-Origin: *</td>
      </tr>
      <tr>
        <td colspan="1" rowspan="1" class="indent2" width="20%">Other Info</td>
        <td colspan="1" rowspan="1" width="80%">The CORS misconfiguration on the web server permits cross-domain read requests from arbitrary third party domains, using unauthenticated APIs on this domain. Web browser implementations do not permit arbitrary third parties to read the response from authenticated APIs, however. This reduces the risk somewhat. This misconfiguration could be used by an attacker to access data that is available in an unauthenticated manner, but which uses some other form of security, such as IP address white-listing.</td>
      </tr>
      <tr>
        <td colspan="1" rowspan="1" class="indent1" width="20%">URL</td>
        <td colspan="1" rowspan="1" width="80%">
          <a shape="rect" href="https://fairplaybo.vtexassets.com/_v/public/vtex.styles-graphql/v1/fonts/989db2448f309bfdd99b513f37c84b8f5794d2b5?v=1&amp;workspace=master">https://fairplaybo.vtexassets.com/_v/public/vtex.styles-graphql/v1/fonts/989db2448f309bfdd99b513f37c84b8f5794d2b5?v=1&amp;workspace=master</a>
        </td>
      </tr>
      <tr>
        <td colspan="1" rowspan="1" class="indent2" width="20%">Method</td>
        <td colspan="1" rowspan="1" width="80%">GET</td>
      </tr>
      <tr>
        <td colspan="1" rowspan="1" class="indent2" width="20%">Parameter</td>
        <td colspan="1" rowspan="1" width="80%"/>
      </tr>
      <tr>
        <td colspan="1" rowspan="1" class="indent2" width="20%">Attack</td>
        <td colspan="1" rowspan="1" width="80%"/>
      </tr>
      <tr>
        <td colspan="1" rowspan="1" class="indent2" width="20%">Evidence</td>
        <td colspan="1" rowspan="1" width="80%">Access-Control-Allow-Origin: *</td>
      </tr>
      <tr>
        <td colspan="1" rowspan="1" class="indent2" width="20%">Other Info</td>
        <td colspan="1" rowspan="1" width="80%">The CORS misconfiguration on the web server permits cross-domain read requests from arbitrary third party domains, using unauthenticated APIs on this domain. Web browser implementations do not permit arbitrary third parties to read the response from authenticated APIs, however. This reduces the risk somewhat. This misconfiguration could be used by an attacker to access data that is available in an unauthenticated manner, but which uses some other form of security, such as IP address white-listing.</td>
      </tr>
      <tr>
        <td colspan="1" rowspan="1" class="indent1" width="20%">URL</td>
        <td colspan="1" rowspan="1" width="80%">
          <a shape="rect" href="https://fairplaybo.vtexassets.com/_v/public/vtex.styles-graphql/v1/overrides/fairplaybo.fairplay-theme@1.0.5$fonts.css?v=1&amp;workspace=master">https://fairplaybo.vtexassets.com/_v/public/vtex.styles-graphql/v1/overrides/fairplaybo.fairplay-theme@1.0.5$fonts.css?v=1&amp;workspace=master</a>
        </td>
      </tr>
      <tr>
        <td colspan="1" rowspan="1" class="indent2" width="20%">Method</td>
        <td colspan="1" rowspan="1" width="80%">GET</td>
      </tr>
      <tr>
        <td colspan="1" rowspan="1" class="indent2" width="20%">Parameter</td>
        <td colspan="1" rowspan="1" width="80%"/>
      </tr>
      <tr>
        <td colspan="1" rowspan="1" class="indent2" width="20%">Attack</td>
        <td colspan="1" rowspan="1" width="80%"/>
      </tr>
      <tr>
        <td colspan="1" rowspan="1" class="indent2" width="20%">Evidence</td>
        <td colspan="1" rowspan="1" width="80%">Access-Control-Allow-Origin: *</td>
      </tr>
      <tr>
        <td colspan="1" rowspan="1" class="indent2" width="20%">Other Info</td>
        <td colspan="1" rowspan="1" width="80%">The CORS misconfiguration on the web server permits cross-domain read requests from arbitrary third party domains, using unauthenticated APIs on this domain. Web browser implementations do not permit arbitrary third parties to read the response from authenticated APIs, however. This reduces the risk somewhat. This misconfiguration could be used by an attacker to access data that is available in an unauthenticated manner, but which uses some other form of security, such as IP address white-listing.</td>
      </tr>
      <tr>
        <td colspan="1" rowspan="1" class="indent1" width="20%">URL</td>
        <td colspan="1" rowspan="1" width="80%">
          <a shape="rect" href="https://fairplaybo.vtexassets.com/_v/public/vtex.styles-graphql/v1/overrides/fairplaybo.fairplay-theme@1.0.5$overrides.css?v=1&amp;workspace=master">https://fairplaybo.vtexassets.com/_v/public/vtex.styles-graphql/v1/overrides/fairplaybo.fairplay-theme@1.0.5$overrides.css?v=1&amp;workspace=master</a>
        </td>
      </tr>
      <tr>
        <td colspan="1" rowspan="1" class="indent2" width="20%">Method</td>
        <td colspan="1" rowspan="1" width="80%">GET</td>
      </tr>
      <tr>
        <td colspan="1" rowspan="1" class="indent2" width="20%">Parameter</td>
        <td colspan="1" rowspan="1" width="80%"/>
      </tr>
      <tr>
        <td colspan="1" rowspan="1" class="indent2" width="20%">Attack</td>
        <td colspan="1" rowspan="1" width="80%"/>
      </tr>
      <tr>
        <td colspan="1" rowspan="1" class="indent2" width="20%">Evidence</td>
        <td colspan="1" rowspan="1" width="80%">Access-Control-Allow-Origin: *</td>
      </tr>
      <tr>
        <td colspan="1" rowspan="1" class="indent2" width="20%">Other Info</td>
        <td colspan="1" rowspan="1" width="80%">The CORS misconfiguration on the web server permits cross-domain read requests from arbitrary third party domains, using unauthenticated APIs on this domain. Web browser implementations do not permit arbitrary third parties to read the response from authenticated APIs, however. This reduces the risk somewhat. This misconfiguration could be used by an attacker to access data that is available in an unauthenticated manner, but which uses some other form of security, such as IP address white-listing.</td>
      </tr>
      <tr>
        <td colspan="1" rowspan="1" class="indent1" width="20%">URL</td>
        <td colspan="1" rowspan="1" width="80%">
          <a shape="rect" href="https://fairplaybo.vtexassets.com/_v/public/vtex.styles-graphql/v1/overrides/vtex.minicart@2.67.1$overrides.css?v=1&amp;workspace=master">https://fairplaybo.vtexassets.com/_v/public/vtex.styles-graphql/v1/overrides/vtex.minicart@2.67.1$overrides.css?v=1&amp;workspace=master</a>
        </td>
      </tr>
      <tr>
        <td colspan="1" rowspan="1" class="indent2" width="20%">Method</td>
        <td colspan="1" rowspan="1" width="80%">GET</td>
      </tr>
      <tr>
        <td colspan="1" rowspan="1" class="indent2" width="20%">Parameter</td>
        <td colspan="1" rowspan="1" width="80%"/>
      </tr>
      <tr>
        <td colspan="1" rowspan="1" class="indent2" width="20%">Attack</td>
        <td colspan="1" rowspan="1" width="80%"/>
      </tr>
      <tr>
        <td colspan="1" rowspan="1" class="indent2" width="20%">Evidence</td>
        <td colspan="1" rowspan="1" width="80%">Access-Control-Allow-Origin: *</td>
      </tr>
      <tr>
        <td colspan="1" rowspan="1" class="indent2" width="20%">Other Info</td>
        <td colspan="1" rowspan="1" width="80%">The CORS misconfiguration on the web server permits cross-domain read requests from arbitrary third party domains, using unauthenticated APIs on this domain. Web browser implementations do not permit arbitrary third parties to read the response from authenticated APIs, however. This reduces the risk somewhat. This misconfiguration could be used by an attacker to access data that is available in an unauthenticated manner, but which uses some other form of security, such as IP address white-listing.</td>
      </tr>
      <tr>
        <td colspan="1" rowspan="1" class="indent1" width="20%">URL</td>
        <td colspan="1" rowspan="1" width="80%">
          <a shape="rect" href="https://fairplaybo.vtexassets.com/_v/public/vtex.styles-graphql/v1/overrides/vtex.product-list@0.37.1$overrides.css?v=1&amp;workspace=master">https://fairplaybo.vtexassets.com/_v/public/vtex.styles-graphql/v1/overrides/vtex.product-list@0.37.1$overrides.css?v=1&amp;workspace=master</a>
        </td>
      </tr>
      <tr>
        <td colspan="1" rowspan="1" class="indent2" width="20%">Method</td>
        <td colspan="1" rowspan="1" width="80%">GET</td>
      </tr>
      <tr>
        <td colspan="1" rowspan="1" class="indent2" width="20%">Parameter</td>
        <td colspan="1" rowspan="1" width="80%"/>
      </tr>
      <tr>
        <td colspan="1" rowspan="1" class="indent2" width="20%">Attack</td>
        <td colspan="1" rowspan="1" width="80%"/>
      </tr>
      <tr>
        <td colspan="1" rowspan="1" class="indent2" width="20%">Evidence</td>
        <td colspan="1" rowspan="1" width="80%">Access-Control-Allow-Origin: *</td>
      </tr>
      <tr>
        <td colspan="1" rowspan="1" class="indent2" width="20%">Other Info</td>
        <td colspan="1" rowspan="1" width="80%">The CORS misconfiguration on the web server permits cross-domain read requests from arbitrary third party domains, using unauthenticated APIs on this domain. Web browser implementations do not permit arbitrary third parties to read the response from authenticated APIs, however. This reduces the risk somewhat. This misconfiguration could be used by an attacker to access data that is available in an unauthenticated manner, but which uses some other form of security, such as IP address white-listing.</td>
      </tr>
      <tr>
        <td colspan="1" rowspan="1" class="indent1" width="20%">URL</td>
        <td colspan="1" rowspan="1" width="80%">
          <a shape="rect" href="https://fairplaybo.vtexassets.com/_v/public/vtex.styles-graphql/v1/overrides/vtex.shelf-components@0.10.0$overrides.css?v=1&amp;workspace=master">https://fairplaybo.vtexassets.com/_v/public/vtex.styles-graphql/v1/overrides/vtex.shelf-components@0.10.0$overrides.css?v=1&amp;workspace=master</a>
        </td>
      </tr>
      <tr>
        <td colspan="1" rowspan="1" class="indent2" width="20%">Method</td>
        <td colspan="1" rowspan="1" width="80%">GET</td>
      </tr>
      <tr>
        <td colspan="1" rowspan="1" class="indent2" width="20%">Parameter</td>
        <td colspan="1" rowspan="1" width="80%"/>
      </tr>
      <tr>
        <td colspan="1" rowspan="1" class="indent2" width="20%">Attack</td>
        <td colspan="1" rowspan="1" width="80%"/>
      </tr>
      <tr>
        <td colspan="1" rowspan="1" class="indent2" width="20%">Evidence</td>
        <td colspan="1" rowspan="1" width="80%">Access-Control-Allow-Origin: *</td>
      </tr>
      <tr>
        <td colspan="1" rowspan="1" class="indent2" width="20%">Other Info</td>
        <td colspan="1" rowspan="1" width="80%">The CORS misconfiguration on the web server permits cross-domain read requests from arbitrary third party domains, using unauthenticated APIs on this domain. Web browser implementations do not permit arbitrary third parties to read the response from authenticated APIs, however. This reduces the risk somewhat. This misconfiguration could be used by an attacker to access data that is available in an unauthenticated manner, but which uses some other form of security, such as IP address white-listing.</td>
      </tr>
      <tr>
        <td colspan="1" rowspan="1" class="indent1" width="20%">URL</td>
        <td colspan="1" rowspan="1" width="80%">
          <a shape="rect" href="https://fairplaybo.vtexassets.com/_v/public/vtex.styles-graphql/v1/style/fairplaybo.fairplay-theme@1.0.5$style.common.min.css?v=1&amp;workspace=master">https://fairplaybo.vtexassets.com/_v/public/vtex.styles-graphql/v1/style/fairplaybo.fairplay-theme@1.0.5$style.common.min.css?v=1&amp;workspace=master</a>
        </td>
      </tr>
      <tr>
        <td colspan="1" rowspan="1" class="indent2" width="20%">Method</td>
        <td colspan="1" rowspan="1" width="80%">GET</td>
      </tr>
      <tr>
        <td colspan="1" rowspan="1" class="indent2" width="20%">Parameter</td>
        <td colspan="1" rowspan="1" width="80%"/>
      </tr>
      <tr>
        <td colspan="1" rowspan="1" class="indent2" width="20%">Attack</td>
        <td colspan="1" rowspan="1" width="80%"/>
      </tr>
      <tr>
        <td colspan="1" rowspan="1" class="indent2" width="20%">Evidence</td>
        <td colspan="1" rowspan="1" width="80%">Access-Control-Allow-Origin: *</td>
      </tr>
      <tr>
        <td colspan="1" rowspan="1" class="indent2" width="20%">Other Info</td>
        <td colspan="1" rowspan="1" width="80%">The CORS misconfiguration on the web server permits cross-domain read requests from arbitrary third party domains, using unauthenticated APIs on this domain. Web browser implementations do not permit arbitrary third parties to read the response from authenticated APIs, however. This reduces the risk somewhat. This misconfiguration could be used by an attacker to access data that is available in an unauthenticated manner, but which uses some other form of security, such as IP address white-listing.</td>
      </tr>
      <tr>
        <td colspan="1" rowspan="1" class="indent1" width="20%">URL</td>
        <td colspan="1" rowspan="1" width="80%">
          <a shape="rect" href="https://fairplaybo.vtexassets.com/_v/public/vtex.styles-graphql/v1/style/fairplaybo.fairplay-theme@1.0.5$style.large.min.css?v=1&amp;workspace=master">https://fairplaybo.vtexassets.com/_v/public/vtex.styles-graphql/v1/style/fairplaybo.fairplay-theme@1.0.5$style.large.min.css?v=1&amp;workspace=master</a>
        </td>
      </tr>
      <tr>
        <td colspan="1" rowspan="1" class="indent2" width="20%">Method</td>
        <td colspan="1" rowspan="1" width="80%">GET</td>
      </tr>
      <tr>
        <td colspan="1" rowspan="1" class="indent2" width="20%">Parameter</td>
        <td colspan="1" rowspan="1" width="80%"/>
      </tr>
      <tr>
        <td colspan="1" rowspan="1" class="indent2" width="20%">Attack</td>
        <td colspan="1" rowspan="1" width="80%"/>
      </tr>
      <tr>
        <td colspan="1" rowspan="1" class="indent2" width="20%">Evidence</td>
        <td colspan="1" rowspan="1" width="80%">Access-Control-Allow-Origin: *</td>
      </tr>
      <tr>
        <td colspan="1" rowspan="1" class="indent2" width="20%">Other Info</td>
        <td colspan="1" rowspan="1" width="80%">The CORS misconfiguration on the web server permits cross-domain read requests from arbitrary third party domains, using unauthenticated APIs on this domain. Web browser implementations do not permit arbitrary third parties to read the response from authenticated APIs, however. This reduces the risk somewhat. This misconfiguration could be used by an attacker to access data that is available in an unauthenticated manner, but which uses some other form of security, such as IP address white-listing.</td>
      </tr>
      <tr>
        <td colspan="1" rowspan="1" class="indent1" width="20%">URL</td>
        <td colspan="1" rowspan="1" width="80%">
          <a shape="rect" href="https://fairplaybo.vtexassets.com/_v/public/vtex.styles-graphql/v1/style/fairplaybo.fairplay-theme@1.0.5$style.notsmall.min.css?v=1&amp;workspace=master">https://fairplaybo.vtexassets.com/_v/public/vtex.styles-graphql/v1/style/fairplaybo.fairplay-theme@1.0.5$style.notsmall.min.css?v=1&amp;workspace=master</a>
        </td>
      </tr>
      <tr>
        <td colspan="1" rowspan="1" class="indent2" width="20%">Method</td>
        <td colspan="1" rowspan="1" width="80%">GET</td>
      </tr>
      <tr>
        <td colspan="1" rowspan="1" class="indent2" width="20%">Parameter</td>
        <td colspan="1" rowspan="1" width="80%"/>
      </tr>
      <tr>
        <td colspan="1" rowspan="1" class="indent2" width="20%">Attack</td>
        <td colspan="1" rowspan="1" width="80%"/>
      </tr>
      <tr>
        <td colspan="1" rowspan="1" class="indent2" width="20%">Evidence</td>
        <td colspan="1" rowspan="1" width="80%">Access-Control-Allow-Origin: *</td>
      </tr>
      <tr>
        <td colspan="1" rowspan="1" class="indent2" width="20%">Other Info</td>
        <td colspan="1" rowspan="1" width="80%">The CORS misconfiguration on the web server permits cross-domain read requests from arbitrary third party domains, using unauthenticated APIs on this domain. Web browser implementations do not permit arbitrary third parties to read the response from authenticated APIs, however. This reduces the risk somewhat. This misconfiguration could be used by an attacker to access data that is available in an unauthenticated manner, but which uses some other form of security, such as IP address white-listing.</td>
      </tr>
      <tr>
        <td colspan="1" rowspan="1" class="indent1" width="20%">URL</td>
        <td colspan="1" rowspan="1" width="80%">
          <a shape="rect" href="https://fairplaybo.vtexassets.com/_v/public/vtex.styles-graphql/v1/style/fairplaybo.fairplay-theme@1.0.5$style.small.min.css?v=1&amp;workspace=master">https://fairplaybo.vtexassets.com/_v/public/vtex.styles-graphql/v1/style/fairplaybo.fairplay-theme@1.0.5$style.small.min.css?v=1&amp;workspace=master</a>
        </td>
      </tr>
      <tr>
        <td colspan="1" rowspan="1" class="indent2" width="20%">Method</td>
        <td colspan="1" rowspan="1" width="80%">GET</td>
      </tr>
      <tr>
        <td colspan="1" rowspan="1" class="indent2" width="20%">Parameter</td>
        <td colspan="1" rowspan="1" width="80%"/>
      </tr>
      <tr>
        <td colspan="1" rowspan="1" class="indent2" width="20%">Attack</td>
        <td colspan="1" rowspan="1" width="80%"/>
      </tr>
      <tr>
        <td colspan="1" rowspan="1" class="indent2" width="20%">Evidence</td>
        <td colspan="1" rowspan="1" width="80%">Access-Control-Allow-Origin: *</td>
      </tr>
      <tr>
        <td colspan="1" rowspan="1" class="indent2" width="20%">Other Info</td>
        <td colspan="1" rowspan="1" width="80%">The CORS misconfiguration on the web server permits cross-domain read requests from arbitrary third party domains, using unauthenticated APIs on this domain. Web browser implementations do not permit arbitrary third parties to read the response from authenticated APIs, however. This reduces the risk somewhat. This misconfiguration could be used by an attacker to access data that is available in an unauthenticated manner, but which uses some other form of security, such as IP address white-listing.</td>
      </tr>
      <tr>
        <td colspan="1" rowspan="1" class="indent1" width="20%">URL</td>
        <td colspan="1" rowspan="1" width="80%">
          <a shape="rect" href="https://fairplaybo.vtexassets.com/_v/public/vtex.styles-graphql/v1/style/fairplaybo.fairplay-theme@1.0.5$style.xlarge.min.css?v=1&amp;workspace=master">https://fairplaybo.vtexassets.com/_v/public/vtex.styles-graphql/v1/style/fairplaybo.fairplay-theme@1.0.5$style.xlarge.min.css?v=1&amp;workspace=master</a>
        </td>
      </tr>
      <tr>
        <td colspan="1" rowspan="1" class="indent2" width="20%">Method</td>
        <td colspan="1" rowspan="1" width="80%">GET</td>
      </tr>
      <tr>
        <td colspan="1" rowspan="1" class="indent2" width="20%">Parameter</td>
        <td colspan="1" rowspan="1" width="80%"/>
      </tr>
      <tr>
        <td colspan="1" rowspan="1" class="indent2" width="20%">Attack</td>
        <td colspan="1" rowspan="1" width="80%"/>
      </tr>
      <tr>
        <td colspan="1" rowspan="1" class="indent2" width="20%">Evidence</td>
        <td colspan="1" rowspan="1" width="80%">Access-Control-Allow-Origin: *</td>
      </tr>
      <tr>
        <td colspan="1" rowspan="1" class="indent2" width="20%">Other Info</td>
        <td colspan="1" rowspan="1" width="80%">The CORS misconfiguration on the web server permits cross-domain read requests from arbitrary third party domains, using unauthenticated APIs on this domain. Web browser implementations do not permit arbitrary third parties to read the response from authenticated APIs, however. This reduces the risk somewhat. This misconfiguration could be used by an attacker to access data that is available in an unauthenticated manner, but which uses some other form of security, such as IP address white-listing.</td>
      </tr>
      <tr>
        <td colspan="1" rowspan="1" class="indent1" width="20%">URL</td>
        <td colspan="1" rowspan="1" width="80%">
          <a shape="rect" href="https://fairplaybo.vtexassets.com/assets/vtex/assets-builder/fairplaybo.fairplay-theme/1.0.5/fonts/MuseoSans_700___10aaa353d22c131091d217c83f558343.otf">https://fairplaybo.vtexassets.com/assets/vtex/assets-builder/fairplaybo.fairplay-theme/1.0.5/fonts/MuseoSans_700___10aaa353d22c131091d217c83f558343.otf</a>
        </td>
      </tr>
      <tr>
        <td colspan="1" rowspan="1" class="indent2" width="20%">Method</td>
        <td colspan="1" rowspan="1" width="80%">GET</td>
      </tr>
      <tr>
        <td colspan="1" rowspan="1" class="indent2" width="20%">Parameter</td>
        <td colspan="1" rowspan="1" width="80%"/>
      </tr>
      <tr>
        <td colspan="1" rowspan="1" class="indent2" width="20%">Attack</td>
        <td colspan="1" rowspan="1" width="80%"/>
      </tr>
      <tr>
        <td colspan="1" rowspan="1" class="indent2" width="20%">Evidence</td>
        <td colspan="1" rowspan="1" width="80%">Access-Control-Allow-Origin: *</td>
      </tr>
      <tr>
        <td colspan="1" rowspan="1" class="indent2" width="20%">Other Info</td>
        <td colspan="1" rowspan="1" width="80%">The CORS misconfiguration on the web server permits cross-domain read requests from arbitrary third party domains, using unauthenticated APIs on this domain. Web browser implementations do not permit arbitrary third parties to read the response from authenticated APIs, however. This reduces the risk somewhat. This misconfiguration could be used by an attacker to access data that is available in an unauthenticated manner, but which uses some other form of security, such as IP address white-listing.</td>
      </tr>
      <tr>
        <td colspan="1" rowspan="1" class="indent1" width="20%">URL</td>
        <td colspan="1" rowspan="1" width="80%">
          <a shape="rect" href="https://fairplaybo.vtexassets.com/assets/vtex/assets-builder/fairplaybo.fairplay-theme/1.0.5/fonts/Poppins-Medium___f61a4eb27371b7453bf5b12ab3648b9e.ttf">https://fairplaybo.vtexassets.com/assets/vtex/assets-builder/fairplaybo.fairplay-theme/1.0.5/fonts/Poppins-Medium___f61a4eb27371b7453bf5b12ab3648b9e.ttf</a>
        </td>
      </tr>
      <tr>
        <td colspan="1" rowspan="1" class="indent2" width="20%">Method</td>
        <td colspan="1" rowspan="1" width="80%">GET</td>
      </tr>
      <tr>
        <td colspan="1" rowspan="1" class="indent2" width="20%">Parameter</td>
        <td colspan="1" rowspan="1" width="80%"/>
      </tr>
      <tr>
        <td colspan="1" rowspan="1" class="indent2" width="20%">Attack</td>
        <td colspan="1" rowspan="1" width="80%"/>
      </tr>
      <tr>
        <td colspan="1" rowspan="1" class="indent2" width="20%">Evidence</td>
        <td colspan="1" rowspan="1" width="80%">Access-Control-Allow-Origin: *</td>
      </tr>
      <tr>
        <td colspan="1" rowspan="1" class="indent2" width="20%">Other Info</td>
        <td colspan="1" rowspan="1" width="80%">The CORS misconfiguration on the web server permits cross-domain read requests from arbitrary third party domains, using unauthenticated APIs on this domain. Web browser implementations do not permit arbitrary third parties to read the response from authenticated APIs, however. This reduces the risk somewhat. This misconfiguration could be used by an attacker to access data that is available in an unauthenticated manner, but which uses some other form of security, such as IP address white-listing.</td>
      </tr>
      <tr>
        <td colspan="1" rowspan="1" class="indent1" width="20%">URL</td>
        <td colspan="1" rowspan="1" width="80%">
          <a shape="rect" href="https://fairplaybo.vtexassets.com/assets/vtex/assets-builder/fairplaybo.fairplay-theme/1.0.5/fonts/Poppins-Regular___8b6af8e5e8324edfd77af8b3b35d7f9c.ttf">https://fairplaybo.vtexassets.com/assets/vtex/assets-builder/fairplaybo.fairplay-theme/1.0.5/fonts/Poppins-Regular___8b6af8e5e8324edfd77af8b3b35d7f9c.ttf</a>
        </td>
      </tr>
      <tr>
        <td colspan="1" rowspan="1" class="indent2" width="20%">Method</td>
        <td colspan="1" rowspan="1" width="80%">GET</td>
      </tr>
      <tr>
        <td colspan="1" rowspan="1" class="indent2" width="20%">Parameter</td>
        <td colspan="1" rowspan="1" width="80%"/>
      </tr>
      <tr>
        <td colspan="1" rowspan="1" class="indent2" width="20%">Attack</td>
        <td colspan="1" rowspan="1" width="80%"/>
      </tr>
      <tr>
        <td colspan="1" rowspan="1" class="indent2" width="20%">Evidence</td>
        <td colspan="1" rowspan="1" width="80%">Access-Control-Allow-Origin: *</td>
      </tr>
      <tr>
        <td colspan="1" rowspan="1" class="indent2" width="20%">Other Info</td>
        <td colspan="1" rowspan="1" width="80%">The CORS misconfiguration on the web server permits cross-domain read requests from arbitrary third party domains, using unauthenticated APIs on this domain. Web browser implementations do not permit arbitrary third parties to read the response from authenticated APIs, however. This reduces the risk somewhat. This misconfiguration could be used by an attacker to access data that is available in an unauthenticated manner, but which uses some other form of security, such as IP address white-listing.</td>
      </tr>
      <tr>
        <td colspan="1" rowspan="1" class="indent1" width="20%">URL</td>
        <td colspan="1" rowspan="1" width="80%">
          <a shape="rect" href="https://io.vtex.com.br/v3/polyfill.min.js?version=3.89.4&amp;features=Object.values,Object.entries,Object.assign,Array.from,Array.prototype.findIndex,Array.prototype.fill,Array.prototype.find,Array.prototype.flatMap,Array.prototype.includes,String.prototype.startsWith,String.prototype.endsWith,String.prototype.includes,String.prototype.repeat,Symbol,fetch,Promise,Map,WeakMap,Number.isInteger,Number.isNaN,Number.EPSILON,Set,Function.name,URL,IntersectionObserver,Intl.~locale.es-BO&amp;flags=gated">https://io.vtex.com.br/v3/polyfill.min.js?version=3.89.4&amp;features=Object.values,Object.entries,Object.assign,Array.from,Array.prototype.findIndex,Array.prototype.fill,Array.prototype.find,Array.prototype.flatMap,Array.prototype.includes,String.prototype.startsWith,String.prototype.endsWith,String.prototype.includes,String.prototype.repeat,Symbol,fetch,Promise,Map,WeakMap,Number.isInteger,Number.isNaN,Number.EPSILON,Set,Function.name,URL,IntersectionObserver,Intl.~locale.es-BO&amp;flags=gated</a>
        </td>
      </tr>
      <tr>
        <td colspan="1" rowspan="1" class="indent2" width="20%">Method</td>
        <td colspan="1" rowspan="1" width="80%">GET</td>
      </tr>
      <tr>
        <td colspan="1" rowspan="1" class="indent2" width="20%">Parameter</td>
        <td colspan="1" rowspan="1" width="80%"/>
      </tr>
      <tr>
        <td colspan="1" rowspan="1" class="indent2" width="20%">Attack</td>
        <td colspan="1" rowspan="1" width="80%"/>
      </tr>
      <tr>
        <td colspan="1" rowspan="1" class="indent2" width="20%">Evidence</td>
        <td colspan="1" rowspan="1" width="80%">Access-Control-Allow-Origin: *</td>
      </tr>
      <tr>
        <td colspan="1" rowspan="1" class="indent2" width="20%">Other Info</td>
        <td colspan="1" rowspan="1" width="80%">The CORS misconfiguration on the web server permits cross-domain read requests from arbitrary third party domains, using unauthenticated APIs on this domain. Web browser implementations do not permit arbitrary third parties to read the response from authenticated APIs, however. This reduces the risk somewhat. This misconfiguration could be used by an attacker to access data that is available in an unauthenticated manner, but which uses some other form of security, such as IP address white-listing.</td>
      </tr>
      <tr>
        <td colspan="1" rowspan="1" class="indent1" width="20%">URL</td>
        <td colspan="1" rowspan="1" width="80%">
          <a shape="rect" href="https://storage.googleapis.com/workbox-cdn/releases/4.3.1/workbox-background-sync.prod.js">https://storage.googleapis.com/workbox-cdn/releases/4.3.1/workbox-background-sync.prod.js</a>
        </td>
      </tr>
      <tr>
        <td colspan="1" rowspan="1" class="indent2" width="20%">Method</td>
        <td colspan="1" rowspan="1" width="80%">GET</td>
      </tr>
      <tr>
        <td colspan="1" rowspan="1" class="indent2" width="20%">Parameter</td>
        <td colspan="1" rowspan="1" width="80%"/>
      </tr>
      <tr>
        <td colspan="1" rowspan="1" class="indent2" width="20%">Attack</td>
        <td colspan="1" rowspan="1" width="80%"/>
      </tr>
      <tr>
        <td colspan="1" rowspan="1" class="indent2" width="20%">Evidence</td>
        <td colspan="1" rowspan="1" width="80%">Access-Control-Allow-Origin: *</td>
      </tr>
      <tr>
        <td colspan="1" rowspan="1" class="indent2" width="20%">Other Info</td>
        <td colspan="1" rowspan="1" width="80%">The CORS misconfiguration on the web server permits cross-domain read requests from arbitrary third party domains, using unauthenticated APIs on this domain. Web browser implementations do not permit arbitrary third parties to read the response from authenticated APIs, however. This reduces the risk somewhat. This misconfiguration could be used by an attacker to access data that is available in an unauthenticated manner, but which uses some other form of security, such as IP address white-listing.</td>
      </tr>
      <tr>
        <td colspan="1" rowspan="1" class="indent1" width="20%">URL</td>
        <td colspan="1" rowspan="1" width="80%">
          <a shape="rect" href="https://storage.googleapis.com/workbox-cdn/releases/4.3.1/workbox-core.prod.js">https://storage.googleapis.com/workbox-cdn/releases/4.3.1/workbox-core.prod.js</a>
        </td>
      </tr>
      <tr>
        <td colspan="1" rowspan="1" class="indent2" width="20%">Method</td>
        <td colspan="1" rowspan="1" width="80%">GET</td>
      </tr>
      <tr>
        <td colspan="1" rowspan="1" class="indent2" width="20%">Parameter</td>
        <td colspan="1" rowspan="1" width="80%"/>
      </tr>
      <tr>
        <td colspan="1" rowspan="1" class="indent2" width="20%">Attack</td>
        <td colspan="1" rowspan="1" width="80%"/>
      </tr>
      <tr>
        <td colspan="1" rowspan="1" class="indent2" width="20%">Evidence</td>
        <td colspan="1" rowspan="1" width="80%">Access-Control-Allow-Origin: *</td>
      </tr>
      <tr>
        <td colspan="1" rowspan="1" class="indent2" width="20%">Other Info</td>
        <td colspan="1" rowspan="1" width="80%">The CORS misconfiguration on the web server permits cross-domain read requests from arbitrary third party domains, using unauthenticated APIs on this domain. Web browser implementations do not permit arbitrary third parties to read the response from authenticated APIs, however. This reduces the risk somewhat. This misconfiguration could be used by an attacker to access data that is available in an unauthenticated manner, but which uses some other form of security, such as IP address white-listing.</td>
      </tr>
      <tr>
        <td colspan="1" rowspan="1" class="indent1" width="20%">URL</td>
        <td colspan="1" rowspan="1" width="80%">
          <a shape="rect" href="https://storage.googleapis.com/workbox-cdn/releases/4.3.1/workbox-expiration.prod.js">https://storage.googleapis.com/workbox-cdn/releases/4.3.1/workbox-expiration.prod.js</a>
        </td>
      </tr>
      <tr>
        <td colspan="1" rowspan="1" class="indent2" width="20%">Method</td>
        <td colspan="1" rowspan="1" width="80%">GET</td>
      </tr>
      <tr>
        <td colspan="1" rowspan="1" class="indent2" width="20%">Parameter</td>
        <td colspan="1" rowspan="1" width="80%"/>
      </tr>
      <tr>
        <td colspan="1" rowspan="1" class="indent2" width="20%">Attack</td>
        <td colspan="1" rowspan="1" width="80%"/>
      </tr>
      <tr>
        <td colspan="1" rowspan="1" class="indent2" width="20%">Evidence</td>
        <td colspan="1" rowspan="1" width="80%">Access-Control-Allow-Origin: *</td>
      </tr>
      <tr>
        <td colspan="1" rowspan="1" class="indent2" width="20%">Other Info</td>
        <td colspan="1" rowspan="1" width="80%">The CORS misconfiguration on the web server permits cross-domain read requests from arbitrary third party domains, using unauthenticated APIs on this domain. Web browser implementations do not permit arbitrary third parties to read the response from authenticated APIs, however. This reduces the risk somewhat. This misconfiguration could be used by an attacker to access data that is available in an unauthenticated manner, but which uses some other form of security, such as IP address white-listing.</td>
      </tr>
      <tr>
        <td colspan="1" rowspan="1" class="indent1" width="20%">URL</td>
        <td colspan="1" rowspan="1" width="80%">
          <a shape="rect" href="https://storage.googleapis.com/workbox-cdn/releases/4.3.1/workbox-navigation-preload.prod.js">https://storage.googleapis.com/workbox-cdn/releases/4.3.1/workbox-navigation-preload.prod.js</a>
        </td>
      </tr>
      <tr>
        <td colspan="1" rowspan="1" class="indent2" width="20%">Method</td>
        <td colspan="1" rowspan="1" width="80%">GET</td>
      </tr>
      <tr>
        <td colspan="1" rowspan="1" class="indent2" width="20%">Parameter</td>
        <td colspan="1" rowspan="1" width="80%"/>
      </tr>
      <tr>
        <td colspan="1" rowspan="1" class="indent2" width="20%">Attack</td>
        <td colspan="1" rowspan="1" width="80%"/>
      </tr>
      <tr>
        <td colspan="1" rowspan="1" class="indent2" width="20%">Evidence</td>
        <td colspan="1" rowspan="1" width="80%">Access-Control-Allow-Origin: *</td>
      </tr>
      <tr>
        <td colspan="1" rowspan="1" class="indent2" width="20%">Other Info</td>
        <td colspan="1" rowspan="1" width="80%">The CORS misconfiguration on the web server permits cross-domain read requests from arbitrary third party domains, using unauthenticated APIs on this domain. Web browser implementations do not permit arbitrary third parties to read the response from authenticated APIs, however. This reduces the risk somewhat. This misconfiguration could be used by an attacker to access data that is available in an unauthenticated manner, but which uses some other form of security, such as IP address white-listing.</td>
      </tr>
      <tr>
        <td colspan="1" rowspan="1" class="indent1" width="20%">URL</td>
        <td colspan="1" rowspan="1" width="80%">
          <a shape="rect" href="https://storage.googleapis.com/workbox-cdn/releases/4.3.1/workbox-offline-ga.prod.js">https://storage.googleapis.com/workbox-cdn/releases/4.3.1/workbox-offline-ga.prod.js</a>
        </td>
      </tr>
      <tr>
        <td colspan="1" rowspan="1" class="indent2" width="20%">Method</td>
        <td colspan="1" rowspan="1" width="80%">GET</td>
      </tr>
      <tr>
        <td colspan="1" rowspan="1" class="indent2" width="20%">Parameter</td>
        <td colspan="1" rowspan="1" width="80%"/>
      </tr>
      <tr>
        <td colspan="1" rowspan="1" class="indent2" width="20%">Attack</td>
        <td colspan="1" rowspan="1" width="80%"/>
      </tr>
      <tr>
        <td colspan="1" rowspan="1" class="indent2" width="20%">Evidence</td>
        <td colspan="1" rowspan="1" width="80%">Access-Control-Allow-Origin: *</td>
      </tr>
      <tr>
        <td colspan="1" rowspan="1" class="indent2" width="20%">Other Info</td>
        <td colspan="1" rowspan="1" width="80%">The CORS misconfiguration on the web server permits cross-domain read requests from arbitrary third party domains, using unauthenticated APIs on this domain. Web browser implementations do not permit arbitrary third parties to read the response from authenticated APIs, however. This reduces the risk somewhat. This misconfiguration could be used by an attacker to access data that is available in an unauthenticated manner, but which uses some other form of security, such as IP address white-listing.</td>
      </tr>
      <tr>
        <td colspan="1" rowspan="1" class="indent1" width="20%">URL</td>
        <td colspan="1" rowspan="1" width="80%">
          <a shape="rect" href="https://storage.googleapis.com/workbox-cdn/releases/4.3.1/workbox-routing.prod.js">https://storage.googleapis.com/workbox-cdn/releases/4.3.1/workbox-routing.prod.js</a>
        </td>
      </tr>
      <tr>
        <td colspan="1" rowspan="1" class="indent2" width="20%">Method</td>
        <td colspan="1" rowspan="1" width="80%">GET</td>
      </tr>
      <tr>
        <td colspan="1" rowspan="1" class="indent2" width="20%">Parameter</td>
        <td colspan="1" rowspan="1" width="80%"/>
      </tr>
      <tr>
        <td colspan="1" rowspan="1" class="indent2" width="20%">Attack</td>
        <td colspan="1" rowspan="1" width="80%"/>
      </tr>
      <tr>
        <td colspan="1" rowspan="1" class="indent2" width="20%">Evidence</td>
        <td colspan="1" rowspan="1" width="80%">Access-Control-Allow-Origin: *</td>
      </tr>
      <tr>
        <td colspan="1" rowspan="1" class="indent2" width="20%">Other Info</td>
        <td colspan="1" rowspan="1" width="80%">The CORS misconfiguration on the web server permits cross-domain read requests from arbitrary third party domains, using unauthenticated APIs on this domain. Web browser implementations do not permit arbitrary third parties to read the response from authenticated APIs, however. This reduces the risk somewhat. This misconfiguration could be used by an attacker to access data that is available in an unauthenticated manner, but which uses some other form of security, such as IP address white-listing.</td>
      </tr>
      <tr>
        <td colspan="1" rowspan="1" class="indent1" width="20%">URL</td>
        <td colspan="1" rowspan="1" width="80%">
          <a shape="rect" href="https://storage.googleapis.com/workbox-cdn/releases/4.3.1/workbox-strategies.prod.js">https://storage.googleapis.com/workbox-cdn/releases/4.3.1/workbox-strategies.prod.js</a>
        </td>
      </tr>
      <tr>
        <td colspan="1" rowspan="1" class="indent2" width="20%">Method</td>
        <td colspan="1" rowspan="1" width="80%">GET</td>
      </tr>
      <tr>
        <td colspan="1" rowspan="1" class="indent2" width="20%">Parameter</td>
        <td colspan="1" rowspan="1" width="80%"/>
      </tr>
      <tr>
        <td colspan="1" rowspan="1" class="indent2" width="20%">Attack</td>
        <td colspan="1" rowspan="1" width="80%"/>
      </tr>
      <tr>
        <td colspan="1" rowspan="1" class="indent2" width="20%">Evidence</td>
        <td colspan="1" rowspan="1" width="80%">Access-Control-Allow-Origin: *</td>
      </tr>
      <tr>
        <td colspan="1" rowspan="1" class="indent2" width="20%">Other Info</td>
        <td colspan="1" rowspan="1" width="80%">The CORS misconfiguration on the web server permits cross-domain read requests from arbitrary third party domains, using unauthenticated APIs on this domain. Web browser implementations do not permit arbitrary third parties to read the response from authenticated APIs, however. This reduces the risk somewhat. This misconfiguration could be used by an attacker to access data that is available in an unauthenticated manner, but which uses some other form of security, such as IP address white-listing.</td>
      </tr>
      <tr>
        <td colspan="1" rowspan="1" class="indent1" width="20%">URL</td>
        <td colspan="1" rowspan="1" width="80%">
          <a shape="rect" href="https://storage.googleapis.com/workbox-cdn/releases/4.3.1/workbox-sw.js">https://storage.googleapis.com/workbox-cdn/releases/4.3.1/workbox-sw.js</a>
        </td>
      </tr>
      <tr>
        <td colspan="1" rowspan="1" class="indent2" width="20%">Method</td>
        <td colspan="1" rowspan="1" width="80%">GET</td>
      </tr>
      <tr>
        <td colspan="1" rowspan="1" class="indent2" width="20%">Parameter</td>
        <td colspan="1" rowspan="1" width="80%"/>
      </tr>
      <tr>
        <td colspan="1" rowspan="1" class="indent2" width="20%">Attack</td>
        <td colspan="1" rowspan="1" width="80%"/>
      </tr>
      <tr>
        <td colspan="1" rowspan="1" class="indent2" width="20%">Evidence</td>
        <td colspan="1" rowspan="1" width="80%">Access-Control-Allow-Origin: *</td>
      </tr>
      <tr>
        <td colspan="1" rowspan="1" class="indent2" width="20%">Other Info</td>
        <td colspan="1" rowspan="1" width="80%">The CORS misconfiguration on the web server permits cross-domain read requests from arbitrary third party domains, using unauthenticated APIs on this domain. Web browser implementations do not permit arbitrary third parties to read the response from authenticated APIs, however. This reduces the risk somewhat. This misconfiguration could be used by an attacker to access data that is available in an unauthenticated manner, but which uses some other form of security, such as IP address white-listing.</td>
      </tr>
      <tr>
        <td colspan="1" rowspan="1" class="indent1" width="20%">URL</td>
        <td colspan="1" rowspan="1" width="80%">
          <a shape="rect" href="https://vtex.vtexassets.com/_v/public/assets/v1/npm/idb@2.1.3/lib/idb.js">https://vtex.vtexassets.com/_v/public/assets/v1/npm/idb@2.1.3/lib/idb.js</a>
        </td>
      </tr>
      <tr>
        <td colspan="1" rowspan="1" class="indent2" width="20%">Method</td>
        <td colspan="1" rowspan="1" width="80%">GET</td>
      </tr>
      <tr>
        <td colspan="1" rowspan="1" class="indent2" width="20%">Parameter</td>
        <td colspan="1" rowspan="1" width="80%"/>
      </tr>
      <tr>
        <td colspan="1" rowspan="1" class="indent2" width="20%">Attack</td>
        <td colspan="1" rowspan="1" width="80%"/>
      </tr>
      <tr>
        <td colspan="1" rowspan="1" class="indent2" width="20%">Evidence</td>
        <td colspan="1" rowspan="1" width="80%">Access-Control-Allow-Origin: *</td>
      </tr>
      <tr>
        <td colspan="1" rowspan="1" class="indent2" width="20%">Other Info</td>
        <td colspan="1" rowspan="1" width="80%">The CORS misconfiguration on the web server permits cross-domain read requests from arbitrary third party domains, using unauthenticated APIs on this domain. Web browser implementations do not permit arbitrary third parties to read the response from authenticated APIs, however. This reduces the risk somewhat. This misconfiguration could be used by an attacker to access data that is available in an unauthenticated manner, but which uses some other form of security, such as IP address white-listing.</td>
      </tr>
      <tr>
        <td colspan="1" rowspan="1" class="indent1" width="20%">URL</td>
        <td colspan="1" rowspan="1" width="80%">
          <a shape="rect" href="https://www.fairplay.com.bo/api/dataentities/CF/search?_fields=id,imageFlag,idCollection,active,percentage,shippingFree&amp;_where=idCollection=141">https://www.fairplay.com.bo/api/dataentities/CF/search?_fields=id,imageFlag,idCollection,active,percentage,shippingFree&amp;_where=idCollection=141</a>
        </td>
      </tr>
      <tr>
        <td colspan="1" rowspan="1" class="indent2" width="20%">Method</td>
        <td colspan="1" rowspan="1" width="80%">GET</td>
      </tr>
      <tr>
        <td colspan="1" rowspan="1" class="indent2" width="20%">Parameter</td>
        <td colspan="1" rowspan="1" width="80%"/>
      </tr>
      <tr>
        <td colspan="1" rowspan="1" class="indent2" width="20%">Attack</td>
        <td colspan="1" rowspan="1" width="80%"/>
      </tr>
      <tr>
        <td colspan="1" rowspan="1" class="indent2" width="20%">Evidence</td>
        <td colspan="1" rowspan="1" width="80%">Access-Control-Allow-Origin: *</td>
      </tr>
      <tr>
        <td colspan="1" rowspan="1" class="indent2" width="20%">Other Info</td>
        <td colspan="1" rowspan="1" width="80%">The CORS misconfiguration on the web server permits cross-domain read requests from arbitrary third party domains, using unauthenticated APIs on this domain. Web browser implementations do not permit arbitrary third parties to read the response from authenticated APIs, however. This reduces the risk somewhat. This misconfiguration could be used by an attacker to access data that is available in an unauthenticated manner, but which uses some other form of security, such as IP address white-listing.</td>
      </tr>
      <tr>
        <td colspan="1" rowspan="1" class="indent1" width="20%">URL</td>
        <td colspan="1" rowspan="1" width="80%">
          <a shape="rect" href="https://www.fairplay.com.bo/api/dataentities/CF/search?_fields=id,imageFlag,idCollection,active,percentage,shippingFree&amp;_where=idCollection=141%20OR%20idCollection=162%20OR%20idCollection=392">https://www.fairplay.com.bo/api/dataentities/CF/search?_fields=id,imageFlag,idCollection,active,percentage,shippingFree&amp;_where=idCollection=141%20OR%20idCollection=162%20OR%20idCollection=392</a>
        </td>
      </tr>
      <tr>
        <td colspan="1" rowspan="1" class="indent2" width="20%">Method</td>
        <td colspan="1" rowspan="1" width="80%">GET</td>
      </tr>
      <tr>
        <td colspan="1" rowspan="1" class="indent2" width="20%">Parameter</td>
        <td colspan="1" rowspan="1" width="80%"/>
      </tr>
      <tr>
        <td colspan="1" rowspan="1" class="indent2" width="20%">Attack</td>
        <td colspan="1" rowspan="1" width="80%"/>
      </tr>
      <tr>
        <td colspan="1" rowspan="1" class="indent2" width="20%">Evidence</td>
        <td colspan="1" rowspan="1" width="80%">Access-Control-Allow-Origin: *</td>
      </tr>
      <tr>
        <td colspan="1" rowspan="1" class="indent2" width="20%">Other Info</td>
        <td colspan="1" rowspan="1" width="80%">The CORS misconfiguration on the web server permits cross-domain read requests from arbitrary third party domains, using unauthenticated APIs on this domain. Web browser implementations do not permit arbitrary third parties to read the response from authenticated APIs, however. This reduces the risk somewhat. This misconfiguration could be used by an attacker to access data that is available in an unauthenticated manner, but which uses some other form of security, such as IP address white-listing.</td>
      </tr>
      <tr>
        <td colspan="1" rowspan="1" class="indent1" width="20%">URL</td>
        <td colspan="1" rowspan="1" width="80%">
          <a shape="rect" href="https://www.fairplay.com.bo/api/dataentities/CF/search?_fields=id,imageFlag,idCollection,active,percentage,shippingFree&amp;_where=idCollection=141%20OR%20idCollection=198%20OR%20idCollection=341%20OR%20idCollection=425">https://www.fairplay.com.bo/api/dataentities/CF/search?_fields=id,imageFlag,idCollection,active,percentage,shippingFree&amp;_where=idCollection=141%20OR%20idCollection=198%20OR%20idCollection=341%20OR%20idCollection=425</a>
        </td>
      </tr>
      <tr>
        <td colspan="1" rowspan="1" class="indent2" width="20%">Method</td>
        <td colspan="1" rowspan="1" width="80%">GET</td>
      </tr>
      <tr>
        <td colspan="1" rowspan="1" class="indent2" width="20%">Parameter</td>
        <td colspan="1" rowspan="1" width="80%"/>
      </tr>
      <tr>
        <td colspan="1" rowspan="1" class="indent2" width="20%">Attack</td>
        <td colspan="1" rowspan="1" width="80%"/>
      </tr>
      <tr>
        <td colspan="1" rowspan="1" class="indent2" width="20%">Evidence</td>
        <td colspan="1" rowspan="1" width="80%">Access-Control-Allow-Origin: *</td>
      </tr>
      <tr>
        <td colspan="1" rowspan="1" class="indent2" width="20%">Other Info</td>
        <td colspan="1" rowspan="1" width="80%">The CORS misconfiguration on the web server permits cross-domain read requests from arbitrary third party domains, using unauthenticated APIs on this domain. Web browser implementations do not permit arbitrary third parties to read the response from authenticated APIs, however. This reduces the risk somewhat. This misconfiguration could be used by an attacker to access data that is available in an unauthenticated manner, but which uses some other form of security, such as IP address white-listing.</td>
      </tr>
      <tr>
        <td colspan="1" rowspan="1" class="indent1" width="20%">URL</td>
        <td colspan="1" rowspan="1" width="80%">
          <a shape="rect" href="https://www.fairplay.com.bo/api/dataentities/CF/search?_fields=id,imageFlag,idCollection,active,percentage,shippingFree&amp;_where=idCollection=141%20OR%20idCollection=213">https://www.fairplay.com.bo/api/dataentities/CF/search?_fields=id,imageFlag,idCollection,active,percentage,shippingFree&amp;_where=idCollection=141%20OR%20idCollection=213</a>
        </td>
      </tr>
      <tr>
        <td colspan="1" rowspan="1" class="indent2" width="20%">Method</td>
        <td colspan="1" rowspan="1" width="80%">GET</td>
      </tr>
      <tr>
        <td colspan="1" rowspan="1" class="indent2" width="20%">Parameter</td>
        <td colspan="1" rowspan="1" width="80%"/>
      </tr>
      <tr>
        <td colspan="1" rowspan="1" class="indent2" width="20%">Attack</td>
        <td colspan="1" rowspan="1" width="80%"/>
      </tr>
      <tr>
        <td colspan="1" rowspan="1" class="indent2" width="20%">Evidence</td>
        <td colspan="1" rowspan="1" width="80%">Access-Control-Allow-Origin: *</td>
      </tr>
      <tr>
        <td colspan="1" rowspan="1" class="indent2" width="20%">Other Info</td>
        <td colspan="1" rowspan="1" width="80%">The CORS misconfiguration on the web server permits cross-domain read requests from arbitrary third party domains, using unauthenticated APIs on this domain. Web browser implementations do not permit arbitrary third parties to read the response from authenticated APIs, however. This reduces the risk somewhat. This misconfiguration could be used by an attacker to access data that is available in an unauthenticated manner, but which uses some other form of security, such as IP address white-listing.</td>
      </tr>
      <tr>
        <td colspan="1" rowspan="1" class="indent1" width="20%">URL</td>
        <td colspan="1" rowspan="1" width="80%">
          <a shape="rect" href="https://www.fairplay.com.bo/api/dataentities/CF/search?_fields=id,imageFlag,idCollection,active,percentage,shippingFree&amp;_where=idCollection=141%20OR%20idCollection=215%20OR%20idCollection=341%20OR%20idCollection=392">https://www.fairplay.com.bo/api/dataentities/CF/search?_fields=id,imageFlag,idCollection,active,percentage,shippingFree&amp;_where=idCollection=141%20OR%20idCollection=215%20OR%20idCollection=341%20OR%20idCollection=392</a>
        </td>
      </tr>
      <tr>
        <td colspan="1" rowspan="1" class="indent2" width="20%">Method</td>
        <td colspan="1" rowspan="1" width="80%">GET</td>
      </tr>
      <tr>
        <td colspan="1" rowspan="1" class="indent2" width="20%">Parameter</td>
        <td colspan="1" rowspan="1" width="80%"/>
      </tr>
      <tr>
        <td colspan="1" rowspan="1" class="indent2" width="20%">Attack</td>
        <td colspan="1" rowspan="1" width="80%"/>
      </tr>
      <tr>
        <td colspan="1" rowspan="1" class="indent2" width="20%">Evidence</td>
        <td colspan="1" rowspan="1" width="80%">Access-Control-Allow-Origin: *</td>
      </tr>
      <tr>
        <td colspan="1" rowspan="1" class="indent2" width="20%">Other Info</td>
        <td colspan="1" rowspan="1" width="80%">The CORS misconfiguration on the web server permits cross-domain read requests from arbitrary third party domains, using unauthenticated APIs on this domain. Web browser implementations do not permit arbitrary third parties to read the response from authenticated APIs, however. This reduces the risk somewhat. This misconfiguration could be used by an attacker to access data that is available in an unauthenticated manner, but which uses some other form of security, such as IP address white-listing.</td>
      </tr>
      <tr>
        <td colspan="1" rowspan="1" class="indent1" width="20%">URL</td>
        <td colspan="1" rowspan="1" width="80%">
          <a shape="rect" href="https://www.fairplay.com.bo/api/dataentities/CF/search?_fields=id,imageFlag,idCollection,active,percentage,shippingFree&amp;_where=idCollection=141%20OR%20idCollection=225%20OR%20idCollection=341%20OR%20idCollection=425">https://www.fairplay.com.bo/api/dataentities/CF/search?_fields=id,imageFlag,idCollection,active,percentage,shippingFree&amp;_where=idCollection=141%20OR%20idCollection=225%20OR%20idCollection=341%20OR%20idCollection=425</a>
        </td>
      </tr>
      <tr>
        <td colspan="1" rowspan="1" class="indent2" width="20%">Method</td>
        <td colspan="1" rowspan="1" width="80%">GET</td>
      </tr>
      <tr>
        <td colspan="1" rowspan="1" class="indent2" width="20%">Parameter</td>
        <td colspan="1" rowspan="1" width="80%"/>
      </tr>
      <tr>
        <td colspan="1" rowspan="1" class="indent2" width="20%">Attack</td>
        <td colspan="1" rowspan="1" width="80%"/>
      </tr>
      <tr>
        <td colspan="1" rowspan="1" class="indent2" width="20%">Evidence</td>
        <td colspan="1" rowspan="1" width="80%">Access-Control-Allow-Origin: *</td>
      </tr>
      <tr>
        <td colspan="1" rowspan="1" class="indent2" width="20%">Other Info</td>
        <td colspan="1" rowspan="1" width="80%">The CORS misconfiguration on the web server permits cross-domain read requests from arbitrary third party domains, using unauthenticated APIs on this domain. Web browser implementations do not permit arbitrary third parties to read the response from authenticated APIs, however. This reduces the risk somewhat. This misconfiguration could be used by an attacker to access data that is available in an unauthenticated manner, but which uses some other form of security, such as IP address white-listing.</td>
      </tr>
      <tr>
        <td colspan="1" rowspan="1" class="indent1" width="20%">URL</td>
        <td colspan="1" rowspan="1" width="80%">
          <a shape="rect" href="https://www.fairplay.com.bo/api/dataentities/CF/search?_fields=id,imageFlag,idCollection,active,percentage,shippingFree&amp;_where=idCollection=141%20OR%20idCollection=307">https://www.fairplay.com.bo/api/dataentities/CF/search?_fields=id,imageFlag,idCollection,active,percentage,shippingFree&amp;_where=idCollection=141%20OR%20idCollection=307</a>
        </td>
      </tr>
      <tr>
        <td colspan="1" rowspan="1" class="indent2" width="20%">Method</td>
        <td colspan="1" rowspan="1" width="80%">GET</td>
      </tr>
      <tr>
        <td colspan="1" rowspan="1" class="indent2" width="20%">Parameter</td>
        <td colspan="1" rowspan="1" width="80%"/>
      </tr>
      <tr>
        <td colspan="1" rowspan="1" class="indent2" width="20%">Attack</td>
        <td colspan="1" rowspan="1" width="80%"/>
      </tr>
      <tr>
        <td colspan="1" rowspan="1" class="indent2" width="20%">Evidence</td>
        <td colspan="1" rowspan="1" width="80%">Access-Control-Allow-Origin: *</td>
      </tr>
      <tr>
        <td colspan="1" rowspan="1" class="indent2" width="20%">Other Info</td>
        <td colspan="1" rowspan="1" width="80%">The CORS misconfiguration on the web server permits cross-domain read requests from arbitrary third party domains, using unauthenticated APIs on this domain. Web browser implementations do not permit arbitrary third parties to read the response from authenticated APIs, however. This reduces the risk somewhat. This misconfiguration could be used by an attacker to access data that is available in an unauthenticated manner, but which uses some other form of security, such as IP address white-listing.</td>
      </tr>
      <tr>
        <td colspan="1" rowspan="1" class="indent1" width="20%">URL</td>
        <td colspan="1" rowspan="1" width="80%">
          <a shape="rect" href="https://www.fairplay.com.bo/api/dataentities/CF/search?_fields=id,imageFlag,idCollection,active,percentage,shippingFree&amp;_where=idCollection=141%20OR%20idCollection=310">https://www.fairplay.com.bo/api/dataentities/CF/search?_fields=id,imageFlag,idCollection,active,percentage,shippingFree&amp;_where=idCollection=141%20OR%20idCollection=310</a>
        </td>
      </tr>
      <tr>
        <td colspan="1" rowspan="1" class="indent2" width="20%">Method</td>
        <td colspan="1" rowspan="1" width="80%">GET</td>
      </tr>
      <tr>
        <td colspan="1" rowspan="1" class="indent2" width="20%">Parameter</td>
        <td colspan="1" rowspan="1" width="80%"/>
      </tr>
      <tr>
        <td colspan="1" rowspan="1" class="indent2" width="20%">Attack</td>
        <td colspan="1" rowspan="1" width="80%"/>
      </tr>
      <tr>
        <td colspan="1" rowspan="1" class="indent2" width="20%">Evidence</td>
        <td colspan="1" rowspan="1" width="80%">Access-Control-Allow-Origin: *</td>
      </tr>
      <tr>
        <td colspan="1" rowspan="1" class="indent2" width="20%">Other Info</td>
        <td colspan="1" rowspan="1" width="80%">The CORS misconfiguration on the web server permits cross-domain read requests from arbitrary third party domains, using unauthenticated APIs on this domain. Web browser implementations do not permit arbitrary third parties to read the response from authenticated APIs, however. This reduces the risk somewhat. This misconfiguration could be used by an attacker to access data that is available in an unauthenticated manner, but which uses some other form of security, such as IP address white-listing.</td>
      </tr>
      <tr>
        <td colspan="1" rowspan="1" class="indent1" width="20%">URL</td>
        <td colspan="1" rowspan="1" width="80%">
          <a shape="rect" href="https://www.fairplay.com.bo/api/dataentities/CF/search?_fields=id,imageFlag,idCollection,active,percentage,shippingFree&amp;_where=idCollection=141%20OR%20idCollection=310%20OR%20idCollection=341%20OR%20idCollection=425">https://www.fairplay.com.bo/api/dataentities/CF/search?_fields=id,imageFlag,idCollection,active,percentage,shippingFree&amp;_where=idCollection=141%20OR%20idCollection=310%20OR%20idCollection=341%20OR%20idCollection=425</a>
        </td>
      </tr>
      <tr>
        <td colspan="1" rowspan="1" class="indent2" width="20%">Method</td>
        <td colspan="1" rowspan="1" width="80%">GET</td>
      </tr>
      <tr>
        <td colspan="1" rowspan="1" class="indent2" width="20%">Parameter</td>
        <td colspan="1" rowspan="1" width="80%"/>
      </tr>
      <tr>
        <td colspan="1" rowspan="1" class="indent2" width="20%">Attack</td>
        <td colspan="1" rowspan="1" width="80%"/>
      </tr>
      <tr>
        <td colspan="1" rowspan="1" class="indent2" width="20%">Evidence</td>
        <td colspan="1" rowspan="1" width="80%">Access-Control-Allow-Origin: *</td>
      </tr>
      <tr>
        <td colspan="1" rowspan="1" class="indent2" width="20%">Other Info</td>
        <td colspan="1" rowspan="1" width="80%">The CORS misconfiguration on the web server permits cross-domain read requests from arbitrary third party domains, using unauthenticated APIs on this domain. Web browser implementations do not permit arbitrary third parties to read the response from authenticated APIs, however. This reduces the risk somewhat. This misconfiguration could be used by an attacker to access data that is available in an unauthenticated manner, but which uses some other form of security, such as IP address white-listing.</td>
      </tr>
      <tr>
        <td colspan="1" rowspan="1" class="indent1" width="20%">URL</td>
        <td colspan="1" rowspan="1" width="80%">
          <a shape="rect" href="https://www.fairplay.com.bo/api/dataentities/CF/search?_fields=id,imageFlag,idCollection,active,percentage,shippingFree&amp;_where=idCollection=141%20OR%20idCollection=335">https://www.fairplay.com.bo/api/dataentities/CF/search?_fields=id,imageFlag,idCollection,active,percentage,shippingFree&amp;_where=idCollection=141%20OR%20idCollection=335</a>
        </td>
      </tr>
      <tr>
        <td colspan="1" rowspan="1" class="indent2" width="20%">Method</td>
        <td colspan="1" rowspan="1" width="80%">GET</td>
      </tr>
      <tr>
        <td colspan="1" rowspan="1" class="indent2" width="20%">Parameter</td>
        <td colspan="1" rowspan="1" width="80%"/>
      </tr>
      <tr>
        <td colspan="1" rowspan="1" class="indent2" width="20%">Attack</td>
        <td colspan="1" rowspan="1" width="80%"/>
      </tr>
      <tr>
        <td colspan="1" rowspan="1" class="indent2" width="20%">Evidence</td>
        <td colspan="1" rowspan="1" width="80%">Access-Control-Allow-Origin: *</td>
      </tr>
      <tr>
        <td colspan="1" rowspan="1" class="indent2" width="20%">Other Info</td>
        <td colspan="1" rowspan="1" width="80%">The CORS misconfiguration on the web server permits cross-domain read requests from arbitrary third party domains, using unauthenticated APIs on this domain. Web browser implementations do not permit arbitrary third parties to read the response from authenticated APIs, however. This reduces the risk somewhat. This misconfiguration could be used by an attacker to access data that is available in an unauthenticated manner, but which uses some other form of security, such as IP address white-listing.</td>
      </tr>
      <tr>
        <td colspan="1" rowspan="1" class="indent1" width="20%">URL</td>
        <td colspan="1" rowspan="1" width="80%">
          <a shape="rect" href="https://www.fairplay.com.bo/api/dataentities/CF/search?_fields=id,imageFlag,idCollection,active,percentage,shippingFree&amp;_where=idCollection=141%20OR%20idCollection=335%20OR%20idCollection=341%20OR%20idCollection=392">https://www.fairplay.com.bo/api/dataentities/CF/search?_fields=id,imageFlag,idCollection,active,percentage,shippingFree&amp;_where=idCollection=141%20OR%20idCollection=335%20OR%20idCollection=341%20OR%20idCollection=392</a>
        </td>
      </tr>
      <tr>
        <td colspan="1" rowspan="1" class="indent2" width="20%">Method</td>
        <td colspan="1" rowspan="1" width="80%">GET</td>
      </tr>
      <tr>
        <td colspan="1" rowspan="1" class="indent2" width="20%">Parameter</td>
        <td colspan="1" rowspan="1" width="80%"/>
      </tr>
      <tr>
        <td colspan="1" rowspan="1" class="indent2" width="20%">Attack</td>
        <td colspan="1" rowspan="1" width="80%"/>
      </tr>
      <tr>
        <td colspan="1" rowspan="1" class="indent2" width="20%">Evidence</td>
        <td colspan="1" rowspan="1" width="80%">Access-Control-Allow-Origin: *</td>
      </tr>
      <tr>
        <td colspan="1" rowspan="1" class="indent2" width="20%">Other Info</td>
        <td colspan="1" rowspan="1" width="80%">The CORS misconfiguration on the web server permits cross-domain read requests from arbitrary third party domains, using unauthenticated APIs on this domain. Web browser implementations do not permit arbitrary third parties to read the response from authenticated APIs, however. This reduces the risk somewhat. This misconfiguration could be used by an attacker to access data that is available in an unauthenticated manner, but which uses some other form of security, such as IP address white-listing.</td>
      </tr>
      <tr>
        <td colspan="1" rowspan="1" class="indent1" width="20%">URL</td>
        <td colspan="1" rowspan="1" width="80%">
          <a shape="rect" href="https://www.fairplay.com.bo/api/dataentities/CF/search?_fields=id,imageFlag,idCollection,active,percentage,shippingFree&amp;_where=idCollection=141%20OR%20idCollection=335%20OR%20idCollection=392">https://www.fairplay.com.bo/api/dataentities/CF/search?_fields=id,imageFlag,idCollection,active,percentage,shippingFree&amp;_where=idCollection=141%20OR%20idCollection=335%20OR%20idCollection=392</a>
        </td>
      </tr>
      <tr>
        <td colspan="1" rowspan="1" class="indent2" width="20%">Method</td>
        <td colspan="1" rowspan="1" width="80%">GET</td>
      </tr>
      <tr>
        <td colspan="1" rowspan="1" class="indent2" width="20%">Parameter</td>
        <td colspan="1" rowspan="1" width="80%"/>
      </tr>
      <tr>
        <td colspan="1" rowspan="1" class="indent2" width="20%">Attack</td>
        <td colspan="1" rowspan="1" width="80%"/>
      </tr>
      <tr>
        <td colspan="1" rowspan="1" class="indent2" width="20%">Evidence</td>
        <td colspan="1" rowspan="1" width="80%">Access-Control-Allow-Origin: *</td>
      </tr>
      <tr>
        <td colspan="1" rowspan="1" class="indent2" width="20%">Other Info</td>
        <td colspan="1" rowspan="1" width="80%">The CORS misconfiguration on the web server permits cross-domain read requests from arbitrary third party domains, using unauthenticated APIs on this domain. Web browser implementations do not permit arbitrary third parties to read the response from authenticated APIs, however. This reduces the risk somewhat. This misconfiguration could be used by an attacker to access data that is available in an unauthenticated manner, but which uses some other form of security, such as IP address white-listing.</td>
      </tr>
      <tr>
        <td colspan="1" rowspan="1" class="indent1" width="20%">URL</td>
        <td colspan="1" rowspan="1" width="80%">
          <a shape="rect" href="https://www.fairplay.com.bo/api/dataentities/CF/search?_fields=id,imageFlag,idCollection,active,percentage,shippingFree&amp;_where=idCollection=141%20OR%20idCollection=337">https://www.fairplay.com.bo/api/dataentities/CF/search?_fields=id,imageFlag,idCollection,active,percentage,shippingFree&amp;_where=idCollection=141%20OR%20idCollection=337</a>
        </td>
      </tr>
      <tr>
        <td colspan="1" rowspan="1" class="indent2" width="20%">Method</td>
        <td colspan="1" rowspan="1" width="80%">GET</td>
      </tr>
      <tr>
        <td colspan="1" rowspan="1" class="indent2" width="20%">Parameter</td>
        <td colspan="1" rowspan="1" width="80%"/>
      </tr>
      <tr>
        <td colspan="1" rowspan="1" class="indent2" width="20%">Attack</td>
        <td colspan="1" rowspan="1" width="80%"/>
      </tr>
      <tr>
        <td colspan="1" rowspan="1" class="indent2" width="20%">Evidence</td>
        <td colspan="1" rowspan="1" width="80%">Access-Control-Allow-Origin: *</td>
      </tr>
      <tr>
        <td colspan="1" rowspan="1" class="indent2" width="20%">Other Info</td>
        <td colspan="1" rowspan="1" width="80%">The CORS misconfiguration on the web server permits cross-domain read requests from arbitrary third party domains, using unauthenticated APIs on this domain. Web browser implementations do not permit arbitrary third parties to read the response from authenticated APIs, however. This reduces the risk somewhat. This misconfiguration could be used by an attacker to access data that is available in an unauthenticated manner, but which uses some other form of security, such as IP address white-listing.</td>
      </tr>
      <tr>
        <td colspan="1" rowspan="1" class="indent1" width="20%">URL</td>
        <td colspan="1" rowspan="1" width="80%">
          <a shape="rect" href="https://www.fairplay.com.bo/api/dataentities/CF/search?_fields=id,imageFlag,idCollection,active,percentage,shippingFree&amp;_where=idCollection=141%20OR%20idCollection=337%20OR%20idCollection=392">https://www.fairplay.com.bo/api/dataentities/CF/search?_fields=id,imageFlag,idCollection,active,percentage,shippingFree&amp;_where=idCollection=141%20OR%20idCollection=337%20OR%20idCollection=392</a>
        </td>
      </tr>
      <tr>
        <td colspan="1" rowspan="1" class="indent2" width="20%">Method</td>
        <td colspan="1" rowspan="1" width="80%">GET</td>
      </tr>
      <tr>
        <td colspan="1" rowspan="1" class="indent2" width="20%">Parameter</td>
        <td colspan="1" rowspan="1" width="80%"/>
      </tr>
      <tr>
        <td colspan="1" rowspan="1" class="indent2" width="20%">Attack</td>
        <td colspan="1" rowspan="1" width="80%"/>
      </tr>
      <tr>
        <td colspan="1" rowspan="1" class="indent2" width="20%">Evidence</td>
        <td colspan="1" rowspan="1" width="80%">Access-Control-Allow-Origin: *</td>
      </tr>
      <tr>
        <td colspan="1" rowspan="1" class="indent2" width="20%">Other Info</td>
        <td colspan="1" rowspan="1" width="80%">The CORS misconfiguration on the web server permits cross-domain read requests from arbitrary third party domains, using unauthenticated APIs on this domain. Web browser implementations do not permit arbitrary third parties to read the response from authenticated APIs, however. This reduces the risk somewhat. This misconfiguration could be used by an attacker to access data that is available in an unauthenticated manner, but which uses some other form of security, such as IP address white-listing.</td>
      </tr>
      <tr>
        <td colspan="1" rowspan="1" class="indent1" width="20%">URL</td>
        <td colspan="1" rowspan="1" width="80%">
          <a shape="rect" href="https://www.fairplay.com.bo/api/dataentities/CF/search?_fields=id,imageFlag,idCollection,active,percentage,shippingFree&amp;_where=idCollection=141%20OR%20idCollection=341%20OR%20idCollection=392%20OR%20idCollection=425">https://www.fairplay.com.bo/api/dataentities/CF/search?_fields=id,imageFlag,idCollection,active,percentage,shippingFree&amp;_where=idCollection=141%20OR%20idCollection=341%20OR%20idCollection=392%20OR%20idCollection=425</a>
        </td>
      </tr>
      <tr>
        <td colspan="1" rowspan="1" class="indent2" width="20%">Method</td>
        <td colspan="1" rowspan="1" width="80%">GET</td>
      </tr>
      <tr>
        <td colspan="1" rowspan="1" class="indent2" width="20%">Parameter</td>
        <td colspan="1" rowspan="1" width="80%"/>
      </tr>
      <tr>
        <td colspan="1" rowspan="1" class="indent2" width="20%">Attack</td>
        <td colspan="1" rowspan="1" width="80%"/>
      </tr>
      <tr>
        <td colspan="1" rowspan="1" class="indent2" width="20%">Evidence</td>
        <td colspan="1" rowspan="1" width="80%">Access-Control-Allow-Origin: *</td>
      </tr>
      <tr>
        <td colspan="1" rowspan="1" class="indent2" width="20%">Other Info</td>
        <td colspan="1" rowspan="1" width="80%">The CORS misconfiguration on the web server permits cross-domain read requests from arbitrary third party domains, using unauthenticated APIs on this domain. Web browser implementations do not permit arbitrary third parties to read the response from authenticated APIs, however. This reduces the risk somewhat. This misconfiguration could be used by an attacker to access data that is available in an unauthenticated manner, but which uses some other form of security, such as IP address white-listing.</td>
      </tr>
      <tr>
        <td colspan="1" rowspan="1" class="indent1" width="20%">URL</td>
        <td colspan="1" rowspan="1" width="80%">
          <a shape="rect" href="https://www.fairplay.com.bo/api/dataentities/CF/search?_fields=id,imageFlag,idCollection,active,percentage,shippingFree&amp;_where=idCollection=141%20OR%20idCollection=348">https://www.fairplay.com.bo/api/dataentities/CF/search?_fields=id,imageFlag,idCollection,active,percentage,shippingFree&amp;_where=idCollection=141%20OR%20idCollection=348</a>
        </td>
      </tr>
      <tr>
        <td colspan="1" rowspan="1" class="indent2" width="20%">Method</td>
        <td colspan="1" rowspan="1" width="80%">GET</td>
      </tr>
      <tr>
        <td colspan="1" rowspan="1" class="indent2" width="20%">Parameter</td>
        <td colspan="1" rowspan="1" width="80%"/>
      </tr>
      <tr>
        <td colspan="1" rowspan="1" class="indent2" width="20%">Attack</td>
        <td colspan="1" rowspan="1" width="80%"/>
      </tr>
      <tr>
        <td colspan="1" rowspan="1" class="indent2" width="20%">Evidence</td>
        <td colspan="1" rowspan="1" width="80%">Access-Control-Allow-Origin: *</td>
      </tr>
      <tr>
        <td colspan="1" rowspan="1" class="indent2" width="20%">Other Info</td>
        <td colspan="1" rowspan="1" width="80%">The CORS misconfiguration on the web server permits cross-domain read requests from arbitrary third party domains, using unauthenticated APIs on this domain. Web browser implementations do not permit arbitrary third parties to read the response from authenticated APIs, however. This reduces the risk somewhat. This misconfiguration could be used by an attacker to access data that is available in an unauthenticated manner, but which uses some other form of security, such as IP address white-listing.</td>
      </tr>
      <tr>
        <td colspan="1" rowspan="1" class="indent1" width="20%">URL</td>
        <td colspan="1" rowspan="1" width="80%">
          <a shape="rect" href="https://www.fairplay.com.bo/api/dataentities/CF/search?_fields=id,imageFlag,idCollection,active,percentage,shippingFree&amp;_where=idCollection=141%20OR%20idCollection=392">https://www.fairplay.com.bo/api/dataentities/CF/search?_fields=id,imageFlag,idCollection,active,percentage,shippingFree&amp;_where=idCollection=141%20OR%20idCollection=392</a>
        </td>
      </tr>
      <tr>
        <td colspan="1" rowspan="1" class="indent2" width="20%">Method</td>
        <td colspan="1" rowspan="1" width="80%">GET</td>
      </tr>
      <tr>
        <td colspan="1" rowspan="1" class="indent2" width="20%">Parameter</td>
        <td colspan="1" rowspan="1" width="80%"/>
      </tr>
      <tr>
        <td colspan="1" rowspan="1" class="indent2" width="20%">Attack</td>
        <td colspan="1" rowspan="1" width="80%"/>
      </tr>
      <tr>
        <td colspan="1" rowspan="1" class="indent2" width="20%">Evidence</td>
        <td colspan="1" rowspan="1" width="80%">Access-Control-Allow-Origin: *</td>
      </tr>
      <tr>
        <td colspan="1" rowspan="1" class="indent2" width="20%">Other Info</td>
        <td colspan="1" rowspan="1" width="80%">The CORS misconfiguration on the web server permits cross-domain read requests from arbitrary third party domains, using unauthenticated APIs on this domain. Web browser implementations do not permit arbitrary third parties to read the response from authenticated APIs, however. This reduces the risk somewhat. This misconfiguration could be used by an attacker to access data that is available in an unauthenticated manner, but which uses some other form of security, such as IP address white-listing.</td>
      </tr>
      <tr>
        <td colspan="1" rowspan="1" class="indent1" width="20%">URL</td>
        <td colspan="1" rowspan="1" width="80%">
          <a shape="rect" href="https://www.fairplay.com.bo/api/dataentities/CF/search?_fields=id,imageFlag,idCollection,active,percentage,shippingFree&amp;_where=idCollection=141%20OR%20idCollection=439">https://www.fairplay.com.bo/api/dataentities/CF/search?_fields=id,imageFlag,idCollection,active,percentage,shippingFree&amp;_where=idCollection=141%20OR%20idCollection=439</a>
        </td>
      </tr>
      <tr>
        <td colspan="1" rowspan="1" class="indent2" width="20%">Method</td>
        <td colspan="1" rowspan="1" width="80%">GET</td>
      </tr>
      <tr>
        <td colspan="1" rowspan="1" class="indent2" width="20%">Parameter</td>
        <td colspan="1" rowspan="1" width="80%"/>
      </tr>
      <tr>
        <td colspan="1" rowspan="1" class="indent2" width="20%">Attack</td>
        <td colspan="1" rowspan="1" width="80%"/>
      </tr>
      <tr>
        <td colspan="1" rowspan="1" class="indent2" width="20%">Evidence</td>
        <td colspan="1" rowspan="1" width="80%">Access-Control-Allow-Origin: *</td>
      </tr>
      <tr>
        <td colspan="1" rowspan="1" class="indent2" width="20%">Other Info</td>
        <td colspan="1" rowspan="1" width="80%">The CORS misconfiguration on the web server permits cross-domain read requests from arbitrary third party domains, using unauthenticated APIs on this domain. Web browser implementations do not permit arbitrary third parties to read the response from authenticated APIs, however. This reduces the risk somewhat. This misconfiguration could be used by an attacker to access data that is available in an unauthenticated manner, but which uses some other form of security, such as IP address white-listing.</td>
      </tr>
      <tr>
        <td colspan="1" rowspan="1" class="indent1" width="20%">URL</td>
        <td colspan="1" rowspan="1" width="80%">
          <a shape="rect" href="https://www.fairplay.com.bo/api/dataentities/CF/search?_fields=id,imageFlag,idCollection,active,percentage,shippingFree&amp;_where=idCollection=142">https://www.fairplay.com.bo/api/dataentities/CF/search?_fields=id,imageFlag,idCollection,active,percentage,shippingFree&amp;_where=idCollection=142</a>
        </td>
      </tr>
      <tr>
        <td colspan="1" rowspan="1" class="indent2" width="20%">Method</td>
        <td colspan="1" rowspan="1" width="80%">GET</td>
      </tr>
      <tr>
        <td colspan="1" rowspan="1" class="indent2" width="20%">Parameter</td>
        <td colspan="1" rowspan="1" width="80%"/>
      </tr>
      <tr>
        <td colspan="1" rowspan="1" class="indent2" width="20%">Attack</td>
        <td colspan="1" rowspan="1" width="80%"/>
      </tr>
      <tr>
        <td colspan="1" rowspan="1" class="indent2" width="20%">Evidence</td>
        <td colspan="1" rowspan="1" width="80%">Access-Control-Allow-Origin: *</td>
      </tr>
      <tr>
        <td colspan="1" rowspan="1" class="indent2" width="20%">Other Info</td>
        <td colspan="1" rowspan="1" width="80%">The CORS misconfiguration on the web server permits cross-domain read requests from arbitrary third party domains, using unauthenticated APIs on this domain. Web browser implementations do not permit arbitrary third parties to read the response from authenticated APIs, however. This reduces the risk somewhat. This misconfiguration could be used by an attacker to access data that is available in an unauthenticated manner, but which uses some other form of security, such as IP address white-listing.</td>
      </tr>
      <tr>
        <td colspan="1" rowspan="1" class="indent1" width="20%">URL</td>
        <td colspan="1" rowspan="1" width="80%">
          <a shape="rect" href="https://www.fairplay.com.bo/api/dataentities/CF/search?_fields=id,imageFlag,idCollection,active,percentage,shippingFree&amp;_where=idCollection=142%20OR%20idCollection=335">https://www.fairplay.com.bo/api/dataentities/CF/search?_fields=id,imageFlag,idCollection,active,percentage,shippingFree&amp;_where=idCollection=142%20OR%20idCollection=335</a>
        </td>
      </tr>
      <tr>
        <td colspan="1" rowspan="1" class="indent2" width="20%">Method</td>
        <td colspan="1" rowspan="1" width="80%">GET</td>
      </tr>
      <tr>
        <td colspan="1" rowspan="1" class="indent2" width="20%">Parameter</td>
        <td colspan="1" rowspan="1" width="80%"/>
      </tr>
      <tr>
        <td colspan="1" rowspan="1" class="indent2" width="20%">Attack</td>
        <td colspan="1" rowspan="1" width="80%"/>
      </tr>
      <tr>
        <td colspan="1" rowspan="1" class="indent2" width="20%">Evidence</td>
        <td colspan="1" rowspan="1" width="80%">Access-Control-Allow-Origin: *</td>
      </tr>
      <tr>
        <td colspan="1" rowspan="1" class="indent2" width="20%">Other Info</td>
        <td colspan="1" rowspan="1" width="80%">The CORS misconfiguration on the web server permits cross-domain read requests from arbitrary third party domains, using unauthenticated APIs on this domain. Web browser implementations do not permit arbitrary third parties to read the response from authenticated APIs, however. This reduces the risk somewhat. This misconfiguration could be used by an attacker to access data that is available in an unauthenticated manner, but which uses some other form of security, such as IP address white-listing.</td>
      </tr>
      <tr>
        <td colspan="1" rowspan="1" class="indent1" width="20%">URL</td>
        <td colspan="1" rowspan="1" width="80%">
          <a shape="rect" href="https://www.fairplay.com.bo/api/dataentities/CF/search?_fields=id,imageFlag,idCollection,active,percentage,shippingFree&amp;_where=idCollection=142%20OR%20idCollection=335%20OR%20idCollection=392">https://www.fairplay.com.bo/api/dataentities/CF/search?_fields=id,imageFlag,idCollection,active,percentage,shippingFree&amp;_where=idCollection=142%20OR%20idCollection=335%20OR%20idCollection=392</a>
        </td>
      </tr>
      <tr>
        <td colspan="1" rowspan="1" class="indent2" width="20%">Method</td>
        <td colspan="1" rowspan="1" width="80%">GET</td>
      </tr>
      <tr>
        <td colspan="1" rowspan="1" class="indent2" width="20%">Parameter</td>
        <td colspan="1" rowspan="1" width="80%"/>
      </tr>
      <tr>
        <td colspan="1" rowspan="1" class="indent2" width="20%">Attack</td>
        <td colspan="1" rowspan="1" width="80%"/>
      </tr>
      <tr>
        <td colspan="1" rowspan="1" class="indent2" width="20%">Evidence</td>
        <td colspan="1" rowspan="1" width="80%">Access-Control-Allow-Origin: *</td>
      </tr>
      <tr>
        <td colspan="1" rowspan="1" class="indent2" width="20%">Other Info</td>
        <td colspan="1" rowspan="1" width="80%">The CORS misconfiguration on the web server permits cross-domain read requests from arbitrary third party domains, using unauthenticated APIs on this domain. Web browser implementations do not permit arbitrary third parties to read the response from authenticated APIs, however. This reduces the risk somewhat. This misconfiguration could be used by an attacker to access data that is available in an unauthenticated manner, but which uses some other form of security, such as IP address white-listing.</td>
      </tr>
      <tr>
        <td colspan="1" rowspan="1" class="indent1" width="20%">URL</td>
        <td colspan="1" rowspan="1" width="80%">
          <a shape="rect" href="https://www.fairplay.com.bo/api/dataentities/CF/search?_fields=id,imageFlag,idCollection,active,percentage,shippingFree&amp;_where=idCollection=142%20OR%20idCollection=341%20OR%20idCollection=392%20OR%20idCollection=425">https://www.fairplay.com.bo/api/dataentities/CF/search?_fields=id,imageFlag,idCollection,active,percentage,shippingFree&amp;_where=idCollection=142%20OR%20idCollection=341%20OR%20idCollection=392%20OR%20idCollection=425</a>
        </td>
      </tr>
      <tr>
        <td colspan="1" rowspan="1" class="indent2" width="20%">Method</td>
        <td colspan="1" rowspan="1" width="80%">GET</td>
      </tr>
      <tr>
        <td colspan="1" rowspan="1" class="indent2" width="20%">Parameter</td>
        <td colspan="1" rowspan="1" width="80%"/>
      </tr>
      <tr>
        <td colspan="1" rowspan="1" class="indent2" width="20%">Attack</td>
        <td colspan="1" rowspan="1" width="80%"/>
      </tr>
      <tr>
        <td colspan="1" rowspan="1" class="indent2" width="20%">Evidence</td>
        <td colspan="1" rowspan="1" width="80%">Access-Control-Allow-Origin: *</td>
      </tr>
      <tr>
        <td colspan="1" rowspan="1" class="indent2" width="20%">Other Info</td>
        <td colspan="1" rowspan="1" width="80%">The CORS misconfiguration on the web server permits cross-domain read requests from arbitrary third party domains, using unauthenticated APIs on this domain. Web browser implementations do not permit arbitrary third parties to read the response from authenticated APIs, however. This reduces the risk somewhat. This misconfiguration could be used by an attacker to access data that is available in an unauthenticated manner, but which uses some other form of security, such as IP address white-listing.</td>
      </tr>
      <tr>
        <td colspan="1" rowspan="1" class="indent1" width="20%">URL</td>
        <td colspan="1" rowspan="1" width="80%">
          <a shape="rect" href="https://www.fairplay.com.bo/api/dataentities/CF/search?_fields=id,imageFlag,idCollection,active,percentage,shippingFree&amp;_where=idCollection=142%20OR%20idCollection=392%20OR%20idCollection=425">https://www.fairplay.com.bo/api/dataentities/CF/search?_fields=id,imageFlag,idCollection,active,percentage,shippingFree&amp;_where=idCollection=142%20OR%20idCollection=392%20OR%20idCollection=425</a>
        </td>
      </tr>
      <tr>
        <td colspan="1" rowspan="1" class="indent2" width="20%">Method</td>
        <td colspan="1" rowspan="1" width="80%">GET</td>
      </tr>
      <tr>
        <td colspan="1" rowspan="1" class="indent2" width="20%">Parameter</td>
        <td colspan="1" rowspan="1" width="80%"/>
      </tr>
      <tr>
        <td colspan="1" rowspan="1" class="indent2" width="20%">Attack</td>
        <td colspan="1" rowspan="1" width="80%"/>
      </tr>
      <tr>
        <td colspan="1" rowspan="1" class="indent2" width="20%">Evidence</td>
        <td colspan="1" rowspan="1" width="80%">Access-Control-Allow-Origin: *</td>
      </tr>
      <tr>
        <td colspan="1" rowspan="1" class="indent2" width="20%">Other Info</td>
        <td colspan="1" rowspan="1" width="80%">The CORS misconfiguration on the web server permits cross-domain read requests from arbitrary third party domains, using unauthenticated APIs on this domain. Web browser implementations do not permit arbitrary third parties to read the response from authenticated APIs, however. This reduces the risk somewhat. This misconfiguration could be used by an attacker to access data that is available in an unauthenticated manner, but which uses some other form of security, such as IP address white-listing.</td>
      </tr>
      <tr>
        <td colspan="1" rowspan="1" class="indent1" width="20%">URL</td>
        <td colspan="1" rowspan="1" width="80%">
          <a shape="rect" href="https://www.fairplay.com.bo/api/dataentities/CF/search?_fields=id,imageFlag,idCollection,active,percentage,shippingFree&amp;_where=idCollection=142%20OR%20idCollection=425">https://www.fairplay.com.bo/api/dataentities/CF/search?_fields=id,imageFlag,idCollection,active,percentage,shippingFree&amp;_where=idCollection=142%20OR%20idCollection=425</a>
        </td>
      </tr>
      <tr>
        <td colspan="1" rowspan="1" class="indent2" width="20%">Method</td>
        <td colspan="1" rowspan="1" width="80%">GET</td>
      </tr>
      <tr>
        <td colspan="1" rowspan="1" class="indent2" width="20%">Parameter</td>
        <td colspan="1" rowspan="1" width="80%"/>
      </tr>
      <tr>
        <td colspan="1" rowspan="1" class="indent2" width="20%">Attack</td>
        <td colspan="1" rowspan="1" width="80%"/>
      </tr>
      <tr>
        <td colspan="1" rowspan="1" class="indent2" width="20%">Evidence</td>
        <td colspan="1" rowspan="1" width="80%">Access-Control-Allow-Origin: *</td>
      </tr>
      <tr>
        <td colspan="1" rowspan="1" class="indent2" width="20%">Other Info</td>
        <td colspan="1" rowspan="1" width="80%">The CORS misconfiguration on the web server permits cross-domain read requests from arbitrary third party domains, using unauthenticated APIs on this domain. Web browser implementations do not permit arbitrary third parties to read the response from authenticated APIs, however. This reduces the risk somewhat. This misconfiguration could be used by an attacker to access data that is available in an unauthenticated manner, but which uses some other form of security, such as IP address white-listing.</td>
      </tr>
      <tr>
        <td colspan="1" rowspan="1" class="indent1" width="20%">URL</td>
        <td colspan="1" rowspan="1" width="80%">
          <a shape="rect" href="https://www.fairplay.com.bo/api/dataentities/CF/search?_fields=id,imageFlag,idCollection,active,percentage,shippingFree&amp;_where=idCollection=144%20OR%20idCollection=167%20OR%20idCollection=335%20OR%20idCollection=341%20OR%20idCollection=425">https://www.fairplay.com.bo/api/dataentities/CF/search?_fields=id,imageFlag,idCollection,active,percentage,shippingFree&amp;_where=idCollection=144%20OR%20idCollection=167%20OR%20idCollection=335%20OR%20idCollection=341%20OR%20idCollection=425</a>
        </td>
      </tr>
      <tr>
        <td colspan="1" rowspan="1" class="indent2" width="20%">Method</td>
        <td colspan="1" rowspan="1" width="80%">GET</td>
      </tr>
      <tr>
        <td colspan="1" rowspan="1" class="indent2" width="20%">Parameter</td>
        <td colspan="1" rowspan="1" width="80%"/>
      </tr>
      <tr>
        <td colspan="1" rowspan="1" class="indent2" width="20%">Attack</td>
        <td colspan="1" rowspan="1" width="80%"/>
      </tr>
      <tr>
        <td colspan="1" rowspan="1" class="indent2" width="20%">Evidence</td>
        <td colspan="1" rowspan="1" width="80%">Access-Control-Allow-Origin: *</td>
      </tr>
      <tr>
        <td colspan="1" rowspan="1" class="indent2" width="20%">Other Info</td>
        <td colspan="1" rowspan="1" width="80%">The CORS misconfiguration on the web server permits cross-domain read requests from arbitrary third party domains, using unauthenticated APIs on this domain. Web browser implementations do not permit arbitrary third parties to read the response from authenticated APIs, however. This reduces the risk somewhat. This misconfiguration could be used by an attacker to access data that is available in an unauthenticated manner, but which uses some other form of security, such as IP address white-listing.</td>
      </tr>
      <tr>
        <td colspan="1" rowspan="1" class="indent1" width="20%">URL</td>
        <td colspan="1" rowspan="1" width="80%">
          <a shape="rect" href="https://www.fairplay.com.bo/api/dataentities/CF/search?_fields=id,imageFlag,idCollection,active,percentage,shippingFree&amp;_where=idCollection=144%20OR%20idCollection=167%20OR%20idCollection=341%20OR%20idCollection=425">https://www.fairplay.com.bo/api/dataentities/CF/search?_fields=id,imageFlag,idCollection,active,percentage,shippingFree&amp;_where=idCollection=144%20OR%20idCollection=167%20OR%20idCollection=341%20OR%20idCollection=425</a>
        </td>
      </tr>
      <tr>
        <td colspan="1" rowspan="1" class="indent2" width="20%">Method</td>
        <td colspan="1" rowspan="1" width="80%">GET</td>
      </tr>
      <tr>
        <td colspan="1" rowspan="1" class="indent2" width="20%">Parameter</td>
        <td colspan="1" rowspan="1" width="80%"/>
      </tr>
      <tr>
        <td colspan="1" rowspan="1" class="indent2" width="20%">Attack</td>
        <td colspan="1" rowspan="1" width="80%"/>
      </tr>
      <tr>
        <td colspan="1" rowspan="1" class="indent2" width="20%">Evidence</td>
        <td colspan="1" rowspan="1" width="80%">Access-Control-Allow-Origin: *</td>
      </tr>
      <tr>
        <td colspan="1" rowspan="1" class="indent2" width="20%">Other Info</td>
        <td colspan="1" rowspan="1" width="80%">The CORS misconfiguration on the web server permits cross-domain read requests from arbitrary third party domains, using unauthenticated APIs on this domain. Web browser implementations do not permit arbitrary third parties to read the response from authenticated APIs, however. This reduces the risk somewhat. This misconfiguration could be used by an attacker to access data that is available in an unauthenticated manner, but which uses some other form of security, such as IP address white-listing.</td>
      </tr>
      <tr>
        <td colspan="1" rowspan="1" class="indent1" width="20%">URL</td>
        <td colspan="1" rowspan="1" width="80%">
          <a shape="rect" href="https://www.fairplay.com.bo/api/dataentities/CF/search?_fields=id,imageFlag,idCollection,active,percentage,shippingFree&amp;_where=idCollection=144%20OR%20idCollection=335%20OR%20idCollection=425">https://www.fairplay.com.bo/api/dataentities/CF/search?_fields=id,imageFlag,idCollection,active,percentage,shippingFree&amp;_where=idCollection=144%20OR%20idCollection=335%20OR%20idCollection=425</a>
        </td>
      </tr>
      <tr>
        <td colspan="1" rowspan="1" class="indent2" width="20%">Method</td>
        <td colspan="1" rowspan="1" width="80%">GET</td>
      </tr>
      <tr>
        <td colspan="1" rowspan="1" class="indent2" width="20%">Parameter</td>
        <td colspan="1" rowspan="1" width="80%"/>
      </tr>
      <tr>
        <td colspan="1" rowspan="1" class="indent2" width="20%">Attack</td>
        <td colspan="1" rowspan="1" width="80%"/>
      </tr>
      <tr>
        <td colspan="1" rowspan="1" class="indent2" width="20%">Evidence</td>
        <td colspan="1" rowspan="1" width="80%">Access-Control-Allow-Origin: *</td>
      </tr>
      <tr>
        <td colspan="1" rowspan="1" class="indent2" width="20%">Other Info</td>
        <td colspan="1" rowspan="1" width="80%">The CORS misconfiguration on the web server permits cross-domain read requests from arbitrary third party domains, using unauthenticated APIs on this domain. Web browser implementations do not permit arbitrary third parties to read the response from authenticated APIs, however. This reduces the risk somewhat. This misconfiguration could be used by an attacker to access data that is available in an unauthenticated manner, but which uses some other form of security, such as IP address white-listing.</td>
      </tr>
      <tr>
        <td colspan="1" rowspan="1" class="indent1" width="20%">URL</td>
        <td colspan="1" rowspan="1" width="80%">
          <a shape="rect" href="https://www.fairplay.com.bo/api/dataentities/CF/search?_fields=id,imageFlag,idCollection,active,percentage,shippingFree&amp;_where=idCollection=144%20OR%20idCollection=341%20OR%20idCollection=401%20OR%20idCollection=425">https://www.fairplay.com.bo/api/dataentities/CF/search?_fields=id,imageFlag,idCollection,active,percentage,shippingFree&amp;_where=idCollection=144%20OR%20idCollection=341%20OR%20idCollection=401%20OR%20idCollection=425</a>
        </td>
      </tr>
      <tr>
        <td colspan="1" rowspan="1" class="indent2" width="20%">Method</td>
        <td colspan="1" rowspan="1" width="80%">GET</td>
      </tr>
      <tr>
        <td colspan="1" rowspan="1" class="indent2" width="20%">Parameter</td>
        <td colspan="1" rowspan="1" width="80%"/>
      </tr>
      <tr>
        <td colspan="1" rowspan="1" class="indent2" width="20%">Attack</td>
        <td colspan="1" rowspan="1" width="80%"/>
      </tr>
      <tr>
        <td colspan="1" rowspan="1" class="indent2" width="20%">Evidence</td>
        <td colspan="1" rowspan="1" width="80%">Access-Control-Allow-Origin: *</td>
      </tr>
      <tr>
        <td colspan="1" rowspan="1" class="indent2" width="20%">Other Info</td>
        <td colspan="1" rowspan="1" width="80%">The CORS misconfiguration on the web server permits cross-domain read requests from arbitrary third party domains, using unauthenticated APIs on this domain. Web browser implementations do not permit arbitrary third parties to read the response from authenticated APIs, however. This reduces the risk somewhat. This misconfiguration could be used by an attacker to access data that is available in an unauthenticated manner, but which uses some other form of security, such as IP address white-listing.</td>
      </tr>
      <tr>
        <td colspan="1" rowspan="1" class="indent1" width="20%">URL</td>
        <td colspan="1" rowspan="1" width="80%">
          <a shape="rect" href="https://www.fairplay.com.bo/api/dataentities/CF/search?_fields=id,imageFlag,idCollection,active,percentage,shippingFree&amp;_where=idCollection=149%20OR%20idCollection=178%20OR%20idCollection=192%20OR%20idCollection=209%20OR%20idCollection=341%20OR%20idCollection=425">https://www.fairplay.com.bo/api/dataentities/CF/search?_fields=id,imageFlag,idCollection,active,percentage,shippingFree&amp;_where=idCollection=149%20OR%20idCollection=178%20OR%20idCollection=192%20OR%20idCollection=209%20OR%20idCollection=341%20OR%20idCollection=425</a>
        </td>
      </tr>
      <tr>
        <td colspan="1" rowspan="1" class="indent2" width="20%">Method</td>
        <td colspan="1" rowspan="1" width="80%">GET</td>
      </tr>
      <tr>
        <td colspan="1" rowspan="1" class="indent2" width="20%">Parameter</td>
        <td colspan="1" rowspan="1" width="80%"/>
      </tr>
      <tr>
        <td colspan="1" rowspan="1" class="indent2" width="20%">Attack</td>
        <td colspan="1" rowspan="1" width="80%"/>
      </tr>
      <tr>
        <td colspan="1" rowspan="1" class="indent2" width="20%">Evidence</td>
        <td colspan="1" rowspan="1" width="80%">Access-Control-Allow-Origin: *</td>
      </tr>
      <tr>
        <td colspan="1" rowspan="1" class="indent2" width="20%">Other Info</td>
        <td colspan="1" rowspan="1" width="80%">The CORS misconfiguration on the web server permits cross-domain read requests from arbitrary third party domains, using unauthenticated APIs on this domain. Web browser implementations do not permit arbitrary third parties to read the response from authenticated APIs, however. This reduces the risk somewhat. This misconfiguration could be used by an attacker to access data that is available in an unauthenticated manner, but which uses some other form of security, such as IP address white-listing.</td>
      </tr>
      <tr>
        <td colspan="1" rowspan="1" class="indent1" width="20%">URL</td>
        <td colspan="1" rowspan="1" width="80%">
          <a shape="rect" href="https://www.fairplay.com.bo/api/dataentities/CF/search?_fields=id,imageFlag,idCollection,active,percentage,shippingFree&amp;_where=idCollection=149%20OR%20idCollection=192">https://www.fairplay.com.bo/api/dataentities/CF/search?_fields=id,imageFlag,idCollection,active,percentage,shippingFree&amp;_where=idCollection=149%20OR%20idCollection=192</a>
        </td>
      </tr>
      <tr>
        <td colspan="1" rowspan="1" class="indent2" width="20%">Method</td>
        <td colspan="1" rowspan="1" width="80%">GET</td>
      </tr>
      <tr>
        <td colspan="1" rowspan="1" class="indent2" width="20%">Parameter</td>
        <td colspan="1" rowspan="1" width="80%"/>
      </tr>
      <tr>
        <td colspan="1" rowspan="1" class="indent2" width="20%">Attack</td>
        <td colspan="1" rowspan="1" width="80%"/>
      </tr>
      <tr>
        <td colspan="1" rowspan="1" class="indent2" width="20%">Evidence</td>
        <td colspan="1" rowspan="1" width="80%">Access-Control-Allow-Origin: *</td>
      </tr>
      <tr>
        <td colspan="1" rowspan="1" class="indent2" width="20%">Other Info</td>
        <td colspan="1" rowspan="1" width="80%">The CORS misconfiguration on the web server permits cross-domain read requests from arbitrary third party domains, using unauthenticated APIs on this domain. Web browser implementations do not permit arbitrary third parties to read the response from authenticated APIs, however. This reduces the risk somewhat. This misconfiguration could be used by an attacker to access data that is available in an unauthenticated manner, but which uses some other form of security, such as IP address white-listing.</td>
      </tr>
      <tr>
        <td colspan="1" rowspan="1" class="indent1" width="20%">URL</td>
        <td colspan="1" rowspan="1" width="80%">
          <a shape="rect" href="https://www.fairplay.com.bo/api/dataentities/CF/search?_fields=id,imageFlag,idCollection,active,percentage,shippingFree&amp;_where=idCollection=149%20OR%20idCollection=312%20OR%20idCollection=341%20OR%20idCollection=425">https://www.fairplay.com.bo/api/dataentities/CF/search?_fields=id,imageFlag,idCollection,active,percentage,shippingFree&amp;_where=idCollection=149%20OR%20idCollection=312%20OR%20idCollection=341%20OR%20idCollection=425</a>
        </td>
      </tr>
      <tr>
        <td colspan="1" rowspan="1" class="indent2" width="20%">Method</td>
        <td colspan="1" rowspan="1" width="80%">GET</td>
      </tr>
      <tr>
        <td colspan="1" rowspan="1" class="indent2" width="20%">Parameter</td>
        <td colspan="1" rowspan="1" width="80%"/>
      </tr>
      <tr>
        <td colspan="1" rowspan="1" class="indent2" width="20%">Attack</td>
        <td colspan="1" rowspan="1" width="80%"/>
      </tr>
      <tr>
        <td colspan="1" rowspan="1" class="indent2" width="20%">Evidence</td>
        <td colspan="1" rowspan="1" width="80%">Access-Control-Allow-Origin: *</td>
      </tr>
      <tr>
        <td colspan="1" rowspan="1" class="indent2" width="20%">Other Info</td>
        <td colspan="1" rowspan="1" width="80%">The CORS misconfiguration on the web server permits cross-domain read requests from arbitrary third party domains, using unauthenticated APIs on this domain. Web browser implementations do not permit arbitrary third parties to read the response from authenticated APIs, however. This reduces the risk somewhat. This misconfiguration could be used by an attacker to access data that is available in an unauthenticated manner, but which uses some other form of security, such as IP address white-listing.</td>
      </tr>
      <tr>
        <td colspan="1" rowspan="1" class="indent1" width="20%">URL</td>
        <td colspan="1" rowspan="1" width="80%">
          <a shape="rect" href="https://www.fairplay.com.bo/api/dataentities/CF/search?_fields=id,imageFlag,idCollection,active,percentage,shippingFree&amp;_where=idCollection=149%20OR%20idCollection=341%20OR%20idCollection=425">https://www.fairplay.com.bo/api/dataentities/CF/search?_fields=id,imageFlag,idCollection,active,percentage,shippingFree&amp;_where=idCollection=149%20OR%20idCollection=341%20OR%20idCollection=425</a>
        </td>
      </tr>
      <tr>
        <td colspan="1" rowspan="1" class="indent2" width="20%">Method</td>
        <td colspan="1" rowspan="1" width="80%">GET</td>
      </tr>
      <tr>
        <td colspan="1" rowspan="1" class="indent2" width="20%">Parameter</td>
        <td colspan="1" rowspan="1" width="80%"/>
      </tr>
      <tr>
        <td colspan="1" rowspan="1" class="indent2" width="20%">Attack</td>
        <td colspan="1" rowspan="1" width="80%"/>
      </tr>
      <tr>
        <td colspan="1" rowspan="1" class="indent2" width="20%">Evidence</td>
        <td colspan="1" rowspan="1" width="80%">Access-Control-Allow-Origin: *</td>
      </tr>
      <tr>
        <td colspan="1" rowspan="1" class="indent2" width="20%">Other Info</td>
        <td colspan="1" rowspan="1" width="80%">The CORS misconfiguration on the web server permits cross-domain read requests from arbitrary third party domains, using unauthenticated APIs on this domain. Web browser implementations do not permit arbitrary third parties to read the response from authenticated APIs, however. This reduces the risk somewhat. This misconfiguration could be used by an attacker to access data that is available in an unauthenticated manner, but which uses some other form of security, such as IP address white-listing.</td>
      </tr>
      <tr>
        <td colspan="1" rowspan="1" class="indent1" width="20%">URL</td>
        <td colspan="1" rowspan="1" width="80%">
          <a shape="rect" href="https://www.fairplay.com.bo/api/dataentities/CF/search?_fields=id,imageFlag,idCollection,active,percentage,shippingFree&amp;_where=idCollection=167%20OR%20idCollection=341%20OR%20idCollection=370%20OR%20idCollection=371%20OR%20idCollection=425">https://www.fairplay.com.bo/api/dataentities/CF/search?_fields=id,imageFlag,idCollection,active,percentage,shippingFree&amp;_where=idCollection=167%20OR%20idCollection=341%20OR%20idCollection=370%20OR%20idCollection=371%20OR%20idCollection=425</a>
        </td>
      </tr>
      <tr>
        <td colspan="1" rowspan="1" class="indent2" width="20%">Method</td>
        <td colspan="1" rowspan="1" width="80%">GET</td>
      </tr>
      <tr>
        <td colspan="1" rowspan="1" class="indent2" width="20%">Parameter</td>
        <td colspan="1" rowspan="1" width="80%"/>
      </tr>
      <tr>
        <td colspan="1" rowspan="1" class="indent2" width="20%">Attack</td>
        <td colspan="1" rowspan="1" width="80%"/>
      </tr>
      <tr>
        <td colspan="1" rowspan="1" class="indent2" width="20%">Evidence</td>
        <td colspan="1" rowspan="1" width="80%">Access-Control-Allow-Origin: *</td>
      </tr>
      <tr>
        <td colspan="1" rowspan="1" class="indent2" width="20%">Other Info</td>
        <td colspan="1" rowspan="1" width="80%">The CORS misconfiguration on the web server permits cross-domain read requests from arbitrary third party domains, using unauthenticated APIs on this domain. Web browser implementations do not permit arbitrary third parties to read the response from authenticated APIs, however. This reduces the risk somewhat. This misconfiguration could be used by an attacker to access data that is available in an unauthenticated manner, but which uses some other form of security, such as IP address white-listing.</td>
      </tr>
      <tr>
        <td colspan="1" rowspan="1" class="indent1" width="20%">URL</td>
        <td colspan="1" rowspan="1" width="80%">
          <a shape="rect" href="https://www.fairplay.com.bo/api/dataentities/CF/search?_fields=id,imageFlag,idCollection,active,percentage,shippingFree&amp;_where=idCollection=167%20OR%20idCollection=341%20OR%20idCollection=425">https://www.fairplay.com.bo/api/dataentities/CF/search?_fields=id,imageFlag,idCollection,active,percentage,shippingFree&amp;_where=idCollection=167%20OR%20idCollection=341%20OR%20idCollection=425</a>
        </td>
      </tr>
      <tr>
        <td colspan="1" rowspan="1" class="indent2" width="20%">Method</td>
        <td colspan="1" rowspan="1" width="80%">GET</td>
      </tr>
      <tr>
        <td colspan="1" rowspan="1" class="indent2" width="20%">Parameter</td>
        <td colspan="1" rowspan="1" width="80%"/>
      </tr>
      <tr>
        <td colspan="1" rowspan="1" class="indent2" width="20%">Attack</td>
        <td colspan="1" rowspan="1" width="80%"/>
      </tr>
      <tr>
        <td colspan="1" rowspan="1" class="indent2" width="20%">Evidence</td>
        <td colspan="1" rowspan="1" width="80%">Access-Control-Allow-Origin: *</td>
      </tr>
      <tr>
        <td colspan="1" rowspan="1" class="indent2" width="20%">Other Info</td>
        <td colspan="1" rowspan="1" width="80%">The CORS misconfiguration on the web server permits cross-domain read requests from arbitrary third party domains, using unauthenticated APIs on this domain. Web browser implementations do not permit arbitrary third parties to read the response from authenticated APIs, however. This reduces the risk somewhat. This misconfiguration could be used by an attacker to access data that is available in an unauthenticated manner, but which uses some other form of security, such as IP address white-listing.</td>
      </tr>
      <tr>
        <td colspan="1" rowspan="1" class="indent1" width="20%">URL</td>
        <td colspan="1" rowspan="1" width="80%">
          <a shape="rect" href="https://www.fairplay.com.bo/api/dataentities/CF/search?_fields=id,imageFlag,idCollection,active,percentage,shippingFree&amp;_where=idCollection=174">https://www.fairplay.com.bo/api/dataentities/CF/search?_fields=id,imageFlag,idCollection,active,percentage,shippingFree&amp;_where=idCollection=174</a>
        </td>
      </tr>
      <tr>
        <td colspan="1" rowspan="1" class="indent2" width="20%">Method</td>
        <td colspan="1" rowspan="1" width="80%">GET</td>
      </tr>
      <tr>
        <td colspan="1" rowspan="1" class="indent2" width="20%">Parameter</td>
        <td colspan="1" rowspan="1" width="80%"/>
      </tr>
      <tr>
        <td colspan="1" rowspan="1" class="indent2" width="20%">Attack</td>
        <td colspan="1" rowspan="1" width="80%"/>
      </tr>
      <tr>
        <td colspan="1" rowspan="1" class="indent2" width="20%">Evidence</td>
        <td colspan="1" rowspan="1" width="80%">Access-Control-Allow-Origin: *</td>
      </tr>
      <tr>
        <td colspan="1" rowspan="1" class="indent2" width="20%">Other Info</td>
        <td colspan="1" rowspan="1" width="80%">The CORS misconfiguration on the web server permits cross-domain read requests from arbitrary third party domains, using unauthenticated APIs on this domain. Web browser implementations do not permit arbitrary third parties to read the response from authenticated APIs, however. This reduces the risk somewhat. This misconfiguration could be used by an attacker to access data that is available in an unauthenticated manner, but which uses some other form of security, such as IP address white-listing.</td>
      </tr>
      <tr>
        <td colspan="1" rowspan="1" class="indent1" width="20%">URL</td>
        <td colspan="1" rowspan="1" width="80%">
          <a shape="rect" href="https://www.fairplay.com.bo/api/dataentities/CF/search?_fields=id,imageFlag,idCollection,active,percentage,shippingFree&amp;_where=idCollection=174%20OR%20idCollection=260%20OR%20idCollection=286%20OR%20idCollection=341%20OR%20idCollection=392%20OR%20idCollection=425">https://www.fairplay.com.bo/api/dataentities/CF/search?_fields=id,imageFlag,idCollection,active,percentage,shippingFree&amp;_where=idCollection=174%20OR%20idCollection=260%20OR%20idCollection=286%20OR%20idCollection=341%20OR%20idCollection=392%20OR%20idCollection=425</a>
        </td>
      </tr>
      <tr>
        <td colspan="1" rowspan="1" class="indent2" width="20%">Method</td>
        <td colspan="1" rowspan="1" width="80%">GET</td>
      </tr>
      <tr>
        <td colspan="1" rowspan="1" class="indent2" width="20%">Parameter</td>
        <td colspan="1" rowspan="1" width="80%"/>
      </tr>
      <tr>
        <td colspan="1" rowspan="1" class="indent2" width="20%">Attack</td>
        <td colspan="1" rowspan="1" width="80%"/>
      </tr>
      <tr>
        <td colspan="1" rowspan="1" class="indent2" width="20%">Evidence</td>
        <td colspan="1" rowspan="1" width="80%">Access-Control-Allow-Origin: *</td>
      </tr>
      <tr>
        <td colspan="1" rowspan="1" class="indent2" width="20%">Other Info</td>
        <td colspan="1" rowspan="1" width="80%">The CORS misconfiguration on the web server permits cross-domain read requests from arbitrary third party domains, using unauthenticated APIs on this domain. Web browser implementations do not permit arbitrary third parties to read the response from authenticated APIs, however. This reduces the risk somewhat. This misconfiguration could be used by an attacker to access data that is available in an unauthenticated manner, but which uses some other form of security, such as IP address white-listing.</td>
      </tr>
      <tr>
        <td colspan="1" rowspan="1" class="indent1" width="20%">URL</td>
        <td colspan="1" rowspan="1" width="80%">
          <a shape="rect" href="https://www.fairplay.com.bo/api/dataentities/CF/search?_fields=id,imageFlag,idCollection,active,percentage,shippingFree&amp;_where=idCollection=174%20OR%20idCollection=341%20OR%20idCollection=355%20OR%20idCollection=392%20OR%20idCollection=425">https://www.fairplay.com.bo/api/dataentities/CF/search?_fields=id,imageFlag,idCollection,active,percentage,shippingFree&amp;_where=idCollection=174%20OR%20idCollection=341%20OR%20idCollection=355%20OR%20idCollection=392%20OR%20idCollection=425</a>
        </td>
      </tr>
      <tr>
        <td colspan="1" rowspan="1" class="indent2" width="20%">Method</td>
        <td colspan="1" rowspan="1" width="80%">GET</td>
      </tr>
      <tr>
        <td colspan="1" rowspan="1" class="indent2" width="20%">Parameter</td>
        <td colspan="1" rowspan="1" width="80%"/>
      </tr>
      <tr>
        <td colspan="1" rowspan="1" class="indent2" width="20%">Attack</td>
        <td colspan="1" rowspan="1" width="80%"/>
      </tr>
      <tr>
        <td colspan="1" rowspan="1" class="indent2" width="20%">Evidence</td>
        <td colspan="1" rowspan="1" width="80%">Access-Control-Allow-Origin: *</td>
      </tr>
      <tr>
        <td colspan="1" rowspan="1" class="indent2" width="20%">Other Info</td>
        <td colspan="1" rowspan="1" width="80%">The CORS misconfiguration on the web server permits cross-domain read requests from arbitrary third party domains, using unauthenticated APIs on this domain. Web browser implementations do not permit arbitrary third parties to read the response from authenticated APIs, however. This reduces the risk somewhat. This misconfiguration could be used by an attacker to access data that is available in an unauthenticated manner, but which uses some other form of security, such as IP address white-listing.</td>
      </tr>
      <tr>
        <td colspan="1" rowspan="1" class="indent1" width="20%">URL</td>
        <td colspan="1" rowspan="1" width="80%">
          <a shape="rect" href="https://www.fairplay.com.bo/api/dataentities/CF/search?_fields=id,imageFlag,idCollection,active,percentage,shippingFree&amp;_where=idCollection=174%20OR%20idCollection=355">https://www.fairplay.com.bo/api/dataentities/CF/search?_fields=id,imageFlag,idCollection,active,percentage,shippingFree&amp;_where=idCollection=174%20OR%20idCollection=355</a>
        </td>
      </tr>
      <tr>
        <td colspan="1" rowspan="1" class="indent2" width="20%">Method</td>
        <td colspan="1" rowspan="1" width="80%">GET</td>
      </tr>
      <tr>
        <td colspan="1" rowspan="1" class="indent2" width="20%">Parameter</td>
        <td colspan="1" rowspan="1" width="80%"/>
      </tr>
      <tr>
        <td colspan="1" rowspan="1" class="indent2" width="20%">Attack</td>
        <td colspan="1" rowspan="1" width="80%"/>
      </tr>
      <tr>
        <td colspan="1" rowspan="1" class="indent2" width="20%">Evidence</td>
        <td colspan="1" rowspan="1" width="80%">Access-Control-Allow-Origin: *</td>
      </tr>
      <tr>
        <td colspan="1" rowspan="1" class="indent2" width="20%">Other Info</td>
        <td colspan="1" rowspan="1" width="80%">The CORS misconfiguration on the web server permits cross-domain read requests from arbitrary third party domains, using unauthenticated APIs on this domain. Web browser implementations do not permit arbitrary third parties to read the response from authenticated APIs, however. This reduces the risk somewhat. This misconfiguration could be used by an attacker to access data that is available in an unauthenticated manner, but which uses some other form of security, such as IP address white-listing.</td>
      </tr>
      <tr>
        <td colspan="1" rowspan="1" class="indent1" width="20%">URL</td>
        <td colspan="1" rowspan="1" width="80%">
          <a shape="rect" href="https://www.fairplay.com.bo/api/dataentities/CF/search?_fields=id,imageFlag,idCollection,active,percentage,shippingFree&amp;_where=idCollection=174%20OR%20idCollection=418">https://www.fairplay.com.bo/api/dataentities/CF/search?_fields=id,imageFlag,idCollection,active,percentage,shippingFree&amp;_where=idCollection=174%20OR%20idCollection=418</a>
        </td>
      </tr>
      <tr>
        <td colspan="1" rowspan="1" class="indent2" width="20%">Method</td>
        <td colspan="1" rowspan="1" width="80%">GET</td>
      </tr>
      <tr>
        <td colspan="1" rowspan="1" class="indent2" width="20%">Parameter</td>
        <td colspan="1" rowspan="1" width="80%"/>
      </tr>
      <tr>
        <td colspan="1" rowspan="1" class="indent2" width="20%">Attack</td>
        <td colspan="1" rowspan="1" width="80%"/>
      </tr>
      <tr>
        <td colspan="1" rowspan="1" class="indent2" width="20%">Evidence</td>
        <td colspan="1" rowspan="1" width="80%">Access-Control-Allow-Origin: *</td>
      </tr>
      <tr>
        <td colspan="1" rowspan="1" class="indent2" width="20%">Other Info</td>
        <td colspan="1" rowspan="1" width="80%">The CORS misconfiguration on the web server permits cross-domain read requests from arbitrary third party domains, using unauthenticated APIs on this domain. Web browser implementations do not permit arbitrary third parties to read the response from authenticated APIs, however. This reduces the risk somewhat. This misconfiguration could be used by an attacker to access data that is available in an unauthenticated manner, but which uses some other form of security, such as IP address white-listing.</td>
      </tr>
      <tr>
        <td colspan="1" rowspan="1" class="indent1" width="20%">URL</td>
        <td colspan="1" rowspan="1" width="80%">
          <a shape="rect" href="https://www.fairplay.com.bo/api/dataentities/CF/search?_fields=id,imageFlag,idCollection,active,percentage,shippingFree&amp;_where=idCollection=201">https://www.fairplay.com.bo/api/dataentities/CF/search?_fields=id,imageFlag,idCollection,active,percentage,shippingFree&amp;_where=idCollection=201</a>
        </td>
      </tr>
      <tr>
        <td colspan="1" rowspan="1" class="indent2" width="20%">Method</td>
        <td colspan="1" rowspan="1" width="80%">GET</td>
      </tr>
      <tr>
        <td colspan="1" rowspan="1" class="indent2" width="20%">Parameter</td>
        <td colspan="1" rowspan="1" width="80%"/>
      </tr>
      <tr>
        <td colspan="1" rowspan="1" class="indent2" width="20%">Attack</td>
        <td colspan="1" rowspan="1" width="80%"/>
      </tr>
      <tr>
        <td colspan="1" rowspan="1" class="indent2" width="20%">Evidence</td>
        <td colspan="1" rowspan="1" width="80%">Access-Control-Allow-Origin: *</td>
      </tr>
      <tr>
        <td colspan="1" rowspan="1" class="indent2" width="20%">Other Info</td>
        <td colspan="1" rowspan="1" width="80%">The CORS misconfiguration on the web server permits cross-domain read requests from arbitrary third party domains, using unauthenticated APIs on this domain. Web browser implementations do not permit arbitrary third parties to read the response from authenticated APIs, however. This reduces the risk somewhat. This misconfiguration could be used by an attacker to access data that is available in an unauthenticated manner, but which uses some other form of security, such as IP address white-listing.</td>
      </tr>
      <tr>
        <td colspan="1" rowspan="1" class="indent1" width="20%">URL</td>
        <td colspan="1" rowspan="1" width="80%">
          <a shape="rect" href="https://www.fairplay.com.bo/api/dataentities/CF/search?_fields=id,imageFlag,idCollection,active,percentage,shippingFree&amp;_where=idCollection=233%20OR%20idCollection=341%20OR%20idCollection=392%20OR%20idCollection=425">https://www.fairplay.com.bo/api/dataentities/CF/search?_fields=id,imageFlag,idCollection,active,percentage,shippingFree&amp;_where=idCollection=233%20OR%20idCollection=341%20OR%20idCollection=392%20OR%20idCollection=425</a>
        </td>
      </tr>
      <tr>
        <td colspan="1" rowspan="1" class="indent2" width="20%">Method</td>
        <td colspan="1" rowspan="1" width="80%">GET</td>
      </tr>
      <tr>
        <td colspan="1" rowspan="1" class="indent2" width="20%">Parameter</td>
        <td colspan="1" rowspan="1" width="80%"/>
      </tr>
      <tr>
        <td colspan="1" rowspan="1" class="indent2" width="20%">Attack</td>
        <td colspan="1" rowspan="1" width="80%"/>
      </tr>
      <tr>
        <td colspan="1" rowspan="1" class="indent2" width="20%">Evidence</td>
        <td colspan="1" rowspan="1" width="80%">Access-Control-Allow-Origin: *</td>
      </tr>
      <tr>
        <td colspan="1" rowspan="1" class="indent2" width="20%">Other Info</td>
        <td colspan="1" rowspan="1" width="80%">The CORS misconfiguration on the web server permits cross-domain read requests from arbitrary third party domains, using unauthenticated APIs on this domain. Web browser implementations do not permit arbitrary third parties to read the response from authenticated APIs, however. This reduces the risk somewhat. This misconfiguration could be used by an attacker to access data that is available in an unauthenticated manner, but which uses some other form of security, such as IP address white-listing.</td>
      </tr>
      <tr>
        <td colspan="1" rowspan="1" class="indent1" width="20%">URL</td>
        <td colspan="1" rowspan="1" width="80%">
          <a shape="rect" href="https://www.fairplay.com.bo/api/dataentities/CF/search?_fields=id,imageFlag,idCollection,active,percentage,shippingFree&amp;_where=idCollection=251%20OR%20idCollection=261%20OR%20idCollection=292%20OR%20idCollection=392">https://www.fairplay.com.bo/api/dataentities/CF/search?_fields=id,imageFlag,idCollection,active,percentage,shippingFree&amp;_where=idCollection=251%20OR%20idCollection=261%20OR%20idCollection=292%20OR%20idCollection=392</a>
        </td>
      </tr>
      <tr>
        <td colspan="1" rowspan="1" class="indent2" width="20%">Method</td>
        <td colspan="1" rowspan="1" width="80%">GET</td>
      </tr>
      <tr>
        <td colspan="1" rowspan="1" class="indent2" width="20%">Parameter</td>
        <td colspan="1" rowspan="1" width="80%"/>
      </tr>
      <tr>
        <td colspan="1" rowspan="1" class="indent2" width="20%">Attack</td>
        <td colspan="1" rowspan="1" width="80%"/>
      </tr>
      <tr>
        <td colspan="1" rowspan="1" class="indent2" width="20%">Evidence</td>
        <td colspan="1" rowspan="1" width="80%">Access-Control-Allow-Origin: *</td>
      </tr>
      <tr>
        <td colspan="1" rowspan="1" class="indent2" width="20%">Other Info</td>
        <td colspan="1" rowspan="1" width="80%">The CORS misconfiguration on the web server permits cross-domain read requests from arbitrary third party domains, using unauthenticated APIs on this domain. Web browser implementations do not permit arbitrary third parties to read the response from authenticated APIs, however. This reduces the risk somewhat. This misconfiguration could be used by an attacker to access data that is available in an unauthenticated manner, but which uses some other form of security, such as IP address white-listing.</td>
      </tr>
      <tr>
        <td colspan="1" rowspan="1" class="indent1" width="20%">URL</td>
        <td colspan="1" rowspan="1" width="80%">
          <a shape="rect" href="https://www.fairplay.com.bo/api/dataentities/CF/search?_fields=id,imageFlag,idCollection,active,percentage,shippingFree&amp;_where=idCollection=335%20OR%20idCollection=392">https://www.fairplay.com.bo/api/dataentities/CF/search?_fields=id,imageFlag,idCollection,active,percentage,shippingFree&amp;_where=idCollection=335%20OR%20idCollection=392</a>
        </td>
      </tr>
      <tr>
        <td colspan="1" rowspan="1" class="indent2" width="20%">Method</td>
        <td colspan="1" rowspan="1" width="80%">GET</td>
      </tr>
      <tr>
        <td colspan="1" rowspan="1" class="indent2" width="20%">Parameter</td>
        <td colspan="1" rowspan="1" width="80%"/>
      </tr>
      <tr>
        <td colspan="1" rowspan="1" class="indent2" width="20%">Attack</td>
        <td colspan="1" rowspan="1" width="80%"/>
      </tr>
      <tr>
        <td colspan="1" rowspan="1" class="indent2" width="20%">Evidence</td>
        <td colspan="1" rowspan="1" width="80%">Access-Control-Allow-Origin: *</td>
      </tr>
      <tr>
        <td colspan="1" rowspan="1" class="indent2" width="20%">Other Info</td>
        <td colspan="1" rowspan="1" width="80%">The CORS misconfiguration on the web server permits cross-domain read requests from arbitrary third party domains, using unauthenticated APIs on this domain. Web browser implementations do not permit arbitrary third parties to read the response from authenticated APIs, however. This reduces the risk somewhat. This misconfiguration could be used by an attacker to access data that is available in an unauthenticated manner, but which uses some other form of security, such as IP address white-listing.</td>
      </tr>
      <tr>
        <td colspan="1" rowspan="1" class="indent1" width="20%">URL</td>
        <td colspan="1" rowspan="1" width="80%">
          <a shape="rect" href="https://www.fairplay.com.bo/api/dataentities/CF/search?_fields=id,imageFlag,idCollection,active,percentage,shippingFree&amp;_where=idCollection=341%20OR%20idCollection=392%20OR%20idCollection=425">https://www.fairplay.com.bo/api/dataentities/CF/search?_fields=id,imageFlag,idCollection,active,percentage,shippingFree&amp;_where=idCollection=341%20OR%20idCollection=392%20OR%20idCollection=425</a>
        </td>
      </tr>
      <tr>
        <td colspan="1" rowspan="1" class="indent2" width="20%">Method</td>
        <td colspan="1" rowspan="1" width="80%">GET</td>
      </tr>
      <tr>
        <td colspan="1" rowspan="1" class="indent2" width="20%">Parameter</td>
        <td colspan="1" rowspan="1" width="80%"/>
      </tr>
      <tr>
        <td colspan="1" rowspan="1" class="indent2" width="20%">Attack</td>
        <td colspan="1" rowspan="1" width="80%"/>
      </tr>
      <tr>
        <td colspan="1" rowspan="1" class="indent2" width="20%">Evidence</td>
        <td colspan="1" rowspan="1" width="80%">Access-Control-Allow-Origin: *</td>
      </tr>
      <tr>
        <td colspan="1" rowspan="1" class="indent2" width="20%">Other Info</td>
        <td colspan="1" rowspan="1" width="80%">The CORS misconfiguration on the web server permits cross-domain read requests from arbitrary third party domains, using unauthenticated APIs on this domain. Web browser implementations do not permit arbitrary third parties to read the response from authenticated APIs, however. This reduces the risk somewhat. This misconfiguration could be used by an attacker to access data that is available in an unauthenticated manner, but which uses some other form of security, such as IP address white-listing.</td>
      </tr>
      <tr>
        <td colspan="1" rowspan="1" class="indent1" width="20%">URL</td>
        <td colspan="1" rowspan="1" width="80%">
          <a shape="rect" href="https://www.fairplay.com.bo/api/dataentities/CF/search?_fields=id,imageFlag,idCollection,active,percentage,shippingFree&amp;_where=idCollection=341%20OR%20idCollection=425">https://www.fairplay.com.bo/api/dataentities/CF/search?_fields=id,imageFlag,idCollection,active,percentage,shippingFree&amp;_where=idCollection=341%20OR%20idCollection=425</a>
        </td>
      </tr>
      <tr>
        <td colspan="1" rowspan="1" class="indent2" width="20%">Method</td>
        <td colspan="1" rowspan="1" width="80%">GET</td>
      </tr>
      <tr>
        <td colspan="1" rowspan="1" class="indent2" width="20%">Parameter</td>
        <td colspan="1" rowspan="1" width="80%"/>
      </tr>
      <tr>
        <td colspan="1" rowspan="1" class="indent2" width="20%">Attack</td>
        <td colspan="1" rowspan="1" width="80%"/>
      </tr>
      <tr>
        <td colspan="1" rowspan="1" class="indent2" width="20%">Evidence</td>
        <td colspan="1" rowspan="1" width="80%">Access-Control-Allow-Origin: *</td>
      </tr>
      <tr>
        <td colspan="1" rowspan="1" class="indent2" width="20%">Other Info</td>
        <td colspan="1" rowspan="1" width="80%">The CORS misconfiguration on the web server permits cross-domain read requests from arbitrary third party domains, using unauthenticated APIs on this domain. Web browser implementations do not permit arbitrary third parties to read the response from authenticated APIs, however. This reduces the risk somewhat. This misconfiguration could be used by an attacker to access data that is available in an unauthenticated manner, but which uses some other form of security, such as IP address white-listing.</td>
      </tr>
      <tr>
        <td colspan="1" rowspan="1" class="indent1" width="20%">URL</td>
        <td colspan="1" rowspan="1" width="80%">
          <a shape="rect" href="https://www.fairplay.com.bo/api/dataentities/CF/search?_fields=id,imageFlag,idCollection,active,percentage,shippingFree&amp;_where=idCollection=362">https://www.fairplay.com.bo/api/dataentities/CF/search?_fields=id,imageFlag,idCollection,active,percentage,shippingFree&amp;_where=idCollection=362</a>
        </td>
      </tr>
      <tr>
        <td colspan="1" rowspan="1" class="indent2" width="20%">Method</td>
        <td colspan="1" rowspan="1" width="80%">GET</td>
      </tr>
      <tr>
        <td colspan="1" rowspan="1" class="indent2" width="20%">Parameter</td>
        <td colspan="1" rowspan="1" width="80%"/>
      </tr>
      <tr>
        <td colspan="1" rowspan="1" class="indent2" width="20%">Attack</td>
        <td colspan="1" rowspan="1" width="80%"/>
      </tr>
      <tr>
        <td colspan="1" rowspan="1" class="indent2" width="20%">Evidence</td>
        <td colspan="1" rowspan="1" width="80%">Access-Control-Allow-Origin: *</td>
      </tr>
      <tr>
        <td colspan="1" rowspan="1" class="indent2" width="20%">Other Info</td>
        <td colspan="1" rowspan="1" width="80%">The CORS misconfiguration on the web server permits cross-domain read requests from arbitrary third party domains, using unauthenticated APIs on this domain. Web browser implementations do not permit arbitrary third parties to read the response from authenticated APIs, however. This reduces the risk somewhat. This misconfiguration could be used by an attacker to access data that is available in an unauthenticated manner, but which uses some other form of security, such as IP address white-listing.</td>
      </tr>
      <tr>
        <td colspan="1" rowspan="1" class="indent1" width="20%">URL</td>
        <td colspan="1" rowspan="1" width="80%">
          <a shape="rect" href="https://www.fairplay.com.bo/api/dataentities/CF/search?_fields=id,imageFlag,idCollection,active,percentage,shippingFree&amp;_where=idCollection=392">https://www.fairplay.com.bo/api/dataentities/CF/search?_fields=id,imageFlag,idCollection,active,percentage,shippingFree&amp;_where=idCollection=392</a>
        </td>
      </tr>
      <tr>
        <td colspan="1" rowspan="1" class="indent2" width="20%">Method</td>
        <td colspan="1" rowspan="1" width="80%">GET</td>
      </tr>
      <tr>
        <td colspan="1" rowspan="1" class="indent2" width="20%">Parameter</td>
        <td colspan="1" rowspan="1" width="80%"/>
      </tr>
      <tr>
        <td colspan="1" rowspan="1" class="indent2" width="20%">Attack</td>
        <td colspan="1" rowspan="1" width="80%"/>
      </tr>
      <tr>
        <td colspan="1" rowspan="1" class="indent2" width="20%">Evidence</td>
        <td colspan="1" rowspan="1" width="80%">Access-Control-Allow-Origin: *</td>
      </tr>
      <tr>
        <td colspan="1" rowspan="1" class="indent2" width="20%">Other Info</td>
        <td colspan="1" rowspan="1" width="80%">The CORS misconfiguration on the web server permits cross-domain read requests from arbitrary third party domains, using unauthenticated APIs on this domain. Web browser implementations do not permit arbitrary third parties to read the response from authenticated APIs, however. This reduces the risk somewhat. This misconfiguration could be used by an attacker to access data that is available in an unauthenticated manner, but which uses some other form of security, such as IP address white-listing.</td>
      </tr>
      <tr>
        <td colspan="1" rowspan="1" class="indent1" width="20%">URL</td>
        <td colspan="1" rowspan="1" width="80%">
          <a shape="rect" href="https://www.fairplay.com.bo/api/dataentities/CF/search?_fields=id,imageFlag,idCollection,active,percentage,shippingFree&amp;_where=idCollection=425">https://www.fairplay.com.bo/api/dataentities/CF/search?_fields=id,imageFlag,idCollection,active,percentage,shippingFree&amp;_where=idCollection=425</a>
        </td>
      </tr>
      <tr>
        <td colspan="1" rowspan="1" class="indent2" width="20%">Method</td>
        <td colspan="1" rowspan="1" width="80%">GET</td>
      </tr>
      <tr>
        <td colspan="1" rowspan="1" class="indent2" width="20%">Parameter</td>
        <td colspan="1" rowspan="1" width="80%"/>
      </tr>
      <tr>
        <td colspan="1" rowspan="1" class="indent2" width="20%">Attack</td>
        <td colspan="1" rowspan="1" width="80%"/>
      </tr>
      <tr>
        <td colspan="1" rowspan="1" class="indent2" width="20%">Evidence</td>
        <td colspan="1" rowspan="1" width="80%">Access-Control-Allow-Origin: *</td>
      </tr>
      <tr>
        <td colspan="1" rowspan="1" class="indent2" width="20%">Other Info</td>
        <td colspan="1" rowspan="1" width="80%">The CORS misconfiguration on the web server permits cross-domain read requests from arbitrary third party domains, using unauthenticated APIs on this domain. Web browser implementations do not permit arbitrary third parties to read the response from authenticated APIs, however. This reduces the risk somewhat. This misconfiguration could be used by an attacker to access data that is available in an unauthenticated manner, but which uses some other form of security, such as IP address white-listing.</td>
      </tr>
      <tr>
        <td colspan="1" rowspan="1" class="indent1" width="20%">URL</td>
        <td colspan="1" rowspan="1" width="80%">
          <a shape="rect" href="https://www.googletagmanager.com/gtag/js?id=G-SFH0QC082B&amp;l=dataLayer&amp;cx=c">https://www.googletagmanager.com/gtag/js?id=G-SFH0QC082B&amp;l=dataLayer&amp;cx=c</a>
        </td>
      </tr>
      <tr>
        <td colspan="1" rowspan="1" class="indent2" width="20%">Method</td>
        <td colspan="1" rowspan="1" width="80%">GET</td>
      </tr>
      <tr>
        <td colspan="1" rowspan="1" class="indent2" width="20%">Parameter</td>
        <td colspan="1" rowspan="1" width="80%"/>
      </tr>
      <tr>
        <td colspan="1" rowspan="1" class="indent2" width="20%">Attack</td>
        <td colspan="1" rowspan="1" width="80%"/>
      </tr>
      <tr>
        <td colspan="1" rowspan="1" class="indent2" width="20%">Evidence</td>
        <td colspan="1" rowspan="1" width="80%">Access-Control-Allow-Origin: *</td>
      </tr>
      <tr>
        <td colspan="1" rowspan="1" class="indent2" width="20%">Other Info</td>
        <td colspan="1" rowspan="1" width="80%">The CORS misconfiguration on the web server permits cross-domain read requests from arbitrary third party domains, using unauthenticated APIs on this domain. Web browser implementations do not permit arbitrary third parties to read the response from authenticated APIs, however. This reduces the risk somewhat. This misconfiguration could be used by an attacker to access data that is available in an unauthenticated manner, but which uses some other form of security, such as IP address white-listing.</td>
      </tr>
      <tr>
        <td colspan="1" rowspan="1" class="indent1" width="20%">URL</td>
        <td colspan="1" rowspan="1" width="80%">
          <a shape="rect" href="https://www.googletagmanager.com/gtm.js?id=GTM-53TNVMF">https://www.googletagmanager.com/gtm.js?id=GTM-53TNVMF</a>
        </td>
      </tr>
      <tr>
        <td colspan="1" rowspan="1" class="indent2" width="20%">Method</td>
        <td colspan="1" rowspan="1" width="80%">GET</td>
      </tr>
      <tr>
        <td colspan="1" rowspan="1" class="indent2" width="20%">Parameter</td>
        <td colspan="1" rowspan="1" width="80%"/>
      </tr>
      <tr>
        <td colspan="1" rowspan="1" class="indent2" width="20%">Attack</td>
        <td colspan="1" rowspan="1" width="80%"/>
      </tr>
      <tr>
        <td colspan="1" rowspan="1" class="indent2" width="20%">Evidence</td>
        <td colspan="1" rowspan="1" width="80%">Access-Control-Allow-Origin: *</td>
      </tr>
      <tr>
        <td colspan="1" rowspan="1" class="indent2" width="20%">Other Info</td>
        <td colspan="1" rowspan="1" width="80%">The CORS misconfiguration on the web server permits cross-domain read requests from arbitrary third party domains, using unauthenticated APIs on this domain. Web browser implementations do not permit arbitrary third parties to read the response from authenticated APIs, however. This reduces the risk somewhat. This misconfiguration could be used by an attacker to access data that is available in an unauthenticated manner, but which uses some other form of security, such as IP address white-listing.</td>
      </tr>
      <tr>
        <td colspan="1" rowspan="1" width="20%">Instances</td>
        <td colspan="1" rowspan="1" width="80%">136</td>
      </tr>
      <tr>
        <td colspan="1" rowspan="1" width="20%">Solution</td>
        <td colspan="1" rowspan="1" width="80%">
          <div>Ensure that sensitive data is not available in an unauthenticated manner (using IP address white-listing, for instance).</div>
          <br clear="none"/>
          <div>Configure the "Access-Control-Allow-Origin" HTTP header to a more restrictive set of domains, or remove all CORS headers entirely, to allow the web browser to enforce the Same Origin Policy (SOP) in a more restrictive manner.</div>
        </td>
      </tr>
      <tr>
        <td colspan="1" rowspan="1" width="20%">Reference</td>
        <td colspan="1" rowspan="1" width="80%">
          <a shape="rect" href="https://vulncat.fortify.com/en/detail?id=desc.config.dotnet.html5_overly_permissive_cors_policy">https://vulncat.fortify.com/en/detail?id=desc.config.dotnet.html5_overly_permissive_cors_policy</a>
        </td>
      </tr>
      <tr>
        <td colspan="1" rowspan="1" width="20%">CWE Id</td>
        <td colspan="1" rowspan="1" width="80%">
          <a shape="rect" href="https://cwe.mitre.org/data/definitions/264.html">264</a>
        </td>
      </tr>
      <tr>
        <td colspan="1" rowspan="1" width="20%">WASC Id</td>
        <td colspan="1" rowspan="1" width="80%">14</td>
      </tr>
      <tr>
        <td colspan="1" rowspan="1" width="20%">Plugin Id</td>
        <td colspan="1" rowspan="1" width="80%">
          <a shape="rect" href="https://www.zaproxy.org/docs/alerts/10098/">10098</a>
        </td>
      </tr>
    </table>
    <div class="spacer"/>
    <table class="results">
      <tr height="24">
        <th colspan="1" rowspan="1" class="risk-2" width="20%">
          <a shape="rect" id="10020"/>
          <div>Medium</div>
        </th>
        <th colspan="1" rowspan="1" class="risk-2">Missing Anti-clickjacking Header</th>
      </tr>
      <tr>
        <td colspan="1" rowspan="1" width="20%">Description</td>
        <td colspan="1" rowspan="1" width="80%">
          <div>The response does not include either Content-Security-Policy with 'frame-ancestors' directive or X-Frame-Options to protect against 'ClickJacking' attacks.</div>
        </td>
      </tr>
      <tr valign="top">
        <td colspan="2" rowspan="1"/>
      </tr>
      <tr>
        <td colspan="1" rowspan="1" class="indent1" width="20%">URL</td>
        <td colspan="1" rowspan="1" width="80%">
          <a shape="rect" href="https://optimizationguide-pa.googleapis.com/downloads?name=1673999601&amp;target=OPTIMIZATION_TARGET_PAGE_VISIBILITY">https://optimizationguide-pa.googleapis.com/downloads?name=1673999601&amp;target=OPTIMIZATION_TARGET_PAGE_VISIBILITY</a>
        </td>
      </tr>
      <tr>
        <td colspan="1" rowspan="1" class="indent2" width="20%">Method</td>
        <td colspan="1" rowspan="1" width="80%">GET</td>
      </tr>
      <tr>
        <td colspan="1" rowspan="1" class="indent2" width="20%">Parameter</td>
        <td colspan="1" rowspan="1" width="80%">x-frame-options</td>
      </tr>
      <tr>
        <td colspan="1" rowspan="1" class="indent2" width="20%">Attack</td>
        <td colspan="1" rowspan="1" width="80%"/>
      </tr>
      <tr>
        <td colspan="1" rowspan="1" class="indent2" width="20%">Evidence</td>
        <td colspan="1" rowspan="1" width="80%"/>
      </tr>
      <tr>
        <td colspan="1" rowspan="1" class="indent2" width="20%">Other Info</td>
        <td colspan="1" rowspan="1" width="80%"/>
      </tr>
      <tr>
        <td colspan="1" rowspan="1" class="indent1" width="20%">URL</td>
        <td colspan="1" rowspan="1" width="80%">
          <a shape="rect" href="https://optimizationguide-pa.googleapis.com/downloads?name=1679317318&amp;target=OPTIMIZATION_TARGET_LANGUAGE_DETECTION">https://optimizationguide-pa.googleapis.com/downloads?name=1679317318&amp;target=OPTIMIZATION_TARGET_LANGUAGE_DETECTION</a>
        </td>
      </tr>
      <tr>
        <td colspan="1" rowspan="1" class="indent2" width="20%">Method</td>
        <td colspan="1" rowspan="1" width="80%">GET</td>
      </tr>
      <tr>
        <td colspan="1" rowspan="1" class="indent2" width="20%">Parameter</td>
        <td colspan="1" rowspan="1" width="80%">x-frame-options</td>
      </tr>
      <tr>
        <td colspan="1" rowspan="1" class="indent2" width="20%">Attack</td>
        <td colspan="1" rowspan="1" width="80%"/>
      </tr>
      <tr>
        <td colspan="1" rowspan="1" class="indent2" width="20%">Evidence</td>
        <td colspan="1" rowspan="1" width="80%"/>
      </tr>
      <tr>
        <td colspan="1" rowspan="1" class="indent2" width="20%">Other Info</td>
        <td colspan="1" rowspan="1" width="80%"/>
      </tr>
      <tr>
        <td colspan="1" rowspan="1" class="indent1" width="20%">URL</td>
        <td colspan="1" rowspan="1" width="80%">
          <a shape="rect" href="https://optimizationguide-pa.googleapis.com/downloads?name=1698073325&amp;target=OPTIMIZATION_TARGET_CLIENT_SIDE_PHISHING">https://optimizationguide-pa.googleapis.com/downloads?name=1698073325&amp;target=OPTIMIZATION_TARGET_CLIENT_SIDE_PHISHING</a>
        </td>
      </tr>
      <tr>
        <td colspan="1" rowspan="1" class="indent2" width="20%">Method</td>
        <td colspan="1" rowspan="1" width="80%">GET</td>
      </tr>
      <tr>
        <td colspan="1" rowspan="1" class="indent2" width="20%">Parameter</td>
        <td colspan="1" rowspan="1" width="80%">x-frame-options</td>
      </tr>
      <tr>
        <td colspan="1" rowspan="1" class="indent2" width="20%">Attack</td>
        <td colspan="1" rowspan="1" width="80%"/>
      </tr>
      <tr>
        <td colspan="1" rowspan="1" class="indent2" width="20%">Evidence</td>
        <td colspan="1" rowspan="1" width="80%"/>
      </tr>
      <tr>
        <td colspan="1" rowspan="1" class="indent2" width="20%">Other Info</td>
        <td colspan="1" rowspan="1" width="80%"/>
      </tr>
      <tr>
        <td colspan="1" rowspan="1" class="indent1" width="20%">URL</td>
        <td colspan="1" rowspan="1" width="80%">
          <a shape="rect" href="https://optimizationguide-pa.googleapis.com/downloads?name=1701726567&amp;target=OPTIMIZATION_TARGET_GEOLOCATION_PERMISSION_PREDICTIONS">https://optimizationguide-pa.googleapis.com/downloads?name=1701726567&amp;target=OPTIMIZATION_TARGET_GEOLOCATION_PERMISSION_PREDICTIONS</a>
        </td>
      </tr>
      <tr>
        <td colspan="1" rowspan="1" class="indent2" width="20%">Method</td>
        <td colspan="1" rowspan="1" width="80%">GET</td>
      </tr>
      <tr>
        <td colspan="1" rowspan="1" class="indent2" width="20%">Parameter</td>
        <td colspan="1" rowspan="1" width="80%">x-frame-options</td>
      </tr>
      <tr>
        <td colspan="1" rowspan="1" class="indent2" width="20%">Attack</td>
        <td colspan="1" rowspan="1" width="80%"/>
      </tr>
      <tr>
        <td colspan="1" rowspan="1" class="indent2" width="20%">Evidence</td>
        <td colspan="1" rowspan="1" width="80%"/>
      </tr>
      <tr>
        <td colspan="1" rowspan="1" class="indent2" width="20%">Other Info</td>
        <td colspan="1" rowspan="1" width="80%"/>
      </tr>
      <tr>
        <td colspan="1" rowspan="1" class="indent1" width="20%">URL</td>
        <td colspan="1" rowspan="1" width="80%">
          <a shape="rect" href="https://optimizationguide-pa.googleapis.com/downloads?name=1701726572&amp;target=OPTIMIZATION_TARGET_NOTIFICATION_PERMISSION_PREDICTIONS">https://optimizationguide-pa.googleapis.com/downloads?name=1701726572&amp;target=OPTIMIZATION_TARGET_NOTIFICATION_PERMISSION_PREDICTIONS</a>
        </td>
      </tr>
      <tr>
        <td colspan="1" rowspan="1" class="indent2" width="20%">Method</td>
        <td colspan="1" rowspan="1" width="80%">GET</td>
      </tr>
      <tr>
        <td colspan="1" rowspan="1" class="indent2" width="20%">Parameter</td>
        <td colspan="1" rowspan="1" width="80%">x-frame-options</td>
      </tr>
      <tr>
        <td colspan="1" rowspan="1" class="indent2" width="20%">Attack</td>
        <td colspan="1" rowspan="1" width="80%"/>
      </tr>
      <tr>
        <td colspan="1" rowspan="1" class="indent2" width="20%">Evidence</td>
        <td colspan="1" rowspan="1" width="80%"/>
      </tr>
      <tr>
        <td colspan="1" rowspan="1" class="indent2" width="20%">Other Info</td>
        <td colspan="1" rowspan="1" width="80%"/>
      </tr>
      <tr>
        <td colspan="1" rowspan="1" width="20%">Instances</td>
        <td colspan="1" rowspan="1" width="80%">5</td>
      </tr>
      <tr>
        <td colspan="1" rowspan="1" width="20%">Solution</td>
        <td colspan="1" rowspan="1" width="80%">
          <div>Modern Web browsers support the Content-Security-Policy and X-Frame-Options HTTP headers. Ensure one of them is set on all web pages returned by your site/app.</div>
          <br clear="none"/>
          <div>If you expect the page to be framed only by pages on your server (e.g. it's part of a FRAMESET) then you'll want to use SAMEORIGIN, otherwise if you never expect the page to be framed, you should use DENY. Alternatively consider implementing Content Security Policy's "frame-ancestors" directive.</div>
        </td>
      </tr>
      <tr>
        <td colspan="1" rowspan="1" width="20%">Reference</td>
        <td colspan="1" rowspan="1" width="80%">
          <a shape="rect" href="https://developer.mozilla.org/en-US/docs/Web/HTTP/Headers/X-Frame-Options">https://developer.mozilla.org/en-US/docs/Web/HTTP/Headers/X-Frame-Options</a>
        </td>
      </tr>
      <tr>
        <td colspan="1" rowspan="1" width="20%">CWE Id</td>
        <td colspan="1" rowspan="1" width="80%">
          <a shape="rect" href="https://cwe.mitre.org/data/definitions/1021.html">1021</a>
        </td>
      </tr>
      <tr>
        <td colspan="1" rowspan="1" width="20%">WASC Id</td>
        <td colspan="1" rowspan="1" width="80%">15</td>
      </tr>
      <tr>
        <td colspan="1" rowspan="1" width="20%">Plugin Id</td>
        <td colspan="1" rowspan="1" width="80%">
          <a shape="rect" href="https://www.zaproxy.org/docs/alerts/10020/">10020</a>
        </td>
      </tr>
    </table>
    <div class="spacer"/>
    <table class="results">
      <tr height="24">
        <th colspan="1" rowspan="1" class="risk-2" width="20%">
          <a shape="rect" id="3"/>
          <div>Medium</div>
        </th>
        <th colspan="1" rowspan="1" class="risk-2">Session ID in URL Rewrite</th>
      </tr>
      <tr>
        <td colspan="1" rowspan="1" width="20%">Description</td>
        <td colspan="1" rowspan="1" width="80%">
          <div>URL rewrite is used to track user session ID. The session ID may be disclosed via cross-site referer header. In addition, the session ID might be stored in browser history or server logs.</div>
        </td>
      </tr>
      <tr valign="top">
        <td colspan="2" rowspan="1"/>
      </tr>
      <tr>
        <td colspan="1" rowspan="1" class="indent1" width="20%">URL</td>
        <td colspan="1" rowspan="1" width="80%">
          <a shape="rect" href="https://www.google-analytics.com/g/collect?v=2&amp;tid=G-SFH0QC082B&amp;gtm=45je41a0v894649522z8897862487&amp;_p=1705278762501&amp;gcd=11l1l1l1l1&amp;dma=0&amp;cid=577993348.1705278796&amp;ul=en-us&amp;sr=1536x864&amp;ir=1&amp;uaa=x86&amp;uab=64&amp;uafvl=Google%2520Chrome%3B119.0.6045.159%7CChromium%3B119.0.6045.159%7CNot%253FA_Brand%3B24.0.0.0&amp;uamb=0&amp;uam=&amp;uap=Linux&amp;uapv=6.5.0&amp;uaw=0&amp;_eu=EA&amp;_s=1&amp;sid=1705278796&amp;sct=1&amp;seg=0&amp;dl=https%3A%2F%2Fwww.fairplay.com.bo%2F&amp;dt=FairPlay%20Bolivia%20%7C%20Zapatillas%2C%20Indumentaria%20y%20Accesorios&amp;en=page_view&amp;_fv=1&amp;_nsi=1&amp;_ss=1&amp;tfd=54528">https://www.google-analytics.com/g/collect?v=2&amp;tid=G-SFH0QC082B&amp;gtm=45je41a0v894649522z8897862487&amp;_p=1705278762501&amp;gcd=11l1l1l1l1&amp;dma=0&amp;cid=577993348.1705278796&amp;ul=en-us&amp;sr=1536x864&amp;ir=1&amp;uaa=x86&amp;uab=64&amp;uafvl=Google%2520Chrome%3B119.0.6045.159%7CChromium%3B119.0.6045.159%7CNot%253FA_Brand%3B24.0.0.0&amp;uamb=0&amp;uam=&amp;uap=Linux&amp;uapv=6.5.0&amp;uaw=0&amp;_eu=EA&amp;_s=1&amp;sid=1705278796&amp;sct=1&amp;seg=0&amp;dl=https%3A%2F%2Fwww.fairplay.com.bo%2F&amp;dt=FairPlay%20Bolivia%20%7C%20Zapatillas%2C%20Indumentaria%20y%20Accesorios&amp;en=page_view&amp;_fv=1&amp;_nsi=1&amp;_ss=1&amp;tfd=54528</a>
        </td>
      </tr>
      <tr>
        <td colspan="1" rowspan="1" class="indent2" width="20%">Method</td>
        <td colspan="1" rowspan="1" width="80%">POST</td>
      </tr>
      <tr>
        <td colspan="1" rowspan="1" class="indent2" width="20%">Parameter</td>
        <td colspan="1" rowspan="1" width="80%">sid</td>
      </tr>
      <tr>
        <td colspan="1" rowspan="1" class="indent2" width="20%">Attack</td>
        <td colspan="1" rowspan="1" width="80%"/>
      </tr>
      <tr>
        <td colspan="1" rowspan="1" class="indent2" width="20%">Evidence</td>
        <td colspan="1" rowspan="1" width="80%">1705278796</td>
      </tr>
      <tr>
        <td colspan="1" rowspan="1" class="indent2" width="20%">Other Info</td>
        <td colspan="1" rowspan="1" width="80%"/>
      </tr>
      <tr>
        <td colspan="1" rowspan="1" width="20%">Instances</td>
        <td colspan="1" rowspan="1" width="80%">1</td>
      </tr>
      <tr>
        <td colspan="1" rowspan="1" width="20%">Solution</td>
        <td colspan="1" rowspan="1" width="80%">
          <div>For secure content, put session ID in a cookie. To be even more secure consider using a combination of cookie and URL rewrite.</div>
        </td>
      </tr>
      <tr>
        <td colspan="1" rowspan="1" width="20%">Reference</td>
        <td colspan="1" rowspan="1" width="80%">
          <a shape="rect" href="http://seclists.org/lists/webappsec/2002/Oct-Dec/0111.html">http://seclists.org/lists/webappsec/2002/Oct-Dec/0111.html</a>
        </td>
      </tr>
      <tr>
        <td colspan="1" rowspan="1" width="20%">CWE Id</td>
        <td colspan="1" rowspan="1" width="80%">
          <a shape="rect" href="https://cwe.mitre.org/data/definitions/200.html">200</a>
        </td>
      </tr>
      <tr>
        <td colspan="1" rowspan="1" width="20%">WASC Id</td>
        <td colspan="1" rowspan="1" width="80%">13</td>
      </tr>
      <tr>
        <td colspan="1" rowspan="1" width="20%">Plugin Id</td>
        <td colspan="1" rowspan="1" width="80%">
          <a shape="rect" href="https://www.zaproxy.org/docs/alerts/3/">3</a>
        </td>
      </tr>
    </table>
    <div class="spacer"/>
    <table class="results">
      <tr height="24">
        <th colspan="1" rowspan="1" class="risk-1" width="20%">
          <a shape="rect" id="10010"/>
          <div>Low</div>
        </th>
        <th colspan="1" rowspan="1" class="risk-1">Cookie No HttpOnly Flag</th>
      </tr>
      <tr>
        <td colspan="1" rowspan="1" width="20%">Description</td>
        <td colspan="1" rowspan="1" width="80%">
          <div>A cookie has been set without the HttpOnly flag, which means that the cookie can be accessed by JavaScript. If a malicious script can be run on this page then the cookie will be accessible and can be transmitted to another site. If this is a session cookie then session hijacking may be possible.</div>
        </td>
      </tr>
      <tr valign="top">
        <td colspan="2" rowspan="1"/>
      </tr>
      <tr>
        <td colspan="1" rowspan="1" class="indent1" width="20%">URL</td>
        <td colspan="1" rowspan="1" width="80%">
          <a shape="rect" href="https://www.fairplay.com.bo/">https://www.fairplay.com.bo/</a>
        </td>
      </tr>
      <tr>
        <td colspan="1" rowspan="1" class="indent2" width="20%">Method</td>
        <td colspan="1" rowspan="1" width="80%">GET</td>
      </tr>
      <tr>
        <td colspan="1" rowspan="1" class="indent2" width="20%">Parameter</td>
        <td colspan="1" rowspan="1" width="80%">janus_sid</td>
      </tr>
      <tr>
        <td colspan="1" rowspan="1" class="indent2" width="20%">Attack</td>
        <td colspan="1" rowspan="1" width="80%"/>
      </tr>
      <tr>
        <td colspan="1" rowspan="1" class="indent2" width="20%">Evidence</td>
        <td colspan="1" rowspan="1" width="80%">Set-Cookie: janus_sid</td>
      </tr>
      <tr>
        <td colspan="1" rowspan="1" class="indent2" width="20%">Other Info</td>
        <td colspan="1" rowspan="1" width="80%"/>
      </tr>
      <tr>
        <td colspan="1" rowspan="1" class="indent1" width="20%">URL</td>
        <td colspan="1" rowspan="1" width="80%">
          <a shape="rect" href="https://www.fairplay.com.bo/_v/public/graphql/v1?workspace=master&amp;maxAge=long&amp;appsEtag=remove&amp;domain=store&amp;locale=es-BO&amp;operationName=getSettings&amp;variables=%7B%7D&amp;extensions=%7B%22persistedQuery%22%3A%7B%22version%22%3A1%2C%22sha256Hash%22%3A%2283882404fef29f19f0566df05a014b32c24745845995c313e2b329d49f0069b6%22%2C%22sender%22%3A%22vtex.structured-data%400.x%22%2C%22provider%22%3A%22vtex.apps-graphql%403.x%22%7D%7D">https://www.fairplay.com.bo/_v/public/graphql/v1?workspace=master&amp;maxAge=long&amp;appsEtag=remove&amp;domain=store&amp;locale=es-BO&amp;operationName=getSettings&amp;variables=%7B%7D&amp;extensions=%7B%22persistedQuery%22%3A%7B%22version%22%3A1%2C%22sha256Hash%22%3A%2283882404fef29f19f0566df05a014b32c24745845995c313e2b329d49f0069b6%22%2C%22sender%22%3A%22vtex.structured-data%400.x%22%2C%22provider%22%3A%22vtex.apps-graphql%403.x%22%7D%7D</a>
        </td>
      </tr>
      <tr>
        <td colspan="1" rowspan="1" class="indent2" width="20%">Method</td>
        <td colspan="1" rowspan="1" width="80%">GET</td>
      </tr>
      <tr>
        <td colspan="1" rowspan="1" class="indent2" width="20%">Parameter</td>
        <td colspan="1" rowspan="1" width="80%">janus_sid</td>
      </tr>
      <tr>
        <td colspan="1" rowspan="1" class="indent2" width="20%">Attack</td>
        <td colspan="1" rowspan="1" width="80%"/>
      </tr>
      <tr>
        <td colspan="1" rowspan="1" class="indent2" width="20%">Evidence</td>
        <td colspan="1" rowspan="1" width="80%">Set-Cookie: janus_sid</td>
      </tr>
      <tr>
        <td colspan="1" rowspan="1" class="indent2" width="20%">Other Info</td>
        <td colspan="1" rowspan="1" width="80%"/>
      </tr>
      <tr>
        <td colspan="1" rowspan="1" class="indent1" width="20%">URL</td>
        <td colspan="1" rowspan="1" width="80%">
          <a shape="rect" href="https://www.fairplay.com.bo/_v/public/graphql/v1?workspace=master&amp;maxAge=short&amp;appsEtag=remove&amp;domain=store&amp;locale=es-BO&amp;operationName=installedApp&amp;variables=%7B%7D&amp;extensions=%7B%22persistedQuery%22%3A%7B%22version%22%3A1%2C%22sha256Hash%22%3A%22316ccbb9a992a3a75dfb468890338d7832da789f626b52d04516c614d17f8e45%22%2C%22sender%22%3A%22vtex.checkout-resources%400.x%22%2C%22provider%22%3A%22vtex.apps-graphql%403.x%22%7D%2C%22variables%22%3A%22eyJzbHVnIjoidnRleC5jaGVja291dCJ9%22%7D">https://www.fairplay.com.bo/_v/public/graphql/v1?workspace=master&amp;maxAge=short&amp;appsEtag=remove&amp;domain=store&amp;locale=es-BO&amp;operationName=installedApp&amp;variables=%7B%7D&amp;extensions=%7B%22persistedQuery%22%3A%7B%22version%22%3A1%2C%22sha256Hash%22%3A%22316ccbb9a992a3a75dfb468890338d7832da789f626b52d04516c614d17f8e45%22%2C%22sender%22%3A%22vtex.checkout-resources%400.x%22%2C%22provider%22%3A%22vtex.apps-graphql%403.x%22%7D%2C%22variables%22%3A%22eyJzbHVnIjoidnRleC5jaGVja291dCJ9%22%7D</a>
        </td>
      </tr>
      <tr>
        <td colspan="1" rowspan="1" class="indent2" width="20%">Method</td>
        <td colspan="1" rowspan="1" width="80%">GET</td>
      </tr>
      <tr>
        <td colspan="1" rowspan="1" class="indent2" width="20%">Parameter</td>
        <td colspan="1" rowspan="1" width="80%">janus_sid</td>
      </tr>
      <tr>
        <td colspan="1" rowspan="1" class="indent2" width="20%">Attack</td>
        <td colspan="1" rowspan="1" width="80%"/>
      </tr>
      <tr>
        <td colspan="1" rowspan="1" class="indent2" width="20%">Evidence</td>
        <td colspan="1" rowspan="1" width="80%">Set-Cookie: janus_sid</td>
      </tr>
      <tr>
        <td colspan="1" rowspan="1" class="indent2" width="20%">Other Info</td>
        <td colspan="1" rowspan="1" width="80%"/>
      </tr>
      <tr>
        <td colspan="1" rowspan="1" class="indent1" width="20%">URL</td>
        <td colspan="1" rowspan="1" width="80%">
          <a shape="rect" href="https://www.fairplay.com.bo/_v/public/graphql/v1?workspace=master&amp;maxAge=short&amp;appsEtag=remove&amp;domain=store&amp;locale=es-BO&amp;operationName=pwaData&amp;variables=%7B%7D&amp;extensions=%7B%22persistedQuery%22%3A%7B%22version%22%3A1%2C%22sha256Hash%22%3A%224ee7fcc92c2703d46ce3b9eb50bb69e47711004ad5248c19ab712d42b9b74f21%22%2C%22sender%22%3A%22vtex.store-resources%400.x%22%2C%22provider%22%3A%22vtex.pwa-graphql%401.x%22%7D%7D">https://www.fairplay.com.bo/_v/public/graphql/v1?workspace=master&amp;maxAge=short&amp;appsEtag=remove&amp;domain=store&amp;locale=es-BO&amp;operationName=pwaData&amp;variables=%7B%7D&amp;extensions=%7B%22persistedQuery%22%3A%7B%22version%22%3A1%2C%22sha256Hash%22%3A%224ee7fcc92c2703d46ce3b9eb50bb69e47711004ad5248c19ab712d42b9b74f21%22%2C%22sender%22%3A%22vtex.store-resources%400.x%22%2C%22provider%22%3A%22vtex.pwa-graphql%401.x%22%7D%7D</a>
        </td>
      </tr>
      <tr>
        <td colspan="1" rowspan="1" class="indent2" width="20%">Method</td>
        <td colspan="1" rowspan="1" width="80%">GET</td>
      </tr>
      <tr>
        <td colspan="1" rowspan="1" class="indent2" width="20%">Parameter</td>
        <td colspan="1" rowspan="1" width="80%">janus_sid</td>
      </tr>
      <tr>
        <td colspan="1" rowspan="1" class="indent2" width="20%">Attack</td>
        <td colspan="1" rowspan="1" width="80%"/>
      </tr>
      <tr>
        <td colspan="1" rowspan="1" class="indent2" width="20%">Evidence</td>
        <td colspan="1" rowspan="1" width="80%">Set-Cookie: janus_sid</td>
      </tr>
      <tr>
        <td colspan="1" rowspan="1" class="indent2" width="20%">Other Info</td>
        <td colspan="1" rowspan="1" width="80%"/>
      </tr>
      <tr>
        <td colspan="1" rowspan="1" class="indent1" width="20%">URL</td>
        <td colspan="1" rowspan="1" width="80%">
          <a shape="rect" href="https://www.fairplay.com.bo/_v/public/graphql/v1?workspace=master&amp;maxAge=short&amp;appsEtag=remove&amp;domain=store&amp;locale=es-BO&amp;operationName=pwaData&amp;variables=%7B%7D&amp;extensions=%7B%22persistedQuery%22%3A%7B%22version%22%3A1%2C%22sha256Hash%22%3A%22d4ef63f4b8ffd8f8b526bb5d32cd9c0568e94a5f6e914fe9f93d50d92b3b1f75%22%2C%22sender%22%3A%22vtex.store-resources%400.x%22%2C%22provider%22%3A%22vtex.pwa-graphql%401.x%22%7D%7D">https://www.fairplay.com.bo/_v/public/graphql/v1?workspace=master&amp;maxAge=short&amp;appsEtag=remove&amp;domain=store&amp;locale=es-BO&amp;operationName=pwaData&amp;variables=%7B%7D&amp;extensions=%7B%22persistedQuery%22%3A%7B%22version%22%3A1%2C%22sha256Hash%22%3A%22d4ef63f4b8ffd8f8b526bb5d32cd9c0568e94a5f6e914fe9f93d50d92b3b1f75%22%2C%22sender%22%3A%22vtex.store-resources%400.x%22%2C%22provider%22%3A%22vtex.pwa-graphql%401.x%22%7D%7D</a>
        </td>
      </tr>
      <tr>
        <td colspan="1" rowspan="1" class="indent2" width="20%">Method</td>
        <td colspan="1" rowspan="1" width="80%">GET</td>
      </tr>
      <tr>
        <td colspan="1" rowspan="1" class="indent2" width="20%">Parameter</td>
        <td colspan="1" rowspan="1" width="80%">janus_sid</td>
      </tr>
      <tr>
        <td colspan="1" rowspan="1" class="indent2" width="20%">Attack</td>
        <td colspan="1" rowspan="1" width="80%"/>
      </tr>
      <tr>
        <td colspan="1" rowspan="1" class="indent2" width="20%">Evidence</td>
        <td colspan="1" rowspan="1" width="80%">Set-Cookie: janus_sid</td>
      </tr>
      <tr>
        <td colspan="1" rowspan="1" class="indent2" width="20%">Other Info</td>
        <td colspan="1" rowspan="1" width="80%"/>
      </tr>
      <tr>
        <td colspan="1" rowspan="1" class="indent1" width="20%">URL</td>
        <td colspan="1" rowspan="1" width="80%">
          <a shape="rect" href="https://www.fairplay.com.bo/_v/public/graphql/v1?workspace=master&amp;maxAge=short&amp;appsEtag=remove&amp;domain=store&amp;locale=es-BO&amp;operationName=pwaData&amp;variables=%7B%7D&amp;extensions=%7B%22persistedQuery%22%3A%7B%22version%22%3A1%2C%22sha256Hash%22%3A%22d74316adb13d69e4e9511ca53de9aae92b07a0ede2f63817940dc8a42e9f62de%22%2C%22sender%22%3A%22vtex.store-resources%400.x%22%2C%22provider%22%3A%22vtex.pwa-graphql%401.x%22%7D%7D">https://www.fairplay.com.bo/_v/public/graphql/v1?workspace=master&amp;maxAge=short&amp;appsEtag=remove&amp;domain=store&amp;locale=es-BO&amp;operationName=pwaData&amp;variables=%7B%7D&amp;extensions=%7B%22persistedQuery%22%3A%7B%22version%22%3A1%2C%22sha256Hash%22%3A%22d74316adb13d69e4e9511ca53de9aae92b07a0ede2f63817940dc8a42e9f62de%22%2C%22sender%22%3A%22vtex.store-resources%400.x%22%2C%22provider%22%3A%22vtex.pwa-graphql%401.x%22%7D%7D</a>
        </td>
      </tr>
      <tr>
        <td colspan="1" rowspan="1" class="indent2" width="20%">Method</td>
        <td colspan="1" rowspan="1" width="80%">GET</td>
      </tr>
      <tr>
        <td colspan="1" rowspan="1" class="indent2" width="20%">Parameter</td>
        <td colspan="1" rowspan="1" width="80%">janus_sid</td>
      </tr>
      <tr>
        <td colspan="1" rowspan="1" class="indent2" width="20%">Attack</td>
        <td colspan="1" rowspan="1" width="80%"/>
      </tr>
      <tr>
        <td colspan="1" rowspan="1" class="indent2" width="20%">Evidence</td>
        <td colspan="1" rowspan="1" width="80%">Set-Cookie: janus_sid</td>
      </tr>
      <tr>
        <td colspan="1" rowspan="1" class="indent2" width="20%">Other Info</td>
        <td colspan="1" rowspan="1" width="80%"/>
      </tr>
      <tr>
        <td colspan="1" rowspan="1" class="indent1" width="20%">URL</td>
        <td colspan="1" rowspan="1" width="80%">
          <a shape="rect" href="https://www.fairplay.com.bo/_v/public/graphql/v1?workspace=master&amp;maxAge=short&amp;appsEtag=remove&amp;domain=store&amp;locale=es-BO&amp;operationName=pwaData&amp;variables=%7B%7D&amp;extensions=%7B%22persistedQuery%22%3A%7B%22version%22%3A1%2C%22sha256Hash%22%3A%22deda973471d2ddce55e2d6ebd8963c2f4f947d32e051bb798cec0bbfbb9e3ca3%22%2C%22sender%22%3A%22vtex.store-resources%400.x%22%2C%22provider%22%3A%22vtex.pwa-graphql%401.x%22%7D%7D">https://www.fairplay.com.bo/_v/public/graphql/v1?workspace=master&amp;maxAge=short&amp;appsEtag=remove&amp;domain=store&amp;locale=es-BO&amp;operationName=pwaData&amp;variables=%7B%7D&amp;extensions=%7B%22persistedQuery%22%3A%7B%22version%22%3A1%2C%22sha256Hash%22%3A%22deda973471d2ddce55e2d6ebd8963c2f4f947d32e051bb798cec0bbfbb9e3ca3%22%2C%22sender%22%3A%22vtex.store-resources%400.x%22%2C%22provider%22%3A%22vtex.pwa-graphql%401.x%22%7D%7D</a>
        </td>
      </tr>
      <tr>
        <td colspan="1" rowspan="1" class="indent2" width="20%">Method</td>
        <td colspan="1" rowspan="1" width="80%">GET</td>
      </tr>
      <tr>
        <td colspan="1" rowspan="1" class="indent2" width="20%">Parameter</td>
        <td colspan="1" rowspan="1" width="80%">janus_sid</td>
      </tr>
      <tr>
        <td colspan="1" rowspan="1" class="indent2" width="20%">Attack</td>
        <td colspan="1" rowspan="1" width="80%"/>
      </tr>
      <tr>
        <td colspan="1" rowspan="1" class="indent2" width="20%">Evidence</td>
        <td colspan="1" rowspan="1" width="80%">Set-Cookie: janus_sid</td>
      </tr>
      <tr>
        <td colspan="1" rowspan="1" class="indent2" width="20%">Other Info</td>
        <td colspan="1" rowspan="1" width="80%"/>
      </tr>
      <tr>
        <td colspan="1" rowspan="1" class="indent1" width="20%">URL</td>
        <td colspan="1" rowspan="1" width="80%">
          <a shape="rect" href="https://www.fairplay.com.bo/_v/public/graphql/v1?workspace=master&amp;maxAge=short&amp;appsEtag=remove&amp;domain=store&amp;locale=es-BO&amp;operationName=topSearches&amp;variables=%7B%7D&amp;extensions=%7B%22persistedQuery%22%3A%7B%22version%22%3A1%2C%22sha256Hash%22%3A%223716a7e9b7fc6fa498d6f6007175b1d948abc31c5291347add48a7f9fa74bbb0%22%2C%22sender%22%3A%22vtex.search%401.x%22%2C%22provider%22%3A%22vtex.search%401.x%22%7D%7D">https://www.fairplay.com.bo/_v/public/graphql/v1?workspace=master&amp;maxAge=short&amp;appsEtag=remove&amp;domain=store&amp;locale=es-BO&amp;operationName=topSearches&amp;variables=%7B%7D&amp;extensions=%7B%22persistedQuery%22%3A%7B%22version%22%3A1%2C%22sha256Hash%22%3A%223716a7e9b7fc6fa498d6f6007175b1d948abc31c5291347add48a7f9fa74bbb0%22%2C%22sender%22%3A%22vtex.search%401.x%22%2C%22provider%22%3A%22vtex.search%401.x%22%7D%7D</a>
        </td>
      </tr>
      <tr>
        <td colspan="1" rowspan="1" class="indent2" width="20%">Method</td>
        <td colspan="1" rowspan="1" width="80%">GET</td>
      </tr>
      <tr>
        <td colspan="1" rowspan="1" class="indent2" width="20%">Parameter</td>
        <td colspan="1" rowspan="1" width="80%">janus_sid</td>
      </tr>
      <tr>
        <td colspan="1" rowspan="1" class="indent2" width="20%">Attack</td>
        <td colspan="1" rowspan="1" width="80%"/>
      </tr>
      <tr>
        <td colspan="1" rowspan="1" class="indent2" width="20%">Evidence</td>
        <td colspan="1" rowspan="1" width="80%">Set-Cookie: janus_sid</td>
      </tr>
      <tr>
        <td colspan="1" rowspan="1" class="indent2" width="20%">Other Info</td>
        <td colspan="1" rowspan="1" width="80%"/>
      </tr>
      <tr>
        <td colspan="1" rowspan="1" class="indent1" width="20%">URL</td>
        <td colspan="1" rowspan="1" width="80%">
          <a shape="rect" href="https://www.fairplay.com.bo/_v/segment/graphql/v1?workspace=master&amp;maxAge=short&amp;appsEtag=remove&amp;domain=store&amp;locale=es-BO&amp;operationName=Products&amp;variables=%7B%7D&amp;extensions=%7B%22persistedQuery%22%3A%7B%22version%22%3A1%2C%22sha256Hash%22%3A%224877b29940906d57e924950723efc7ec8c81c57eb7a4c21648153fb257066ce3%22%2C%22sender%22%3A%22vtex.store-resources%400.x%22%2C%22provider%22%3A%22vtex.search-graphql%400.x%22%7D%2C%22variables%22%3A%22eyJoaWRlVW5hdmFpbGFibGVJdGVtcyI6ZmFsc2UsInNrdXNGaWx0ZXIiOiJBTExfQVZBSUxBQkxFIiwiaW5zdGFsbG1lbnRDcml0ZXJpYSI6Ik1BWF9XSVRIT1VUX0lOVEVSRVNUIiwiY2F0ZWdvcnkiOiI0Ny81NC81OCIsImNvbGxlY3Rpb24iOiIiLCJzcGVjaWZpY2F0aW9uRmlsdGVycyI6W10sIm9yZGVyQnkiOiJPcmRlckJ5UHJpY2VERVNDIiwiZnJvbSI6MCwidG8iOjQ5LCJzaGlwcGluZ09wdGlvbnMiOltdLCJ2YXJpYW50IjoiIn0%3D%22%7D">https://www.fairplay.com.bo/_v/segment/graphql/v1?workspace=master&amp;maxAge=short&amp;appsEtag=remove&amp;domain=store&amp;locale=es-BO&amp;operationName=Products&amp;variables=%7B%7D&amp;extensions=%7B%22persistedQuery%22%3A%7B%22version%22%3A1%2C%22sha256Hash%22%3A%224877b29940906d57e924950723efc7ec8c81c57eb7a4c21648153fb257066ce3%22%2C%22sender%22%3A%22vtex.store-resources%400.x%22%2C%22provider%22%3A%22vtex.search-graphql%400.x%22%7D%2C%22variables%22%3A%22eyJoaWRlVW5hdmFpbGFibGVJdGVtcyI6ZmFsc2UsInNrdXNGaWx0ZXIiOiJBTExfQVZBSUxBQkxFIiwiaW5zdGFsbG1lbnRDcml0ZXJpYSI6Ik1BWF9XSVRIT1VUX0lOVEVSRVNUIiwiY2F0ZWdvcnkiOiI0Ny81NC81OCIsImNvbGxlY3Rpb24iOiIiLCJzcGVjaWZpY2F0aW9uRmlsdGVycyI6W10sIm9yZGVyQnkiOiJPcmRlckJ5UHJpY2VERVNDIiwiZnJvbSI6MCwidG8iOjQ5LCJzaGlwcGluZ09wdGlvbnMiOltdLCJ2YXJpYW50IjoiIn0%3D%22%7D</a>
        </td>
      </tr>
      <tr>
        <td colspan="1" rowspan="1" class="indent2" width="20%">Method</td>
        <td colspan="1" rowspan="1" width="80%">GET</td>
      </tr>
      <tr>
        <td colspan="1" rowspan="1" class="indent2" width="20%">Parameter</td>
        <td colspan="1" rowspan="1" width="80%">janus_sid</td>
      </tr>
      <tr>
        <td colspan="1" rowspan="1" class="indent2" width="20%">Attack</td>
        <td colspan="1" rowspan="1" width="80%"/>
      </tr>
      <tr>
        <td colspan="1" rowspan="1" class="indent2" width="20%">Evidence</td>
        <td colspan="1" rowspan="1" width="80%">Set-Cookie: janus_sid</td>
      </tr>
      <tr>
        <td colspan="1" rowspan="1" class="indent2" width="20%">Other Info</td>
        <td colspan="1" rowspan="1" width="80%"/>
      </tr>
      <tr>
        <td colspan="1" rowspan="1" class="indent1" width="20%">URL</td>
        <td colspan="1" rowspan="1" width="80%">
          <a shape="rect" href="https://www.fairplay.com.bo/_v/segment/graphql/v1?workspace=master&amp;maxAge=short&amp;appsEtag=remove&amp;domain=store&amp;locale=es-BO&amp;operationName=Products&amp;variables=%7B%7D&amp;extensions=%7B%22persistedQuery%22%3A%7B%22version%22%3A1%2C%22sha256Hash%22%3A%224877b29940906d57e924950723efc7ec8c81c57eb7a4c21648153fb257066ce3%22%2C%22sender%22%3A%22vtex.store-resources%400.x%22%2C%22provider%22%3A%22vtex.search-graphql%400.x%22%7D%2C%22variables%22%3A%22eyJoaWRlVW5hdmFpbGFibGVJdGVtcyI6ZmFsc2UsInNrdXNGaWx0ZXIiOiJBTExfQVZBSUxBQkxFIiwiaW5zdGFsbG1lbnRDcml0ZXJpYSI6Ik1BWF9XSVRIT1VUX0lOVEVSRVNUIiwiY2F0ZWdvcnkiOiI0Ny81NSIsImNvbGxlY3Rpb24iOiIiLCJzcGVjaWZpY2F0aW9uRmlsdGVycyI6W10sIm9yZGVyQnkiOiJPcmRlckJ5UHJpY2VBU0MiLCJmcm9tIjowLCJ0byI6NDksInNoaXBwaW5nT3B0aW9ucyI6W10sInZhcmlhbnQiOiIifQ%3D%3D%22%7D">https://www.fairplay.com.bo/_v/segment/graphql/v1?workspace=master&amp;maxAge=short&amp;appsEtag=remove&amp;domain=store&amp;locale=es-BO&amp;operationName=Products&amp;variables=%7B%7D&amp;extensions=%7B%22persistedQuery%22%3A%7B%22version%22%3A1%2C%22sha256Hash%22%3A%224877b29940906d57e924950723efc7ec8c81c57eb7a4c21648153fb257066ce3%22%2C%22sender%22%3A%22vtex.store-resources%400.x%22%2C%22provider%22%3A%22vtex.search-graphql%400.x%22%7D%2C%22variables%22%3A%22eyJoaWRlVW5hdmFpbGFibGVJdGVtcyI6ZmFsc2UsInNrdXNGaWx0ZXIiOiJBTExfQVZBSUxBQkxFIiwiaW5zdGFsbG1lbnRDcml0ZXJpYSI6Ik1BWF9XSVRIT1VUX0lOVEVSRVNUIiwiY2F0ZWdvcnkiOiI0Ny81NSIsImNvbGxlY3Rpb24iOiIiLCJzcGVjaWZpY2F0aW9uRmlsdGVycyI6W10sIm9yZGVyQnkiOiJPcmRlckJ5UHJpY2VBU0MiLCJmcm9tIjowLCJ0byI6NDksInNoaXBwaW5nT3B0aW9ucyI6W10sInZhcmlhbnQiOiIifQ%3D%3D%22%7D</a>
        </td>
      </tr>
      <tr>
        <td colspan="1" rowspan="1" class="indent2" width="20%">Method</td>
        <td colspan="1" rowspan="1" width="80%">GET</td>
      </tr>
      <tr>
        <td colspan="1" rowspan="1" class="indent2" width="20%">Parameter</td>
        <td colspan="1" rowspan="1" width="80%">janus_sid</td>
      </tr>
      <tr>
        <td colspan="1" rowspan="1" class="indent2" width="20%">Attack</td>
        <td colspan="1" rowspan="1" width="80%"/>
      </tr>
      <tr>
        <td colspan="1" rowspan="1" class="indent2" width="20%">Evidence</td>
        <td colspan="1" rowspan="1" width="80%">Set-Cookie: janus_sid</td>
      </tr>
      <tr>
        <td colspan="1" rowspan="1" class="indent2" width="20%">Other Info</td>
        <td colspan="1" rowspan="1" width="80%"/>
      </tr>
      <tr>
        <td colspan="1" rowspan="1" class="indent1" width="20%">URL</td>
        <td colspan="1" rowspan="1" width="80%">
          <a shape="rect" href="https://www.fairplay.com.bo/_v/segment/graphql/v1?workspace=master&amp;maxAge=short&amp;appsEtag=remove&amp;domain=store&amp;locale=es-BO&amp;operationName=Products&amp;variables=%7B%7D&amp;extensions=%7B%22persistedQuery%22%3A%7B%22version%22%3A1%2C%22sha256Hash%22%3A%224877b29940906d57e924950723efc7ec8c81c57eb7a4c21648153fb257066ce3%22%2C%22sender%22%3A%22vtex.store-resources%400.x%22%2C%22provider%22%3A%22vtex.search-graphql%400.x%22%7D%2C%22variables%22%3A%22eyJoaWRlVW5hdmFpbGFibGVJdGVtcyI6ZmFsc2UsInNrdXNGaWx0ZXIiOiJBTExfQVZBSUxBQkxFIiwiaW5zdGFsbG1lbnRDcml0ZXJpYSI6Ik1BWF9XSVRIT1VUX0lOVEVSRVNUIiwiY2F0ZWdvcnkiOiI0OC85NiIsImNvbGxlY3Rpb24iOiIiLCJzcGVjaWZpY2F0aW9uRmlsdGVycyI6W10sIm9yZGVyQnkiOiJPcmRlckJ5UHJpY2VERVNDIiwiZnJvbSI6MCwidG8iOjQ5LCJzaGlwcGluZ09wdGlvbnMiOltdLCJ2YXJpYW50IjoiIn0%3D%22%7D">https://www.fairplay.com.bo/_v/segment/graphql/v1?workspace=master&amp;maxAge=short&amp;appsEtag=remove&amp;domain=store&amp;locale=es-BO&amp;operationName=Products&amp;variables=%7B%7D&amp;extensions=%7B%22persistedQuery%22%3A%7B%22version%22%3A1%2C%22sha256Hash%22%3A%224877b29940906d57e924950723efc7ec8c81c57eb7a4c21648153fb257066ce3%22%2C%22sender%22%3A%22vtex.store-resources%400.x%22%2C%22provider%22%3A%22vtex.search-graphql%400.x%22%7D%2C%22variables%22%3A%22eyJoaWRlVW5hdmFpbGFibGVJdGVtcyI6ZmFsc2UsInNrdXNGaWx0ZXIiOiJBTExfQVZBSUxBQkxFIiwiaW5zdGFsbG1lbnRDcml0ZXJpYSI6Ik1BWF9XSVRIT1VUX0lOVEVSRVNUIiwiY2F0ZWdvcnkiOiI0OC85NiIsImNvbGxlY3Rpb24iOiIiLCJzcGVjaWZpY2F0aW9uRmlsdGVycyI6W10sIm9yZGVyQnkiOiJPcmRlckJ5UHJpY2VERVNDIiwiZnJvbSI6MCwidG8iOjQ5LCJzaGlwcGluZ09wdGlvbnMiOltdLCJ2YXJpYW50IjoiIn0%3D%22%7D</a>
        </td>
      </tr>
      <tr>
        <td colspan="1" rowspan="1" class="indent2" width="20%">Method</td>
        <td colspan="1" rowspan="1" width="80%">GET</td>
      </tr>
      <tr>
        <td colspan="1" rowspan="1" class="indent2" width="20%">Parameter</td>
        <td colspan="1" rowspan="1" width="80%">janus_sid</td>
      </tr>
      <tr>
        <td colspan="1" rowspan="1" class="indent2" width="20%">Attack</td>
        <td colspan="1" rowspan="1" width="80%"/>
      </tr>
      <tr>
        <td colspan="1" rowspan="1" class="indent2" width="20%">Evidence</td>
        <td colspan="1" rowspan="1" width="80%">Set-Cookie: janus_sid</td>
      </tr>
      <tr>
        <td colspan="1" rowspan="1" class="indent2" width="20%">Other Info</td>
        <td colspan="1" rowspan="1" width="80%"/>
      </tr>
      <tr>
        <td colspan="1" rowspan="1" class="indent1" width="20%">URL</td>
        <td colspan="1" rowspan="1" width="80%">
          <a shape="rect" href="https://www.fairplay.com.bo/register.js?&amp;scope=">https://www.fairplay.com.bo/register.js?&amp;scope=</a>
        </td>
      </tr>
      <tr>
        <td colspan="1" rowspan="1" class="indent2" width="20%">Method</td>
        <td colspan="1" rowspan="1" width="80%">GET</td>
      </tr>
      <tr>
        <td colspan="1" rowspan="1" class="indent2" width="20%">Parameter</td>
        <td colspan="1" rowspan="1" width="80%">janus_sid</td>
      </tr>
      <tr>
        <td colspan="1" rowspan="1" class="indent2" width="20%">Attack</td>
        <td colspan="1" rowspan="1" width="80%"/>
      </tr>
      <tr>
        <td colspan="1" rowspan="1" class="indent2" width="20%">Evidence</td>
        <td colspan="1" rowspan="1" width="80%">Set-Cookie: janus_sid</td>
      </tr>
      <tr>
        <td colspan="1" rowspan="1" class="indent2" width="20%">Other Info</td>
        <td colspan="1" rowspan="1" width="80%"/>
      </tr>
      <tr>
        <td colspan="1" rowspan="1" class="indent1" width="20%">URL</td>
        <td colspan="1" rowspan="1" width="80%">
          <a shape="rect" href="https://www.fairplay.com.bo/serviceWorkerMerged.js">https://www.fairplay.com.bo/serviceWorkerMerged.js</a>
        </td>
      </tr>
      <tr>
        <td colspan="1" rowspan="1" class="indent2" width="20%">Method</td>
        <td colspan="1" rowspan="1" width="80%">GET</td>
      </tr>
      <tr>
        <td colspan="1" rowspan="1" class="indent2" width="20%">Parameter</td>
        <td colspan="1" rowspan="1" width="80%">janus_sid</td>
      </tr>
      <tr>
        <td colspan="1" rowspan="1" class="indent2" width="20%">Attack</td>
        <td colspan="1" rowspan="1" width="80%"/>
      </tr>
      <tr>
        <td colspan="1" rowspan="1" class="indent2" width="20%">Evidence</td>
        <td colspan="1" rowspan="1" width="80%">Set-Cookie: janus_sid</td>
      </tr>
      <tr>
        <td colspan="1" rowspan="1" class="indent2" width="20%">Other Info</td>
        <td colspan="1" rowspan="1" width="80%"/>
      </tr>
      <tr>
        <td colspan="1" rowspan="1" class="indent1" width="20%">URL</td>
        <td colspan="1" rowspan="1" width="80%">
          <a shape="rect" href="https://www.fairplay.com.bo/_v/facebook-capi/event">https://www.fairplay.com.bo/_v/facebook-capi/event</a>
        </td>
      </tr>
      <tr>
        <td colspan="1" rowspan="1" class="indent2" width="20%">Method</td>
        <td colspan="1" rowspan="1" width="80%">POST</td>
      </tr>
      <tr>
        <td colspan="1" rowspan="1" class="indent2" width="20%">Parameter</td>
        <td colspan="1" rowspan="1" width="80%">janus_sid</td>
      </tr>
      <tr>
        <td colspan="1" rowspan="1" class="indent2" width="20%">Attack</td>
        <td colspan="1" rowspan="1" width="80%"/>
      </tr>
      <tr>
        <td colspan="1" rowspan="1" class="indent2" width="20%">Evidence</td>
        <td colspan="1" rowspan="1" width="80%">Set-Cookie: janus_sid</td>
      </tr>
      <tr>
        <td colspan="1" rowspan="1" class="indent2" width="20%">Other Info</td>
        <td colspan="1" rowspan="1" width="80%"/>
      </tr>
      <tr>
        <td colspan="1" rowspan="1" width="20%">Instances</td>
        <td colspan="1" rowspan="1" width="80%">14</td>
      </tr>
      <tr>
        <td colspan="1" rowspan="1" width="20%">Solution</td>
        <td colspan="1" rowspan="1" width="80%">
          <div>Ensure that the HttpOnly flag is set for all cookies.</div>
        </td>
      </tr>
      <tr>
        <td colspan="1" rowspan="1" width="20%">Reference</td>
        <td colspan="1" rowspan="1" width="80%">
          <a shape="rect" href="https://owasp.org/www-community/HttpOnly">https://owasp.org/www-community/HttpOnly</a>
        </td>
      </tr>
      <tr>
        <td colspan="1" rowspan="1" width="20%">CWE Id</td>
        <td colspan="1" rowspan="1" width="80%">
          <a shape="rect" href="https://cwe.mitre.org/data/definitions/1004.html">1004</a>
        </td>
      </tr>
      <tr>
        <td colspan="1" rowspan="1" width="20%">WASC Id</td>
        <td colspan="1" rowspan="1" width="80%">13</td>
      </tr>
      <tr>
        <td colspan="1" rowspan="1" width="20%">Plugin Id</td>
        <td colspan="1" rowspan="1" width="80%">
          <a shape="rect" href="https://www.zaproxy.org/docs/alerts/10010/">10010</a>
        </td>
      </tr>
    </table>
    <div class="spacer"/>
    <table class="results">
      <tr height="24">
        <th colspan="1" rowspan="1" class="risk-1" width="20%">
          <a shape="rect" id="10011"/>
          <div>Low</div>
        </th>
        <th colspan="1" rowspan="1" class="risk-1">Cookie Without Secure Flag</th>
      </tr>
      <tr>
        <td colspan="1" rowspan="1" width="20%">Description</td>
        <td colspan="1" rowspan="1" width="80%">
          <div>A cookie has been set without the secure flag, which means that the cookie can be accessed via unencrypted connections.</div>
        </td>
      </tr>
      <tr valign="top">
        <td colspan="2" rowspan="1"/>
      </tr>
      <tr>
        <td colspan="1" rowspan="1" class="indent1" width="20%">URL</td>
        <td colspan="1" rowspan="1" width="80%">
          <a shape="rect" href="https://www.fairplay.com.bo/">https://www.fairplay.com.bo/</a>
        </td>
      </tr>
      <tr>
        <td colspan="1" rowspan="1" class="indent2" width="20%">Method</td>
        <td colspan="1" rowspan="1" width="80%">GET</td>
      </tr>
      <tr>
        <td colspan="1" rowspan="1" class="indent2" width="20%">Parameter</td>
        <td colspan="1" rowspan="1" width="80%">janus_sid</td>
      </tr>
      <tr>
        <td colspan="1" rowspan="1" class="indent2" width="20%">Attack</td>
        <td colspan="1" rowspan="1" width="80%"/>
      </tr>
      <tr>
        <td colspan="1" rowspan="1" class="indent2" width="20%">Evidence</td>
        <td colspan="1" rowspan="1" width="80%">Set-Cookie: janus_sid</td>
      </tr>
      <tr>
        <td colspan="1" rowspan="1" class="indent2" width="20%">Other Info</td>
        <td colspan="1" rowspan="1" width="80%"/>
      </tr>
      <tr>
        <td colspan="1" rowspan="1" class="indent1" width="20%">URL</td>
        <td colspan="1" rowspan="1" width="80%">
          <a shape="rect" href="https://www.fairplay.com.bo/_v/public/graphql/v1?workspace=master&amp;maxAge=long&amp;appsEtag=remove&amp;domain=store&amp;locale=es-BO&amp;operationName=getSettings&amp;variables=%7B%7D&amp;extensions=%7B%22persistedQuery%22%3A%7B%22version%22%3A1%2C%22sha256Hash%22%3A%2283882404fef29f19f0566df05a014b32c24745845995c313e2b329d49f0069b6%22%2C%22sender%22%3A%22vtex.structured-data%400.x%22%2C%22provider%22%3A%22vtex.apps-graphql%403.x%22%7D%7D">https://www.fairplay.com.bo/_v/public/graphql/v1?workspace=master&amp;maxAge=long&amp;appsEtag=remove&amp;domain=store&amp;locale=es-BO&amp;operationName=getSettings&amp;variables=%7B%7D&amp;extensions=%7B%22persistedQuery%22%3A%7B%22version%22%3A1%2C%22sha256Hash%22%3A%2283882404fef29f19f0566df05a014b32c24745845995c313e2b329d49f0069b6%22%2C%22sender%22%3A%22vtex.structured-data%400.x%22%2C%22provider%22%3A%22vtex.apps-graphql%403.x%22%7D%7D</a>
        </td>
      </tr>
      <tr>
        <td colspan="1" rowspan="1" class="indent2" width="20%">Method</td>
        <td colspan="1" rowspan="1" width="80%">GET</td>
      </tr>
      <tr>
        <td colspan="1" rowspan="1" class="indent2" width="20%">Parameter</td>
        <td colspan="1" rowspan="1" width="80%">janus_sid</td>
      </tr>
      <tr>
        <td colspan="1" rowspan="1" class="indent2" width="20%">Attack</td>
        <td colspan="1" rowspan="1" width="80%"/>
      </tr>
      <tr>
        <td colspan="1" rowspan="1" class="indent2" width="20%">Evidence</td>
        <td colspan="1" rowspan="1" width="80%">Set-Cookie: janus_sid</td>
      </tr>
      <tr>
        <td colspan="1" rowspan="1" class="indent2" width="20%">Other Info</td>
        <td colspan="1" rowspan="1" width="80%"/>
      </tr>
      <tr>
        <td colspan="1" rowspan="1" class="indent1" width="20%">URL</td>
        <td colspan="1" rowspan="1" width="80%">
          <a shape="rect" href="https://www.fairplay.com.bo/_v/public/graphql/v1?workspace=master&amp;maxAge=short&amp;appsEtag=remove&amp;domain=store&amp;locale=es-BO&amp;operationName=installedApp&amp;variables=%7B%7D&amp;extensions=%7B%22persistedQuery%22%3A%7B%22version%22%3A1%2C%22sha256Hash%22%3A%22316ccbb9a992a3a75dfb468890338d7832da789f626b52d04516c614d17f8e45%22%2C%22sender%22%3A%22vtex.checkout-resources%400.x%22%2C%22provider%22%3A%22vtex.apps-graphql%403.x%22%7D%2C%22variables%22%3A%22eyJzbHVnIjoidnRleC5jaGVja291dCJ9%22%7D">https://www.fairplay.com.bo/_v/public/graphql/v1?workspace=master&amp;maxAge=short&amp;appsEtag=remove&amp;domain=store&amp;locale=es-BO&amp;operationName=installedApp&amp;variables=%7B%7D&amp;extensions=%7B%22persistedQuery%22%3A%7B%22version%22%3A1%2C%22sha256Hash%22%3A%22316ccbb9a992a3a75dfb468890338d7832da789f626b52d04516c614d17f8e45%22%2C%22sender%22%3A%22vtex.checkout-resources%400.x%22%2C%22provider%22%3A%22vtex.apps-graphql%403.x%22%7D%2C%22variables%22%3A%22eyJzbHVnIjoidnRleC5jaGVja291dCJ9%22%7D</a>
        </td>
      </tr>
      <tr>
        <td colspan="1" rowspan="1" class="indent2" width="20%">Method</td>
        <td colspan="1" rowspan="1" width="80%">GET</td>
      </tr>
      <tr>
        <td colspan="1" rowspan="1" class="indent2" width="20%">Parameter</td>
        <td colspan="1" rowspan="1" width="80%">janus_sid</td>
      </tr>
      <tr>
        <td colspan="1" rowspan="1" class="indent2" width="20%">Attack</td>
        <td colspan="1" rowspan="1" width="80%"/>
      </tr>
      <tr>
        <td colspan="1" rowspan="1" class="indent2" width="20%">Evidence</td>
        <td colspan="1" rowspan="1" width="80%">Set-Cookie: janus_sid</td>
      </tr>
      <tr>
        <td colspan="1" rowspan="1" class="indent2" width="20%">Other Info</td>
        <td colspan="1" rowspan="1" width="80%"/>
      </tr>
      <tr>
        <td colspan="1" rowspan="1" class="indent1" width="20%">URL</td>
        <td colspan="1" rowspan="1" width="80%">
          <a shape="rect" href="https://www.fairplay.com.bo/_v/public/graphql/v1?workspace=master&amp;maxAge=short&amp;appsEtag=remove&amp;domain=store&amp;locale=es-BO&amp;operationName=pwaData&amp;variables=%7B%7D&amp;extensions=%7B%22persistedQuery%22%3A%7B%22version%22%3A1%2C%22sha256Hash%22%3A%224ee7fcc92c2703d46ce3b9eb50bb69e47711004ad5248c19ab712d42b9b74f21%22%2C%22sender%22%3A%22vtex.store-resources%400.x%22%2C%22provider%22%3A%22vtex.pwa-graphql%401.x%22%7D%7D">https://www.fairplay.com.bo/_v/public/graphql/v1?workspace=master&amp;maxAge=short&amp;appsEtag=remove&amp;domain=store&amp;locale=es-BO&amp;operationName=pwaData&amp;variables=%7B%7D&amp;extensions=%7B%22persistedQuery%22%3A%7B%22version%22%3A1%2C%22sha256Hash%22%3A%224ee7fcc92c2703d46ce3b9eb50bb69e47711004ad5248c19ab712d42b9b74f21%22%2C%22sender%22%3A%22vtex.store-resources%400.x%22%2C%22provider%22%3A%22vtex.pwa-graphql%401.x%22%7D%7D</a>
        </td>
      </tr>
      <tr>
        <td colspan="1" rowspan="1" class="indent2" width="20%">Method</td>
        <td colspan="1" rowspan="1" width="80%">GET</td>
      </tr>
      <tr>
        <td colspan="1" rowspan="1" class="indent2" width="20%">Parameter</td>
        <td colspan="1" rowspan="1" width="80%">janus_sid</td>
      </tr>
      <tr>
        <td colspan="1" rowspan="1" class="indent2" width="20%">Attack</td>
        <td colspan="1" rowspan="1" width="80%"/>
      </tr>
      <tr>
        <td colspan="1" rowspan="1" class="indent2" width="20%">Evidence</td>
        <td colspan="1" rowspan="1" width="80%">Set-Cookie: janus_sid</td>
      </tr>
      <tr>
        <td colspan="1" rowspan="1" class="indent2" width="20%">Other Info</td>
        <td colspan="1" rowspan="1" width="80%"/>
      </tr>
      <tr>
        <td colspan="1" rowspan="1" class="indent1" width="20%">URL</td>
        <td colspan="1" rowspan="1" width="80%">
          <a shape="rect" href="https://www.fairplay.com.bo/_v/public/graphql/v1?workspace=master&amp;maxAge=short&amp;appsEtag=remove&amp;domain=store&amp;locale=es-BO&amp;operationName=pwaData&amp;variables=%7B%7D&amp;extensions=%7B%22persistedQuery%22%3A%7B%22version%22%3A1%2C%22sha256Hash%22%3A%22d4ef63f4b8ffd8f8b526bb5d32cd9c0568e94a5f6e914fe9f93d50d92b3b1f75%22%2C%22sender%22%3A%22vtex.store-resources%400.x%22%2C%22provider%22%3A%22vtex.pwa-graphql%401.x%22%7D%7D">https://www.fairplay.com.bo/_v/public/graphql/v1?workspace=master&amp;maxAge=short&amp;appsEtag=remove&amp;domain=store&amp;locale=es-BO&amp;operationName=pwaData&amp;variables=%7B%7D&amp;extensions=%7B%22persistedQuery%22%3A%7B%22version%22%3A1%2C%22sha256Hash%22%3A%22d4ef63f4b8ffd8f8b526bb5d32cd9c0568e94a5f6e914fe9f93d50d92b3b1f75%22%2C%22sender%22%3A%22vtex.store-resources%400.x%22%2C%22provider%22%3A%22vtex.pwa-graphql%401.x%22%7D%7D</a>
        </td>
      </tr>
      <tr>
        <td colspan="1" rowspan="1" class="indent2" width="20%">Method</td>
        <td colspan="1" rowspan="1" width="80%">GET</td>
      </tr>
      <tr>
        <td colspan="1" rowspan="1" class="indent2" width="20%">Parameter</td>
        <td colspan="1" rowspan="1" width="80%">janus_sid</td>
      </tr>
      <tr>
        <td colspan="1" rowspan="1" class="indent2" width="20%">Attack</td>
        <td colspan="1" rowspan="1" width="80%"/>
      </tr>
      <tr>
        <td colspan="1" rowspan="1" class="indent2" width="20%">Evidence</td>
        <td colspan="1" rowspan="1" width="80%">Set-Cookie: janus_sid</td>
      </tr>
      <tr>
        <td colspan="1" rowspan="1" class="indent2" width="20%">Other Info</td>
        <td colspan="1" rowspan="1" width="80%"/>
      </tr>
      <tr>
        <td colspan="1" rowspan="1" class="indent1" width="20%">URL</td>
        <td colspan="1" rowspan="1" width="80%">
          <a shape="rect" href="https://www.fairplay.com.bo/_v/public/graphql/v1?workspace=master&amp;maxAge=short&amp;appsEtag=remove&amp;domain=store&amp;locale=es-BO&amp;operationName=pwaData&amp;variables=%7B%7D&amp;extensions=%7B%22persistedQuery%22%3A%7B%22version%22%3A1%2C%22sha256Hash%22%3A%22d74316adb13d69e4e9511ca53de9aae92b07a0ede2f63817940dc8a42e9f62de%22%2C%22sender%22%3A%22vtex.store-resources%400.x%22%2C%22provider%22%3A%22vtex.pwa-graphql%401.x%22%7D%7D">https://www.fairplay.com.bo/_v/public/graphql/v1?workspace=master&amp;maxAge=short&amp;appsEtag=remove&amp;domain=store&amp;locale=es-BO&amp;operationName=pwaData&amp;variables=%7B%7D&amp;extensions=%7B%22persistedQuery%22%3A%7B%22version%22%3A1%2C%22sha256Hash%22%3A%22d74316adb13d69e4e9511ca53de9aae92b07a0ede2f63817940dc8a42e9f62de%22%2C%22sender%22%3A%22vtex.store-resources%400.x%22%2C%22provider%22%3A%22vtex.pwa-graphql%401.x%22%7D%7D</a>
        </td>
      </tr>
      <tr>
        <td colspan="1" rowspan="1" class="indent2" width="20%">Method</td>
        <td colspan="1" rowspan="1" width="80%">GET</td>
      </tr>
      <tr>
        <td colspan="1" rowspan="1" class="indent2" width="20%">Parameter</td>
        <td colspan="1" rowspan="1" width="80%">janus_sid</td>
      </tr>
      <tr>
        <td colspan="1" rowspan="1" class="indent2" width="20%">Attack</td>
        <td colspan="1" rowspan="1" width="80%"/>
      </tr>
      <tr>
        <td colspan="1" rowspan="1" class="indent2" width="20%">Evidence</td>
        <td colspan="1" rowspan="1" width="80%">Set-Cookie: janus_sid</td>
      </tr>
      <tr>
        <td colspan="1" rowspan="1" class="indent2" width="20%">Other Info</td>
        <td colspan="1" rowspan="1" width="80%"/>
      </tr>
      <tr>
        <td colspan="1" rowspan="1" class="indent1" width="20%">URL</td>
        <td colspan="1" rowspan="1" width="80%">
          <a shape="rect" href="https://www.fairplay.com.bo/_v/public/graphql/v1?workspace=master&amp;maxAge=short&amp;appsEtag=remove&amp;domain=store&amp;locale=es-BO&amp;operationName=pwaData&amp;variables=%7B%7D&amp;extensions=%7B%22persistedQuery%22%3A%7B%22version%22%3A1%2C%22sha256Hash%22%3A%22deda973471d2ddce55e2d6ebd8963c2f4f947d32e051bb798cec0bbfbb9e3ca3%22%2C%22sender%22%3A%22vtex.store-resources%400.x%22%2C%22provider%22%3A%22vtex.pwa-graphql%401.x%22%7D%7D">https://www.fairplay.com.bo/_v/public/graphql/v1?workspace=master&amp;maxAge=short&amp;appsEtag=remove&amp;domain=store&amp;locale=es-BO&amp;operationName=pwaData&amp;variables=%7B%7D&amp;extensions=%7B%22persistedQuery%22%3A%7B%22version%22%3A1%2C%22sha256Hash%22%3A%22deda973471d2ddce55e2d6ebd8963c2f4f947d32e051bb798cec0bbfbb9e3ca3%22%2C%22sender%22%3A%22vtex.store-resources%400.x%22%2C%22provider%22%3A%22vtex.pwa-graphql%401.x%22%7D%7D</a>
        </td>
      </tr>
      <tr>
        <td colspan="1" rowspan="1" class="indent2" width="20%">Method</td>
        <td colspan="1" rowspan="1" width="80%">GET</td>
      </tr>
      <tr>
        <td colspan="1" rowspan="1" class="indent2" width="20%">Parameter</td>
        <td colspan="1" rowspan="1" width="80%">janus_sid</td>
      </tr>
      <tr>
        <td colspan="1" rowspan="1" class="indent2" width="20%">Attack</td>
        <td colspan="1" rowspan="1" width="80%"/>
      </tr>
      <tr>
        <td colspan="1" rowspan="1" class="indent2" width="20%">Evidence</td>
        <td colspan="1" rowspan="1" width="80%">Set-Cookie: janus_sid</td>
      </tr>
      <tr>
        <td colspan="1" rowspan="1" class="indent2" width="20%">Other Info</td>
        <td colspan="1" rowspan="1" width="80%"/>
      </tr>
      <tr>
        <td colspan="1" rowspan="1" class="indent1" width="20%">URL</td>
        <td colspan="1" rowspan="1" width="80%">
          <a shape="rect" href="https://www.fairplay.com.bo/_v/public/graphql/v1?workspace=master&amp;maxAge=short&amp;appsEtag=remove&amp;domain=store&amp;locale=es-BO&amp;operationName=topSearches&amp;variables=%7B%7D&amp;extensions=%7B%22persistedQuery%22%3A%7B%22version%22%3A1%2C%22sha256Hash%22%3A%223716a7e9b7fc6fa498d6f6007175b1d948abc31c5291347add48a7f9fa74bbb0%22%2C%22sender%22%3A%22vtex.search%401.x%22%2C%22provider%22%3A%22vtex.search%401.x%22%7D%7D">https://www.fairplay.com.bo/_v/public/graphql/v1?workspace=master&amp;maxAge=short&amp;appsEtag=remove&amp;domain=store&amp;locale=es-BO&amp;operationName=topSearches&amp;variables=%7B%7D&amp;extensions=%7B%22persistedQuery%22%3A%7B%22version%22%3A1%2C%22sha256Hash%22%3A%223716a7e9b7fc6fa498d6f6007175b1d948abc31c5291347add48a7f9fa74bbb0%22%2C%22sender%22%3A%22vtex.search%401.x%22%2C%22provider%22%3A%22vtex.search%401.x%22%7D%7D</a>
        </td>
      </tr>
      <tr>
        <td colspan="1" rowspan="1" class="indent2" width="20%">Method</td>
        <td colspan="1" rowspan="1" width="80%">GET</td>
      </tr>
      <tr>
        <td colspan="1" rowspan="1" class="indent2" width="20%">Parameter</td>
        <td colspan="1" rowspan="1" width="80%">janus_sid</td>
      </tr>
      <tr>
        <td colspan="1" rowspan="1" class="indent2" width="20%">Attack</td>
        <td colspan="1" rowspan="1" width="80%"/>
      </tr>
      <tr>
        <td colspan="1" rowspan="1" class="indent2" width="20%">Evidence</td>
        <td colspan="1" rowspan="1" width="80%">Set-Cookie: janus_sid</td>
      </tr>
      <tr>
        <td colspan="1" rowspan="1" class="indent2" width="20%">Other Info</td>
        <td colspan="1" rowspan="1" width="80%"/>
      </tr>
      <tr>
        <td colspan="1" rowspan="1" class="indent1" width="20%">URL</td>
        <td colspan="1" rowspan="1" width="80%">
          <a shape="rect" href="https://www.fairplay.com.bo/_v/segment/graphql/v1?workspace=master&amp;maxAge=short&amp;appsEtag=remove&amp;domain=store&amp;locale=es-BO&amp;operationName=Products&amp;variables=%7B%7D&amp;extensions=%7B%22persistedQuery%22%3A%7B%22version%22%3A1%2C%22sha256Hash%22%3A%224877b29940906d57e924950723efc7ec8c81c57eb7a4c21648153fb257066ce3%22%2C%22sender%22%3A%22vtex.store-resources%400.x%22%2C%22provider%22%3A%22vtex.search-graphql%400.x%22%7D%2C%22variables%22%3A%22eyJoaWRlVW5hdmFpbGFibGVJdGVtcyI6ZmFsc2UsInNrdXNGaWx0ZXIiOiJBTExfQVZBSUxBQkxFIiwiaW5zdGFsbG1lbnRDcml0ZXJpYSI6Ik1BWF9XSVRIT1VUX0lOVEVSRVNUIiwiY2F0ZWdvcnkiOiI0Ny81NC81OCIsImNvbGxlY3Rpb24iOiIiLCJzcGVjaWZpY2F0aW9uRmlsdGVycyI6W10sIm9yZGVyQnkiOiJPcmRlckJ5UHJpY2VERVNDIiwiZnJvbSI6MCwidG8iOjQ5LCJzaGlwcGluZ09wdGlvbnMiOltdLCJ2YXJpYW50IjoiIn0%3D%22%7D">https://www.fairplay.com.bo/_v/segment/graphql/v1?workspace=master&amp;maxAge=short&amp;appsEtag=remove&amp;domain=store&amp;locale=es-BO&amp;operationName=Products&amp;variables=%7B%7D&amp;extensions=%7B%22persistedQuery%22%3A%7B%22version%22%3A1%2C%22sha256Hash%22%3A%224877b29940906d57e924950723efc7ec8c81c57eb7a4c21648153fb257066ce3%22%2C%22sender%22%3A%22vtex.store-resources%400.x%22%2C%22provider%22%3A%22vtex.search-graphql%400.x%22%7D%2C%22variables%22%3A%22eyJoaWRlVW5hdmFpbGFibGVJdGVtcyI6ZmFsc2UsInNrdXNGaWx0ZXIiOiJBTExfQVZBSUxBQkxFIiwiaW5zdGFsbG1lbnRDcml0ZXJpYSI6Ik1BWF9XSVRIT1VUX0lOVEVSRVNUIiwiY2F0ZWdvcnkiOiI0Ny81NC81OCIsImNvbGxlY3Rpb24iOiIiLCJzcGVjaWZpY2F0aW9uRmlsdGVycyI6W10sIm9yZGVyQnkiOiJPcmRlckJ5UHJpY2VERVNDIiwiZnJvbSI6MCwidG8iOjQ5LCJzaGlwcGluZ09wdGlvbnMiOltdLCJ2YXJpYW50IjoiIn0%3D%22%7D</a>
        </td>
      </tr>
      <tr>
        <td colspan="1" rowspan="1" class="indent2" width="20%">Method</td>
        <td colspan="1" rowspan="1" width="80%">GET</td>
      </tr>
      <tr>
        <td colspan="1" rowspan="1" class="indent2" width="20%">Parameter</td>
        <td colspan="1" rowspan="1" width="80%">janus_sid</td>
      </tr>
      <tr>
        <td colspan="1" rowspan="1" class="indent2" width="20%">Attack</td>
        <td colspan="1" rowspan="1" width="80%"/>
      </tr>
      <tr>
        <td colspan="1" rowspan="1" class="indent2" width="20%">Evidence</td>
        <td colspan="1" rowspan="1" width="80%">Set-Cookie: janus_sid</td>
      </tr>
      <tr>
        <td colspan="1" rowspan="1" class="indent2" width="20%">Other Info</td>
        <td colspan="1" rowspan="1" width="80%"/>
      </tr>
      <tr>
        <td colspan="1" rowspan="1" class="indent1" width="20%">URL</td>
        <td colspan="1" rowspan="1" width="80%">
          <a shape="rect" href="https://www.fairplay.com.bo/_v/segment/graphql/v1?workspace=master&amp;maxAge=short&amp;appsEtag=remove&amp;domain=store&amp;locale=es-BO&amp;operationName=Products&amp;variables=%7B%7D&amp;extensions=%7B%22persistedQuery%22%3A%7B%22version%22%3A1%2C%22sha256Hash%22%3A%224877b29940906d57e924950723efc7ec8c81c57eb7a4c21648153fb257066ce3%22%2C%22sender%22%3A%22vtex.store-resources%400.x%22%2C%22provider%22%3A%22vtex.search-graphql%400.x%22%7D%2C%22variables%22%3A%22eyJoaWRlVW5hdmFpbGFibGVJdGVtcyI6ZmFsc2UsInNrdXNGaWx0ZXIiOiJBTExfQVZBSUxBQkxFIiwiaW5zdGFsbG1lbnRDcml0ZXJpYSI6Ik1BWF9XSVRIT1VUX0lOVEVSRVNUIiwiY2F0ZWdvcnkiOiI0Ny81NSIsImNvbGxlY3Rpb24iOiIiLCJzcGVjaWZpY2F0aW9uRmlsdGVycyI6W10sIm9yZGVyQnkiOiJPcmRlckJ5UHJpY2VBU0MiLCJmcm9tIjowLCJ0byI6NDksInNoaXBwaW5nT3B0aW9ucyI6W10sInZhcmlhbnQiOiIifQ%3D%3D%22%7D">https://www.fairplay.com.bo/_v/segment/graphql/v1?workspace=master&amp;maxAge=short&amp;appsEtag=remove&amp;domain=store&amp;locale=es-BO&amp;operationName=Products&amp;variables=%7B%7D&amp;extensions=%7B%22persistedQuery%22%3A%7B%22version%22%3A1%2C%22sha256Hash%22%3A%224877b29940906d57e924950723efc7ec8c81c57eb7a4c21648153fb257066ce3%22%2C%22sender%22%3A%22vtex.store-resources%400.x%22%2C%22provider%22%3A%22vtex.search-graphql%400.x%22%7D%2C%22variables%22%3A%22eyJoaWRlVW5hdmFpbGFibGVJdGVtcyI6ZmFsc2UsInNrdXNGaWx0ZXIiOiJBTExfQVZBSUxBQkxFIiwiaW5zdGFsbG1lbnRDcml0ZXJpYSI6Ik1BWF9XSVRIT1VUX0lOVEVSRVNUIiwiY2F0ZWdvcnkiOiI0Ny81NSIsImNvbGxlY3Rpb24iOiIiLCJzcGVjaWZpY2F0aW9uRmlsdGVycyI6W10sIm9yZGVyQnkiOiJPcmRlckJ5UHJpY2VBU0MiLCJmcm9tIjowLCJ0byI6NDksInNoaXBwaW5nT3B0aW9ucyI6W10sInZhcmlhbnQiOiIifQ%3D%3D%22%7D</a>
        </td>
      </tr>
      <tr>
        <td colspan="1" rowspan="1" class="indent2" width="20%">Method</td>
        <td colspan="1" rowspan="1" width="80%">GET</td>
      </tr>
      <tr>
        <td colspan="1" rowspan="1" class="indent2" width="20%">Parameter</td>
        <td colspan="1" rowspan="1" width="80%">janus_sid</td>
      </tr>
      <tr>
        <td colspan="1" rowspan="1" class="indent2" width="20%">Attack</td>
        <td colspan="1" rowspan="1" width="80%"/>
      </tr>
      <tr>
        <td colspan="1" rowspan="1" class="indent2" width="20%">Evidence</td>
        <td colspan="1" rowspan="1" width="80%">Set-Cookie: janus_sid</td>
      </tr>
      <tr>
        <td colspan="1" rowspan="1" class="indent2" width="20%">Other Info</td>
        <td colspan="1" rowspan="1" width="80%"/>
      </tr>
      <tr>
        <td colspan="1" rowspan="1" class="indent1" width="20%">URL</td>
        <td colspan="1" rowspan="1" width="80%">
          <a shape="rect" href="https://www.fairplay.com.bo/_v/segment/graphql/v1?workspace=master&amp;maxAge=short&amp;appsEtag=remove&amp;domain=store&amp;locale=es-BO&amp;operationName=Products&amp;variables=%7B%7D&amp;extensions=%7B%22persistedQuery%22%3A%7B%22version%22%3A1%2C%22sha256Hash%22%3A%224877b29940906d57e924950723efc7ec8c81c57eb7a4c21648153fb257066ce3%22%2C%22sender%22%3A%22vtex.store-resources%400.x%22%2C%22provider%22%3A%22vtex.search-graphql%400.x%22%7D%2C%22variables%22%3A%22eyJoaWRlVW5hdmFpbGFibGVJdGVtcyI6ZmFsc2UsInNrdXNGaWx0ZXIiOiJBTExfQVZBSUxBQkxFIiwiaW5zdGFsbG1lbnRDcml0ZXJpYSI6Ik1BWF9XSVRIT1VUX0lOVEVSRVNUIiwiY2F0ZWdvcnkiOiI0OC85NiIsImNvbGxlY3Rpb24iOiIiLCJzcGVjaWZpY2F0aW9uRmlsdGVycyI6W10sIm9yZGVyQnkiOiJPcmRlckJ5UHJpY2VERVNDIiwiZnJvbSI6MCwidG8iOjQ5LCJzaGlwcGluZ09wdGlvbnMiOltdLCJ2YXJpYW50IjoiIn0%3D%22%7D">https://www.fairplay.com.bo/_v/segment/graphql/v1?workspace=master&amp;maxAge=short&amp;appsEtag=remove&amp;domain=store&amp;locale=es-BO&amp;operationName=Products&amp;variables=%7B%7D&amp;extensions=%7B%22persistedQuery%22%3A%7B%22version%22%3A1%2C%22sha256Hash%22%3A%224877b29940906d57e924950723efc7ec8c81c57eb7a4c21648153fb257066ce3%22%2C%22sender%22%3A%22vtex.store-resources%400.x%22%2C%22provider%22%3A%22vtex.search-graphql%400.x%22%7D%2C%22variables%22%3A%22eyJoaWRlVW5hdmFpbGFibGVJdGVtcyI6ZmFsc2UsInNrdXNGaWx0ZXIiOiJBTExfQVZBSUxBQkxFIiwiaW5zdGFsbG1lbnRDcml0ZXJpYSI6Ik1BWF9XSVRIT1VUX0lOVEVSRVNUIiwiY2F0ZWdvcnkiOiI0OC85NiIsImNvbGxlY3Rpb24iOiIiLCJzcGVjaWZpY2F0aW9uRmlsdGVycyI6W10sIm9yZGVyQnkiOiJPcmRlckJ5UHJpY2VERVNDIiwiZnJvbSI6MCwidG8iOjQ5LCJzaGlwcGluZ09wdGlvbnMiOltdLCJ2YXJpYW50IjoiIn0%3D%22%7D</a>
        </td>
      </tr>
      <tr>
        <td colspan="1" rowspan="1" class="indent2" width="20%">Method</td>
        <td colspan="1" rowspan="1" width="80%">GET</td>
      </tr>
      <tr>
        <td colspan="1" rowspan="1" class="indent2" width="20%">Parameter</td>
        <td colspan="1" rowspan="1" width="80%">janus_sid</td>
      </tr>
      <tr>
        <td colspan="1" rowspan="1" class="indent2" width="20%">Attack</td>
        <td colspan="1" rowspan="1" width="80%"/>
      </tr>
      <tr>
        <td colspan="1" rowspan="1" class="indent2" width="20%">Evidence</td>
        <td colspan="1" rowspan="1" width="80%">Set-Cookie: janus_sid</td>
      </tr>
      <tr>
        <td colspan="1" rowspan="1" class="indent2" width="20%">Other Info</td>
        <td colspan="1" rowspan="1" width="80%"/>
      </tr>
      <tr>
        <td colspan="1" rowspan="1" class="indent1" width="20%">URL</td>
        <td colspan="1" rowspan="1" width="80%">
          <a shape="rect" href="https://www.fairplay.com.bo/register.js?&amp;scope=">https://www.fairplay.com.bo/register.js?&amp;scope=</a>
        </td>
      </tr>
      <tr>
        <td colspan="1" rowspan="1" class="indent2" width="20%">Method</td>
        <td colspan="1" rowspan="1" width="80%">GET</td>
      </tr>
      <tr>
        <td colspan="1" rowspan="1" class="indent2" width="20%">Parameter</td>
        <td colspan="1" rowspan="1" width="80%">janus_sid</td>
      </tr>
      <tr>
        <td colspan="1" rowspan="1" class="indent2" width="20%">Attack</td>
        <td colspan="1" rowspan="1" width="80%"/>
      </tr>
      <tr>
        <td colspan="1" rowspan="1" class="indent2" width="20%">Evidence</td>
        <td colspan="1" rowspan="1" width="80%">Set-Cookie: janus_sid</td>
      </tr>
      <tr>
        <td colspan="1" rowspan="1" class="indent2" width="20%">Other Info</td>
        <td colspan="1" rowspan="1" width="80%"/>
      </tr>
      <tr>
        <td colspan="1" rowspan="1" class="indent1" width="20%">URL</td>
        <td colspan="1" rowspan="1" width="80%">
          <a shape="rect" href="https://www.fairplay.com.bo/serviceWorkerMerged.js">https://www.fairplay.com.bo/serviceWorkerMerged.js</a>
        </td>
      </tr>
      <tr>
        <td colspan="1" rowspan="1" class="indent2" width="20%">Method</td>
        <td colspan="1" rowspan="1" width="80%">GET</td>
      </tr>
      <tr>
        <td colspan="1" rowspan="1" class="indent2" width="20%">Parameter</td>
        <td colspan="1" rowspan="1" width="80%">janus_sid</td>
      </tr>
      <tr>
        <td colspan="1" rowspan="1" class="indent2" width="20%">Attack</td>
        <td colspan="1" rowspan="1" width="80%"/>
      </tr>
      <tr>
        <td colspan="1" rowspan="1" class="indent2" width="20%">Evidence</td>
        <td colspan="1" rowspan="1" width="80%">Set-Cookie: janus_sid</td>
      </tr>
      <tr>
        <td colspan="1" rowspan="1" class="indent2" width="20%">Other Info</td>
        <td colspan="1" rowspan="1" width="80%"/>
      </tr>
      <tr>
        <td colspan="1" rowspan="1" class="indent1" width="20%">URL</td>
        <td colspan="1" rowspan="1" width="80%">
          <a shape="rect" href="https://www.fairplay.com.bo/_v/facebook-capi/event">https://www.fairplay.com.bo/_v/facebook-capi/event</a>
        </td>
      </tr>
      <tr>
        <td colspan="1" rowspan="1" class="indent2" width="20%">Method</td>
        <td colspan="1" rowspan="1" width="80%">POST</td>
      </tr>
      <tr>
        <td colspan="1" rowspan="1" class="indent2" width="20%">Parameter</td>
        <td colspan="1" rowspan="1" width="80%">janus_sid</td>
      </tr>
      <tr>
        <td colspan="1" rowspan="1" class="indent2" width="20%">Attack</td>
        <td colspan="1" rowspan="1" width="80%"/>
      </tr>
      <tr>
        <td colspan="1" rowspan="1" class="indent2" width="20%">Evidence</td>
        <td colspan="1" rowspan="1" width="80%">Set-Cookie: janus_sid</td>
      </tr>
      <tr>
        <td colspan="1" rowspan="1" class="indent2" width="20%">Other Info</td>
        <td colspan="1" rowspan="1" width="80%"/>
      </tr>
      <tr>
        <td colspan="1" rowspan="1" width="20%">Instances</td>
        <td colspan="1" rowspan="1" width="80%">14</td>
      </tr>
      <tr>
        <td colspan="1" rowspan="1" width="20%">Solution</td>
        <td colspan="1" rowspan="1" width="80%">
          <div>Whenever a cookie contains sensitive information or is a session token, then it should always be passed using an encrypted channel. Ensure that the secure flag is set for cookies containing such sensitive information.</div>
        </td>
      </tr>
      <tr>
        <td colspan="1" rowspan="1" width="20%">Reference</td>
        <td colspan="1" rowspan="1" width="80%">
          <a shape="rect" href="https://owasp.org/www-project-web-security-testing-guide/v41/4-Web_Application_Security_Testing/06-Session_Management_Testing/02-Testing_for_Cookies_Attributes.html">https://owasp.org/www-project-web-security-testing-guide/v41/4-Web_Application_Security_Testing/06-Session_Management_Testing/02-Testing_for_Cookies_Attributes.html</a>
        </td>
      </tr>
      <tr>
        <td colspan="1" rowspan="1" width="20%">CWE Id</td>
        <td colspan="1" rowspan="1" width="80%">
          <a shape="rect" href="https://cwe.mitre.org/data/definitions/614.html">614</a>
        </td>
      </tr>
      <tr>
        <td colspan="1" rowspan="1" width="20%">WASC Id</td>
        <td colspan="1" rowspan="1" width="80%">13</td>
      </tr>
      <tr>
        <td colspan="1" rowspan="1" width="20%">Plugin Id</td>
        <td colspan="1" rowspan="1" width="80%">
          <a shape="rect" href="https://www.zaproxy.org/docs/alerts/10011/">10011</a>
        </td>
      </tr>
    </table>
    <div class="spacer"/>
    <table class="results">
      <tr height="24">
        <th colspan="1" rowspan="1" class="risk-1" width="20%">
          <a shape="rect" id="10054"/>
          <div>Low</div>
        </th>
        <th colspan="1" rowspan="1" class="risk-1">Cookie without SameSite Attribute</th>
      </tr>
      <tr>
        <td colspan="1" rowspan="1" width="20%">Description</td>
        <td colspan="1" rowspan="1" width="80%">
          <div>A cookie has been set without the SameSite attribute, which means that the cookie can be sent as a result of a 'cross-site' request. The SameSite attribute is an effective counter measure to cross-site request forgery, cross-site script inclusion, and timing attacks.</div>
        </td>
      </tr>
      <tr valign="top">
        <td colspan="2" rowspan="1"/>
      </tr>
      <tr>
        <td colspan="1" rowspan="1" class="indent1" width="20%">URL</td>
        <td colspan="1" rowspan="1" width="80%">
          <a shape="rect" href="https://www.fairplay.com.bo/api/sessions?items=account.id,account.accountName,store.channel,store.countryCode,store.cultureInfo,store.currencyCode,store.currencySymbol,store.admin_cultureInfo,creditControl.creditAccounts,creditControl.deadlines,creditControl.minimumInstallmentValue,authentication.storeUserId,authentication.storeUserEmail,profile.firstName,profile.document,profile.email,profile.id,profile.isAuthenticated,profile.lastName,profile.phone,public.favoritePickup,public.utm_source,public.utm_medium,public.utm_campaign,public.utmi_cp,public.utmi_p,public.utmi_pc">https://www.fairplay.com.bo/api/sessions?items=account.id,account.accountName,store.channel,store.countryCode,store.cultureInfo,store.currencyCode,store.currencySymbol,store.admin_cultureInfo,creditControl.creditAccounts,creditControl.deadlines,creditControl.minimumInstallmentValue,authentication.storeUserId,authentication.storeUserEmail,profile.firstName,profile.document,profile.email,profile.id,profile.isAuthenticated,profile.lastName,profile.phone,public.favoritePickup,public.utm_source,public.utm_medium,public.utm_campaign,public.utmi_cp,public.utmi_p,public.utmi_pc</a>
        </td>
      </tr>
      <tr>
        <td colspan="1" rowspan="1" class="indent2" width="20%">Method</td>
        <td colspan="1" rowspan="1" width="80%">POST</td>
      </tr>
      <tr>
        <td colspan="1" rowspan="1" class="indent2" width="20%">Parameter</td>
        <td colspan="1" rowspan="1" width="80%">vtex_segment</td>
      </tr>
      <tr>
        <td colspan="1" rowspan="1" class="indent2" width="20%">Attack</td>
        <td colspan="1" rowspan="1" width="80%"/>
      </tr>
      <tr>
        <td colspan="1" rowspan="1" class="indent2" width="20%">Evidence</td>
        <td colspan="1" rowspan="1" width="80%">Set-Cookie: vtex_segment</td>
      </tr>
      <tr>
        <td colspan="1" rowspan="1" class="indent2" width="20%">Other Info</td>
        <td colspan="1" rowspan="1" width="80%"/>
      </tr>
      <tr>
        <td colspan="1" rowspan="1" class="indent1" width="20%">URL</td>
        <td colspan="1" rowspan="1" width="80%">
          <a shape="rect" href="https://www.fairplay.com.bo/api/sessions?items=account.id,account.accountName,store.channel,store.countryCode,store.cultureInfo,store.currencyCode,store.currencySymbol,store.admin_cultureInfo,creditControl.creditAccounts,creditControl.deadlines,creditControl.minimumInstallmentValue,authentication.storeUserId,authentication.storeUserEmail,profile.firstName,profile.document,profile.email,profile.id,profile.isAuthenticated,profile.lastName,profile.phone,public.favoritePickup,public.utm_source,public.utm_medium,public.utm_campaign,public.utmi_cp,public.utmi_p,public.utmi_pc">https://www.fairplay.com.bo/api/sessions?items=account.id,account.accountName,store.channel,store.countryCode,store.cultureInfo,store.currencyCode,store.currencySymbol,store.admin_cultureInfo,creditControl.creditAccounts,creditControl.deadlines,creditControl.minimumInstallmentValue,authentication.storeUserId,authentication.storeUserEmail,profile.firstName,profile.document,profile.email,profile.id,profile.isAuthenticated,profile.lastName,profile.phone,public.favoritePickup,public.utm_source,public.utm_medium,public.utm_campaign,public.utmi_cp,public.utmi_p,public.utmi_pc</a>
        </td>
      </tr>
      <tr>
        <td colspan="1" rowspan="1" class="indent2" width="20%">Method</td>
        <td colspan="1" rowspan="1" width="80%">POST</td>
      </tr>
      <tr>
        <td colspan="1" rowspan="1" class="indent2" width="20%">Parameter</td>
        <td colspan="1" rowspan="1" width="80%">vtex_session</td>
      </tr>
      <tr>
        <td colspan="1" rowspan="1" class="indent2" width="20%">Attack</td>
        <td colspan="1" rowspan="1" width="80%"/>
      </tr>
      <tr>
        <td colspan="1" rowspan="1" class="indent2" width="20%">Evidence</td>
        <td colspan="1" rowspan="1" width="80%">Set-Cookie: vtex_session</td>
      </tr>
      <tr>
        <td colspan="1" rowspan="1" class="indent2" width="20%">Other Info</td>
        <td colspan="1" rowspan="1" width="80%"/>
      </tr>
      <tr>
        <td colspan="1" rowspan="1" width="20%">Instances</td>
        <td colspan="1" rowspan="1" width="80%">2</td>
      </tr>
      <tr>
        <td colspan="1" rowspan="1" width="20%">Solution</td>
        <td colspan="1" rowspan="1" width="80%">
          <div>Ensure that the SameSite attribute is set to either 'lax' or ideally 'strict' for all cookies.</div>
        </td>
      </tr>
      <tr>
        <td colspan="1" rowspan="1" width="20%">Reference</td>
        <td colspan="1" rowspan="1" width="80%">
          <a shape="rect" href="https://tools.ietf.org/html/draft-ietf-httpbis-cookie-same-site">https://tools.ietf.org/html/draft-ietf-httpbis-cookie-same-site</a>
        </td>
      </tr>
      <tr>
        <td colspan="1" rowspan="1" width="20%">CWE Id</td>
        <td colspan="1" rowspan="1" width="80%">
          <a shape="rect" href="https://cwe.mitre.org/data/definitions/1275.html">1275</a>
        </td>
      </tr>
      <tr>
        <td colspan="1" rowspan="1" width="20%">WASC Id</td>
        <td colspan="1" rowspan="1" width="80%">13</td>
      </tr>
      <tr>
        <td colspan="1" rowspan="1" width="20%">Plugin Id</td>
        <td colspan="1" rowspan="1" width="80%">
          <a shape="rect" href="https://www.zaproxy.org/docs/alerts/10054/">10054</a>
        </td>
      </tr>
    </table>
    <div class="spacer"/>
    <table class="results">
      <tr height="24">
        <th colspan="1" rowspan="1" class="risk-1" width="20%">
          <a shape="rect" id="10017"/>
          <div>Low</div>
        </th>
        <th colspan="1" rowspan="1" class="risk-1">Cross-Domain JavaScript Source File Inclusion</th>
      </tr>
      <tr>
        <td colspan="1" rowspan="1" width="20%">Description</td>
        <td colspan="1" rowspan="1" width="80%">
          <div>The page includes one or more script files from a third-party domain.</div>
        </td>
      </tr>
      <tr valign="top">
        <td colspan="2" rowspan="1"/>
      </tr>
      <tr>
        <td colspan="1" rowspan="1" class="indent1" width="20%">URL</td>
        <td colspan="1" rowspan="1" width="80%">
          <a shape="rect" href="https://www.fairplay.com.bo/">https://www.fairplay.com.bo/</a>
        </td>
      </tr>
      <tr>
        <td colspan="1" rowspan="1" class="indent2" width="20%">Method</td>
        <td colspan="1" rowspan="1" width="80%">GET</td>
      </tr>
      <tr>
        <td colspan="1" rowspan="1" class="indent2" width="20%">Parameter</td>
        <td colspan="1" rowspan="1" width="80%">https://fairplaybo.vtexassets.com/_v/public/assets/v1/npm/fg-loadcss@2.1.0/dist/cssrelpreload.min.js?workspace=master</td>
      </tr>
      <tr>
        <td colspan="1" rowspan="1" class="indent2" width="20%">Attack</td>
        <td colspan="1" rowspan="1" width="80%"/>
      </tr>
      <tr>
        <td colspan="1" rowspan="1" class="indent2" width="20%">Evidence</td>
        <td colspan="1" rowspan="1" width="80%">&lt;script src="https://fairplaybo.vtexassets.com/_v/public/assets/v1/npm/fg-loadcss@2.1.0/dist/cssrelpreload.min.js?workspace=master" crossorigin  &gt;&lt;/script&gt;</td>
      </tr>
      <tr>
        <td colspan="1" rowspan="1" class="indent2" width="20%">Other Info</td>
        <td colspan="1" rowspan="1" width="80%"/>
      </tr>
      <tr>
        <td colspan="1" rowspan="1" class="indent1" width="20%">URL</td>
        <td colspan="1" rowspan="1" width="80%">
          <a shape="rect" href="https://www.fairplay.com.bo/">https://www.fairplay.com.bo/</a>
        </td>
      </tr>
      <tr>
        <td colspan="1" rowspan="1" class="indent2" width="20%">Method</td>
        <td colspan="1" rowspan="1" width="80%">GET</td>
      </tr>
      <tr>
        <td colspan="1" rowspan="1" class="indent2" width="20%">Parameter</td>
        <td colspan="1" rowspan="1" width="80%">https://fairplaybo.vtexassets.com/_v/public/assets/v1/npm/history@4.7.2/umd/history.min.js?workspace=master</td>
      </tr>
      <tr>
        <td colspan="1" rowspan="1" class="indent2" width="20%">Attack</td>
        <td colspan="1" rowspan="1" width="80%"/>
      </tr>
      <tr>
        <td colspan="1" rowspan="1" class="indent2" width="20%">Evidence</td>
        <td colspan="1" rowspan="1" width="80%">&lt;script src="https://fairplaybo.vtexassets.com/_v/public/assets/v1/npm/history@4.7.2/umd/history.min.js?workspace=master" crossorigin  &gt;&lt;/script&gt;</td>
      </tr>
      <tr>
        <td colspan="1" rowspan="1" class="indent2" width="20%">Other Info</td>
        <td colspan="1" rowspan="1" width="80%"/>
      </tr>
      <tr>
        <td colspan="1" rowspan="1" class="indent1" width="20%">URL</td>
        <td colspan="1" rowspan="1" width="80%">
          <a shape="rect" href="https://www.fairplay.com.bo/">https://www.fairplay.com.bo/</a>
        </td>
      </tr>
      <tr>
        <td colspan="1" rowspan="1" class="indent2" width="20%">Method</td>
        <td colspan="1" rowspan="1" width="80%">GET</td>
      </tr>
      <tr>
        <td colspan="1" rowspan="1" class="indent2" width="20%">Parameter</td>
        <td colspan="1" rowspan="1" width="80%">https://fairplaybo.vtexassets.com/_v/public/assets/v1/npm/lazysizes@5.3.2/lazysizes.min.js?workspace=master</td>
      </tr>
      <tr>
        <td colspan="1" rowspan="1" class="indent2" width="20%">Attack</td>
        <td colspan="1" rowspan="1" width="80%"/>
      </tr>
      <tr>
        <td colspan="1" rowspan="1" class="indent2" width="20%">Evidence</td>
        <td colspan="1" rowspan="1" width="80%">&lt;script src="https://fairplaybo.vtexassets.com/_v/public/assets/v1/npm/lazysizes@5.3.2/lazysizes.min.js?workspace=master" crossorigin  &gt;&lt;/script&gt;</td>
      </tr>
      <tr>
        <td colspan="1" rowspan="1" class="indent2" width="20%">Other Info</td>
        <td colspan="1" rowspan="1" width="80%"/>
      </tr>
      <tr>
        <td colspan="1" rowspan="1" class="indent1" width="20%">URL</td>
        <td colspan="1" rowspan="1" width="80%">
          <a shape="rect" href="https://www.fairplay.com.bo/">https://www.fairplay.com.bo/</a>
        </td>
      </tr>
      <tr>
        <td colspan="1" rowspan="1" class="indent2" width="20%">Method</td>
        <td colspan="1" rowspan="1" width="80%">GET</td>
      </tr>
      <tr>
        <td colspan="1" rowspan="1" class="indent2" width="20%">Parameter</td>
        <td colspan="1" rowspan="1" width="80%">https://fairplaybo.vtexassets.com/_v/public/assets/v1/npm/lazysizes@5.3.2/plugins/unveilhooks/ls.unveilhooks.min.js?workspace=master</td>
      </tr>
      <tr>
        <td colspan="1" rowspan="1" class="indent2" width="20%">Attack</td>
        <td colspan="1" rowspan="1" width="80%"/>
      </tr>
      <tr>
        <td colspan="1" rowspan="1" class="indent2" width="20%">Evidence</td>
        <td colspan="1" rowspan="1" width="80%">&lt;script src="https://fairplaybo.vtexassets.com/_v/public/assets/v1/npm/lazysizes@5.3.2/plugins/unveilhooks/ls.unveilhooks.min.js?workspace=master" crossorigin  &gt;&lt;/script&gt;</td>
      </tr>
      <tr>
        <td colspan="1" rowspan="1" class="indent2" width="20%">Other Info</td>
        <td colspan="1" rowspan="1" width="80%"/>
      </tr>
      <tr>
        <td colspan="1" rowspan="1" class="indent1" width="20%">URL</td>
        <td colspan="1" rowspan="1" width="80%">
          <a shape="rect" href="https://www.fairplay.com.bo/">https://www.fairplay.com.bo/</a>
        </td>
      </tr>
      <tr>
        <td colspan="1" rowspan="1" class="indent2" width="20%">Method</td>
        <td colspan="1" rowspan="1" width="80%">GET</td>
      </tr>
      <tr>
        <td colspan="1" rowspan="1" class="indent2" width="20%">Parameter</td>
        <td colspan="1" rowspan="1" width="80%">https://fairplaybo.vtexassets.com/_v/public/assets/v1/npm/prop-types@15.7.2/prop-types.min.js?workspace=master</td>
      </tr>
      <tr>
        <td colspan="1" rowspan="1" class="indent2" width="20%">Attack</td>
        <td colspan="1" rowspan="1" width="80%"/>
      </tr>
      <tr>
        <td colspan="1" rowspan="1" class="indent2" width="20%">Evidence</td>
        <td colspan="1" rowspan="1" width="80%">&lt;script src="https://fairplaybo.vtexassets.com/_v/public/assets/v1/npm/prop-types@15.7.2/prop-types.min.js?workspace=master" crossorigin  &gt;&lt;/script&gt;</td>
      </tr>
      <tr>
        <td colspan="1" rowspan="1" class="indent2" width="20%">Other Info</td>
        <td colspan="1" rowspan="1" width="80%"/>
      </tr>
      <tr>
        <td colspan="1" rowspan="1" class="indent1" width="20%">URL</td>
        <td colspan="1" rowspan="1" width="80%">
          <a shape="rect" href="https://www.fairplay.com.bo/">https://www.fairplay.com.bo/</a>
        </td>
      </tr>
      <tr>
        <td colspan="1" rowspan="1" class="indent2" width="20%">Method</td>
        <td colspan="1" rowspan="1" width="80%">GET</td>
      </tr>
      <tr>
        <td colspan="1" rowspan="1" class="indent2" width="20%">Parameter</td>
        <td colspan="1" rowspan="1" width="80%">https://fairplaybo.vtexassets.com/_v/public/assets/v1/npm/ramda@0.26.1/dist/ramda.min.js?workspace=master</td>
      </tr>
      <tr>
        <td colspan="1" rowspan="1" class="indent2" width="20%">Attack</td>
        <td colspan="1" rowspan="1" width="80%"/>
      </tr>
      <tr>
        <td colspan="1" rowspan="1" class="indent2" width="20%">Evidence</td>
        <td colspan="1" rowspan="1" width="80%">&lt;script src="https://fairplaybo.vtexassets.com/_v/public/assets/v1/npm/ramda@0.26.1/dist/ramda.min.js?workspace=master" crossorigin  &gt;&lt;/script&gt;</td>
      </tr>
      <tr>
        <td colspan="1" rowspan="1" class="indent2" width="20%">Other Info</td>
        <td colspan="1" rowspan="1" width="80%"/>
      </tr>
      <tr>
        <td colspan="1" rowspan="1" class="indent1" width="20%">URL</td>
        <td colspan="1" rowspan="1" width="80%">
          <a shape="rect" href="https://www.fairplay.com.bo/">https://www.fairplay.com.bo/</a>
        </td>
      </tr>
      <tr>
        <td colspan="1" rowspan="1" class="indent2" width="20%">Method</td>
        <td colspan="1" rowspan="1" width="80%">GET</td>
      </tr>
      <tr>
        <td colspan="1" rowspan="1" class="indent2" width="20%">Parameter</td>
        <td colspan="1" rowspan="1" width="80%">https://fairplaybo.vtexassets.com/_v/public/assets/v1/npm/react-dom@16.9.0/umd/react-dom-server.browser.production.min.js?workspace=master</td>
      </tr>
      <tr>
        <td colspan="1" rowspan="1" class="indent2" width="20%">Attack</td>
        <td colspan="1" rowspan="1" width="80%"/>
      </tr>
      <tr>
        <td colspan="1" rowspan="1" class="indent2" width="20%">Evidence</td>
        <td colspan="1" rowspan="1" width="80%">&lt;script src="https://fairplaybo.vtexassets.com/_v/public/assets/v1/npm/react-dom@16.9.0/umd/react-dom-server.browser.production.min.js?workspace=master" crossorigin  &gt;&lt;/script&gt;</td>
      </tr>
      <tr>
        <td colspan="1" rowspan="1" class="indent2" width="20%">Other Info</td>
        <td colspan="1" rowspan="1" width="80%"/>
      </tr>
      <tr>
        <td colspan="1" rowspan="1" class="indent1" width="20%">URL</td>
        <td colspan="1" rowspan="1" width="80%">
          <a shape="rect" href="https://www.fairplay.com.bo/">https://www.fairplay.com.bo/</a>
        </td>
      </tr>
      <tr>
        <td colspan="1" rowspan="1" class="indent2" width="20%">Method</td>
        <td colspan="1" rowspan="1" width="80%">GET</td>
      </tr>
      <tr>
        <td colspan="1" rowspan="1" class="indent2" width="20%">Parameter</td>
        <td colspan="1" rowspan="1" width="80%">https://fairplaybo.vtexassets.com/_v/public/assets/v1/npm/react-dom@16.9.0/umd/react-dom.production.min.js?workspace=master</td>
      </tr>
      <tr>
        <td colspan="1" rowspan="1" class="indent2" width="20%">Attack</td>
        <td colspan="1" rowspan="1" width="80%"/>
      </tr>
      <tr>
        <td colspan="1" rowspan="1" class="indent2" width="20%">Evidence</td>
        <td colspan="1" rowspan="1" width="80%">&lt;script src="https://fairplaybo.vtexassets.com/_v/public/assets/v1/npm/react-dom@16.9.0/umd/react-dom.production.min.js?workspace=master" crossorigin  &gt;&lt;/script&gt;</td>
      </tr>
      <tr>
        <td colspan="1" rowspan="1" class="indent2" width="20%">Other Info</td>
        <td colspan="1" rowspan="1" width="80%"/>
      </tr>
      <tr>
        <td colspan="1" rowspan="1" class="indent1" width="20%">URL</td>
        <td colspan="1" rowspan="1" width="80%">
          <a shape="rect" href="https://www.fairplay.com.bo/">https://www.fairplay.com.bo/</a>
        </td>
      </tr>
      <tr>
        <td colspan="1" rowspan="1" class="indent2" width="20%">Method</td>
        <td colspan="1" rowspan="1" width="80%">GET</td>
      </tr>
      <tr>
        <td colspan="1" rowspan="1" class="indent2" width="20%">Parameter</td>
        <td colspan="1" rowspan="1" width="80%">https://fairplaybo.vtexassets.com/_v/public/assets/v1/npm/react-intl@3.9.1/dist/react-intl.min.js?workspace=master</td>
      </tr>
      <tr>
        <td colspan="1" rowspan="1" class="indent2" width="20%">Attack</td>
        <td colspan="1" rowspan="1" width="80%"/>
      </tr>
      <tr>
        <td colspan="1" rowspan="1" class="indent2" width="20%">Evidence</td>
        <td colspan="1" rowspan="1" width="80%">&lt;script src="https://fairplaybo.vtexassets.com/_v/public/assets/v1/npm/react-intl@3.9.1/dist/react-intl.min.js?workspace=master" crossorigin  &gt;&lt;/script&gt;</td>
      </tr>
      <tr>
        <td colspan="1" rowspan="1" class="indent2" width="20%">Other Info</td>
        <td colspan="1" rowspan="1" width="80%"/>
      </tr>
      <tr>
        <td colspan="1" rowspan="1" class="indent1" width="20%">URL</td>
        <td colspan="1" rowspan="1" width="80%">
          <a shape="rect" href="https://www.fairplay.com.bo/">https://www.fairplay.com.bo/</a>
        </td>
      </tr>
      <tr>
        <td colspan="1" rowspan="1" class="indent2" width="20%">Method</td>
        <td colspan="1" rowspan="1" width="80%">GET</td>
      </tr>
      <tr>
        <td colspan="1" rowspan="1" class="indent2" width="20%">Parameter</td>
        <td colspan="1" rowspan="1" width="80%">https://fairplaybo.vtexassets.com/_v/public/assets/v1/npm/react@16.9.0/umd/react.production.min.js?workspace=master</td>
      </tr>
      <tr>
        <td colspan="1" rowspan="1" class="indent2" width="20%">Attack</td>
        <td colspan="1" rowspan="1" width="80%"/>
      </tr>
      <tr>
        <td colspan="1" rowspan="1" class="indent2" width="20%">Evidence</td>
        <td colspan="1" rowspan="1" width="80%">&lt;script src="https://fairplaybo.vtexassets.com/_v/public/assets/v1/npm/react@16.9.0/umd/react.production.min.js?workspace=master" crossorigin  &gt;&lt;/script&gt;</td>
      </tr>
      <tr>
        <td colspan="1" rowspan="1" class="indent2" width="20%">Other Info</td>
        <td colspan="1" rowspan="1" width="80%"/>
      </tr>
      <tr>
        <td colspan="1" rowspan="1" class="indent1" width="20%">URL</td>
        <td colspan="1" rowspan="1" width="80%">
          <a shape="rect" href="https://www.fairplay.com.bo/">https://www.fairplay.com.bo/</a>
        </td>
      </tr>
      <tr>
        <td colspan="1" rowspan="1" class="indent2" width="20%">Method</td>
        <td colspan="1" rowspan="1" width="80%">GET</td>
      </tr>
      <tr>
        <td colspan="1" rowspan="1" class="indent2" width="20%">Parameter</td>
        <td colspan="1" rowspan="1" width="80%">https://fairplaybo.vtexassets.com/_v/public/assets/v1/npm/regenerator-runtime@0.11.1/runtime.js?workspace=master</td>
      </tr>
      <tr>
        <td colspan="1" rowspan="1" class="indent2" width="20%">Attack</td>
        <td colspan="1" rowspan="1" width="80%"/>
      </tr>
      <tr>
        <td colspan="1" rowspan="1" class="indent2" width="20%">Evidence</td>
        <td colspan="1" rowspan="1" width="80%">&lt;script src="https://fairplaybo.vtexassets.com/_v/public/assets/v1/npm/regenerator-runtime@0.11.1/runtime.js?workspace=master" crossorigin  &gt;&lt;/script&gt;</td>
      </tr>
      <tr>
        <td colspan="1" rowspan="1" class="indent2" width="20%">Other Info</td>
        <td colspan="1" rowspan="1" width="80%"/>
      </tr>
      <tr>
        <td colspan="1" rowspan="1" class="indent1" width="20%">URL</td>
        <td colspan="1" rowspan="1" width="80%">
          <a shape="rect" href="https://www.fairplay.com.bo/">https://www.fairplay.com.bo/</a>
        </td>
      </tr>
      <tr>
        <td colspan="1" rowspan="1" class="indent2" width="20%">Method</td>
        <td colspan="1" rowspan="1" width="80%">GET</td>
      </tr>
      <tr>
        <td colspan="1" rowspan="1" class="indent2" width="20%">Parameter</td>
        <td colspan="1" rowspan="1" width="80%">https://fairplaybo.vtexassets.com/_v/public/assets/v1/npm/vtex-render-session@1.9.2/dist/index.min.js?workspace=master</td>
      </tr>
      <tr>
        <td colspan="1" rowspan="1" class="indent2" width="20%">Attack</td>
        <td colspan="1" rowspan="1" width="80%"/>
      </tr>
      <tr>
        <td colspan="1" rowspan="1" class="indent2" width="20%">Evidence</td>
        <td colspan="1" rowspan="1" width="80%">&lt;script src="https://fairplaybo.vtexassets.com/_v/public/assets/v1/npm/vtex-render-session@1.9.2/dist/index.min.js?workspace=master" crossorigin  &gt;&lt;/script&gt;</td>
      </tr>
      <tr>
        <td colspan="1" rowspan="1" class="indent2" width="20%">Other Info</td>
        <td colspan="1" rowspan="1" width="80%"/>
      </tr>
      <tr>
        <td colspan="1" rowspan="1" class="indent1" width="20%">URL</td>
        <td colspan="1" rowspan="1" width="80%">
          <a shape="rect" href="https://www.fairplay.com.bo/">https://www.fairplay.com.bo/</a>
        </td>
      </tr>
      <tr>
        <td colspan="1" rowspan="1" class="indent2" width="20%">Method</td>
        <td colspan="1" rowspan="1" width="80%">GET</td>
      </tr>
      <tr>
        <td colspan="1" rowspan="1" class="indent2" width="20%">Parameter</td>
        <td colspan="1" rowspan="1" width="80%">https://fairplaybo.vtexassets.com/_v/public/assets/v1/published/bundle/public/react/asset.min.js?v=1&amp;files=fairplaybo.m3-custom@0.0.113,1,StockFlag,PriceDisconterPromotion,BrandFlag&amp;files=vtex.store-header@2.29.0,common,index,Layout,0,Row&amp;files=vtex.flex-layout@0.21.3,common,0,FlexLayout,Col&amp;files=vtex.product-summary@2.89.0,common,0,ProductSummaryList,ProductSummaryCustom,ProductSummaryImage,ProductSummaryName,Spacer&amp;files=vtex.search@1.5.1,common&amp;workspace=master</td>
      </tr>
      <tr>
        <td colspan="1" rowspan="1" class="indent2" width="20%">Attack</td>
        <td colspan="1" rowspan="1" width="80%"/>
      </tr>
      <tr>
        <td colspan="1" rowspan="1" class="indent2" width="20%">Evidence</td>
        <td colspan="1" rowspan="1" width="80%">&lt;script src="https://fairplaybo.vtexassets.com/_v/public/assets/v1/published/bundle/public/react/asset.min.js?v=1&amp;files=fairplaybo.m3-custom@0.0.113,1,StockFlag,PriceDisconterPromotion,BrandFlag&amp;files=vtex.store-header@2.29.0,common,index,Layout,0,Row&amp;files=vtex.flex-layout@0.21.3,common,0,FlexLayout,Col&amp;files=vtex.product-summary@2.89.0,common,0,ProductSummaryList,ProductSummaryCustom,ProductSummaryImage,ProductSummaryName,Spacer&amp;files=vtex.search@1.5.1,common&amp;workspace=master" crossorigin  &gt;&lt;/script&gt;</td>
      </tr>
      <tr>
        <td colspan="1" rowspan="1" class="indent2" width="20%">Other Info</td>
        <td colspan="1" rowspan="1" width="80%"/>
      </tr>
      <tr>
        <td colspan="1" rowspan="1" class="indent1" width="20%">URL</td>
        <td colspan="1" rowspan="1" width="80%">
          <a shape="rect" href="https://www.fairplay.com.bo/">https://www.fairplay.com.bo/</a>
        </td>
      </tr>
      <tr>
        <td colspan="1" rowspan="1" class="indent2" width="20%">Method</td>
        <td colspan="1" rowspan="1" width="80%">GET</td>
      </tr>
      <tr>
        <td colspan="1" rowspan="1" class="indent2" width="20%">Parameter</td>
        <td colspan="1" rowspan="1" width="80%">https://fairplaybo.vtexassets.com/_v/public/assets/v1/published/bundle/public/react/asset.min.js?v=1&amp;files=vtex.checkout-resources@0.49.0,Utils&amp;files=vtex.checkout-splunk@0.1.1,useSplunk&amp;files=vtex.challenge-tp-condition@0.6.1,ChallengeTradePolicyCondition&amp;files=vtex.css-handles@1.0.1,common,0,useCssHandles,withCssHandles,createCssHandlesContext,applyModifiers&amp;files=vtex.list-context@0.2.0,common,ListContextProvider,useListContext&amp;files=vtex.on-view@1.0.0,common,useOnView&amp;files=vtex.modal-layout@0.14.1,common,ModalContext&amp;files=vtex.product-context@0.10.0,common,ProductContextProvider,useProduct,useProductDispatch&amp;files=vtex.product-group-context@0.2.0,ProductGroupContext&amp;workspace=master</td>
      </tr>
      <tr>
        <td colspan="1" rowspan="1" class="indent2" width="20%">Attack</td>
        <td colspan="1" rowspan="1" width="80%"/>
      </tr>
      <tr>
        <td colspan="1" rowspan="1" class="indent2" width="20%">Evidence</td>
        <td colspan="1" rowspan="1" width="80%">&lt;script src="https://fairplaybo.vtexassets.com/_v/public/assets/v1/published/bundle/public/react/asset.min.js?v=1&amp;files=vtex.checkout-resources@0.49.0,Utils&amp;files=vtex.checkout-splunk@0.1.1,useSplunk&amp;files=vtex.challenge-tp-condition@0.6.1,ChallengeTradePolicyCondition&amp;files=vtex.css-handles@1.0.1,common,0,useCssHandles,withCssHandles,createCssHandlesContext,applyModifiers&amp;files=vtex.list-context@0.2.0,common,ListContextProvider,useListContext&amp;files=vtex.on-view@1.0.0,common,useOnView&amp;files=vtex.modal-layout@0.14.1,common,ModalContext&amp;files=vtex.product-context@0.10.0,common,ProductContextProvider,useProduct,useProductDispatch&amp;files=vtex.product-group-context@0.2.0,ProductGroupContext&amp;workspace=master" crossorigin  &gt;&lt;/script&gt;</td>
      </tr>
      <tr>
        <td colspan="1" rowspan="1" class="indent2" width="20%">Other Info</td>
        <td colspan="1" rowspan="1" width="80%"/>
      </tr>
      <tr>
        <td colspan="1" rowspan="1" class="indent1" width="20%">URL</td>
        <td colspan="1" rowspan="1" width="80%">
          <a shape="rect" href="https://www.fairplay.com.bo/">https://www.fairplay.com.bo/</a>
        </td>
      </tr>
      <tr>
        <td colspan="1" rowspan="1" class="indent2" width="20%">Method</td>
        <td colspan="1" rowspan="1" width="80%">GET</td>
      </tr>
      <tr>
        <td colspan="1" rowspan="1" class="indent2" width="20%">Parameter</td>
        <td colspan="1" rowspan="1" width="80%">https://fairplaybo.vtexassets.com/_v/public/assets/v1/published/bundle/public/react/asset.min.js?v=1&amp;files=vtex.open-graph@1.2.2,common,HomeOpenGraph&amp;files=vtex.pixel-manager@1.9.0,common,0,PixelContext,usePixel,usePixelEventCallback&amp;files=vtex.structured-data@0.12.0,common,SearchAction,0,ProductList&amp;files=vtex.checkout-resources@0.49.0,common,0,MutationAddToCart,4,MutationSetManualPrice,5,MutationUpdateItems,MutationClearOrderFormMessages,6,QueryOrderForm&amp;workspace=master</td>
      </tr>
      <tr>
        <td colspan="1" rowspan="1" class="indent2" width="20%">Attack</td>
        <td colspan="1" rowspan="1" width="80%"/>
      </tr>
      <tr>
        <td colspan="1" rowspan="1" class="indent2" width="20%">Evidence</td>
        <td colspan="1" rowspan="1" width="80%">&lt;script src="https://fairplaybo.vtexassets.com/_v/public/assets/v1/published/bundle/public/react/asset.min.js?v=1&amp;files=vtex.open-graph@1.2.2,common,HomeOpenGraph&amp;files=vtex.pixel-manager@1.9.0,common,0,PixelContext,usePixel,usePixelEventCallback&amp;files=vtex.structured-data@0.12.0,common,SearchAction,0,ProductList&amp;files=vtex.checkout-resources@0.49.0,common,0,MutationAddToCart,4,MutationSetManualPrice,5,MutationUpdateItems,MutationClearOrderFormMessages,6,QueryOrderForm&amp;workspace=master" crossorigin  &gt;&lt;/script&gt;</td>
      </tr>
      <tr>
        <td colspan="1" rowspan="1" class="indent2" width="20%">Other Info</td>
        <td colspan="1" rowspan="1" width="80%"/>
      </tr>
      <tr>
        <td colspan="1" rowspan="1" class="indent1" width="20%">URL</td>
        <td colspan="1" rowspan="1" width="80%">
          <a shape="rect" href="https://www.fairplay.com.bo/">https://www.fairplay.com.bo/</a>
        </td>
      </tr>
      <tr>
        <td colspan="1" rowspan="1" class="indent2" width="20%">Method</td>
        <td colspan="1" rowspan="1" width="80%">GET</td>
      </tr>
      <tr>
        <td colspan="1" rowspan="1" class="indent2" width="20%">Parameter</td>
        <td colspan="1" rowspan="1" width="80%">https://fairplaybo.vtexassets.com/_v/public/assets/v1/published/bundle/public/react/asset.min.js?v=1&amp;files=vtex.react-vtexid@4.55.0,common,AuthServiceLazy,AuthStateLazy,getAbsReturnUrl,1,0,useLogInWithAccessKey,useLogInWithPassword,useLogOut,useRedirectAfterLogin,useSendAccessKey,useSetPassword,useStartLoginAttempt,validations&amp;files=vtex.responsive-values@0.4.2,common,useResponsiveValues,useResponsiveValue&amp;files=vtex.responsive-layout@0.1.4,common,ResponsiveLayoutDesktop&amp;files=vtex.store-icons@0.18.0,common,IconSearch&amp;workspace=master</td>
      </tr>
      <tr>
        <td colspan="1" rowspan="1" class="indent2" width="20%">Attack</td>
        <td colspan="1" rowspan="1" width="80%"/>
      </tr>
      <tr>
        <td colspan="1" rowspan="1" class="indent2" width="20%">Evidence</td>
        <td colspan="1" rowspan="1" width="80%">&lt;script src="https://fairplaybo.vtexassets.com/_v/public/assets/v1/published/bundle/public/react/asset.min.js?v=1&amp;files=vtex.react-vtexid@4.55.0,common,AuthServiceLazy,AuthStateLazy,getAbsReturnUrl,1,0,useLogInWithAccessKey,useLogInWithPassword,useLogOut,useRedirectAfterLogin,useSendAccessKey,useSetPassword,useStartLoginAttempt,validations&amp;files=vtex.responsive-values@0.4.2,common,useResponsiveValues,useResponsiveValue&amp;files=vtex.responsive-layout@0.1.4,common,ResponsiveLayoutDesktop&amp;files=vtex.store-icons@0.18.0,common,IconSearch&amp;workspace=master" crossorigin  &gt;&lt;/script&gt;</td>
      </tr>
      <tr>
        <td colspan="1" rowspan="1" class="indent2" width="20%">Other Info</td>
        <td colspan="1" rowspan="1" width="80%"/>
      </tr>
      <tr>
        <td colspan="1" rowspan="1" class="indent1" width="20%">URL</td>
        <td colspan="1" rowspan="1" width="80%">
          <a shape="rect" href="https://www.fairplay.com.bo/">https://www.fairplay.com.bo/</a>
        </td>
      </tr>
      <tr>
        <td colspan="1" rowspan="1" class="indent2" width="20%">Method</td>
        <td colspan="1" rowspan="1" width="80%">GET</td>
      </tr>
      <tr>
        <td colspan="1" rowspan="1" class="indent2" width="20%">Parameter</td>
        <td colspan="1" rowspan="1" width="80%">https://fairplaybo.vtexassets.com/_v/public/assets/v1/published/bundle/public/react/asset.min.js?v=1&amp;files=vtex.render-runtime@8.134.2,ExtensionContainer&amp;files=vtex.admin-pages@4.53.0,common,6,18,HighlightOverlay&amp;files=vtex.google-tag-manager@3.5.2,index&amp;files=vtex.request-capture@2.3.0,index&amp;files=vtex.facebook-fbe@1.8.4,common,1,FbePixel&amp;files=vtex.sae-analytics@2.13.0,common,0,index&amp;workspace=master</td>
      </tr>
      <tr>
        <td colspan="1" rowspan="1" class="indent2" width="20%">Attack</td>
        <td colspan="1" rowspan="1" width="80%"/>
      </tr>
      <tr>
        <td colspan="1" rowspan="1" class="indent2" width="20%">Evidence</td>
        <td colspan="1" rowspan="1" width="80%">&lt;script src="https://fairplaybo.vtexassets.com/_v/public/assets/v1/published/bundle/public/react/asset.min.js?v=1&amp;files=vtex.render-runtime@8.134.2,ExtensionContainer&amp;files=vtex.admin-pages@4.53.0,common,6,18,HighlightOverlay&amp;files=vtex.google-tag-manager@3.5.2,index&amp;files=vtex.request-capture@2.3.0,index&amp;files=vtex.facebook-fbe@1.8.4,common,1,FbePixel&amp;files=vtex.sae-analytics@2.13.0,common,0,index&amp;workspace=master" crossorigin  &gt;&lt;/script&gt;</td>
      </tr>
      <tr>
        <td colspan="1" rowspan="1" class="indent2" width="20%">Other Info</td>
        <td colspan="1" rowspan="1" width="80%"/>
      </tr>
      <tr>
        <td colspan="1" rowspan="1" class="indent1" width="20%">URL</td>
        <td colspan="1" rowspan="1" width="80%">
          <a shape="rect" href="https://www.fairplay.com.bo/">https://www.fairplay.com.bo/</a>
        </td>
      </tr>
      <tr>
        <td colspan="1" rowspan="1" class="indent2" width="20%">Method</td>
        <td colspan="1" rowspan="1" width="80%">GET</td>
      </tr>
      <tr>
        <td colspan="1" rowspan="1" class="indent2" width="20%">Parameter</td>
        <td colspan="1" rowspan="1" width="80%">https://fairplaybo.vtexassets.com/_v/public/assets/v1/published/bundle/public/react/asset.min.js?v=1&amp;files=vtex.render-runtime@8.134.2,LayoutContainer&amp;files=vtex.device-detector@0.2.6,common,useDevice,withDevice&amp;files=vtex.css-handles@0.4.4,common,useCssHandles,applyModifiers&amp;files=vtex.styleguide@9.146.9,common,0,Button,ButtonWithIcon,19,ToastContext,ToastProvider,1,Input,InputSearch,Spinner,IconClock,IconClose&amp;workspace=master</td>
      </tr>
      <tr>
        <td colspan="1" rowspan="1" class="indent2" width="20%">Attack</td>
        <td colspan="1" rowspan="1" width="80%"/>
      </tr>
      <tr>
        <td colspan="1" rowspan="1" class="indent2" width="20%">Evidence</td>
        <td colspan="1" rowspan="1" width="80%">&lt;script src="https://fairplaybo.vtexassets.com/_v/public/assets/v1/published/bundle/public/react/asset.min.js?v=1&amp;files=vtex.render-runtime@8.134.2,LayoutContainer&amp;files=vtex.device-detector@0.2.6,common,useDevice,withDevice&amp;files=vtex.css-handles@0.4.4,common,useCssHandles,applyModifiers&amp;files=vtex.styleguide@9.146.9,common,0,Button,ButtonWithIcon,19,ToastContext,ToastProvider,1,Input,InputSearch,Spinner,IconClock,IconClose&amp;workspace=master" crossorigin  &gt;&lt;/script&gt;</td>
      </tr>
      <tr>
        <td colspan="1" rowspan="1" class="indent2" width="20%">Other Info</td>
        <td colspan="1" rowspan="1" width="80%"/>
      </tr>
      <tr>
        <td colspan="1" rowspan="1" class="indent1" width="20%">URL</td>
        <td colspan="1" rowspan="1" width="80%">
          <a shape="rect" href="https://www.fairplay.com.bo/">https://www.fairplay.com.bo/</a>
        </td>
      </tr>
      <tr>
        <td colspan="1" rowspan="1" class="indent2" width="20%">Method</td>
        <td colspan="1" rowspan="1" width="80%">GET</td>
      </tr>
      <tr>
        <td colspan="1" rowspan="1" class="indent2" width="20%">Parameter</td>
        <td colspan="1" rowspan="1" width="80%">https://fairplaybo.vtexassets.com/_v/public/assets/v1/published/bundle/public/react/asset.min.js?v=1&amp;files=vtex.search@1.5.1,0,Autocomplete&amp;workspace=master</td>
      </tr>
      <tr>
        <td colspan="1" rowspan="1" class="indent2" width="20%">Attack</td>
        <td colspan="1" rowspan="1" width="80%"/>
      </tr>
      <tr>
        <td colspan="1" rowspan="1" class="indent2" width="20%">Evidence</td>
        <td colspan="1" rowspan="1" width="80%">&lt;script src="https://fairplaybo.vtexassets.com/_v/public/assets/v1/published/bundle/public/react/asset.min.js?v=1&amp;files=vtex.search@1.5.1,0,Autocomplete&amp;workspace=master" crossorigin  &gt;&lt;/script&gt;</td>
      </tr>
      <tr>
        <td colspan="1" rowspan="1" class="indent2" width="20%">Other Info</td>
        <td colspan="1" rowspan="1" width="80%"/>
      </tr>
      <tr>
        <td colspan="1" rowspan="1" class="indent1" width="20%">URL</td>
        <td colspan="1" rowspan="1" width="80%">
          <a shape="rect" href="https://www.fairplay.com.bo/">https://www.fairplay.com.bo/</a>
        </td>
      </tr>
      <tr>
        <td colspan="1" rowspan="1" class="indent2" width="20%">Method</td>
        <td colspan="1" rowspan="1" width="80%">GET</td>
      </tr>
      <tr>
        <td colspan="1" rowspan="1" class="indent2" width="20%">Parameter</td>
        <td colspan="1" rowspan="1" width="80%">https://fairplaybo.vtexassets.com/_v/public/assets/v1/published/bundle/public/react/asset.min.js?v=1&amp;files=vtex.store-components@3.171.0,4,SearchBar,CollectionBadges,DiscountBadge,ProductName&amp;files=vtex.store@2.134.0,common,HomeWrapper,0,StoreWrapper,Fold&amp;files=fairplaybo.m3-custom@0.0.113,common,FreeShippingStatusVariables,MyAccountCustom,RemoveZoomIos,CustomSliderList,0,FlagCollectionCustom,WishlistCustom,FlexList,CustomFlagCollections,CustomNameProduct&amp;workspace=master</td>
      </tr>
      <tr>
        <td colspan="1" rowspan="1" class="indent2" width="20%">Attack</td>
        <td colspan="1" rowspan="1" width="80%"/>
      </tr>
      <tr>
        <td colspan="1" rowspan="1" class="indent2" width="20%">Evidence</td>
        <td colspan="1" rowspan="1" width="80%">&lt;script src="https://fairplaybo.vtexassets.com/_v/public/assets/v1/published/bundle/public/react/asset.min.js?v=1&amp;files=vtex.store-components@3.171.0,4,SearchBar,CollectionBadges,DiscountBadge,ProductName&amp;files=vtex.store@2.134.0,common,HomeWrapper,0,StoreWrapper,Fold&amp;files=fairplaybo.m3-custom@0.0.113,common,FreeShippingStatusVariables,MyAccountCustom,RemoveZoomIos,CustomSliderList,0,FlagCollectionCustom,WishlistCustom,FlexList,CustomFlagCollections,CustomNameProduct&amp;workspace=master" crossorigin  &gt;&lt;/script&gt;</td>
      </tr>
      <tr>
        <td colspan="1" rowspan="1" class="indent2" width="20%">Other Info</td>
        <td colspan="1" rowspan="1" width="80%"/>
      </tr>
      <tr>
        <td colspan="1" rowspan="1" class="indent1" width="20%">URL</td>
        <td colspan="1" rowspan="1" width="80%">
          <a shape="rect" href="https://www.fairplay.com.bo/">https://www.fairplay.com.bo/</a>
        </td>
      </tr>
      <tr>
        <td colspan="1" rowspan="1" class="indent2" width="20%">Method</td>
        <td colspan="1" rowspan="1" width="80%">GET</td>
      </tr>
      <tr>
        <td colspan="1" rowspan="1" class="indent2" width="20%">Parameter</td>
        <td colspan="1" rowspan="1" width="80%">https://fairplaybo.vtexassets.com/_v/public/assets/v1/published/bundle/public/react/asset.min.js?v=1&amp;files=vtex.store-icons@0.18.0,IconCaret,IconClose,Icon,IconArrowBack,IconEyeSight,IconProfile,IconMenu,IconCart&amp;files=vtex.stack-layout@0.1.0,index&amp;files=vtex.react-portal@0.4.1,common,0,Overlay&amp;files=vtex.native-types@0.10.1,common,IOMessage,formatIOMessage,IOMessageWithMarkers&amp;files=vtex.store-resources@0.93.0,common,0,MutationAddToCart,1,MutationUpdateItems&amp;workspace=master</td>
      </tr>
      <tr>
        <td colspan="1" rowspan="1" class="indent2" width="20%">Attack</td>
        <td colspan="1" rowspan="1" width="80%"/>
      </tr>
      <tr>
        <td colspan="1" rowspan="1" class="indent2" width="20%">Evidence</td>
        <td colspan="1" rowspan="1" width="80%">&lt;script src="https://fairplaybo.vtexassets.com/_v/public/assets/v1/published/bundle/public/react/asset.min.js?v=1&amp;files=vtex.store-icons@0.18.0,IconCaret,IconClose,Icon,IconArrowBack,IconEyeSight,IconProfile,IconMenu,IconCart&amp;files=vtex.stack-layout@0.1.0,index&amp;files=vtex.react-portal@0.4.1,common,0,Overlay&amp;files=vtex.native-types@0.10.1,common,IOMessage,formatIOMessage,IOMessageWithMarkers&amp;files=vtex.store-resources@0.93.0,common,0,MutationAddToCart,1,MutationUpdateItems&amp;workspace=master" crossorigin  &gt;&lt;/script&gt;</td>
      </tr>
      <tr>
        <td colspan="1" rowspan="1" class="indent2" width="20%">Other Info</td>
        <td colspan="1" rowspan="1" width="80%"/>
      </tr>
      <tr>
        <td colspan="1" rowspan="1" class="indent1" width="20%">URL</td>
        <td colspan="1" rowspan="1" width="80%">
          <a shape="rect" href="https://www.fairplay.com.bo/">https://www.fairplay.com.bo/</a>
        </td>
      </tr>
      <tr>
        <td colspan="1" rowspan="1" class="indent2" width="20%">Method</td>
        <td colspan="1" rowspan="1" width="80%">GET</td>
      </tr>
      <tr>
        <td colspan="1" rowspan="1" class="indent2" width="20%">Parameter</td>
        <td colspan="1" rowspan="1" width="80%">https://fairplaybo.vtexassets.com/_v/public/assets/v1/published/bundle/public/react/asset.min.js?v=1&amp;files=vtex.store-link@0.9.3,0,StoreLink&amp;files=vtex.product-highlights@2.3.0,common,ProductHighlights,ProductHighlightText&amp;files=vtex.order-items@0.13.23,common,0,OrderItems&amp;files=vtex.product-price@1.31.0,common,ListPrice,SellingPrice&amp;files=vtex.formatted-price@0.7.0,common,FormattedPrice&amp;files=vtex.minicart@2.67.1,common,Minicart&amp;files=vtex.store-components@3.171.0,common,Container,Newsletter,Image,Logo,10&amp;workspace=master</td>
      </tr>
      <tr>
        <td colspan="1" rowspan="1" class="indent2" width="20%">Attack</td>
        <td colspan="1" rowspan="1" width="80%"/>
      </tr>
      <tr>
        <td colspan="1" rowspan="1" class="indent2" width="20%">Evidence</td>
        <td colspan="1" rowspan="1" width="80%">&lt;script src="https://fairplaybo.vtexassets.com/_v/public/assets/v1/published/bundle/public/react/asset.min.js?v=1&amp;files=vtex.store-link@0.9.3,0,StoreLink&amp;files=vtex.product-highlights@2.3.0,common,ProductHighlights,ProductHighlightText&amp;files=vtex.order-items@0.13.23,common,0,OrderItems&amp;files=vtex.product-price@1.31.0,common,ListPrice,SellingPrice&amp;files=vtex.formatted-price@0.7.0,common,FormattedPrice&amp;files=vtex.minicart@2.67.1,common,Minicart&amp;files=vtex.store-components@3.171.0,common,Container,Newsletter,Image,Logo,10&amp;workspace=master" crossorigin  &gt;&lt;/script&gt;</td>
      </tr>
      <tr>
        <td colspan="1" rowspan="1" class="indent2" width="20%">Other Info</td>
        <td colspan="1" rowspan="1" width="80%"/>
      </tr>
      <tr>
        <td colspan="1" rowspan="1" class="indent1" width="20%">URL</td>
        <td colspan="1" rowspan="1" width="80%">
          <a shape="rect" href="https://www.fairplay.com.bo/">https://www.fairplay.com.bo/</a>
        </td>
      </tr>
      <tr>
        <td colspan="1" rowspan="1" class="indent2" width="20%">Method</td>
        <td colspan="1" rowspan="1" width="80%">GET</td>
      </tr>
      <tr>
        <td colspan="1" rowspan="1" class="indent2" width="20%">Parameter</td>
        <td colspan="1" rowspan="1" width="80%">https://fairplaybo.vtexassets.com/_v/public/assets/v1/published/bundle/public/react/asset.min.js?v=1&amp;files=vtex.store-resources@0.93.0,MutationUpdateOrderFormCheckin,MutationUpdateOrderFormProfile,MutationUpdateOrderFormShipping,OrderFormContext,PWAContext,3,QueryOrderForm,8,QueryProducts,QueryItemsWithSimulation&amp;files=vtex.product-list-context@0.4.1,common,ProductListContext,useProductImpression&amp;files=vtex.order-manager@0.12.0,common,0,OrderForm,OrderQueue&amp;files=vtex.format-currency@0.4.1,common,FormattedCurrency,formatCurrency&amp;files=vtex.wish-list@1.16.2,common&amp;workspace=master</td>
      </tr>
      <tr>
        <td colspan="1" rowspan="1" class="indent2" width="20%">Attack</td>
        <td colspan="1" rowspan="1" width="80%"/>
      </tr>
      <tr>
        <td colspan="1" rowspan="1" class="indent2" width="20%">Evidence</td>
        <td colspan="1" rowspan="1" width="80%">&lt;script src="https://fairplaybo.vtexassets.com/_v/public/assets/v1/published/bundle/public/react/asset.min.js?v=1&amp;files=vtex.store-resources@0.93.0,MutationUpdateOrderFormCheckin,MutationUpdateOrderFormProfile,MutationUpdateOrderFormShipping,OrderFormContext,PWAContext,3,QueryOrderForm,8,QueryProducts,QueryItemsWithSimulation&amp;files=vtex.product-list-context@0.4.1,common,ProductListContext,useProductImpression&amp;files=vtex.order-manager@0.12.0,common,0,OrderForm,OrderQueue&amp;files=vtex.format-currency@0.4.1,common,FormattedCurrency,formatCurrency&amp;files=vtex.wish-list@1.16.2,common&amp;workspace=master" crossorigin  &gt;&lt;/script&gt;</td>
      </tr>
      <tr>
        <td colspan="1" rowspan="1" class="indent2" width="20%">Other Info</td>
        <td colspan="1" rowspan="1" width="80%"/>
      </tr>
      <tr>
        <td colspan="1" rowspan="1" class="indent1" width="20%">URL</td>
        <td colspan="1" rowspan="1" width="80%">
          <a shape="rect" href="https://www.fairplay.com.bo/">https://www.fairplay.com.bo/</a>
        </td>
      </tr>
      <tr>
        <td colspan="1" rowspan="1" class="indent2" width="20%">Method</td>
        <td colspan="1" rowspan="1" width="80%">GET</td>
      </tr>
      <tr>
        <td colspan="1" rowspan="1" class="indent2" width="20%">Parameter</td>
        <td colspan="1" rowspan="1" width="80%">https://fairplaybo.vtexassets.com/_v/public/assets/v1/published/bundle/public/react/asset.min.js?v=1&amp;files=vtex.wish-list@1.16.2,AddProductBtn&amp;files=vtex.product-summary-context@0.12.0,common,ProductSummaryContext&amp;files=vtex.slider-layout@0.24.4,common,SliderLayout&amp;files=vtex.store-drawer@0.17.0,common,Drawer&amp;files=vtex.login@2.57.3,common,1,Login&amp;files=vtex.store-image@0.20.0,common,0,ImageList,Image&amp;files=vtex.rich-text@0.16.0,index&amp;files=vtex.menu@2.35.1,common,0,Menu,MenuItem,Submenu&amp;files=vtex.store-link@0.9.3,common&amp;workspace=master</td>
      </tr>
      <tr>
        <td colspan="1" rowspan="1" class="indent2" width="20%">Attack</td>
        <td colspan="1" rowspan="1" width="80%"/>
      </tr>
      <tr>
        <td colspan="1" rowspan="1" class="indent2" width="20%">Evidence</td>
        <td colspan="1" rowspan="1" width="80%">&lt;script src="https://fairplaybo.vtexassets.com/_v/public/assets/v1/published/bundle/public/react/asset.min.js?v=1&amp;files=vtex.wish-list@1.16.2,AddProductBtn&amp;files=vtex.product-summary-context@0.12.0,common,ProductSummaryContext&amp;files=vtex.slider-layout@0.24.4,common,SliderLayout&amp;files=vtex.store-drawer@0.17.0,common,Drawer&amp;files=vtex.login@2.57.3,common,1,Login&amp;files=vtex.store-image@0.20.0,common,0,ImageList,Image&amp;files=vtex.rich-text@0.16.0,index&amp;files=vtex.menu@2.35.1,common,0,Menu,MenuItem,Submenu&amp;files=vtex.store-link@0.9.3,common&amp;workspace=master" crossorigin  &gt;&lt;/script&gt;</td>
      </tr>
      <tr>
        <td colspan="1" rowspan="1" class="indent2" width="20%">Other Info</td>
        <td colspan="1" rowspan="1" width="80%"/>
      </tr>
      <tr>
        <td colspan="1" rowspan="1" class="indent1" width="20%">URL</td>
        <td colspan="1" rowspan="1" width="80%">
          <a shape="rect" href="https://www.fairplay.com.bo/">https://www.fairplay.com.bo/</a>
        </td>
      </tr>
      <tr>
        <td colspan="1" rowspan="1" class="indent2" width="20%">Method</td>
        <td colspan="1" rowspan="1" width="80%">GET</td>
      </tr>
      <tr>
        <td colspan="1" rowspan="1" class="indent2" width="20%">Parameter</td>
        <td colspan="1" rowspan="1" width="80%">https://fairplaybo.vtexassets.com/_v/public/assets/v1/published/vtex.render-runtime@8.134.2/public/react/apollo.min.js?workspace=master</td>
      </tr>
      <tr>
        <td colspan="1" rowspan="1" class="indent2" width="20%">Attack</td>
        <td colspan="1" rowspan="1" width="80%"/>
      </tr>
      <tr>
        <td colspan="1" rowspan="1" class="indent2" width="20%">Evidence</td>
        <td colspan="1" rowspan="1" width="80%">&lt;script src="https://fairplaybo.vtexassets.com/_v/public/assets/v1/published/vtex.render-runtime@8.134.2/public/react/apollo.min.js?workspace=master" crossorigin  &gt;&lt;/script&gt;</td>
      </tr>
      <tr>
        <td colspan="1" rowspan="1" class="indent2" width="20%">Other Info</td>
        <td colspan="1" rowspan="1" width="80%"/>
      </tr>
      <tr>
        <td colspan="1" rowspan="1" class="indent1" width="20%">URL</td>
        <td colspan="1" rowspan="1" width="80%">
          <a shape="rect" href="https://www.fairplay.com.bo/">https://www.fairplay.com.bo/</a>
        </td>
      </tr>
      <tr>
        <td colspan="1" rowspan="1" class="indent2" width="20%">Method</td>
        <td colspan="1" rowspan="1" width="80%">GET</td>
      </tr>
      <tr>
        <td colspan="1" rowspan="1" class="indent2" width="20%">Parameter</td>
        <td colspan="1" rowspan="1" width="80%">https://fairplaybo.vtexassets.com/_v/public/assets/v1/published/vtex.render-runtime@8.134.2/public/react/common.min.js?workspace=master</td>
      </tr>
      <tr>
        <td colspan="1" rowspan="1" class="indent2" width="20%">Attack</td>
        <td colspan="1" rowspan="1" width="80%"/>
      </tr>
      <tr>
        <td colspan="1" rowspan="1" class="indent2" width="20%">Evidence</td>
        <td colspan="1" rowspan="1" width="80%">&lt;script src="https://fairplaybo.vtexassets.com/_v/public/assets/v1/published/vtex.render-runtime@8.134.2/public/react/common.min.js?workspace=master" crossorigin  &gt;&lt;/script&gt;</td>
      </tr>
      <tr>
        <td colspan="1" rowspan="1" class="indent2" width="20%">Other Info</td>
        <td colspan="1" rowspan="1" width="80%"/>
      </tr>
      <tr>
        <td colspan="1" rowspan="1" class="indent1" width="20%">URL</td>
        <td colspan="1" rowspan="1" width="80%">
          <a shape="rect" href="https://www.fairplay.com.bo/">https://www.fairplay.com.bo/</a>
        </td>
      </tr>
      <tr>
        <td colspan="1" rowspan="1" class="indent2" width="20%">Method</td>
        <td colspan="1" rowspan="1" width="80%">GET</td>
      </tr>
      <tr>
        <td colspan="1" rowspan="1" class="indent2" width="20%">Parameter</td>
        <td colspan="1" rowspan="1" width="80%">https://fairplaybo.vtexassets.com/_v/public/assets/v1/published/vtex.render-runtime@8.134.2/public/react/graphql.min.js?workspace=master</td>
      </tr>
      <tr>
        <td colspan="1" rowspan="1" class="indent2" width="20%">Attack</td>
        <td colspan="1" rowspan="1" width="80%"/>
      </tr>
      <tr>
        <td colspan="1" rowspan="1" class="indent2" width="20%">Evidence</td>
        <td colspan="1" rowspan="1" width="80%">&lt;script src="https://fairplaybo.vtexassets.com/_v/public/assets/v1/published/vtex.render-runtime@8.134.2/public/react/graphql.min.js?workspace=master" crossorigin  &gt;&lt;/script&gt;</td>
      </tr>
      <tr>
        <td colspan="1" rowspan="1" class="indent2" width="20%">Other Info</td>
        <td colspan="1" rowspan="1" width="80%"/>
      </tr>
      <tr>
        <td colspan="1" rowspan="1" class="indent1" width="20%">URL</td>
        <td colspan="1" rowspan="1" width="80%">
          <a shape="rect" href="https://www.fairplay.com.bo/">https://www.fairplay.com.bo/</a>
        </td>
      </tr>
      <tr>
        <td colspan="1" rowspan="1" class="indent2" width="20%">Method</td>
        <td colspan="1" rowspan="1" width="80%">GET</td>
      </tr>
      <tr>
        <td colspan="1" rowspan="1" class="indent2" width="20%">Parameter</td>
        <td colspan="1" rowspan="1" width="80%">https://fairplaybo.vtexassets.com/_v/public/assets/v1/published/vtex.render-runtime@8.134.2/public/react/index.min.js?workspace=master</td>
      </tr>
      <tr>
        <td colspan="1" rowspan="1" class="indent2" width="20%">Attack</td>
        <td colspan="1" rowspan="1" width="80%"/>
      </tr>
      <tr>
        <td colspan="1" rowspan="1" class="indent2" width="20%">Evidence</td>
        <td colspan="1" rowspan="1" width="80%">&lt;script src="https://fairplaybo.vtexassets.com/_v/public/assets/v1/published/vtex.render-runtime@8.134.2/public/react/index.min.js?workspace=master" crossorigin  &gt;&lt;/script&gt;</td>
      </tr>
      <tr>
        <td colspan="1" rowspan="1" class="indent2" width="20%">Other Info</td>
        <td colspan="1" rowspan="1" width="80%"/>
      </tr>
      <tr>
        <td colspan="1" rowspan="1" class="indent1" width="20%">URL</td>
        <td colspan="1" rowspan="1" width="80%">
          <a shape="rect" href="https://www.fairplay.com.bo/">https://www.fairplay.com.bo/</a>
        </td>
      </tr>
      <tr>
        <td colspan="1" rowspan="1" class="indent2" width="20%">Method</td>
        <td colspan="1" rowspan="1" width="80%">GET</td>
      </tr>
      <tr>
        <td colspan="1" rowspan="1" class="indent2" width="20%">Parameter</td>
        <td colspan="1" rowspan="1" width="80%">https://io.vtex.com.br/v3/polyfill.min.js?version=3.89.4&amp;features=Object.keys,document.currentScript,CustomEvent&amp;flags=gated,always</td>
      </tr>
      <tr>
        <td colspan="1" rowspan="1" class="indent2" width="20%">Attack</td>
        <td colspan="1" rowspan="1" width="80%"/>
      </tr>
      <tr>
        <td colspan="1" rowspan="1" class="indent2" width="20%">Evidence</td>
        <td colspan="1" rowspan="1" width="80%">&lt;script src="https://io.vtex.com.br/v3/polyfill.min.js?version=3.89.4&amp;features=Object.keys,document.currentScript,CustomEvent&amp;flags=gated,always" crossorigin nomodule &gt;&lt;/script&gt;</td>
      </tr>
      <tr>
        <td colspan="1" rowspan="1" class="indent2" width="20%">Other Info</td>
        <td colspan="1" rowspan="1" width="80%"/>
      </tr>
      <tr>
        <td colspan="1" rowspan="1" class="indent1" width="20%">URL</td>
        <td colspan="1" rowspan="1" width="80%">
          <a shape="rect" href="https://www.fairplay.com.bo/">https://www.fairplay.com.bo/</a>
        </td>
      </tr>
      <tr>
        <td colspan="1" rowspan="1" class="indent2" width="20%">Method</td>
        <td colspan="1" rowspan="1" width="80%">GET</td>
      </tr>
      <tr>
        <td colspan="1" rowspan="1" class="indent2" width="20%">Parameter</td>
        <td colspan="1" rowspan="1" width="80%">https://io.vtex.com.br/v3/polyfill.min.js?version=3.89.4&amp;features=Object.values,Object.entries,Object.assign,Array.from,Array.prototype.findIndex,Array.prototype.fill,Array.prototype.find,Array.prototype.flatMap,Array.prototype.includes,String.prototype.startsWith,String.prototype.endsWith,String.prototype.includes,String.prototype.repeat,Symbol,fetch,Promise,Map,WeakMap,Number.isInteger,Number.isNaN,Number.EPSILON,Set,Function.name,URL,IntersectionObserver,Intl.~locale.es-BO&amp;flags=gated</td>
      </tr>
      <tr>
        <td colspan="1" rowspan="1" class="indent2" width="20%">Attack</td>
        <td colspan="1" rowspan="1" width="80%"/>
      </tr>
      <tr>
        <td colspan="1" rowspan="1" class="indent2" width="20%">Evidence</td>
        <td colspan="1" rowspan="1" width="80%">&lt;script src="https://io.vtex.com.br/v3/polyfill.min.js?version=3.89.4&amp;features=Object.values,Object.entries,Object.assign,Array.from,Array.prototype.findIndex,Array.prototype.fill,Array.prototype.find,Array.prototype.flatMap,Array.prototype.includes,String.prototype.startsWith,String.prototype.endsWith,String.prototype.includes,String.prototype.repeat,Symbol,fetch,Promise,Map,WeakMap,Number.isInteger,Number.isNaN,Number.EPSILON,Set,Function.name,URL,IntersectionObserver,Intl.~locale.es-BO&amp;flags=gated" crossorigin  &gt;&lt;/script&gt;</td>
      </tr>
      <tr>
        <td colspan="1" rowspan="1" class="indent2" width="20%">Other Info</td>
        <td colspan="1" rowspan="1" width="80%"/>
      </tr>
      <tr>
        <td colspan="1" rowspan="1" width="20%">Instances</td>
        <td colspan="1" rowspan="1" width="80%">30</td>
      </tr>
      <tr>
        <td colspan="1" rowspan="1" width="20%">Solution</td>
        <td colspan="1" rowspan="1" width="80%">
          <div>Ensure JavaScript source files are loaded from only trusted sources, and the sources can't be controlled by end users of the application.</div>
        </td>
      </tr>
      <tr>
        <td colspan="1" rowspan="1" width="20%">Reference</td>
        <td colspan="1" rowspan="1" width="80%"/>
      </tr>
      <tr>
        <td colspan="1" rowspan="1" width="20%">CWE Id</td>
        <td colspan="1" rowspan="1" width="80%">
          <a shape="rect" href="https://cwe.mitre.org/data/definitions/829.html">829</a>
        </td>
      </tr>
      <tr>
        <td colspan="1" rowspan="1" width="20%">WASC Id</td>
        <td colspan="1" rowspan="1" width="80%">15</td>
      </tr>
      <tr>
        <td colspan="1" rowspan="1" width="20%">Plugin Id</td>
        <td colspan="1" rowspan="1" width="80%">
          <a shape="rect" href="https://www.zaproxy.org/docs/alerts/10017/">10017</a>
        </td>
      </tr>
    </table>
    <div class="spacer"/>
    <table class="results">
      <tr height="24">
        <th colspan="1" rowspan="1" class="risk-1" width="20%">
          <a shape="rect" id="10036"/>
          <div>Low</div>
        </th>
        <th colspan="1" rowspan="1" class="risk-1">Server Leaks Version Information via "Server" HTTP Response Header Field</th>
      </tr>
      <tr>
        <td colspan="1" rowspan="1" width="20%">Description</td>
        <td colspan="1" rowspan="1" width="80%">
          <div>The web/application server is leaking version information via the "Server" HTTP response header. Access to such information may facilitate attackers identifying other vulnerabilities your web/application server is subject to.</div>
        </td>
      </tr>
      <tr valign="top">
        <td colspan="2" rowspan="1"/>
      </tr>
      <tr>
        <td colspan="1" rowspan="1" class="indent1" width="20%">URL</td>
        <td colspan="1" rowspan="1" width="80%">
          <a shape="rect" href="https://io.vtex.com.br/rc/rc.js">https://io.vtex.com.br/rc/rc.js</a>
        </td>
      </tr>
      <tr>
        <td colspan="1" rowspan="1" class="indent2" width="20%">Method</td>
        <td colspan="1" rowspan="1" width="80%">GET</td>
      </tr>
      <tr>
        <td colspan="1" rowspan="1" class="indent2" width="20%">Parameter</td>
        <td colspan="1" rowspan="1" width="80%"/>
      </tr>
      <tr>
        <td colspan="1" rowspan="1" class="indent2" width="20%">Attack</td>
        <td colspan="1" rowspan="1" width="80%"/>
      </tr>
      <tr>
        <td colspan="1" rowspan="1" class="indent2" width="20%">Evidence</td>
        <td colspan="1" rowspan="1" width="80%">AmazonS3</td>
      </tr>
      <tr>
        <td colspan="1" rowspan="1" class="indent2" width="20%">Other Info</td>
        <td colspan="1" rowspan="1" width="80%"/>
      </tr>
      <tr>
        <td colspan="1" rowspan="1" class="indent1" width="20%">URL</td>
        <td colspan="1" rowspan="1" width="80%">
          <a shape="rect" href="https://www.google-analytics.com/analytics.js">https://www.google-analytics.com/analytics.js</a>
        </td>
      </tr>
      <tr>
        <td colspan="1" rowspan="1" class="indent2" width="20%">Method</td>
        <td colspan="1" rowspan="1" width="80%">GET</td>
      </tr>
      <tr>
        <td colspan="1" rowspan="1" class="indent2" width="20%">Parameter</td>
        <td colspan="1" rowspan="1" width="80%"/>
      </tr>
      <tr>
        <td colspan="1" rowspan="1" class="indent2" width="20%">Attack</td>
        <td colspan="1" rowspan="1" width="80%"/>
      </tr>
      <tr>
        <td colspan="1" rowspan="1" class="indent2" width="20%">Evidence</td>
        <td colspan="1" rowspan="1" width="80%">Golfe2</td>
      </tr>
      <tr>
        <td colspan="1" rowspan="1" class="indent2" width="20%">Other Info</td>
        <td colspan="1" rowspan="1" width="80%"/>
      </tr>
      <tr>
        <td colspan="1" rowspan="1" class="indent1" width="20%">URL</td>
        <td colspan="1" rowspan="1" width="80%">
          <a shape="rect" href="https://stats.g.doubleclick.net/j/collect?t=dc&amp;aip=1&amp;_r=3&amp;v=1&amp;_v=j101&amp;tid=UA-167778901-1&amp;cid=577993348.1705278796&amp;jid=406268834&amp;gjid=1938022609&amp;_gid=1158350946.1705278802&amp;_u=YADAAEAAAAAAACgBI~&amp;z=86176733">https://stats.g.doubleclick.net/j/collect?t=dc&amp;aip=1&amp;_r=3&amp;v=1&amp;_v=j101&amp;tid=UA-167778901-1&amp;cid=577993348.1705278796&amp;jid=406268834&amp;gjid=1938022609&amp;_gid=1158350946.1705278802&amp;_u=YADAAEAAAAAAACgBI~&amp;z=86176733</a>
        </td>
      </tr>
      <tr>
        <td colspan="1" rowspan="1" class="indent2" width="20%">Method</td>
        <td colspan="1" rowspan="1" width="80%">POST</td>
      </tr>
      <tr>
        <td colspan="1" rowspan="1" class="indent2" width="20%">Parameter</td>
        <td colspan="1" rowspan="1" width="80%"/>
      </tr>
      <tr>
        <td colspan="1" rowspan="1" class="indent2" width="20%">Attack</td>
        <td colspan="1" rowspan="1" width="80%"/>
      </tr>
      <tr>
        <td colspan="1" rowspan="1" class="indent2" width="20%">Evidence</td>
        <td colspan="1" rowspan="1" width="80%">Golfe2</td>
      </tr>
      <tr>
        <td colspan="1" rowspan="1" class="indent2" width="20%">Other Info</td>
        <td colspan="1" rowspan="1" width="80%"/>
      </tr>
      <tr>
        <td colspan="1" rowspan="1" class="indent1" width="20%">URL</td>
        <td colspan="1" rowspan="1" width="80%">
          <a shape="rect" href="https://www.google-analytics.com/g/collect?v=2&amp;tid=G-SFH0QC082B&amp;gtm=45je41a0v894649522z8897862487&amp;_p=1705278762501&amp;gcd=11l1l1l1l1&amp;dma=0&amp;cid=577993348.1705278796&amp;ul=en-us&amp;sr=1536x864&amp;ir=1&amp;uaa=x86&amp;uab=64&amp;uafvl=Google%2520Chrome%3B119.0.6045.159%7CChromium%3B119.0.6045.159%7CNot%253FA_Brand%3B24.0.0.0&amp;uamb=0&amp;uam=&amp;uap=Linux&amp;uapv=6.5.0&amp;uaw=0&amp;_eu=EA&amp;_s=1&amp;sid=1705278796&amp;sct=1&amp;seg=0&amp;dl=https%3A%2F%2Fwww.fairplay.com.bo%2F&amp;dt=FairPlay%20Bolivia%20%7C%20Zapatillas%2C%20Indumentaria%20y%20Accesorios&amp;en=page_view&amp;_fv=1&amp;_nsi=1&amp;_ss=1&amp;tfd=54528">https://www.google-analytics.com/g/collect?v=2&amp;tid=G-SFH0QC082B&amp;gtm=45je41a0v894649522z8897862487&amp;_p=1705278762501&amp;gcd=11l1l1l1l1&amp;dma=0&amp;cid=577993348.1705278796&amp;ul=en-us&amp;sr=1536x864&amp;ir=1&amp;uaa=x86&amp;uab=64&amp;uafvl=Google%2520Chrome%3B119.0.6045.159%7CChromium%3B119.0.6045.159%7CNot%253FA_Brand%3B24.0.0.0&amp;uamb=0&amp;uam=&amp;uap=Linux&amp;uapv=6.5.0&amp;uaw=0&amp;_eu=EA&amp;_s=1&amp;sid=1705278796&amp;sct=1&amp;seg=0&amp;dl=https%3A%2F%2Fwww.fairplay.com.bo%2F&amp;dt=FairPlay%20Bolivia%20%7C%20Zapatillas%2C%20Indumentaria%20y%20Accesorios&amp;en=page_view&amp;_fv=1&amp;_nsi=1&amp;_ss=1&amp;tfd=54528</a>
        </td>
      </tr>
      <tr>
        <td colspan="1" rowspan="1" class="indent2" width="20%">Method</td>
        <td colspan="1" rowspan="1" width="80%">POST</td>
      </tr>
      <tr>
        <td colspan="1" rowspan="1" class="indent2" width="20%">Parameter</td>
        <td colspan="1" rowspan="1" width="80%"/>
      </tr>
      <tr>
        <td colspan="1" rowspan="1" class="indent2" width="20%">Attack</td>
        <td colspan="1" rowspan="1" width="80%"/>
      </tr>
      <tr>
        <td colspan="1" rowspan="1" class="indent2" width="20%">Evidence</td>
        <td colspan="1" rowspan="1" width="80%">Golfe2</td>
      </tr>
      <tr>
        <td colspan="1" rowspan="1" class="indent2" width="20%">Other Info</td>
        <td colspan="1" rowspan="1" width="80%"/>
      </tr>
      <tr>
        <td colspan="1" rowspan="1" class="indent1" width="20%">URL</td>
        <td colspan="1" rowspan="1" width="80%">
          <a shape="rect" href="https://www.google-analytics.com/j/collect?v=1&amp;_v=j101&amp;a=58373992&amp;t=pageview&amp;_s=1&amp;dl=https%3A%2F%2Fwww.fairplay.com.bo%2F&amp;dr=&amp;dp=%2F&amp;ul=en-us&amp;de=UTF-8&amp;dt=FairPlay%20Bolivia%20%7C%20Zapatillas%2C%20Indumentaria%20y%20Accesorios&amp;sd=24-bit&amp;sr=1536x864&amp;vp=1522x714&amp;je=0&amp;_u=YADAAEABAAAAACgBI~&amp;jid=406268834&amp;gjid=1938022609&amp;cid=577993348.1705278796&amp;tid=UA-167778901-1&amp;_gid=1158350946.1705278802&amp;_r=1&amp;_slc=1&amp;gtm=45He41a0n8153TNVMFv897862487&amp;gcd=11l1l1l1l1&amp;dma=0&amp;z=141112468">https://www.google-analytics.com/j/collect?v=1&amp;_v=j101&amp;a=58373992&amp;t=pageview&amp;_s=1&amp;dl=https%3A%2F%2Fwww.fairplay.com.bo%2F&amp;dr=&amp;dp=%2F&amp;ul=en-us&amp;de=UTF-8&amp;dt=FairPlay%20Bolivia%20%7C%20Zapatillas%2C%20Indumentaria%20y%20Accesorios&amp;sd=24-bit&amp;sr=1536x864&amp;vp=1522x714&amp;je=0&amp;_u=YADAAEABAAAAACgBI~&amp;jid=406268834&amp;gjid=1938022609&amp;cid=577993348.1705278796&amp;tid=UA-167778901-1&amp;_gid=1158350946.1705278802&amp;_r=1&amp;_slc=1&amp;gtm=45He41a0n8153TNVMFv897862487&amp;gcd=11l1l1l1l1&amp;dma=0&amp;z=141112468</a>
        </td>
      </tr>
      <tr>
        <td colspan="1" rowspan="1" class="indent2" width="20%">Method</td>
        <td colspan="1" rowspan="1" width="80%">POST</td>
      </tr>
      <tr>
        <td colspan="1" rowspan="1" class="indent2" width="20%">Parameter</td>
        <td colspan="1" rowspan="1" width="80%"/>
      </tr>
      <tr>
        <td colspan="1" rowspan="1" class="indent2" width="20%">Attack</td>
        <td colspan="1" rowspan="1" width="80%"/>
      </tr>
      <tr>
        <td colspan="1" rowspan="1" class="indent2" width="20%">Evidence</td>
        <td colspan="1" rowspan="1" width="80%">Golfe2</td>
      </tr>
      <tr>
        <td colspan="1" rowspan="1" class="indent2" width="20%">Other Info</td>
        <td colspan="1" rowspan="1" width="80%"/>
      </tr>
      <tr>
        <td colspan="1" rowspan="1" width="20%">Instances</td>
        <td colspan="1" rowspan="1" width="80%">5</td>
      </tr>
      <tr>
        <td colspan="1" rowspan="1" width="20%">Solution</td>
        <td colspan="1" rowspan="1" width="80%">
          <div>Ensure that your web server, application server, load balancer, etc. is configured to suppress the "Server" header or provide generic details.</div>
        </td>
      </tr>
      <tr>
        <td colspan="1" rowspan="1" width="20%">Reference</td>
        <td colspan="1" rowspan="1" width="80%">
          <a shape="rect" href="http://httpd.apache.org/docs/current/mod/core.html#servertokens">http://httpd.apache.org/docs/current/mod/core.html#servertokens</a>
          <br clear="none"/>
          <a shape="rect" href="http://msdn.microsoft.com/en-us/library/ff648552.aspx#ht_urlscan_007">http://msdn.microsoft.com/en-us/library/ff648552.aspx#ht_urlscan_007</a>
          <br clear="none"/>
          <a shape="rect" href="http://blogs.msdn.com/b/varunm/archive/2013/04/23/remove-unwanted-http-response-headers.aspx">http://blogs.msdn.com/b/varunm/archive/2013/04/23/remove-unwanted-http-response-headers.aspx</a>
          <br clear="none"/>
          <a shape="rect" href="http://www.troyhunt.com/2012/02/shhh-dont-let-your-response-headers.html">http://www.troyhunt.com/2012/02/shhh-dont-let-your-response-headers.html</a>
        </td>
      </tr>
      <tr>
        <td colspan="1" rowspan="1" width="20%">CWE Id</td>
        <td colspan="1" rowspan="1" width="80%">
          <a shape="rect" href="https://cwe.mitre.org/data/definitions/200.html">200</a>
        </td>
      </tr>
      <tr>
        <td colspan="1" rowspan="1" width="20%">WASC Id</td>
        <td colspan="1" rowspan="1" width="80%">13</td>
      </tr>
      <tr>
        <td colspan="1" rowspan="1" width="20%">Plugin Id</td>
        <td colspan="1" rowspan="1" width="80%">
          <a shape="rect" href="https://www.zaproxy.org/docs/alerts/10036/">10036</a>
        </td>
      </tr>
    </table>
    <div class="spacer"/>
    <table class="results">
      <tr height="24">
        <th colspan="1" rowspan="1" class="risk-1" width="20%">
          <a shape="rect" id="10035"/>
          <div>Low</div>
        </th>
        <th colspan="1" rowspan="1" class="risk-1">Strict-Transport-Security Header Not Set</th>
      </tr>
      <tr>
        <td colspan="1" rowspan="1" width="20%">Description</td>
        <td colspan="1" rowspan="1" width="80%">
          <div>HTTP Strict Transport Security (HSTS) is a web security policy mechanism whereby a web server declares that complying user agents (such as a web browser) are to interact with it using only secure HTTPS connections (i.e. HTTP layered over TLS/SSL). HSTS is an IETF standards track protocol and is specified in RFC 6797.</div>
        </td>
      </tr>
      <tr valign="top">
        <td colspan="2" rowspan="1"/>
      </tr>
      <tr>
        <td colspan="1" rowspan="1" class="indent1" width="20%">URL</td>
        <td colspan="1" rowspan="1" width="80%">
          <a shape="rect" href="https://content-autofill.googleapis.com/v1/pages/ChVDaHJvbWUvMTE5LjAuNjA0NS4xNTkSGQljHk2ucY_1rxIFDUZq9SshrJrgae4Hs8c=?alt=proto">https://content-autofill.googleapis.com/v1/pages/ChVDaHJvbWUvMTE5LjAuNjA0NS4xNTkSGQljHk2ucY_1rxIFDUZq9SshrJrgae4Hs8c=?alt=proto</a>
        </td>
      </tr>
      <tr>
        <td colspan="1" rowspan="1" class="indent2" width="20%">Method</td>
        <td colspan="1" rowspan="1" width="80%">GET</td>
      </tr>
      <tr>
        <td colspan="1" rowspan="1" class="indent2" width="20%">Parameter</td>
        <td colspan="1" rowspan="1" width="80%"/>
      </tr>
      <tr>
        <td colspan="1" rowspan="1" class="indent2" width="20%">Attack</td>
        <td colspan="1" rowspan="1" width="80%"/>
      </tr>
      <tr>
        <td colspan="1" rowspan="1" class="indent2" width="20%">Evidence</td>
        <td colspan="1" rowspan="1" width="80%"/>
      </tr>
      <tr>
        <td colspan="1" rowspan="1" class="indent2" width="20%">Other Info</td>
        <td colspan="1" rowspan="1" width="80%"/>
      </tr>
      <tr>
        <td colspan="1" rowspan="1" class="indent1" width="20%">URL</td>
        <td colspan="1" rowspan="1" width="80%">
          <a shape="rect" href="https://content-autofill.googleapis.com/v1/pages/ChVDaHJvbWUvMTE5LjAuNjA0NS4xNTkSGQloR8L9v4ND2BIFDXdY_80hrJrgae4Hs8c=?alt=proto">https://content-autofill.googleapis.com/v1/pages/ChVDaHJvbWUvMTE5LjAuNjA0NS4xNTkSGQloR8L9v4ND2BIFDXdY_80hrJrgae4Hs8c=?alt=proto</a>
        </td>
      </tr>
      <tr>
        <td colspan="1" rowspan="1" class="indent2" width="20%">Method</td>
        <td colspan="1" rowspan="1" width="80%">GET</td>
      </tr>
      <tr>
        <td colspan="1" rowspan="1" class="indent2" width="20%">Parameter</td>
        <td colspan="1" rowspan="1" width="80%"/>
      </tr>
      <tr>
        <td colspan="1" rowspan="1" class="indent2" width="20%">Attack</td>
        <td colspan="1" rowspan="1" width="80%"/>
      </tr>
      <tr>
        <td colspan="1" rowspan="1" class="indent2" width="20%">Evidence</td>
        <td colspan="1" rowspan="1" width="80%"/>
      </tr>
      <tr>
        <td colspan="1" rowspan="1" class="indent2" width="20%">Other Info</td>
        <td colspan="1" rowspan="1" width="80%"/>
      </tr>
      <tr>
        <td colspan="1" rowspan="1" class="indent1" width="20%">URL</td>
        <td colspan="1" rowspan="1" width="80%">
          <a shape="rect" href="https://fairplaybo.vtexassets.com/_v/public/assets/v1/npm/animate.css@3.7.0/animate.min.css?workspace=master">https://fairplaybo.vtexassets.com/_v/public/assets/v1/npm/animate.css@3.7.0/animate.min.css?workspace=master</a>
        </td>
      </tr>
      <tr>
        <td colspan="1" rowspan="1" class="indent2" width="20%">Method</td>
        <td colspan="1" rowspan="1" width="80%">GET</td>
      </tr>
      <tr>
        <td colspan="1" rowspan="1" class="indent2" width="20%">Parameter</td>
        <td colspan="1" rowspan="1" width="80%"/>
      </tr>
      <tr>
        <td colspan="1" rowspan="1" class="indent2" width="20%">Attack</td>
        <td colspan="1" rowspan="1" width="80%"/>
      </tr>
      <tr>
        <td colspan="1" rowspan="1" class="indent2" width="20%">Evidence</td>
        <td colspan="1" rowspan="1" width="80%"/>
      </tr>
      <tr>
        <td colspan="1" rowspan="1" class="indent2" width="20%">Other Info</td>
        <td colspan="1" rowspan="1" width="80%"/>
      </tr>
      <tr>
        <td colspan="1" rowspan="1" class="indent1" width="20%">URL</td>
        <td colspan="1" rowspan="1" width="80%">
          <a shape="rect" href="https://fairplaybo.vtexassets.com/_v/public/assets/v1/npm/fg-loadcss@2.1.0/dist/cssrelpreload.min.js?workspace=master">https://fairplaybo.vtexassets.com/_v/public/assets/v1/npm/fg-loadcss@2.1.0/dist/cssrelpreload.min.js?workspace=master</a>
        </td>
      </tr>
      <tr>
        <td colspan="1" rowspan="1" class="indent2" width="20%">Method</td>
        <td colspan="1" rowspan="1" width="80%">GET</td>
      </tr>
      <tr>
        <td colspan="1" rowspan="1" class="indent2" width="20%">Parameter</td>
        <td colspan="1" rowspan="1" width="80%"/>
      </tr>
      <tr>
        <td colspan="1" rowspan="1" class="indent2" width="20%">Attack</td>
        <td colspan="1" rowspan="1" width="80%"/>
      </tr>
      <tr>
        <td colspan="1" rowspan="1" class="indent2" width="20%">Evidence</td>
        <td colspan="1" rowspan="1" width="80%"/>
      </tr>
      <tr>
        <td colspan="1" rowspan="1" class="indent2" width="20%">Other Info</td>
        <td colspan="1" rowspan="1" width="80%"/>
      </tr>
      <tr>
        <td colspan="1" rowspan="1" class="indent1" width="20%">URL</td>
        <td colspan="1" rowspan="1" width="80%">
          <a shape="rect" href="https://fairplaybo.vtexassets.com/_v/public/assets/v1/npm/history@4.7.2/umd/history.min.js?workspace=master">https://fairplaybo.vtexassets.com/_v/public/assets/v1/npm/history@4.7.2/umd/history.min.js?workspace=master</a>
        </td>
      </tr>
      <tr>
        <td colspan="1" rowspan="1" class="indent2" width="20%">Method</td>
        <td colspan="1" rowspan="1" width="80%">GET</td>
      </tr>
      <tr>
        <td colspan="1" rowspan="1" class="indent2" width="20%">Parameter</td>
        <td colspan="1" rowspan="1" width="80%"/>
      </tr>
      <tr>
        <td colspan="1" rowspan="1" class="indent2" width="20%">Attack</td>
        <td colspan="1" rowspan="1" width="80%"/>
      </tr>
      <tr>
        <td colspan="1" rowspan="1" class="indent2" width="20%">Evidence</td>
        <td colspan="1" rowspan="1" width="80%"/>
      </tr>
      <tr>
        <td colspan="1" rowspan="1" class="indent2" width="20%">Other Info</td>
        <td colspan="1" rowspan="1" width="80%"/>
      </tr>
      <tr>
        <td colspan="1" rowspan="1" class="indent1" width="20%">URL</td>
        <td colspan="1" rowspan="1" width="80%">
          <a shape="rect" href="https://fairplaybo.vtexassets.com/_v/public/assets/v1/npm/lazysizes@5.3.2/lazysizes.min.js?workspace=master">https://fairplaybo.vtexassets.com/_v/public/assets/v1/npm/lazysizes@5.3.2/lazysizes.min.js?workspace=master</a>
        </td>
      </tr>
      <tr>
        <td colspan="1" rowspan="1" class="indent2" width="20%">Method</td>
        <td colspan="1" rowspan="1" width="80%">GET</td>
      </tr>
      <tr>
        <td colspan="1" rowspan="1" class="indent2" width="20%">Parameter</td>
        <td colspan="1" rowspan="1" width="80%"/>
      </tr>
      <tr>
        <td colspan="1" rowspan="1" class="indent2" width="20%">Attack</td>
        <td colspan="1" rowspan="1" width="80%"/>
      </tr>
      <tr>
        <td colspan="1" rowspan="1" class="indent2" width="20%">Evidence</td>
        <td colspan="1" rowspan="1" width="80%"/>
      </tr>
      <tr>
        <td colspan="1" rowspan="1" class="indent2" width="20%">Other Info</td>
        <td colspan="1" rowspan="1" width="80%"/>
      </tr>
      <tr>
        <td colspan="1" rowspan="1" class="indent1" width="20%">URL</td>
        <td colspan="1" rowspan="1" width="80%">
          <a shape="rect" href="https://fairplaybo.vtexassets.com/_v/public/assets/v1/npm/lazysizes@5.3.2/plugins/unveilhooks/ls.unveilhooks.min.js?workspace=master">https://fairplaybo.vtexassets.com/_v/public/assets/v1/npm/lazysizes@5.3.2/plugins/unveilhooks/ls.unveilhooks.min.js?workspace=master</a>
        </td>
      </tr>
      <tr>
        <td colspan="1" rowspan="1" class="indent2" width="20%">Method</td>
        <td colspan="1" rowspan="1" width="80%">GET</td>
      </tr>
      <tr>
        <td colspan="1" rowspan="1" class="indent2" width="20%">Parameter</td>
        <td colspan="1" rowspan="1" width="80%"/>
      </tr>
      <tr>
        <td colspan="1" rowspan="1" class="indent2" width="20%">Attack</td>
        <td colspan="1" rowspan="1" width="80%"/>
      </tr>
      <tr>
        <td colspan="1" rowspan="1" class="indent2" width="20%">Evidence</td>
        <td colspan="1" rowspan="1" width="80%"/>
      </tr>
      <tr>
        <td colspan="1" rowspan="1" class="indent2" width="20%">Other Info</td>
        <td colspan="1" rowspan="1" width="80%"/>
      </tr>
      <tr>
        <td colspan="1" rowspan="1" class="indent1" width="20%">URL</td>
        <td colspan="1" rowspan="1" width="80%">
          <a shape="rect" href="https://fairplaybo.vtexassets.com/_v/public/assets/v1/npm/prop-types@15.7.2/prop-types.min.js?workspace=master">https://fairplaybo.vtexassets.com/_v/public/assets/v1/npm/prop-types@15.7.2/prop-types.min.js?workspace=master</a>
        </td>
      </tr>
      <tr>
        <td colspan="1" rowspan="1" class="indent2" width="20%">Method</td>
        <td colspan="1" rowspan="1" width="80%">GET</td>
      </tr>
      <tr>
        <td colspan="1" rowspan="1" class="indent2" width="20%">Parameter</td>
        <td colspan="1" rowspan="1" width="80%"/>
      </tr>
      <tr>
        <td colspan="1" rowspan="1" class="indent2" width="20%">Attack</td>
        <td colspan="1" rowspan="1" width="80%"/>
      </tr>
      <tr>
        <td colspan="1" rowspan="1" class="indent2" width="20%">Evidence</td>
        <td colspan="1" rowspan="1" width="80%"/>
      </tr>
      <tr>
        <td colspan="1" rowspan="1" class="indent2" width="20%">Other Info</td>
        <td colspan="1" rowspan="1" width="80%"/>
      </tr>
      <tr>
        <td colspan="1" rowspan="1" class="indent1" width="20%">URL</td>
        <td colspan="1" rowspan="1" width="80%">
          <a shape="rect" href="https://fairplaybo.vtexassets.com/_v/public/assets/v1/npm/ramda@0.26.1/dist/ramda.min.js?workspace=master">https://fairplaybo.vtexassets.com/_v/public/assets/v1/npm/ramda@0.26.1/dist/ramda.min.js?workspace=master</a>
        </td>
      </tr>
      <tr>
        <td colspan="1" rowspan="1" class="indent2" width="20%">Method</td>
        <td colspan="1" rowspan="1" width="80%">GET</td>
      </tr>
      <tr>
        <td colspan="1" rowspan="1" class="indent2" width="20%">Parameter</td>
        <td colspan="1" rowspan="1" width="80%"/>
      </tr>
      <tr>
        <td colspan="1" rowspan="1" class="indent2" width="20%">Attack</td>
        <td colspan="1" rowspan="1" width="80%"/>
      </tr>
      <tr>
        <td colspan="1" rowspan="1" class="indent2" width="20%">Evidence</td>
        <td colspan="1" rowspan="1" width="80%"/>
      </tr>
      <tr>
        <td colspan="1" rowspan="1" class="indent2" width="20%">Other Info</td>
        <td colspan="1" rowspan="1" width="80%"/>
      </tr>
      <tr>
        <td colspan="1" rowspan="1" class="indent1" width="20%">URL</td>
        <td colspan="1" rowspan="1" width="80%">
          <a shape="rect" href="https://fairplaybo.vtexassets.com/_v/public/assets/v1/npm/react-dom@16.9.0/umd/react-dom-server.browser.production.min.js?workspace=master">https://fairplaybo.vtexassets.com/_v/public/assets/v1/npm/react-dom@16.9.0/umd/react-dom-server.browser.production.min.js?workspace=master</a>
        </td>
      </tr>
      <tr>
        <td colspan="1" rowspan="1" class="indent2" width="20%">Method</td>
        <td colspan="1" rowspan="1" width="80%">GET</td>
      </tr>
      <tr>
        <td colspan="1" rowspan="1" class="indent2" width="20%">Parameter</td>
        <td colspan="1" rowspan="1" width="80%"/>
      </tr>
      <tr>
        <td colspan="1" rowspan="1" class="indent2" width="20%">Attack</td>
        <td colspan="1" rowspan="1" width="80%"/>
      </tr>
      <tr>
        <td colspan="1" rowspan="1" class="indent2" width="20%">Evidence</td>
        <td colspan="1" rowspan="1" width="80%"/>
      </tr>
      <tr>
        <td colspan="1" rowspan="1" class="indent2" width="20%">Other Info</td>
        <td colspan="1" rowspan="1" width="80%"/>
      </tr>
      <tr>
        <td colspan="1" rowspan="1" class="indent1" width="20%">URL</td>
        <td colspan="1" rowspan="1" width="80%">
          <a shape="rect" href="https://fairplaybo.vtexassets.com/_v/public/assets/v1/npm/react-dom@16.9.0/umd/react-dom.production.min.js?workspace=master">https://fairplaybo.vtexassets.com/_v/public/assets/v1/npm/react-dom@16.9.0/umd/react-dom.production.min.js?workspace=master</a>
        </td>
      </tr>
      <tr>
        <td colspan="1" rowspan="1" class="indent2" width="20%">Method</td>
        <td colspan="1" rowspan="1" width="80%">GET</td>
      </tr>
      <tr>
        <td colspan="1" rowspan="1" class="indent2" width="20%">Parameter</td>
        <td colspan="1" rowspan="1" width="80%"/>
      </tr>
      <tr>
        <td colspan="1" rowspan="1" class="indent2" width="20%">Attack</td>
        <td colspan="1" rowspan="1" width="80%"/>
      </tr>
      <tr>
        <td colspan="1" rowspan="1" class="indent2" width="20%">Evidence</td>
        <td colspan="1" rowspan="1" width="80%"/>
      </tr>
      <tr>
        <td colspan="1" rowspan="1" class="indent2" width="20%">Other Info</td>
        <td colspan="1" rowspan="1" width="80%"/>
      </tr>
      <tr>
        <td colspan="1" rowspan="1" class="indent1" width="20%">URL</td>
        <td colspan="1" rowspan="1" width="80%">
          <a shape="rect" href="https://fairplaybo.vtexassets.com/_v/public/assets/v1/npm/react-intl@3.9.1/dist/react-intl.min.js?workspace=master">https://fairplaybo.vtexassets.com/_v/public/assets/v1/npm/react-intl@3.9.1/dist/react-intl.min.js?workspace=master</a>
        </td>
      </tr>
      <tr>
        <td colspan="1" rowspan="1" class="indent2" width="20%">Method</td>
        <td colspan="1" rowspan="1" width="80%">GET</td>
      </tr>
      <tr>
        <td colspan="1" rowspan="1" class="indent2" width="20%">Parameter</td>
        <td colspan="1" rowspan="1" width="80%"/>
      </tr>
      <tr>
        <td colspan="1" rowspan="1" class="indent2" width="20%">Attack</td>
        <td colspan="1" rowspan="1" width="80%"/>
      </tr>
      <tr>
        <td colspan="1" rowspan="1" class="indent2" width="20%">Evidence</td>
        <td colspan="1" rowspan="1" width="80%"/>
      </tr>
      <tr>
        <td colspan="1" rowspan="1" class="indent2" width="20%">Other Info</td>
        <td colspan="1" rowspan="1" width="80%"/>
      </tr>
      <tr>
        <td colspan="1" rowspan="1" class="indent1" width="20%">URL</td>
        <td colspan="1" rowspan="1" width="80%">
          <a shape="rect" href="https://fairplaybo.vtexassets.com/_v/public/assets/v1/npm/react@16.9.0/umd/react.production.min.js?workspace=master">https://fairplaybo.vtexassets.com/_v/public/assets/v1/npm/react@16.9.0/umd/react.production.min.js?workspace=master</a>
        </td>
      </tr>
      <tr>
        <td colspan="1" rowspan="1" class="indent2" width="20%">Method</td>
        <td colspan="1" rowspan="1" width="80%">GET</td>
      </tr>
      <tr>
        <td colspan="1" rowspan="1" class="indent2" width="20%">Parameter</td>
        <td colspan="1" rowspan="1" width="80%"/>
      </tr>
      <tr>
        <td colspan="1" rowspan="1" class="indent2" width="20%">Attack</td>
        <td colspan="1" rowspan="1" width="80%"/>
      </tr>
      <tr>
        <td colspan="1" rowspan="1" class="indent2" width="20%">Evidence</td>
        <td colspan="1" rowspan="1" width="80%"/>
      </tr>
      <tr>
        <td colspan="1" rowspan="1" class="indent2" width="20%">Other Info</td>
        <td colspan="1" rowspan="1" width="80%"/>
      </tr>
      <tr>
        <td colspan="1" rowspan="1" class="indent1" width="20%">URL</td>
        <td colspan="1" rowspan="1" width="80%">
          <a shape="rect" href="https://fairplaybo.vtexassets.com/_v/public/assets/v1/npm/regenerator-runtime@0.11.1/runtime.js?workspace=master">https://fairplaybo.vtexassets.com/_v/public/assets/v1/npm/regenerator-runtime@0.11.1/runtime.js?workspace=master</a>
        </td>
      </tr>
      <tr>
        <td colspan="1" rowspan="1" class="indent2" width="20%">Method</td>
        <td colspan="1" rowspan="1" width="80%">GET</td>
      </tr>
      <tr>
        <td colspan="1" rowspan="1" class="indent2" width="20%">Parameter</td>
        <td colspan="1" rowspan="1" width="80%"/>
      </tr>
      <tr>
        <td colspan="1" rowspan="1" class="indent2" width="20%">Attack</td>
        <td colspan="1" rowspan="1" width="80%"/>
      </tr>
      <tr>
        <td colspan="1" rowspan="1" class="indent2" width="20%">Evidence</td>
        <td colspan="1" rowspan="1" width="80%"/>
      </tr>
      <tr>
        <td colspan="1" rowspan="1" class="indent2" width="20%">Other Info</td>
        <td colspan="1" rowspan="1" width="80%"/>
      </tr>
      <tr>
        <td colspan="1" rowspan="1" class="indent1" width="20%">URL</td>
        <td colspan="1" rowspan="1" width="80%">
          <a shape="rect" href="https://fairplaybo.vtexassets.com/_v/public/assets/v1/npm/vtex-render-session@1.9.2/dist/index.min.js?workspace=master">https://fairplaybo.vtexassets.com/_v/public/assets/v1/npm/vtex-render-session@1.9.2/dist/index.min.js?workspace=master</a>
        </td>
      </tr>
      <tr>
        <td colspan="1" rowspan="1" class="indent2" width="20%">Method</td>
        <td colspan="1" rowspan="1" width="80%">GET</td>
      </tr>
      <tr>
        <td colspan="1" rowspan="1" class="indent2" width="20%">Parameter</td>
        <td colspan="1" rowspan="1" width="80%"/>
      </tr>
      <tr>
        <td colspan="1" rowspan="1" class="indent2" width="20%">Attack</td>
        <td colspan="1" rowspan="1" width="80%"/>
      </tr>
      <tr>
        <td colspan="1" rowspan="1" class="indent2" width="20%">Evidence</td>
        <td colspan="1" rowspan="1" width="80%"/>
      </tr>
      <tr>
        <td colspan="1" rowspan="1" class="indent2" width="20%">Other Info</td>
        <td colspan="1" rowspan="1" width="80%"/>
      </tr>
      <tr>
        <td colspan="1" rowspan="1" class="indent1" width="20%">URL</td>
        <td colspan="1" rowspan="1" width="80%">
          <a shape="rect" href="https://fairplaybo.vtexassets.com/_v/public/assets/v1/published/bundle/public/react/asset.min.js?v=1&amp;files=fairplaybo.m3-custom@0.0.113,1,StockFlag,PriceDisconterPromotion,BrandFlag&amp;files=vtex.store-header@2.29.0,common,index,Layout,0,Row&amp;files=vtex.flex-layout@0.21.3,common,0,FlexLayout,Col&amp;files=vtex.product-summary@2.89.0,common,0,ProductSummaryList,ProductSummaryCustom,ProductSummaryImage,ProductSummaryName,Spacer&amp;files=vtex.search@1.5.1,common&amp;workspace=master">https://fairplaybo.vtexassets.com/_v/public/assets/v1/published/bundle/public/react/asset.min.js?v=1&amp;files=fairplaybo.m3-custom@0.0.113,1,StockFlag,PriceDisconterPromotion,BrandFlag&amp;files=vtex.store-header@2.29.0,common,index,Layout,0,Row&amp;files=vtex.flex-layout@0.21.3,common,0,FlexLayout,Col&amp;files=vtex.product-summary@2.89.0,common,0,ProductSummaryList,ProductSummaryCustom,ProductSummaryImage,ProductSummaryName,Spacer&amp;files=vtex.search@1.5.1,common&amp;workspace=master</a>
        </td>
      </tr>
      <tr>
        <td colspan="1" rowspan="1" class="indent2" width="20%">Method</td>
        <td colspan="1" rowspan="1" width="80%">GET</td>
      </tr>
      <tr>
        <td colspan="1" rowspan="1" class="indent2" width="20%">Parameter</td>
        <td colspan="1" rowspan="1" width="80%"/>
      </tr>
      <tr>
        <td colspan="1" rowspan="1" class="indent2" width="20%">Attack</td>
        <td colspan="1" rowspan="1" width="80%"/>
      </tr>
      <tr>
        <td colspan="1" rowspan="1" class="indent2" width="20%">Evidence</td>
        <td colspan="1" rowspan="1" width="80%"/>
      </tr>
      <tr>
        <td colspan="1" rowspan="1" class="indent2" width="20%">Other Info</td>
        <td colspan="1" rowspan="1" width="80%"/>
      </tr>
      <tr>
        <td colspan="1" rowspan="1" class="indent1" width="20%">URL</td>
        <td colspan="1" rowspan="1" width="80%">
          <a shape="rect" href="https://fairplaybo.vtexassets.com/_v/public/assets/v1/published/bundle/public/react/asset.min.js?v=1&amp;files=vtex.checkout-resources@0.49.0,Utils&amp;files=vtex.checkout-splunk@0.1.1,useSplunk&amp;files=vtex.challenge-tp-condition@0.6.1,ChallengeTradePolicyCondition&amp;files=vtex.css-handles@1.0.1,common,0,useCssHandles,withCssHandles,createCssHandlesContext,applyModifiers&amp;files=vtex.list-context@0.2.0,common,ListContextProvider,useListContext&amp;files=vtex.on-view@1.0.0,common,useOnView&amp;files=vtex.modal-layout@0.14.1,common,ModalContext&amp;files=vtex.product-context@0.10.0,common,ProductContextProvider,useProduct,useProductDispatch&amp;files=vtex.product-group-context@0.2.0,ProductGroupContext&amp;workspace=master">https://fairplaybo.vtexassets.com/_v/public/assets/v1/published/bundle/public/react/asset.min.js?v=1&amp;files=vtex.checkout-resources@0.49.0,Utils&amp;files=vtex.checkout-splunk@0.1.1,useSplunk&amp;files=vtex.challenge-tp-condition@0.6.1,ChallengeTradePolicyCondition&amp;files=vtex.css-handles@1.0.1,common,0,useCssHandles,withCssHandles,createCssHandlesContext,applyModifiers&amp;files=vtex.list-context@0.2.0,common,ListContextProvider,useListContext&amp;files=vtex.on-view@1.0.0,common,useOnView&amp;files=vtex.modal-layout@0.14.1,common,ModalContext&amp;files=vtex.product-context@0.10.0,common,ProductContextProvider,useProduct,useProductDispatch&amp;files=vtex.product-group-context@0.2.0,ProductGroupContext&amp;workspace=master</a>
        </td>
      </tr>
      <tr>
        <td colspan="1" rowspan="1" class="indent2" width="20%">Method</td>
        <td colspan="1" rowspan="1" width="80%">GET</td>
      </tr>
      <tr>
        <td colspan="1" rowspan="1" class="indent2" width="20%">Parameter</td>
        <td colspan="1" rowspan="1" width="80%"/>
      </tr>
      <tr>
        <td colspan="1" rowspan="1" class="indent2" width="20%">Attack</td>
        <td colspan="1" rowspan="1" width="80%"/>
      </tr>
      <tr>
        <td colspan="1" rowspan="1" class="indent2" width="20%">Evidence</td>
        <td colspan="1" rowspan="1" width="80%"/>
      </tr>
      <tr>
        <td colspan="1" rowspan="1" class="indent2" width="20%">Other Info</td>
        <td colspan="1" rowspan="1" width="80%"/>
      </tr>
      <tr>
        <td colspan="1" rowspan="1" class="indent1" width="20%">URL</td>
        <td colspan="1" rowspan="1" width="80%">
          <a shape="rect" href="https://fairplaybo.vtexassets.com/_v/public/assets/v1/published/bundle/public/react/asset.min.js?v=1&amp;files=vtex.open-graph@1.2.2,common,HomeOpenGraph&amp;files=vtex.pixel-manager@1.9.0,common,0,PixelContext,usePixel,usePixelEventCallback&amp;files=vtex.structured-data@0.12.0,common,SearchAction,0,ProductList&amp;files=vtex.checkout-resources@0.49.0,common,0,MutationAddToCart,4,MutationSetManualPrice,5,MutationUpdateItems,MutationClearOrderFormMessages,6,QueryOrderForm&amp;workspace=master">https://fairplaybo.vtexassets.com/_v/public/assets/v1/published/bundle/public/react/asset.min.js?v=1&amp;files=vtex.open-graph@1.2.2,common,HomeOpenGraph&amp;files=vtex.pixel-manager@1.9.0,common,0,PixelContext,usePixel,usePixelEventCallback&amp;files=vtex.structured-data@0.12.0,common,SearchAction,0,ProductList&amp;files=vtex.checkout-resources@0.49.0,common,0,MutationAddToCart,4,MutationSetManualPrice,5,MutationUpdateItems,MutationClearOrderFormMessages,6,QueryOrderForm&amp;workspace=master</a>
        </td>
      </tr>
      <tr>
        <td colspan="1" rowspan="1" class="indent2" width="20%">Method</td>
        <td colspan="1" rowspan="1" width="80%">GET</td>
      </tr>
      <tr>
        <td colspan="1" rowspan="1" class="indent2" width="20%">Parameter</td>
        <td colspan="1" rowspan="1" width="80%"/>
      </tr>
      <tr>
        <td colspan="1" rowspan="1" class="indent2" width="20%">Attack</td>
        <td colspan="1" rowspan="1" width="80%"/>
      </tr>
      <tr>
        <td colspan="1" rowspan="1" class="indent2" width="20%">Evidence</td>
        <td colspan="1" rowspan="1" width="80%"/>
      </tr>
      <tr>
        <td colspan="1" rowspan="1" class="indent2" width="20%">Other Info</td>
        <td colspan="1" rowspan="1" width="80%"/>
      </tr>
      <tr>
        <td colspan="1" rowspan="1" class="indent1" width="20%">URL</td>
        <td colspan="1" rowspan="1" width="80%">
          <a shape="rect" href="https://fairplaybo.vtexassets.com/_v/public/assets/v1/published/bundle/public/react/asset.min.js?v=1&amp;files=vtex.react-vtexid@4.55.0,common,AuthServiceLazy,AuthStateLazy,getAbsReturnUrl,1,0,useLogInWithAccessKey,useLogInWithPassword,useLogOut,useRedirectAfterLogin,useSendAccessKey,useSetPassword,useStartLoginAttempt,validations&amp;files=vtex.responsive-values@0.4.2,common,useResponsiveValues,useResponsiveValue&amp;files=vtex.responsive-layout@0.1.4,common,ResponsiveLayoutDesktop&amp;files=vtex.store-icons@0.18.0,common,IconSearch&amp;workspace=master">https://fairplaybo.vtexassets.com/_v/public/assets/v1/published/bundle/public/react/asset.min.js?v=1&amp;files=vtex.react-vtexid@4.55.0,common,AuthServiceLazy,AuthStateLazy,getAbsReturnUrl,1,0,useLogInWithAccessKey,useLogInWithPassword,useLogOut,useRedirectAfterLogin,useSendAccessKey,useSetPassword,useStartLoginAttempt,validations&amp;files=vtex.responsive-values@0.4.2,common,useResponsiveValues,useResponsiveValue&amp;files=vtex.responsive-layout@0.1.4,common,ResponsiveLayoutDesktop&amp;files=vtex.store-icons@0.18.0,common,IconSearch&amp;workspace=master</a>
        </td>
      </tr>
      <tr>
        <td colspan="1" rowspan="1" class="indent2" width="20%">Method</td>
        <td colspan="1" rowspan="1" width="80%">GET</td>
      </tr>
      <tr>
        <td colspan="1" rowspan="1" class="indent2" width="20%">Parameter</td>
        <td colspan="1" rowspan="1" width="80%"/>
      </tr>
      <tr>
        <td colspan="1" rowspan="1" class="indent2" width="20%">Attack</td>
        <td colspan="1" rowspan="1" width="80%"/>
      </tr>
      <tr>
        <td colspan="1" rowspan="1" class="indent2" width="20%">Evidence</td>
        <td colspan="1" rowspan="1" width="80%"/>
      </tr>
      <tr>
        <td colspan="1" rowspan="1" class="indent2" width="20%">Other Info</td>
        <td colspan="1" rowspan="1" width="80%"/>
      </tr>
      <tr>
        <td colspan="1" rowspan="1" class="indent1" width="20%">URL</td>
        <td colspan="1" rowspan="1" width="80%">
          <a shape="rect" href="https://fairplaybo.vtexassets.com/_v/public/assets/v1/published/bundle/public/react/asset.min.js?v=1&amp;files=vtex.render-runtime@8.134.2,ExtensionContainer&amp;files=vtex.admin-pages@4.53.0,common,6,18,HighlightOverlay&amp;files=vtex.google-tag-manager@3.5.2,index&amp;files=vtex.request-capture@2.3.0,index&amp;files=vtex.facebook-fbe@1.8.4,common,1,FbePixel&amp;files=vtex.sae-analytics@2.13.0,common,0,index&amp;workspace=master">https://fairplaybo.vtexassets.com/_v/public/assets/v1/published/bundle/public/react/asset.min.js?v=1&amp;files=vtex.render-runtime@8.134.2,ExtensionContainer&amp;files=vtex.admin-pages@4.53.0,common,6,18,HighlightOverlay&amp;files=vtex.google-tag-manager@3.5.2,index&amp;files=vtex.request-capture@2.3.0,index&amp;files=vtex.facebook-fbe@1.8.4,common,1,FbePixel&amp;files=vtex.sae-analytics@2.13.0,common,0,index&amp;workspace=master</a>
        </td>
      </tr>
      <tr>
        <td colspan="1" rowspan="1" class="indent2" width="20%">Method</td>
        <td colspan="1" rowspan="1" width="80%">GET</td>
      </tr>
      <tr>
        <td colspan="1" rowspan="1" class="indent2" width="20%">Parameter</td>
        <td colspan="1" rowspan="1" width="80%"/>
      </tr>
      <tr>
        <td colspan="1" rowspan="1" class="indent2" width="20%">Attack</td>
        <td colspan="1" rowspan="1" width="80%"/>
      </tr>
      <tr>
        <td colspan="1" rowspan="1" class="indent2" width="20%">Evidence</td>
        <td colspan="1" rowspan="1" width="80%"/>
      </tr>
      <tr>
        <td colspan="1" rowspan="1" class="indent2" width="20%">Other Info</td>
        <td colspan="1" rowspan="1" width="80%"/>
      </tr>
      <tr>
        <td colspan="1" rowspan="1" class="indent1" width="20%">URL</td>
        <td colspan="1" rowspan="1" width="80%">
          <a shape="rect" href="https://fairplaybo.vtexassets.com/_v/public/assets/v1/published/bundle/public/react/asset.min.js?v=1&amp;files=vtex.render-runtime@8.134.2,LayoutContainer&amp;files=vtex.device-detector@0.2.6,common,useDevice,withDevice&amp;files=vtex.css-handles@0.4.4,common,useCssHandles,applyModifiers&amp;files=vtex.styleguide@9.146.9,common,0,Button,ButtonWithIcon,19,ToastContext,ToastProvider,1,Input,InputSearch,Spinner,IconClock,IconClose&amp;workspace=master">https://fairplaybo.vtexassets.com/_v/public/assets/v1/published/bundle/public/react/asset.min.js?v=1&amp;files=vtex.render-runtime@8.134.2,LayoutContainer&amp;files=vtex.device-detector@0.2.6,common,useDevice,withDevice&amp;files=vtex.css-handles@0.4.4,common,useCssHandles,applyModifiers&amp;files=vtex.styleguide@9.146.9,common,0,Button,ButtonWithIcon,19,ToastContext,ToastProvider,1,Input,InputSearch,Spinner,IconClock,IconClose&amp;workspace=master</a>
        </td>
      </tr>
      <tr>
        <td colspan="1" rowspan="1" class="indent2" width="20%">Method</td>
        <td colspan="1" rowspan="1" width="80%">GET</td>
      </tr>
      <tr>
        <td colspan="1" rowspan="1" class="indent2" width="20%">Parameter</td>
        <td colspan="1" rowspan="1" width="80%"/>
      </tr>
      <tr>
        <td colspan="1" rowspan="1" class="indent2" width="20%">Attack</td>
        <td colspan="1" rowspan="1" width="80%"/>
      </tr>
      <tr>
        <td colspan="1" rowspan="1" class="indent2" width="20%">Evidence</td>
        <td colspan="1" rowspan="1" width="80%"/>
      </tr>
      <tr>
        <td colspan="1" rowspan="1" class="indent2" width="20%">Other Info</td>
        <td colspan="1" rowspan="1" width="80%"/>
      </tr>
      <tr>
        <td colspan="1" rowspan="1" class="indent1" width="20%">URL</td>
        <td colspan="1" rowspan="1" width="80%">
          <a shape="rect" href="https://fairplaybo.vtexassets.com/_v/public/assets/v1/published/bundle/public/react/asset.min.js?v=1&amp;files=vtex.search@1.5.1,0,Autocomplete&amp;workspace=master">https://fairplaybo.vtexassets.com/_v/public/assets/v1/published/bundle/public/react/asset.min.js?v=1&amp;files=vtex.search@1.5.1,0,Autocomplete&amp;workspace=master</a>
        </td>
      </tr>
      <tr>
        <td colspan="1" rowspan="1" class="indent2" width="20%">Method</td>
        <td colspan="1" rowspan="1" width="80%">GET</td>
      </tr>
      <tr>
        <td colspan="1" rowspan="1" class="indent2" width="20%">Parameter</td>
        <td colspan="1" rowspan="1" width="80%"/>
      </tr>
      <tr>
        <td colspan="1" rowspan="1" class="indent2" width="20%">Attack</td>
        <td colspan="1" rowspan="1" width="80%"/>
      </tr>
      <tr>
        <td colspan="1" rowspan="1" class="indent2" width="20%">Evidence</td>
        <td colspan="1" rowspan="1" width="80%"/>
      </tr>
      <tr>
        <td colspan="1" rowspan="1" class="indent2" width="20%">Other Info</td>
        <td colspan="1" rowspan="1" width="80%"/>
      </tr>
      <tr>
        <td colspan="1" rowspan="1" class="indent1" width="20%">URL</td>
        <td colspan="1" rowspan="1" width="80%">
          <a shape="rect" href="https://fairplaybo.vtexassets.com/_v/public/assets/v1/published/bundle/public/react/asset.min.js?v=1&amp;files=vtex.store-components@3.171.0,4,SearchBar,CollectionBadges,DiscountBadge,ProductName&amp;files=vtex.store@2.134.0,common,HomeWrapper,0,StoreWrapper,Fold&amp;files=fairplaybo.m3-custom@0.0.113,common,FreeShippingStatusVariables,MyAccountCustom,RemoveZoomIos,CustomSliderList,0,FlagCollectionCustom,WishlistCustom,FlexList,CustomFlagCollections,CustomNameProduct&amp;workspace=master">https://fairplaybo.vtexassets.com/_v/public/assets/v1/published/bundle/public/react/asset.min.js?v=1&amp;files=vtex.store-components@3.171.0,4,SearchBar,CollectionBadges,DiscountBadge,ProductName&amp;files=vtex.store@2.134.0,common,HomeWrapper,0,StoreWrapper,Fold&amp;files=fairplaybo.m3-custom@0.0.113,common,FreeShippingStatusVariables,MyAccountCustom,RemoveZoomIos,CustomSliderList,0,FlagCollectionCustom,WishlistCustom,FlexList,CustomFlagCollections,CustomNameProduct&amp;workspace=master</a>
        </td>
      </tr>
      <tr>
        <td colspan="1" rowspan="1" class="indent2" width="20%">Method</td>
        <td colspan="1" rowspan="1" width="80%">GET</td>
      </tr>
      <tr>
        <td colspan="1" rowspan="1" class="indent2" width="20%">Parameter</td>
        <td colspan="1" rowspan="1" width="80%"/>
      </tr>
      <tr>
        <td colspan="1" rowspan="1" class="indent2" width="20%">Attack</td>
        <td colspan="1" rowspan="1" width="80%"/>
      </tr>
      <tr>
        <td colspan="1" rowspan="1" class="indent2" width="20%">Evidence</td>
        <td colspan="1" rowspan="1" width="80%"/>
      </tr>
      <tr>
        <td colspan="1" rowspan="1" class="indent2" width="20%">Other Info</td>
        <td colspan="1" rowspan="1" width="80%"/>
      </tr>
      <tr>
        <td colspan="1" rowspan="1" class="indent1" width="20%">URL</td>
        <td colspan="1" rowspan="1" width="80%">
          <a shape="rect" href="https://fairplaybo.vtexassets.com/_v/public/assets/v1/published/bundle/public/react/asset.min.js?v=1&amp;files=vtex.store-icons@0.18.0,IconCaret,IconClose,Icon,IconArrowBack,IconEyeSight,IconProfile,IconMenu,IconCart&amp;files=vtex.stack-layout@0.1.0,index&amp;files=vtex.react-portal@0.4.1,common,0,Overlay&amp;files=vtex.native-types@0.10.1,common,IOMessage,formatIOMessage,IOMessageWithMarkers&amp;files=vtex.store-resources@0.93.0,common,0,MutationAddToCart,1,MutationUpdateItems&amp;workspace=master">https://fairplaybo.vtexassets.com/_v/public/assets/v1/published/bundle/public/react/asset.min.js?v=1&amp;files=vtex.store-icons@0.18.0,IconCaret,IconClose,Icon,IconArrowBack,IconEyeSight,IconProfile,IconMenu,IconCart&amp;files=vtex.stack-layout@0.1.0,index&amp;files=vtex.react-portal@0.4.1,common,0,Overlay&amp;files=vtex.native-types@0.10.1,common,IOMessage,formatIOMessage,IOMessageWithMarkers&amp;files=vtex.store-resources@0.93.0,common,0,MutationAddToCart,1,MutationUpdateItems&amp;workspace=master</a>
        </td>
      </tr>
      <tr>
        <td colspan="1" rowspan="1" class="indent2" width="20%">Method</td>
        <td colspan="1" rowspan="1" width="80%">GET</td>
      </tr>
      <tr>
        <td colspan="1" rowspan="1" class="indent2" width="20%">Parameter</td>
        <td colspan="1" rowspan="1" width="80%"/>
      </tr>
      <tr>
        <td colspan="1" rowspan="1" class="indent2" width="20%">Attack</td>
        <td colspan="1" rowspan="1" width="80%"/>
      </tr>
      <tr>
        <td colspan="1" rowspan="1" class="indent2" width="20%">Evidence</td>
        <td colspan="1" rowspan="1" width="80%"/>
      </tr>
      <tr>
        <td colspan="1" rowspan="1" class="indent2" width="20%">Other Info</td>
        <td colspan="1" rowspan="1" width="80%"/>
      </tr>
      <tr>
        <td colspan="1" rowspan="1" class="indent1" width="20%">URL</td>
        <td colspan="1" rowspan="1" width="80%">
          <a shape="rect" href="https://fairplaybo.vtexassets.com/_v/public/assets/v1/published/bundle/public/react/asset.min.js?v=1&amp;files=vtex.store-link@0.9.3,0,StoreLink&amp;files=vtex.product-highlights@2.3.0,common,ProductHighlights,ProductHighlightText&amp;files=vtex.order-items@0.13.23,common,0,OrderItems&amp;files=vtex.product-price@1.31.0,common,ListPrice,SellingPrice&amp;files=vtex.formatted-price@0.7.0,common,FormattedPrice&amp;files=vtex.minicart@2.67.1,common,Minicart&amp;files=vtex.store-components@3.171.0,common,Container,Newsletter,Image,Logo,10&amp;workspace=master">https://fairplaybo.vtexassets.com/_v/public/assets/v1/published/bundle/public/react/asset.min.js?v=1&amp;files=vtex.store-link@0.9.3,0,StoreLink&amp;files=vtex.product-highlights@2.3.0,common,ProductHighlights,ProductHighlightText&amp;files=vtex.order-items@0.13.23,common,0,OrderItems&amp;files=vtex.product-price@1.31.0,common,ListPrice,SellingPrice&amp;files=vtex.formatted-price@0.7.0,common,FormattedPrice&amp;files=vtex.minicart@2.67.1,common,Minicart&amp;files=vtex.store-components@3.171.0,common,Container,Newsletter,Image,Logo,10&amp;workspace=master</a>
        </td>
      </tr>
      <tr>
        <td colspan="1" rowspan="1" class="indent2" width="20%">Method</td>
        <td colspan="1" rowspan="1" width="80%">GET</td>
      </tr>
      <tr>
        <td colspan="1" rowspan="1" class="indent2" width="20%">Parameter</td>
        <td colspan="1" rowspan="1" width="80%"/>
      </tr>
      <tr>
        <td colspan="1" rowspan="1" class="indent2" width="20%">Attack</td>
        <td colspan="1" rowspan="1" width="80%"/>
      </tr>
      <tr>
        <td colspan="1" rowspan="1" class="indent2" width="20%">Evidence</td>
        <td colspan="1" rowspan="1" width="80%"/>
      </tr>
      <tr>
        <td colspan="1" rowspan="1" class="indent2" width="20%">Other Info</td>
        <td colspan="1" rowspan="1" width="80%"/>
      </tr>
      <tr>
        <td colspan="1" rowspan="1" class="indent1" width="20%">URL</td>
        <td colspan="1" rowspan="1" width="80%">
          <a shape="rect" href="https://fairplaybo.vtexassets.com/_v/public/assets/v1/published/bundle/public/react/asset.min.js?v=1&amp;files=vtex.store-resources@0.93.0,MutationUpdateOrderFormCheckin,MutationUpdateOrderFormProfile,MutationUpdateOrderFormShipping,OrderFormContext,PWAContext,3,QueryOrderForm,8,QueryProducts,QueryItemsWithSimulation&amp;files=vtex.product-list-context@0.4.1,common,ProductListContext,useProductImpression&amp;files=vtex.order-manager@0.12.0,common,0,OrderForm,OrderQueue&amp;files=vtex.format-currency@0.4.1,common,FormattedCurrency,formatCurrency&amp;files=vtex.wish-list@1.16.2,common&amp;workspace=master">https://fairplaybo.vtexassets.com/_v/public/assets/v1/published/bundle/public/react/asset.min.js?v=1&amp;files=vtex.store-resources@0.93.0,MutationUpdateOrderFormCheckin,MutationUpdateOrderFormProfile,MutationUpdateOrderFormShipping,OrderFormContext,PWAContext,3,QueryOrderForm,8,QueryProducts,QueryItemsWithSimulation&amp;files=vtex.product-list-context@0.4.1,common,ProductListContext,useProductImpression&amp;files=vtex.order-manager@0.12.0,common,0,OrderForm,OrderQueue&amp;files=vtex.format-currency@0.4.1,common,FormattedCurrency,formatCurrency&amp;files=vtex.wish-list@1.16.2,common&amp;workspace=master</a>
        </td>
      </tr>
      <tr>
        <td colspan="1" rowspan="1" class="indent2" width="20%">Method</td>
        <td colspan="1" rowspan="1" width="80%">GET</td>
      </tr>
      <tr>
        <td colspan="1" rowspan="1" class="indent2" width="20%">Parameter</td>
        <td colspan="1" rowspan="1" width="80%"/>
      </tr>
      <tr>
        <td colspan="1" rowspan="1" class="indent2" width="20%">Attack</td>
        <td colspan="1" rowspan="1" width="80%"/>
      </tr>
      <tr>
        <td colspan="1" rowspan="1" class="indent2" width="20%">Evidence</td>
        <td colspan="1" rowspan="1" width="80%"/>
      </tr>
      <tr>
        <td colspan="1" rowspan="1" class="indent2" width="20%">Other Info</td>
        <td colspan="1" rowspan="1" width="80%"/>
      </tr>
      <tr>
        <td colspan="1" rowspan="1" class="indent1" width="20%">URL</td>
        <td colspan="1" rowspan="1" width="80%">
          <a shape="rect" href="https://fairplaybo.vtexassets.com/_v/public/assets/v1/published/bundle/public/react/asset.min.js?v=1&amp;files=vtex.wish-list@1.16.2,AddProductBtn&amp;files=vtex.product-summary-context@0.12.0,common,ProductSummaryContext&amp;files=vtex.slider-layout@0.24.4,common,SliderLayout&amp;files=vtex.store-drawer@0.17.0,common,Drawer&amp;files=vtex.login@2.57.3,common,1,Login&amp;files=vtex.store-image@0.20.0,common,0,ImageList,Image&amp;files=vtex.rich-text@0.16.0,index&amp;files=vtex.menu@2.35.1,common,0,Menu,MenuItem,Submenu&amp;files=vtex.store-link@0.9.3,common&amp;workspace=master">https://fairplaybo.vtexassets.com/_v/public/assets/v1/published/bundle/public/react/asset.min.js?v=1&amp;files=vtex.wish-list@1.16.2,AddProductBtn&amp;files=vtex.product-summary-context@0.12.0,common,ProductSummaryContext&amp;files=vtex.slider-layout@0.24.4,common,SliderLayout&amp;files=vtex.store-drawer@0.17.0,common,Drawer&amp;files=vtex.login@2.57.3,common,1,Login&amp;files=vtex.store-image@0.20.0,common,0,ImageList,Image&amp;files=vtex.rich-text@0.16.0,index&amp;files=vtex.menu@2.35.1,common,0,Menu,MenuItem,Submenu&amp;files=vtex.store-link@0.9.3,common&amp;workspace=master</a>
        </td>
      </tr>
      <tr>
        <td colspan="1" rowspan="1" class="indent2" width="20%">Method</td>
        <td colspan="1" rowspan="1" width="80%">GET</td>
      </tr>
      <tr>
        <td colspan="1" rowspan="1" class="indent2" width="20%">Parameter</td>
        <td colspan="1" rowspan="1" width="80%"/>
      </tr>
      <tr>
        <td colspan="1" rowspan="1" class="indent2" width="20%">Attack</td>
        <td colspan="1" rowspan="1" width="80%"/>
      </tr>
      <tr>
        <td colspan="1" rowspan="1" class="indent2" width="20%">Evidence</td>
        <td colspan="1" rowspan="1" width="80%"/>
      </tr>
      <tr>
        <td colspan="1" rowspan="1" class="indent2" width="20%">Other Info</td>
        <td colspan="1" rowspan="1" width="80%"/>
      </tr>
      <tr>
        <td colspan="1" rowspan="1" class="indent1" width="20%">URL</td>
        <td colspan="1" rowspan="1" width="80%">
          <a shape="rect" href="https://fairplaybo.vtexassets.com/_v/public/assets/v1/published/fairplaybo.m3-custom@0.0.113/public/react/BrandFlag.min.css?workspace=master">https://fairplaybo.vtexassets.com/_v/public/assets/v1/published/fairplaybo.m3-custom@0.0.113/public/react/BrandFlag.min.css?workspace=master</a>
        </td>
      </tr>
      <tr>
        <td colspan="1" rowspan="1" class="indent2" width="20%">Method</td>
        <td colspan="1" rowspan="1" width="80%">GET</td>
      </tr>
      <tr>
        <td colspan="1" rowspan="1" class="indent2" width="20%">Parameter</td>
        <td colspan="1" rowspan="1" width="80%"/>
      </tr>
      <tr>
        <td colspan="1" rowspan="1" class="indent2" width="20%">Attack</td>
        <td colspan="1" rowspan="1" width="80%"/>
      </tr>
      <tr>
        <td colspan="1" rowspan="1" class="indent2" width="20%">Evidence</td>
        <td colspan="1" rowspan="1" width="80%"/>
      </tr>
      <tr>
        <td colspan="1" rowspan="1" class="indent2" width="20%">Other Info</td>
        <td colspan="1" rowspan="1" width="80%"/>
      </tr>
      <tr>
        <td colspan="1" rowspan="1" class="indent1" width="20%">URL</td>
        <td colspan="1" rowspan="1" width="80%">
          <a shape="rect" href="https://fairplaybo.vtexassets.com/_v/public/assets/v1/published/fairplaybo.m3-custom@0.0.113/public/react/CustomFlagCollections.min.css?workspace=master">https://fairplaybo.vtexassets.com/_v/public/assets/v1/published/fairplaybo.m3-custom@0.0.113/public/react/CustomFlagCollections.min.css?workspace=master</a>
        </td>
      </tr>
      <tr>
        <td colspan="1" rowspan="1" class="indent2" width="20%">Method</td>
        <td colspan="1" rowspan="1" width="80%">GET</td>
      </tr>
      <tr>
        <td colspan="1" rowspan="1" class="indent2" width="20%">Parameter</td>
        <td colspan="1" rowspan="1" width="80%"/>
      </tr>
      <tr>
        <td colspan="1" rowspan="1" class="indent2" width="20%">Attack</td>
        <td colspan="1" rowspan="1" width="80%"/>
      </tr>
      <tr>
        <td colspan="1" rowspan="1" class="indent2" width="20%">Evidence</td>
        <td colspan="1" rowspan="1" width="80%"/>
      </tr>
      <tr>
        <td colspan="1" rowspan="1" class="indent2" width="20%">Other Info</td>
        <td colspan="1" rowspan="1" width="80%"/>
      </tr>
      <tr>
        <td colspan="1" rowspan="1" class="indent1" width="20%">URL</td>
        <td colspan="1" rowspan="1" width="80%">
          <a shape="rect" href="https://fairplaybo.vtexassets.com/_v/public/assets/v1/published/fairplaybo.m3-custom@0.0.113/public/react/CustomNameProduct.min.css?workspace=master">https://fairplaybo.vtexassets.com/_v/public/assets/v1/published/fairplaybo.m3-custom@0.0.113/public/react/CustomNameProduct.min.css?workspace=master</a>
        </td>
      </tr>
      <tr>
        <td colspan="1" rowspan="1" class="indent2" width="20%">Method</td>
        <td colspan="1" rowspan="1" width="80%">GET</td>
      </tr>
      <tr>
        <td colspan="1" rowspan="1" class="indent2" width="20%">Parameter</td>
        <td colspan="1" rowspan="1" width="80%"/>
      </tr>
      <tr>
        <td colspan="1" rowspan="1" class="indent2" width="20%">Attack</td>
        <td colspan="1" rowspan="1" width="80%"/>
      </tr>
      <tr>
        <td colspan="1" rowspan="1" class="indent2" width="20%">Evidence</td>
        <td colspan="1" rowspan="1" width="80%"/>
      </tr>
      <tr>
        <td colspan="1" rowspan="1" class="indent2" width="20%">Other Info</td>
        <td colspan="1" rowspan="1" width="80%"/>
      </tr>
      <tr>
        <td colspan="1" rowspan="1" class="indent1" width="20%">URL</td>
        <td colspan="1" rowspan="1" width="80%">
          <a shape="rect" href="https://fairplaybo.vtexassets.com/_v/public/assets/v1/published/fairplaybo.m3-custom@0.0.113/public/react/CustomSliderList.min.css?workspace=master">https://fairplaybo.vtexassets.com/_v/public/assets/v1/published/fairplaybo.m3-custom@0.0.113/public/react/CustomSliderList.min.css?workspace=master</a>
        </td>
      </tr>
      <tr>
        <td colspan="1" rowspan="1" class="indent2" width="20%">Method</td>
        <td colspan="1" rowspan="1" width="80%">GET</td>
      </tr>
      <tr>
        <td colspan="1" rowspan="1" class="indent2" width="20%">Parameter</td>
        <td colspan="1" rowspan="1" width="80%"/>
      </tr>
      <tr>
        <td colspan="1" rowspan="1" class="indent2" width="20%">Attack</td>
        <td colspan="1" rowspan="1" width="80%"/>
      </tr>
      <tr>
        <td colspan="1" rowspan="1" class="indent2" width="20%">Evidence</td>
        <td colspan="1" rowspan="1" width="80%"/>
      </tr>
      <tr>
        <td colspan="1" rowspan="1" class="indent2" width="20%">Other Info</td>
        <td colspan="1" rowspan="1" width="80%"/>
      </tr>
      <tr>
        <td colspan="1" rowspan="1" class="indent1" width="20%">URL</td>
        <td colspan="1" rowspan="1" width="80%">
          <a shape="rect" href="https://fairplaybo.vtexassets.com/_v/public/assets/v1/published/fairplaybo.m3-custom@0.0.113/public/react/FlagCollectionCustom.min.css?workspace=master">https://fairplaybo.vtexassets.com/_v/public/assets/v1/published/fairplaybo.m3-custom@0.0.113/public/react/FlagCollectionCustom.min.css?workspace=master</a>
        </td>
      </tr>
      <tr>
        <td colspan="1" rowspan="1" class="indent2" width="20%">Method</td>
        <td colspan="1" rowspan="1" width="80%">GET</td>
      </tr>
      <tr>
        <td colspan="1" rowspan="1" class="indent2" width="20%">Parameter</td>
        <td colspan="1" rowspan="1" width="80%"/>
      </tr>
      <tr>
        <td colspan="1" rowspan="1" class="indent2" width="20%">Attack</td>
        <td colspan="1" rowspan="1" width="80%"/>
      </tr>
      <tr>
        <td colspan="1" rowspan="1" class="indent2" width="20%">Evidence</td>
        <td colspan="1" rowspan="1" width="80%"/>
      </tr>
      <tr>
        <td colspan="1" rowspan="1" class="indent2" width="20%">Other Info</td>
        <td colspan="1" rowspan="1" width="80%"/>
      </tr>
      <tr>
        <td colspan="1" rowspan="1" class="indent1" width="20%">URL</td>
        <td colspan="1" rowspan="1" width="80%">
          <a shape="rect" href="https://fairplaybo.vtexassets.com/_v/public/assets/v1/published/fairplaybo.m3-custom@0.0.113/public/react/FlexList.min.css?workspace=master">https://fairplaybo.vtexassets.com/_v/public/assets/v1/published/fairplaybo.m3-custom@0.0.113/public/react/FlexList.min.css?workspace=master</a>
        </td>
      </tr>
      <tr>
        <td colspan="1" rowspan="1" class="indent2" width="20%">Method</td>
        <td colspan="1" rowspan="1" width="80%">GET</td>
      </tr>
      <tr>
        <td colspan="1" rowspan="1" class="indent2" width="20%">Parameter</td>
        <td colspan="1" rowspan="1" width="80%"/>
      </tr>
      <tr>
        <td colspan="1" rowspan="1" class="indent2" width="20%">Attack</td>
        <td colspan="1" rowspan="1" width="80%"/>
      </tr>
      <tr>
        <td colspan="1" rowspan="1" class="indent2" width="20%">Evidence</td>
        <td colspan="1" rowspan="1" width="80%"/>
      </tr>
      <tr>
        <td colspan="1" rowspan="1" class="indent2" width="20%">Other Info</td>
        <td colspan="1" rowspan="1" width="80%"/>
      </tr>
      <tr>
        <td colspan="1" rowspan="1" class="indent1" width="20%">URL</td>
        <td colspan="1" rowspan="1" width="80%">
          <a shape="rect" href="https://fairplaybo.vtexassets.com/_v/public/assets/v1/published/fairplaybo.m3-custom@0.0.113/public/react/PriceDisconterPromotion.min.css?workspace=master">https://fairplaybo.vtexassets.com/_v/public/assets/v1/published/fairplaybo.m3-custom@0.0.113/public/react/PriceDisconterPromotion.min.css?workspace=master</a>
        </td>
      </tr>
      <tr>
        <td colspan="1" rowspan="1" class="indent2" width="20%">Method</td>
        <td colspan="1" rowspan="1" width="80%">GET</td>
      </tr>
      <tr>
        <td colspan="1" rowspan="1" class="indent2" width="20%">Parameter</td>
        <td colspan="1" rowspan="1" width="80%"/>
      </tr>
      <tr>
        <td colspan="1" rowspan="1" class="indent2" width="20%">Attack</td>
        <td colspan="1" rowspan="1" width="80%"/>
      </tr>
      <tr>
        <td colspan="1" rowspan="1" class="indent2" width="20%">Evidence</td>
        <td colspan="1" rowspan="1" width="80%"/>
      </tr>
      <tr>
        <td colspan="1" rowspan="1" class="indent2" width="20%">Other Info</td>
        <td colspan="1" rowspan="1" width="80%"/>
      </tr>
      <tr>
        <td colspan="1" rowspan="1" class="indent1" width="20%">URL</td>
        <td colspan="1" rowspan="1" width="80%">
          <a shape="rect" href="https://fairplaybo.vtexassets.com/_v/public/assets/v1/published/fairplaybo.m3-custom@0.0.113/public/react/WishlistCustom.min.css?workspace=master">https://fairplaybo.vtexassets.com/_v/public/assets/v1/published/fairplaybo.m3-custom@0.0.113/public/react/WishlistCustom.min.css?workspace=master</a>
        </td>
      </tr>
      <tr>
        <td colspan="1" rowspan="1" class="indent2" width="20%">Method</td>
        <td colspan="1" rowspan="1" width="80%">GET</td>
      </tr>
      <tr>
        <td colspan="1" rowspan="1" class="indent2" width="20%">Parameter</td>
        <td colspan="1" rowspan="1" width="80%"/>
      </tr>
      <tr>
        <td colspan="1" rowspan="1" class="indent2" width="20%">Attack</td>
        <td colspan="1" rowspan="1" width="80%"/>
      </tr>
      <tr>
        <td colspan="1" rowspan="1" class="indent2" width="20%">Evidence</td>
        <td colspan="1" rowspan="1" width="80%"/>
      </tr>
      <tr>
        <td colspan="1" rowspan="1" class="indent2" width="20%">Other Info</td>
        <td colspan="1" rowspan="1" width="80%"/>
      </tr>
      <tr>
        <td colspan="1" rowspan="1" class="indent1" width="20%">URL</td>
        <td colspan="1" rowspan="1" width="80%">
          <a shape="rect" href="https://fairplaybo.vtexassets.com/_v/public/assets/v1/published/vtex.admin-pages@4.53.0/public/react/HighlightOverlay.min.css?workspace=master">https://fairplaybo.vtexassets.com/_v/public/assets/v1/published/vtex.admin-pages@4.53.0/public/react/HighlightOverlay.min.css?workspace=master</a>
        </td>
      </tr>
      <tr>
        <td colspan="1" rowspan="1" class="indent2" width="20%">Method</td>
        <td colspan="1" rowspan="1" width="80%">GET</td>
      </tr>
      <tr>
        <td colspan="1" rowspan="1" class="indent2" width="20%">Parameter</td>
        <td colspan="1" rowspan="1" width="80%"/>
      </tr>
      <tr>
        <td colspan="1" rowspan="1" class="indent2" width="20%">Attack</td>
        <td colspan="1" rowspan="1" width="80%"/>
      </tr>
      <tr>
        <td colspan="1" rowspan="1" class="indent2" width="20%">Evidence</td>
        <td colspan="1" rowspan="1" width="80%"/>
      </tr>
      <tr>
        <td colspan="1" rowspan="1" class="indent2" width="20%">Other Info</td>
        <td colspan="1" rowspan="1" width="80%"/>
      </tr>
      <tr>
        <td colspan="1" rowspan="1" class="indent1" width="20%">URL</td>
        <td colspan="1" rowspan="1" width="80%">
          <a shape="rect" href="https://fairplaybo.vtexassets.com/_v/public/assets/v1/published/vtex.flex-layout@0.21.3/public/react/0.min.css?workspace=master">https://fairplaybo.vtexassets.com/_v/public/assets/v1/published/vtex.flex-layout@0.21.3/public/react/0.min.css?workspace=master</a>
        </td>
      </tr>
      <tr>
        <td colspan="1" rowspan="1" class="indent2" width="20%">Method</td>
        <td colspan="1" rowspan="1" width="80%">GET</td>
      </tr>
      <tr>
        <td colspan="1" rowspan="1" class="indent2" width="20%">Parameter</td>
        <td colspan="1" rowspan="1" width="80%"/>
      </tr>
      <tr>
        <td colspan="1" rowspan="1" class="indent2" width="20%">Attack</td>
        <td colspan="1" rowspan="1" width="80%"/>
      </tr>
      <tr>
        <td colspan="1" rowspan="1" class="indent2" width="20%">Evidence</td>
        <td colspan="1" rowspan="1" width="80%"/>
      </tr>
      <tr>
        <td colspan="1" rowspan="1" class="indent2" width="20%">Other Info</td>
        <td colspan="1" rowspan="1" width="80%"/>
      </tr>
      <tr>
        <td colspan="1" rowspan="1" class="indent1" width="20%">URL</td>
        <td colspan="1" rowspan="1" width="80%">
          <a shape="rect" href="https://fairplaybo.vtexassets.com/_v/public/assets/v1/published/vtex.login@2.57.3/public/react/1.min.css?workspace=master">https://fairplaybo.vtexassets.com/_v/public/assets/v1/published/vtex.login@2.57.3/public/react/1.min.css?workspace=master</a>
        </td>
      </tr>
      <tr>
        <td colspan="1" rowspan="1" class="indent2" width="20%">Method</td>
        <td colspan="1" rowspan="1" width="80%">GET</td>
      </tr>
      <tr>
        <td colspan="1" rowspan="1" class="indent2" width="20%">Parameter</td>
        <td colspan="1" rowspan="1" width="80%"/>
      </tr>
      <tr>
        <td colspan="1" rowspan="1" class="indent2" width="20%">Attack</td>
        <td colspan="1" rowspan="1" width="80%"/>
      </tr>
      <tr>
        <td colspan="1" rowspan="1" class="indent2" width="20%">Evidence</td>
        <td colspan="1" rowspan="1" width="80%"/>
      </tr>
      <tr>
        <td colspan="1" rowspan="1" class="indent2" width="20%">Other Info</td>
        <td colspan="1" rowspan="1" width="80%"/>
      </tr>
      <tr>
        <td colspan="1" rowspan="1" class="indent1" width="20%">URL</td>
        <td colspan="1" rowspan="1" width="80%">
          <a shape="rect" href="https://fairplaybo.vtexassets.com/_v/public/assets/v1/published/vtex.minicart@2.67.1/public/react/Minicart.min.css?workspace=master">https://fairplaybo.vtexassets.com/_v/public/assets/v1/published/vtex.minicart@2.67.1/public/react/Minicart.min.css?workspace=master</a>
        </td>
      </tr>
      <tr>
        <td colspan="1" rowspan="1" class="indent2" width="20%">Method</td>
        <td colspan="1" rowspan="1" width="80%">GET</td>
      </tr>
      <tr>
        <td colspan="1" rowspan="1" class="indent2" width="20%">Parameter</td>
        <td colspan="1" rowspan="1" width="80%"/>
      </tr>
      <tr>
        <td colspan="1" rowspan="1" class="indent2" width="20%">Attack</td>
        <td colspan="1" rowspan="1" width="80%"/>
      </tr>
      <tr>
        <td colspan="1" rowspan="1" class="indent2" width="20%">Evidence</td>
        <td colspan="1" rowspan="1" width="80%"/>
      </tr>
      <tr>
        <td colspan="1" rowspan="1" class="indent2" width="20%">Other Info</td>
        <td colspan="1" rowspan="1" width="80%"/>
      </tr>
      <tr>
        <td colspan="1" rowspan="1" class="indent1" width="20%">URL</td>
        <td colspan="1" rowspan="1" width="80%">
          <a shape="rect" href="https://fairplaybo.vtexassets.com/_v/public/assets/v1/published/vtex.product-summary@2.89.0/public/react/ProductSummaryImage.min.css?workspace=master">https://fairplaybo.vtexassets.com/_v/public/assets/v1/published/vtex.product-summary@2.89.0/public/react/ProductSummaryImage.min.css?workspace=master</a>
        </td>
      </tr>
      <tr>
        <td colspan="1" rowspan="1" class="indent2" width="20%">Method</td>
        <td colspan="1" rowspan="1" width="80%">GET</td>
      </tr>
      <tr>
        <td colspan="1" rowspan="1" class="indent2" width="20%">Parameter</td>
        <td colspan="1" rowspan="1" width="80%"/>
      </tr>
      <tr>
        <td colspan="1" rowspan="1" class="indent2" width="20%">Attack</td>
        <td colspan="1" rowspan="1" width="80%"/>
      </tr>
      <tr>
        <td colspan="1" rowspan="1" class="indent2" width="20%">Evidence</td>
        <td colspan="1" rowspan="1" width="80%"/>
      </tr>
      <tr>
        <td colspan="1" rowspan="1" class="indent2" width="20%">Other Info</td>
        <td colspan="1" rowspan="1" width="80%"/>
      </tr>
      <tr>
        <td colspan="1" rowspan="1" class="indent1" width="20%">URL</td>
        <td colspan="1" rowspan="1" width="80%">
          <a shape="rect" href="https://fairplaybo.vtexassets.com/_v/public/assets/v1/published/vtex.render-runtime@8.134.2/public/react/apollo.min.js?workspace=master">https://fairplaybo.vtexassets.com/_v/public/assets/v1/published/vtex.render-runtime@8.134.2/public/react/apollo.min.js?workspace=master</a>
        </td>
      </tr>
      <tr>
        <td colspan="1" rowspan="1" class="indent2" width="20%">Method</td>
        <td colspan="1" rowspan="1" width="80%">GET</td>
      </tr>
      <tr>
        <td colspan="1" rowspan="1" class="indent2" width="20%">Parameter</td>
        <td colspan="1" rowspan="1" width="80%"/>
      </tr>
      <tr>
        <td colspan="1" rowspan="1" class="indent2" width="20%">Attack</td>
        <td colspan="1" rowspan="1" width="80%"/>
      </tr>
      <tr>
        <td colspan="1" rowspan="1" class="indent2" width="20%">Evidence</td>
        <td colspan="1" rowspan="1" width="80%"/>
      </tr>
      <tr>
        <td colspan="1" rowspan="1" class="indent2" width="20%">Other Info</td>
        <td colspan="1" rowspan="1" width="80%"/>
      </tr>
      <tr>
        <td colspan="1" rowspan="1" class="indent1" width="20%">URL</td>
        <td colspan="1" rowspan="1" width="80%">
          <a shape="rect" href="https://fairplaybo.vtexassets.com/_v/public/assets/v1/published/vtex.render-runtime@8.134.2/public/react/common.min.css?workspace=master">https://fairplaybo.vtexassets.com/_v/public/assets/v1/published/vtex.render-runtime@8.134.2/public/react/common.min.css?workspace=master</a>
        </td>
      </tr>
      <tr>
        <td colspan="1" rowspan="1" class="indent2" width="20%">Method</td>
        <td colspan="1" rowspan="1" width="80%">GET</td>
      </tr>
      <tr>
        <td colspan="1" rowspan="1" class="indent2" width="20%">Parameter</td>
        <td colspan="1" rowspan="1" width="80%"/>
      </tr>
      <tr>
        <td colspan="1" rowspan="1" class="indent2" width="20%">Attack</td>
        <td colspan="1" rowspan="1" width="80%"/>
      </tr>
      <tr>
        <td colspan="1" rowspan="1" class="indent2" width="20%">Evidence</td>
        <td colspan="1" rowspan="1" width="80%"/>
      </tr>
      <tr>
        <td colspan="1" rowspan="1" class="indent2" width="20%">Other Info</td>
        <td colspan="1" rowspan="1" width="80%"/>
      </tr>
      <tr>
        <td colspan="1" rowspan="1" class="indent1" width="20%">URL</td>
        <td colspan="1" rowspan="1" width="80%">
          <a shape="rect" href="https://fairplaybo.vtexassets.com/_v/public/assets/v1/published/vtex.render-runtime@8.134.2/public/react/common.min.js?workspace=master">https://fairplaybo.vtexassets.com/_v/public/assets/v1/published/vtex.render-runtime@8.134.2/public/react/common.min.js?workspace=master</a>
        </td>
      </tr>
      <tr>
        <td colspan="1" rowspan="1" class="indent2" width="20%">Method</td>
        <td colspan="1" rowspan="1" width="80%">GET</td>
      </tr>
      <tr>
        <td colspan="1" rowspan="1" class="indent2" width="20%">Parameter</td>
        <td colspan="1" rowspan="1" width="80%"/>
      </tr>
      <tr>
        <td colspan="1" rowspan="1" class="indent2" width="20%">Attack</td>
        <td colspan="1" rowspan="1" width="80%"/>
      </tr>
      <tr>
        <td colspan="1" rowspan="1" class="indent2" width="20%">Evidence</td>
        <td colspan="1" rowspan="1" width="80%"/>
      </tr>
      <tr>
        <td colspan="1" rowspan="1" class="indent2" width="20%">Other Info</td>
        <td colspan="1" rowspan="1" width="80%"/>
      </tr>
      <tr>
        <td colspan="1" rowspan="1" class="indent1" width="20%">URL</td>
        <td colspan="1" rowspan="1" width="80%">
          <a shape="rect" href="https://fairplaybo.vtexassets.com/_v/public/assets/v1/published/vtex.render-runtime@8.134.2/public/react/graphql.min.js?workspace=master">https://fairplaybo.vtexassets.com/_v/public/assets/v1/published/vtex.render-runtime@8.134.2/public/react/graphql.min.js?workspace=master</a>
        </td>
      </tr>
      <tr>
        <td colspan="1" rowspan="1" class="indent2" width="20%">Method</td>
        <td colspan="1" rowspan="1" width="80%">GET</td>
      </tr>
      <tr>
        <td colspan="1" rowspan="1" class="indent2" width="20%">Parameter</td>
        <td colspan="1" rowspan="1" width="80%"/>
      </tr>
      <tr>
        <td colspan="1" rowspan="1" class="indent2" width="20%">Attack</td>
        <td colspan="1" rowspan="1" width="80%"/>
      </tr>
      <tr>
        <td colspan="1" rowspan="1" class="indent2" width="20%">Evidence</td>
        <td colspan="1" rowspan="1" width="80%"/>
      </tr>
      <tr>
        <td colspan="1" rowspan="1" class="indent2" width="20%">Other Info</td>
        <td colspan="1" rowspan="1" width="80%"/>
      </tr>
      <tr>
        <td colspan="1" rowspan="1" class="indent1" width="20%">URL</td>
        <td colspan="1" rowspan="1" width="80%">
          <a shape="rect" href="https://fairplaybo.vtexassets.com/_v/public/assets/v1/published/vtex.render-runtime@8.134.2/public/react/index.min.js?workspace=master">https://fairplaybo.vtexassets.com/_v/public/assets/v1/published/vtex.render-runtime@8.134.2/public/react/index.min.js?workspace=master</a>
        </td>
      </tr>
      <tr>
        <td colspan="1" rowspan="1" class="indent2" width="20%">Method</td>
        <td colspan="1" rowspan="1" width="80%">GET</td>
      </tr>
      <tr>
        <td colspan="1" rowspan="1" class="indent2" width="20%">Parameter</td>
        <td colspan="1" rowspan="1" width="80%"/>
      </tr>
      <tr>
        <td colspan="1" rowspan="1" class="indent2" width="20%">Attack</td>
        <td colspan="1" rowspan="1" width="80%"/>
      </tr>
      <tr>
        <td colspan="1" rowspan="1" class="indent2" width="20%">Evidence</td>
        <td colspan="1" rowspan="1" width="80%"/>
      </tr>
      <tr>
        <td colspan="1" rowspan="1" class="indent2" width="20%">Other Info</td>
        <td colspan="1" rowspan="1" width="80%"/>
      </tr>
      <tr>
        <td colspan="1" rowspan="1" class="indent1" width="20%">URL</td>
        <td colspan="1" rowspan="1" width="80%">
          <a shape="rect" href="https://fairplaybo.vtexassets.com/_v/public/assets/v1/published/vtex.rich-text@0.16.0/public/react/index.min.css?workspace=master">https://fairplaybo.vtexassets.com/_v/public/assets/v1/published/vtex.rich-text@0.16.0/public/react/index.min.css?workspace=master</a>
        </td>
      </tr>
      <tr>
        <td colspan="1" rowspan="1" class="indent2" width="20%">Method</td>
        <td colspan="1" rowspan="1" width="80%">GET</td>
      </tr>
      <tr>
        <td colspan="1" rowspan="1" class="indent2" width="20%">Parameter</td>
        <td colspan="1" rowspan="1" width="80%"/>
      </tr>
      <tr>
        <td colspan="1" rowspan="1" class="indent2" width="20%">Attack</td>
        <td colspan="1" rowspan="1" width="80%"/>
      </tr>
      <tr>
        <td colspan="1" rowspan="1" class="indent2" width="20%">Evidence</td>
        <td colspan="1" rowspan="1" width="80%"/>
      </tr>
      <tr>
        <td colspan="1" rowspan="1" class="indent2" width="20%">Other Info</td>
        <td colspan="1" rowspan="1" width="80%"/>
      </tr>
      <tr>
        <td colspan="1" rowspan="1" class="indent1" width="20%">URL</td>
        <td colspan="1" rowspan="1" width="80%">
          <a shape="rect" href="https://fairplaybo.vtexassets.com/_v/public/assets/v1/published/vtex.search@1.5.1/public/react/Autocomplete.min.css?workspace=master">https://fairplaybo.vtexassets.com/_v/public/assets/v1/published/vtex.search@1.5.1/public/react/Autocomplete.min.css?workspace=master</a>
        </td>
      </tr>
      <tr>
        <td colspan="1" rowspan="1" class="indent2" width="20%">Method</td>
        <td colspan="1" rowspan="1" width="80%">GET</td>
      </tr>
      <tr>
        <td colspan="1" rowspan="1" class="indent2" width="20%">Parameter</td>
        <td colspan="1" rowspan="1" width="80%"/>
      </tr>
      <tr>
        <td colspan="1" rowspan="1" class="indent2" width="20%">Attack</td>
        <td colspan="1" rowspan="1" width="80%"/>
      </tr>
      <tr>
        <td colspan="1" rowspan="1" class="indent2" width="20%">Evidence</td>
        <td colspan="1" rowspan="1" width="80%"/>
      </tr>
      <tr>
        <td colspan="1" rowspan="1" class="indent2" width="20%">Other Info</td>
        <td colspan="1" rowspan="1" width="80%"/>
      </tr>
      <tr>
        <td colspan="1" rowspan="1" class="indent1" width="20%">URL</td>
        <td colspan="1" rowspan="1" width="80%">
          <a shape="rect" href="https://fairplaybo.vtexassets.com/_v/public/assets/v1/published/vtex.store-components@3.171.0/public/react/4.min.css?workspace=master">https://fairplaybo.vtexassets.com/_v/public/assets/v1/published/vtex.store-components@3.171.0/public/react/4.min.css?workspace=master</a>
        </td>
      </tr>
      <tr>
        <td colspan="1" rowspan="1" class="indent2" width="20%">Method</td>
        <td colspan="1" rowspan="1" width="80%">GET</td>
      </tr>
      <tr>
        <td colspan="1" rowspan="1" class="indent2" width="20%">Parameter</td>
        <td colspan="1" rowspan="1" width="80%"/>
      </tr>
      <tr>
        <td colspan="1" rowspan="1" class="indent2" width="20%">Attack</td>
        <td colspan="1" rowspan="1" width="80%"/>
      </tr>
      <tr>
        <td colspan="1" rowspan="1" class="indent2" width="20%">Evidence</td>
        <td colspan="1" rowspan="1" width="80%"/>
      </tr>
      <tr>
        <td colspan="1" rowspan="1" class="indent2" width="20%">Other Info</td>
        <td colspan="1" rowspan="1" width="80%"/>
      </tr>
      <tr>
        <td colspan="1" rowspan="1" class="indent1" width="20%">URL</td>
        <td colspan="1" rowspan="1" width="80%">
          <a shape="rect" href="https://fairplaybo.vtexassets.com/_v/public/assets/v1/published/vtex.store-components@3.171.0/public/react/Container.min.css?workspace=master">https://fairplaybo.vtexassets.com/_v/public/assets/v1/published/vtex.store-components@3.171.0/public/react/Container.min.css?workspace=master</a>
        </td>
      </tr>
      <tr>
        <td colspan="1" rowspan="1" class="indent2" width="20%">Method</td>
        <td colspan="1" rowspan="1" width="80%">GET</td>
      </tr>
      <tr>
        <td colspan="1" rowspan="1" class="indent2" width="20%">Parameter</td>
        <td colspan="1" rowspan="1" width="80%"/>
      </tr>
      <tr>
        <td colspan="1" rowspan="1" class="indent2" width="20%">Attack</td>
        <td colspan="1" rowspan="1" width="80%"/>
      </tr>
      <tr>
        <td colspan="1" rowspan="1" class="indent2" width="20%">Evidence</td>
        <td colspan="1" rowspan="1" width="80%"/>
      </tr>
      <tr>
        <td colspan="1" rowspan="1" class="indent2" width="20%">Other Info</td>
        <td colspan="1" rowspan="1" width="80%"/>
      </tr>
      <tr>
        <td colspan="1" rowspan="1" class="indent1" width="20%">URL</td>
        <td colspan="1" rowspan="1" width="80%">
          <a shape="rect" href="https://fairplaybo.vtexassets.com/_v/public/assets/v1/published/vtex.store-components@3.171.0/public/react/DiscountBadge.min.css?workspace=master">https://fairplaybo.vtexassets.com/_v/public/assets/v1/published/vtex.store-components@3.171.0/public/react/DiscountBadge.min.css?workspace=master</a>
        </td>
      </tr>
      <tr>
        <td colspan="1" rowspan="1" class="indent2" width="20%">Method</td>
        <td colspan="1" rowspan="1" width="80%">GET</td>
      </tr>
      <tr>
        <td colspan="1" rowspan="1" class="indent2" width="20%">Parameter</td>
        <td colspan="1" rowspan="1" width="80%"/>
      </tr>
      <tr>
        <td colspan="1" rowspan="1" class="indent2" width="20%">Attack</td>
        <td colspan="1" rowspan="1" width="80%"/>
      </tr>
      <tr>
        <td colspan="1" rowspan="1" class="indent2" width="20%">Evidence</td>
        <td colspan="1" rowspan="1" width="80%"/>
      </tr>
      <tr>
        <td colspan="1" rowspan="1" class="indent2" width="20%">Other Info</td>
        <td colspan="1" rowspan="1" width="80%"/>
      </tr>
      <tr>
        <td colspan="1" rowspan="1" class="indent1" width="20%">URL</td>
        <td colspan="1" rowspan="1" width="80%">
          <a shape="rect" href="https://fairplaybo.vtexassets.com/_v/public/assets/v1/published/vtex.store-components@3.171.0/public/react/Logo.min.css?workspace=master">https://fairplaybo.vtexassets.com/_v/public/assets/v1/published/vtex.store-components@3.171.0/public/react/Logo.min.css?workspace=master</a>
        </td>
      </tr>
      <tr>
        <td colspan="1" rowspan="1" class="indent2" width="20%">Method</td>
        <td colspan="1" rowspan="1" width="80%">GET</td>
      </tr>
      <tr>
        <td colspan="1" rowspan="1" class="indent2" width="20%">Parameter</td>
        <td colspan="1" rowspan="1" width="80%"/>
      </tr>
      <tr>
        <td colspan="1" rowspan="1" class="indent2" width="20%">Attack</td>
        <td colspan="1" rowspan="1" width="80%"/>
      </tr>
      <tr>
        <td colspan="1" rowspan="1" class="indent2" width="20%">Evidence</td>
        <td colspan="1" rowspan="1" width="80%"/>
      </tr>
      <tr>
        <td colspan="1" rowspan="1" class="indent2" width="20%">Other Info</td>
        <td colspan="1" rowspan="1" width="80%"/>
      </tr>
      <tr>
        <td colspan="1" rowspan="1" class="indent1" width="20%">URL</td>
        <td colspan="1" rowspan="1" width="80%">
          <a shape="rect" href="https://fairplaybo.vtexassets.com/_v/public/assets/v1/published/vtex.store-components@3.171.0/public/react/SearchBar.min.css?workspace=master">https://fairplaybo.vtexassets.com/_v/public/assets/v1/published/vtex.store-components@3.171.0/public/react/SearchBar.min.css?workspace=master</a>
        </td>
      </tr>
      <tr>
        <td colspan="1" rowspan="1" class="indent2" width="20%">Method</td>
        <td colspan="1" rowspan="1" width="80%">GET</td>
      </tr>
      <tr>
        <td colspan="1" rowspan="1" class="indent2" width="20%">Parameter</td>
        <td colspan="1" rowspan="1" width="80%"/>
      </tr>
      <tr>
        <td colspan="1" rowspan="1" class="indent2" width="20%">Attack</td>
        <td colspan="1" rowspan="1" width="80%"/>
      </tr>
      <tr>
        <td colspan="1" rowspan="1" class="indent2" width="20%">Evidence</td>
        <td colspan="1" rowspan="1" width="80%"/>
      </tr>
      <tr>
        <td colspan="1" rowspan="1" class="indent2" width="20%">Other Info</td>
        <td colspan="1" rowspan="1" width="80%"/>
      </tr>
      <tr>
        <td colspan="1" rowspan="1" class="indent1" width="20%">URL</td>
        <td colspan="1" rowspan="1" width="80%">
          <a shape="rect" href="https://fairplaybo.vtexassets.com/_v/public/assets/v1/published/vtex.store-drawer@0.17.0/public/react/0.min.js">https://fairplaybo.vtexassets.com/_v/public/assets/v1/published/vtex.store-drawer@0.17.0/public/react/0.min.js</a>
        </td>
      </tr>
      <tr>
        <td colspan="1" rowspan="1" class="indent2" width="20%">Method</td>
        <td colspan="1" rowspan="1" width="80%">GET</td>
      </tr>
      <tr>
        <td colspan="1" rowspan="1" class="indent2" width="20%">Parameter</td>
        <td colspan="1" rowspan="1" width="80%"/>
      </tr>
      <tr>
        <td colspan="1" rowspan="1" class="indent2" width="20%">Attack</td>
        <td colspan="1" rowspan="1" width="80%"/>
      </tr>
      <tr>
        <td colspan="1" rowspan="1" class="indent2" width="20%">Evidence</td>
        <td colspan="1" rowspan="1" width="80%"/>
      </tr>
      <tr>
        <td colspan="1" rowspan="1" class="indent2" width="20%">Other Info</td>
        <td colspan="1" rowspan="1" width="80%"/>
      </tr>
      <tr>
        <td colspan="1" rowspan="1" class="indent1" width="20%">URL</td>
        <td colspan="1" rowspan="1" width="80%">
          <a shape="rect" href="https://fairplaybo.vtexassets.com/_v/public/assets/v1/published/vtex.store-footer@2.27.0/public/react/common.min.js">https://fairplaybo.vtexassets.com/_v/public/assets/v1/published/vtex.store-footer@2.27.0/public/react/common.min.js</a>
        </td>
      </tr>
      <tr>
        <td colspan="1" rowspan="1" class="indent2" width="20%">Method</td>
        <td colspan="1" rowspan="1" width="80%">GET</td>
      </tr>
      <tr>
        <td colspan="1" rowspan="1" class="indent2" width="20%">Parameter</td>
        <td colspan="1" rowspan="1" width="80%"/>
      </tr>
      <tr>
        <td colspan="1" rowspan="1" class="indent2" width="20%">Attack</td>
        <td colspan="1" rowspan="1" width="80%"/>
      </tr>
      <tr>
        <td colspan="1" rowspan="1" class="indent2" width="20%">Evidence</td>
        <td colspan="1" rowspan="1" width="80%"/>
      </tr>
      <tr>
        <td colspan="1" rowspan="1" class="indent2" width="20%">Other Info</td>
        <td colspan="1" rowspan="1" width="80%"/>
      </tr>
      <tr>
        <td colspan="1" rowspan="1" class="indent1" width="20%">URL</td>
        <td colspan="1" rowspan="1" width="80%">
          <a shape="rect" href="https://fairplaybo.vtexassets.com/_v/public/assets/v1/published/vtex.store-footer@2.27.0/public/react/Footer.min.js">https://fairplaybo.vtexassets.com/_v/public/assets/v1/published/vtex.store-footer@2.27.0/public/react/Footer.min.js</a>
        </td>
      </tr>
      <tr>
        <td colspan="1" rowspan="1" class="indent2" width="20%">Method</td>
        <td colspan="1" rowspan="1" width="80%">GET</td>
      </tr>
      <tr>
        <td colspan="1" rowspan="1" class="indent2" width="20%">Parameter</td>
        <td colspan="1" rowspan="1" width="80%"/>
      </tr>
      <tr>
        <td colspan="1" rowspan="1" class="indent2" width="20%">Attack</td>
        <td colspan="1" rowspan="1" width="80%"/>
      </tr>
      <tr>
        <td colspan="1" rowspan="1" class="indent2" width="20%">Evidence</td>
        <td colspan="1" rowspan="1" width="80%"/>
      </tr>
      <tr>
        <td colspan="1" rowspan="1" class="indent2" width="20%">Other Info</td>
        <td colspan="1" rowspan="1" width="80%"/>
      </tr>
      <tr>
        <td colspan="1" rowspan="1" class="indent1" width="20%">URL</td>
        <td colspan="1" rowspan="1" width="80%">
          <a shape="rect" href="https://fairplaybo.vtexassets.com/_v/public/assets/v1/published/vtex.store-footer@2.27.0/public/react/FooterLayout.min.js">https://fairplaybo.vtexassets.com/_v/public/assets/v1/published/vtex.store-footer@2.27.0/public/react/FooterLayout.min.js</a>
        </td>
      </tr>
      <tr>
        <td colspan="1" rowspan="1" class="indent2" width="20%">Method</td>
        <td colspan="1" rowspan="1" width="80%">GET</td>
      </tr>
      <tr>
        <td colspan="1" rowspan="1" class="indent2" width="20%">Parameter</td>
        <td colspan="1" rowspan="1" width="80%"/>
      </tr>
      <tr>
        <td colspan="1" rowspan="1" class="indent2" width="20%">Attack</td>
        <td colspan="1" rowspan="1" width="80%"/>
      </tr>
      <tr>
        <td colspan="1" rowspan="1" class="indent2" width="20%">Evidence</td>
        <td colspan="1" rowspan="1" width="80%"/>
      </tr>
      <tr>
        <td colspan="1" rowspan="1" class="indent2" width="20%">Other Info</td>
        <td colspan="1" rowspan="1" width="80%"/>
      </tr>
      <tr>
        <td colspan="1" rowspan="1" class="indent1" width="20%">URL</td>
        <td colspan="1" rowspan="1" width="80%">
          <a shape="rect" href="https://fairplaybo.vtexassets.com/_v/public/assets/v1/published/vtex.store-footer@2.27.0/public/react/SocialNetworks.min.js">https://fairplaybo.vtexassets.com/_v/public/assets/v1/published/vtex.store-footer@2.27.0/public/react/SocialNetworks.min.js</a>
        </td>
      </tr>
      <tr>
        <td colspan="1" rowspan="1" class="indent2" width="20%">Method</td>
        <td colspan="1" rowspan="1" width="80%">GET</td>
      </tr>
      <tr>
        <td colspan="1" rowspan="1" class="indent2" width="20%">Parameter</td>
        <td colspan="1" rowspan="1" width="80%"/>
      </tr>
      <tr>
        <td colspan="1" rowspan="1" class="indent2" width="20%">Attack</td>
        <td colspan="1" rowspan="1" width="80%"/>
      </tr>
      <tr>
        <td colspan="1" rowspan="1" class="indent2" width="20%">Evidence</td>
        <td colspan="1" rowspan="1" width="80%"/>
      </tr>
      <tr>
        <td colspan="1" rowspan="1" class="indent2" width="20%">Other Info</td>
        <td colspan="1" rowspan="1" width="80%"/>
      </tr>
      <tr>
        <td colspan="1" rowspan="1" class="indent1" width="20%">URL</td>
        <td colspan="1" rowspan="1" width="80%">
          <a shape="rect" href="https://fairplaybo.vtexassets.com/_v/public/assets/v1/published/vtex.store-icons@0.18.0/public/react/IconAssistantSales.min.js">https://fairplaybo.vtexassets.com/_v/public/assets/v1/published/vtex.store-icons@0.18.0/public/react/IconAssistantSales.min.js</a>
        </td>
      </tr>
      <tr>
        <td colspan="1" rowspan="1" class="indent2" width="20%">Method</td>
        <td colspan="1" rowspan="1" width="80%">GET</td>
      </tr>
      <tr>
        <td colspan="1" rowspan="1" class="indent2" width="20%">Parameter</td>
        <td colspan="1" rowspan="1" width="80%"/>
      </tr>
      <tr>
        <td colspan="1" rowspan="1" class="indent2" width="20%">Attack</td>
        <td colspan="1" rowspan="1" width="80%"/>
      </tr>
      <tr>
        <td colspan="1" rowspan="1" class="indent2" width="20%">Evidence</td>
        <td colspan="1" rowspan="1" width="80%"/>
      </tr>
      <tr>
        <td colspan="1" rowspan="1" class="indent2" width="20%">Other Info</td>
        <td colspan="1" rowspan="1" width="80%"/>
      </tr>
      <tr>
        <td colspan="1" rowspan="1" class="indent1" width="20%">URL</td>
        <td colspan="1" rowspan="1" width="80%">
          <a shape="rect" href="https://fairplaybo.vtexassets.com/_v/public/assets/v1/published/vtex.store-resources@0.93.0/public/react/QuerySession.min.js">https://fairplaybo.vtexassets.com/_v/public/assets/v1/published/vtex.store-resources@0.93.0/public/react/QuerySession.min.js</a>
        </td>
      </tr>
      <tr>
        <td colspan="1" rowspan="1" class="indent2" width="20%">Method</td>
        <td colspan="1" rowspan="1" width="80%">GET</td>
      </tr>
      <tr>
        <td colspan="1" rowspan="1" class="indent2" width="20%">Parameter</td>
        <td colspan="1" rowspan="1" width="80%"/>
      </tr>
      <tr>
        <td colspan="1" rowspan="1" class="indent2" width="20%">Attack</td>
        <td colspan="1" rowspan="1" width="80%"/>
      </tr>
      <tr>
        <td colspan="1" rowspan="1" class="indent2" width="20%">Evidence</td>
        <td colspan="1" rowspan="1" width="80%"/>
      </tr>
      <tr>
        <td colspan="1" rowspan="1" class="indent2" width="20%">Other Info</td>
        <td colspan="1" rowspan="1" width="80%"/>
      </tr>
      <tr>
        <td colspan="1" rowspan="1" class="indent1" width="20%">URL</td>
        <td colspan="1" rowspan="1" width="80%">
          <a shape="rect" href="https://fairplaybo.vtexassets.com/_v/public/assets/v1/published/vtex.styleguide@9.146.9/public/react/0.min.css?workspace=master">https://fairplaybo.vtexassets.com/_v/public/assets/v1/published/vtex.styleguide@9.146.9/public/react/0.min.css?workspace=master</a>
        </td>
      </tr>
      <tr>
        <td colspan="1" rowspan="1" class="indent2" width="20%">Method</td>
        <td colspan="1" rowspan="1" width="80%">GET</td>
      </tr>
      <tr>
        <td colspan="1" rowspan="1" class="indent2" width="20%">Parameter</td>
        <td colspan="1" rowspan="1" width="80%"/>
      </tr>
      <tr>
        <td colspan="1" rowspan="1" class="indent2" width="20%">Attack</td>
        <td colspan="1" rowspan="1" width="80%"/>
      </tr>
      <tr>
        <td colspan="1" rowspan="1" class="indent2" width="20%">Evidence</td>
        <td colspan="1" rowspan="1" width="80%"/>
      </tr>
      <tr>
        <td colspan="1" rowspan="1" class="indent2" width="20%">Other Info</td>
        <td colspan="1" rowspan="1" width="80%"/>
      </tr>
      <tr>
        <td colspan="1" rowspan="1" class="indent1" width="20%">URL</td>
        <td colspan="1" rowspan="1" width="80%">
          <a shape="rect" href="https://fairplaybo.vtexassets.com/_v/public/assets/v1/published/vtex.styleguide@9.146.9/public/react/1.min.css?workspace=master">https://fairplaybo.vtexassets.com/_v/public/assets/v1/published/vtex.styleguide@9.146.9/public/react/1.min.css?workspace=master</a>
        </td>
      </tr>
      <tr>
        <td colspan="1" rowspan="1" class="indent2" width="20%">Method</td>
        <td colspan="1" rowspan="1" width="80%">GET</td>
      </tr>
      <tr>
        <td colspan="1" rowspan="1" class="indent2" width="20%">Parameter</td>
        <td colspan="1" rowspan="1" width="80%"/>
      </tr>
      <tr>
        <td colspan="1" rowspan="1" class="indent2" width="20%">Attack</td>
        <td colspan="1" rowspan="1" width="80%"/>
      </tr>
      <tr>
        <td colspan="1" rowspan="1" class="indent2" width="20%">Evidence</td>
        <td colspan="1" rowspan="1" width="80%"/>
      </tr>
      <tr>
        <td colspan="1" rowspan="1" class="indent2" width="20%">Other Info</td>
        <td colspan="1" rowspan="1" width="80%"/>
      </tr>
      <tr>
        <td colspan="1" rowspan="1" class="indent1" width="20%">URL</td>
        <td colspan="1" rowspan="1" width="80%">
          <a shape="rect" href="https://fairplaybo.vtexassets.com/_v/public/assets/v1/published/vtex.styleguide@9.146.9/public/react/Spinner.min.css?workspace=master">https://fairplaybo.vtexassets.com/_v/public/assets/v1/published/vtex.styleguide@9.146.9/public/react/Spinner.min.css?workspace=master</a>
        </td>
      </tr>
      <tr>
        <td colspan="1" rowspan="1" class="indent2" width="20%">Method</td>
        <td colspan="1" rowspan="1" width="80%">GET</td>
      </tr>
      <tr>
        <td colspan="1" rowspan="1" class="indent2" width="20%">Parameter</td>
        <td colspan="1" rowspan="1" width="80%"/>
      </tr>
      <tr>
        <td colspan="1" rowspan="1" class="indent2" width="20%">Attack</td>
        <td colspan="1" rowspan="1" width="80%"/>
      </tr>
      <tr>
        <td colspan="1" rowspan="1" class="indent2" width="20%">Evidence</td>
        <td colspan="1" rowspan="1" width="80%"/>
      </tr>
      <tr>
        <td colspan="1" rowspan="1" class="indent2" width="20%">Other Info</td>
        <td colspan="1" rowspan="1" width="80%"/>
      </tr>
      <tr>
        <td colspan="1" rowspan="1" class="indent1" width="20%">URL</td>
        <td colspan="1" rowspan="1" width="80%">
          <a shape="rect" href="https://fairplaybo.vtexassets.com/_v/public/assets/v1/published/vtex.telemarketing@2.12.1/public/react/index.min.js">https://fairplaybo.vtexassets.com/_v/public/assets/v1/published/vtex.telemarketing@2.12.1/public/react/index.min.js</a>
        </td>
      </tr>
      <tr>
        <td colspan="1" rowspan="1" class="indent2" width="20%">Method</td>
        <td colspan="1" rowspan="1" width="80%">GET</td>
      </tr>
      <tr>
        <td colspan="1" rowspan="1" class="indent2" width="20%">Parameter</td>
        <td colspan="1" rowspan="1" width="80%"/>
      </tr>
      <tr>
        <td colspan="1" rowspan="1" class="indent2" width="20%">Attack</td>
        <td colspan="1" rowspan="1" width="80%"/>
      </tr>
      <tr>
        <td colspan="1" rowspan="1" class="indent2" width="20%">Evidence</td>
        <td colspan="1" rowspan="1" width="80%"/>
      </tr>
      <tr>
        <td colspan="1" rowspan="1" class="indent2" width="20%">Other Info</td>
        <td colspan="1" rowspan="1" width="80%"/>
      </tr>
      <tr>
        <td colspan="1" rowspan="1" class="indent1" width="20%">URL</td>
        <td colspan="1" rowspan="1" width="80%">
          <a shape="rect" href="https://fairplaybo.vtexassets.com/_v/public/assets/v1/published/vtex.wish-list@1.16.2/public/react/AddProductBtn.min.css?workspace=master">https://fairplaybo.vtexassets.com/_v/public/assets/v1/published/vtex.wish-list@1.16.2/public/react/AddProductBtn.min.css?workspace=master</a>
        </td>
      </tr>
      <tr>
        <td colspan="1" rowspan="1" class="indent2" width="20%">Method</td>
        <td colspan="1" rowspan="1" width="80%">GET</td>
      </tr>
      <tr>
        <td colspan="1" rowspan="1" class="indent2" width="20%">Parameter</td>
        <td colspan="1" rowspan="1" width="80%"/>
      </tr>
      <tr>
        <td colspan="1" rowspan="1" class="indent2" width="20%">Attack</td>
        <td colspan="1" rowspan="1" width="80%"/>
      </tr>
      <tr>
        <td colspan="1" rowspan="1" class="indent2" width="20%">Evidence</td>
        <td colspan="1" rowspan="1" width="80%"/>
      </tr>
      <tr>
        <td colspan="1" rowspan="1" class="indent2" width="20%">Other Info</td>
        <td colspan="1" rowspan="1" width="80%"/>
      </tr>
      <tr>
        <td colspan="1" rowspan="1" class="indent1" width="20%">URL</td>
        <td colspan="1" rowspan="1" width="80%">
          <a shape="rect" href="https://fairplaybo.vtexassets.com/_v/public/vtex.styles-graphql/v1/fonts/989db2448f309bfdd99b513f37c84b8f5794d2b5?v=1&amp;workspace=master">https://fairplaybo.vtexassets.com/_v/public/vtex.styles-graphql/v1/fonts/989db2448f309bfdd99b513f37c84b8f5794d2b5?v=1&amp;workspace=master</a>
        </td>
      </tr>
      <tr>
        <td colspan="1" rowspan="1" class="indent2" width="20%">Method</td>
        <td colspan="1" rowspan="1" width="80%">GET</td>
      </tr>
      <tr>
        <td colspan="1" rowspan="1" class="indent2" width="20%">Parameter</td>
        <td colspan="1" rowspan="1" width="80%"/>
      </tr>
      <tr>
        <td colspan="1" rowspan="1" class="indent2" width="20%">Attack</td>
        <td colspan="1" rowspan="1" width="80%"/>
      </tr>
      <tr>
        <td colspan="1" rowspan="1" class="indent2" width="20%">Evidence</td>
        <td colspan="1" rowspan="1" width="80%"/>
      </tr>
      <tr>
        <td colspan="1" rowspan="1" class="indent2" width="20%">Other Info</td>
        <td colspan="1" rowspan="1" width="80%"/>
      </tr>
      <tr>
        <td colspan="1" rowspan="1" class="indent1" width="20%">URL</td>
        <td colspan="1" rowspan="1" width="80%">
          <a shape="rect" href="https://fairplaybo.vtexassets.com/_v/public/vtex.styles-graphql/v1/overrides/fairplaybo.fairplay-theme@1.0.5$fonts.css?v=1&amp;workspace=master">https://fairplaybo.vtexassets.com/_v/public/vtex.styles-graphql/v1/overrides/fairplaybo.fairplay-theme@1.0.5$fonts.css?v=1&amp;workspace=master</a>
        </td>
      </tr>
      <tr>
        <td colspan="1" rowspan="1" class="indent2" width="20%">Method</td>
        <td colspan="1" rowspan="1" width="80%">GET</td>
      </tr>
      <tr>
        <td colspan="1" rowspan="1" class="indent2" width="20%">Parameter</td>
        <td colspan="1" rowspan="1" width="80%"/>
      </tr>
      <tr>
        <td colspan="1" rowspan="1" class="indent2" width="20%">Attack</td>
        <td colspan="1" rowspan="1" width="80%"/>
      </tr>
      <tr>
        <td colspan="1" rowspan="1" class="indent2" width="20%">Evidence</td>
        <td colspan="1" rowspan="1" width="80%"/>
      </tr>
      <tr>
        <td colspan="1" rowspan="1" class="indent2" width="20%">Other Info</td>
        <td colspan="1" rowspan="1" width="80%"/>
      </tr>
      <tr>
        <td colspan="1" rowspan="1" class="indent1" width="20%">URL</td>
        <td colspan="1" rowspan="1" width="80%">
          <a shape="rect" href="https://fairplaybo.vtexassets.com/_v/public/vtex.styles-graphql/v1/overrides/fairplaybo.fairplay-theme@1.0.5$overrides.css?v=1&amp;workspace=master">https://fairplaybo.vtexassets.com/_v/public/vtex.styles-graphql/v1/overrides/fairplaybo.fairplay-theme@1.0.5$overrides.css?v=1&amp;workspace=master</a>
        </td>
      </tr>
      <tr>
        <td colspan="1" rowspan="1" class="indent2" width="20%">Method</td>
        <td colspan="1" rowspan="1" width="80%">GET</td>
      </tr>
      <tr>
        <td colspan="1" rowspan="1" class="indent2" width="20%">Parameter</td>
        <td colspan="1" rowspan="1" width="80%"/>
      </tr>
      <tr>
        <td colspan="1" rowspan="1" class="indent2" width="20%">Attack</td>
        <td colspan="1" rowspan="1" width="80%"/>
      </tr>
      <tr>
        <td colspan="1" rowspan="1" class="indent2" width="20%">Evidence</td>
        <td colspan="1" rowspan="1" width="80%"/>
      </tr>
      <tr>
        <td colspan="1" rowspan="1" class="indent2" width="20%">Other Info</td>
        <td colspan="1" rowspan="1" width="80%"/>
      </tr>
      <tr>
        <td colspan="1" rowspan="1" class="indent1" width="20%">URL</td>
        <td colspan="1" rowspan="1" width="80%">
          <a shape="rect" href="https://fairplaybo.vtexassets.com/_v/public/vtex.styles-graphql/v1/overrides/vtex.minicart@2.67.1$overrides.css?v=1&amp;workspace=master">https://fairplaybo.vtexassets.com/_v/public/vtex.styles-graphql/v1/overrides/vtex.minicart@2.67.1$overrides.css?v=1&amp;workspace=master</a>
        </td>
      </tr>
      <tr>
        <td colspan="1" rowspan="1" class="indent2" width="20%">Method</td>
        <td colspan="1" rowspan="1" width="80%">GET</td>
      </tr>
      <tr>
        <td colspan="1" rowspan="1" class="indent2" width="20%">Parameter</td>
        <td colspan="1" rowspan="1" width="80%"/>
      </tr>
      <tr>
        <td colspan="1" rowspan="1" class="indent2" width="20%">Attack</td>
        <td colspan="1" rowspan="1" width="80%"/>
      </tr>
      <tr>
        <td colspan="1" rowspan="1" class="indent2" width="20%">Evidence</td>
        <td colspan="1" rowspan="1" width="80%"/>
      </tr>
      <tr>
        <td colspan="1" rowspan="1" class="indent2" width="20%">Other Info</td>
        <td colspan="1" rowspan="1" width="80%"/>
      </tr>
      <tr>
        <td colspan="1" rowspan="1" class="indent1" width="20%">URL</td>
        <td colspan="1" rowspan="1" width="80%">
          <a shape="rect" href="https://fairplaybo.vtexassets.com/_v/public/vtex.styles-graphql/v1/overrides/vtex.product-list@0.37.1$overrides.css?v=1&amp;workspace=master">https://fairplaybo.vtexassets.com/_v/public/vtex.styles-graphql/v1/overrides/vtex.product-list@0.37.1$overrides.css?v=1&amp;workspace=master</a>
        </td>
      </tr>
      <tr>
        <td colspan="1" rowspan="1" class="indent2" width="20%">Method</td>
        <td colspan="1" rowspan="1" width="80%">GET</td>
      </tr>
      <tr>
        <td colspan="1" rowspan="1" class="indent2" width="20%">Parameter</td>
        <td colspan="1" rowspan="1" width="80%"/>
      </tr>
      <tr>
        <td colspan="1" rowspan="1" class="indent2" width="20%">Attack</td>
        <td colspan="1" rowspan="1" width="80%"/>
      </tr>
      <tr>
        <td colspan="1" rowspan="1" class="indent2" width="20%">Evidence</td>
        <td colspan="1" rowspan="1" width="80%"/>
      </tr>
      <tr>
        <td colspan="1" rowspan="1" class="indent2" width="20%">Other Info</td>
        <td colspan="1" rowspan="1" width="80%"/>
      </tr>
      <tr>
        <td colspan="1" rowspan="1" class="indent1" width="20%">URL</td>
        <td colspan="1" rowspan="1" width="80%">
          <a shape="rect" href="https://fairplaybo.vtexassets.com/_v/public/vtex.styles-graphql/v1/overrides/vtex.shelf-components@0.10.0$overrides.css?v=1&amp;workspace=master">https://fairplaybo.vtexassets.com/_v/public/vtex.styles-graphql/v1/overrides/vtex.shelf-components@0.10.0$overrides.css?v=1&amp;workspace=master</a>
        </td>
      </tr>
      <tr>
        <td colspan="1" rowspan="1" class="indent2" width="20%">Method</td>
        <td colspan="1" rowspan="1" width="80%">GET</td>
      </tr>
      <tr>
        <td colspan="1" rowspan="1" class="indent2" width="20%">Parameter</td>
        <td colspan="1" rowspan="1" width="80%"/>
      </tr>
      <tr>
        <td colspan="1" rowspan="1" class="indent2" width="20%">Attack</td>
        <td colspan="1" rowspan="1" width="80%"/>
      </tr>
      <tr>
        <td colspan="1" rowspan="1" class="indent2" width="20%">Evidence</td>
        <td colspan="1" rowspan="1" width="80%"/>
      </tr>
      <tr>
        <td colspan="1" rowspan="1" class="indent2" width="20%">Other Info</td>
        <td colspan="1" rowspan="1" width="80%"/>
      </tr>
      <tr>
        <td colspan="1" rowspan="1" class="indent1" width="20%">URL</td>
        <td colspan="1" rowspan="1" width="80%">
          <a shape="rect" href="https://fairplaybo.vtexassets.com/_v/public/vtex.styles-graphql/v1/style/fairplaybo.fairplay-theme@1.0.5$style.common.min.css?v=1&amp;workspace=master">https://fairplaybo.vtexassets.com/_v/public/vtex.styles-graphql/v1/style/fairplaybo.fairplay-theme@1.0.5$style.common.min.css?v=1&amp;workspace=master</a>
        </td>
      </tr>
      <tr>
        <td colspan="1" rowspan="1" class="indent2" width="20%">Method</td>
        <td colspan="1" rowspan="1" width="80%">GET</td>
      </tr>
      <tr>
        <td colspan="1" rowspan="1" class="indent2" width="20%">Parameter</td>
        <td colspan="1" rowspan="1" width="80%"/>
      </tr>
      <tr>
        <td colspan="1" rowspan="1" class="indent2" width="20%">Attack</td>
        <td colspan="1" rowspan="1" width="80%"/>
      </tr>
      <tr>
        <td colspan="1" rowspan="1" class="indent2" width="20%">Evidence</td>
        <td colspan="1" rowspan="1" width="80%"/>
      </tr>
      <tr>
        <td colspan="1" rowspan="1" class="indent2" width="20%">Other Info</td>
        <td colspan="1" rowspan="1" width="80%"/>
      </tr>
      <tr>
        <td colspan="1" rowspan="1" class="indent1" width="20%">URL</td>
        <td colspan="1" rowspan="1" width="80%">
          <a shape="rect" href="https://fairplaybo.vtexassets.com/_v/public/vtex.styles-graphql/v1/style/fairplaybo.fairplay-theme@1.0.5$style.large.min.css?v=1&amp;workspace=master">https://fairplaybo.vtexassets.com/_v/public/vtex.styles-graphql/v1/style/fairplaybo.fairplay-theme@1.0.5$style.large.min.css?v=1&amp;workspace=master</a>
        </td>
      </tr>
      <tr>
        <td colspan="1" rowspan="1" class="indent2" width="20%">Method</td>
        <td colspan="1" rowspan="1" width="80%">GET</td>
      </tr>
      <tr>
        <td colspan="1" rowspan="1" class="indent2" width="20%">Parameter</td>
        <td colspan="1" rowspan="1" width="80%"/>
      </tr>
      <tr>
        <td colspan="1" rowspan="1" class="indent2" width="20%">Attack</td>
        <td colspan="1" rowspan="1" width="80%"/>
      </tr>
      <tr>
        <td colspan="1" rowspan="1" class="indent2" width="20%">Evidence</td>
        <td colspan="1" rowspan="1" width="80%"/>
      </tr>
      <tr>
        <td colspan="1" rowspan="1" class="indent2" width="20%">Other Info</td>
        <td colspan="1" rowspan="1" width="80%"/>
      </tr>
      <tr>
        <td colspan="1" rowspan="1" class="indent1" width="20%">URL</td>
        <td colspan="1" rowspan="1" width="80%">
          <a shape="rect" href="https://fairplaybo.vtexassets.com/_v/public/vtex.styles-graphql/v1/style/fairplaybo.fairplay-theme@1.0.5$style.notsmall.min.css?v=1&amp;workspace=master">https://fairplaybo.vtexassets.com/_v/public/vtex.styles-graphql/v1/style/fairplaybo.fairplay-theme@1.0.5$style.notsmall.min.css?v=1&amp;workspace=master</a>
        </td>
      </tr>
      <tr>
        <td colspan="1" rowspan="1" class="indent2" width="20%">Method</td>
        <td colspan="1" rowspan="1" width="80%">GET</td>
      </tr>
      <tr>
        <td colspan="1" rowspan="1" class="indent2" width="20%">Parameter</td>
        <td colspan="1" rowspan="1" width="80%"/>
      </tr>
      <tr>
        <td colspan="1" rowspan="1" class="indent2" width="20%">Attack</td>
        <td colspan="1" rowspan="1" width="80%"/>
      </tr>
      <tr>
        <td colspan="1" rowspan="1" class="indent2" width="20%">Evidence</td>
        <td colspan="1" rowspan="1" width="80%"/>
      </tr>
      <tr>
        <td colspan="1" rowspan="1" class="indent2" width="20%">Other Info</td>
        <td colspan="1" rowspan="1" width="80%"/>
      </tr>
      <tr>
        <td colspan="1" rowspan="1" class="indent1" width="20%">URL</td>
        <td colspan="1" rowspan="1" width="80%">
          <a shape="rect" href="https://fairplaybo.vtexassets.com/_v/public/vtex.styles-graphql/v1/style/fairplaybo.fairplay-theme@1.0.5$style.small.min.css?v=1&amp;workspace=master">https://fairplaybo.vtexassets.com/_v/public/vtex.styles-graphql/v1/style/fairplaybo.fairplay-theme@1.0.5$style.small.min.css?v=1&amp;workspace=master</a>
        </td>
      </tr>
      <tr>
        <td colspan="1" rowspan="1" class="indent2" width="20%">Method</td>
        <td colspan="1" rowspan="1" width="80%">GET</td>
      </tr>
      <tr>
        <td colspan="1" rowspan="1" class="indent2" width="20%">Parameter</td>
        <td colspan="1" rowspan="1" width="80%"/>
      </tr>
      <tr>
        <td colspan="1" rowspan="1" class="indent2" width="20%">Attack</td>
        <td colspan="1" rowspan="1" width="80%"/>
      </tr>
      <tr>
        <td colspan="1" rowspan="1" class="indent2" width="20%">Evidence</td>
        <td colspan="1" rowspan="1" width="80%"/>
      </tr>
      <tr>
        <td colspan="1" rowspan="1" class="indent2" width="20%">Other Info</td>
        <td colspan="1" rowspan="1" width="80%"/>
      </tr>
      <tr>
        <td colspan="1" rowspan="1" class="indent1" width="20%">URL</td>
        <td colspan="1" rowspan="1" width="80%">
          <a shape="rect" href="https://fairplaybo.vtexassets.com/_v/public/vtex.styles-graphql/v1/style/fairplaybo.fairplay-theme@1.0.5$style.xlarge.min.css?v=1&amp;workspace=master">https://fairplaybo.vtexassets.com/_v/public/vtex.styles-graphql/v1/style/fairplaybo.fairplay-theme@1.0.5$style.xlarge.min.css?v=1&amp;workspace=master</a>
        </td>
      </tr>
      <tr>
        <td colspan="1" rowspan="1" class="indent2" width="20%">Method</td>
        <td colspan="1" rowspan="1" width="80%">GET</td>
      </tr>
      <tr>
        <td colspan="1" rowspan="1" class="indent2" width="20%">Parameter</td>
        <td colspan="1" rowspan="1" width="80%"/>
      </tr>
      <tr>
        <td colspan="1" rowspan="1" class="indent2" width="20%">Attack</td>
        <td colspan="1" rowspan="1" width="80%"/>
      </tr>
      <tr>
        <td colspan="1" rowspan="1" class="indent2" width="20%">Evidence</td>
        <td colspan="1" rowspan="1" width="80%"/>
      </tr>
      <tr>
        <td colspan="1" rowspan="1" class="indent2" width="20%">Other Info</td>
        <td colspan="1" rowspan="1" width="80%"/>
      </tr>
      <tr>
        <td colspan="1" rowspan="1" class="indent1" width="20%">URL</td>
        <td colspan="1" rowspan="1" width="80%">
          <a shape="rect" href="https://fairplaybo.vtexassets.com/assets/vtex/assets-builder/fairplaybo.fairplay-theme/1.0.5/fonts/MuseoSans_700___10aaa353d22c131091d217c83f558343.otf">https://fairplaybo.vtexassets.com/assets/vtex/assets-builder/fairplaybo.fairplay-theme/1.0.5/fonts/MuseoSans_700___10aaa353d22c131091d217c83f558343.otf</a>
        </td>
      </tr>
      <tr>
        <td colspan="1" rowspan="1" class="indent2" width="20%">Method</td>
        <td colspan="1" rowspan="1" width="80%">GET</td>
      </tr>
      <tr>
        <td colspan="1" rowspan="1" class="indent2" width="20%">Parameter</td>
        <td colspan="1" rowspan="1" width="80%"/>
      </tr>
      <tr>
        <td colspan="1" rowspan="1" class="indent2" width="20%">Attack</td>
        <td colspan="1" rowspan="1" width="80%"/>
      </tr>
      <tr>
        <td colspan="1" rowspan="1" class="indent2" width="20%">Evidence</td>
        <td colspan="1" rowspan="1" width="80%"/>
      </tr>
      <tr>
        <td colspan="1" rowspan="1" class="indent2" width="20%">Other Info</td>
        <td colspan="1" rowspan="1" width="80%"/>
      </tr>
      <tr>
        <td colspan="1" rowspan="1" class="indent1" width="20%">URL</td>
        <td colspan="1" rowspan="1" width="80%">
          <a shape="rect" href="https://fairplaybo.vtexassets.com/assets/vtex/assets-builder/fairplaybo.fairplay-theme/1.0.5/fonts/Poppins-Medium___f61a4eb27371b7453bf5b12ab3648b9e.ttf">https://fairplaybo.vtexassets.com/assets/vtex/assets-builder/fairplaybo.fairplay-theme/1.0.5/fonts/Poppins-Medium___f61a4eb27371b7453bf5b12ab3648b9e.ttf</a>
        </td>
      </tr>
      <tr>
        <td colspan="1" rowspan="1" class="indent2" width="20%">Method</td>
        <td colspan="1" rowspan="1" width="80%">GET</td>
      </tr>
      <tr>
        <td colspan="1" rowspan="1" class="indent2" width="20%">Parameter</td>
        <td colspan="1" rowspan="1" width="80%"/>
      </tr>
      <tr>
        <td colspan="1" rowspan="1" class="indent2" width="20%">Attack</td>
        <td colspan="1" rowspan="1" width="80%"/>
      </tr>
      <tr>
        <td colspan="1" rowspan="1" class="indent2" width="20%">Evidence</td>
        <td colspan="1" rowspan="1" width="80%"/>
      </tr>
      <tr>
        <td colspan="1" rowspan="1" class="indent2" width="20%">Other Info</td>
        <td colspan="1" rowspan="1" width="80%"/>
      </tr>
      <tr>
        <td colspan="1" rowspan="1" class="indent1" width="20%">URL</td>
        <td colspan="1" rowspan="1" width="80%">
          <a shape="rect" href="https://fairplaybo.vtexassets.com/assets/vtex/assets-builder/fairplaybo.fairplay-theme/1.0.5/fonts/Poppins-Regular___8b6af8e5e8324edfd77af8b3b35d7f9c.ttf">https://fairplaybo.vtexassets.com/assets/vtex/assets-builder/fairplaybo.fairplay-theme/1.0.5/fonts/Poppins-Regular___8b6af8e5e8324edfd77af8b3b35d7f9c.ttf</a>
        </td>
      </tr>
      <tr>
        <td colspan="1" rowspan="1" class="indent2" width="20%">Method</td>
        <td colspan="1" rowspan="1" width="80%">GET</td>
      </tr>
      <tr>
        <td colspan="1" rowspan="1" class="indent2" width="20%">Parameter</td>
        <td colspan="1" rowspan="1" width="80%"/>
      </tr>
      <tr>
        <td colspan="1" rowspan="1" class="indent2" width="20%">Attack</td>
        <td colspan="1" rowspan="1" width="80%"/>
      </tr>
      <tr>
        <td colspan="1" rowspan="1" class="indent2" width="20%">Evidence</td>
        <td colspan="1" rowspan="1" width="80%"/>
      </tr>
      <tr>
        <td colspan="1" rowspan="1" class="indent2" width="20%">Other Info</td>
        <td colspan="1" rowspan="1" width="80%"/>
      </tr>
      <tr>
        <td colspan="1" rowspan="1" class="indent1" width="20%">URL</td>
        <td colspan="1" rowspan="1" width="80%">
          <a shape="rect" href="https://io.vtex.com.br/rc/rc.js">https://io.vtex.com.br/rc/rc.js</a>
        </td>
      </tr>
      <tr>
        <td colspan="1" rowspan="1" class="indent2" width="20%">Method</td>
        <td colspan="1" rowspan="1" width="80%">GET</td>
      </tr>
      <tr>
        <td colspan="1" rowspan="1" class="indent2" width="20%">Parameter</td>
        <td colspan="1" rowspan="1" width="80%"/>
      </tr>
      <tr>
        <td colspan="1" rowspan="1" class="indent2" width="20%">Attack</td>
        <td colspan="1" rowspan="1" width="80%"/>
      </tr>
      <tr>
        <td colspan="1" rowspan="1" class="indent2" width="20%">Evidence</td>
        <td colspan="1" rowspan="1" width="80%"/>
      </tr>
      <tr>
        <td colspan="1" rowspan="1" class="indent2" width="20%">Other Info</td>
        <td colspan="1" rowspan="1" width="80%"/>
      </tr>
      <tr>
        <td colspan="1" rowspan="1" class="indent1" width="20%">URL</td>
        <td colspan="1" rowspan="1" width="80%">
          <a shape="rect" href="https://optimizationguide-pa.googleapis.com/downloads?name=1673999601&amp;target=OPTIMIZATION_TARGET_PAGE_VISIBILITY">https://optimizationguide-pa.googleapis.com/downloads?name=1673999601&amp;target=OPTIMIZATION_TARGET_PAGE_VISIBILITY</a>
        </td>
      </tr>
      <tr>
        <td colspan="1" rowspan="1" class="indent2" width="20%">Method</td>
        <td colspan="1" rowspan="1" width="80%">GET</td>
      </tr>
      <tr>
        <td colspan="1" rowspan="1" class="indent2" width="20%">Parameter</td>
        <td colspan="1" rowspan="1" width="80%"/>
      </tr>
      <tr>
        <td colspan="1" rowspan="1" class="indent2" width="20%">Attack</td>
        <td colspan="1" rowspan="1" width="80%"/>
      </tr>
      <tr>
        <td colspan="1" rowspan="1" class="indent2" width="20%">Evidence</td>
        <td colspan="1" rowspan="1" width="80%"/>
      </tr>
      <tr>
        <td colspan="1" rowspan="1" class="indent2" width="20%">Other Info</td>
        <td colspan="1" rowspan="1" width="80%"/>
      </tr>
      <tr>
        <td colspan="1" rowspan="1" class="indent1" width="20%">URL</td>
        <td colspan="1" rowspan="1" width="80%">
          <a shape="rect" href="https://optimizationguide-pa.googleapis.com/downloads?name=1679317318&amp;target=OPTIMIZATION_TARGET_LANGUAGE_DETECTION">https://optimizationguide-pa.googleapis.com/downloads?name=1679317318&amp;target=OPTIMIZATION_TARGET_LANGUAGE_DETECTION</a>
        </td>
      </tr>
      <tr>
        <td colspan="1" rowspan="1" class="indent2" width="20%">Method</td>
        <td colspan="1" rowspan="1" width="80%">GET</td>
      </tr>
      <tr>
        <td colspan="1" rowspan="1" class="indent2" width="20%">Parameter</td>
        <td colspan="1" rowspan="1" width="80%"/>
      </tr>
      <tr>
        <td colspan="1" rowspan="1" class="indent2" width="20%">Attack</td>
        <td colspan="1" rowspan="1" width="80%"/>
      </tr>
      <tr>
        <td colspan="1" rowspan="1" class="indent2" width="20%">Evidence</td>
        <td colspan="1" rowspan="1" width="80%"/>
      </tr>
      <tr>
        <td colspan="1" rowspan="1" class="indent2" width="20%">Other Info</td>
        <td colspan="1" rowspan="1" width="80%"/>
      </tr>
      <tr>
        <td colspan="1" rowspan="1" class="indent1" width="20%">URL</td>
        <td colspan="1" rowspan="1" width="80%">
          <a shape="rect" href="https://optimizationguide-pa.googleapis.com/downloads?name=1698073325&amp;target=OPTIMIZATION_TARGET_CLIENT_SIDE_PHISHING">https://optimizationguide-pa.googleapis.com/downloads?name=1698073325&amp;target=OPTIMIZATION_TARGET_CLIENT_SIDE_PHISHING</a>
        </td>
      </tr>
      <tr>
        <td colspan="1" rowspan="1" class="indent2" width="20%">Method</td>
        <td colspan="1" rowspan="1" width="80%">GET</td>
      </tr>
      <tr>
        <td colspan="1" rowspan="1" class="indent2" width="20%">Parameter</td>
        <td colspan="1" rowspan="1" width="80%"/>
      </tr>
      <tr>
        <td colspan="1" rowspan="1" class="indent2" width="20%">Attack</td>
        <td colspan="1" rowspan="1" width="80%"/>
      </tr>
      <tr>
        <td colspan="1" rowspan="1" class="indent2" width="20%">Evidence</td>
        <td colspan="1" rowspan="1" width="80%"/>
      </tr>
      <tr>
        <td colspan="1" rowspan="1" class="indent2" width="20%">Other Info</td>
        <td colspan="1" rowspan="1" width="80%"/>
      </tr>
      <tr>
        <td colspan="1" rowspan="1" class="indent1" width="20%">URL</td>
        <td colspan="1" rowspan="1" width="80%">
          <a shape="rect" href="https://optimizationguide-pa.googleapis.com/downloads?name=1701726567&amp;target=OPTIMIZATION_TARGET_GEOLOCATION_PERMISSION_PREDICTIONS">https://optimizationguide-pa.googleapis.com/downloads?name=1701726567&amp;target=OPTIMIZATION_TARGET_GEOLOCATION_PERMISSION_PREDICTIONS</a>
        </td>
      </tr>
      <tr>
        <td colspan="1" rowspan="1" class="indent2" width="20%">Method</td>
        <td colspan="1" rowspan="1" width="80%">GET</td>
      </tr>
      <tr>
        <td colspan="1" rowspan="1" class="indent2" width="20%">Parameter</td>
        <td colspan="1" rowspan="1" width="80%"/>
      </tr>
      <tr>
        <td colspan="1" rowspan="1" class="indent2" width="20%">Attack</td>
        <td colspan="1" rowspan="1" width="80%"/>
      </tr>
      <tr>
        <td colspan="1" rowspan="1" class="indent2" width="20%">Evidence</td>
        <td colspan="1" rowspan="1" width="80%"/>
      </tr>
      <tr>
        <td colspan="1" rowspan="1" class="indent2" width="20%">Other Info</td>
        <td colspan="1" rowspan="1" width="80%"/>
      </tr>
      <tr>
        <td colspan="1" rowspan="1" class="indent1" width="20%">URL</td>
        <td colspan="1" rowspan="1" width="80%">
          <a shape="rect" href="https://optimizationguide-pa.googleapis.com/downloads?name=1701726572&amp;target=OPTIMIZATION_TARGET_NOTIFICATION_PERMISSION_PREDICTIONS">https://optimizationguide-pa.googleapis.com/downloads?name=1701726572&amp;target=OPTIMIZATION_TARGET_NOTIFICATION_PERMISSION_PREDICTIONS</a>
        </td>
      </tr>
      <tr>
        <td colspan="1" rowspan="1" class="indent2" width="20%">Method</td>
        <td colspan="1" rowspan="1" width="80%">GET</td>
      </tr>
      <tr>
        <td colspan="1" rowspan="1" class="indent2" width="20%">Parameter</td>
        <td colspan="1" rowspan="1" width="80%"/>
      </tr>
      <tr>
        <td colspan="1" rowspan="1" class="indent2" width="20%">Attack</td>
        <td colspan="1" rowspan="1" width="80%"/>
      </tr>
      <tr>
        <td colspan="1" rowspan="1" class="indent2" width="20%">Evidence</td>
        <td colspan="1" rowspan="1" width="80%"/>
      </tr>
      <tr>
        <td colspan="1" rowspan="1" class="indent2" width="20%">Other Info</td>
        <td colspan="1" rowspan="1" width="80%"/>
      </tr>
      <tr>
        <td colspan="1" rowspan="1" class="indent1" width="20%">URL</td>
        <td colspan="1" rowspan="1" width="80%">
          <a shape="rect" href="https://storage.googleapis.com/workbox-cdn/releases/4.3.1/workbox-background-sync.prod.js">https://storage.googleapis.com/workbox-cdn/releases/4.3.1/workbox-background-sync.prod.js</a>
        </td>
      </tr>
      <tr>
        <td colspan="1" rowspan="1" class="indent2" width="20%">Method</td>
        <td colspan="1" rowspan="1" width="80%">GET</td>
      </tr>
      <tr>
        <td colspan="1" rowspan="1" class="indent2" width="20%">Parameter</td>
        <td colspan="1" rowspan="1" width="80%"/>
      </tr>
      <tr>
        <td colspan="1" rowspan="1" class="indent2" width="20%">Attack</td>
        <td colspan="1" rowspan="1" width="80%"/>
      </tr>
      <tr>
        <td colspan="1" rowspan="1" class="indent2" width="20%">Evidence</td>
        <td colspan="1" rowspan="1" width="80%"/>
      </tr>
      <tr>
        <td colspan="1" rowspan="1" class="indent2" width="20%">Other Info</td>
        <td colspan="1" rowspan="1" width="80%"/>
      </tr>
      <tr>
        <td colspan="1" rowspan="1" class="indent1" width="20%">URL</td>
        <td colspan="1" rowspan="1" width="80%">
          <a shape="rect" href="https://storage.googleapis.com/workbox-cdn/releases/4.3.1/workbox-core.prod.js">https://storage.googleapis.com/workbox-cdn/releases/4.3.1/workbox-core.prod.js</a>
        </td>
      </tr>
      <tr>
        <td colspan="1" rowspan="1" class="indent2" width="20%">Method</td>
        <td colspan="1" rowspan="1" width="80%">GET</td>
      </tr>
      <tr>
        <td colspan="1" rowspan="1" class="indent2" width="20%">Parameter</td>
        <td colspan="1" rowspan="1" width="80%"/>
      </tr>
      <tr>
        <td colspan="1" rowspan="1" class="indent2" width="20%">Attack</td>
        <td colspan="1" rowspan="1" width="80%"/>
      </tr>
      <tr>
        <td colspan="1" rowspan="1" class="indent2" width="20%">Evidence</td>
        <td colspan="1" rowspan="1" width="80%"/>
      </tr>
      <tr>
        <td colspan="1" rowspan="1" class="indent2" width="20%">Other Info</td>
        <td colspan="1" rowspan="1" width="80%"/>
      </tr>
      <tr>
        <td colspan="1" rowspan="1" class="indent1" width="20%">URL</td>
        <td colspan="1" rowspan="1" width="80%">
          <a shape="rect" href="https://storage.googleapis.com/workbox-cdn/releases/4.3.1/workbox-expiration.prod.js">https://storage.googleapis.com/workbox-cdn/releases/4.3.1/workbox-expiration.prod.js</a>
        </td>
      </tr>
      <tr>
        <td colspan="1" rowspan="1" class="indent2" width="20%">Method</td>
        <td colspan="1" rowspan="1" width="80%">GET</td>
      </tr>
      <tr>
        <td colspan="1" rowspan="1" class="indent2" width="20%">Parameter</td>
        <td colspan="1" rowspan="1" width="80%"/>
      </tr>
      <tr>
        <td colspan="1" rowspan="1" class="indent2" width="20%">Attack</td>
        <td colspan="1" rowspan="1" width="80%"/>
      </tr>
      <tr>
        <td colspan="1" rowspan="1" class="indent2" width="20%">Evidence</td>
        <td colspan="1" rowspan="1" width="80%"/>
      </tr>
      <tr>
        <td colspan="1" rowspan="1" class="indent2" width="20%">Other Info</td>
        <td colspan="1" rowspan="1" width="80%"/>
      </tr>
      <tr>
        <td colspan="1" rowspan="1" class="indent1" width="20%">URL</td>
        <td colspan="1" rowspan="1" width="80%">
          <a shape="rect" href="https://storage.googleapis.com/workbox-cdn/releases/4.3.1/workbox-navigation-preload.prod.js">https://storage.googleapis.com/workbox-cdn/releases/4.3.1/workbox-navigation-preload.prod.js</a>
        </td>
      </tr>
      <tr>
        <td colspan="1" rowspan="1" class="indent2" width="20%">Method</td>
        <td colspan="1" rowspan="1" width="80%">GET</td>
      </tr>
      <tr>
        <td colspan="1" rowspan="1" class="indent2" width="20%">Parameter</td>
        <td colspan="1" rowspan="1" width="80%"/>
      </tr>
      <tr>
        <td colspan="1" rowspan="1" class="indent2" width="20%">Attack</td>
        <td colspan="1" rowspan="1" width="80%"/>
      </tr>
      <tr>
        <td colspan="1" rowspan="1" class="indent2" width="20%">Evidence</td>
        <td colspan="1" rowspan="1" width="80%"/>
      </tr>
      <tr>
        <td colspan="1" rowspan="1" class="indent2" width="20%">Other Info</td>
        <td colspan="1" rowspan="1" width="80%"/>
      </tr>
      <tr>
        <td colspan="1" rowspan="1" class="indent1" width="20%">URL</td>
        <td colspan="1" rowspan="1" width="80%">
          <a shape="rect" href="https://storage.googleapis.com/workbox-cdn/releases/4.3.1/workbox-offline-ga.prod.js">https://storage.googleapis.com/workbox-cdn/releases/4.3.1/workbox-offline-ga.prod.js</a>
        </td>
      </tr>
      <tr>
        <td colspan="1" rowspan="1" class="indent2" width="20%">Method</td>
        <td colspan="1" rowspan="1" width="80%">GET</td>
      </tr>
      <tr>
        <td colspan="1" rowspan="1" class="indent2" width="20%">Parameter</td>
        <td colspan="1" rowspan="1" width="80%"/>
      </tr>
      <tr>
        <td colspan="1" rowspan="1" class="indent2" width="20%">Attack</td>
        <td colspan="1" rowspan="1" width="80%"/>
      </tr>
      <tr>
        <td colspan="1" rowspan="1" class="indent2" width="20%">Evidence</td>
        <td colspan="1" rowspan="1" width="80%"/>
      </tr>
      <tr>
        <td colspan="1" rowspan="1" class="indent2" width="20%">Other Info</td>
        <td colspan="1" rowspan="1" width="80%"/>
      </tr>
      <tr>
        <td colspan="1" rowspan="1" class="indent1" width="20%">URL</td>
        <td colspan="1" rowspan="1" width="80%">
          <a shape="rect" href="https://storage.googleapis.com/workbox-cdn/releases/4.3.1/workbox-routing.prod.js">https://storage.googleapis.com/workbox-cdn/releases/4.3.1/workbox-routing.prod.js</a>
        </td>
      </tr>
      <tr>
        <td colspan="1" rowspan="1" class="indent2" width="20%">Method</td>
        <td colspan="1" rowspan="1" width="80%">GET</td>
      </tr>
      <tr>
        <td colspan="1" rowspan="1" class="indent2" width="20%">Parameter</td>
        <td colspan="1" rowspan="1" width="80%"/>
      </tr>
      <tr>
        <td colspan="1" rowspan="1" class="indent2" width="20%">Attack</td>
        <td colspan="1" rowspan="1" width="80%"/>
      </tr>
      <tr>
        <td colspan="1" rowspan="1" class="indent2" width="20%">Evidence</td>
        <td colspan="1" rowspan="1" width="80%"/>
      </tr>
      <tr>
        <td colspan="1" rowspan="1" class="indent2" width="20%">Other Info</td>
        <td colspan="1" rowspan="1" width="80%"/>
      </tr>
      <tr>
        <td colspan="1" rowspan="1" class="indent1" width="20%">URL</td>
        <td colspan="1" rowspan="1" width="80%">
          <a shape="rect" href="https://storage.googleapis.com/workbox-cdn/releases/4.3.1/workbox-strategies.prod.js">https://storage.googleapis.com/workbox-cdn/releases/4.3.1/workbox-strategies.prod.js</a>
        </td>
      </tr>
      <tr>
        <td colspan="1" rowspan="1" class="indent2" width="20%">Method</td>
        <td colspan="1" rowspan="1" width="80%">GET</td>
      </tr>
      <tr>
        <td colspan="1" rowspan="1" class="indent2" width="20%">Parameter</td>
        <td colspan="1" rowspan="1" width="80%"/>
      </tr>
      <tr>
        <td colspan="1" rowspan="1" class="indent2" width="20%">Attack</td>
        <td colspan="1" rowspan="1" width="80%"/>
      </tr>
      <tr>
        <td colspan="1" rowspan="1" class="indent2" width="20%">Evidence</td>
        <td colspan="1" rowspan="1" width="80%"/>
      </tr>
      <tr>
        <td colspan="1" rowspan="1" class="indent2" width="20%">Other Info</td>
        <td colspan="1" rowspan="1" width="80%"/>
      </tr>
      <tr>
        <td colspan="1" rowspan="1" class="indent1" width="20%">URL</td>
        <td colspan="1" rowspan="1" width="80%">
          <a shape="rect" href="https://storage.googleapis.com/workbox-cdn/releases/4.3.1/workbox-sw.js">https://storage.googleapis.com/workbox-cdn/releases/4.3.1/workbox-sw.js</a>
        </td>
      </tr>
      <tr>
        <td colspan="1" rowspan="1" class="indent2" width="20%">Method</td>
        <td colspan="1" rowspan="1" width="80%">GET</td>
      </tr>
      <tr>
        <td colspan="1" rowspan="1" class="indent2" width="20%">Parameter</td>
        <td colspan="1" rowspan="1" width="80%"/>
      </tr>
      <tr>
        <td colspan="1" rowspan="1" class="indent2" width="20%">Attack</td>
        <td colspan="1" rowspan="1" width="80%"/>
      </tr>
      <tr>
        <td colspan="1" rowspan="1" class="indent2" width="20%">Evidence</td>
        <td colspan="1" rowspan="1" width="80%"/>
      </tr>
      <tr>
        <td colspan="1" rowspan="1" class="indent2" width="20%">Other Info</td>
        <td colspan="1" rowspan="1" width="80%"/>
      </tr>
      <tr>
        <td colspan="1" rowspan="1" class="indent1" width="20%">URL</td>
        <td colspan="1" rowspan="1" width="80%">
          <a shape="rect" href="https://vtex.vtexassets.com/_v/public/assets/v1/npm/idb@2.1.3/lib/idb.js">https://vtex.vtexassets.com/_v/public/assets/v1/npm/idb@2.1.3/lib/idb.js</a>
        </td>
      </tr>
      <tr>
        <td colspan="1" rowspan="1" class="indent2" width="20%">Method</td>
        <td colspan="1" rowspan="1" width="80%">GET</td>
      </tr>
      <tr>
        <td colspan="1" rowspan="1" class="indent2" width="20%">Parameter</td>
        <td colspan="1" rowspan="1" width="80%"/>
      </tr>
      <tr>
        <td colspan="1" rowspan="1" class="indent2" width="20%">Attack</td>
        <td colspan="1" rowspan="1" width="80%"/>
      </tr>
      <tr>
        <td colspan="1" rowspan="1" class="indent2" width="20%">Evidence</td>
        <td colspan="1" rowspan="1" width="80%"/>
      </tr>
      <tr>
        <td colspan="1" rowspan="1" class="indent2" width="20%">Other Info</td>
        <td colspan="1" rowspan="1" width="80%"/>
      </tr>
      <tr>
        <td colspan="1" rowspan="1" class="indent1" width="20%">URL</td>
        <td colspan="1" rowspan="1" width="80%">
          <a shape="rect" href="https://www.fairplay.com.bo/">https://www.fairplay.com.bo/</a>
        </td>
      </tr>
      <tr>
        <td colspan="1" rowspan="1" class="indent2" width="20%">Method</td>
        <td colspan="1" rowspan="1" width="80%">GET</td>
      </tr>
      <tr>
        <td colspan="1" rowspan="1" class="indent2" width="20%">Parameter</td>
        <td colspan="1" rowspan="1" width="80%"/>
      </tr>
      <tr>
        <td colspan="1" rowspan="1" class="indent2" width="20%">Attack</td>
        <td colspan="1" rowspan="1" width="80%"/>
      </tr>
      <tr>
        <td colspan="1" rowspan="1" class="indent2" width="20%">Evidence</td>
        <td colspan="1" rowspan="1" width="80%"/>
      </tr>
      <tr>
        <td colspan="1" rowspan="1" class="indent2" width="20%">Other Info</td>
        <td colspan="1" rowspan="1" width="80%"/>
      </tr>
      <tr>
        <td colspan="1" rowspan="1" class="indent1" width="20%">URL</td>
        <td colspan="1" rowspan="1" width="80%">
          <a shape="rect" href="https://www.fairplay.com.bo/_v/public/graphql/v1?workspace=master&amp;maxAge=long&amp;appsEtag=remove&amp;domain=store&amp;locale=es-BO&amp;operationName=getSettings&amp;variables=%7B%7D&amp;extensions=%7B%22persistedQuery%22%3A%7B%22version%22%3A1%2C%22sha256Hash%22%3A%2283882404fef29f19f0566df05a014b32c24745845995c313e2b329d49f0069b6%22%2C%22sender%22%3A%22vtex.structured-data%400.x%22%2C%22provider%22%3A%22vtex.apps-graphql%403.x%22%7D%7D">https://www.fairplay.com.bo/_v/public/graphql/v1?workspace=master&amp;maxAge=long&amp;appsEtag=remove&amp;domain=store&amp;locale=es-BO&amp;operationName=getSettings&amp;variables=%7B%7D&amp;extensions=%7B%22persistedQuery%22%3A%7B%22version%22%3A1%2C%22sha256Hash%22%3A%2283882404fef29f19f0566df05a014b32c24745845995c313e2b329d49f0069b6%22%2C%22sender%22%3A%22vtex.structured-data%400.x%22%2C%22provider%22%3A%22vtex.apps-graphql%403.x%22%7D%7D</a>
        </td>
      </tr>
      <tr>
        <td colspan="1" rowspan="1" class="indent2" width="20%">Method</td>
        <td colspan="1" rowspan="1" width="80%">GET</td>
      </tr>
      <tr>
        <td colspan="1" rowspan="1" class="indent2" width="20%">Parameter</td>
        <td colspan="1" rowspan="1" width="80%"/>
      </tr>
      <tr>
        <td colspan="1" rowspan="1" class="indent2" width="20%">Attack</td>
        <td colspan="1" rowspan="1" width="80%"/>
      </tr>
      <tr>
        <td colspan="1" rowspan="1" class="indent2" width="20%">Evidence</td>
        <td colspan="1" rowspan="1" width="80%"/>
      </tr>
      <tr>
        <td colspan="1" rowspan="1" class="indent2" width="20%">Other Info</td>
        <td colspan="1" rowspan="1" width="80%"/>
      </tr>
      <tr>
        <td colspan="1" rowspan="1" class="indent1" width="20%">URL</td>
        <td colspan="1" rowspan="1" width="80%">
          <a shape="rect" href="https://www.fairplay.com.bo/_v/public/graphql/v1?workspace=master&amp;maxAge=short&amp;appsEtag=remove&amp;domain=store&amp;locale=es-BO&amp;operationName=installedApp&amp;variables=%7B%7D&amp;extensions=%7B%22persistedQuery%22%3A%7B%22version%22%3A1%2C%22sha256Hash%22%3A%22316ccbb9a992a3a75dfb468890338d7832da789f626b52d04516c614d17f8e45%22%2C%22sender%22%3A%22vtex.checkout-resources%400.x%22%2C%22provider%22%3A%22vtex.apps-graphql%403.x%22%7D%2C%22variables%22%3A%22eyJzbHVnIjoidnRleC5jaGVja291dCJ9%22%7D">https://www.fairplay.com.bo/_v/public/graphql/v1?workspace=master&amp;maxAge=short&amp;appsEtag=remove&amp;domain=store&amp;locale=es-BO&amp;operationName=installedApp&amp;variables=%7B%7D&amp;extensions=%7B%22persistedQuery%22%3A%7B%22version%22%3A1%2C%22sha256Hash%22%3A%22316ccbb9a992a3a75dfb468890338d7832da789f626b52d04516c614d17f8e45%22%2C%22sender%22%3A%22vtex.checkout-resources%400.x%22%2C%22provider%22%3A%22vtex.apps-graphql%403.x%22%7D%2C%22variables%22%3A%22eyJzbHVnIjoidnRleC5jaGVja291dCJ9%22%7D</a>
        </td>
      </tr>
      <tr>
        <td colspan="1" rowspan="1" class="indent2" width="20%">Method</td>
        <td colspan="1" rowspan="1" width="80%">GET</td>
      </tr>
      <tr>
        <td colspan="1" rowspan="1" class="indent2" width="20%">Parameter</td>
        <td colspan="1" rowspan="1" width="80%"/>
      </tr>
      <tr>
        <td colspan="1" rowspan="1" class="indent2" width="20%">Attack</td>
        <td colspan="1" rowspan="1" width="80%"/>
      </tr>
      <tr>
        <td colspan="1" rowspan="1" class="indent2" width="20%">Evidence</td>
        <td colspan="1" rowspan="1" width="80%"/>
      </tr>
      <tr>
        <td colspan="1" rowspan="1" class="indent2" width="20%">Other Info</td>
        <td colspan="1" rowspan="1" width="80%"/>
      </tr>
      <tr>
        <td colspan="1" rowspan="1" class="indent1" width="20%">URL</td>
        <td colspan="1" rowspan="1" width="80%">
          <a shape="rect" href="https://www.fairplay.com.bo/_v/public/graphql/v1?workspace=master&amp;maxAge=short&amp;appsEtag=remove&amp;domain=store&amp;locale=es-BO&amp;operationName=pwaData&amp;variables=%7B%7D&amp;extensions=%7B%22persistedQuery%22%3A%7B%22version%22%3A1%2C%22sha256Hash%22%3A%224ee7fcc92c2703d46ce3b9eb50bb69e47711004ad5248c19ab712d42b9b74f21%22%2C%22sender%22%3A%22vtex.store-resources%400.x%22%2C%22provider%22%3A%22vtex.pwa-graphql%401.x%22%7D%7D">https://www.fairplay.com.bo/_v/public/graphql/v1?workspace=master&amp;maxAge=short&amp;appsEtag=remove&amp;domain=store&amp;locale=es-BO&amp;operationName=pwaData&amp;variables=%7B%7D&amp;extensions=%7B%22persistedQuery%22%3A%7B%22version%22%3A1%2C%22sha256Hash%22%3A%224ee7fcc92c2703d46ce3b9eb50bb69e47711004ad5248c19ab712d42b9b74f21%22%2C%22sender%22%3A%22vtex.store-resources%400.x%22%2C%22provider%22%3A%22vtex.pwa-graphql%401.x%22%7D%7D</a>
        </td>
      </tr>
      <tr>
        <td colspan="1" rowspan="1" class="indent2" width="20%">Method</td>
        <td colspan="1" rowspan="1" width="80%">GET</td>
      </tr>
      <tr>
        <td colspan="1" rowspan="1" class="indent2" width="20%">Parameter</td>
        <td colspan="1" rowspan="1" width="80%"/>
      </tr>
      <tr>
        <td colspan="1" rowspan="1" class="indent2" width="20%">Attack</td>
        <td colspan="1" rowspan="1" width="80%"/>
      </tr>
      <tr>
        <td colspan="1" rowspan="1" class="indent2" width="20%">Evidence</td>
        <td colspan="1" rowspan="1" width="80%"/>
      </tr>
      <tr>
        <td colspan="1" rowspan="1" class="indent2" width="20%">Other Info</td>
        <td colspan="1" rowspan="1" width="80%"/>
      </tr>
      <tr>
        <td colspan="1" rowspan="1" class="indent1" width="20%">URL</td>
        <td colspan="1" rowspan="1" width="80%">
          <a shape="rect" href="https://www.fairplay.com.bo/_v/public/graphql/v1?workspace=master&amp;maxAge=short&amp;appsEtag=remove&amp;domain=store&amp;locale=es-BO&amp;operationName=pwaData&amp;variables=%7B%7D&amp;extensions=%7B%22persistedQuery%22%3A%7B%22version%22%3A1%2C%22sha256Hash%22%3A%22d4ef63f4b8ffd8f8b526bb5d32cd9c0568e94a5f6e914fe9f93d50d92b3b1f75%22%2C%22sender%22%3A%22vtex.store-resources%400.x%22%2C%22provider%22%3A%22vtex.pwa-graphql%401.x%22%7D%7D">https://www.fairplay.com.bo/_v/public/graphql/v1?workspace=master&amp;maxAge=short&amp;appsEtag=remove&amp;domain=store&amp;locale=es-BO&amp;operationName=pwaData&amp;variables=%7B%7D&amp;extensions=%7B%22persistedQuery%22%3A%7B%22version%22%3A1%2C%22sha256Hash%22%3A%22d4ef63f4b8ffd8f8b526bb5d32cd9c0568e94a5f6e914fe9f93d50d92b3b1f75%22%2C%22sender%22%3A%22vtex.store-resources%400.x%22%2C%22provider%22%3A%22vtex.pwa-graphql%401.x%22%7D%7D</a>
        </td>
      </tr>
      <tr>
        <td colspan="1" rowspan="1" class="indent2" width="20%">Method</td>
        <td colspan="1" rowspan="1" width="80%">GET</td>
      </tr>
      <tr>
        <td colspan="1" rowspan="1" class="indent2" width="20%">Parameter</td>
        <td colspan="1" rowspan="1" width="80%"/>
      </tr>
      <tr>
        <td colspan="1" rowspan="1" class="indent2" width="20%">Attack</td>
        <td colspan="1" rowspan="1" width="80%"/>
      </tr>
      <tr>
        <td colspan="1" rowspan="1" class="indent2" width="20%">Evidence</td>
        <td colspan="1" rowspan="1" width="80%"/>
      </tr>
      <tr>
        <td colspan="1" rowspan="1" class="indent2" width="20%">Other Info</td>
        <td colspan="1" rowspan="1" width="80%"/>
      </tr>
      <tr>
        <td colspan="1" rowspan="1" class="indent1" width="20%">URL</td>
        <td colspan="1" rowspan="1" width="80%">
          <a shape="rect" href="https://www.fairplay.com.bo/_v/public/graphql/v1?workspace=master&amp;maxAge=short&amp;appsEtag=remove&amp;domain=store&amp;locale=es-BO&amp;operationName=pwaData&amp;variables=%7B%7D&amp;extensions=%7B%22persistedQuery%22%3A%7B%22version%22%3A1%2C%22sha256Hash%22%3A%22d74316adb13d69e4e9511ca53de9aae92b07a0ede2f63817940dc8a42e9f62de%22%2C%22sender%22%3A%22vtex.store-resources%400.x%22%2C%22provider%22%3A%22vtex.pwa-graphql%401.x%22%7D%7D">https://www.fairplay.com.bo/_v/public/graphql/v1?workspace=master&amp;maxAge=short&amp;appsEtag=remove&amp;domain=store&amp;locale=es-BO&amp;operationName=pwaData&amp;variables=%7B%7D&amp;extensions=%7B%22persistedQuery%22%3A%7B%22version%22%3A1%2C%22sha256Hash%22%3A%22d74316adb13d69e4e9511ca53de9aae92b07a0ede2f63817940dc8a42e9f62de%22%2C%22sender%22%3A%22vtex.store-resources%400.x%22%2C%22provider%22%3A%22vtex.pwa-graphql%401.x%22%7D%7D</a>
        </td>
      </tr>
      <tr>
        <td colspan="1" rowspan="1" class="indent2" width="20%">Method</td>
        <td colspan="1" rowspan="1" width="80%">GET</td>
      </tr>
      <tr>
        <td colspan="1" rowspan="1" class="indent2" width="20%">Parameter</td>
        <td colspan="1" rowspan="1" width="80%"/>
      </tr>
      <tr>
        <td colspan="1" rowspan="1" class="indent2" width="20%">Attack</td>
        <td colspan="1" rowspan="1" width="80%"/>
      </tr>
      <tr>
        <td colspan="1" rowspan="1" class="indent2" width="20%">Evidence</td>
        <td colspan="1" rowspan="1" width="80%"/>
      </tr>
      <tr>
        <td colspan="1" rowspan="1" class="indent2" width="20%">Other Info</td>
        <td colspan="1" rowspan="1" width="80%"/>
      </tr>
      <tr>
        <td colspan="1" rowspan="1" class="indent1" width="20%">URL</td>
        <td colspan="1" rowspan="1" width="80%">
          <a shape="rect" href="https://www.fairplay.com.bo/_v/public/graphql/v1?workspace=master&amp;maxAge=short&amp;appsEtag=remove&amp;domain=store&amp;locale=es-BO&amp;operationName=pwaData&amp;variables=%7B%7D&amp;extensions=%7B%22persistedQuery%22%3A%7B%22version%22%3A1%2C%22sha256Hash%22%3A%22deda973471d2ddce55e2d6ebd8963c2f4f947d32e051bb798cec0bbfbb9e3ca3%22%2C%22sender%22%3A%22vtex.store-resources%400.x%22%2C%22provider%22%3A%22vtex.pwa-graphql%401.x%22%7D%7D">https://www.fairplay.com.bo/_v/public/graphql/v1?workspace=master&amp;maxAge=short&amp;appsEtag=remove&amp;domain=store&amp;locale=es-BO&amp;operationName=pwaData&amp;variables=%7B%7D&amp;extensions=%7B%22persistedQuery%22%3A%7B%22version%22%3A1%2C%22sha256Hash%22%3A%22deda973471d2ddce55e2d6ebd8963c2f4f947d32e051bb798cec0bbfbb9e3ca3%22%2C%22sender%22%3A%22vtex.store-resources%400.x%22%2C%22provider%22%3A%22vtex.pwa-graphql%401.x%22%7D%7D</a>
        </td>
      </tr>
      <tr>
        <td colspan="1" rowspan="1" class="indent2" width="20%">Method</td>
        <td colspan="1" rowspan="1" width="80%">GET</td>
      </tr>
      <tr>
        <td colspan="1" rowspan="1" class="indent2" width="20%">Parameter</td>
        <td colspan="1" rowspan="1" width="80%"/>
      </tr>
      <tr>
        <td colspan="1" rowspan="1" class="indent2" width="20%">Attack</td>
        <td colspan="1" rowspan="1" width="80%"/>
      </tr>
      <tr>
        <td colspan="1" rowspan="1" class="indent2" width="20%">Evidence</td>
        <td colspan="1" rowspan="1" width="80%"/>
      </tr>
      <tr>
        <td colspan="1" rowspan="1" class="indent2" width="20%">Other Info</td>
        <td colspan="1" rowspan="1" width="80%"/>
      </tr>
      <tr>
        <td colspan="1" rowspan="1" class="indent1" width="20%">URL</td>
        <td colspan="1" rowspan="1" width="80%">
          <a shape="rect" href="https://www.fairplay.com.bo/_v/public/graphql/v1?workspace=master&amp;maxAge=short&amp;appsEtag=remove&amp;domain=store&amp;locale=es-BO&amp;operationName=topSearches&amp;variables=%7B%7D&amp;extensions=%7B%22persistedQuery%22%3A%7B%22version%22%3A1%2C%22sha256Hash%22%3A%223716a7e9b7fc6fa498d6f6007175b1d948abc31c5291347add48a7f9fa74bbb0%22%2C%22sender%22%3A%22vtex.search%401.x%22%2C%22provider%22%3A%22vtex.search%401.x%22%7D%7D">https://www.fairplay.com.bo/_v/public/graphql/v1?workspace=master&amp;maxAge=short&amp;appsEtag=remove&amp;domain=store&amp;locale=es-BO&amp;operationName=topSearches&amp;variables=%7B%7D&amp;extensions=%7B%22persistedQuery%22%3A%7B%22version%22%3A1%2C%22sha256Hash%22%3A%223716a7e9b7fc6fa498d6f6007175b1d948abc31c5291347add48a7f9fa74bbb0%22%2C%22sender%22%3A%22vtex.search%401.x%22%2C%22provider%22%3A%22vtex.search%401.x%22%7D%7D</a>
        </td>
      </tr>
      <tr>
        <td colspan="1" rowspan="1" class="indent2" width="20%">Method</td>
        <td colspan="1" rowspan="1" width="80%">GET</td>
      </tr>
      <tr>
        <td colspan="1" rowspan="1" class="indent2" width="20%">Parameter</td>
        <td colspan="1" rowspan="1" width="80%"/>
      </tr>
      <tr>
        <td colspan="1" rowspan="1" class="indent2" width="20%">Attack</td>
        <td colspan="1" rowspan="1" width="80%"/>
      </tr>
      <tr>
        <td colspan="1" rowspan="1" class="indent2" width="20%">Evidence</td>
        <td colspan="1" rowspan="1" width="80%"/>
      </tr>
      <tr>
        <td colspan="1" rowspan="1" class="indent2" width="20%">Other Info</td>
        <td colspan="1" rowspan="1" width="80%"/>
      </tr>
      <tr>
        <td colspan="1" rowspan="1" class="indent1" width="20%">URL</td>
        <td colspan="1" rowspan="1" width="80%">
          <a shape="rect" href="https://www.fairplay.com.bo/_v/segment/graphql/v1?workspace=master&amp;maxAge=short&amp;appsEtag=remove&amp;domain=store&amp;locale=es-BO&amp;operationName=Products&amp;variables=%7B%7D&amp;extensions=%7B%22persistedQuery%22%3A%7B%22version%22%3A1%2C%22sha256Hash%22%3A%224877b29940906d57e924950723efc7ec8c81c57eb7a4c21648153fb257066ce3%22%2C%22sender%22%3A%22vtex.store-resources%400.x%22%2C%22provider%22%3A%22vtex.search-graphql%400.x%22%7D%2C%22variables%22%3A%22eyJoaWRlVW5hdmFpbGFibGVJdGVtcyI6ZmFsc2UsInNrdXNGaWx0ZXIiOiJBTExfQVZBSUxBQkxFIiwiaW5zdGFsbG1lbnRDcml0ZXJpYSI6Ik1BWF9XSVRIT1VUX0lOVEVSRVNUIiwiY2F0ZWdvcnkiOiI0Ny81NC81OCIsImNvbGxlY3Rpb24iOiIiLCJzcGVjaWZpY2F0aW9uRmlsdGVycyI6W10sIm9yZGVyQnkiOiJPcmRlckJ5UHJpY2VERVNDIiwiZnJvbSI6MCwidG8iOjQ5LCJzaGlwcGluZ09wdGlvbnMiOltdLCJ2YXJpYW50IjoiIn0%3D%22%7D">https://www.fairplay.com.bo/_v/segment/graphql/v1?workspace=master&amp;maxAge=short&amp;appsEtag=remove&amp;domain=store&amp;locale=es-BO&amp;operationName=Products&amp;variables=%7B%7D&amp;extensions=%7B%22persistedQuery%22%3A%7B%22version%22%3A1%2C%22sha256Hash%22%3A%224877b29940906d57e924950723efc7ec8c81c57eb7a4c21648153fb257066ce3%22%2C%22sender%22%3A%22vtex.store-resources%400.x%22%2C%22provider%22%3A%22vtex.search-graphql%400.x%22%7D%2C%22variables%22%3A%22eyJoaWRlVW5hdmFpbGFibGVJdGVtcyI6ZmFsc2UsInNrdXNGaWx0ZXIiOiJBTExfQVZBSUxBQkxFIiwiaW5zdGFsbG1lbnRDcml0ZXJpYSI6Ik1BWF9XSVRIT1VUX0lOVEVSRVNUIiwiY2F0ZWdvcnkiOiI0Ny81NC81OCIsImNvbGxlY3Rpb24iOiIiLCJzcGVjaWZpY2F0aW9uRmlsdGVycyI6W10sIm9yZGVyQnkiOiJPcmRlckJ5UHJpY2VERVNDIiwiZnJvbSI6MCwidG8iOjQ5LCJzaGlwcGluZ09wdGlvbnMiOltdLCJ2YXJpYW50IjoiIn0%3D%22%7D</a>
        </td>
      </tr>
      <tr>
        <td colspan="1" rowspan="1" class="indent2" width="20%">Method</td>
        <td colspan="1" rowspan="1" width="80%">GET</td>
      </tr>
      <tr>
        <td colspan="1" rowspan="1" class="indent2" width="20%">Parameter</td>
        <td colspan="1" rowspan="1" width="80%"/>
      </tr>
      <tr>
        <td colspan="1" rowspan="1" class="indent2" width="20%">Attack</td>
        <td colspan="1" rowspan="1" width="80%"/>
      </tr>
      <tr>
        <td colspan="1" rowspan="1" class="indent2" width="20%">Evidence</td>
        <td colspan="1" rowspan="1" width="80%"/>
      </tr>
      <tr>
        <td colspan="1" rowspan="1" class="indent2" width="20%">Other Info</td>
        <td colspan="1" rowspan="1" width="80%"/>
      </tr>
      <tr>
        <td colspan="1" rowspan="1" class="indent1" width="20%">URL</td>
        <td colspan="1" rowspan="1" width="80%">
          <a shape="rect" href="https://www.fairplay.com.bo/_v/segment/graphql/v1?workspace=master&amp;maxAge=short&amp;appsEtag=remove&amp;domain=store&amp;locale=es-BO&amp;operationName=Products&amp;variables=%7B%7D&amp;extensions=%7B%22persistedQuery%22%3A%7B%22version%22%3A1%2C%22sha256Hash%22%3A%224877b29940906d57e924950723efc7ec8c81c57eb7a4c21648153fb257066ce3%22%2C%22sender%22%3A%22vtex.store-resources%400.x%22%2C%22provider%22%3A%22vtex.search-graphql%400.x%22%7D%2C%22variables%22%3A%22eyJoaWRlVW5hdmFpbGFibGVJdGVtcyI6ZmFsc2UsInNrdXNGaWx0ZXIiOiJBTExfQVZBSUxBQkxFIiwiaW5zdGFsbG1lbnRDcml0ZXJpYSI6Ik1BWF9XSVRIT1VUX0lOVEVSRVNUIiwiY2F0ZWdvcnkiOiI0Ny81NSIsImNvbGxlY3Rpb24iOiIiLCJzcGVjaWZpY2F0aW9uRmlsdGVycyI6W10sIm9yZGVyQnkiOiJPcmRlckJ5UHJpY2VBU0MiLCJmcm9tIjowLCJ0byI6NDksInNoaXBwaW5nT3B0aW9ucyI6W10sInZhcmlhbnQiOiIifQ%3D%3D%22%7D">https://www.fairplay.com.bo/_v/segment/graphql/v1?workspace=master&amp;maxAge=short&amp;appsEtag=remove&amp;domain=store&amp;locale=es-BO&amp;operationName=Products&amp;variables=%7B%7D&amp;extensions=%7B%22persistedQuery%22%3A%7B%22version%22%3A1%2C%22sha256Hash%22%3A%224877b29940906d57e924950723efc7ec8c81c57eb7a4c21648153fb257066ce3%22%2C%22sender%22%3A%22vtex.store-resources%400.x%22%2C%22provider%22%3A%22vtex.search-graphql%400.x%22%7D%2C%22variables%22%3A%22eyJoaWRlVW5hdmFpbGFibGVJdGVtcyI6ZmFsc2UsInNrdXNGaWx0ZXIiOiJBTExfQVZBSUxBQkxFIiwiaW5zdGFsbG1lbnRDcml0ZXJpYSI6Ik1BWF9XSVRIT1VUX0lOVEVSRVNUIiwiY2F0ZWdvcnkiOiI0Ny81NSIsImNvbGxlY3Rpb24iOiIiLCJzcGVjaWZpY2F0aW9uRmlsdGVycyI6W10sIm9yZGVyQnkiOiJPcmRlckJ5UHJpY2VBU0MiLCJmcm9tIjowLCJ0byI6NDksInNoaXBwaW5nT3B0aW9ucyI6W10sInZhcmlhbnQiOiIifQ%3D%3D%22%7D</a>
        </td>
      </tr>
      <tr>
        <td colspan="1" rowspan="1" class="indent2" width="20%">Method</td>
        <td colspan="1" rowspan="1" width="80%">GET</td>
      </tr>
      <tr>
        <td colspan="1" rowspan="1" class="indent2" width="20%">Parameter</td>
        <td colspan="1" rowspan="1" width="80%"/>
      </tr>
      <tr>
        <td colspan="1" rowspan="1" class="indent2" width="20%">Attack</td>
        <td colspan="1" rowspan="1" width="80%"/>
      </tr>
      <tr>
        <td colspan="1" rowspan="1" class="indent2" width="20%">Evidence</td>
        <td colspan="1" rowspan="1" width="80%"/>
      </tr>
      <tr>
        <td colspan="1" rowspan="1" class="indent2" width="20%">Other Info</td>
        <td colspan="1" rowspan="1" width="80%"/>
      </tr>
      <tr>
        <td colspan="1" rowspan="1" class="indent1" width="20%">URL</td>
        <td colspan="1" rowspan="1" width="80%">
          <a shape="rect" href="https://www.fairplay.com.bo/_v/segment/graphql/v1?workspace=master&amp;maxAge=short&amp;appsEtag=remove&amp;domain=store&amp;locale=es-BO&amp;operationName=Products&amp;variables=%7B%7D&amp;extensions=%7B%22persistedQuery%22%3A%7B%22version%22%3A1%2C%22sha256Hash%22%3A%224877b29940906d57e924950723efc7ec8c81c57eb7a4c21648153fb257066ce3%22%2C%22sender%22%3A%22vtex.store-resources%400.x%22%2C%22provider%22%3A%22vtex.search-graphql%400.x%22%7D%2C%22variables%22%3A%22eyJoaWRlVW5hdmFpbGFibGVJdGVtcyI6ZmFsc2UsInNrdXNGaWx0ZXIiOiJBTExfQVZBSUxBQkxFIiwiaW5zdGFsbG1lbnRDcml0ZXJpYSI6Ik1BWF9XSVRIT1VUX0lOVEVSRVNUIiwiY2F0ZWdvcnkiOiI0OC85NiIsImNvbGxlY3Rpb24iOiIiLCJzcGVjaWZpY2F0aW9uRmlsdGVycyI6W10sIm9yZGVyQnkiOiJPcmRlckJ5UHJpY2VERVNDIiwiZnJvbSI6MCwidG8iOjQ5LCJzaGlwcGluZ09wdGlvbnMiOltdLCJ2YXJpYW50IjoiIn0%3D%22%7D">https://www.fairplay.com.bo/_v/segment/graphql/v1?workspace=master&amp;maxAge=short&amp;appsEtag=remove&amp;domain=store&amp;locale=es-BO&amp;operationName=Products&amp;variables=%7B%7D&amp;extensions=%7B%22persistedQuery%22%3A%7B%22version%22%3A1%2C%22sha256Hash%22%3A%224877b29940906d57e924950723efc7ec8c81c57eb7a4c21648153fb257066ce3%22%2C%22sender%22%3A%22vtex.store-resources%400.x%22%2C%22provider%22%3A%22vtex.search-graphql%400.x%22%7D%2C%22variables%22%3A%22eyJoaWRlVW5hdmFpbGFibGVJdGVtcyI6ZmFsc2UsInNrdXNGaWx0ZXIiOiJBTExfQVZBSUxBQkxFIiwiaW5zdGFsbG1lbnRDcml0ZXJpYSI6Ik1BWF9XSVRIT1VUX0lOVEVSRVNUIiwiY2F0ZWdvcnkiOiI0OC85NiIsImNvbGxlY3Rpb24iOiIiLCJzcGVjaWZpY2F0aW9uRmlsdGVycyI6W10sIm9yZGVyQnkiOiJPcmRlckJ5UHJpY2VERVNDIiwiZnJvbSI6MCwidG8iOjQ5LCJzaGlwcGluZ09wdGlvbnMiOltdLCJ2YXJpYW50IjoiIn0%3D%22%7D</a>
        </td>
      </tr>
      <tr>
        <td colspan="1" rowspan="1" class="indent2" width="20%">Method</td>
        <td colspan="1" rowspan="1" width="80%">GET</td>
      </tr>
      <tr>
        <td colspan="1" rowspan="1" class="indent2" width="20%">Parameter</td>
        <td colspan="1" rowspan="1" width="80%"/>
      </tr>
      <tr>
        <td colspan="1" rowspan="1" class="indent2" width="20%">Attack</td>
        <td colspan="1" rowspan="1" width="80%"/>
      </tr>
      <tr>
        <td colspan="1" rowspan="1" class="indent2" width="20%">Evidence</td>
        <td colspan="1" rowspan="1" width="80%"/>
      </tr>
      <tr>
        <td colspan="1" rowspan="1" class="indent2" width="20%">Other Info</td>
        <td colspan="1" rowspan="1" width="80%"/>
      </tr>
      <tr>
        <td colspan="1" rowspan="1" class="indent1" width="20%">URL</td>
        <td colspan="1" rowspan="1" width="80%">
          <a shape="rect" href="https://www.fairplay.com.bo/api/dataentities/CF/search?_fields=id,imageFlag,idCollection,active,percentage,shippingFree&amp;_where=idCollection=141">https://www.fairplay.com.bo/api/dataentities/CF/search?_fields=id,imageFlag,idCollection,active,percentage,shippingFree&amp;_where=idCollection=141</a>
        </td>
      </tr>
      <tr>
        <td colspan="1" rowspan="1" class="indent2" width="20%">Method</td>
        <td colspan="1" rowspan="1" width="80%">GET</td>
      </tr>
      <tr>
        <td colspan="1" rowspan="1" class="indent2" width="20%">Parameter</td>
        <td colspan="1" rowspan="1" width="80%"/>
      </tr>
      <tr>
        <td colspan="1" rowspan="1" class="indent2" width="20%">Attack</td>
        <td colspan="1" rowspan="1" width="80%"/>
      </tr>
      <tr>
        <td colspan="1" rowspan="1" class="indent2" width="20%">Evidence</td>
        <td colspan="1" rowspan="1" width="80%"/>
      </tr>
      <tr>
        <td colspan="1" rowspan="1" class="indent2" width="20%">Other Info</td>
        <td colspan="1" rowspan="1" width="80%"/>
      </tr>
      <tr>
        <td colspan="1" rowspan="1" class="indent1" width="20%">URL</td>
        <td colspan="1" rowspan="1" width="80%">
          <a shape="rect" href="https://www.fairplay.com.bo/api/dataentities/CF/search?_fields=id,imageFlag,idCollection,active,percentage,shippingFree&amp;_where=idCollection=141%20OR%20idCollection=162%20OR%20idCollection=392">https://www.fairplay.com.bo/api/dataentities/CF/search?_fields=id,imageFlag,idCollection,active,percentage,shippingFree&amp;_where=idCollection=141%20OR%20idCollection=162%20OR%20idCollection=392</a>
        </td>
      </tr>
      <tr>
        <td colspan="1" rowspan="1" class="indent2" width="20%">Method</td>
        <td colspan="1" rowspan="1" width="80%">GET</td>
      </tr>
      <tr>
        <td colspan="1" rowspan="1" class="indent2" width="20%">Parameter</td>
        <td colspan="1" rowspan="1" width="80%"/>
      </tr>
      <tr>
        <td colspan="1" rowspan="1" class="indent2" width="20%">Attack</td>
        <td colspan="1" rowspan="1" width="80%"/>
      </tr>
      <tr>
        <td colspan="1" rowspan="1" class="indent2" width="20%">Evidence</td>
        <td colspan="1" rowspan="1" width="80%"/>
      </tr>
      <tr>
        <td colspan="1" rowspan="1" class="indent2" width="20%">Other Info</td>
        <td colspan="1" rowspan="1" width="80%"/>
      </tr>
      <tr>
        <td colspan="1" rowspan="1" class="indent1" width="20%">URL</td>
        <td colspan="1" rowspan="1" width="80%">
          <a shape="rect" href="https://www.fairplay.com.bo/api/dataentities/CF/search?_fields=id,imageFlag,idCollection,active,percentage,shippingFree&amp;_where=idCollection=141%20OR%20idCollection=198%20OR%20idCollection=341%20OR%20idCollection=425">https://www.fairplay.com.bo/api/dataentities/CF/search?_fields=id,imageFlag,idCollection,active,percentage,shippingFree&amp;_where=idCollection=141%20OR%20idCollection=198%20OR%20idCollection=341%20OR%20idCollection=425</a>
        </td>
      </tr>
      <tr>
        <td colspan="1" rowspan="1" class="indent2" width="20%">Method</td>
        <td colspan="1" rowspan="1" width="80%">GET</td>
      </tr>
      <tr>
        <td colspan="1" rowspan="1" class="indent2" width="20%">Parameter</td>
        <td colspan="1" rowspan="1" width="80%"/>
      </tr>
      <tr>
        <td colspan="1" rowspan="1" class="indent2" width="20%">Attack</td>
        <td colspan="1" rowspan="1" width="80%"/>
      </tr>
      <tr>
        <td colspan="1" rowspan="1" class="indent2" width="20%">Evidence</td>
        <td colspan="1" rowspan="1" width="80%"/>
      </tr>
      <tr>
        <td colspan="1" rowspan="1" class="indent2" width="20%">Other Info</td>
        <td colspan="1" rowspan="1" width="80%"/>
      </tr>
      <tr>
        <td colspan="1" rowspan="1" class="indent1" width="20%">URL</td>
        <td colspan="1" rowspan="1" width="80%">
          <a shape="rect" href="https://www.fairplay.com.bo/api/dataentities/CF/search?_fields=id,imageFlag,idCollection,active,percentage,shippingFree&amp;_where=idCollection=141%20OR%20idCollection=213">https://www.fairplay.com.bo/api/dataentities/CF/search?_fields=id,imageFlag,idCollection,active,percentage,shippingFree&amp;_where=idCollection=141%20OR%20idCollection=213</a>
        </td>
      </tr>
      <tr>
        <td colspan="1" rowspan="1" class="indent2" width="20%">Method</td>
        <td colspan="1" rowspan="1" width="80%">GET</td>
      </tr>
      <tr>
        <td colspan="1" rowspan="1" class="indent2" width="20%">Parameter</td>
        <td colspan="1" rowspan="1" width="80%"/>
      </tr>
      <tr>
        <td colspan="1" rowspan="1" class="indent2" width="20%">Attack</td>
        <td colspan="1" rowspan="1" width="80%"/>
      </tr>
      <tr>
        <td colspan="1" rowspan="1" class="indent2" width="20%">Evidence</td>
        <td colspan="1" rowspan="1" width="80%"/>
      </tr>
      <tr>
        <td colspan="1" rowspan="1" class="indent2" width="20%">Other Info</td>
        <td colspan="1" rowspan="1" width="80%"/>
      </tr>
      <tr>
        <td colspan="1" rowspan="1" class="indent1" width="20%">URL</td>
        <td colspan="1" rowspan="1" width="80%">
          <a shape="rect" href="https://www.fairplay.com.bo/api/dataentities/CF/search?_fields=id,imageFlag,idCollection,active,percentage,shippingFree&amp;_where=idCollection=141%20OR%20idCollection=215%20OR%20idCollection=341%20OR%20idCollection=392">https://www.fairplay.com.bo/api/dataentities/CF/search?_fields=id,imageFlag,idCollection,active,percentage,shippingFree&amp;_where=idCollection=141%20OR%20idCollection=215%20OR%20idCollection=341%20OR%20idCollection=392</a>
        </td>
      </tr>
      <tr>
        <td colspan="1" rowspan="1" class="indent2" width="20%">Method</td>
        <td colspan="1" rowspan="1" width="80%">GET</td>
      </tr>
      <tr>
        <td colspan="1" rowspan="1" class="indent2" width="20%">Parameter</td>
        <td colspan="1" rowspan="1" width="80%"/>
      </tr>
      <tr>
        <td colspan="1" rowspan="1" class="indent2" width="20%">Attack</td>
        <td colspan="1" rowspan="1" width="80%"/>
      </tr>
      <tr>
        <td colspan="1" rowspan="1" class="indent2" width="20%">Evidence</td>
        <td colspan="1" rowspan="1" width="80%"/>
      </tr>
      <tr>
        <td colspan="1" rowspan="1" class="indent2" width="20%">Other Info</td>
        <td colspan="1" rowspan="1" width="80%"/>
      </tr>
      <tr>
        <td colspan="1" rowspan="1" class="indent1" width="20%">URL</td>
        <td colspan="1" rowspan="1" width="80%">
          <a shape="rect" href="https://www.fairplay.com.bo/api/dataentities/CF/search?_fields=id,imageFlag,idCollection,active,percentage,shippingFree&amp;_where=idCollection=141%20OR%20idCollection=225%20OR%20idCollection=341%20OR%20idCollection=425">https://www.fairplay.com.bo/api/dataentities/CF/search?_fields=id,imageFlag,idCollection,active,percentage,shippingFree&amp;_where=idCollection=141%20OR%20idCollection=225%20OR%20idCollection=341%20OR%20idCollection=425</a>
        </td>
      </tr>
      <tr>
        <td colspan="1" rowspan="1" class="indent2" width="20%">Method</td>
        <td colspan="1" rowspan="1" width="80%">GET</td>
      </tr>
      <tr>
        <td colspan="1" rowspan="1" class="indent2" width="20%">Parameter</td>
        <td colspan="1" rowspan="1" width="80%"/>
      </tr>
      <tr>
        <td colspan="1" rowspan="1" class="indent2" width="20%">Attack</td>
        <td colspan="1" rowspan="1" width="80%"/>
      </tr>
      <tr>
        <td colspan="1" rowspan="1" class="indent2" width="20%">Evidence</td>
        <td colspan="1" rowspan="1" width="80%"/>
      </tr>
      <tr>
        <td colspan="1" rowspan="1" class="indent2" width="20%">Other Info</td>
        <td colspan="1" rowspan="1" width="80%"/>
      </tr>
      <tr>
        <td colspan="1" rowspan="1" class="indent1" width="20%">URL</td>
        <td colspan="1" rowspan="1" width="80%">
          <a shape="rect" href="https://www.fairplay.com.bo/api/dataentities/CF/search?_fields=id,imageFlag,idCollection,active,percentage,shippingFree&amp;_where=idCollection=141%20OR%20idCollection=307">https://www.fairplay.com.bo/api/dataentities/CF/search?_fields=id,imageFlag,idCollection,active,percentage,shippingFree&amp;_where=idCollection=141%20OR%20idCollection=307</a>
        </td>
      </tr>
      <tr>
        <td colspan="1" rowspan="1" class="indent2" width="20%">Method</td>
        <td colspan="1" rowspan="1" width="80%">GET</td>
      </tr>
      <tr>
        <td colspan="1" rowspan="1" class="indent2" width="20%">Parameter</td>
        <td colspan="1" rowspan="1" width="80%"/>
      </tr>
      <tr>
        <td colspan="1" rowspan="1" class="indent2" width="20%">Attack</td>
        <td colspan="1" rowspan="1" width="80%"/>
      </tr>
      <tr>
        <td colspan="1" rowspan="1" class="indent2" width="20%">Evidence</td>
        <td colspan="1" rowspan="1" width="80%"/>
      </tr>
      <tr>
        <td colspan="1" rowspan="1" class="indent2" width="20%">Other Info</td>
        <td colspan="1" rowspan="1" width="80%"/>
      </tr>
      <tr>
        <td colspan="1" rowspan="1" class="indent1" width="20%">URL</td>
        <td colspan="1" rowspan="1" width="80%">
          <a shape="rect" href="https://www.fairplay.com.bo/api/dataentities/CF/search?_fields=id,imageFlag,idCollection,active,percentage,shippingFree&amp;_where=idCollection=141%20OR%20idCollection=310">https://www.fairplay.com.bo/api/dataentities/CF/search?_fields=id,imageFlag,idCollection,active,percentage,shippingFree&amp;_where=idCollection=141%20OR%20idCollection=310</a>
        </td>
      </tr>
      <tr>
        <td colspan="1" rowspan="1" class="indent2" width="20%">Method</td>
        <td colspan="1" rowspan="1" width="80%">GET</td>
      </tr>
      <tr>
        <td colspan="1" rowspan="1" class="indent2" width="20%">Parameter</td>
        <td colspan="1" rowspan="1" width="80%"/>
      </tr>
      <tr>
        <td colspan="1" rowspan="1" class="indent2" width="20%">Attack</td>
        <td colspan="1" rowspan="1" width="80%"/>
      </tr>
      <tr>
        <td colspan="1" rowspan="1" class="indent2" width="20%">Evidence</td>
        <td colspan="1" rowspan="1" width="80%"/>
      </tr>
      <tr>
        <td colspan="1" rowspan="1" class="indent2" width="20%">Other Info</td>
        <td colspan="1" rowspan="1" width="80%"/>
      </tr>
      <tr>
        <td colspan="1" rowspan="1" class="indent1" width="20%">URL</td>
        <td colspan="1" rowspan="1" width="80%">
          <a shape="rect" href="https://www.fairplay.com.bo/api/dataentities/CF/search?_fields=id,imageFlag,idCollection,active,percentage,shippingFree&amp;_where=idCollection=141%20OR%20idCollection=310%20OR%20idCollection=341%20OR%20idCollection=425">https://www.fairplay.com.bo/api/dataentities/CF/search?_fields=id,imageFlag,idCollection,active,percentage,shippingFree&amp;_where=idCollection=141%20OR%20idCollection=310%20OR%20idCollection=341%20OR%20idCollection=425</a>
        </td>
      </tr>
      <tr>
        <td colspan="1" rowspan="1" class="indent2" width="20%">Method</td>
        <td colspan="1" rowspan="1" width="80%">GET</td>
      </tr>
      <tr>
        <td colspan="1" rowspan="1" class="indent2" width="20%">Parameter</td>
        <td colspan="1" rowspan="1" width="80%"/>
      </tr>
      <tr>
        <td colspan="1" rowspan="1" class="indent2" width="20%">Attack</td>
        <td colspan="1" rowspan="1" width="80%"/>
      </tr>
      <tr>
        <td colspan="1" rowspan="1" class="indent2" width="20%">Evidence</td>
        <td colspan="1" rowspan="1" width="80%"/>
      </tr>
      <tr>
        <td colspan="1" rowspan="1" class="indent2" width="20%">Other Info</td>
        <td colspan="1" rowspan="1" width="80%"/>
      </tr>
      <tr>
        <td colspan="1" rowspan="1" class="indent1" width="20%">URL</td>
        <td colspan="1" rowspan="1" width="80%">
          <a shape="rect" href="https://www.fairplay.com.bo/api/dataentities/CF/search?_fields=id,imageFlag,idCollection,active,percentage,shippingFree&amp;_where=idCollection=141%20OR%20idCollection=335">https://www.fairplay.com.bo/api/dataentities/CF/search?_fields=id,imageFlag,idCollection,active,percentage,shippingFree&amp;_where=idCollection=141%20OR%20idCollection=335</a>
        </td>
      </tr>
      <tr>
        <td colspan="1" rowspan="1" class="indent2" width="20%">Method</td>
        <td colspan="1" rowspan="1" width="80%">GET</td>
      </tr>
      <tr>
        <td colspan="1" rowspan="1" class="indent2" width="20%">Parameter</td>
        <td colspan="1" rowspan="1" width="80%"/>
      </tr>
      <tr>
        <td colspan="1" rowspan="1" class="indent2" width="20%">Attack</td>
        <td colspan="1" rowspan="1" width="80%"/>
      </tr>
      <tr>
        <td colspan="1" rowspan="1" class="indent2" width="20%">Evidence</td>
        <td colspan="1" rowspan="1" width="80%"/>
      </tr>
      <tr>
        <td colspan="1" rowspan="1" class="indent2" width="20%">Other Info</td>
        <td colspan="1" rowspan="1" width="80%"/>
      </tr>
      <tr>
        <td colspan="1" rowspan="1" class="indent1" width="20%">URL</td>
        <td colspan="1" rowspan="1" width="80%">
          <a shape="rect" href="https://www.fairplay.com.bo/api/dataentities/CF/search?_fields=id,imageFlag,idCollection,active,percentage,shippingFree&amp;_where=idCollection=141%20OR%20idCollection=335%20OR%20idCollection=341%20OR%20idCollection=392">https://www.fairplay.com.bo/api/dataentities/CF/search?_fields=id,imageFlag,idCollection,active,percentage,shippingFree&amp;_where=idCollection=141%20OR%20idCollection=335%20OR%20idCollection=341%20OR%20idCollection=392</a>
        </td>
      </tr>
      <tr>
        <td colspan="1" rowspan="1" class="indent2" width="20%">Method</td>
        <td colspan="1" rowspan="1" width="80%">GET</td>
      </tr>
      <tr>
        <td colspan="1" rowspan="1" class="indent2" width="20%">Parameter</td>
        <td colspan="1" rowspan="1" width="80%"/>
      </tr>
      <tr>
        <td colspan="1" rowspan="1" class="indent2" width="20%">Attack</td>
        <td colspan="1" rowspan="1" width="80%"/>
      </tr>
      <tr>
        <td colspan="1" rowspan="1" class="indent2" width="20%">Evidence</td>
        <td colspan="1" rowspan="1" width="80%"/>
      </tr>
      <tr>
        <td colspan="1" rowspan="1" class="indent2" width="20%">Other Info</td>
        <td colspan="1" rowspan="1" width="80%"/>
      </tr>
      <tr>
        <td colspan="1" rowspan="1" class="indent1" width="20%">URL</td>
        <td colspan="1" rowspan="1" width="80%">
          <a shape="rect" href="https://www.fairplay.com.bo/api/dataentities/CF/search?_fields=id,imageFlag,idCollection,active,percentage,shippingFree&amp;_where=idCollection=141%20OR%20idCollection=335%20OR%20idCollection=392">https://www.fairplay.com.bo/api/dataentities/CF/search?_fields=id,imageFlag,idCollection,active,percentage,shippingFree&amp;_where=idCollection=141%20OR%20idCollection=335%20OR%20idCollection=392</a>
        </td>
      </tr>
      <tr>
        <td colspan="1" rowspan="1" class="indent2" width="20%">Method</td>
        <td colspan="1" rowspan="1" width="80%">GET</td>
      </tr>
      <tr>
        <td colspan="1" rowspan="1" class="indent2" width="20%">Parameter</td>
        <td colspan="1" rowspan="1" width="80%"/>
      </tr>
      <tr>
        <td colspan="1" rowspan="1" class="indent2" width="20%">Attack</td>
        <td colspan="1" rowspan="1" width="80%"/>
      </tr>
      <tr>
        <td colspan="1" rowspan="1" class="indent2" width="20%">Evidence</td>
        <td colspan="1" rowspan="1" width="80%"/>
      </tr>
      <tr>
        <td colspan="1" rowspan="1" class="indent2" width="20%">Other Info</td>
        <td colspan="1" rowspan="1" width="80%"/>
      </tr>
      <tr>
        <td colspan="1" rowspan="1" class="indent1" width="20%">URL</td>
        <td colspan="1" rowspan="1" width="80%">
          <a shape="rect" href="https://www.fairplay.com.bo/api/dataentities/CF/search?_fields=id,imageFlag,idCollection,active,percentage,shippingFree&amp;_where=idCollection=141%20OR%20idCollection=337">https://www.fairplay.com.bo/api/dataentities/CF/search?_fields=id,imageFlag,idCollection,active,percentage,shippingFree&amp;_where=idCollection=141%20OR%20idCollection=337</a>
        </td>
      </tr>
      <tr>
        <td colspan="1" rowspan="1" class="indent2" width="20%">Method</td>
        <td colspan="1" rowspan="1" width="80%">GET</td>
      </tr>
      <tr>
        <td colspan="1" rowspan="1" class="indent2" width="20%">Parameter</td>
        <td colspan="1" rowspan="1" width="80%"/>
      </tr>
      <tr>
        <td colspan="1" rowspan="1" class="indent2" width="20%">Attack</td>
        <td colspan="1" rowspan="1" width="80%"/>
      </tr>
      <tr>
        <td colspan="1" rowspan="1" class="indent2" width="20%">Evidence</td>
        <td colspan="1" rowspan="1" width="80%"/>
      </tr>
      <tr>
        <td colspan="1" rowspan="1" class="indent2" width="20%">Other Info</td>
        <td colspan="1" rowspan="1" width="80%"/>
      </tr>
      <tr>
        <td colspan="1" rowspan="1" class="indent1" width="20%">URL</td>
        <td colspan="1" rowspan="1" width="80%">
          <a shape="rect" href="https://www.fairplay.com.bo/api/dataentities/CF/search?_fields=id,imageFlag,idCollection,active,percentage,shippingFree&amp;_where=idCollection=141%20OR%20idCollection=337%20OR%20idCollection=392">https://www.fairplay.com.bo/api/dataentities/CF/search?_fields=id,imageFlag,idCollection,active,percentage,shippingFree&amp;_where=idCollection=141%20OR%20idCollection=337%20OR%20idCollection=392</a>
        </td>
      </tr>
      <tr>
        <td colspan="1" rowspan="1" class="indent2" width="20%">Method</td>
        <td colspan="1" rowspan="1" width="80%">GET</td>
      </tr>
      <tr>
        <td colspan="1" rowspan="1" class="indent2" width="20%">Parameter</td>
        <td colspan="1" rowspan="1" width="80%"/>
      </tr>
      <tr>
        <td colspan="1" rowspan="1" class="indent2" width="20%">Attack</td>
        <td colspan="1" rowspan="1" width="80%"/>
      </tr>
      <tr>
        <td colspan="1" rowspan="1" class="indent2" width="20%">Evidence</td>
        <td colspan="1" rowspan="1" width="80%"/>
      </tr>
      <tr>
        <td colspan="1" rowspan="1" class="indent2" width="20%">Other Info</td>
        <td colspan="1" rowspan="1" width="80%"/>
      </tr>
      <tr>
        <td colspan="1" rowspan="1" class="indent1" width="20%">URL</td>
        <td colspan="1" rowspan="1" width="80%">
          <a shape="rect" href="https://www.fairplay.com.bo/api/dataentities/CF/search?_fields=id,imageFlag,idCollection,active,percentage,shippingFree&amp;_where=idCollection=141%20OR%20idCollection=341%20OR%20idCollection=392%20OR%20idCollection=425">https://www.fairplay.com.bo/api/dataentities/CF/search?_fields=id,imageFlag,idCollection,active,percentage,shippingFree&amp;_where=idCollection=141%20OR%20idCollection=341%20OR%20idCollection=392%20OR%20idCollection=425</a>
        </td>
      </tr>
      <tr>
        <td colspan="1" rowspan="1" class="indent2" width="20%">Method</td>
        <td colspan="1" rowspan="1" width="80%">GET</td>
      </tr>
      <tr>
        <td colspan="1" rowspan="1" class="indent2" width="20%">Parameter</td>
        <td colspan="1" rowspan="1" width="80%"/>
      </tr>
      <tr>
        <td colspan="1" rowspan="1" class="indent2" width="20%">Attack</td>
        <td colspan="1" rowspan="1" width="80%"/>
      </tr>
      <tr>
        <td colspan="1" rowspan="1" class="indent2" width="20%">Evidence</td>
        <td colspan="1" rowspan="1" width="80%"/>
      </tr>
      <tr>
        <td colspan="1" rowspan="1" class="indent2" width="20%">Other Info</td>
        <td colspan="1" rowspan="1" width="80%"/>
      </tr>
      <tr>
        <td colspan="1" rowspan="1" class="indent1" width="20%">URL</td>
        <td colspan="1" rowspan="1" width="80%">
          <a shape="rect" href="https://www.fairplay.com.bo/api/dataentities/CF/search?_fields=id,imageFlag,idCollection,active,percentage,shippingFree&amp;_where=idCollection=141%20OR%20idCollection=348">https://www.fairplay.com.bo/api/dataentities/CF/search?_fields=id,imageFlag,idCollection,active,percentage,shippingFree&amp;_where=idCollection=141%20OR%20idCollection=348</a>
        </td>
      </tr>
      <tr>
        <td colspan="1" rowspan="1" class="indent2" width="20%">Method</td>
        <td colspan="1" rowspan="1" width="80%">GET</td>
      </tr>
      <tr>
        <td colspan="1" rowspan="1" class="indent2" width="20%">Parameter</td>
        <td colspan="1" rowspan="1" width="80%"/>
      </tr>
      <tr>
        <td colspan="1" rowspan="1" class="indent2" width="20%">Attack</td>
        <td colspan="1" rowspan="1" width="80%"/>
      </tr>
      <tr>
        <td colspan="1" rowspan="1" class="indent2" width="20%">Evidence</td>
        <td colspan="1" rowspan="1" width="80%"/>
      </tr>
      <tr>
        <td colspan="1" rowspan="1" class="indent2" width="20%">Other Info</td>
        <td colspan="1" rowspan="1" width="80%"/>
      </tr>
      <tr>
        <td colspan="1" rowspan="1" class="indent1" width="20%">URL</td>
        <td colspan="1" rowspan="1" width="80%">
          <a shape="rect" href="https://www.fairplay.com.bo/api/dataentities/CF/search?_fields=id,imageFlag,idCollection,active,percentage,shippingFree&amp;_where=idCollection=141%20OR%20idCollection=392">https://www.fairplay.com.bo/api/dataentities/CF/search?_fields=id,imageFlag,idCollection,active,percentage,shippingFree&amp;_where=idCollection=141%20OR%20idCollection=392</a>
        </td>
      </tr>
      <tr>
        <td colspan="1" rowspan="1" class="indent2" width="20%">Method</td>
        <td colspan="1" rowspan="1" width="80%">GET</td>
      </tr>
      <tr>
        <td colspan="1" rowspan="1" class="indent2" width="20%">Parameter</td>
        <td colspan="1" rowspan="1" width="80%"/>
      </tr>
      <tr>
        <td colspan="1" rowspan="1" class="indent2" width="20%">Attack</td>
        <td colspan="1" rowspan="1" width="80%"/>
      </tr>
      <tr>
        <td colspan="1" rowspan="1" class="indent2" width="20%">Evidence</td>
        <td colspan="1" rowspan="1" width="80%"/>
      </tr>
      <tr>
        <td colspan="1" rowspan="1" class="indent2" width="20%">Other Info</td>
        <td colspan="1" rowspan="1" width="80%"/>
      </tr>
      <tr>
        <td colspan="1" rowspan="1" class="indent1" width="20%">URL</td>
        <td colspan="1" rowspan="1" width="80%">
          <a shape="rect" href="https://www.fairplay.com.bo/api/dataentities/CF/search?_fields=id,imageFlag,idCollection,active,percentage,shippingFree&amp;_where=idCollection=141%20OR%20idCollection=439">https://www.fairplay.com.bo/api/dataentities/CF/search?_fields=id,imageFlag,idCollection,active,percentage,shippingFree&amp;_where=idCollection=141%20OR%20idCollection=439</a>
        </td>
      </tr>
      <tr>
        <td colspan="1" rowspan="1" class="indent2" width="20%">Method</td>
        <td colspan="1" rowspan="1" width="80%">GET</td>
      </tr>
      <tr>
        <td colspan="1" rowspan="1" class="indent2" width="20%">Parameter</td>
        <td colspan="1" rowspan="1" width="80%"/>
      </tr>
      <tr>
        <td colspan="1" rowspan="1" class="indent2" width="20%">Attack</td>
        <td colspan="1" rowspan="1" width="80%"/>
      </tr>
      <tr>
        <td colspan="1" rowspan="1" class="indent2" width="20%">Evidence</td>
        <td colspan="1" rowspan="1" width="80%"/>
      </tr>
      <tr>
        <td colspan="1" rowspan="1" class="indent2" width="20%">Other Info</td>
        <td colspan="1" rowspan="1" width="80%"/>
      </tr>
      <tr>
        <td colspan="1" rowspan="1" class="indent1" width="20%">URL</td>
        <td colspan="1" rowspan="1" width="80%">
          <a shape="rect" href="https://www.fairplay.com.bo/api/dataentities/CF/search?_fields=id,imageFlag,idCollection,active,percentage,shippingFree&amp;_where=idCollection=142">https://www.fairplay.com.bo/api/dataentities/CF/search?_fields=id,imageFlag,idCollection,active,percentage,shippingFree&amp;_where=idCollection=142</a>
        </td>
      </tr>
      <tr>
        <td colspan="1" rowspan="1" class="indent2" width="20%">Method</td>
        <td colspan="1" rowspan="1" width="80%">GET</td>
      </tr>
      <tr>
        <td colspan="1" rowspan="1" class="indent2" width="20%">Parameter</td>
        <td colspan="1" rowspan="1" width="80%"/>
      </tr>
      <tr>
        <td colspan="1" rowspan="1" class="indent2" width="20%">Attack</td>
        <td colspan="1" rowspan="1" width="80%"/>
      </tr>
      <tr>
        <td colspan="1" rowspan="1" class="indent2" width="20%">Evidence</td>
        <td colspan="1" rowspan="1" width="80%"/>
      </tr>
      <tr>
        <td colspan="1" rowspan="1" class="indent2" width="20%">Other Info</td>
        <td colspan="1" rowspan="1" width="80%"/>
      </tr>
      <tr>
        <td colspan="1" rowspan="1" class="indent1" width="20%">URL</td>
        <td colspan="1" rowspan="1" width="80%">
          <a shape="rect" href="https://www.fairplay.com.bo/api/dataentities/CF/search?_fields=id,imageFlag,idCollection,active,percentage,shippingFree&amp;_where=idCollection=142%20OR%20idCollection=335">https://www.fairplay.com.bo/api/dataentities/CF/search?_fields=id,imageFlag,idCollection,active,percentage,shippingFree&amp;_where=idCollection=142%20OR%20idCollection=335</a>
        </td>
      </tr>
      <tr>
        <td colspan="1" rowspan="1" class="indent2" width="20%">Method</td>
        <td colspan="1" rowspan="1" width="80%">GET</td>
      </tr>
      <tr>
        <td colspan="1" rowspan="1" class="indent2" width="20%">Parameter</td>
        <td colspan="1" rowspan="1" width="80%"/>
      </tr>
      <tr>
        <td colspan="1" rowspan="1" class="indent2" width="20%">Attack</td>
        <td colspan="1" rowspan="1" width="80%"/>
      </tr>
      <tr>
        <td colspan="1" rowspan="1" class="indent2" width="20%">Evidence</td>
        <td colspan="1" rowspan="1" width="80%"/>
      </tr>
      <tr>
        <td colspan="1" rowspan="1" class="indent2" width="20%">Other Info</td>
        <td colspan="1" rowspan="1" width="80%"/>
      </tr>
      <tr>
        <td colspan="1" rowspan="1" class="indent1" width="20%">URL</td>
        <td colspan="1" rowspan="1" width="80%">
          <a shape="rect" href="https://www.fairplay.com.bo/api/dataentities/CF/search?_fields=id,imageFlag,idCollection,active,percentage,shippingFree&amp;_where=idCollection=142%20OR%20idCollection=335%20OR%20idCollection=392">https://www.fairplay.com.bo/api/dataentities/CF/search?_fields=id,imageFlag,idCollection,active,percentage,shippingFree&amp;_where=idCollection=142%20OR%20idCollection=335%20OR%20idCollection=392</a>
        </td>
      </tr>
      <tr>
        <td colspan="1" rowspan="1" class="indent2" width="20%">Method</td>
        <td colspan="1" rowspan="1" width="80%">GET</td>
      </tr>
      <tr>
        <td colspan="1" rowspan="1" class="indent2" width="20%">Parameter</td>
        <td colspan="1" rowspan="1" width="80%"/>
      </tr>
      <tr>
        <td colspan="1" rowspan="1" class="indent2" width="20%">Attack</td>
        <td colspan="1" rowspan="1" width="80%"/>
      </tr>
      <tr>
        <td colspan="1" rowspan="1" class="indent2" width="20%">Evidence</td>
        <td colspan="1" rowspan="1" width="80%"/>
      </tr>
      <tr>
        <td colspan="1" rowspan="1" class="indent2" width="20%">Other Info</td>
        <td colspan="1" rowspan="1" width="80%"/>
      </tr>
      <tr>
        <td colspan="1" rowspan="1" class="indent1" width="20%">URL</td>
        <td colspan="1" rowspan="1" width="80%">
          <a shape="rect" href="https://www.fairplay.com.bo/api/dataentities/CF/search?_fields=id,imageFlag,idCollection,active,percentage,shippingFree&amp;_where=idCollection=142%20OR%20idCollection=341%20OR%20idCollection=392%20OR%20idCollection=425">https://www.fairplay.com.bo/api/dataentities/CF/search?_fields=id,imageFlag,idCollection,active,percentage,shippingFree&amp;_where=idCollection=142%20OR%20idCollection=341%20OR%20idCollection=392%20OR%20idCollection=425</a>
        </td>
      </tr>
      <tr>
        <td colspan="1" rowspan="1" class="indent2" width="20%">Method</td>
        <td colspan="1" rowspan="1" width="80%">GET</td>
      </tr>
      <tr>
        <td colspan="1" rowspan="1" class="indent2" width="20%">Parameter</td>
        <td colspan="1" rowspan="1" width="80%"/>
      </tr>
      <tr>
        <td colspan="1" rowspan="1" class="indent2" width="20%">Attack</td>
        <td colspan="1" rowspan="1" width="80%"/>
      </tr>
      <tr>
        <td colspan="1" rowspan="1" class="indent2" width="20%">Evidence</td>
        <td colspan="1" rowspan="1" width="80%"/>
      </tr>
      <tr>
        <td colspan="1" rowspan="1" class="indent2" width="20%">Other Info</td>
        <td colspan="1" rowspan="1" width="80%"/>
      </tr>
      <tr>
        <td colspan="1" rowspan="1" class="indent1" width="20%">URL</td>
        <td colspan="1" rowspan="1" width="80%">
          <a shape="rect" href="https://www.fairplay.com.bo/api/dataentities/CF/search?_fields=id,imageFlag,idCollection,active,percentage,shippingFree&amp;_where=idCollection=142%20OR%20idCollection=392%20OR%20idCollection=425">https://www.fairplay.com.bo/api/dataentities/CF/search?_fields=id,imageFlag,idCollection,active,percentage,shippingFree&amp;_where=idCollection=142%20OR%20idCollection=392%20OR%20idCollection=425</a>
        </td>
      </tr>
      <tr>
        <td colspan="1" rowspan="1" class="indent2" width="20%">Method</td>
        <td colspan="1" rowspan="1" width="80%">GET</td>
      </tr>
      <tr>
        <td colspan="1" rowspan="1" class="indent2" width="20%">Parameter</td>
        <td colspan="1" rowspan="1" width="80%"/>
      </tr>
      <tr>
        <td colspan="1" rowspan="1" class="indent2" width="20%">Attack</td>
        <td colspan="1" rowspan="1" width="80%"/>
      </tr>
      <tr>
        <td colspan="1" rowspan="1" class="indent2" width="20%">Evidence</td>
        <td colspan="1" rowspan="1" width="80%"/>
      </tr>
      <tr>
        <td colspan="1" rowspan="1" class="indent2" width="20%">Other Info</td>
        <td colspan="1" rowspan="1" width="80%"/>
      </tr>
      <tr>
        <td colspan="1" rowspan="1" class="indent1" width="20%">URL</td>
        <td colspan="1" rowspan="1" width="80%">
          <a shape="rect" href="https://www.fairplay.com.bo/api/dataentities/CF/search?_fields=id,imageFlag,idCollection,active,percentage,shippingFree&amp;_where=idCollection=142%20OR%20idCollection=425">https://www.fairplay.com.bo/api/dataentities/CF/search?_fields=id,imageFlag,idCollection,active,percentage,shippingFree&amp;_where=idCollection=142%20OR%20idCollection=425</a>
        </td>
      </tr>
      <tr>
        <td colspan="1" rowspan="1" class="indent2" width="20%">Method</td>
        <td colspan="1" rowspan="1" width="80%">GET</td>
      </tr>
      <tr>
        <td colspan="1" rowspan="1" class="indent2" width="20%">Parameter</td>
        <td colspan="1" rowspan="1" width="80%"/>
      </tr>
      <tr>
        <td colspan="1" rowspan="1" class="indent2" width="20%">Attack</td>
        <td colspan="1" rowspan="1" width="80%"/>
      </tr>
      <tr>
        <td colspan="1" rowspan="1" class="indent2" width="20%">Evidence</td>
        <td colspan="1" rowspan="1" width="80%"/>
      </tr>
      <tr>
        <td colspan="1" rowspan="1" class="indent2" width="20%">Other Info</td>
        <td colspan="1" rowspan="1" width="80%"/>
      </tr>
      <tr>
        <td colspan="1" rowspan="1" class="indent1" width="20%">URL</td>
        <td colspan="1" rowspan="1" width="80%">
          <a shape="rect" href="https://www.fairplay.com.bo/api/dataentities/CF/search?_fields=id,imageFlag,idCollection,active,percentage,shippingFree&amp;_where=idCollection=144%20OR%20idCollection=167%20OR%20idCollection=335%20OR%20idCollection=341%20OR%20idCollection=425">https://www.fairplay.com.bo/api/dataentities/CF/search?_fields=id,imageFlag,idCollection,active,percentage,shippingFree&amp;_where=idCollection=144%20OR%20idCollection=167%20OR%20idCollection=335%20OR%20idCollection=341%20OR%20idCollection=425</a>
        </td>
      </tr>
      <tr>
        <td colspan="1" rowspan="1" class="indent2" width="20%">Method</td>
        <td colspan="1" rowspan="1" width="80%">GET</td>
      </tr>
      <tr>
        <td colspan="1" rowspan="1" class="indent2" width="20%">Parameter</td>
        <td colspan="1" rowspan="1" width="80%"/>
      </tr>
      <tr>
        <td colspan="1" rowspan="1" class="indent2" width="20%">Attack</td>
        <td colspan="1" rowspan="1" width="80%"/>
      </tr>
      <tr>
        <td colspan="1" rowspan="1" class="indent2" width="20%">Evidence</td>
        <td colspan="1" rowspan="1" width="80%"/>
      </tr>
      <tr>
        <td colspan="1" rowspan="1" class="indent2" width="20%">Other Info</td>
        <td colspan="1" rowspan="1" width="80%"/>
      </tr>
      <tr>
        <td colspan="1" rowspan="1" class="indent1" width="20%">URL</td>
        <td colspan="1" rowspan="1" width="80%">
          <a shape="rect" href="https://www.fairplay.com.bo/api/dataentities/CF/search?_fields=id,imageFlag,idCollection,active,percentage,shippingFree&amp;_where=idCollection=144%20OR%20idCollection=167%20OR%20idCollection=341%20OR%20idCollection=425">https://www.fairplay.com.bo/api/dataentities/CF/search?_fields=id,imageFlag,idCollection,active,percentage,shippingFree&amp;_where=idCollection=144%20OR%20idCollection=167%20OR%20idCollection=341%20OR%20idCollection=425</a>
        </td>
      </tr>
      <tr>
        <td colspan="1" rowspan="1" class="indent2" width="20%">Method</td>
        <td colspan="1" rowspan="1" width="80%">GET</td>
      </tr>
      <tr>
        <td colspan="1" rowspan="1" class="indent2" width="20%">Parameter</td>
        <td colspan="1" rowspan="1" width="80%"/>
      </tr>
      <tr>
        <td colspan="1" rowspan="1" class="indent2" width="20%">Attack</td>
        <td colspan="1" rowspan="1" width="80%"/>
      </tr>
      <tr>
        <td colspan="1" rowspan="1" class="indent2" width="20%">Evidence</td>
        <td colspan="1" rowspan="1" width="80%"/>
      </tr>
      <tr>
        <td colspan="1" rowspan="1" class="indent2" width="20%">Other Info</td>
        <td colspan="1" rowspan="1" width="80%"/>
      </tr>
      <tr>
        <td colspan="1" rowspan="1" class="indent1" width="20%">URL</td>
        <td colspan="1" rowspan="1" width="80%">
          <a shape="rect" href="https://www.fairplay.com.bo/api/dataentities/CF/search?_fields=id,imageFlag,idCollection,active,percentage,shippingFree&amp;_where=idCollection=144%20OR%20idCollection=335%20OR%20idCollection=425">https://www.fairplay.com.bo/api/dataentities/CF/search?_fields=id,imageFlag,idCollection,active,percentage,shippingFree&amp;_where=idCollection=144%20OR%20idCollection=335%20OR%20idCollection=425</a>
        </td>
      </tr>
      <tr>
        <td colspan="1" rowspan="1" class="indent2" width="20%">Method</td>
        <td colspan="1" rowspan="1" width="80%">GET</td>
      </tr>
      <tr>
        <td colspan="1" rowspan="1" class="indent2" width="20%">Parameter</td>
        <td colspan="1" rowspan="1" width="80%"/>
      </tr>
      <tr>
        <td colspan="1" rowspan="1" class="indent2" width="20%">Attack</td>
        <td colspan="1" rowspan="1" width="80%"/>
      </tr>
      <tr>
        <td colspan="1" rowspan="1" class="indent2" width="20%">Evidence</td>
        <td colspan="1" rowspan="1" width="80%"/>
      </tr>
      <tr>
        <td colspan="1" rowspan="1" class="indent2" width="20%">Other Info</td>
        <td colspan="1" rowspan="1" width="80%"/>
      </tr>
      <tr>
        <td colspan="1" rowspan="1" class="indent1" width="20%">URL</td>
        <td colspan="1" rowspan="1" width="80%">
          <a shape="rect" href="https://www.fairplay.com.bo/api/dataentities/CF/search?_fields=id,imageFlag,idCollection,active,percentage,shippingFree&amp;_where=idCollection=144%20OR%20idCollection=341%20OR%20idCollection=401%20OR%20idCollection=425">https://www.fairplay.com.bo/api/dataentities/CF/search?_fields=id,imageFlag,idCollection,active,percentage,shippingFree&amp;_where=idCollection=144%20OR%20idCollection=341%20OR%20idCollection=401%20OR%20idCollection=425</a>
        </td>
      </tr>
      <tr>
        <td colspan="1" rowspan="1" class="indent2" width="20%">Method</td>
        <td colspan="1" rowspan="1" width="80%">GET</td>
      </tr>
      <tr>
        <td colspan="1" rowspan="1" class="indent2" width="20%">Parameter</td>
        <td colspan="1" rowspan="1" width="80%"/>
      </tr>
      <tr>
        <td colspan="1" rowspan="1" class="indent2" width="20%">Attack</td>
        <td colspan="1" rowspan="1" width="80%"/>
      </tr>
      <tr>
        <td colspan="1" rowspan="1" class="indent2" width="20%">Evidence</td>
        <td colspan="1" rowspan="1" width="80%"/>
      </tr>
      <tr>
        <td colspan="1" rowspan="1" class="indent2" width="20%">Other Info</td>
        <td colspan="1" rowspan="1" width="80%"/>
      </tr>
      <tr>
        <td colspan="1" rowspan="1" class="indent1" width="20%">URL</td>
        <td colspan="1" rowspan="1" width="80%">
          <a shape="rect" href="https://www.fairplay.com.bo/api/dataentities/CF/search?_fields=id,imageFlag,idCollection,active,percentage,shippingFree&amp;_where=idCollection=149%20OR%20idCollection=178%20OR%20idCollection=192%20OR%20idCollection=209%20OR%20idCollection=341%20OR%20idCollection=425">https://www.fairplay.com.bo/api/dataentities/CF/search?_fields=id,imageFlag,idCollection,active,percentage,shippingFree&amp;_where=idCollection=149%20OR%20idCollection=178%20OR%20idCollection=192%20OR%20idCollection=209%20OR%20idCollection=341%20OR%20idCollection=425</a>
        </td>
      </tr>
      <tr>
        <td colspan="1" rowspan="1" class="indent2" width="20%">Method</td>
        <td colspan="1" rowspan="1" width="80%">GET</td>
      </tr>
      <tr>
        <td colspan="1" rowspan="1" class="indent2" width="20%">Parameter</td>
        <td colspan="1" rowspan="1" width="80%"/>
      </tr>
      <tr>
        <td colspan="1" rowspan="1" class="indent2" width="20%">Attack</td>
        <td colspan="1" rowspan="1" width="80%"/>
      </tr>
      <tr>
        <td colspan="1" rowspan="1" class="indent2" width="20%">Evidence</td>
        <td colspan="1" rowspan="1" width="80%"/>
      </tr>
      <tr>
        <td colspan="1" rowspan="1" class="indent2" width="20%">Other Info</td>
        <td colspan="1" rowspan="1" width="80%"/>
      </tr>
      <tr>
        <td colspan="1" rowspan="1" class="indent1" width="20%">URL</td>
        <td colspan="1" rowspan="1" width="80%">
          <a shape="rect" href="https://www.fairplay.com.bo/api/dataentities/CF/search?_fields=id,imageFlag,idCollection,active,percentage,shippingFree&amp;_where=idCollection=149%20OR%20idCollection=192">https://www.fairplay.com.bo/api/dataentities/CF/search?_fields=id,imageFlag,idCollection,active,percentage,shippingFree&amp;_where=idCollection=149%20OR%20idCollection=192</a>
        </td>
      </tr>
      <tr>
        <td colspan="1" rowspan="1" class="indent2" width="20%">Method</td>
        <td colspan="1" rowspan="1" width="80%">GET</td>
      </tr>
      <tr>
        <td colspan="1" rowspan="1" class="indent2" width="20%">Parameter</td>
        <td colspan="1" rowspan="1" width="80%"/>
      </tr>
      <tr>
        <td colspan="1" rowspan="1" class="indent2" width="20%">Attack</td>
        <td colspan="1" rowspan="1" width="80%"/>
      </tr>
      <tr>
        <td colspan="1" rowspan="1" class="indent2" width="20%">Evidence</td>
        <td colspan="1" rowspan="1" width="80%"/>
      </tr>
      <tr>
        <td colspan="1" rowspan="1" class="indent2" width="20%">Other Info</td>
        <td colspan="1" rowspan="1" width="80%"/>
      </tr>
      <tr>
        <td colspan="1" rowspan="1" class="indent1" width="20%">URL</td>
        <td colspan="1" rowspan="1" width="80%">
          <a shape="rect" href="https://www.fairplay.com.bo/api/dataentities/CF/search?_fields=id,imageFlag,idCollection,active,percentage,shippingFree&amp;_where=idCollection=149%20OR%20idCollection=312%20OR%20idCollection=341%20OR%20idCollection=425">https://www.fairplay.com.bo/api/dataentities/CF/search?_fields=id,imageFlag,idCollection,active,percentage,shippingFree&amp;_where=idCollection=149%20OR%20idCollection=312%20OR%20idCollection=341%20OR%20idCollection=425</a>
        </td>
      </tr>
      <tr>
        <td colspan="1" rowspan="1" class="indent2" width="20%">Method</td>
        <td colspan="1" rowspan="1" width="80%">GET</td>
      </tr>
      <tr>
        <td colspan="1" rowspan="1" class="indent2" width="20%">Parameter</td>
        <td colspan="1" rowspan="1" width="80%"/>
      </tr>
      <tr>
        <td colspan="1" rowspan="1" class="indent2" width="20%">Attack</td>
        <td colspan="1" rowspan="1" width="80%"/>
      </tr>
      <tr>
        <td colspan="1" rowspan="1" class="indent2" width="20%">Evidence</td>
        <td colspan="1" rowspan="1" width="80%"/>
      </tr>
      <tr>
        <td colspan="1" rowspan="1" class="indent2" width="20%">Other Info</td>
        <td colspan="1" rowspan="1" width="80%"/>
      </tr>
      <tr>
        <td colspan="1" rowspan="1" class="indent1" width="20%">URL</td>
        <td colspan="1" rowspan="1" width="80%">
          <a shape="rect" href="https://www.fairplay.com.bo/api/dataentities/CF/search?_fields=id,imageFlag,idCollection,active,percentage,shippingFree&amp;_where=idCollection=149%20OR%20idCollection=341%20OR%20idCollection=425">https://www.fairplay.com.bo/api/dataentities/CF/search?_fields=id,imageFlag,idCollection,active,percentage,shippingFree&amp;_where=idCollection=149%20OR%20idCollection=341%20OR%20idCollection=425</a>
        </td>
      </tr>
      <tr>
        <td colspan="1" rowspan="1" class="indent2" width="20%">Method</td>
        <td colspan="1" rowspan="1" width="80%">GET</td>
      </tr>
      <tr>
        <td colspan="1" rowspan="1" class="indent2" width="20%">Parameter</td>
        <td colspan="1" rowspan="1" width="80%"/>
      </tr>
      <tr>
        <td colspan="1" rowspan="1" class="indent2" width="20%">Attack</td>
        <td colspan="1" rowspan="1" width="80%"/>
      </tr>
      <tr>
        <td colspan="1" rowspan="1" class="indent2" width="20%">Evidence</td>
        <td colspan="1" rowspan="1" width="80%"/>
      </tr>
      <tr>
        <td colspan="1" rowspan="1" class="indent2" width="20%">Other Info</td>
        <td colspan="1" rowspan="1" width="80%"/>
      </tr>
      <tr>
        <td colspan="1" rowspan="1" class="indent1" width="20%">URL</td>
        <td colspan="1" rowspan="1" width="80%">
          <a shape="rect" href="https://www.fairplay.com.bo/api/dataentities/CF/search?_fields=id,imageFlag,idCollection,active,percentage,shippingFree&amp;_where=idCollection=167%20OR%20idCollection=341%20OR%20idCollection=370%20OR%20idCollection=371%20OR%20idCollection=425">https://www.fairplay.com.bo/api/dataentities/CF/search?_fields=id,imageFlag,idCollection,active,percentage,shippingFree&amp;_where=idCollection=167%20OR%20idCollection=341%20OR%20idCollection=370%20OR%20idCollection=371%20OR%20idCollection=425</a>
        </td>
      </tr>
      <tr>
        <td colspan="1" rowspan="1" class="indent2" width="20%">Method</td>
        <td colspan="1" rowspan="1" width="80%">GET</td>
      </tr>
      <tr>
        <td colspan="1" rowspan="1" class="indent2" width="20%">Parameter</td>
        <td colspan="1" rowspan="1" width="80%"/>
      </tr>
      <tr>
        <td colspan="1" rowspan="1" class="indent2" width="20%">Attack</td>
        <td colspan="1" rowspan="1" width="80%"/>
      </tr>
      <tr>
        <td colspan="1" rowspan="1" class="indent2" width="20%">Evidence</td>
        <td colspan="1" rowspan="1" width="80%"/>
      </tr>
      <tr>
        <td colspan="1" rowspan="1" class="indent2" width="20%">Other Info</td>
        <td colspan="1" rowspan="1" width="80%"/>
      </tr>
      <tr>
        <td colspan="1" rowspan="1" class="indent1" width="20%">URL</td>
        <td colspan="1" rowspan="1" width="80%">
          <a shape="rect" href="https://www.fairplay.com.bo/api/dataentities/CF/search?_fields=id,imageFlag,idCollection,active,percentage,shippingFree&amp;_where=idCollection=167%20OR%20idCollection=341%20OR%20idCollection=425">https://www.fairplay.com.bo/api/dataentities/CF/search?_fields=id,imageFlag,idCollection,active,percentage,shippingFree&amp;_where=idCollection=167%20OR%20idCollection=341%20OR%20idCollection=425</a>
        </td>
      </tr>
      <tr>
        <td colspan="1" rowspan="1" class="indent2" width="20%">Method</td>
        <td colspan="1" rowspan="1" width="80%">GET</td>
      </tr>
      <tr>
        <td colspan="1" rowspan="1" class="indent2" width="20%">Parameter</td>
        <td colspan="1" rowspan="1" width="80%"/>
      </tr>
      <tr>
        <td colspan="1" rowspan="1" class="indent2" width="20%">Attack</td>
        <td colspan="1" rowspan="1" width="80%"/>
      </tr>
      <tr>
        <td colspan="1" rowspan="1" class="indent2" width="20%">Evidence</td>
        <td colspan="1" rowspan="1" width="80%"/>
      </tr>
      <tr>
        <td colspan="1" rowspan="1" class="indent2" width="20%">Other Info</td>
        <td colspan="1" rowspan="1" width="80%"/>
      </tr>
      <tr>
        <td colspan="1" rowspan="1" class="indent1" width="20%">URL</td>
        <td colspan="1" rowspan="1" width="80%">
          <a shape="rect" href="https://www.fairplay.com.bo/api/dataentities/CF/search?_fields=id,imageFlag,idCollection,active,percentage,shippingFree&amp;_where=idCollection=174">https://www.fairplay.com.bo/api/dataentities/CF/search?_fields=id,imageFlag,idCollection,active,percentage,shippingFree&amp;_where=idCollection=174</a>
        </td>
      </tr>
      <tr>
        <td colspan="1" rowspan="1" class="indent2" width="20%">Method</td>
        <td colspan="1" rowspan="1" width="80%">GET</td>
      </tr>
      <tr>
        <td colspan="1" rowspan="1" class="indent2" width="20%">Parameter</td>
        <td colspan="1" rowspan="1" width="80%"/>
      </tr>
      <tr>
        <td colspan="1" rowspan="1" class="indent2" width="20%">Attack</td>
        <td colspan="1" rowspan="1" width="80%"/>
      </tr>
      <tr>
        <td colspan="1" rowspan="1" class="indent2" width="20%">Evidence</td>
        <td colspan="1" rowspan="1" width="80%"/>
      </tr>
      <tr>
        <td colspan="1" rowspan="1" class="indent2" width="20%">Other Info</td>
        <td colspan="1" rowspan="1" width="80%"/>
      </tr>
      <tr>
        <td colspan="1" rowspan="1" class="indent1" width="20%">URL</td>
        <td colspan="1" rowspan="1" width="80%">
          <a shape="rect" href="https://www.fairplay.com.bo/api/dataentities/CF/search?_fields=id,imageFlag,idCollection,active,percentage,shippingFree&amp;_where=idCollection=174%20OR%20idCollection=260%20OR%20idCollection=286%20OR%20idCollection=341%20OR%20idCollection=392%20OR%20idCollection=425">https://www.fairplay.com.bo/api/dataentities/CF/search?_fields=id,imageFlag,idCollection,active,percentage,shippingFree&amp;_where=idCollection=174%20OR%20idCollection=260%20OR%20idCollection=286%20OR%20idCollection=341%20OR%20idCollection=392%20OR%20idCollection=425</a>
        </td>
      </tr>
      <tr>
        <td colspan="1" rowspan="1" class="indent2" width="20%">Method</td>
        <td colspan="1" rowspan="1" width="80%">GET</td>
      </tr>
      <tr>
        <td colspan="1" rowspan="1" class="indent2" width="20%">Parameter</td>
        <td colspan="1" rowspan="1" width="80%"/>
      </tr>
      <tr>
        <td colspan="1" rowspan="1" class="indent2" width="20%">Attack</td>
        <td colspan="1" rowspan="1" width="80%"/>
      </tr>
      <tr>
        <td colspan="1" rowspan="1" class="indent2" width="20%">Evidence</td>
        <td colspan="1" rowspan="1" width="80%"/>
      </tr>
      <tr>
        <td colspan="1" rowspan="1" class="indent2" width="20%">Other Info</td>
        <td colspan="1" rowspan="1" width="80%"/>
      </tr>
      <tr>
        <td colspan="1" rowspan="1" class="indent1" width="20%">URL</td>
        <td colspan="1" rowspan="1" width="80%">
          <a shape="rect" href="https://www.fairplay.com.bo/api/dataentities/CF/search?_fields=id,imageFlag,idCollection,active,percentage,shippingFree&amp;_where=idCollection=174%20OR%20idCollection=341%20OR%20idCollection=355%20OR%20idCollection=392%20OR%20idCollection=425">https://www.fairplay.com.bo/api/dataentities/CF/search?_fields=id,imageFlag,idCollection,active,percentage,shippingFree&amp;_where=idCollection=174%20OR%20idCollection=341%20OR%20idCollection=355%20OR%20idCollection=392%20OR%20idCollection=425</a>
        </td>
      </tr>
      <tr>
        <td colspan="1" rowspan="1" class="indent2" width="20%">Method</td>
        <td colspan="1" rowspan="1" width="80%">GET</td>
      </tr>
      <tr>
        <td colspan="1" rowspan="1" class="indent2" width="20%">Parameter</td>
        <td colspan="1" rowspan="1" width="80%"/>
      </tr>
      <tr>
        <td colspan="1" rowspan="1" class="indent2" width="20%">Attack</td>
        <td colspan="1" rowspan="1" width="80%"/>
      </tr>
      <tr>
        <td colspan="1" rowspan="1" class="indent2" width="20%">Evidence</td>
        <td colspan="1" rowspan="1" width="80%"/>
      </tr>
      <tr>
        <td colspan="1" rowspan="1" class="indent2" width="20%">Other Info</td>
        <td colspan="1" rowspan="1" width="80%"/>
      </tr>
      <tr>
        <td colspan="1" rowspan="1" class="indent1" width="20%">URL</td>
        <td colspan="1" rowspan="1" width="80%">
          <a shape="rect" href="https://www.fairplay.com.bo/api/dataentities/CF/search?_fields=id,imageFlag,idCollection,active,percentage,shippingFree&amp;_where=idCollection=174%20OR%20idCollection=355">https://www.fairplay.com.bo/api/dataentities/CF/search?_fields=id,imageFlag,idCollection,active,percentage,shippingFree&amp;_where=idCollection=174%20OR%20idCollection=355</a>
        </td>
      </tr>
      <tr>
        <td colspan="1" rowspan="1" class="indent2" width="20%">Method</td>
        <td colspan="1" rowspan="1" width="80%">GET</td>
      </tr>
      <tr>
        <td colspan="1" rowspan="1" class="indent2" width="20%">Parameter</td>
        <td colspan="1" rowspan="1" width="80%"/>
      </tr>
      <tr>
        <td colspan="1" rowspan="1" class="indent2" width="20%">Attack</td>
        <td colspan="1" rowspan="1" width="80%"/>
      </tr>
      <tr>
        <td colspan="1" rowspan="1" class="indent2" width="20%">Evidence</td>
        <td colspan="1" rowspan="1" width="80%"/>
      </tr>
      <tr>
        <td colspan="1" rowspan="1" class="indent2" width="20%">Other Info</td>
        <td colspan="1" rowspan="1" width="80%"/>
      </tr>
      <tr>
        <td colspan="1" rowspan="1" class="indent1" width="20%">URL</td>
        <td colspan="1" rowspan="1" width="80%">
          <a shape="rect" href="https://www.fairplay.com.bo/api/dataentities/CF/search?_fields=id,imageFlag,idCollection,active,percentage,shippingFree&amp;_where=idCollection=174%20OR%20idCollection=418">https://www.fairplay.com.bo/api/dataentities/CF/search?_fields=id,imageFlag,idCollection,active,percentage,shippingFree&amp;_where=idCollection=174%20OR%20idCollection=418</a>
        </td>
      </tr>
      <tr>
        <td colspan="1" rowspan="1" class="indent2" width="20%">Method</td>
        <td colspan="1" rowspan="1" width="80%">GET</td>
      </tr>
      <tr>
        <td colspan="1" rowspan="1" class="indent2" width="20%">Parameter</td>
        <td colspan="1" rowspan="1" width="80%"/>
      </tr>
      <tr>
        <td colspan="1" rowspan="1" class="indent2" width="20%">Attack</td>
        <td colspan="1" rowspan="1" width="80%"/>
      </tr>
      <tr>
        <td colspan="1" rowspan="1" class="indent2" width="20%">Evidence</td>
        <td colspan="1" rowspan="1" width="80%"/>
      </tr>
      <tr>
        <td colspan="1" rowspan="1" class="indent2" width="20%">Other Info</td>
        <td colspan="1" rowspan="1" width="80%"/>
      </tr>
      <tr>
        <td colspan="1" rowspan="1" class="indent1" width="20%">URL</td>
        <td colspan="1" rowspan="1" width="80%">
          <a shape="rect" href="https://www.fairplay.com.bo/api/dataentities/CF/search?_fields=id,imageFlag,idCollection,active,percentage,shippingFree&amp;_where=idCollection=201">https://www.fairplay.com.bo/api/dataentities/CF/search?_fields=id,imageFlag,idCollection,active,percentage,shippingFree&amp;_where=idCollection=201</a>
        </td>
      </tr>
      <tr>
        <td colspan="1" rowspan="1" class="indent2" width="20%">Method</td>
        <td colspan="1" rowspan="1" width="80%">GET</td>
      </tr>
      <tr>
        <td colspan="1" rowspan="1" class="indent2" width="20%">Parameter</td>
        <td colspan="1" rowspan="1" width="80%"/>
      </tr>
      <tr>
        <td colspan="1" rowspan="1" class="indent2" width="20%">Attack</td>
        <td colspan="1" rowspan="1" width="80%"/>
      </tr>
      <tr>
        <td colspan="1" rowspan="1" class="indent2" width="20%">Evidence</td>
        <td colspan="1" rowspan="1" width="80%"/>
      </tr>
      <tr>
        <td colspan="1" rowspan="1" class="indent2" width="20%">Other Info</td>
        <td colspan="1" rowspan="1" width="80%"/>
      </tr>
      <tr>
        <td colspan="1" rowspan="1" class="indent1" width="20%">URL</td>
        <td colspan="1" rowspan="1" width="80%">
          <a shape="rect" href="https://www.fairplay.com.bo/api/dataentities/CF/search?_fields=id,imageFlag,idCollection,active,percentage,shippingFree&amp;_where=idCollection=233%20OR%20idCollection=341%20OR%20idCollection=392%20OR%20idCollection=425">https://www.fairplay.com.bo/api/dataentities/CF/search?_fields=id,imageFlag,idCollection,active,percentage,shippingFree&amp;_where=idCollection=233%20OR%20idCollection=341%20OR%20idCollection=392%20OR%20idCollection=425</a>
        </td>
      </tr>
      <tr>
        <td colspan="1" rowspan="1" class="indent2" width="20%">Method</td>
        <td colspan="1" rowspan="1" width="80%">GET</td>
      </tr>
      <tr>
        <td colspan="1" rowspan="1" class="indent2" width="20%">Parameter</td>
        <td colspan="1" rowspan="1" width="80%"/>
      </tr>
      <tr>
        <td colspan="1" rowspan="1" class="indent2" width="20%">Attack</td>
        <td colspan="1" rowspan="1" width="80%"/>
      </tr>
      <tr>
        <td colspan="1" rowspan="1" class="indent2" width="20%">Evidence</td>
        <td colspan="1" rowspan="1" width="80%"/>
      </tr>
      <tr>
        <td colspan="1" rowspan="1" class="indent2" width="20%">Other Info</td>
        <td colspan="1" rowspan="1" width="80%"/>
      </tr>
      <tr>
        <td colspan="1" rowspan="1" class="indent1" width="20%">URL</td>
        <td colspan="1" rowspan="1" width="80%">
          <a shape="rect" href="https://www.fairplay.com.bo/api/dataentities/CF/search?_fields=id,imageFlag,idCollection,active,percentage,shippingFree&amp;_where=idCollection=251%20OR%20idCollection=261%20OR%20idCollection=292%20OR%20idCollection=392">https://www.fairplay.com.bo/api/dataentities/CF/search?_fields=id,imageFlag,idCollection,active,percentage,shippingFree&amp;_where=idCollection=251%20OR%20idCollection=261%20OR%20idCollection=292%20OR%20idCollection=392</a>
        </td>
      </tr>
      <tr>
        <td colspan="1" rowspan="1" class="indent2" width="20%">Method</td>
        <td colspan="1" rowspan="1" width="80%">GET</td>
      </tr>
      <tr>
        <td colspan="1" rowspan="1" class="indent2" width="20%">Parameter</td>
        <td colspan="1" rowspan="1" width="80%"/>
      </tr>
      <tr>
        <td colspan="1" rowspan="1" class="indent2" width="20%">Attack</td>
        <td colspan="1" rowspan="1" width="80%"/>
      </tr>
      <tr>
        <td colspan="1" rowspan="1" class="indent2" width="20%">Evidence</td>
        <td colspan="1" rowspan="1" width="80%"/>
      </tr>
      <tr>
        <td colspan="1" rowspan="1" class="indent2" width="20%">Other Info</td>
        <td colspan="1" rowspan="1" width="80%"/>
      </tr>
      <tr>
        <td colspan="1" rowspan="1" class="indent1" width="20%">URL</td>
        <td colspan="1" rowspan="1" width="80%">
          <a shape="rect" href="https://www.fairplay.com.bo/api/dataentities/CF/search?_fields=id,imageFlag,idCollection,active,percentage,shippingFree&amp;_where=idCollection=335%20OR%20idCollection=392">https://www.fairplay.com.bo/api/dataentities/CF/search?_fields=id,imageFlag,idCollection,active,percentage,shippingFree&amp;_where=idCollection=335%20OR%20idCollection=392</a>
        </td>
      </tr>
      <tr>
        <td colspan="1" rowspan="1" class="indent2" width="20%">Method</td>
        <td colspan="1" rowspan="1" width="80%">GET</td>
      </tr>
      <tr>
        <td colspan="1" rowspan="1" class="indent2" width="20%">Parameter</td>
        <td colspan="1" rowspan="1" width="80%"/>
      </tr>
      <tr>
        <td colspan="1" rowspan="1" class="indent2" width="20%">Attack</td>
        <td colspan="1" rowspan="1" width="80%"/>
      </tr>
      <tr>
        <td colspan="1" rowspan="1" class="indent2" width="20%">Evidence</td>
        <td colspan="1" rowspan="1" width="80%"/>
      </tr>
      <tr>
        <td colspan="1" rowspan="1" class="indent2" width="20%">Other Info</td>
        <td colspan="1" rowspan="1" width="80%"/>
      </tr>
      <tr>
        <td colspan="1" rowspan="1" class="indent1" width="20%">URL</td>
        <td colspan="1" rowspan="1" width="80%">
          <a shape="rect" href="https://www.fairplay.com.bo/api/dataentities/CF/search?_fields=id,imageFlag,idCollection,active,percentage,shippingFree&amp;_where=idCollection=341%20OR%20idCollection=392%20OR%20idCollection=425">https://www.fairplay.com.bo/api/dataentities/CF/search?_fields=id,imageFlag,idCollection,active,percentage,shippingFree&amp;_where=idCollection=341%20OR%20idCollection=392%20OR%20idCollection=425</a>
        </td>
      </tr>
      <tr>
        <td colspan="1" rowspan="1" class="indent2" width="20%">Method</td>
        <td colspan="1" rowspan="1" width="80%">GET</td>
      </tr>
      <tr>
        <td colspan="1" rowspan="1" class="indent2" width="20%">Parameter</td>
        <td colspan="1" rowspan="1" width="80%"/>
      </tr>
      <tr>
        <td colspan="1" rowspan="1" class="indent2" width="20%">Attack</td>
        <td colspan="1" rowspan="1" width="80%"/>
      </tr>
      <tr>
        <td colspan="1" rowspan="1" class="indent2" width="20%">Evidence</td>
        <td colspan="1" rowspan="1" width="80%"/>
      </tr>
      <tr>
        <td colspan="1" rowspan="1" class="indent2" width="20%">Other Info</td>
        <td colspan="1" rowspan="1" width="80%"/>
      </tr>
      <tr>
        <td colspan="1" rowspan="1" class="indent1" width="20%">URL</td>
        <td colspan="1" rowspan="1" width="80%">
          <a shape="rect" href="https://www.fairplay.com.bo/api/dataentities/CF/search?_fields=id,imageFlag,idCollection,active,percentage,shippingFree&amp;_where=idCollection=341%20OR%20idCollection=425">https://www.fairplay.com.bo/api/dataentities/CF/search?_fields=id,imageFlag,idCollection,active,percentage,shippingFree&amp;_where=idCollection=341%20OR%20idCollection=425</a>
        </td>
      </tr>
      <tr>
        <td colspan="1" rowspan="1" class="indent2" width="20%">Method</td>
        <td colspan="1" rowspan="1" width="80%">GET</td>
      </tr>
      <tr>
        <td colspan="1" rowspan="1" class="indent2" width="20%">Parameter</td>
        <td colspan="1" rowspan="1" width="80%"/>
      </tr>
      <tr>
        <td colspan="1" rowspan="1" class="indent2" width="20%">Attack</td>
        <td colspan="1" rowspan="1" width="80%"/>
      </tr>
      <tr>
        <td colspan="1" rowspan="1" class="indent2" width="20%">Evidence</td>
        <td colspan="1" rowspan="1" width="80%"/>
      </tr>
      <tr>
        <td colspan="1" rowspan="1" class="indent2" width="20%">Other Info</td>
        <td colspan="1" rowspan="1" width="80%"/>
      </tr>
      <tr>
        <td colspan="1" rowspan="1" class="indent1" width="20%">URL</td>
        <td colspan="1" rowspan="1" width="80%">
          <a shape="rect" href="https://www.fairplay.com.bo/api/dataentities/CF/search?_fields=id,imageFlag,idCollection,active,percentage,shippingFree&amp;_where=idCollection=362">https://www.fairplay.com.bo/api/dataentities/CF/search?_fields=id,imageFlag,idCollection,active,percentage,shippingFree&amp;_where=idCollection=362</a>
        </td>
      </tr>
      <tr>
        <td colspan="1" rowspan="1" class="indent2" width="20%">Method</td>
        <td colspan="1" rowspan="1" width="80%">GET</td>
      </tr>
      <tr>
        <td colspan="1" rowspan="1" class="indent2" width="20%">Parameter</td>
        <td colspan="1" rowspan="1" width="80%"/>
      </tr>
      <tr>
        <td colspan="1" rowspan="1" class="indent2" width="20%">Attack</td>
        <td colspan="1" rowspan="1" width="80%"/>
      </tr>
      <tr>
        <td colspan="1" rowspan="1" class="indent2" width="20%">Evidence</td>
        <td colspan="1" rowspan="1" width="80%"/>
      </tr>
      <tr>
        <td colspan="1" rowspan="1" class="indent2" width="20%">Other Info</td>
        <td colspan="1" rowspan="1" width="80%"/>
      </tr>
      <tr>
        <td colspan="1" rowspan="1" class="indent1" width="20%">URL</td>
        <td colspan="1" rowspan="1" width="80%">
          <a shape="rect" href="https://www.fairplay.com.bo/api/dataentities/CF/search?_fields=id,imageFlag,idCollection,active,percentage,shippingFree&amp;_where=idCollection=392">https://www.fairplay.com.bo/api/dataentities/CF/search?_fields=id,imageFlag,idCollection,active,percentage,shippingFree&amp;_where=idCollection=392</a>
        </td>
      </tr>
      <tr>
        <td colspan="1" rowspan="1" class="indent2" width="20%">Method</td>
        <td colspan="1" rowspan="1" width="80%">GET</td>
      </tr>
      <tr>
        <td colspan="1" rowspan="1" class="indent2" width="20%">Parameter</td>
        <td colspan="1" rowspan="1" width="80%"/>
      </tr>
      <tr>
        <td colspan="1" rowspan="1" class="indent2" width="20%">Attack</td>
        <td colspan="1" rowspan="1" width="80%"/>
      </tr>
      <tr>
        <td colspan="1" rowspan="1" class="indent2" width="20%">Evidence</td>
        <td colspan="1" rowspan="1" width="80%"/>
      </tr>
      <tr>
        <td colspan="1" rowspan="1" class="indent2" width="20%">Other Info</td>
        <td colspan="1" rowspan="1" width="80%"/>
      </tr>
      <tr>
        <td colspan="1" rowspan="1" class="indent1" width="20%">URL</td>
        <td colspan="1" rowspan="1" width="80%">
          <a shape="rect" href="https://www.fairplay.com.bo/api/dataentities/CF/search?_fields=id,imageFlag,idCollection,active,percentage,shippingFree&amp;_where=idCollection=425">https://www.fairplay.com.bo/api/dataentities/CF/search?_fields=id,imageFlag,idCollection,active,percentage,shippingFree&amp;_where=idCollection=425</a>
        </td>
      </tr>
      <tr>
        <td colspan="1" rowspan="1" class="indent2" width="20%">Method</td>
        <td colspan="1" rowspan="1" width="80%">GET</td>
      </tr>
      <tr>
        <td colspan="1" rowspan="1" class="indent2" width="20%">Parameter</td>
        <td colspan="1" rowspan="1" width="80%"/>
      </tr>
      <tr>
        <td colspan="1" rowspan="1" class="indent2" width="20%">Attack</td>
        <td colspan="1" rowspan="1" width="80%"/>
      </tr>
      <tr>
        <td colspan="1" rowspan="1" class="indent2" width="20%">Evidence</td>
        <td colspan="1" rowspan="1" width="80%"/>
      </tr>
      <tr>
        <td colspan="1" rowspan="1" class="indent2" width="20%">Other Info</td>
        <td colspan="1" rowspan="1" width="80%"/>
      </tr>
      <tr>
        <td colspan="1" rowspan="1" class="indent1" width="20%">URL</td>
        <td colspan="1" rowspan="1" width="80%">
          <a shape="rect" href="https://www.fairplay.com.bo/api/sessions?items=public.shippingOption">https://www.fairplay.com.bo/api/sessions?items=public.shippingOption</a>
        </td>
      </tr>
      <tr>
        <td colspan="1" rowspan="1" class="indent2" width="20%">Method</td>
        <td colspan="1" rowspan="1" width="80%">GET</td>
      </tr>
      <tr>
        <td colspan="1" rowspan="1" class="indent2" width="20%">Parameter</td>
        <td colspan="1" rowspan="1" width="80%"/>
      </tr>
      <tr>
        <td colspan="1" rowspan="1" class="indent2" width="20%">Attack</td>
        <td colspan="1" rowspan="1" width="80%"/>
      </tr>
      <tr>
        <td colspan="1" rowspan="1" class="indent2" width="20%">Evidence</td>
        <td colspan="1" rowspan="1" width="80%"/>
      </tr>
      <tr>
        <td colspan="1" rowspan="1" class="indent2" width="20%">Other Info</td>
        <td colspan="1" rowspan="1" width="80%"/>
      </tr>
      <tr>
        <td colspan="1" rowspan="1" class="indent1" width="20%">URL</td>
        <td colspan="1" rowspan="1" width="80%">
          <a shape="rect" href="https://www.fairplay.com.bo/register.js?&amp;scope=">https://www.fairplay.com.bo/register.js?&amp;scope=</a>
        </td>
      </tr>
      <tr>
        <td colspan="1" rowspan="1" class="indent2" width="20%">Method</td>
        <td colspan="1" rowspan="1" width="80%">GET</td>
      </tr>
      <tr>
        <td colspan="1" rowspan="1" class="indent2" width="20%">Parameter</td>
        <td colspan="1" rowspan="1" width="80%"/>
      </tr>
      <tr>
        <td colspan="1" rowspan="1" class="indent2" width="20%">Attack</td>
        <td colspan="1" rowspan="1" width="80%"/>
      </tr>
      <tr>
        <td colspan="1" rowspan="1" class="indent2" width="20%">Evidence</td>
        <td colspan="1" rowspan="1" width="80%"/>
      </tr>
      <tr>
        <td colspan="1" rowspan="1" class="indent2" width="20%">Other Info</td>
        <td colspan="1" rowspan="1" width="80%"/>
      </tr>
      <tr>
        <td colspan="1" rowspan="1" class="indent1" width="20%">URL</td>
        <td colspan="1" rowspan="1" width="80%">
          <a shape="rect" href="https://www.fairplay.com.bo/serviceWorkerMerged.js">https://www.fairplay.com.bo/serviceWorkerMerged.js</a>
        </td>
      </tr>
      <tr>
        <td colspan="1" rowspan="1" class="indent2" width="20%">Method</td>
        <td colspan="1" rowspan="1" width="80%">GET</td>
      </tr>
      <tr>
        <td colspan="1" rowspan="1" class="indent2" width="20%">Parameter</td>
        <td colspan="1" rowspan="1" width="80%"/>
      </tr>
      <tr>
        <td colspan="1" rowspan="1" class="indent2" width="20%">Attack</td>
        <td colspan="1" rowspan="1" width="80%"/>
      </tr>
      <tr>
        <td colspan="1" rowspan="1" class="indent2" width="20%">Evidence</td>
        <td colspan="1" rowspan="1" width="80%"/>
      </tr>
      <tr>
        <td colspan="1" rowspan="1" class="indent2" width="20%">Other Info</td>
        <td colspan="1" rowspan="1" width="80%"/>
      </tr>
      <tr>
        <td colspan="1" rowspan="1" class="indent1" width="20%">URL</td>
        <td colspan="1" rowspan="1" width="80%">
          <a shape="rect" href="https://optimizationguide-pa.googleapis.com/v1:GetModels?key=AIzaSyBOti4mM-6x9WDnZIjIeyEU21OpBXqWBgw">https://optimizationguide-pa.googleapis.com/v1:GetModels?key=AIzaSyBOti4mM-6x9WDnZIjIeyEU21OpBXqWBgw</a>
        </td>
      </tr>
      <tr>
        <td colspan="1" rowspan="1" class="indent2" width="20%">Method</td>
        <td colspan="1" rowspan="1" width="80%">POST</td>
      </tr>
      <tr>
        <td colspan="1" rowspan="1" class="indent2" width="20%">Parameter</td>
        <td colspan="1" rowspan="1" width="80%"/>
      </tr>
      <tr>
        <td colspan="1" rowspan="1" class="indent2" width="20%">Attack</td>
        <td colspan="1" rowspan="1" width="80%"/>
      </tr>
      <tr>
        <td colspan="1" rowspan="1" class="indent2" width="20%">Evidence</td>
        <td colspan="1" rowspan="1" width="80%"/>
      </tr>
      <tr>
        <td colspan="1" rowspan="1" class="indent2" width="20%">Other Info</td>
        <td colspan="1" rowspan="1" width="80%"/>
      </tr>
      <tr>
        <td colspan="1" rowspan="1" class="indent1" width="20%">URL</td>
        <td colspan="1" rowspan="1" width="80%">
          <a shape="rect" href="https://update.googleapis.com/service/update2/json">https://update.googleapis.com/service/update2/json</a>
        </td>
      </tr>
      <tr>
        <td colspan="1" rowspan="1" class="indent2" width="20%">Method</td>
        <td colspan="1" rowspan="1" width="80%">POST</td>
      </tr>
      <tr>
        <td colspan="1" rowspan="1" class="indent2" width="20%">Parameter</td>
        <td colspan="1" rowspan="1" width="80%"/>
      </tr>
      <tr>
        <td colspan="1" rowspan="1" class="indent2" width="20%">Attack</td>
        <td colspan="1" rowspan="1" width="80%"/>
      </tr>
      <tr>
        <td colspan="1" rowspan="1" class="indent2" width="20%">Evidence</td>
        <td colspan="1" rowspan="1" width="80%"/>
      </tr>
      <tr>
        <td colspan="1" rowspan="1" class="indent2" width="20%">Other Info</td>
        <td colspan="1" rowspan="1" width="80%"/>
      </tr>
      <tr>
        <td colspan="1" rowspan="1" class="indent1" width="20%">URL</td>
        <td colspan="1" rowspan="1" width="80%">
          <a shape="rect" href="https://update.googleapis.com/service/update2/json?cup2key=13:-26DNK2lZjvNiq4HI2mdl7ZdY-rTqPEQXTUfioDaXR0&amp;cup2hreq=6aa0e9f2640843a214144939c00b5895b853248444d847e3bcf53238bbd4eebc">https://update.googleapis.com/service/update2/json?cup2key=13:-26DNK2lZjvNiq4HI2mdl7ZdY-rTqPEQXTUfioDaXR0&amp;cup2hreq=6aa0e9f2640843a214144939c00b5895b853248444d847e3bcf53238bbd4eebc</a>
        </td>
      </tr>
      <tr>
        <td colspan="1" rowspan="1" class="indent2" width="20%">Method</td>
        <td colspan="1" rowspan="1" width="80%">POST</td>
      </tr>
      <tr>
        <td colspan="1" rowspan="1" class="indent2" width="20%">Parameter</td>
        <td colspan="1" rowspan="1" width="80%"/>
      </tr>
      <tr>
        <td colspan="1" rowspan="1" class="indent2" width="20%">Attack</td>
        <td colspan="1" rowspan="1" width="80%"/>
      </tr>
      <tr>
        <td colspan="1" rowspan="1" class="indent2" width="20%">Evidence</td>
        <td colspan="1" rowspan="1" width="80%"/>
      </tr>
      <tr>
        <td colspan="1" rowspan="1" class="indent2" width="20%">Other Info</td>
        <td colspan="1" rowspan="1" width="80%"/>
      </tr>
      <tr>
        <td colspan="1" rowspan="1" class="indent1" width="20%">URL</td>
        <td colspan="1" rowspan="1" width="80%">
          <a shape="rect" href="https://www.fairplay.com.bo/_v/facebook-capi/event">https://www.fairplay.com.bo/_v/facebook-capi/event</a>
        </td>
      </tr>
      <tr>
        <td colspan="1" rowspan="1" class="indent2" width="20%">Method</td>
        <td colspan="1" rowspan="1" width="80%">POST</td>
      </tr>
      <tr>
        <td colspan="1" rowspan="1" class="indent2" width="20%">Parameter</td>
        <td colspan="1" rowspan="1" width="80%"/>
      </tr>
      <tr>
        <td colspan="1" rowspan="1" class="indent2" width="20%">Attack</td>
        <td colspan="1" rowspan="1" width="80%"/>
      </tr>
      <tr>
        <td colspan="1" rowspan="1" class="indent2" width="20%">Evidence</td>
        <td colspan="1" rowspan="1" width="80%"/>
      </tr>
      <tr>
        <td colspan="1" rowspan="1" class="indent2" width="20%">Other Info</td>
        <td colspan="1" rowspan="1" width="80%"/>
      </tr>
      <tr>
        <td colspan="1" rowspan="1" class="indent1" width="20%">URL</td>
        <td colspan="1" rowspan="1" width="80%">
          <a shape="rect" href="https://www.fairplay.com.bo/_v/private/graphql/v1?workspace=master&amp;maxAge=long&amp;appsEtag=remove&amp;domain=store&amp;locale=es-BO">https://www.fairplay.com.bo/_v/private/graphql/v1?workspace=master&amp;maxAge=long&amp;appsEtag=remove&amp;domain=store&amp;locale=es-BO</a>
        </td>
      </tr>
      <tr>
        <td colspan="1" rowspan="1" class="indent2" width="20%">Method</td>
        <td colspan="1" rowspan="1" width="80%">POST</td>
      </tr>
      <tr>
        <td colspan="1" rowspan="1" class="indent2" width="20%">Parameter</td>
        <td colspan="1" rowspan="1" width="80%"/>
      </tr>
      <tr>
        <td colspan="1" rowspan="1" class="indent2" width="20%">Attack</td>
        <td colspan="1" rowspan="1" width="80%"/>
      </tr>
      <tr>
        <td colspan="1" rowspan="1" class="indent2" width="20%">Evidence</td>
        <td colspan="1" rowspan="1" width="80%"/>
      </tr>
      <tr>
        <td colspan="1" rowspan="1" class="indent2" width="20%">Other Info</td>
        <td colspan="1" rowspan="1" width="80%"/>
      </tr>
      <tr>
        <td colspan="1" rowspan="1" class="indent1" width="20%">URL</td>
        <td colspan="1" rowspan="1" width="80%">
          <a shape="rect" href="https://www.fairplay.com.bo/_v/private/graphql/v1?workspace=master&amp;maxAge=zero&amp;appsEtag=remove&amp;domain=store&amp;locale=es-BO">https://www.fairplay.com.bo/_v/private/graphql/v1?workspace=master&amp;maxAge=zero&amp;appsEtag=remove&amp;domain=store&amp;locale=es-BO</a>
        </td>
      </tr>
      <tr>
        <td colspan="1" rowspan="1" class="indent2" width="20%">Method</td>
        <td colspan="1" rowspan="1" width="80%">POST</td>
      </tr>
      <tr>
        <td colspan="1" rowspan="1" class="indent2" width="20%">Parameter</td>
        <td colspan="1" rowspan="1" width="80%"/>
      </tr>
      <tr>
        <td colspan="1" rowspan="1" class="indent2" width="20%">Attack</td>
        <td colspan="1" rowspan="1" width="80%"/>
      </tr>
      <tr>
        <td colspan="1" rowspan="1" class="indent2" width="20%">Evidence</td>
        <td colspan="1" rowspan="1" width="80%"/>
      </tr>
      <tr>
        <td colspan="1" rowspan="1" class="indent2" width="20%">Other Info</td>
        <td colspan="1" rowspan="1" width="80%"/>
      </tr>
      <tr>
        <td colspan="1" rowspan="1" class="indent1" width="20%">URL</td>
        <td colspan="1" rowspan="1" width="80%">
          <a shape="rect" href="https://www.fairplay.com.bo/api/sessions?items=account.id,account.accountName,store.channel,store.countryCode,store.cultureInfo,store.currencyCode,store.currencySymbol,store.admin_cultureInfo,creditControl.creditAccounts,creditControl.deadlines,creditControl.minimumInstallmentValue,authentication.storeUserId,authentication.storeUserEmail,profile.firstName,profile.document,profile.email,profile.id,profile.isAuthenticated,profile.lastName,profile.phone,public.favoritePickup,public.utm_source,public.utm_medium,public.utm_campaign,public.utmi_cp,public.utmi_p,public.utmi_pc">https://www.fairplay.com.bo/api/sessions?items=account.id,account.accountName,store.channel,store.countryCode,store.cultureInfo,store.currencyCode,store.currencySymbol,store.admin_cultureInfo,creditControl.creditAccounts,creditControl.deadlines,creditControl.minimumInstallmentValue,authentication.storeUserId,authentication.storeUserEmail,profile.firstName,profile.document,profile.email,profile.id,profile.isAuthenticated,profile.lastName,profile.phone,public.favoritePickup,public.utm_source,public.utm_medium,public.utm_campaign,public.utmi_cp,public.utmi_p,public.utmi_pc</a>
        </td>
      </tr>
      <tr>
        <td colspan="1" rowspan="1" class="indent2" width="20%">Method</td>
        <td colspan="1" rowspan="1" width="80%">POST</td>
      </tr>
      <tr>
        <td colspan="1" rowspan="1" class="indent2" width="20%">Parameter</td>
        <td colspan="1" rowspan="1" width="80%"/>
      </tr>
      <tr>
        <td colspan="1" rowspan="1" class="indent2" width="20%">Attack</td>
        <td colspan="1" rowspan="1" width="80%"/>
      </tr>
      <tr>
        <td colspan="1" rowspan="1" class="indent2" width="20%">Evidence</td>
        <td colspan="1" rowspan="1" width="80%"/>
      </tr>
      <tr>
        <td colspan="1" rowspan="1" class="indent2" width="20%">Other Info</td>
        <td colspan="1" rowspan="1" width="80%"/>
      </tr>
      <tr>
        <td colspan="1" rowspan="1" class="indent1" width="20%">URL</td>
        <td colspan="1" rowspan="1" width="80%">
          <a shape="rect" href="https://www.google-analytics.com/g/collect?v=2&amp;tid=G-SFH0QC082B&amp;gtm=45je41a0v894649522z8897862487&amp;_p=1705278762501&amp;gcd=11l1l1l1l1&amp;dma=0&amp;cid=577993348.1705278796&amp;ul=en-us&amp;sr=1536x864&amp;ir=1&amp;uaa=x86&amp;uab=64&amp;uafvl=Google%2520Chrome%3B119.0.6045.159%7CChromium%3B119.0.6045.159%7CNot%253FA_Brand%3B24.0.0.0&amp;uamb=0&amp;uam=&amp;uap=Linux&amp;uapv=6.5.0&amp;uaw=0&amp;_eu=EA&amp;_s=1&amp;sid=1705278796&amp;sct=1&amp;seg=0&amp;dl=https%3A%2F%2Fwww.fairplay.com.bo%2F&amp;dt=FairPlay%20Bolivia%20%7C%20Zapatillas%2C%20Indumentaria%20y%20Accesorios&amp;en=page_view&amp;_fv=1&amp;_nsi=1&amp;_ss=1&amp;tfd=54528">https://www.google-analytics.com/g/collect?v=2&amp;tid=G-SFH0QC082B&amp;gtm=45je41a0v894649522z8897862487&amp;_p=1705278762501&amp;gcd=11l1l1l1l1&amp;dma=0&amp;cid=577993348.1705278796&amp;ul=en-us&amp;sr=1536x864&amp;ir=1&amp;uaa=x86&amp;uab=64&amp;uafvl=Google%2520Chrome%3B119.0.6045.159%7CChromium%3B119.0.6045.159%7CNot%253FA_Brand%3B24.0.0.0&amp;uamb=0&amp;uam=&amp;uap=Linux&amp;uapv=6.5.0&amp;uaw=0&amp;_eu=EA&amp;_s=1&amp;sid=1705278796&amp;sct=1&amp;seg=0&amp;dl=https%3A%2F%2Fwww.fairplay.com.bo%2F&amp;dt=FairPlay%20Bolivia%20%7C%20Zapatillas%2C%20Indumentaria%20y%20Accesorios&amp;en=page_view&amp;_fv=1&amp;_nsi=1&amp;_ss=1&amp;tfd=54528</a>
        </td>
      </tr>
      <tr>
        <td colspan="1" rowspan="1" class="indent2" width="20%">Method</td>
        <td colspan="1" rowspan="1" width="80%">POST</td>
      </tr>
      <tr>
        <td colspan="1" rowspan="1" class="indent2" width="20%">Parameter</td>
        <td colspan="1" rowspan="1" width="80%"/>
      </tr>
      <tr>
        <td colspan="1" rowspan="1" class="indent2" width="20%">Attack</td>
        <td colspan="1" rowspan="1" width="80%"/>
      </tr>
      <tr>
        <td colspan="1" rowspan="1" class="indent2" width="20%">Evidence</td>
        <td colspan="1" rowspan="1" width="80%"/>
      </tr>
      <tr>
        <td colspan="1" rowspan="1" class="indent2" width="20%">Other Info</td>
        <td colspan="1" rowspan="1" width="80%"/>
      </tr>
      <tr>
        <td colspan="1" rowspan="1" class="indent1" width="20%">URL</td>
        <td colspan="1" rowspan="1" width="80%">
          <a shape="rect" href="https://www.google-analytics.com/j/collect?v=1&amp;_v=j101&amp;a=58373992&amp;t=pageview&amp;_s=1&amp;dl=https%3A%2F%2Fwww.fairplay.com.bo%2F&amp;dr=&amp;dp=%2F&amp;ul=en-us&amp;de=UTF-8&amp;dt=FairPlay%20Bolivia%20%7C%20Zapatillas%2C%20Indumentaria%20y%20Accesorios&amp;sd=24-bit&amp;sr=1536x864&amp;vp=1522x714&amp;je=0&amp;_u=YADAAEABAAAAACgBI~&amp;jid=406268834&amp;gjid=1938022609&amp;cid=577993348.1705278796&amp;tid=UA-167778901-1&amp;_gid=1158350946.1705278802&amp;_r=1&amp;_slc=1&amp;gtm=45He41a0n8153TNVMFv897862487&amp;gcd=11l1l1l1l1&amp;dma=0&amp;z=141112468">https://www.google-analytics.com/j/collect?v=1&amp;_v=j101&amp;a=58373992&amp;t=pageview&amp;_s=1&amp;dl=https%3A%2F%2Fwww.fairplay.com.bo%2F&amp;dr=&amp;dp=%2F&amp;ul=en-us&amp;de=UTF-8&amp;dt=FairPlay%20Bolivia%20%7C%20Zapatillas%2C%20Indumentaria%20y%20Accesorios&amp;sd=24-bit&amp;sr=1536x864&amp;vp=1522x714&amp;je=0&amp;_u=YADAAEABAAAAACgBI~&amp;jid=406268834&amp;gjid=1938022609&amp;cid=577993348.1705278796&amp;tid=UA-167778901-1&amp;_gid=1158350946.1705278802&amp;_r=1&amp;_slc=1&amp;gtm=45He41a0n8153TNVMFv897862487&amp;gcd=11l1l1l1l1&amp;dma=0&amp;z=141112468</a>
        </td>
      </tr>
      <tr>
        <td colspan="1" rowspan="1" class="indent2" width="20%">Method</td>
        <td colspan="1" rowspan="1" width="80%">POST</td>
      </tr>
      <tr>
        <td colspan="1" rowspan="1" class="indent2" width="20%">Parameter</td>
        <td colspan="1" rowspan="1" width="80%"/>
      </tr>
      <tr>
        <td colspan="1" rowspan="1" class="indent2" width="20%">Attack</td>
        <td colspan="1" rowspan="1" width="80%"/>
      </tr>
      <tr>
        <td colspan="1" rowspan="1" class="indent2" width="20%">Evidence</td>
        <td colspan="1" rowspan="1" width="80%"/>
      </tr>
      <tr>
        <td colspan="1" rowspan="1" class="indent2" width="20%">Other Info</td>
        <td colspan="1" rowspan="1" width="80%"/>
      </tr>
      <tr>
        <td colspan="1" rowspan="1" width="20%">Instances</td>
        <td colspan="1" rowspan="1" width="80%">164</td>
      </tr>
      <tr>
        <td colspan="1" rowspan="1" width="20%">Solution</td>
        <td colspan="1" rowspan="1" width="80%">
          <div>Ensure that your web server, application server, load balancer, etc. is configured to enforce Strict-Transport-Security.</div>
        </td>
      </tr>
      <tr>
        <td colspan="1" rowspan="1" width="20%">Reference</td>
        <td colspan="1" rowspan="1" width="80%">
          <a shape="rect" href="https://cheatsheetseries.owasp.org/cheatsheets/HTTP_Strict_Transport_Security_Cheat_Sheet.html">https://cheatsheetseries.owasp.org/cheatsheets/HTTP_Strict_Transport_Security_Cheat_Sheet.html</a>
          <br clear="none"/>
          <a shape="rect" href="https://owasp.org/www-community/Security_Headers">https://owasp.org/www-community/Security_Headers</a>
          <br clear="none"/>
          <a shape="rect" href="http://en.wikipedia.org/wiki/HTTP_Strict_Transport_Security">http://en.wikipedia.org/wiki/HTTP_Strict_Transport_Security</a>
          <br clear="none"/>
          <a shape="rect" href="http://caniuse.com/stricttransportsecurity">http://caniuse.com/stricttransportsecurity</a>
          <br clear="none"/>
          <a shape="rect" href="http://tools.ietf.org/html/rfc6797">http://tools.ietf.org/html/rfc6797</a>
        </td>
      </tr>
      <tr>
        <td colspan="1" rowspan="1" width="20%">CWE Id</td>
        <td colspan="1" rowspan="1" width="80%">
          <a shape="rect" href="https://cwe.mitre.org/data/definitions/319.html">319</a>
        </td>
      </tr>
      <tr>
        <td colspan="1" rowspan="1" width="20%">WASC Id</td>
        <td colspan="1" rowspan="1" width="80%">15</td>
      </tr>
      <tr>
        <td colspan="1" rowspan="1" width="20%">Plugin Id</td>
        <td colspan="1" rowspan="1" width="80%">
          <a shape="rect" href="https://www.zaproxy.org/docs/alerts/10035/">10035</a>
        </td>
      </tr>
    </table>
    <div class="spacer"/>
    <table class="results">
      <tr height="24">
        <th colspan="1" rowspan="1" class="risk-1" width="20%">
          <a shape="rect" id="10096"/>
          <div>Low</div>
        </th>
        <th colspan="1" rowspan="1" class="risk-1">Timestamp Disclosure - Unix</th>
      </tr>
      <tr>
        <td colspan="1" rowspan="1" width="20%">Description</td>
        <td colspan="1" rowspan="1" width="80%">
          <div>A timestamp was disclosed by the application/web server - Unix</div>
        </td>
      </tr>
      <tr valign="top">
        <td colspan="2" rowspan="1"/>
      </tr>
      <tr>
        <td colspan="1" rowspan="1" class="indent1" width="20%">URL</td>
        <td colspan="1" rowspan="1" width="80%">
          <a shape="rect" href="https://connect.facebook.net/en_US/fbevents.js">https://connect.facebook.net/en_US/fbevents.js</a>
        </td>
      </tr>
      <tr>
        <td colspan="1" rowspan="1" class="indent2" width="20%">Method</td>
        <td colspan="1" rowspan="1" width="80%">GET</td>
      </tr>
      <tr>
        <td colspan="1" rowspan="1" class="indent2" width="20%">Parameter</td>
        <td colspan="1" rowspan="1" width="80%"/>
      </tr>
      <tr>
        <td colspan="1" rowspan="1" class="indent2" width="20%">Attack</td>
        <td colspan="1" rowspan="1" width="80%"/>
      </tr>
      <tr>
        <td colspan="1" rowspan="1" class="indent2" width="20%">Evidence</td>
        <td colspan="1" rowspan="1" width="80%">1396182291</td>
      </tr>
      <tr>
        <td colspan="1" rowspan="1" class="indent2" width="20%">Other Info</td>
        <td colspan="1" rowspan="1" width="80%">1396182291, which evaluates to: 2014-03-30 08:24:51</td>
      </tr>
      <tr>
        <td colspan="1" rowspan="1" class="indent1" width="20%">URL</td>
        <td colspan="1" rowspan="1" width="80%">
          <a shape="rect" href="https://connect.facebook.net/en_US/fbevents.js">https://connect.facebook.net/en_US/fbevents.js</a>
        </td>
      </tr>
      <tr>
        <td colspan="1" rowspan="1" class="indent2" width="20%">Method</td>
        <td colspan="1" rowspan="1" width="80%">GET</td>
      </tr>
      <tr>
        <td colspan="1" rowspan="1" class="indent2" width="20%">Parameter</td>
        <td colspan="1" rowspan="1" width="80%"/>
      </tr>
      <tr>
        <td colspan="1" rowspan="1" class="indent2" width="20%">Attack</td>
        <td colspan="1" rowspan="1" width="80%"/>
      </tr>
      <tr>
        <td colspan="1" rowspan="1" class="indent2" width="20%">Evidence</td>
        <td colspan="1" rowspan="1" width="80%">1426881987</td>
      </tr>
      <tr>
        <td colspan="1" rowspan="1" class="indent2" width="20%">Other Info</td>
        <td colspan="1" rowspan="1" width="80%">1426881987, which evaluates to: 2015-03-20 16:06:27</td>
      </tr>
      <tr>
        <td colspan="1" rowspan="1" class="indent1" width="20%">URL</td>
        <td colspan="1" rowspan="1" width="80%">
          <a shape="rect" href="https://connect.facebook.net/en_US/fbevents.js">https://connect.facebook.net/en_US/fbevents.js</a>
        </td>
      </tr>
      <tr>
        <td colspan="1" rowspan="1" class="indent2" width="20%">Method</td>
        <td colspan="1" rowspan="1" width="80%">GET</td>
      </tr>
      <tr>
        <td colspan="1" rowspan="1" class="indent2" width="20%">Parameter</td>
        <td colspan="1" rowspan="1" width="80%"/>
      </tr>
      <tr>
        <td colspan="1" rowspan="1" class="indent2" width="20%">Attack</td>
        <td colspan="1" rowspan="1" width="80%"/>
      </tr>
      <tr>
        <td colspan="1" rowspan="1" class="indent2" width="20%">Evidence</td>
        <td colspan="1" rowspan="1" width="80%">1508970993</td>
      </tr>
      <tr>
        <td colspan="1" rowspan="1" class="indent2" width="20%">Other Info</td>
        <td colspan="1" rowspan="1" width="80%">1508970993, which evaluates to: 2017-10-25 18:36:33</td>
      </tr>
      <tr>
        <td colspan="1" rowspan="1" class="indent1" width="20%">URL</td>
        <td colspan="1" rowspan="1" width="80%">
          <a shape="rect" href="https://connect.facebook.net/en_US/fbevents.js">https://connect.facebook.net/en_US/fbevents.js</a>
        </td>
      </tr>
      <tr>
        <td colspan="1" rowspan="1" class="indent2" width="20%">Method</td>
        <td colspan="1" rowspan="1" width="80%">GET</td>
      </tr>
      <tr>
        <td colspan="1" rowspan="1" class="indent2" width="20%">Parameter</td>
        <td colspan="1" rowspan="1" width="80%"/>
      </tr>
      <tr>
        <td colspan="1" rowspan="1" class="indent2" width="20%">Attack</td>
        <td colspan="1" rowspan="1" width="80%"/>
      </tr>
      <tr>
        <td colspan="1" rowspan="1" class="indent2" width="20%">Evidence</td>
        <td colspan="1" rowspan="1" width="80%">1537002063</td>
      </tr>
      <tr>
        <td colspan="1" rowspan="1" class="indent2" width="20%">Other Info</td>
        <td colspan="1" rowspan="1" width="80%">1537002063, which evaluates to: 2018-09-15 05:01:03</td>
      </tr>
      <tr>
        <td colspan="1" rowspan="1" class="indent1" width="20%">URL</td>
        <td colspan="1" rowspan="1" width="80%">
          <a shape="rect" href="https://connect.facebook.net/en_US/fbevents.js">https://connect.facebook.net/en_US/fbevents.js</a>
        </td>
      </tr>
      <tr>
        <td colspan="1" rowspan="1" class="indent2" width="20%">Method</td>
        <td colspan="1" rowspan="1" width="80%">GET</td>
      </tr>
      <tr>
        <td colspan="1" rowspan="1" class="indent2" width="20%">Parameter</td>
        <td colspan="1" rowspan="1" width="80%"/>
      </tr>
      <tr>
        <td colspan="1" rowspan="1" class="indent2" width="20%">Attack</td>
        <td colspan="1" rowspan="1" width="80%"/>
      </tr>
      <tr>
        <td colspan="1" rowspan="1" class="indent2" width="20%">Evidence</td>
        <td colspan="1" rowspan="1" width="80%">1541459225</td>
      </tr>
      <tr>
        <td colspan="1" rowspan="1" class="indent2" width="20%">Other Info</td>
        <td colspan="1" rowspan="1" width="80%">1541459225, which evaluates to: 2018-11-05 19:07:05</td>
      </tr>
      <tr>
        <td colspan="1" rowspan="1" class="indent1" width="20%">URL</td>
        <td colspan="1" rowspan="1" width="80%">
          <a shape="rect" href="https://connect.facebook.net/en_US/fbevents.js">https://connect.facebook.net/en_US/fbevents.js</a>
        </td>
      </tr>
      <tr>
        <td colspan="1" rowspan="1" class="indent2" width="20%">Method</td>
        <td colspan="1" rowspan="1" width="80%">GET</td>
      </tr>
      <tr>
        <td colspan="1" rowspan="1" class="indent2" width="20%">Parameter</td>
        <td colspan="1" rowspan="1" width="80%"/>
      </tr>
      <tr>
        <td colspan="1" rowspan="1" class="indent2" width="20%">Attack</td>
        <td colspan="1" rowspan="1" width="80%"/>
      </tr>
      <tr>
        <td colspan="1" rowspan="1" class="indent2" width="20%">Evidence</td>
        <td colspan="1" rowspan="1" width="80%">1555081692</td>
      </tr>
      <tr>
        <td colspan="1" rowspan="1" class="indent2" width="20%">Other Info</td>
        <td colspan="1" rowspan="1" width="80%">1555081692, which evaluates to: 2019-04-12 11:08:12</td>
      </tr>
      <tr>
        <td colspan="1" rowspan="1" class="indent1" width="20%">URL</td>
        <td colspan="1" rowspan="1" width="80%">
          <a shape="rect" href="https://connect.facebook.net/en_US/fbevents.js">https://connect.facebook.net/en_US/fbevents.js</a>
        </td>
      </tr>
      <tr>
        <td colspan="1" rowspan="1" class="indent2" width="20%">Method</td>
        <td colspan="1" rowspan="1" width="80%">GET</td>
      </tr>
      <tr>
        <td colspan="1" rowspan="1" class="indent2" width="20%">Parameter</td>
        <td colspan="1" rowspan="1" width="80%"/>
      </tr>
      <tr>
        <td colspan="1" rowspan="1" class="indent2" width="20%">Attack</td>
        <td colspan="1" rowspan="1" width="80%"/>
      </tr>
      <tr>
        <td colspan="1" rowspan="1" class="indent2" width="20%">Evidence</td>
        <td colspan="1" rowspan="1" width="80%">1695183700</td>
      </tr>
      <tr>
        <td colspan="1" rowspan="1" class="indent2" width="20%">Other Info</td>
        <td colspan="1" rowspan="1" width="80%">1695183700, which evaluates to: 2023-09-20 00:21:40</td>
      </tr>
      <tr>
        <td colspan="1" rowspan="1" class="indent1" width="20%">URL</td>
        <td colspan="1" rowspan="1" width="80%">
          <a shape="rect" href="https://connect.facebook.net/en_US/fbevents.js">https://connect.facebook.net/en_US/fbevents.js</a>
        </td>
      </tr>
      <tr>
        <td colspan="1" rowspan="1" class="indent2" width="20%">Method</td>
        <td colspan="1" rowspan="1" width="80%">GET</td>
      </tr>
      <tr>
        <td colspan="1" rowspan="1" class="indent2" width="20%">Parameter</td>
        <td colspan="1" rowspan="1" width="80%"/>
      </tr>
      <tr>
        <td colspan="1" rowspan="1" class="indent2" width="20%">Attack</td>
        <td colspan="1" rowspan="1" width="80%"/>
      </tr>
      <tr>
        <td colspan="1" rowspan="1" class="indent2" width="20%">Evidence</td>
        <td colspan="1" rowspan="1" width="80%">1747873779</td>
      </tr>
      <tr>
        <td colspan="1" rowspan="1" class="indent2" width="20%">Other Info</td>
        <td colspan="1" rowspan="1" width="80%">1747873779, which evaluates to: 2025-05-21 20:29:39</td>
      </tr>
      <tr>
        <td colspan="1" rowspan="1" class="indent1" width="20%">URL</td>
        <td colspan="1" rowspan="1" width="80%">
          <a shape="rect" href="https://connect.facebook.net/en_US/fbevents.js">https://connect.facebook.net/en_US/fbevents.js</a>
        </td>
      </tr>
      <tr>
        <td colspan="1" rowspan="1" class="indent2" width="20%">Method</td>
        <td colspan="1" rowspan="1" width="80%">GET</td>
      </tr>
      <tr>
        <td colspan="1" rowspan="1" class="indent2" width="20%">Parameter</td>
        <td colspan="1" rowspan="1" width="80%"/>
      </tr>
      <tr>
        <td colspan="1" rowspan="1" class="indent2" width="20%">Attack</td>
        <td colspan="1" rowspan="1" width="80%"/>
      </tr>
      <tr>
        <td colspan="1" rowspan="1" class="indent2" width="20%">Evidence</td>
        <td colspan="1" rowspan="1" width="80%">1779033703</td>
      </tr>
      <tr>
        <td colspan="1" rowspan="1" class="indent2" width="20%">Other Info</td>
        <td colspan="1" rowspan="1" width="80%">1779033703, which evaluates to: 2026-05-17 12:01:43</td>
      </tr>
      <tr>
        <td colspan="1" rowspan="1" class="indent1" width="20%">URL</td>
        <td colspan="1" rowspan="1" width="80%">
          <a shape="rect" href="https://connect.facebook.net/en_US/fbevents.js">https://connect.facebook.net/en_US/fbevents.js</a>
        </td>
      </tr>
      <tr>
        <td colspan="1" rowspan="1" class="indent2" width="20%">Method</td>
        <td colspan="1" rowspan="1" width="80%">GET</td>
      </tr>
      <tr>
        <td colspan="1" rowspan="1" class="indent2" width="20%">Parameter</td>
        <td colspan="1" rowspan="1" width="80%"/>
      </tr>
      <tr>
        <td colspan="1" rowspan="1" class="indent2" width="20%">Attack</td>
        <td colspan="1" rowspan="1" width="80%"/>
      </tr>
      <tr>
        <td colspan="1" rowspan="1" class="indent2" width="20%">Evidence</td>
        <td colspan="1" rowspan="1" width="80%">1899447441</td>
      </tr>
      <tr>
        <td colspan="1" rowspan="1" class="indent2" width="20%">Other Info</td>
        <td colspan="1" rowspan="1" width="80%">1899447441, which evaluates to: 2030-03-11 04:17:21</td>
      </tr>
      <tr>
        <td colspan="1" rowspan="1" class="indent1" width="20%">URL</td>
        <td colspan="1" rowspan="1" width="80%">
          <a shape="rect" href="https://connect.facebook.net/en_US/fbevents.js">https://connect.facebook.net/en_US/fbevents.js</a>
        </td>
      </tr>
      <tr>
        <td colspan="1" rowspan="1" class="indent2" width="20%">Method</td>
        <td colspan="1" rowspan="1" width="80%">GET</td>
      </tr>
      <tr>
        <td colspan="1" rowspan="1" class="indent2" width="20%">Parameter</td>
        <td colspan="1" rowspan="1" width="80%"/>
      </tr>
      <tr>
        <td colspan="1" rowspan="1" class="indent2" width="20%">Attack</td>
        <td colspan="1" rowspan="1" width="80%"/>
      </tr>
      <tr>
        <td colspan="1" rowspan="1" class="indent2" width="20%">Evidence</td>
        <td colspan="1" rowspan="1" width="80%">1925078388</td>
      </tr>
      <tr>
        <td colspan="1" rowspan="1" class="indent2" width="20%">Other Info</td>
        <td colspan="1" rowspan="1" width="80%">1925078388, which evaluates to: 2031-01-01 19:59:48</td>
      </tr>
      <tr>
        <td colspan="1" rowspan="1" class="indent1" width="20%">URL</td>
        <td colspan="1" rowspan="1" width="80%">
          <a shape="rect" href="https://connect.facebook.net/en_US/fbevents.js">https://connect.facebook.net/en_US/fbevents.js</a>
        </td>
      </tr>
      <tr>
        <td colspan="1" rowspan="1" class="indent2" width="20%">Method</td>
        <td colspan="1" rowspan="1" width="80%">GET</td>
      </tr>
      <tr>
        <td colspan="1" rowspan="1" class="indent2" width="20%">Parameter</td>
        <td colspan="1" rowspan="1" width="80%"/>
      </tr>
      <tr>
        <td colspan="1" rowspan="1" class="indent2" width="20%">Attack</td>
        <td colspan="1" rowspan="1" width="80%"/>
      </tr>
      <tr>
        <td colspan="1" rowspan="1" class="indent2" width="20%">Evidence</td>
        <td colspan="1" rowspan="1" width="80%">1955562222</td>
      </tr>
      <tr>
        <td colspan="1" rowspan="1" class="indent2" width="20%">Other Info</td>
        <td colspan="1" rowspan="1" width="80%">1955562222, which evaluates to: 2031-12-20 15:43:42</td>
      </tr>
      <tr>
        <td colspan="1" rowspan="1" class="indent1" width="20%">URL</td>
        <td colspan="1" rowspan="1" width="80%">
          <a shape="rect" href="https://connect.facebook.net/en_US/fbevents.js">https://connect.facebook.net/en_US/fbevents.js</a>
        </td>
      </tr>
      <tr>
        <td colspan="1" rowspan="1" class="indent2" width="20%">Method</td>
        <td colspan="1" rowspan="1" width="80%">GET</td>
      </tr>
      <tr>
        <td colspan="1" rowspan="1" class="indent2" width="20%">Parameter</td>
        <td colspan="1" rowspan="1" width="80%"/>
      </tr>
      <tr>
        <td colspan="1" rowspan="1" class="indent2" width="20%">Attack</td>
        <td colspan="1" rowspan="1" width="80%"/>
      </tr>
      <tr>
        <td colspan="1" rowspan="1" class="indent2" width="20%">Evidence</td>
        <td colspan="1" rowspan="1" width="80%">1986661051</td>
      </tr>
      <tr>
        <td colspan="1" rowspan="1" class="indent2" width="20%">Other Info</td>
        <td colspan="1" rowspan="1" width="80%">1986661051, which evaluates to: 2032-12-14 14:17:31</td>
      </tr>
      <tr>
        <td colspan="1" rowspan="1" class="indent1" width="20%">URL</td>
        <td colspan="1" rowspan="1" width="80%">
          <a shape="rect" href="https://connect.facebook.net/en_US/fbevents.js">https://connect.facebook.net/en_US/fbevents.js</a>
        </td>
      </tr>
      <tr>
        <td colspan="1" rowspan="1" class="indent2" width="20%">Method</td>
        <td colspan="1" rowspan="1" width="80%">GET</td>
      </tr>
      <tr>
        <td colspan="1" rowspan="1" class="indent2" width="20%">Parameter</td>
        <td colspan="1" rowspan="1" width="80%"/>
      </tr>
      <tr>
        <td colspan="1" rowspan="1" class="indent2" width="20%">Attack</td>
        <td colspan="1" rowspan="1" width="80%"/>
      </tr>
      <tr>
        <td colspan="1" rowspan="1" class="indent2" width="20%">Evidence</td>
        <td colspan="1" rowspan="1" width="80%">1996064986</td>
      </tr>
      <tr>
        <td colspan="1" rowspan="1" class="indent2" width="20%">Other Info</td>
        <td colspan="1" rowspan="1" width="80%">1996064986, which evaluates to: 2033-04-02 10:29:46</td>
      </tr>
      <tr>
        <td colspan="1" rowspan="1" class="indent1" width="20%">URL</td>
        <td colspan="1" rowspan="1" width="80%">
          <a shape="rect" href="https://connect.facebook.net/signals/config/3203784069700052?v=2.9.140&amp;r=stable&amp;domain=www.fairplay.com.bo">https://connect.facebook.net/signals/config/3203784069700052?v=2.9.140&amp;r=stable&amp;domain=www.fairplay.com.bo</a>
        </td>
      </tr>
      <tr>
        <td colspan="1" rowspan="1" class="indent2" width="20%">Method</td>
        <td colspan="1" rowspan="1" width="80%">GET</td>
      </tr>
      <tr>
        <td colspan="1" rowspan="1" class="indent2" width="20%">Parameter</td>
        <td colspan="1" rowspan="1" width="80%"/>
      </tr>
      <tr>
        <td colspan="1" rowspan="1" class="indent2" width="20%">Attack</td>
        <td colspan="1" rowspan="1" width="80%"/>
      </tr>
      <tr>
        <td colspan="1" rowspan="1" class="indent2" width="20%">Evidence</td>
        <td colspan="1" rowspan="1" width="80%">1396182291</td>
      </tr>
      <tr>
        <td colspan="1" rowspan="1" class="indent2" width="20%">Other Info</td>
        <td colspan="1" rowspan="1" width="80%">1396182291, which evaluates to: 2014-03-30 08:24:51</td>
      </tr>
      <tr>
        <td colspan="1" rowspan="1" class="indent1" width="20%">URL</td>
        <td colspan="1" rowspan="1" width="80%">
          <a shape="rect" href="https://connect.facebook.net/signals/config/3203784069700052?v=2.9.140&amp;r=stable&amp;domain=www.fairplay.com.bo">https://connect.facebook.net/signals/config/3203784069700052?v=2.9.140&amp;r=stable&amp;domain=www.fairplay.com.bo</a>
        </td>
      </tr>
      <tr>
        <td colspan="1" rowspan="1" class="indent2" width="20%">Method</td>
        <td colspan="1" rowspan="1" width="80%">GET</td>
      </tr>
      <tr>
        <td colspan="1" rowspan="1" class="indent2" width="20%">Parameter</td>
        <td colspan="1" rowspan="1" width="80%"/>
      </tr>
      <tr>
        <td colspan="1" rowspan="1" class="indent2" width="20%">Attack</td>
        <td colspan="1" rowspan="1" width="80%"/>
      </tr>
      <tr>
        <td colspan="1" rowspan="1" class="indent2" width="20%">Evidence</td>
        <td colspan="1" rowspan="1" width="80%">1426881987</td>
      </tr>
      <tr>
        <td colspan="1" rowspan="1" class="indent2" width="20%">Other Info</td>
        <td colspan="1" rowspan="1" width="80%">1426881987, which evaluates to: 2015-03-20 16:06:27</td>
      </tr>
      <tr>
        <td colspan="1" rowspan="1" class="indent1" width="20%">URL</td>
        <td colspan="1" rowspan="1" width="80%">
          <a shape="rect" href="https://connect.facebook.net/signals/config/3203784069700052?v=2.9.140&amp;r=stable&amp;domain=www.fairplay.com.bo">https://connect.facebook.net/signals/config/3203784069700052?v=2.9.140&amp;r=stable&amp;domain=www.fairplay.com.bo</a>
        </td>
      </tr>
      <tr>
        <td colspan="1" rowspan="1" class="indent2" width="20%">Method</td>
        <td colspan="1" rowspan="1" width="80%">GET</td>
      </tr>
      <tr>
        <td colspan="1" rowspan="1" class="indent2" width="20%">Parameter</td>
        <td colspan="1" rowspan="1" width="80%"/>
      </tr>
      <tr>
        <td colspan="1" rowspan="1" class="indent2" width="20%">Attack</td>
        <td colspan="1" rowspan="1" width="80%"/>
      </tr>
      <tr>
        <td colspan="1" rowspan="1" class="indent2" width="20%">Evidence</td>
        <td colspan="1" rowspan="1" width="80%">1508970993</td>
      </tr>
      <tr>
        <td colspan="1" rowspan="1" class="indent2" width="20%">Other Info</td>
        <td colspan="1" rowspan="1" width="80%">1508970993, which evaluates to: 2017-10-25 18:36:33</td>
      </tr>
      <tr>
        <td colspan="1" rowspan="1" class="indent1" width="20%">URL</td>
        <td colspan="1" rowspan="1" width="80%">
          <a shape="rect" href="https://connect.facebook.net/signals/config/3203784069700052?v=2.9.140&amp;r=stable&amp;domain=www.fairplay.com.bo">https://connect.facebook.net/signals/config/3203784069700052?v=2.9.140&amp;r=stable&amp;domain=www.fairplay.com.bo</a>
        </td>
      </tr>
      <tr>
        <td colspan="1" rowspan="1" class="indent2" width="20%">Method</td>
        <td colspan="1" rowspan="1" width="80%">GET</td>
      </tr>
      <tr>
        <td colspan="1" rowspan="1" class="indent2" width="20%">Parameter</td>
        <td colspan="1" rowspan="1" width="80%"/>
      </tr>
      <tr>
        <td colspan="1" rowspan="1" class="indent2" width="20%">Attack</td>
        <td colspan="1" rowspan="1" width="80%"/>
      </tr>
      <tr>
        <td colspan="1" rowspan="1" class="indent2" width="20%">Evidence</td>
        <td colspan="1" rowspan="1" width="80%">1537002063</td>
      </tr>
      <tr>
        <td colspan="1" rowspan="1" class="indent2" width="20%">Other Info</td>
        <td colspan="1" rowspan="1" width="80%">1537002063, which evaluates to: 2018-09-15 05:01:03</td>
      </tr>
      <tr>
        <td colspan="1" rowspan="1" class="indent1" width="20%">URL</td>
        <td colspan="1" rowspan="1" width="80%">
          <a shape="rect" href="https://connect.facebook.net/signals/config/3203784069700052?v=2.9.140&amp;r=stable&amp;domain=www.fairplay.com.bo">https://connect.facebook.net/signals/config/3203784069700052?v=2.9.140&amp;r=stable&amp;domain=www.fairplay.com.bo</a>
        </td>
      </tr>
      <tr>
        <td colspan="1" rowspan="1" class="indent2" width="20%">Method</td>
        <td colspan="1" rowspan="1" width="80%">GET</td>
      </tr>
      <tr>
        <td colspan="1" rowspan="1" class="indent2" width="20%">Parameter</td>
        <td colspan="1" rowspan="1" width="80%"/>
      </tr>
      <tr>
        <td colspan="1" rowspan="1" class="indent2" width="20%">Attack</td>
        <td colspan="1" rowspan="1" width="80%"/>
      </tr>
      <tr>
        <td colspan="1" rowspan="1" class="indent2" width="20%">Evidence</td>
        <td colspan="1" rowspan="1" width="80%">1541459225</td>
      </tr>
      <tr>
        <td colspan="1" rowspan="1" class="indent2" width="20%">Other Info</td>
        <td colspan="1" rowspan="1" width="80%">1541459225, which evaluates to: 2018-11-05 19:07:05</td>
      </tr>
      <tr>
        <td colspan="1" rowspan="1" class="indent1" width="20%">URL</td>
        <td colspan="1" rowspan="1" width="80%">
          <a shape="rect" href="https://connect.facebook.net/signals/config/3203784069700052?v=2.9.140&amp;r=stable&amp;domain=www.fairplay.com.bo">https://connect.facebook.net/signals/config/3203784069700052?v=2.9.140&amp;r=stable&amp;domain=www.fairplay.com.bo</a>
        </td>
      </tr>
      <tr>
        <td colspan="1" rowspan="1" class="indent2" width="20%">Method</td>
        <td colspan="1" rowspan="1" width="80%">GET</td>
      </tr>
      <tr>
        <td colspan="1" rowspan="1" class="indent2" width="20%">Parameter</td>
        <td colspan="1" rowspan="1" width="80%"/>
      </tr>
      <tr>
        <td colspan="1" rowspan="1" class="indent2" width="20%">Attack</td>
        <td colspan="1" rowspan="1" width="80%"/>
      </tr>
      <tr>
        <td colspan="1" rowspan="1" class="indent2" width="20%">Evidence</td>
        <td colspan="1" rowspan="1" width="80%">1555081692</td>
      </tr>
      <tr>
        <td colspan="1" rowspan="1" class="indent2" width="20%">Other Info</td>
        <td colspan="1" rowspan="1" width="80%">1555081692, which evaluates to: 2019-04-12 11:08:12</td>
      </tr>
      <tr>
        <td colspan="1" rowspan="1" class="indent1" width="20%">URL</td>
        <td colspan="1" rowspan="1" width="80%">
          <a shape="rect" href="https://connect.facebook.net/signals/config/3203784069700052?v=2.9.140&amp;r=stable&amp;domain=www.fairplay.com.bo">https://connect.facebook.net/signals/config/3203784069700052?v=2.9.140&amp;r=stable&amp;domain=www.fairplay.com.bo</a>
        </td>
      </tr>
      <tr>
        <td colspan="1" rowspan="1" class="indent2" width="20%">Method</td>
        <td colspan="1" rowspan="1" width="80%">GET</td>
      </tr>
      <tr>
        <td colspan="1" rowspan="1" class="indent2" width="20%">Parameter</td>
        <td colspan="1" rowspan="1" width="80%"/>
      </tr>
      <tr>
        <td colspan="1" rowspan="1" class="indent2" width="20%">Attack</td>
        <td colspan="1" rowspan="1" width="80%"/>
      </tr>
      <tr>
        <td colspan="1" rowspan="1" class="indent2" width="20%">Evidence</td>
        <td colspan="1" rowspan="1" width="80%">1695183700</td>
      </tr>
      <tr>
        <td colspan="1" rowspan="1" class="indent2" width="20%">Other Info</td>
        <td colspan="1" rowspan="1" width="80%">1695183700, which evaluates to: 2023-09-20 00:21:40</td>
      </tr>
      <tr>
        <td colspan="1" rowspan="1" class="indent1" width="20%">URL</td>
        <td colspan="1" rowspan="1" width="80%">
          <a shape="rect" href="https://connect.facebook.net/signals/config/3203784069700052?v=2.9.140&amp;r=stable&amp;domain=www.fairplay.com.bo">https://connect.facebook.net/signals/config/3203784069700052?v=2.9.140&amp;r=stable&amp;domain=www.fairplay.com.bo</a>
        </td>
      </tr>
      <tr>
        <td colspan="1" rowspan="1" class="indent2" width="20%">Method</td>
        <td colspan="1" rowspan="1" width="80%">GET</td>
      </tr>
      <tr>
        <td colspan="1" rowspan="1" class="indent2" width="20%">Parameter</td>
        <td colspan="1" rowspan="1" width="80%"/>
      </tr>
      <tr>
        <td colspan="1" rowspan="1" class="indent2" width="20%">Attack</td>
        <td colspan="1" rowspan="1" width="80%"/>
      </tr>
      <tr>
        <td colspan="1" rowspan="1" class="indent2" width="20%">Evidence</td>
        <td colspan="1" rowspan="1" width="80%">1747873779</td>
      </tr>
      <tr>
        <td colspan="1" rowspan="1" class="indent2" width="20%">Other Info</td>
        <td colspan="1" rowspan="1" width="80%">1747873779, which evaluates to: 2025-05-21 20:29:39</td>
      </tr>
      <tr>
        <td colspan="1" rowspan="1" class="indent1" width="20%">URL</td>
        <td colspan="1" rowspan="1" width="80%">
          <a shape="rect" href="https://connect.facebook.net/signals/config/3203784069700052?v=2.9.140&amp;r=stable&amp;domain=www.fairplay.com.bo">https://connect.facebook.net/signals/config/3203784069700052?v=2.9.140&amp;r=stable&amp;domain=www.fairplay.com.bo</a>
        </td>
      </tr>
      <tr>
        <td colspan="1" rowspan="1" class="indent2" width="20%">Method</td>
        <td colspan="1" rowspan="1" width="80%">GET</td>
      </tr>
      <tr>
        <td colspan="1" rowspan="1" class="indent2" width="20%">Parameter</td>
        <td colspan="1" rowspan="1" width="80%"/>
      </tr>
      <tr>
        <td colspan="1" rowspan="1" class="indent2" width="20%">Attack</td>
        <td colspan="1" rowspan="1" width="80%"/>
      </tr>
      <tr>
        <td colspan="1" rowspan="1" class="indent2" width="20%">Evidence</td>
        <td colspan="1" rowspan="1" width="80%">1779033703</td>
      </tr>
      <tr>
        <td colspan="1" rowspan="1" class="indent2" width="20%">Other Info</td>
        <td colspan="1" rowspan="1" width="80%">1779033703, which evaluates to: 2026-05-17 12:01:43</td>
      </tr>
      <tr>
        <td colspan="1" rowspan="1" class="indent1" width="20%">URL</td>
        <td colspan="1" rowspan="1" width="80%">
          <a shape="rect" href="https://connect.facebook.net/signals/config/3203784069700052?v=2.9.140&amp;r=stable&amp;domain=www.fairplay.com.bo">https://connect.facebook.net/signals/config/3203784069700052?v=2.9.140&amp;r=stable&amp;domain=www.fairplay.com.bo</a>
        </td>
      </tr>
      <tr>
        <td colspan="1" rowspan="1" class="indent2" width="20%">Method</td>
        <td colspan="1" rowspan="1" width="80%">GET</td>
      </tr>
      <tr>
        <td colspan="1" rowspan="1" class="indent2" width="20%">Parameter</td>
        <td colspan="1" rowspan="1" width="80%"/>
      </tr>
      <tr>
        <td colspan="1" rowspan="1" class="indent2" width="20%">Attack</td>
        <td colspan="1" rowspan="1" width="80%"/>
      </tr>
      <tr>
        <td colspan="1" rowspan="1" class="indent2" width="20%">Evidence</td>
        <td colspan="1" rowspan="1" width="80%">1899447441</td>
      </tr>
      <tr>
        <td colspan="1" rowspan="1" class="indent2" width="20%">Other Info</td>
        <td colspan="1" rowspan="1" width="80%">1899447441, which evaluates to: 2030-03-11 04:17:21</td>
      </tr>
      <tr>
        <td colspan="1" rowspan="1" class="indent1" width="20%">URL</td>
        <td colspan="1" rowspan="1" width="80%">
          <a shape="rect" href="https://connect.facebook.net/signals/config/3203784069700052?v=2.9.140&amp;r=stable&amp;domain=www.fairplay.com.bo">https://connect.facebook.net/signals/config/3203784069700052?v=2.9.140&amp;r=stable&amp;domain=www.fairplay.com.bo</a>
        </td>
      </tr>
      <tr>
        <td colspan="1" rowspan="1" class="indent2" width="20%">Method</td>
        <td colspan="1" rowspan="1" width="80%">GET</td>
      </tr>
      <tr>
        <td colspan="1" rowspan="1" class="indent2" width="20%">Parameter</td>
        <td colspan="1" rowspan="1" width="80%"/>
      </tr>
      <tr>
        <td colspan="1" rowspan="1" class="indent2" width="20%">Attack</td>
        <td colspan="1" rowspan="1" width="80%"/>
      </tr>
      <tr>
        <td colspan="1" rowspan="1" class="indent2" width="20%">Evidence</td>
        <td colspan="1" rowspan="1" width="80%">1925078388</td>
      </tr>
      <tr>
        <td colspan="1" rowspan="1" class="indent2" width="20%">Other Info</td>
        <td colspan="1" rowspan="1" width="80%">1925078388, which evaluates to: 2031-01-01 19:59:48</td>
      </tr>
      <tr>
        <td colspan="1" rowspan="1" class="indent1" width="20%">URL</td>
        <td colspan="1" rowspan="1" width="80%">
          <a shape="rect" href="https://connect.facebook.net/signals/config/3203784069700052?v=2.9.140&amp;r=stable&amp;domain=www.fairplay.com.bo">https://connect.facebook.net/signals/config/3203784069700052?v=2.9.140&amp;r=stable&amp;domain=www.fairplay.com.bo</a>
        </td>
      </tr>
      <tr>
        <td colspan="1" rowspan="1" class="indent2" width="20%">Method</td>
        <td colspan="1" rowspan="1" width="80%">GET</td>
      </tr>
      <tr>
        <td colspan="1" rowspan="1" class="indent2" width="20%">Parameter</td>
        <td colspan="1" rowspan="1" width="80%"/>
      </tr>
      <tr>
        <td colspan="1" rowspan="1" class="indent2" width="20%">Attack</td>
        <td colspan="1" rowspan="1" width="80%"/>
      </tr>
      <tr>
        <td colspan="1" rowspan="1" class="indent2" width="20%">Evidence</td>
        <td colspan="1" rowspan="1" width="80%">1955562222</td>
      </tr>
      <tr>
        <td colspan="1" rowspan="1" class="indent2" width="20%">Other Info</td>
        <td colspan="1" rowspan="1" width="80%">1955562222, which evaluates to: 2031-12-20 15:43:42</td>
      </tr>
      <tr>
        <td colspan="1" rowspan="1" class="indent1" width="20%">URL</td>
        <td colspan="1" rowspan="1" width="80%">
          <a shape="rect" href="https://connect.facebook.net/signals/config/3203784069700052?v=2.9.140&amp;r=stable&amp;domain=www.fairplay.com.bo">https://connect.facebook.net/signals/config/3203784069700052?v=2.9.140&amp;r=stable&amp;domain=www.fairplay.com.bo</a>
        </td>
      </tr>
      <tr>
        <td colspan="1" rowspan="1" class="indent2" width="20%">Method</td>
        <td colspan="1" rowspan="1" width="80%">GET</td>
      </tr>
      <tr>
        <td colspan="1" rowspan="1" class="indent2" width="20%">Parameter</td>
        <td colspan="1" rowspan="1" width="80%"/>
      </tr>
      <tr>
        <td colspan="1" rowspan="1" class="indent2" width="20%">Attack</td>
        <td colspan="1" rowspan="1" width="80%"/>
      </tr>
      <tr>
        <td colspan="1" rowspan="1" class="indent2" width="20%">Evidence</td>
        <td colspan="1" rowspan="1" width="80%">1986661051</td>
      </tr>
      <tr>
        <td colspan="1" rowspan="1" class="indent2" width="20%">Other Info</td>
        <td colspan="1" rowspan="1" width="80%">1986661051, which evaluates to: 2032-12-14 14:17:31</td>
      </tr>
      <tr>
        <td colspan="1" rowspan="1" class="indent1" width="20%">URL</td>
        <td colspan="1" rowspan="1" width="80%">
          <a shape="rect" href="https://connect.facebook.net/signals/config/3203784069700052?v=2.9.140&amp;r=stable&amp;domain=www.fairplay.com.bo">https://connect.facebook.net/signals/config/3203784069700052?v=2.9.140&amp;r=stable&amp;domain=www.fairplay.com.bo</a>
        </td>
      </tr>
      <tr>
        <td colspan="1" rowspan="1" class="indent2" width="20%">Method</td>
        <td colspan="1" rowspan="1" width="80%">GET</td>
      </tr>
      <tr>
        <td colspan="1" rowspan="1" class="indent2" width="20%">Parameter</td>
        <td colspan="1" rowspan="1" width="80%"/>
      </tr>
      <tr>
        <td colspan="1" rowspan="1" class="indent2" width="20%">Attack</td>
        <td colspan="1" rowspan="1" width="80%"/>
      </tr>
      <tr>
        <td colspan="1" rowspan="1" class="indent2" width="20%">Evidence</td>
        <td colspan="1" rowspan="1" width="80%">1996064986</td>
      </tr>
      <tr>
        <td colspan="1" rowspan="1" class="indent2" width="20%">Other Info</td>
        <td colspan="1" rowspan="1" width="80%">1996064986, which evaluates to: 2033-04-02 10:29:46</td>
      </tr>
      <tr>
        <td colspan="1" rowspan="1" class="indent1" width="20%">URL</td>
        <td colspan="1" rowspan="1" width="80%">
          <a shape="rect" href="https://fairplaybo.vtexassets.com/_v/public/assets/v1/published/bundle/public/react/asset.min.js?v=1&amp;files=vtex.react-vtexid@4.55.0,common,AuthServiceLazy,AuthStateLazy,getAbsReturnUrl,1,0,useLogInWithAccessKey,useLogInWithPassword,useLogOut,useRedirectAfterLogin,useSendAccessKey,useSetPassword,useStartLoginAttempt,validations&amp;files=vtex.responsive-values@0.4.2,common,useResponsiveValues,useResponsiveValue&amp;files=vtex.responsive-layout@0.1.4,common,ResponsiveLayoutDesktop&amp;files=vtex.store-icons@0.18.0,common,IconSearch&amp;workspace=master">https://fairplaybo.vtexassets.com/_v/public/assets/v1/published/bundle/public/react/asset.min.js?v=1&amp;files=vtex.react-vtexid@4.55.0,common,AuthServiceLazy,AuthStateLazy,getAbsReturnUrl,1,0,useLogInWithAccessKey,useLogInWithPassword,useLogOut,useRedirectAfterLogin,useSendAccessKey,useSetPassword,useStartLoginAttempt,validations&amp;files=vtex.responsive-values@0.4.2,common,useResponsiveValues,useResponsiveValue&amp;files=vtex.responsive-layout@0.1.4,common,ResponsiveLayoutDesktop&amp;files=vtex.store-icons@0.18.0,common,IconSearch&amp;workspace=master</a>
        </td>
      </tr>
      <tr>
        <td colspan="1" rowspan="1" class="indent2" width="20%">Method</td>
        <td colspan="1" rowspan="1" width="80%">GET</td>
      </tr>
      <tr>
        <td colspan="1" rowspan="1" class="indent2" width="20%">Parameter</td>
        <td colspan="1" rowspan="1" width="80%"/>
      </tr>
      <tr>
        <td colspan="1" rowspan="1" class="indent2" width="20%">Attack</td>
        <td colspan="1" rowspan="1" width="80%"/>
      </tr>
      <tr>
        <td colspan="1" rowspan="1" class="indent2" width="20%">Evidence</td>
        <td colspan="1" rowspan="1" width="80%">1390208809</td>
      </tr>
      <tr>
        <td colspan="1" rowspan="1" class="indent2" width="20%">Other Info</td>
        <td colspan="1" rowspan="1" width="80%">1390208809, which evaluates to: 2014-01-20 05:06:49</td>
      </tr>
      <tr>
        <td colspan="1" rowspan="1" class="indent1" width="20%">URL</td>
        <td colspan="1" rowspan="1" width="80%">
          <a shape="rect" href="https://fairplaybo.vtexassets.com/_v/public/assets/v1/published/vtex.render-runtime@8.134.2/public/react/common.min.js?workspace=master">https://fairplaybo.vtexassets.com/_v/public/assets/v1/published/vtex.render-runtime@8.134.2/public/react/common.min.js?workspace=master</a>
        </td>
      </tr>
      <tr>
        <td colspan="1" rowspan="1" class="indent2" width="20%">Method</td>
        <td colspan="1" rowspan="1" width="80%">GET</td>
      </tr>
      <tr>
        <td colspan="1" rowspan="1" class="indent2" width="20%">Parameter</td>
        <td colspan="1" rowspan="1" width="80%"/>
      </tr>
      <tr>
        <td colspan="1" rowspan="1" class="indent2" width="20%">Attack</td>
        <td colspan="1" rowspan="1" width="80%"/>
      </tr>
      <tr>
        <td colspan="1" rowspan="1" class="indent2" width="20%">Evidence</td>
        <td colspan="1" rowspan="1" width="80%">1396182291</td>
      </tr>
      <tr>
        <td colspan="1" rowspan="1" class="indent2" width="20%">Other Info</td>
        <td colspan="1" rowspan="1" width="80%">1396182291, which evaluates to: 2014-03-30 08:24:51</td>
      </tr>
      <tr>
        <td colspan="1" rowspan="1" class="indent1" width="20%">URL</td>
        <td colspan="1" rowspan="1" width="80%">
          <a shape="rect" href="https://fairplaybo.vtexassets.com/_v/public/assets/v1/published/vtex.render-runtime@8.134.2/public/react/common.min.js?workspace=master">https://fairplaybo.vtexassets.com/_v/public/assets/v1/published/vtex.render-runtime@8.134.2/public/react/common.min.js?workspace=master</a>
        </td>
      </tr>
      <tr>
        <td colspan="1" rowspan="1" class="indent2" width="20%">Method</td>
        <td colspan="1" rowspan="1" width="80%">GET</td>
      </tr>
      <tr>
        <td colspan="1" rowspan="1" class="indent2" width="20%">Parameter</td>
        <td colspan="1" rowspan="1" width="80%"/>
      </tr>
      <tr>
        <td colspan="1" rowspan="1" class="indent2" width="20%">Attack</td>
        <td colspan="1" rowspan="1" width="80%"/>
      </tr>
      <tr>
        <td colspan="1" rowspan="1" class="indent2" width="20%">Evidence</td>
        <td colspan="1" rowspan="1" width="80%">1426881987</td>
      </tr>
      <tr>
        <td colspan="1" rowspan="1" class="indent2" width="20%">Other Info</td>
        <td colspan="1" rowspan="1" width="80%">1426881987, which evaluates to: 2015-03-20 16:06:27</td>
      </tr>
      <tr>
        <td colspan="1" rowspan="1" class="indent1" width="20%">URL</td>
        <td colspan="1" rowspan="1" width="80%">
          <a shape="rect" href="https://fairplaybo.vtexassets.com/_v/public/assets/v1/published/vtex.render-runtime@8.134.2/public/react/common.min.js?workspace=master">https://fairplaybo.vtexassets.com/_v/public/assets/v1/published/vtex.render-runtime@8.134.2/public/react/common.min.js?workspace=master</a>
        </td>
      </tr>
      <tr>
        <td colspan="1" rowspan="1" class="indent2" width="20%">Method</td>
        <td colspan="1" rowspan="1" width="80%">GET</td>
      </tr>
      <tr>
        <td colspan="1" rowspan="1" class="indent2" width="20%">Parameter</td>
        <td colspan="1" rowspan="1" width="80%"/>
      </tr>
      <tr>
        <td colspan="1" rowspan="1" class="indent2" width="20%">Attack</td>
        <td colspan="1" rowspan="1" width="80%"/>
      </tr>
      <tr>
        <td colspan="1" rowspan="1" class="indent2" width="20%">Evidence</td>
        <td colspan="1" rowspan="1" width="80%">1508970993</td>
      </tr>
      <tr>
        <td colspan="1" rowspan="1" class="indent2" width="20%">Other Info</td>
        <td colspan="1" rowspan="1" width="80%">1508970993, which evaluates to: 2017-10-25 18:36:33</td>
      </tr>
      <tr>
        <td colspan="1" rowspan="1" class="indent1" width="20%">URL</td>
        <td colspan="1" rowspan="1" width="80%">
          <a shape="rect" href="https://fairplaybo.vtexassets.com/_v/public/assets/v1/published/vtex.render-runtime@8.134.2/public/react/common.min.js?workspace=master">https://fairplaybo.vtexassets.com/_v/public/assets/v1/published/vtex.render-runtime@8.134.2/public/react/common.min.js?workspace=master</a>
        </td>
      </tr>
      <tr>
        <td colspan="1" rowspan="1" class="indent2" width="20%">Method</td>
        <td colspan="1" rowspan="1" width="80%">GET</td>
      </tr>
      <tr>
        <td colspan="1" rowspan="1" class="indent2" width="20%">Parameter</td>
        <td colspan="1" rowspan="1" width="80%"/>
      </tr>
      <tr>
        <td colspan="1" rowspan="1" class="indent2" width="20%">Attack</td>
        <td colspan="1" rowspan="1" width="80%"/>
      </tr>
      <tr>
        <td colspan="1" rowspan="1" class="indent2" width="20%">Evidence</td>
        <td colspan="1" rowspan="1" width="80%">1537002063</td>
      </tr>
      <tr>
        <td colspan="1" rowspan="1" class="indent2" width="20%">Other Info</td>
        <td colspan="1" rowspan="1" width="80%">1537002063, which evaluates to: 2018-09-15 05:01:03</td>
      </tr>
      <tr>
        <td colspan="1" rowspan="1" class="indent1" width="20%">URL</td>
        <td colspan="1" rowspan="1" width="80%">
          <a shape="rect" href="https://fairplaybo.vtexassets.com/_v/public/assets/v1/published/vtex.render-runtime@8.134.2/public/react/common.min.js?workspace=master">https://fairplaybo.vtexassets.com/_v/public/assets/v1/published/vtex.render-runtime@8.134.2/public/react/common.min.js?workspace=master</a>
        </td>
      </tr>
      <tr>
        <td colspan="1" rowspan="1" class="indent2" width="20%">Method</td>
        <td colspan="1" rowspan="1" width="80%">GET</td>
      </tr>
      <tr>
        <td colspan="1" rowspan="1" class="indent2" width="20%">Parameter</td>
        <td colspan="1" rowspan="1" width="80%"/>
      </tr>
      <tr>
        <td colspan="1" rowspan="1" class="indent2" width="20%">Attack</td>
        <td colspan="1" rowspan="1" width="80%"/>
      </tr>
      <tr>
        <td colspan="1" rowspan="1" class="indent2" width="20%">Evidence</td>
        <td colspan="1" rowspan="1" width="80%">1541459225</td>
      </tr>
      <tr>
        <td colspan="1" rowspan="1" class="indent2" width="20%">Other Info</td>
        <td colspan="1" rowspan="1" width="80%">1541459225, which evaluates to: 2018-11-05 19:07:05</td>
      </tr>
      <tr>
        <td colspan="1" rowspan="1" class="indent1" width="20%">URL</td>
        <td colspan="1" rowspan="1" width="80%">
          <a shape="rect" href="https://fairplaybo.vtexassets.com/_v/public/assets/v1/published/vtex.render-runtime@8.134.2/public/react/common.min.js?workspace=master">https://fairplaybo.vtexassets.com/_v/public/assets/v1/published/vtex.render-runtime@8.134.2/public/react/common.min.js?workspace=master</a>
        </td>
      </tr>
      <tr>
        <td colspan="1" rowspan="1" class="indent2" width="20%">Method</td>
        <td colspan="1" rowspan="1" width="80%">GET</td>
      </tr>
      <tr>
        <td colspan="1" rowspan="1" class="indent2" width="20%">Parameter</td>
        <td colspan="1" rowspan="1" width="80%"/>
      </tr>
      <tr>
        <td colspan="1" rowspan="1" class="indent2" width="20%">Attack</td>
        <td colspan="1" rowspan="1" width="80%"/>
      </tr>
      <tr>
        <td colspan="1" rowspan="1" class="indent2" width="20%">Evidence</td>
        <td colspan="1" rowspan="1" width="80%">1555081692</td>
      </tr>
      <tr>
        <td colspan="1" rowspan="1" class="indent2" width="20%">Other Info</td>
        <td colspan="1" rowspan="1" width="80%">1555081692, which evaluates to: 2019-04-12 11:08:12</td>
      </tr>
      <tr>
        <td colspan="1" rowspan="1" class="indent1" width="20%">URL</td>
        <td colspan="1" rowspan="1" width="80%">
          <a shape="rect" href="https://fairplaybo.vtexassets.com/_v/public/assets/v1/published/vtex.render-runtime@8.134.2/public/react/common.min.js?workspace=master">https://fairplaybo.vtexassets.com/_v/public/assets/v1/published/vtex.render-runtime@8.134.2/public/react/common.min.js?workspace=master</a>
        </td>
      </tr>
      <tr>
        <td colspan="1" rowspan="1" class="indent2" width="20%">Method</td>
        <td colspan="1" rowspan="1" width="80%">GET</td>
      </tr>
      <tr>
        <td colspan="1" rowspan="1" class="indent2" width="20%">Parameter</td>
        <td colspan="1" rowspan="1" width="80%"/>
      </tr>
      <tr>
        <td colspan="1" rowspan="1" class="indent2" width="20%">Attack</td>
        <td colspan="1" rowspan="1" width="80%"/>
      </tr>
      <tr>
        <td colspan="1" rowspan="1" class="indent2" width="20%">Evidence</td>
        <td colspan="1" rowspan="1" width="80%">1695183700</td>
      </tr>
      <tr>
        <td colspan="1" rowspan="1" class="indent2" width="20%">Other Info</td>
        <td colspan="1" rowspan="1" width="80%">1695183700, which evaluates to: 2023-09-20 00:21:40</td>
      </tr>
      <tr>
        <td colspan="1" rowspan="1" class="indent1" width="20%">URL</td>
        <td colspan="1" rowspan="1" width="80%">
          <a shape="rect" href="https://fairplaybo.vtexassets.com/_v/public/assets/v1/published/vtex.render-runtime@8.134.2/public/react/common.min.js?workspace=master">https://fairplaybo.vtexassets.com/_v/public/assets/v1/published/vtex.render-runtime@8.134.2/public/react/common.min.js?workspace=master</a>
        </td>
      </tr>
      <tr>
        <td colspan="1" rowspan="1" class="indent2" width="20%">Method</td>
        <td colspan="1" rowspan="1" width="80%">GET</td>
      </tr>
      <tr>
        <td colspan="1" rowspan="1" class="indent2" width="20%">Parameter</td>
        <td colspan="1" rowspan="1" width="80%"/>
      </tr>
      <tr>
        <td colspan="1" rowspan="1" class="indent2" width="20%">Attack</td>
        <td colspan="1" rowspan="1" width="80%"/>
      </tr>
      <tr>
        <td colspan="1" rowspan="1" class="indent2" width="20%">Evidence</td>
        <td colspan="1" rowspan="1" width="80%">1747873779</td>
      </tr>
      <tr>
        <td colspan="1" rowspan="1" class="indent2" width="20%">Other Info</td>
        <td colspan="1" rowspan="1" width="80%">1747873779, which evaluates to: 2025-05-21 20:29:39</td>
      </tr>
      <tr>
        <td colspan="1" rowspan="1" class="indent1" width="20%">URL</td>
        <td colspan="1" rowspan="1" width="80%">
          <a shape="rect" href="https://fairplaybo.vtexassets.com/_v/public/assets/v1/published/vtex.render-runtime@8.134.2/public/react/common.min.js?workspace=master">https://fairplaybo.vtexassets.com/_v/public/assets/v1/published/vtex.render-runtime@8.134.2/public/react/common.min.js?workspace=master</a>
        </td>
      </tr>
      <tr>
        <td colspan="1" rowspan="1" class="indent2" width="20%">Method</td>
        <td colspan="1" rowspan="1" width="80%">GET</td>
      </tr>
      <tr>
        <td colspan="1" rowspan="1" class="indent2" width="20%">Parameter</td>
        <td colspan="1" rowspan="1" width="80%"/>
      </tr>
      <tr>
        <td colspan="1" rowspan="1" class="indent2" width="20%">Attack</td>
        <td colspan="1" rowspan="1" width="80%"/>
      </tr>
      <tr>
        <td colspan="1" rowspan="1" class="indent2" width="20%">Evidence</td>
        <td colspan="1" rowspan="1" width="80%">1779033703</td>
      </tr>
      <tr>
        <td colspan="1" rowspan="1" class="indent2" width="20%">Other Info</td>
        <td colspan="1" rowspan="1" width="80%">1779033703, which evaluates to: 2026-05-17 12:01:43</td>
      </tr>
      <tr>
        <td colspan="1" rowspan="1" class="indent1" width="20%">URL</td>
        <td colspan="1" rowspan="1" width="80%">
          <a shape="rect" href="https://fairplaybo.vtexassets.com/_v/public/assets/v1/published/vtex.render-runtime@8.134.2/public/react/common.min.js?workspace=master">https://fairplaybo.vtexassets.com/_v/public/assets/v1/published/vtex.render-runtime@8.134.2/public/react/common.min.js?workspace=master</a>
        </td>
      </tr>
      <tr>
        <td colspan="1" rowspan="1" class="indent2" width="20%">Method</td>
        <td colspan="1" rowspan="1" width="80%">GET</td>
      </tr>
      <tr>
        <td colspan="1" rowspan="1" class="indent2" width="20%">Parameter</td>
        <td colspan="1" rowspan="1" width="80%"/>
      </tr>
      <tr>
        <td colspan="1" rowspan="1" class="indent2" width="20%">Attack</td>
        <td colspan="1" rowspan="1" width="80%"/>
      </tr>
      <tr>
        <td colspan="1" rowspan="1" class="indent2" width="20%">Evidence</td>
        <td colspan="1" rowspan="1" width="80%">1899447441</td>
      </tr>
      <tr>
        <td colspan="1" rowspan="1" class="indent2" width="20%">Other Info</td>
        <td colspan="1" rowspan="1" width="80%">1899447441, which evaluates to: 2030-03-11 04:17:21</td>
      </tr>
      <tr>
        <td colspan="1" rowspan="1" class="indent1" width="20%">URL</td>
        <td colspan="1" rowspan="1" width="80%">
          <a shape="rect" href="https://fairplaybo.vtexassets.com/_v/public/assets/v1/published/vtex.render-runtime@8.134.2/public/react/common.min.js?workspace=master">https://fairplaybo.vtexassets.com/_v/public/assets/v1/published/vtex.render-runtime@8.134.2/public/react/common.min.js?workspace=master</a>
        </td>
      </tr>
      <tr>
        <td colspan="1" rowspan="1" class="indent2" width="20%">Method</td>
        <td colspan="1" rowspan="1" width="80%">GET</td>
      </tr>
      <tr>
        <td colspan="1" rowspan="1" class="indent2" width="20%">Parameter</td>
        <td colspan="1" rowspan="1" width="80%"/>
      </tr>
      <tr>
        <td colspan="1" rowspan="1" class="indent2" width="20%">Attack</td>
        <td colspan="1" rowspan="1" width="80%"/>
      </tr>
      <tr>
        <td colspan="1" rowspan="1" class="indent2" width="20%">Evidence</td>
        <td colspan="1" rowspan="1" width="80%">1925078388</td>
      </tr>
      <tr>
        <td colspan="1" rowspan="1" class="indent2" width="20%">Other Info</td>
        <td colspan="1" rowspan="1" width="80%">1925078388, which evaluates to: 2031-01-01 19:59:48</td>
      </tr>
      <tr>
        <td colspan="1" rowspan="1" class="indent1" width="20%">URL</td>
        <td colspan="1" rowspan="1" width="80%">
          <a shape="rect" href="https://fairplaybo.vtexassets.com/_v/public/assets/v1/published/vtex.render-runtime@8.134.2/public/react/common.min.js?workspace=master">https://fairplaybo.vtexassets.com/_v/public/assets/v1/published/vtex.render-runtime@8.134.2/public/react/common.min.js?workspace=master</a>
        </td>
      </tr>
      <tr>
        <td colspan="1" rowspan="1" class="indent2" width="20%">Method</td>
        <td colspan="1" rowspan="1" width="80%">GET</td>
      </tr>
      <tr>
        <td colspan="1" rowspan="1" class="indent2" width="20%">Parameter</td>
        <td colspan="1" rowspan="1" width="80%"/>
      </tr>
      <tr>
        <td colspan="1" rowspan="1" class="indent2" width="20%">Attack</td>
        <td colspan="1" rowspan="1" width="80%"/>
      </tr>
      <tr>
        <td colspan="1" rowspan="1" class="indent2" width="20%">Evidence</td>
        <td colspan="1" rowspan="1" width="80%">1955562222</td>
      </tr>
      <tr>
        <td colspan="1" rowspan="1" class="indent2" width="20%">Other Info</td>
        <td colspan="1" rowspan="1" width="80%">1955562222, which evaluates to: 2031-12-20 15:43:42</td>
      </tr>
      <tr>
        <td colspan="1" rowspan="1" class="indent1" width="20%">URL</td>
        <td colspan="1" rowspan="1" width="80%">
          <a shape="rect" href="https://fairplaybo.vtexassets.com/_v/public/assets/v1/published/vtex.render-runtime@8.134.2/public/react/common.min.js?workspace=master">https://fairplaybo.vtexassets.com/_v/public/assets/v1/published/vtex.render-runtime@8.134.2/public/react/common.min.js?workspace=master</a>
        </td>
      </tr>
      <tr>
        <td colspan="1" rowspan="1" class="indent2" width="20%">Method</td>
        <td colspan="1" rowspan="1" width="80%">GET</td>
      </tr>
      <tr>
        <td colspan="1" rowspan="1" class="indent2" width="20%">Parameter</td>
        <td colspan="1" rowspan="1" width="80%"/>
      </tr>
      <tr>
        <td colspan="1" rowspan="1" class="indent2" width="20%">Attack</td>
        <td colspan="1" rowspan="1" width="80%"/>
      </tr>
      <tr>
        <td colspan="1" rowspan="1" class="indent2" width="20%">Evidence</td>
        <td colspan="1" rowspan="1" width="80%">1986661051</td>
      </tr>
      <tr>
        <td colspan="1" rowspan="1" class="indent2" width="20%">Other Info</td>
        <td colspan="1" rowspan="1" width="80%">1986661051, which evaluates to: 2032-12-14 14:17:31</td>
      </tr>
      <tr>
        <td colspan="1" rowspan="1" class="indent1" width="20%">URL</td>
        <td colspan="1" rowspan="1" width="80%">
          <a shape="rect" href="https://fairplaybo.vtexassets.com/_v/public/assets/v1/published/vtex.render-runtime@8.134.2/public/react/common.min.js?workspace=master">https://fairplaybo.vtexassets.com/_v/public/assets/v1/published/vtex.render-runtime@8.134.2/public/react/common.min.js?workspace=master</a>
        </td>
      </tr>
      <tr>
        <td colspan="1" rowspan="1" class="indent2" width="20%">Method</td>
        <td colspan="1" rowspan="1" width="80%">GET</td>
      </tr>
      <tr>
        <td colspan="1" rowspan="1" class="indent2" width="20%">Parameter</td>
        <td colspan="1" rowspan="1" width="80%"/>
      </tr>
      <tr>
        <td colspan="1" rowspan="1" class="indent2" width="20%">Attack</td>
        <td colspan="1" rowspan="1" width="80%"/>
      </tr>
      <tr>
        <td colspan="1" rowspan="1" class="indent2" width="20%">Evidence</td>
        <td colspan="1" rowspan="1" width="80%">1996064986</td>
      </tr>
      <tr>
        <td colspan="1" rowspan="1" class="indent2" width="20%">Other Info</td>
        <td colspan="1" rowspan="1" width="80%">1996064986, which evaluates to: 2033-04-02 10:29:46</td>
      </tr>
      <tr>
        <td colspan="1" rowspan="1" class="indent1" width="20%">URL</td>
        <td colspan="1" rowspan="1" width="80%">
          <a shape="rect" href="https://optimizationguide-pa.googleapis.com/v1:GetModels?key=AIzaSyBOti4mM-6x9WDnZIjIeyEU21OpBXqWBgw">https://optimizationguide-pa.googleapis.com/v1:GetModels?key=AIzaSyBOti4mM-6x9WDnZIjIeyEU21OpBXqWBgw</a>
        </td>
      </tr>
      <tr>
        <td colspan="1" rowspan="1" class="indent2" width="20%">Method</td>
        <td colspan="1" rowspan="1" width="80%">POST</td>
      </tr>
      <tr>
        <td colspan="1" rowspan="1" class="indent2" width="20%">Parameter</td>
        <td colspan="1" rowspan="1" width="80%"/>
      </tr>
      <tr>
        <td colspan="1" rowspan="1" class="indent2" width="20%">Attack</td>
        <td colspan="1" rowspan="1" width="80%"/>
      </tr>
      <tr>
        <td colspan="1" rowspan="1" class="indent2" width="20%">Evidence</td>
        <td colspan="1" rowspan="1" width="80%">1673999601</td>
      </tr>
      <tr>
        <td colspan="1" rowspan="1" class="indent2" width="20%">Other Info</td>
        <td colspan="1" rowspan="1" width="80%">1673999601, which evaluates to: 2023-01-17 19:53:21</td>
      </tr>
      <tr>
        <td colspan="1" rowspan="1" class="indent1" width="20%">URL</td>
        <td colspan="1" rowspan="1" width="80%">
          <a shape="rect" href="https://optimizationguide-pa.googleapis.com/v1:GetModels?key=AIzaSyBOti4mM-6x9WDnZIjIeyEU21OpBXqWBgw">https://optimizationguide-pa.googleapis.com/v1:GetModels?key=AIzaSyBOti4mM-6x9WDnZIjIeyEU21OpBXqWBgw</a>
        </td>
      </tr>
      <tr>
        <td colspan="1" rowspan="1" class="indent2" width="20%">Method</td>
        <td colspan="1" rowspan="1" width="80%">POST</td>
      </tr>
      <tr>
        <td colspan="1" rowspan="1" class="indent2" width="20%">Parameter</td>
        <td colspan="1" rowspan="1" width="80%"/>
      </tr>
      <tr>
        <td colspan="1" rowspan="1" class="indent2" width="20%">Attack</td>
        <td colspan="1" rowspan="1" width="80%"/>
      </tr>
      <tr>
        <td colspan="1" rowspan="1" class="indent2" width="20%">Evidence</td>
        <td colspan="1" rowspan="1" width="80%">1679317318</td>
      </tr>
      <tr>
        <td colspan="1" rowspan="1" class="indent2" width="20%">Other Info</td>
        <td colspan="1" rowspan="1" width="80%">1679317318, which evaluates to: 2023-03-20 09:01:58</td>
      </tr>
      <tr>
        <td colspan="1" rowspan="1" class="indent1" width="20%">URL</td>
        <td colspan="1" rowspan="1" width="80%">
          <a shape="rect" href="https://optimizationguide-pa.googleapis.com/v1:GetModels?key=AIzaSyBOti4mM-6x9WDnZIjIeyEU21OpBXqWBgw">https://optimizationguide-pa.googleapis.com/v1:GetModels?key=AIzaSyBOti4mM-6x9WDnZIjIeyEU21OpBXqWBgw</a>
        </td>
      </tr>
      <tr>
        <td colspan="1" rowspan="1" class="indent2" width="20%">Method</td>
        <td colspan="1" rowspan="1" width="80%">POST</td>
      </tr>
      <tr>
        <td colspan="1" rowspan="1" class="indent2" width="20%">Parameter</td>
        <td colspan="1" rowspan="1" width="80%"/>
      </tr>
      <tr>
        <td colspan="1" rowspan="1" class="indent2" width="20%">Attack</td>
        <td colspan="1" rowspan="1" width="80%"/>
      </tr>
      <tr>
        <td colspan="1" rowspan="1" class="indent2" width="20%">Evidence</td>
        <td colspan="1" rowspan="1" width="80%">1698073325</td>
      </tr>
      <tr>
        <td colspan="1" rowspan="1" class="indent2" width="20%">Other Info</td>
        <td colspan="1" rowspan="1" width="80%">1698073325, which evaluates to: 2023-10-23 11:02:05</td>
      </tr>
      <tr>
        <td colspan="1" rowspan="1" class="indent1" width="20%">URL</td>
        <td colspan="1" rowspan="1" width="80%">
          <a shape="rect" href="https://optimizationguide-pa.googleapis.com/v1:GetModels?key=AIzaSyBOti4mM-6x9WDnZIjIeyEU21OpBXqWBgw">https://optimizationguide-pa.googleapis.com/v1:GetModels?key=AIzaSyBOti4mM-6x9WDnZIjIeyEU21OpBXqWBgw</a>
        </td>
      </tr>
      <tr>
        <td colspan="1" rowspan="1" class="indent2" width="20%">Method</td>
        <td colspan="1" rowspan="1" width="80%">POST</td>
      </tr>
      <tr>
        <td colspan="1" rowspan="1" class="indent2" width="20%">Parameter</td>
        <td colspan="1" rowspan="1" width="80%"/>
      </tr>
      <tr>
        <td colspan="1" rowspan="1" class="indent2" width="20%">Attack</td>
        <td colspan="1" rowspan="1" width="80%"/>
      </tr>
      <tr>
        <td colspan="1" rowspan="1" class="indent2" width="20%">Evidence</td>
        <td colspan="1" rowspan="1" width="80%">1699288392</td>
      </tr>
      <tr>
        <td colspan="1" rowspan="1" class="indent2" width="20%">Other Info</td>
        <td colspan="1" rowspan="1" width="80%">1699288392, which evaluates to: 2023-11-06 12:33:12</td>
      </tr>
      <tr>
        <td colspan="1" rowspan="1" class="indent1" width="20%">URL</td>
        <td colspan="1" rowspan="1" width="80%">
          <a shape="rect" href="https://optimizationguide-pa.googleapis.com/v1:GetModels?key=AIzaSyBOti4mM-6x9WDnZIjIeyEU21OpBXqWBgw">https://optimizationguide-pa.googleapis.com/v1:GetModels?key=AIzaSyBOti4mM-6x9WDnZIjIeyEU21OpBXqWBgw</a>
        </td>
      </tr>
      <tr>
        <td colspan="1" rowspan="1" class="indent2" width="20%">Method</td>
        <td colspan="1" rowspan="1" width="80%">POST</td>
      </tr>
      <tr>
        <td colspan="1" rowspan="1" class="indent2" width="20%">Parameter</td>
        <td colspan="1" rowspan="1" width="80%"/>
      </tr>
      <tr>
        <td colspan="1" rowspan="1" class="indent2" width="20%">Attack</td>
        <td colspan="1" rowspan="1" width="80%"/>
      </tr>
      <tr>
        <td colspan="1" rowspan="1" class="indent2" width="20%">Evidence</td>
        <td colspan="1" rowspan="1" width="80%">1701726567</td>
      </tr>
      <tr>
        <td colspan="1" rowspan="1" class="indent2" width="20%">Other Info</td>
        <td colspan="1" rowspan="1" width="80%">1701726567, which evaluates to: 2023-12-04 17:49:27</td>
      </tr>
      <tr>
        <td colspan="1" rowspan="1" class="indent1" width="20%">URL</td>
        <td colspan="1" rowspan="1" width="80%">
          <a shape="rect" href="https://optimizationguide-pa.googleapis.com/v1:GetModels?key=AIzaSyBOti4mM-6x9WDnZIjIeyEU21OpBXqWBgw">https://optimizationguide-pa.googleapis.com/v1:GetModels?key=AIzaSyBOti4mM-6x9WDnZIjIeyEU21OpBXqWBgw</a>
        </td>
      </tr>
      <tr>
        <td colspan="1" rowspan="1" class="indent2" width="20%">Method</td>
        <td colspan="1" rowspan="1" width="80%">POST</td>
      </tr>
      <tr>
        <td colspan="1" rowspan="1" class="indent2" width="20%">Parameter</td>
        <td colspan="1" rowspan="1" width="80%"/>
      </tr>
      <tr>
        <td colspan="1" rowspan="1" class="indent2" width="20%">Attack</td>
        <td colspan="1" rowspan="1" width="80%"/>
      </tr>
      <tr>
        <td colspan="1" rowspan="1" class="indent2" width="20%">Evidence</td>
        <td colspan="1" rowspan="1" width="80%">1701726572</td>
      </tr>
      <tr>
        <td colspan="1" rowspan="1" class="indent2" width="20%">Other Info</td>
        <td colspan="1" rowspan="1" width="80%">1701726572, which evaluates to: 2023-12-04 17:49:32</td>
      </tr>
      <tr>
        <td colspan="1" rowspan="1" width="20%">Instances</td>
        <td colspan="1" rowspan="1" width="80%">49</td>
      </tr>
      <tr>
        <td colspan="1" rowspan="1" width="20%">Solution</td>
        <td colspan="1" rowspan="1" width="80%">
          <div>Manually confirm that the timestamp data is not sensitive, and that the data cannot be aggregated to disclose exploitable patterns.</div>
        </td>
      </tr>
      <tr>
        <td colspan="1" rowspan="1" width="20%">Reference</td>
        <td colspan="1" rowspan="1" width="80%">
          <a shape="rect" href="http://projects.webappsec.org/w/page/13246936/Information%20Leakage">http://projects.webappsec.org/w/page/13246936/Information%20Leakage</a>
        </td>
      </tr>
      <tr>
        <td colspan="1" rowspan="1" width="20%">CWE Id</td>
        <td colspan="1" rowspan="1" width="80%">
          <a shape="rect" href="https://cwe.mitre.org/data/definitions/200.html">200</a>
        </td>
      </tr>
      <tr>
        <td colspan="1" rowspan="1" width="20%">WASC Id</td>
        <td colspan="1" rowspan="1" width="80%">13</td>
      </tr>
      <tr>
        <td colspan="1" rowspan="1" width="20%">Plugin Id</td>
        <td colspan="1" rowspan="1" width="80%">
          <a shape="rect" href="https://www.zaproxy.org/docs/alerts/10096/">10096</a>
        </td>
      </tr>
    </table>
    <div class="spacer"/>
    <table class="results">
      <tr height="24">
        <th colspan="1" rowspan="1" class="risk-1" width="20%">
          <a shape="rect" id="10021"/>
          <div>Low</div>
        </th>
        <th colspan="1" rowspan="1" class="risk-1">X-Content-Type-Options Header Missing</th>
      </tr>
      <tr>
        <td colspan="1" rowspan="1" width="20%">Description</td>
        <td colspan="1" rowspan="1" width="80%">
          <div>The Anti-MIME-Sniffing header X-Content-Type-Options was not set to 'nosniff'. This allows older versions of Internet Explorer and Chrome to perform MIME-sniffing on the response body, potentially causing the response body to be interpreted and displayed as a content type other than the declared content type. Current (early 2014) and legacy versions of Firefox will use the declared content type (if one is set), rather than performing MIME-sniffing.</div>
        </td>
      </tr>
      <tr valign="top">
        <td colspan="2" rowspan="1"/>
      </tr>
      <tr>
        <td colspan="1" rowspan="1" class="indent1" width="20%">URL</td>
        <td colspan="1" rowspan="1" width="80%">
          <a shape="rect" href="https://fairplaybo.vtexassets.com/_v/public/assets/v1/npm/animate.css@3.7.0/animate.min.css?workspace=master">https://fairplaybo.vtexassets.com/_v/public/assets/v1/npm/animate.css@3.7.0/animate.min.css?workspace=master</a>
        </td>
      </tr>
      <tr>
        <td colspan="1" rowspan="1" class="indent2" width="20%">Method</td>
        <td colspan="1" rowspan="1" width="80%">GET</td>
      </tr>
      <tr>
        <td colspan="1" rowspan="1" class="indent2" width="20%">Parameter</td>
        <td colspan="1" rowspan="1" width="80%">x-content-type-options</td>
      </tr>
      <tr>
        <td colspan="1" rowspan="1" class="indent2" width="20%">Attack</td>
        <td colspan="1" rowspan="1" width="80%"/>
      </tr>
      <tr>
        <td colspan="1" rowspan="1" class="indent2" width="20%">Evidence</td>
        <td colspan="1" rowspan="1" width="80%"/>
      </tr>
      <tr>
        <td colspan="1" rowspan="1" class="indent2" width="20%">Other Info</td>
        <td colspan="1" rowspan="1" width="80%">This issue still applies to error type pages (401, 403, 500, etc.) as those pages are often still affected by injection issues, in which case there is still concern for browsers sniffing pages away from their actual content type.
At "High" threshold this scan rule will not alert on client or server error responses.</td>
      </tr>
      <tr>
        <td colspan="1" rowspan="1" class="indent1" width="20%">URL</td>
        <td colspan="1" rowspan="1" width="80%">
          <a shape="rect" href="https://fairplaybo.vtexassets.com/_v/public/assets/v1/npm/fg-loadcss@2.1.0/dist/cssrelpreload.min.js?workspace=master">https://fairplaybo.vtexassets.com/_v/public/assets/v1/npm/fg-loadcss@2.1.0/dist/cssrelpreload.min.js?workspace=master</a>
        </td>
      </tr>
      <tr>
        <td colspan="1" rowspan="1" class="indent2" width="20%">Method</td>
        <td colspan="1" rowspan="1" width="80%">GET</td>
      </tr>
      <tr>
        <td colspan="1" rowspan="1" class="indent2" width="20%">Parameter</td>
        <td colspan="1" rowspan="1" width="80%">x-content-type-options</td>
      </tr>
      <tr>
        <td colspan="1" rowspan="1" class="indent2" width="20%">Attack</td>
        <td colspan="1" rowspan="1" width="80%"/>
      </tr>
      <tr>
        <td colspan="1" rowspan="1" class="indent2" width="20%">Evidence</td>
        <td colspan="1" rowspan="1" width="80%"/>
      </tr>
      <tr>
        <td colspan="1" rowspan="1" class="indent2" width="20%">Other Info</td>
        <td colspan="1" rowspan="1" width="80%">This issue still applies to error type pages (401, 403, 500, etc.) as those pages are often still affected by injection issues, in which case there is still concern for browsers sniffing pages away from their actual content type.
At "High" threshold this scan rule will not alert on client or server error responses.</td>
      </tr>
      <tr>
        <td colspan="1" rowspan="1" class="indent1" width="20%">URL</td>
        <td colspan="1" rowspan="1" width="80%">
          <a shape="rect" href="https://fairplaybo.vtexassets.com/_v/public/assets/v1/npm/history@4.7.2/umd/history.min.js?workspace=master">https://fairplaybo.vtexassets.com/_v/public/assets/v1/npm/history@4.7.2/umd/history.min.js?workspace=master</a>
        </td>
      </tr>
      <tr>
        <td colspan="1" rowspan="1" class="indent2" width="20%">Method</td>
        <td colspan="1" rowspan="1" width="80%">GET</td>
      </tr>
      <tr>
        <td colspan="1" rowspan="1" class="indent2" width="20%">Parameter</td>
        <td colspan="1" rowspan="1" width="80%">x-content-type-options</td>
      </tr>
      <tr>
        <td colspan="1" rowspan="1" class="indent2" width="20%">Attack</td>
        <td colspan="1" rowspan="1" width="80%"/>
      </tr>
      <tr>
        <td colspan="1" rowspan="1" class="indent2" width="20%">Evidence</td>
        <td colspan="1" rowspan="1" width="80%"/>
      </tr>
      <tr>
        <td colspan="1" rowspan="1" class="indent2" width="20%">Other Info</td>
        <td colspan="1" rowspan="1" width="80%">This issue still applies to error type pages (401, 403, 500, etc.) as those pages are often still affected by injection issues, in which case there is still concern for browsers sniffing pages away from their actual content type.
At "High" threshold this scan rule will not alert on client or server error responses.</td>
      </tr>
      <tr>
        <td colspan="1" rowspan="1" class="indent1" width="20%">URL</td>
        <td colspan="1" rowspan="1" width="80%">
          <a shape="rect" href="https://fairplaybo.vtexassets.com/_v/public/assets/v1/npm/lazysizes@5.3.2/lazysizes.min.js?workspace=master">https://fairplaybo.vtexassets.com/_v/public/assets/v1/npm/lazysizes@5.3.2/lazysizes.min.js?workspace=master</a>
        </td>
      </tr>
      <tr>
        <td colspan="1" rowspan="1" class="indent2" width="20%">Method</td>
        <td colspan="1" rowspan="1" width="80%">GET</td>
      </tr>
      <tr>
        <td colspan="1" rowspan="1" class="indent2" width="20%">Parameter</td>
        <td colspan="1" rowspan="1" width="80%">x-content-type-options</td>
      </tr>
      <tr>
        <td colspan="1" rowspan="1" class="indent2" width="20%">Attack</td>
        <td colspan="1" rowspan="1" width="80%"/>
      </tr>
      <tr>
        <td colspan="1" rowspan="1" class="indent2" width="20%">Evidence</td>
        <td colspan="1" rowspan="1" width="80%"/>
      </tr>
      <tr>
        <td colspan="1" rowspan="1" class="indent2" width="20%">Other Info</td>
        <td colspan="1" rowspan="1" width="80%">This issue still applies to error type pages (401, 403, 500, etc.) as those pages are often still affected by injection issues, in which case there is still concern for browsers sniffing pages away from their actual content type.
At "High" threshold this scan rule will not alert on client or server error responses.</td>
      </tr>
      <tr>
        <td colspan="1" rowspan="1" class="indent1" width="20%">URL</td>
        <td colspan="1" rowspan="1" width="80%">
          <a shape="rect" href="https://fairplaybo.vtexassets.com/_v/public/assets/v1/npm/lazysizes@5.3.2/plugins/unveilhooks/ls.unveilhooks.min.js?workspace=master">https://fairplaybo.vtexassets.com/_v/public/assets/v1/npm/lazysizes@5.3.2/plugins/unveilhooks/ls.unveilhooks.min.js?workspace=master</a>
        </td>
      </tr>
      <tr>
        <td colspan="1" rowspan="1" class="indent2" width="20%">Method</td>
        <td colspan="1" rowspan="1" width="80%">GET</td>
      </tr>
      <tr>
        <td colspan="1" rowspan="1" class="indent2" width="20%">Parameter</td>
        <td colspan="1" rowspan="1" width="80%">x-content-type-options</td>
      </tr>
      <tr>
        <td colspan="1" rowspan="1" class="indent2" width="20%">Attack</td>
        <td colspan="1" rowspan="1" width="80%"/>
      </tr>
      <tr>
        <td colspan="1" rowspan="1" class="indent2" width="20%">Evidence</td>
        <td colspan="1" rowspan="1" width="80%"/>
      </tr>
      <tr>
        <td colspan="1" rowspan="1" class="indent2" width="20%">Other Info</td>
        <td colspan="1" rowspan="1" width="80%">This issue still applies to error type pages (401, 403, 500, etc.) as those pages are often still affected by injection issues, in which case there is still concern for browsers sniffing pages away from their actual content type.
At "High" threshold this scan rule will not alert on client or server error responses.</td>
      </tr>
      <tr>
        <td colspan="1" rowspan="1" class="indent1" width="20%">URL</td>
        <td colspan="1" rowspan="1" width="80%">
          <a shape="rect" href="https://fairplaybo.vtexassets.com/_v/public/assets/v1/npm/prop-types@15.7.2/prop-types.min.js?workspace=master">https://fairplaybo.vtexassets.com/_v/public/assets/v1/npm/prop-types@15.7.2/prop-types.min.js?workspace=master</a>
        </td>
      </tr>
      <tr>
        <td colspan="1" rowspan="1" class="indent2" width="20%">Method</td>
        <td colspan="1" rowspan="1" width="80%">GET</td>
      </tr>
      <tr>
        <td colspan="1" rowspan="1" class="indent2" width="20%">Parameter</td>
        <td colspan="1" rowspan="1" width="80%">x-content-type-options</td>
      </tr>
      <tr>
        <td colspan="1" rowspan="1" class="indent2" width="20%">Attack</td>
        <td colspan="1" rowspan="1" width="80%"/>
      </tr>
      <tr>
        <td colspan="1" rowspan="1" class="indent2" width="20%">Evidence</td>
        <td colspan="1" rowspan="1" width="80%"/>
      </tr>
      <tr>
        <td colspan="1" rowspan="1" class="indent2" width="20%">Other Info</td>
        <td colspan="1" rowspan="1" width="80%">This issue still applies to error type pages (401, 403, 500, etc.) as those pages are often still affected by injection issues, in which case there is still concern for browsers sniffing pages away from their actual content type.
At "High" threshold this scan rule will not alert on client or server error responses.</td>
      </tr>
      <tr>
        <td colspan="1" rowspan="1" class="indent1" width="20%">URL</td>
        <td colspan="1" rowspan="1" width="80%">
          <a shape="rect" href="https://fairplaybo.vtexassets.com/_v/public/assets/v1/npm/ramda@0.26.1/dist/ramda.min.js?workspace=master">https://fairplaybo.vtexassets.com/_v/public/assets/v1/npm/ramda@0.26.1/dist/ramda.min.js?workspace=master</a>
        </td>
      </tr>
      <tr>
        <td colspan="1" rowspan="1" class="indent2" width="20%">Method</td>
        <td colspan="1" rowspan="1" width="80%">GET</td>
      </tr>
      <tr>
        <td colspan="1" rowspan="1" class="indent2" width="20%">Parameter</td>
        <td colspan="1" rowspan="1" width="80%">x-content-type-options</td>
      </tr>
      <tr>
        <td colspan="1" rowspan="1" class="indent2" width="20%">Attack</td>
        <td colspan="1" rowspan="1" width="80%"/>
      </tr>
      <tr>
        <td colspan="1" rowspan="1" class="indent2" width="20%">Evidence</td>
        <td colspan="1" rowspan="1" width="80%"/>
      </tr>
      <tr>
        <td colspan="1" rowspan="1" class="indent2" width="20%">Other Info</td>
        <td colspan="1" rowspan="1" width="80%">This issue still applies to error type pages (401, 403, 500, etc.) as those pages are often still affected by injection issues, in which case there is still concern for browsers sniffing pages away from their actual content type.
At "High" threshold this scan rule will not alert on client or server error responses.</td>
      </tr>
      <tr>
        <td colspan="1" rowspan="1" class="indent1" width="20%">URL</td>
        <td colspan="1" rowspan="1" width="80%">
          <a shape="rect" href="https://fairplaybo.vtexassets.com/_v/public/assets/v1/npm/react-dom@16.9.0/umd/react-dom-server.browser.production.min.js?workspace=master">https://fairplaybo.vtexassets.com/_v/public/assets/v1/npm/react-dom@16.9.0/umd/react-dom-server.browser.production.min.js?workspace=master</a>
        </td>
      </tr>
      <tr>
        <td colspan="1" rowspan="1" class="indent2" width="20%">Method</td>
        <td colspan="1" rowspan="1" width="80%">GET</td>
      </tr>
      <tr>
        <td colspan="1" rowspan="1" class="indent2" width="20%">Parameter</td>
        <td colspan="1" rowspan="1" width="80%">x-content-type-options</td>
      </tr>
      <tr>
        <td colspan="1" rowspan="1" class="indent2" width="20%">Attack</td>
        <td colspan="1" rowspan="1" width="80%"/>
      </tr>
      <tr>
        <td colspan="1" rowspan="1" class="indent2" width="20%">Evidence</td>
        <td colspan="1" rowspan="1" width="80%"/>
      </tr>
      <tr>
        <td colspan="1" rowspan="1" class="indent2" width="20%">Other Info</td>
        <td colspan="1" rowspan="1" width="80%">This issue still applies to error type pages (401, 403, 500, etc.) as those pages are often still affected by injection issues, in which case there is still concern for browsers sniffing pages away from their actual content type.
At "High" threshold this scan rule will not alert on client or server error responses.</td>
      </tr>
      <tr>
        <td colspan="1" rowspan="1" class="indent1" width="20%">URL</td>
        <td colspan="1" rowspan="1" width="80%">
          <a shape="rect" href="https://fairplaybo.vtexassets.com/_v/public/assets/v1/npm/react-dom@16.9.0/umd/react-dom.production.min.js?workspace=master">https://fairplaybo.vtexassets.com/_v/public/assets/v1/npm/react-dom@16.9.0/umd/react-dom.production.min.js?workspace=master</a>
        </td>
      </tr>
      <tr>
        <td colspan="1" rowspan="1" class="indent2" width="20%">Method</td>
        <td colspan="1" rowspan="1" width="80%">GET</td>
      </tr>
      <tr>
        <td colspan="1" rowspan="1" class="indent2" width="20%">Parameter</td>
        <td colspan="1" rowspan="1" width="80%">x-content-type-options</td>
      </tr>
      <tr>
        <td colspan="1" rowspan="1" class="indent2" width="20%">Attack</td>
        <td colspan="1" rowspan="1" width="80%"/>
      </tr>
      <tr>
        <td colspan="1" rowspan="1" class="indent2" width="20%">Evidence</td>
        <td colspan="1" rowspan="1" width="80%"/>
      </tr>
      <tr>
        <td colspan="1" rowspan="1" class="indent2" width="20%">Other Info</td>
        <td colspan="1" rowspan="1" width="80%">This issue still applies to error type pages (401, 403, 500, etc.) as those pages are often still affected by injection issues, in which case there is still concern for browsers sniffing pages away from their actual content type.
At "High" threshold this scan rule will not alert on client or server error responses.</td>
      </tr>
      <tr>
        <td colspan="1" rowspan="1" class="indent1" width="20%">URL</td>
        <td colspan="1" rowspan="1" width="80%">
          <a shape="rect" href="https://fairplaybo.vtexassets.com/_v/public/assets/v1/npm/react-intl@3.9.1/dist/react-intl.min.js?workspace=master">https://fairplaybo.vtexassets.com/_v/public/assets/v1/npm/react-intl@3.9.1/dist/react-intl.min.js?workspace=master</a>
        </td>
      </tr>
      <tr>
        <td colspan="1" rowspan="1" class="indent2" width="20%">Method</td>
        <td colspan="1" rowspan="1" width="80%">GET</td>
      </tr>
      <tr>
        <td colspan="1" rowspan="1" class="indent2" width="20%">Parameter</td>
        <td colspan="1" rowspan="1" width="80%">x-content-type-options</td>
      </tr>
      <tr>
        <td colspan="1" rowspan="1" class="indent2" width="20%">Attack</td>
        <td colspan="1" rowspan="1" width="80%"/>
      </tr>
      <tr>
        <td colspan="1" rowspan="1" class="indent2" width="20%">Evidence</td>
        <td colspan="1" rowspan="1" width="80%"/>
      </tr>
      <tr>
        <td colspan="1" rowspan="1" class="indent2" width="20%">Other Info</td>
        <td colspan="1" rowspan="1" width="80%">This issue still applies to error type pages (401, 403, 500, etc.) as those pages are often still affected by injection issues, in which case there is still concern for browsers sniffing pages away from their actual content type.
At "High" threshold this scan rule will not alert on client or server error responses.</td>
      </tr>
      <tr>
        <td colspan="1" rowspan="1" class="indent1" width="20%">URL</td>
        <td colspan="1" rowspan="1" width="80%">
          <a shape="rect" href="https://fairplaybo.vtexassets.com/_v/public/assets/v1/npm/react@16.9.0/umd/react.production.min.js?workspace=master">https://fairplaybo.vtexassets.com/_v/public/assets/v1/npm/react@16.9.0/umd/react.production.min.js?workspace=master</a>
        </td>
      </tr>
      <tr>
        <td colspan="1" rowspan="1" class="indent2" width="20%">Method</td>
        <td colspan="1" rowspan="1" width="80%">GET</td>
      </tr>
      <tr>
        <td colspan="1" rowspan="1" class="indent2" width="20%">Parameter</td>
        <td colspan="1" rowspan="1" width="80%">x-content-type-options</td>
      </tr>
      <tr>
        <td colspan="1" rowspan="1" class="indent2" width="20%">Attack</td>
        <td colspan="1" rowspan="1" width="80%"/>
      </tr>
      <tr>
        <td colspan="1" rowspan="1" class="indent2" width="20%">Evidence</td>
        <td colspan="1" rowspan="1" width="80%"/>
      </tr>
      <tr>
        <td colspan="1" rowspan="1" class="indent2" width="20%">Other Info</td>
        <td colspan="1" rowspan="1" width="80%">This issue still applies to error type pages (401, 403, 500, etc.) as those pages are often still affected by injection issues, in which case there is still concern for browsers sniffing pages away from their actual content type.
At "High" threshold this scan rule will not alert on client or server error responses.</td>
      </tr>
      <tr>
        <td colspan="1" rowspan="1" class="indent1" width="20%">URL</td>
        <td colspan="1" rowspan="1" width="80%">
          <a shape="rect" href="https://fairplaybo.vtexassets.com/_v/public/assets/v1/npm/regenerator-runtime@0.11.1/runtime.js?workspace=master">https://fairplaybo.vtexassets.com/_v/public/assets/v1/npm/regenerator-runtime@0.11.1/runtime.js?workspace=master</a>
        </td>
      </tr>
      <tr>
        <td colspan="1" rowspan="1" class="indent2" width="20%">Method</td>
        <td colspan="1" rowspan="1" width="80%">GET</td>
      </tr>
      <tr>
        <td colspan="1" rowspan="1" class="indent2" width="20%">Parameter</td>
        <td colspan="1" rowspan="1" width="80%">x-content-type-options</td>
      </tr>
      <tr>
        <td colspan="1" rowspan="1" class="indent2" width="20%">Attack</td>
        <td colspan="1" rowspan="1" width="80%"/>
      </tr>
      <tr>
        <td colspan="1" rowspan="1" class="indent2" width="20%">Evidence</td>
        <td colspan="1" rowspan="1" width="80%"/>
      </tr>
      <tr>
        <td colspan="1" rowspan="1" class="indent2" width="20%">Other Info</td>
        <td colspan="1" rowspan="1" width="80%">This issue still applies to error type pages (401, 403, 500, etc.) as those pages are often still affected by injection issues, in which case there is still concern for browsers sniffing pages away from their actual content type.
At "High" threshold this scan rule will not alert on client or server error responses.</td>
      </tr>
      <tr>
        <td colspan="1" rowspan="1" class="indent1" width="20%">URL</td>
        <td colspan="1" rowspan="1" width="80%">
          <a shape="rect" href="https://fairplaybo.vtexassets.com/_v/public/assets/v1/npm/vtex-render-session@1.9.2/dist/index.min.js?workspace=master">https://fairplaybo.vtexassets.com/_v/public/assets/v1/npm/vtex-render-session@1.9.2/dist/index.min.js?workspace=master</a>
        </td>
      </tr>
      <tr>
        <td colspan="1" rowspan="1" class="indent2" width="20%">Method</td>
        <td colspan="1" rowspan="1" width="80%">GET</td>
      </tr>
      <tr>
        <td colspan="1" rowspan="1" class="indent2" width="20%">Parameter</td>
        <td colspan="1" rowspan="1" width="80%">x-content-type-options</td>
      </tr>
      <tr>
        <td colspan="1" rowspan="1" class="indent2" width="20%">Attack</td>
        <td colspan="1" rowspan="1" width="80%"/>
      </tr>
      <tr>
        <td colspan="1" rowspan="1" class="indent2" width="20%">Evidence</td>
        <td colspan="1" rowspan="1" width="80%"/>
      </tr>
      <tr>
        <td colspan="1" rowspan="1" class="indent2" width="20%">Other Info</td>
        <td colspan="1" rowspan="1" width="80%">This issue still applies to error type pages (401, 403, 500, etc.) as those pages are often still affected by injection issues, in which case there is still concern for browsers sniffing pages away from their actual content type.
At "High" threshold this scan rule will not alert on client or server error responses.</td>
      </tr>
      <tr>
        <td colspan="1" rowspan="1" class="indent1" width="20%">URL</td>
        <td colspan="1" rowspan="1" width="80%">
          <a shape="rect" href="https://fairplaybo.vtexassets.com/_v/public/assets/v1/published/bundle/public/react/asset.min.js?v=1&amp;files=fairplaybo.m3-custom@0.0.113,1,StockFlag,PriceDisconterPromotion,BrandFlag&amp;files=vtex.store-header@2.29.0,common,index,Layout,0,Row&amp;files=vtex.flex-layout@0.21.3,common,0,FlexLayout,Col&amp;files=vtex.product-summary@2.89.0,common,0,ProductSummaryList,ProductSummaryCustom,ProductSummaryImage,ProductSummaryName,Spacer&amp;files=vtex.search@1.5.1,common&amp;workspace=master">https://fairplaybo.vtexassets.com/_v/public/assets/v1/published/bundle/public/react/asset.min.js?v=1&amp;files=fairplaybo.m3-custom@0.0.113,1,StockFlag,PriceDisconterPromotion,BrandFlag&amp;files=vtex.store-header@2.29.0,common,index,Layout,0,Row&amp;files=vtex.flex-layout@0.21.3,common,0,FlexLayout,Col&amp;files=vtex.product-summary@2.89.0,common,0,ProductSummaryList,ProductSummaryCustom,ProductSummaryImage,ProductSummaryName,Spacer&amp;files=vtex.search@1.5.1,common&amp;workspace=master</a>
        </td>
      </tr>
      <tr>
        <td colspan="1" rowspan="1" class="indent2" width="20%">Method</td>
        <td colspan="1" rowspan="1" width="80%">GET</td>
      </tr>
      <tr>
        <td colspan="1" rowspan="1" class="indent2" width="20%">Parameter</td>
        <td colspan="1" rowspan="1" width="80%">x-content-type-options</td>
      </tr>
      <tr>
        <td colspan="1" rowspan="1" class="indent2" width="20%">Attack</td>
        <td colspan="1" rowspan="1" width="80%"/>
      </tr>
      <tr>
        <td colspan="1" rowspan="1" class="indent2" width="20%">Evidence</td>
        <td colspan="1" rowspan="1" width="80%"/>
      </tr>
      <tr>
        <td colspan="1" rowspan="1" class="indent2" width="20%">Other Info</td>
        <td colspan="1" rowspan="1" width="80%">This issue still applies to error type pages (401, 403, 500, etc.) as those pages are often still affected by injection issues, in which case there is still concern for browsers sniffing pages away from their actual content type.
At "High" threshold this scan rule will not alert on client or server error responses.</td>
      </tr>
      <tr>
        <td colspan="1" rowspan="1" class="indent1" width="20%">URL</td>
        <td colspan="1" rowspan="1" width="80%">
          <a shape="rect" href="https://fairplaybo.vtexassets.com/_v/public/assets/v1/published/bundle/public/react/asset.min.js?v=1&amp;files=vtex.checkout-resources@0.49.0,Utils&amp;files=vtex.checkout-splunk@0.1.1,useSplunk&amp;files=vtex.challenge-tp-condition@0.6.1,ChallengeTradePolicyCondition&amp;files=vtex.css-handles@1.0.1,common,0,useCssHandles,withCssHandles,createCssHandlesContext,applyModifiers&amp;files=vtex.list-context@0.2.0,common,ListContextProvider,useListContext&amp;files=vtex.on-view@1.0.0,common,useOnView&amp;files=vtex.modal-layout@0.14.1,common,ModalContext&amp;files=vtex.product-context@0.10.0,common,ProductContextProvider,useProduct,useProductDispatch&amp;files=vtex.product-group-context@0.2.0,ProductGroupContext&amp;workspace=master">https://fairplaybo.vtexassets.com/_v/public/assets/v1/published/bundle/public/react/asset.min.js?v=1&amp;files=vtex.checkout-resources@0.49.0,Utils&amp;files=vtex.checkout-splunk@0.1.1,useSplunk&amp;files=vtex.challenge-tp-condition@0.6.1,ChallengeTradePolicyCondition&amp;files=vtex.css-handles@1.0.1,common,0,useCssHandles,withCssHandles,createCssHandlesContext,applyModifiers&amp;files=vtex.list-context@0.2.0,common,ListContextProvider,useListContext&amp;files=vtex.on-view@1.0.0,common,useOnView&amp;files=vtex.modal-layout@0.14.1,common,ModalContext&amp;files=vtex.product-context@0.10.0,common,ProductContextProvider,useProduct,useProductDispatch&amp;files=vtex.product-group-context@0.2.0,ProductGroupContext&amp;workspace=master</a>
        </td>
      </tr>
      <tr>
        <td colspan="1" rowspan="1" class="indent2" width="20%">Method</td>
        <td colspan="1" rowspan="1" width="80%">GET</td>
      </tr>
      <tr>
        <td colspan="1" rowspan="1" class="indent2" width="20%">Parameter</td>
        <td colspan="1" rowspan="1" width="80%">x-content-type-options</td>
      </tr>
      <tr>
        <td colspan="1" rowspan="1" class="indent2" width="20%">Attack</td>
        <td colspan="1" rowspan="1" width="80%"/>
      </tr>
      <tr>
        <td colspan="1" rowspan="1" class="indent2" width="20%">Evidence</td>
        <td colspan="1" rowspan="1" width="80%"/>
      </tr>
      <tr>
        <td colspan="1" rowspan="1" class="indent2" width="20%">Other Info</td>
        <td colspan="1" rowspan="1" width="80%">This issue still applies to error type pages (401, 403, 500, etc.) as those pages are often still affected by injection issues, in which case there is still concern for browsers sniffing pages away from their actual content type.
At "High" threshold this scan rule will not alert on client or server error responses.</td>
      </tr>
      <tr>
        <td colspan="1" rowspan="1" class="indent1" width="20%">URL</td>
        <td colspan="1" rowspan="1" width="80%">
          <a shape="rect" href="https://fairplaybo.vtexassets.com/_v/public/assets/v1/published/bundle/public/react/asset.min.js?v=1&amp;files=vtex.open-graph@1.2.2,common,HomeOpenGraph&amp;files=vtex.pixel-manager@1.9.0,common,0,PixelContext,usePixel,usePixelEventCallback&amp;files=vtex.structured-data@0.12.0,common,SearchAction,0,ProductList&amp;files=vtex.checkout-resources@0.49.0,common,0,MutationAddToCart,4,MutationSetManualPrice,5,MutationUpdateItems,MutationClearOrderFormMessages,6,QueryOrderForm&amp;workspace=master">https://fairplaybo.vtexassets.com/_v/public/assets/v1/published/bundle/public/react/asset.min.js?v=1&amp;files=vtex.open-graph@1.2.2,common,HomeOpenGraph&amp;files=vtex.pixel-manager@1.9.0,common,0,PixelContext,usePixel,usePixelEventCallback&amp;files=vtex.structured-data@0.12.0,common,SearchAction,0,ProductList&amp;files=vtex.checkout-resources@0.49.0,common,0,MutationAddToCart,4,MutationSetManualPrice,5,MutationUpdateItems,MutationClearOrderFormMessages,6,QueryOrderForm&amp;workspace=master</a>
        </td>
      </tr>
      <tr>
        <td colspan="1" rowspan="1" class="indent2" width="20%">Method</td>
        <td colspan="1" rowspan="1" width="80%">GET</td>
      </tr>
      <tr>
        <td colspan="1" rowspan="1" class="indent2" width="20%">Parameter</td>
        <td colspan="1" rowspan="1" width="80%">x-content-type-options</td>
      </tr>
      <tr>
        <td colspan="1" rowspan="1" class="indent2" width="20%">Attack</td>
        <td colspan="1" rowspan="1" width="80%"/>
      </tr>
      <tr>
        <td colspan="1" rowspan="1" class="indent2" width="20%">Evidence</td>
        <td colspan="1" rowspan="1" width="80%"/>
      </tr>
      <tr>
        <td colspan="1" rowspan="1" class="indent2" width="20%">Other Info</td>
        <td colspan="1" rowspan="1" width="80%">This issue still applies to error type pages (401, 403, 500, etc.) as those pages are often still affected by injection issues, in which case there is still concern for browsers sniffing pages away from their actual content type.
At "High" threshold this scan rule will not alert on client or server error responses.</td>
      </tr>
      <tr>
        <td colspan="1" rowspan="1" class="indent1" width="20%">URL</td>
        <td colspan="1" rowspan="1" width="80%">
          <a shape="rect" href="https://fairplaybo.vtexassets.com/_v/public/assets/v1/published/bundle/public/react/asset.min.js?v=1&amp;files=vtex.react-vtexid@4.55.0,common,AuthServiceLazy,AuthStateLazy,getAbsReturnUrl,1,0,useLogInWithAccessKey,useLogInWithPassword,useLogOut,useRedirectAfterLogin,useSendAccessKey,useSetPassword,useStartLoginAttempt,validations&amp;files=vtex.responsive-values@0.4.2,common,useResponsiveValues,useResponsiveValue&amp;files=vtex.responsive-layout@0.1.4,common,ResponsiveLayoutDesktop&amp;files=vtex.store-icons@0.18.0,common,IconSearch&amp;workspace=master">https://fairplaybo.vtexassets.com/_v/public/assets/v1/published/bundle/public/react/asset.min.js?v=1&amp;files=vtex.react-vtexid@4.55.0,common,AuthServiceLazy,AuthStateLazy,getAbsReturnUrl,1,0,useLogInWithAccessKey,useLogInWithPassword,useLogOut,useRedirectAfterLogin,useSendAccessKey,useSetPassword,useStartLoginAttempt,validations&amp;files=vtex.responsive-values@0.4.2,common,useResponsiveValues,useResponsiveValue&amp;files=vtex.responsive-layout@0.1.4,common,ResponsiveLayoutDesktop&amp;files=vtex.store-icons@0.18.0,common,IconSearch&amp;workspace=master</a>
        </td>
      </tr>
      <tr>
        <td colspan="1" rowspan="1" class="indent2" width="20%">Method</td>
        <td colspan="1" rowspan="1" width="80%">GET</td>
      </tr>
      <tr>
        <td colspan="1" rowspan="1" class="indent2" width="20%">Parameter</td>
        <td colspan="1" rowspan="1" width="80%">x-content-type-options</td>
      </tr>
      <tr>
        <td colspan="1" rowspan="1" class="indent2" width="20%">Attack</td>
        <td colspan="1" rowspan="1" width="80%"/>
      </tr>
      <tr>
        <td colspan="1" rowspan="1" class="indent2" width="20%">Evidence</td>
        <td colspan="1" rowspan="1" width="80%"/>
      </tr>
      <tr>
        <td colspan="1" rowspan="1" class="indent2" width="20%">Other Info</td>
        <td colspan="1" rowspan="1" width="80%">This issue still applies to error type pages (401, 403, 500, etc.) as those pages are often still affected by injection issues, in which case there is still concern for browsers sniffing pages away from their actual content type.
At "High" threshold this scan rule will not alert on client or server error responses.</td>
      </tr>
      <tr>
        <td colspan="1" rowspan="1" class="indent1" width="20%">URL</td>
        <td colspan="1" rowspan="1" width="80%">
          <a shape="rect" href="https://fairplaybo.vtexassets.com/_v/public/assets/v1/published/bundle/public/react/asset.min.js?v=1&amp;files=vtex.render-runtime@8.134.2,ExtensionContainer&amp;files=vtex.admin-pages@4.53.0,common,6,18,HighlightOverlay&amp;files=vtex.google-tag-manager@3.5.2,index&amp;files=vtex.request-capture@2.3.0,index&amp;files=vtex.facebook-fbe@1.8.4,common,1,FbePixel&amp;files=vtex.sae-analytics@2.13.0,common,0,index&amp;workspace=master">https://fairplaybo.vtexassets.com/_v/public/assets/v1/published/bundle/public/react/asset.min.js?v=1&amp;files=vtex.render-runtime@8.134.2,ExtensionContainer&amp;files=vtex.admin-pages@4.53.0,common,6,18,HighlightOverlay&amp;files=vtex.google-tag-manager@3.5.2,index&amp;files=vtex.request-capture@2.3.0,index&amp;files=vtex.facebook-fbe@1.8.4,common,1,FbePixel&amp;files=vtex.sae-analytics@2.13.0,common,0,index&amp;workspace=master</a>
        </td>
      </tr>
      <tr>
        <td colspan="1" rowspan="1" class="indent2" width="20%">Method</td>
        <td colspan="1" rowspan="1" width="80%">GET</td>
      </tr>
      <tr>
        <td colspan="1" rowspan="1" class="indent2" width="20%">Parameter</td>
        <td colspan="1" rowspan="1" width="80%">x-content-type-options</td>
      </tr>
      <tr>
        <td colspan="1" rowspan="1" class="indent2" width="20%">Attack</td>
        <td colspan="1" rowspan="1" width="80%"/>
      </tr>
      <tr>
        <td colspan="1" rowspan="1" class="indent2" width="20%">Evidence</td>
        <td colspan="1" rowspan="1" width="80%"/>
      </tr>
      <tr>
        <td colspan="1" rowspan="1" class="indent2" width="20%">Other Info</td>
        <td colspan="1" rowspan="1" width="80%">This issue still applies to error type pages (401, 403, 500, etc.) as those pages are often still affected by injection issues, in which case there is still concern for browsers sniffing pages away from their actual content type.
At "High" threshold this scan rule will not alert on client or server error responses.</td>
      </tr>
      <tr>
        <td colspan="1" rowspan="1" class="indent1" width="20%">URL</td>
        <td colspan="1" rowspan="1" width="80%">
          <a shape="rect" href="https://fairplaybo.vtexassets.com/_v/public/assets/v1/published/bundle/public/react/asset.min.js?v=1&amp;files=vtex.render-runtime@8.134.2,LayoutContainer&amp;files=vtex.device-detector@0.2.6,common,useDevice,withDevice&amp;files=vtex.css-handles@0.4.4,common,useCssHandles,applyModifiers&amp;files=vtex.styleguide@9.146.9,common,0,Button,ButtonWithIcon,19,ToastContext,ToastProvider,1,Input,InputSearch,Spinner,IconClock,IconClose&amp;workspace=master">https://fairplaybo.vtexassets.com/_v/public/assets/v1/published/bundle/public/react/asset.min.js?v=1&amp;files=vtex.render-runtime@8.134.2,LayoutContainer&amp;files=vtex.device-detector@0.2.6,common,useDevice,withDevice&amp;files=vtex.css-handles@0.4.4,common,useCssHandles,applyModifiers&amp;files=vtex.styleguide@9.146.9,common,0,Button,ButtonWithIcon,19,ToastContext,ToastProvider,1,Input,InputSearch,Spinner,IconClock,IconClose&amp;workspace=master</a>
        </td>
      </tr>
      <tr>
        <td colspan="1" rowspan="1" class="indent2" width="20%">Method</td>
        <td colspan="1" rowspan="1" width="80%">GET</td>
      </tr>
      <tr>
        <td colspan="1" rowspan="1" class="indent2" width="20%">Parameter</td>
        <td colspan="1" rowspan="1" width="80%">x-content-type-options</td>
      </tr>
      <tr>
        <td colspan="1" rowspan="1" class="indent2" width="20%">Attack</td>
        <td colspan="1" rowspan="1" width="80%"/>
      </tr>
      <tr>
        <td colspan="1" rowspan="1" class="indent2" width="20%">Evidence</td>
        <td colspan="1" rowspan="1" width="80%"/>
      </tr>
      <tr>
        <td colspan="1" rowspan="1" class="indent2" width="20%">Other Info</td>
        <td colspan="1" rowspan="1" width="80%">This issue still applies to error type pages (401, 403, 500, etc.) as those pages are often still affected by injection issues, in which case there is still concern for browsers sniffing pages away from their actual content type.
At "High" threshold this scan rule will not alert on client or server error responses.</td>
      </tr>
      <tr>
        <td colspan="1" rowspan="1" class="indent1" width="20%">URL</td>
        <td colspan="1" rowspan="1" width="80%">
          <a shape="rect" href="https://fairplaybo.vtexassets.com/_v/public/assets/v1/published/bundle/public/react/asset.min.js?v=1&amp;files=vtex.search@1.5.1,0,Autocomplete&amp;workspace=master">https://fairplaybo.vtexassets.com/_v/public/assets/v1/published/bundle/public/react/asset.min.js?v=1&amp;files=vtex.search@1.5.1,0,Autocomplete&amp;workspace=master</a>
        </td>
      </tr>
      <tr>
        <td colspan="1" rowspan="1" class="indent2" width="20%">Method</td>
        <td colspan="1" rowspan="1" width="80%">GET</td>
      </tr>
      <tr>
        <td colspan="1" rowspan="1" class="indent2" width="20%">Parameter</td>
        <td colspan="1" rowspan="1" width="80%">x-content-type-options</td>
      </tr>
      <tr>
        <td colspan="1" rowspan="1" class="indent2" width="20%">Attack</td>
        <td colspan="1" rowspan="1" width="80%"/>
      </tr>
      <tr>
        <td colspan="1" rowspan="1" class="indent2" width="20%">Evidence</td>
        <td colspan="1" rowspan="1" width="80%"/>
      </tr>
      <tr>
        <td colspan="1" rowspan="1" class="indent2" width="20%">Other Info</td>
        <td colspan="1" rowspan="1" width="80%">This issue still applies to error type pages (401, 403, 500, etc.) as those pages are often still affected by injection issues, in which case there is still concern for browsers sniffing pages away from their actual content type.
At "High" threshold this scan rule will not alert on client or server error responses.</td>
      </tr>
      <tr>
        <td colspan="1" rowspan="1" class="indent1" width="20%">URL</td>
        <td colspan="1" rowspan="1" width="80%">
          <a shape="rect" href="https://fairplaybo.vtexassets.com/_v/public/assets/v1/published/bundle/public/react/asset.min.js?v=1&amp;files=vtex.store-components@3.171.0,4,SearchBar,CollectionBadges,DiscountBadge,ProductName&amp;files=vtex.store@2.134.0,common,HomeWrapper,0,StoreWrapper,Fold&amp;files=fairplaybo.m3-custom@0.0.113,common,FreeShippingStatusVariables,MyAccountCustom,RemoveZoomIos,CustomSliderList,0,FlagCollectionCustom,WishlistCustom,FlexList,CustomFlagCollections,CustomNameProduct&amp;workspace=master">https://fairplaybo.vtexassets.com/_v/public/assets/v1/published/bundle/public/react/asset.min.js?v=1&amp;files=vtex.store-components@3.171.0,4,SearchBar,CollectionBadges,DiscountBadge,ProductName&amp;files=vtex.store@2.134.0,common,HomeWrapper,0,StoreWrapper,Fold&amp;files=fairplaybo.m3-custom@0.0.113,common,FreeShippingStatusVariables,MyAccountCustom,RemoveZoomIos,CustomSliderList,0,FlagCollectionCustom,WishlistCustom,FlexList,CustomFlagCollections,CustomNameProduct&amp;workspace=master</a>
        </td>
      </tr>
      <tr>
        <td colspan="1" rowspan="1" class="indent2" width="20%">Method</td>
        <td colspan="1" rowspan="1" width="80%">GET</td>
      </tr>
      <tr>
        <td colspan="1" rowspan="1" class="indent2" width="20%">Parameter</td>
        <td colspan="1" rowspan="1" width="80%">x-content-type-options</td>
      </tr>
      <tr>
        <td colspan="1" rowspan="1" class="indent2" width="20%">Attack</td>
        <td colspan="1" rowspan="1" width="80%"/>
      </tr>
      <tr>
        <td colspan="1" rowspan="1" class="indent2" width="20%">Evidence</td>
        <td colspan="1" rowspan="1" width="80%"/>
      </tr>
      <tr>
        <td colspan="1" rowspan="1" class="indent2" width="20%">Other Info</td>
        <td colspan="1" rowspan="1" width="80%">This issue still applies to error type pages (401, 403, 500, etc.) as those pages are often still affected by injection issues, in which case there is still concern for browsers sniffing pages away from their actual content type.
At "High" threshold this scan rule will not alert on client or server error responses.</td>
      </tr>
      <tr>
        <td colspan="1" rowspan="1" class="indent1" width="20%">URL</td>
        <td colspan="1" rowspan="1" width="80%">
          <a shape="rect" href="https://fairplaybo.vtexassets.com/_v/public/assets/v1/published/bundle/public/react/asset.min.js?v=1&amp;files=vtex.store-icons@0.18.0,IconCaret,IconClose,Icon,IconArrowBack,IconEyeSight,IconProfile,IconMenu,IconCart&amp;files=vtex.stack-layout@0.1.0,index&amp;files=vtex.react-portal@0.4.1,common,0,Overlay&amp;files=vtex.native-types@0.10.1,common,IOMessage,formatIOMessage,IOMessageWithMarkers&amp;files=vtex.store-resources@0.93.0,common,0,MutationAddToCart,1,MutationUpdateItems&amp;workspace=master">https://fairplaybo.vtexassets.com/_v/public/assets/v1/published/bundle/public/react/asset.min.js?v=1&amp;files=vtex.store-icons@0.18.0,IconCaret,IconClose,Icon,IconArrowBack,IconEyeSight,IconProfile,IconMenu,IconCart&amp;files=vtex.stack-layout@0.1.0,index&amp;files=vtex.react-portal@0.4.1,common,0,Overlay&amp;files=vtex.native-types@0.10.1,common,IOMessage,formatIOMessage,IOMessageWithMarkers&amp;files=vtex.store-resources@0.93.0,common,0,MutationAddToCart,1,MutationUpdateItems&amp;workspace=master</a>
        </td>
      </tr>
      <tr>
        <td colspan="1" rowspan="1" class="indent2" width="20%">Method</td>
        <td colspan="1" rowspan="1" width="80%">GET</td>
      </tr>
      <tr>
        <td colspan="1" rowspan="1" class="indent2" width="20%">Parameter</td>
        <td colspan="1" rowspan="1" width="80%">x-content-type-options</td>
      </tr>
      <tr>
        <td colspan="1" rowspan="1" class="indent2" width="20%">Attack</td>
        <td colspan="1" rowspan="1" width="80%"/>
      </tr>
      <tr>
        <td colspan="1" rowspan="1" class="indent2" width="20%">Evidence</td>
        <td colspan="1" rowspan="1" width="80%"/>
      </tr>
      <tr>
        <td colspan="1" rowspan="1" class="indent2" width="20%">Other Info</td>
        <td colspan="1" rowspan="1" width="80%">This issue still applies to error type pages (401, 403, 500, etc.) as those pages are often still affected by injection issues, in which case there is still concern for browsers sniffing pages away from their actual content type.
At "High" threshold this scan rule will not alert on client or server error responses.</td>
      </tr>
      <tr>
        <td colspan="1" rowspan="1" class="indent1" width="20%">URL</td>
        <td colspan="1" rowspan="1" width="80%">
          <a shape="rect" href="https://fairplaybo.vtexassets.com/_v/public/assets/v1/published/bundle/public/react/asset.min.js?v=1&amp;files=vtex.store-link@0.9.3,0,StoreLink&amp;files=vtex.product-highlights@2.3.0,common,ProductHighlights,ProductHighlightText&amp;files=vtex.order-items@0.13.23,common,0,OrderItems&amp;files=vtex.product-price@1.31.0,common,ListPrice,SellingPrice&amp;files=vtex.formatted-price@0.7.0,common,FormattedPrice&amp;files=vtex.minicart@2.67.1,common,Minicart&amp;files=vtex.store-components@3.171.0,common,Container,Newsletter,Image,Logo,10&amp;workspace=master">https://fairplaybo.vtexassets.com/_v/public/assets/v1/published/bundle/public/react/asset.min.js?v=1&amp;files=vtex.store-link@0.9.3,0,StoreLink&amp;files=vtex.product-highlights@2.3.0,common,ProductHighlights,ProductHighlightText&amp;files=vtex.order-items@0.13.23,common,0,OrderItems&amp;files=vtex.product-price@1.31.0,common,ListPrice,SellingPrice&amp;files=vtex.formatted-price@0.7.0,common,FormattedPrice&amp;files=vtex.minicart@2.67.1,common,Minicart&amp;files=vtex.store-components@3.171.0,common,Container,Newsletter,Image,Logo,10&amp;workspace=master</a>
        </td>
      </tr>
      <tr>
        <td colspan="1" rowspan="1" class="indent2" width="20%">Method</td>
        <td colspan="1" rowspan="1" width="80%">GET</td>
      </tr>
      <tr>
        <td colspan="1" rowspan="1" class="indent2" width="20%">Parameter</td>
        <td colspan="1" rowspan="1" width="80%">x-content-type-options</td>
      </tr>
      <tr>
        <td colspan="1" rowspan="1" class="indent2" width="20%">Attack</td>
        <td colspan="1" rowspan="1" width="80%"/>
      </tr>
      <tr>
        <td colspan="1" rowspan="1" class="indent2" width="20%">Evidence</td>
        <td colspan="1" rowspan="1" width="80%"/>
      </tr>
      <tr>
        <td colspan="1" rowspan="1" class="indent2" width="20%">Other Info</td>
        <td colspan="1" rowspan="1" width="80%">This issue still applies to error type pages (401, 403, 500, etc.) as those pages are often still affected by injection issues, in which case there is still concern for browsers sniffing pages away from their actual content type.
At "High" threshold this scan rule will not alert on client or server error responses.</td>
      </tr>
      <tr>
        <td colspan="1" rowspan="1" class="indent1" width="20%">URL</td>
        <td colspan="1" rowspan="1" width="80%">
          <a shape="rect" href="https://fairplaybo.vtexassets.com/_v/public/assets/v1/published/bundle/public/react/asset.min.js?v=1&amp;files=vtex.store-resources@0.93.0,MutationUpdateOrderFormCheckin,MutationUpdateOrderFormProfile,MutationUpdateOrderFormShipping,OrderFormContext,PWAContext,3,QueryOrderForm,8,QueryProducts,QueryItemsWithSimulation&amp;files=vtex.product-list-context@0.4.1,common,ProductListContext,useProductImpression&amp;files=vtex.order-manager@0.12.0,common,0,OrderForm,OrderQueue&amp;files=vtex.format-currency@0.4.1,common,FormattedCurrency,formatCurrency&amp;files=vtex.wish-list@1.16.2,common&amp;workspace=master">https://fairplaybo.vtexassets.com/_v/public/assets/v1/published/bundle/public/react/asset.min.js?v=1&amp;files=vtex.store-resources@0.93.0,MutationUpdateOrderFormCheckin,MutationUpdateOrderFormProfile,MutationUpdateOrderFormShipping,OrderFormContext,PWAContext,3,QueryOrderForm,8,QueryProducts,QueryItemsWithSimulation&amp;files=vtex.product-list-context@0.4.1,common,ProductListContext,useProductImpression&amp;files=vtex.order-manager@0.12.0,common,0,OrderForm,OrderQueue&amp;files=vtex.format-currency@0.4.1,common,FormattedCurrency,formatCurrency&amp;files=vtex.wish-list@1.16.2,common&amp;workspace=master</a>
        </td>
      </tr>
      <tr>
        <td colspan="1" rowspan="1" class="indent2" width="20%">Method</td>
        <td colspan="1" rowspan="1" width="80%">GET</td>
      </tr>
      <tr>
        <td colspan="1" rowspan="1" class="indent2" width="20%">Parameter</td>
        <td colspan="1" rowspan="1" width="80%">x-content-type-options</td>
      </tr>
      <tr>
        <td colspan="1" rowspan="1" class="indent2" width="20%">Attack</td>
        <td colspan="1" rowspan="1" width="80%"/>
      </tr>
      <tr>
        <td colspan="1" rowspan="1" class="indent2" width="20%">Evidence</td>
        <td colspan="1" rowspan="1" width="80%"/>
      </tr>
      <tr>
        <td colspan="1" rowspan="1" class="indent2" width="20%">Other Info</td>
        <td colspan="1" rowspan="1" width="80%">This issue still applies to error type pages (401, 403, 500, etc.) as those pages are often still affected by injection issues, in which case there is still concern for browsers sniffing pages away from their actual content type.
At "High" threshold this scan rule will not alert on client or server error responses.</td>
      </tr>
      <tr>
        <td colspan="1" rowspan="1" class="indent1" width="20%">URL</td>
        <td colspan="1" rowspan="1" width="80%">
          <a shape="rect" href="https://fairplaybo.vtexassets.com/_v/public/assets/v1/published/bundle/public/react/asset.min.js?v=1&amp;files=vtex.wish-list@1.16.2,AddProductBtn&amp;files=vtex.product-summary-context@0.12.0,common,ProductSummaryContext&amp;files=vtex.slider-layout@0.24.4,common,SliderLayout&amp;files=vtex.store-drawer@0.17.0,common,Drawer&amp;files=vtex.login@2.57.3,common,1,Login&amp;files=vtex.store-image@0.20.0,common,0,ImageList,Image&amp;files=vtex.rich-text@0.16.0,index&amp;files=vtex.menu@2.35.1,common,0,Menu,MenuItem,Submenu&amp;files=vtex.store-link@0.9.3,common&amp;workspace=master">https://fairplaybo.vtexassets.com/_v/public/assets/v1/published/bundle/public/react/asset.min.js?v=1&amp;files=vtex.wish-list@1.16.2,AddProductBtn&amp;files=vtex.product-summary-context@0.12.0,common,ProductSummaryContext&amp;files=vtex.slider-layout@0.24.4,common,SliderLayout&amp;files=vtex.store-drawer@0.17.0,common,Drawer&amp;files=vtex.login@2.57.3,common,1,Login&amp;files=vtex.store-image@0.20.0,common,0,ImageList,Image&amp;files=vtex.rich-text@0.16.0,index&amp;files=vtex.menu@2.35.1,common,0,Menu,MenuItem,Submenu&amp;files=vtex.store-link@0.9.3,common&amp;workspace=master</a>
        </td>
      </tr>
      <tr>
        <td colspan="1" rowspan="1" class="indent2" width="20%">Method</td>
        <td colspan="1" rowspan="1" width="80%">GET</td>
      </tr>
      <tr>
        <td colspan="1" rowspan="1" class="indent2" width="20%">Parameter</td>
        <td colspan="1" rowspan="1" width="80%">x-content-type-options</td>
      </tr>
      <tr>
        <td colspan="1" rowspan="1" class="indent2" width="20%">Attack</td>
        <td colspan="1" rowspan="1" width="80%"/>
      </tr>
      <tr>
        <td colspan="1" rowspan="1" class="indent2" width="20%">Evidence</td>
        <td colspan="1" rowspan="1" width="80%"/>
      </tr>
      <tr>
        <td colspan="1" rowspan="1" class="indent2" width="20%">Other Info</td>
        <td colspan="1" rowspan="1" width="80%">This issue still applies to error type pages (401, 403, 500, etc.) as those pages are often still affected by injection issues, in which case there is still concern for browsers sniffing pages away from their actual content type.
At "High" threshold this scan rule will not alert on client or server error responses.</td>
      </tr>
      <tr>
        <td colspan="1" rowspan="1" class="indent1" width="20%">URL</td>
        <td colspan="1" rowspan="1" width="80%">
          <a shape="rect" href="https://fairplaybo.vtexassets.com/_v/public/assets/v1/published/fairplaybo.m3-custom@0.0.113/public/react/BrandFlag.min.css?workspace=master">https://fairplaybo.vtexassets.com/_v/public/assets/v1/published/fairplaybo.m3-custom@0.0.113/public/react/BrandFlag.min.css?workspace=master</a>
        </td>
      </tr>
      <tr>
        <td colspan="1" rowspan="1" class="indent2" width="20%">Method</td>
        <td colspan="1" rowspan="1" width="80%">GET</td>
      </tr>
      <tr>
        <td colspan="1" rowspan="1" class="indent2" width="20%">Parameter</td>
        <td colspan="1" rowspan="1" width="80%">x-content-type-options</td>
      </tr>
      <tr>
        <td colspan="1" rowspan="1" class="indent2" width="20%">Attack</td>
        <td colspan="1" rowspan="1" width="80%"/>
      </tr>
      <tr>
        <td colspan="1" rowspan="1" class="indent2" width="20%">Evidence</td>
        <td colspan="1" rowspan="1" width="80%"/>
      </tr>
      <tr>
        <td colspan="1" rowspan="1" class="indent2" width="20%">Other Info</td>
        <td colspan="1" rowspan="1" width="80%">This issue still applies to error type pages (401, 403, 500, etc.) as those pages are often still affected by injection issues, in which case there is still concern for browsers sniffing pages away from their actual content type.
At "High" threshold this scan rule will not alert on client or server error responses.</td>
      </tr>
      <tr>
        <td colspan="1" rowspan="1" class="indent1" width="20%">URL</td>
        <td colspan="1" rowspan="1" width="80%">
          <a shape="rect" href="https://fairplaybo.vtexassets.com/_v/public/assets/v1/published/fairplaybo.m3-custom@0.0.113/public/react/CustomFlagCollections.min.css?workspace=master">https://fairplaybo.vtexassets.com/_v/public/assets/v1/published/fairplaybo.m3-custom@0.0.113/public/react/CustomFlagCollections.min.css?workspace=master</a>
        </td>
      </tr>
      <tr>
        <td colspan="1" rowspan="1" class="indent2" width="20%">Method</td>
        <td colspan="1" rowspan="1" width="80%">GET</td>
      </tr>
      <tr>
        <td colspan="1" rowspan="1" class="indent2" width="20%">Parameter</td>
        <td colspan="1" rowspan="1" width="80%">x-content-type-options</td>
      </tr>
      <tr>
        <td colspan="1" rowspan="1" class="indent2" width="20%">Attack</td>
        <td colspan="1" rowspan="1" width="80%"/>
      </tr>
      <tr>
        <td colspan="1" rowspan="1" class="indent2" width="20%">Evidence</td>
        <td colspan="1" rowspan="1" width="80%"/>
      </tr>
      <tr>
        <td colspan="1" rowspan="1" class="indent2" width="20%">Other Info</td>
        <td colspan="1" rowspan="1" width="80%">This issue still applies to error type pages (401, 403, 500, etc.) as those pages are often still affected by injection issues, in which case there is still concern for browsers sniffing pages away from their actual content type.
At "High" threshold this scan rule will not alert on client or server error responses.</td>
      </tr>
      <tr>
        <td colspan="1" rowspan="1" class="indent1" width="20%">URL</td>
        <td colspan="1" rowspan="1" width="80%">
          <a shape="rect" href="https://fairplaybo.vtexassets.com/_v/public/assets/v1/published/fairplaybo.m3-custom@0.0.113/public/react/CustomNameProduct.min.css?workspace=master">https://fairplaybo.vtexassets.com/_v/public/assets/v1/published/fairplaybo.m3-custom@0.0.113/public/react/CustomNameProduct.min.css?workspace=master</a>
        </td>
      </tr>
      <tr>
        <td colspan="1" rowspan="1" class="indent2" width="20%">Method</td>
        <td colspan="1" rowspan="1" width="80%">GET</td>
      </tr>
      <tr>
        <td colspan="1" rowspan="1" class="indent2" width="20%">Parameter</td>
        <td colspan="1" rowspan="1" width="80%">x-content-type-options</td>
      </tr>
      <tr>
        <td colspan="1" rowspan="1" class="indent2" width="20%">Attack</td>
        <td colspan="1" rowspan="1" width="80%"/>
      </tr>
      <tr>
        <td colspan="1" rowspan="1" class="indent2" width="20%">Evidence</td>
        <td colspan="1" rowspan="1" width="80%"/>
      </tr>
      <tr>
        <td colspan="1" rowspan="1" class="indent2" width="20%">Other Info</td>
        <td colspan="1" rowspan="1" width="80%">This issue still applies to error type pages (401, 403, 500, etc.) as those pages are often still affected by injection issues, in which case there is still concern for browsers sniffing pages away from their actual content type.
At "High" threshold this scan rule will not alert on client or server error responses.</td>
      </tr>
      <tr>
        <td colspan="1" rowspan="1" class="indent1" width="20%">URL</td>
        <td colspan="1" rowspan="1" width="80%">
          <a shape="rect" href="https://fairplaybo.vtexassets.com/_v/public/assets/v1/published/fairplaybo.m3-custom@0.0.113/public/react/CustomSliderList.min.css?workspace=master">https://fairplaybo.vtexassets.com/_v/public/assets/v1/published/fairplaybo.m3-custom@0.0.113/public/react/CustomSliderList.min.css?workspace=master</a>
        </td>
      </tr>
      <tr>
        <td colspan="1" rowspan="1" class="indent2" width="20%">Method</td>
        <td colspan="1" rowspan="1" width="80%">GET</td>
      </tr>
      <tr>
        <td colspan="1" rowspan="1" class="indent2" width="20%">Parameter</td>
        <td colspan="1" rowspan="1" width="80%">x-content-type-options</td>
      </tr>
      <tr>
        <td colspan="1" rowspan="1" class="indent2" width="20%">Attack</td>
        <td colspan="1" rowspan="1" width="80%"/>
      </tr>
      <tr>
        <td colspan="1" rowspan="1" class="indent2" width="20%">Evidence</td>
        <td colspan="1" rowspan="1" width="80%"/>
      </tr>
      <tr>
        <td colspan="1" rowspan="1" class="indent2" width="20%">Other Info</td>
        <td colspan="1" rowspan="1" width="80%">This issue still applies to error type pages (401, 403, 500, etc.) as those pages are often still affected by injection issues, in which case there is still concern for browsers sniffing pages away from their actual content type.
At "High" threshold this scan rule will not alert on client or server error responses.</td>
      </tr>
      <tr>
        <td colspan="1" rowspan="1" class="indent1" width="20%">URL</td>
        <td colspan="1" rowspan="1" width="80%">
          <a shape="rect" href="https://fairplaybo.vtexassets.com/_v/public/assets/v1/published/fairplaybo.m3-custom@0.0.113/public/react/FlagCollectionCustom.min.css?workspace=master">https://fairplaybo.vtexassets.com/_v/public/assets/v1/published/fairplaybo.m3-custom@0.0.113/public/react/FlagCollectionCustom.min.css?workspace=master</a>
        </td>
      </tr>
      <tr>
        <td colspan="1" rowspan="1" class="indent2" width="20%">Method</td>
        <td colspan="1" rowspan="1" width="80%">GET</td>
      </tr>
      <tr>
        <td colspan="1" rowspan="1" class="indent2" width="20%">Parameter</td>
        <td colspan="1" rowspan="1" width="80%">x-content-type-options</td>
      </tr>
      <tr>
        <td colspan="1" rowspan="1" class="indent2" width="20%">Attack</td>
        <td colspan="1" rowspan="1" width="80%"/>
      </tr>
      <tr>
        <td colspan="1" rowspan="1" class="indent2" width="20%">Evidence</td>
        <td colspan="1" rowspan="1" width="80%"/>
      </tr>
      <tr>
        <td colspan="1" rowspan="1" class="indent2" width="20%">Other Info</td>
        <td colspan="1" rowspan="1" width="80%">This issue still applies to error type pages (401, 403, 500, etc.) as those pages are often still affected by injection issues, in which case there is still concern for browsers sniffing pages away from their actual content type.
At "High" threshold this scan rule will not alert on client or server error responses.</td>
      </tr>
      <tr>
        <td colspan="1" rowspan="1" class="indent1" width="20%">URL</td>
        <td colspan="1" rowspan="1" width="80%">
          <a shape="rect" href="https://fairplaybo.vtexassets.com/_v/public/assets/v1/published/fairplaybo.m3-custom@0.0.113/public/react/FlexList.min.css?workspace=master">https://fairplaybo.vtexassets.com/_v/public/assets/v1/published/fairplaybo.m3-custom@0.0.113/public/react/FlexList.min.css?workspace=master</a>
        </td>
      </tr>
      <tr>
        <td colspan="1" rowspan="1" class="indent2" width="20%">Method</td>
        <td colspan="1" rowspan="1" width="80%">GET</td>
      </tr>
      <tr>
        <td colspan="1" rowspan="1" class="indent2" width="20%">Parameter</td>
        <td colspan="1" rowspan="1" width="80%">x-content-type-options</td>
      </tr>
      <tr>
        <td colspan="1" rowspan="1" class="indent2" width="20%">Attack</td>
        <td colspan="1" rowspan="1" width="80%"/>
      </tr>
      <tr>
        <td colspan="1" rowspan="1" class="indent2" width="20%">Evidence</td>
        <td colspan="1" rowspan="1" width="80%"/>
      </tr>
      <tr>
        <td colspan="1" rowspan="1" class="indent2" width="20%">Other Info</td>
        <td colspan="1" rowspan="1" width="80%">This issue still applies to error type pages (401, 403, 500, etc.) as those pages are often still affected by injection issues, in which case there is still concern for browsers sniffing pages away from their actual content type.
At "High" threshold this scan rule will not alert on client or server error responses.</td>
      </tr>
      <tr>
        <td colspan="1" rowspan="1" class="indent1" width="20%">URL</td>
        <td colspan="1" rowspan="1" width="80%">
          <a shape="rect" href="https://fairplaybo.vtexassets.com/_v/public/assets/v1/published/fairplaybo.m3-custom@0.0.113/public/react/PriceDisconterPromotion.min.css?workspace=master">https://fairplaybo.vtexassets.com/_v/public/assets/v1/published/fairplaybo.m3-custom@0.0.113/public/react/PriceDisconterPromotion.min.css?workspace=master</a>
        </td>
      </tr>
      <tr>
        <td colspan="1" rowspan="1" class="indent2" width="20%">Method</td>
        <td colspan="1" rowspan="1" width="80%">GET</td>
      </tr>
      <tr>
        <td colspan="1" rowspan="1" class="indent2" width="20%">Parameter</td>
        <td colspan="1" rowspan="1" width="80%">x-content-type-options</td>
      </tr>
      <tr>
        <td colspan="1" rowspan="1" class="indent2" width="20%">Attack</td>
        <td colspan="1" rowspan="1" width="80%"/>
      </tr>
      <tr>
        <td colspan="1" rowspan="1" class="indent2" width="20%">Evidence</td>
        <td colspan="1" rowspan="1" width="80%"/>
      </tr>
      <tr>
        <td colspan="1" rowspan="1" class="indent2" width="20%">Other Info</td>
        <td colspan="1" rowspan="1" width="80%">This issue still applies to error type pages (401, 403, 500, etc.) as those pages are often still affected by injection issues, in which case there is still concern for browsers sniffing pages away from their actual content type.
At "High" threshold this scan rule will not alert on client or server error responses.</td>
      </tr>
      <tr>
        <td colspan="1" rowspan="1" class="indent1" width="20%">URL</td>
        <td colspan="1" rowspan="1" width="80%">
          <a shape="rect" href="https://fairplaybo.vtexassets.com/_v/public/assets/v1/published/fairplaybo.m3-custom@0.0.113/public/react/WishlistCustom.min.css?workspace=master">https://fairplaybo.vtexassets.com/_v/public/assets/v1/published/fairplaybo.m3-custom@0.0.113/public/react/WishlistCustom.min.css?workspace=master</a>
        </td>
      </tr>
      <tr>
        <td colspan="1" rowspan="1" class="indent2" width="20%">Method</td>
        <td colspan="1" rowspan="1" width="80%">GET</td>
      </tr>
      <tr>
        <td colspan="1" rowspan="1" class="indent2" width="20%">Parameter</td>
        <td colspan="1" rowspan="1" width="80%">x-content-type-options</td>
      </tr>
      <tr>
        <td colspan="1" rowspan="1" class="indent2" width="20%">Attack</td>
        <td colspan="1" rowspan="1" width="80%"/>
      </tr>
      <tr>
        <td colspan="1" rowspan="1" class="indent2" width="20%">Evidence</td>
        <td colspan="1" rowspan="1" width="80%"/>
      </tr>
      <tr>
        <td colspan="1" rowspan="1" class="indent2" width="20%">Other Info</td>
        <td colspan="1" rowspan="1" width="80%">This issue still applies to error type pages (401, 403, 500, etc.) as those pages are often still affected by injection issues, in which case there is still concern for browsers sniffing pages away from their actual content type.
At "High" threshold this scan rule will not alert on client or server error responses.</td>
      </tr>
      <tr>
        <td colspan="1" rowspan="1" class="indent1" width="20%">URL</td>
        <td colspan="1" rowspan="1" width="80%">
          <a shape="rect" href="https://fairplaybo.vtexassets.com/_v/public/assets/v1/published/vtex.admin-pages@4.53.0/public/react/HighlightOverlay.min.css?workspace=master">https://fairplaybo.vtexassets.com/_v/public/assets/v1/published/vtex.admin-pages@4.53.0/public/react/HighlightOverlay.min.css?workspace=master</a>
        </td>
      </tr>
      <tr>
        <td colspan="1" rowspan="1" class="indent2" width="20%">Method</td>
        <td colspan="1" rowspan="1" width="80%">GET</td>
      </tr>
      <tr>
        <td colspan="1" rowspan="1" class="indent2" width="20%">Parameter</td>
        <td colspan="1" rowspan="1" width="80%">x-content-type-options</td>
      </tr>
      <tr>
        <td colspan="1" rowspan="1" class="indent2" width="20%">Attack</td>
        <td colspan="1" rowspan="1" width="80%"/>
      </tr>
      <tr>
        <td colspan="1" rowspan="1" class="indent2" width="20%">Evidence</td>
        <td colspan="1" rowspan="1" width="80%"/>
      </tr>
      <tr>
        <td colspan="1" rowspan="1" class="indent2" width="20%">Other Info</td>
        <td colspan="1" rowspan="1" width="80%">This issue still applies to error type pages (401, 403, 500, etc.) as those pages are often still affected by injection issues, in which case there is still concern for browsers sniffing pages away from their actual content type.
At "High" threshold this scan rule will not alert on client or server error responses.</td>
      </tr>
      <tr>
        <td colspan="1" rowspan="1" class="indent1" width="20%">URL</td>
        <td colspan="1" rowspan="1" width="80%">
          <a shape="rect" href="https://fairplaybo.vtexassets.com/_v/public/assets/v1/published/vtex.flex-layout@0.21.3/public/react/0.min.css?workspace=master">https://fairplaybo.vtexassets.com/_v/public/assets/v1/published/vtex.flex-layout@0.21.3/public/react/0.min.css?workspace=master</a>
        </td>
      </tr>
      <tr>
        <td colspan="1" rowspan="1" class="indent2" width="20%">Method</td>
        <td colspan="1" rowspan="1" width="80%">GET</td>
      </tr>
      <tr>
        <td colspan="1" rowspan="1" class="indent2" width="20%">Parameter</td>
        <td colspan="1" rowspan="1" width="80%">x-content-type-options</td>
      </tr>
      <tr>
        <td colspan="1" rowspan="1" class="indent2" width="20%">Attack</td>
        <td colspan="1" rowspan="1" width="80%"/>
      </tr>
      <tr>
        <td colspan="1" rowspan="1" class="indent2" width="20%">Evidence</td>
        <td colspan="1" rowspan="1" width="80%"/>
      </tr>
      <tr>
        <td colspan="1" rowspan="1" class="indent2" width="20%">Other Info</td>
        <td colspan="1" rowspan="1" width="80%">This issue still applies to error type pages (401, 403, 500, etc.) as those pages are often still affected by injection issues, in which case there is still concern for browsers sniffing pages away from their actual content type.
At "High" threshold this scan rule will not alert on client or server error responses.</td>
      </tr>
      <tr>
        <td colspan="1" rowspan="1" class="indent1" width="20%">URL</td>
        <td colspan="1" rowspan="1" width="80%">
          <a shape="rect" href="https://fairplaybo.vtexassets.com/_v/public/assets/v1/published/vtex.login@2.57.3/public/react/1.min.css?workspace=master">https://fairplaybo.vtexassets.com/_v/public/assets/v1/published/vtex.login@2.57.3/public/react/1.min.css?workspace=master</a>
        </td>
      </tr>
      <tr>
        <td colspan="1" rowspan="1" class="indent2" width="20%">Method</td>
        <td colspan="1" rowspan="1" width="80%">GET</td>
      </tr>
      <tr>
        <td colspan="1" rowspan="1" class="indent2" width="20%">Parameter</td>
        <td colspan="1" rowspan="1" width="80%">x-content-type-options</td>
      </tr>
      <tr>
        <td colspan="1" rowspan="1" class="indent2" width="20%">Attack</td>
        <td colspan="1" rowspan="1" width="80%"/>
      </tr>
      <tr>
        <td colspan="1" rowspan="1" class="indent2" width="20%">Evidence</td>
        <td colspan="1" rowspan="1" width="80%"/>
      </tr>
      <tr>
        <td colspan="1" rowspan="1" class="indent2" width="20%">Other Info</td>
        <td colspan="1" rowspan="1" width="80%">This issue still applies to error type pages (401, 403, 500, etc.) as those pages are often still affected by injection issues, in which case there is still concern for browsers sniffing pages away from their actual content type.
At "High" threshold this scan rule will not alert on client or server error responses.</td>
      </tr>
      <tr>
        <td colspan="1" rowspan="1" class="indent1" width="20%">URL</td>
        <td colspan="1" rowspan="1" width="80%">
          <a shape="rect" href="https://fairplaybo.vtexassets.com/_v/public/assets/v1/published/vtex.minicart@2.67.1/public/react/Minicart.min.css?workspace=master">https://fairplaybo.vtexassets.com/_v/public/assets/v1/published/vtex.minicart@2.67.1/public/react/Minicart.min.css?workspace=master</a>
        </td>
      </tr>
      <tr>
        <td colspan="1" rowspan="1" class="indent2" width="20%">Method</td>
        <td colspan="1" rowspan="1" width="80%">GET</td>
      </tr>
      <tr>
        <td colspan="1" rowspan="1" class="indent2" width="20%">Parameter</td>
        <td colspan="1" rowspan="1" width="80%">x-content-type-options</td>
      </tr>
      <tr>
        <td colspan="1" rowspan="1" class="indent2" width="20%">Attack</td>
        <td colspan="1" rowspan="1" width="80%"/>
      </tr>
      <tr>
        <td colspan="1" rowspan="1" class="indent2" width="20%">Evidence</td>
        <td colspan="1" rowspan="1" width="80%"/>
      </tr>
      <tr>
        <td colspan="1" rowspan="1" class="indent2" width="20%">Other Info</td>
        <td colspan="1" rowspan="1" width="80%">This issue still applies to error type pages (401, 403, 500, etc.) as those pages are often still affected by injection issues, in which case there is still concern for browsers sniffing pages away from their actual content type.
At "High" threshold this scan rule will not alert on client or server error responses.</td>
      </tr>
      <tr>
        <td colspan="1" rowspan="1" class="indent1" width="20%">URL</td>
        <td colspan="1" rowspan="1" width="80%">
          <a shape="rect" href="https://fairplaybo.vtexassets.com/_v/public/assets/v1/published/vtex.product-summary@2.89.0/public/react/ProductSummaryImage.min.css?workspace=master">https://fairplaybo.vtexassets.com/_v/public/assets/v1/published/vtex.product-summary@2.89.0/public/react/ProductSummaryImage.min.css?workspace=master</a>
        </td>
      </tr>
      <tr>
        <td colspan="1" rowspan="1" class="indent2" width="20%">Method</td>
        <td colspan="1" rowspan="1" width="80%">GET</td>
      </tr>
      <tr>
        <td colspan="1" rowspan="1" class="indent2" width="20%">Parameter</td>
        <td colspan="1" rowspan="1" width="80%">x-content-type-options</td>
      </tr>
      <tr>
        <td colspan="1" rowspan="1" class="indent2" width="20%">Attack</td>
        <td colspan="1" rowspan="1" width="80%"/>
      </tr>
      <tr>
        <td colspan="1" rowspan="1" class="indent2" width="20%">Evidence</td>
        <td colspan="1" rowspan="1" width="80%"/>
      </tr>
      <tr>
        <td colspan="1" rowspan="1" class="indent2" width="20%">Other Info</td>
        <td colspan="1" rowspan="1" width="80%">This issue still applies to error type pages (401, 403, 500, etc.) as those pages are often still affected by injection issues, in which case there is still concern for browsers sniffing pages away from their actual content type.
At "High" threshold this scan rule will not alert on client or server error responses.</td>
      </tr>
      <tr>
        <td colspan="1" rowspan="1" class="indent1" width="20%">URL</td>
        <td colspan="1" rowspan="1" width="80%">
          <a shape="rect" href="https://fairplaybo.vtexassets.com/_v/public/assets/v1/published/vtex.render-runtime@8.134.2/public/react/apollo.min.js?workspace=master">https://fairplaybo.vtexassets.com/_v/public/assets/v1/published/vtex.render-runtime@8.134.2/public/react/apollo.min.js?workspace=master</a>
        </td>
      </tr>
      <tr>
        <td colspan="1" rowspan="1" class="indent2" width="20%">Method</td>
        <td colspan="1" rowspan="1" width="80%">GET</td>
      </tr>
      <tr>
        <td colspan="1" rowspan="1" class="indent2" width="20%">Parameter</td>
        <td colspan="1" rowspan="1" width="80%">x-content-type-options</td>
      </tr>
      <tr>
        <td colspan="1" rowspan="1" class="indent2" width="20%">Attack</td>
        <td colspan="1" rowspan="1" width="80%"/>
      </tr>
      <tr>
        <td colspan="1" rowspan="1" class="indent2" width="20%">Evidence</td>
        <td colspan="1" rowspan="1" width="80%"/>
      </tr>
      <tr>
        <td colspan="1" rowspan="1" class="indent2" width="20%">Other Info</td>
        <td colspan="1" rowspan="1" width="80%">This issue still applies to error type pages (401, 403, 500, etc.) as those pages are often still affected by injection issues, in which case there is still concern for browsers sniffing pages away from their actual content type.
At "High" threshold this scan rule will not alert on client or server error responses.</td>
      </tr>
      <tr>
        <td colspan="1" rowspan="1" class="indent1" width="20%">URL</td>
        <td colspan="1" rowspan="1" width="80%">
          <a shape="rect" href="https://fairplaybo.vtexassets.com/_v/public/assets/v1/published/vtex.render-runtime@8.134.2/public/react/common.min.css?workspace=master">https://fairplaybo.vtexassets.com/_v/public/assets/v1/published/vtex.render-runtime@8.134.2/public/react/common.min.css?workspace=master</a>
        </td>
      </tr>
      <tr>
        <td colspan="1" rowspan="1" class="indent2" width="20%">Method</td>
        <td colspan="1" rowspan="1" width="80%">GET</td>
      </tr>
      <tr>
        <td colspan="1" rowspan="1" class="indent2" width="20%">Parameter</td>
        <td colspan="1" rowspan="1" width="80%">x-content-type-options</td>
      </tr>
      <tr>
        <td colspan="1" rowspan="1" class="indent2" width="20%">Attack</td>
        <td colspan="1" rowspan="1" width="80%"/>
      </tr>
      <tr>
        <td colspan="1" rowspan="1" class="indent2" width="20%">Evidence</td>
        <td colspan="1" rowspan="1" width="80%"/>
      </tr>
      <tr>
        <td colspan="1" rowspan="1" class="indent2" width="20%">Other Info</td>
        <td colspan="1" rowspan="1" width="80%">This issue still applies to error type pages (401, 403, 500, etc.) as those pages are often still affected by injection issues, in which case there is still concern for browsers sniffing pages away from their actual content type.
At "High" threshold this scan rule will not alert on client or server error responses.</td>
      </tr>
      <tr>
        <td colspan="1" rowspan="1" class="indent1" width="20%">URL</td>
        <td colspan="1" rowspan="1" width="80%">
          <a shape="rect" href="https://fairplaybo.vtexassets.com/_v/public/assets/v1/published/vtex.render-runtime@8.134.2/public/react/common.min.js?workspace=master">https://fairplaybo.vtexassets.com/_v/public/assets/v1/published/vtex.render-runtime@8.134.2/public/react/common.min.js?workspace=master</a>
        </td>
      </tr>
      <tr>
        <td colspan="1" rowspan="1" class="indent2" width="20%">Method</td>
        <td colspan="1" rowspan="1" width="80%">GET</td>
      </tr>
      <tr>
        <td colspan="1" rowspan="1" class="indent2" width="20%">Parameter</td>
        <td colspan="1" rowspan="1" width="80%">x-content-type-options</td>
      </tr>
      <tr>
        <td colspan="1" rowspan="1" class="indent2" width="20%">Attack</td>
        <td colspan="1" rowspan="1" width="80%"/>
      </tr>
      <tr>
        <td colspan="1" rowspan="1" class="indent2" width="20%">Evidence</td>
        <td colspan="1" rowspan="1" width="80%"/>
      </tr>
      <tr>
        <td colspan="1" rowspan="1" class="indent2" width="20%">Other Info</td>
        <td colspan="1" rowspan="1" width="80%">This issue still applies to error type pages (401, 403, 500, etc.) as those pages are often still affected by injection issues, in which case there is still concern for browsers sniffing pages away from their actual content type.
At "High" threshold this scan rule will not alert on client or server error responses.</td>
      </tr>
      <tr>
        <td colspan="1" rowspan="1" class="indent1" width="20%">URL</td>
        <td colspan="1" rowspan="1" width="80%">
          <a shape="rect" href="https://fairplaybo.vtexassets.com/_v/public/assets/v1/published/vtex.render-runtime@8.134.2/public/react/graphql.min.js?workspace=master">https://fairplaybo.vtexassets.com/_v/public/assets/v1/published/vtex.render-runtime@8.134.2/public/react/graphql.min.js?workspace=master</a>
        </td>
      </tr>
      <tr>
        <td colspan="1" rowspan="1" class="indent2" width="20%">Method</td>
        <td colspan="1" rowspan="1" width="80%">GET</td>
      </tr>
      <tr>
        <td colspan="1" rowspan="1" class="indent2" width="20%">Parameter</td>
        <td colspan="1" rowspan="1" width="80%">x-content-type-options</td>
      </tr>
      <tr>
        <td colspan="1" rowspan="1" class="indent2" width="20%">Attack</td>
        <td colspan="1" rowspan="1" width="80%"/>
      </tr>
      <tr>
        <td colspan="1" rowspan="1" class="indent2" width="20%">Evidence</td>
        <td colspan="1" rowspan="1" width="80%"/>
      </tr>
      <tr>
        <td colspan="1" rowspan="1" class="indent2" width="20%">Other Info</td>
        <td colspan="1" rowspan="1" width="80%">This issue still applies to error type pages (401, 403, 500, etc.) as those pages are often still affected by injection issues, in which case there is still concern for browsers sniffing pages away from their actual content type.
At "High" threshold this scan rule will not alert on client or server error responses.</td>
      </tr>
      <tr>
        <td colspan="1" rowspan="1" class="indent1" width="20%">URL</td>
        <td colspan="1" rowspan="1" width="80%">
          <a shape="rect" href="https://fairplaybo.vtexassets.com/_v/public/assets/v1/published/vtex.render-runtime@8.134.2/public/react/index.min.js?workspace=master">https://fairplaybo.vtexassets.com/_v/public/assets/v1/published/vtex.render-runtime@8.134.2/public/react/index.min.js?workspace=master</a>
        </td>
      </tr>
      <tr>
        <td colspan="1" rowspan="1" class="indent2" width="20%">Method</td>
        <td colspan="1" rowspan="1" width="80%">GET</td>
      </tr>
      <tr>
        <td colspan="1" rowspan="1" class="indent2" width="20%">Parameter</td>
        <td colspan="1" rowspan="1" width="80%">x-content-type-options</td>
      </tr>
      <tr>
        <td colspan="1" rowspan="1" class="indent2" width="20%">Attack</td>
        <td colspan="1" rowspan="1" width="80%"/>
      </tr>
      <tr>
        <td colspan="1" rowspan="1" class="indent2" width="20%">Evidence</td>
        <td colspan="1" rowspan="1" width="80%"/>
      </tr>
      <tr>
        <td colspan="1" rowspan="1" class="indent2" width="20%">Other Info</td>
        <td colspan="1" rowspan="1" width="80%">This issue still applies to error type pages (401, 403, 500, etc.) as those pages are often still affected by injection issues, in which case there is still concern for browsers sniffing pages away from their actual content type.
At "High" threshold this scan rule will not alert on client or server error responses.</td>
      </tr>
      <tr>
        <td colspan="1" rowspan="1" class="indent1" width="20%">URL</td>
        <td colspan="1" rowspan="1" width="80%">
          <a shape="rect" href="https://fairplaybo.vtexassets.com/_v/public/assets/v1/published/vtex.rich-text@0.16.0/public/react/index.min.css?workspace=master">https://fairplaybo.vtexassets.com/_v/public/assets/v1/published/vtex.rich-text@0.16.0/public/react/index.min.css?workspace=master</a>
        </td>
      </tr>
      <tr>
        <td colspan="1" rowspan="1" class="indent2" width="20%">Method</td>
        <td colspan="1" rowspan="1" width="80%">GET</td>
      </tr>
      <tr>
        <td colspan="1" rowspan="1" class="indent2" width="20%">Parameter</td>
        <td colspan="1" rowspan="1" width="80%">x-content-type-options</td>
      </tr>
      <tr>
        <td colspan="1" rowspan="1" class="indent2" width="20%">Attack</td>
        <td colspan="1" rowspan="1" width="80%"/>
      </tr>
      <tr>
        <td colspan="1" rowspan="1" class="indent2" width="20%">Evidence</td>
        <td colspan="1" rowspan="1" width="80%"/>
      </tr>
      <tr>
        <td colspan="1" rowspan="1" class="indent2" width="20%">Other Info</td>
        <td colspan="1" rowspan="1" width="80%">This issue still applies to error type pages (401, 403, 500, etc.) as those pages are often still affected by injection issues, in which case there is still concern for browsers sniffing pages away from their actual content type.
At "High" threshold this scan rule will not alert on client or server error responses.</td>
      </tr>
      <tr>
        <td colspan="1" rowspan="1" class="indent1" width="20%">URL</td>
        <td colspan="1" rowspan="1" width="80%">
          <a shape="rect" href="https://fairplaybo.vtexassets.com/_v/public/assets/v1/published/vtex.search@1.5.1/public/react/Autocomplete.min.css?workspace=master">https://fairplaybo.vtexassets.com/_v/public/assets/v1/published/vtex.search@1.5.1/public/react/Autocomplete.min.css?workspace=master</a>
        </td>
      </tr>
      <tr>
        <td colspan="1" rowspan="1" class="indent2" width="20%">Method</td>
        <td colspan="1" rowspan="1" width="80%">GET</td>
      </tr>
      <tr>
        <td colspan="1" rowspan="1" class="indent2" width="20%">Parameter</td>
        <td colspan="1" rowspan="1" width="80%">x-content-type-options</td>
      </tr>
      <tr>
        <td colspan="1" rowspan="1" class="indent2" width="20%">Attack</td>
        <td colspan="1" rowspan="1" width="80%"/>
      </tr>
      <tr>
        <td colspan="1" rowspan="1" class="indent2" width="20%">Evidence</td>
        <td colspan="1" rowspan="1" width="80%"/>
      </tr>
      <tr>
        <td colspan="1" rowspan="1" class="indent2" width="20%">Other Info</td>
        <td colspan="1" rowspan="1" width="80%">This issue still applies to error type pages (401, 403, 500, etc.) as those pages are often still affected by injection issues, in which case there is still concern for browsers sniffing pages away from their actual content type.
At "High" threshold this scan rule will not alert on client or server error responses.</td>
      </tr>
      <tr>
        <td colspan="1" rowspan="1" class="indent1" width="20%">URL</td>
        <td colspan="1" rowspan="1" width="80%">
          <a shape="rect" href="https://fairplaybo.vtexassets.com/_v/public/assets/v1/published/vtex.store-components@3.171.0/public/react/4.min.css?workspace=master">https://fairplaybo.vtexassets.com/_v/public/assets/v1/published/vtex.store-components@3.171.0/public/react/4.min.css?workspace=master</a>
        </td>
      </tr>
      <tr>
        <td colspan="1" rowspan="1" class="indent2" width="20%">Method</td>
        <td colspan="1" rowspan="1" width="80%">GET</td>
      </tr>
      <tr>
        <td colspan="1" rowspan="1" class="indent2" width="20%">Parameter</td>
        <td colspan="1" rowspan="1" width="80%">x-content-type-options</td>
      </tr>
      <tr>
        <td colspan="1" rowspan="1" class="indent2" width="20%">Attack</td>
        <td colspan="1" rowspan="1" width="80%"/>
      </tr>
      <tr>
        <td colspan="1" rowspan="1" class="indent2" width="20%">Evidence</td>
        <td colspan="1" rowspan="1" width="80%"/>
      </tr>
      <tr>
        <td colspan="1" rowspan="1" class="indent2" width="20%">Other Info</td>
        <td colspan="1" rowspan="1" width="80%">This issue still applies to error type pages (401, 403, 500, etc.) as those pages are often still affected by injection issues, in which case there is still concern for browsers sniffing pages away from their actual content type.
At "High" threshold this scan rule will not alert on client or server error responses.</td>
      </tr>
      <tr>
        <td colspan="1" rowspan="1" class="indent1" width="20%">URL</td>
        <td colspan="1" rowspan="1" width="80%">
          <a shape="rect" href="https://fairplaybo.vtexassets.com/_v/public/assets/v1/published/vtex.store-components@3.171.0/public/react/Container.min.css?workspace=master">https://fairplaybo.vtexassets.com/_v/public/assets/v1/published/vtex.store-components@3.171.0/public/react/Container.min.css?workspace=master</a>
        </td>
      </tr>
      <tr>
        <td colspan="1" rowspan="1" class="indent2" width="20%">Method</td>
        <td colspan="1" rowspan="1" width="80%">GET</td>
      </tr>
      <tr>
        <td colspan="1" rowspan="1" class="indent2" width="20%">Parameter</td>
        <td colspan="1" rowspan="1" width="80%">x-content-type-options</td>
      </tr>
      <tr>
        <td colspan="1" rowspan="1" class="indent2" width="20%">Attack</td>
        <td colspan="1" rowspan="1" width="80%"/>
      </tr>
      <tr>
        <td colspan="1" rowspan="1" class="indent2" width="20%">Evidence</td>
        <td colspan="1" rowspan="1" width="80%"/>
      </tr>
      <tr>
        <td colspan="1" rowspan="1" class="indent2" width="20%">Other Info</td>
        <td colspan="1" rowspan="1" width="80%">This issue still applies to error type pages (401, 403, 500, etc.) as those pages are often still affected by injection issues, in which case there is still concern for browsers sniffing pages away from their actual content type.
At "High" threshold this scan rule will not alert on client or server error responses.</td>
      </tr>
      <tr>
        <td colspan="1" rowspan="1" class="indent1" width="20%">URL</td>
        <td colspan="1" rowspan="1" width="80%">
          <a shape="rect" href="https://fairplaybo.vtexassets.com/_v/public/assets/v1/published/vtex.store-components@3.171.0/public/react/DiscountBadge.min.css?workspace=master">https://fairplaybo.vtexassets.com/_v/public/assets/v1/published/vtex.store-components@3.171.0/public/react/DiscountBadge.min.css?workspace=master</a>
        </td>
      </tr>
      <tr>
        <td colspan="1" rowspan="1" class="indent2" width="20%">Method</td>
        <td colspan="1" rowspan="1" width="80%">GET</td>
      </tr>
      <tr>
        <td colspan="1" rowspan="1" class="indent2" width="20%">Parameter</td>
        <td colspan="1" rowspan="1" width="80%">x-content-type-options</td>
      </tr>
      <tr>
        <td colspan="1" rowspan="1" class="indent2" width="20%">Attack</td>
        <td colspan="1" rowspan="1" width="80%"/>
      </tr>
      <tr>
        <td colspan="1" rowspan="1" class="indent2" width="20%">Evidence</td>
        <td colspan="1" rowspan="1" width="80%"/>
      </tr>
      <tr>
        <td colspan="1" rowspan="1" class="indent2" width="20%">Other Info</td>
        <td colspan="1" rowspan="1" width="80%">This issue still applies to error type pages (401, 403, 500, etc.) as those pages are often still affected by injection issues, in which case there is still concern for browsers sniffing pages away from their actual content type.
At "High" threshold this scan rule will not alert on client or server error responses.</td>
      </tr>
      <tr>
        <td colspan="1" rowspan="1" class="indent1" width="20%">URL</td>
        <td colspan="1" rowspan="1" width="80%">
          <a shape="rect" href="https://fairplaybo.vtexassets.com/_v/public/assets/v1/published/vtex.store-components@3.171.0/public/react/Logo.min.css?workspace=master">https://fairplaybo.vtexassets.com/_v/public/assets/v1/published/vtex.store-components@3.171.0/public/react/Logo.min.css?workspace=master</a>
        </td>
      </tr>
      <tr>
        <td colspan="1" rowspan="1" class="indent2" width="20%">Method</td>
        <td colspan="1" rowspan="1" width="80%">GET</td>
      </tr>
      <tr>
        <td colspan="1" rowspan="1" class="indent2" width="20%">Parameter</td>
        <td colspan="1" rowspan="1" width="80%">x-content-type-options</td>
      </tr>
      <tr>
        <td colspan="1" rowspan="1" class="indent2" width="20%">Attack</td>
        <td colspan="1" rowspan="1" width="80%"/>
      </tr>
      <tr>
        <td colspan="1" rowspan="1" class="indent2" width="20%">Evidence</td>
        <td colspan="1" rowspan="1" width="80%"/>
      </tr>
      <tr>
        <td colspan="1" rowspan="1" class="indent2" width="20%">Other Info</td>
        <td colspan="1" rowspan="1" width="80%">This issue still applies to error type pages (401, 403, 500, etc.) as those pages are often still affected by injection issues, in which case there is still concern for browsers sniffing pages away from their actual content type.
At "High" threshold this scan rule will not alert on client or server error responses.</td>
      </tr>
      <tr>
        <td colspan="1" rowspan="1" class="indent1" width="20%">URL</td>
        <td colspan="1" rowspan="1" width="80%">
          <a shape="rect" href="https://fairplaybo.vtexassets.com/_v/public/assets/v1/published/vtex.store-components@3.171.0/public/react/SearchBar.min.css?workspace=master">https://fairplaybo.vtexassets.com/_v/public/assets/v1/published/vtex.store-components@3.171.0/public/react/SearchBar.min.css?workspace=master</a>
        </td>
      </tr>
      <tr>
        <td colspan="1" rowspan="1" class="indent2" width="20%">Method</td>
        <td colspan="1" rowspan="1" width="80%">GET</td>
      </tr>
      <tr>
        <td colspan="1" rowspan="1" class="indent2" width="20%">Parameter</td>
        <td colspan="1" rowspan="1" width="80%">x-content-type-options</td>
      </tr>
      <tr>
        <td colspan="1" rowspan="1" class="indent2" width="20%">Attack</td>
        <td colspan="1" rowspan="1" width="80%"/>
      </tr>
      <tr>
        <td colspan="1" rowspan="1" class="indent2" width="20%">Evidence</td>
        <td colspan="1" rowspan="1" width="80%"/>
      </tr>
      <tr>
        <td colspan="1" rowspan="1" class="indent2" width="20%">Other Info</td>
        <td colspan="1" rowspan="1" width="80%">This issue still applies to error type pages (401, 403, 500, etc.) as those pages are often still affected by injection issues, in which case there is still concern for browsers sniffing pages away from their actual content type.
At "High" threshold this scan rule will not alert on client or server error responses.</td>
      </tr>
      <tr>
        <td colspan="1" rowspan="1" class="indent1" width="20%">URL</td>
        <td colspan="1" rowspan="1" width="80%">
          <a shape="rect" href="https://fairplaybo.vtexassets.com/_v/public/assets/v1/published/vtex.store-drawer@0.17.0/public/react/0.min.js">https://fairplaybo.vtexassets.com/_v/public/assets/v1/published/vtex.store-drawer@0.17.0/public/react/0.min.js</a>
        </td>
      </tr>
      <tr>
        <td colspan="1" rowspan="1" class="indent2" width="20%">Method</td>
        <td colspan="1" rowspan="1" width="80%">GET</td>
      </tr>
      <tr>
        <td colspan="1" rowspan="1" class="indent2" width="20%">Parameter</td>
        <td colspan="1" rowspan="1" width="80%">x-content-type-options</td>
      </tr>
      <tr>
        <td colspan="1" rowspan="1" class="indent2" width="20%">Attack</td>
        <td colspan="1" rowspan="1" width="80%"/>
      </tr>
      <tr>
        <td colspan="1" rowspan="1" class="indent2" width="20%">Evidence</td>
        <td colspan="1" rowspan="1" width="80%"/>
      </tr>
      <tr>
        <td colspan="1" rowspan="1" class="indent2" width="20%">Other Info</td>
        <td colspan="1" rowspan="1" width="80%">This issue still applies to error type pages (401, 403, 500, etc.) as those pages are often still affected by injection issues, in which case there is still concern for browsers sniffing pages away from their actual content type.
At "High" threshold this scan rule will not alert on client or server error responses.</td>
      </tr>
      <tr>
        <td colspan="1" rowspan="1" class="indent1" width="20%">URL</td>
        <td colspan="1" rowspan="1" width="80%">
          <a shape="rect" href="https://fairplaybo.vtexassets.com/_v/public/assets/v1/published/vtex.store-footer@2.27.0/public/react/common.min.js">https://fairplaybo.vtexassets.com/_v/public/assets/v1/published/vtex.store-footer@2.27.0/public/react/common.min.js</a>
        </td>
      </tr>
      <tr>
        <td colspan="1" rowspan="1" class="indent2" width="20%">Method</td>
        <td colspan="1" rowspan="1" width="80%">GET</td>
      </tr>
      <tr>
        <td colspan="1" rowspan="1" class="indent2" width="20%">Parameter</td>
        <td colspan="1" rowspan="1" width="80%">x-content-type-options</td>
      </tr>
      <tr>
        <td colspan="1" rowspan="1" class="indent2" width="20%">Attack</td>
        <td colspan="1" rowspan="1" width="80%"/>
      </tr>
      <tr>
        <td colspan="1" rowspan="1" class="indent2" width="20%">Evidence</td>
        <td colspan="1" rowspan="1" width="80%"/>
      </tr>
      <tr>
        <td colspan="1" rowspan="1" class="indent2" width="20%">Other Info</td>
        <td colspan="1" rowspan="1" width="80%">This issue still applies to error type pages (401, 403, 500, etc.) as those pages are often still affected by injection issues, in which case there is still concern for browsers sniffing pages away from their actual content type.
At "High" threshold this scan rule will not alert on client or server error responses.</td>
      </tr>
      <tr>
        <td colspan="1" rowspan="1" class="indent1" width="20%">URL</td>
        <td colspan="1" rowspan="1" width="80%">
          <a shape="rect" href="https://fairplaybo.vtexassets.com/_v/public/assets/v1/published/vtex.store-footer@2.27.0/public/react/Footer.min.js">https://fairplaybo.vtexassets.com/_v/public/assets/v1/published/vtex.store-footer@2.27.0/public/react/Footer.min.js</a>
        </td>
      </tr>
      <tr>
        <td colspan="1" rowspan="1" class="indent2" width="20%">Method</td>
        <td colspan="1" rowspan="1" width="80%">GET</td>
      </tr>
      <tr>
        <td colspan="1" rowspan="1" class="indent2" width="20%">Parameter</td>
        <td colspan="1" rowspan="1" width="80%">x-content-type-options</td>
      </tr>
      <tr>
        <td colspan="1" rowspan="1" class="indent2" width="20%">Attack</td>
        <td colspan="1" rowspan="1" width="80%"/>
      </tr>
      <tr>
        <td colspan="1" rowspan="1" class="indent2" width="20%">Evidence</td>
        <td colspan="1" rowspan="1" width="80%"/>
      </tr>
      <tr>
        <td colspan="1" rowspan="1" class="indent2" width="20%">Other Info</td>
        <td colspan="1" rowspan="1" width="80%">This issue still applies to error type pages (401, 403, 500, etc.) as those pages are often still affected by injection issues, in which case there is still concern for browsers sniffing pages away from their actual content type.
At "High" threshold this scan rule will not alert on client or server error responses.</td>
      </tr>
      <tr>
        <td colspan="1" rowspan="1" class="indent1" width="20%">URL</td>
        <td colspan="1" rowspan="1" width="80%">
          <a shape="rect" href="https://fairplaybo.vtexassets.com/_v/public/assets/v1/published/vtex.store-footer@2.27.0/public/react/FooterLayout.min.js">https://fairplaybo.vtexassets.com/_v/public/assets/v1/published/vtex.store-footer@2.27.0/public/react/FooterLayout.min.js</a>
        </td>
      </tr>
      <tr>
        <td colspan="1" rowspan="1" class="indent2" width="20%">Method</td>
        <td colspan="1" rowspan="1" width="80%">GET</td>
      </tr>
      <tr>
        <td colspan="1" rowspan="1" class="indent2" width="20%">Parameter</td>
        <td colspan="1" rowspan="1" width="80%">x-content-type-options</td>
      </tr>
      <tr>
        <td colspan="1" rowspan="1" class="indent2" width="20%">Attack</td>
        <td colspan="1" rowspan="1" width="80%"/>
      </tr>
      <tr>
        <td colspan="1" rowspan="1" class="indent2" width="20%">Evidence</td>
        <td colspan="1" rowspan="1" width="80%"/>
      </tr>
      <tr>
        <td colspan="1" rowspan="1" class="indent2" width="20%">Other Info</td>
        <td colspan="1" rowspan="1" width="80%">This issue still applies to error type pages (401, 403, 500, etc.) as those pages are often still affected by injection issues, in which case there is still concern for browsers sniffing pages away from their actual content type.
At "High" threshold this scan rule will not alert on client or server error responses.</td>
      </tr>
      <tr>
        <td colspan="1" rowspan="1" class="indent1" width="20%">URL</td>
        <td colspan="1" rowspan="1" width="80%">
          <a shape="rect" href="https://fairplaybo.vtexassets.com/_v/public/assets/v1/published/vtex.store-footer@2.27.0/public/react/SocialNetworks.min.js">https://fairplaybo.vtexassets.com/_v/public/assets/v1/published/vtex.store-footer@2.27.0/public/react/SocialNetworks.min.js</a>
        </td>
      </tr>
      <tr>
        <td colspan="1" rowspan="1" class="indent2" width="20%">Method</td>
        <td colspan="1" rowspan="1" width="80%">GET</td>
      </tr>
      <tr>
        <td colspan="1" rowspan="1" class="indent2" width="20%">Parameter</td>
        <td colspan="1" rowspan="1" width="80%">x-content-type-options</td>
      </tr>
      <tr>
        <td colspan="1" rowspan="1" class="indent2" width="20%">Attack</td>
        <td colspan="1" rowspan="1" width="80%"/>
      </tr>
      <tr>
        <td colspan="1" rowspan="1" class="indent2" width="20%">Evidence</td>
        <td colspan="1" rowspan="1" width="80%"/>
      </tr>
      <tr>
        <td colspan="1" rowspan="1" class="indent2" width="20%">Other Info</td>
        <td colspan="1" rowspan="1" width="80%">This issue still applies to error type pages (401, 403, 500, etc.) as those pages are often still affected by injection issues, in which case there is still concern for browsers sniffing pages away from their actual content type.
At "High" threshold this scan rule will not alert on client or server error responses.</td>
      </tr>
      <tr>
        <td colspan="1" rowspan="1" class="indent1" width="20%">URL</td>
        <td colspan="1" rowspan="1" width="80%">
          <a shape="rect" href="https://fairplaybo.vtexassets.com/_v/public/assets/v1/published/vtex.store-icons@0.18.0/public/react/IconAssistantSales.min.js">https://fairplaybo.vtexassets.com/_v/public/assets/v1/published/vtex.store-icons@0.18.0/public/react/IconAssistantSales.min.js</a>
        </td>
      </tr>
      <tr>
        <td colspan="1" rowspan="1" class="indent2" width="20%">Method</td>
        <td colspan="1" rowspan="1" width="80%">GET</td>
      </tr>
      <tr>
        <td colspan="1" rowspan="1" class="indent2" width="20%">Parameter</td>
        <td colspan="1" rowspan="1" width="80%">x-content-type-options</td>
      </tr>
      <tr>
        <td colspan="1" rowspan="1" class="indent2" width="20%">Attack</td>
        <td colspan="1" rowspan="1" width="80%"/>
      </tr>
      <tr>
        <td colspan="1" rowspan="1" class="indent2" width="20%">Evidence</td>
        <td colspan="1" rowspan="1" width="80%"/>
      </tr>
      <tr>
        <td colspan="1" rowspan="1" class="indent2" width="20%">Other Info</td>
        <td colspan="1" rowspan="1" width="80%">This issue still applies to error type pages (401, 403, 500, etc.) as those pages are often still affected by injection issues, in which case there is still concern for browsers sniffing pages away from their actual content type.
At "High" threshold this scan rule will not alert on client or server error responses.</td>
      </tr>
      <tr>
        <td colspan="1" rowspan="1" class="indent1" width="20%">URL</td>
        <td colspan="1" rowspan="1" width="80%">
          <a shape="rect" href="https://fairplaybo.vtexassets.com/_v/public/assets/v1/published/vtex.store-resources@0.93.0/public/react/QuerySession.min.js">https://fairplaybo.vtexassets.com/_v/public/assets/v1/published/vtex.store-resources@0.93.0/public/react/QuerySession.min.js</a>
        </td>
      </tr>
      <tr>
        <td colspan="1" rowspan="1" class="indent2" width="20%">Method</td>
        <td colspan="1" rowspan="1" width="80%">GET</td>
      </tr>
      <tr>
        <td colspan="1" rowspan="1" class="indent2" width="20%">Parameter</td>
        <td colspan="1" rowspan="1" width="80%">x-content-type-options</td>
      </tr>
      <tr>
        <td colspan="1" rowspan="1" class="indent2" width="20%">Attack</td>
        <td colspan="1" rowspan="1" width="80%"/>
      </tr>
      <tr>
        <td colspan="1" rowspan="1" class="indent2" width="20%">Evidence</td>
        <td colspan="1" rowspan="1" width="80%"/>
      </tr>
      <tr>
        <td colspan="1" rowspan="1" class="indent2" width="20%">Other Info</td>
        <td colspan="1" rowspan="1" width="80%">This issue still applies to error type pages (401, 403, 500, etc.) as those pages are often still affected by injection issues, in which case there is still concern for browsers sniffing pages away from their actual content type.
At "High" threshold this scan rule will not alert on client or server error responses.</td>
      </tr>
      <tr>
        <td colspan="1" rowspan="1" class="indent1" width="20%">URL</td>
        <td colspan="1" rowspan="1" width="80%">
          <a shape="rect" href="https://fairplaybo.vtexassets.com/_v/public/assets/v1/published/vtex.styleguide@9.146.9/public/react/0.min.css?workspace=master">https://fairplaybo.vtexassets.com/_v/public/assets/v1/published/vtex.styleguide@9.146.9/public/react/0.min.css?workspace=master</a>
        </td>
      </tr>
      <tr>
        <td colspan="1" rowspan="1" class="indent2" width="20%">Method</td>
        <td colspan="1" rowspan="1" width="80%">GET</td>
      </tr>
      <tr>
        <td colspan="1" rowspan="1" class="indent2" width="20%">Parameter</td>
        <td colspan="1" rowspan="1" width="80%">x-content-type-options</td>
      </tr>
      <tr>
        <td colspan="1" rowspan="1" class="indent2" width="20%">Attack</td>
        <td colspan="1" rowspan="1" width="80%"/>
      </tr>
      <tr>
        <td colspan="1" rowspan="1" class="indent2" width="20%">Evidence</td>
        <td colspan="1" rowspan="1" width="80%"/>
      </tr>
      <tr>
        <td colspan="1" rowspan="1" class="indent2" width="20%">Other Info</td>
        <td colspan="1" rowspan="1" width="80%">This issue still applies to error type pages (401, 403, 500, etc.) as those pages are often still affected by injection issues, in which case there is still concern for browsers sniffing pages away from their actual content type.
At "High" threshold this scan rule will not alert on client or server error responses.</td>
      </tr>
      <tr>
        <td colspan="1" rowspan="1" class="indent1" width="20%">URL</td>
        <td colspan="1" rowspan="1" width="80%">
          <a shape="rect" href="https://fairplaybo.vtexassets.com/_v/public/assets/v1/published/vtex.styleguide@9.146.9/public/react/1.min.css?workspace=master">https://fairplaybo.vtexassets.com/_v/public/assets/v1/published/vtex.styleguide@9.146.9/public/react/1.min.css?workspace=master</a>
        </td>
      </tr>
      <tr>
        <td colspan="1" rowspan="1" class="indent2" width="20%">Method</td>
        <td colspan="1" rowspan="1" width="80%">GET</td>
      </tr>
      <tr>
        <td colspan="1" rowspan="1" class="indent2" width="20%">Parameter</td>
        <td colspan="1" rowspan="1" width="80%">x-content-type-options</td>
      </tr>
      <tr>
        <td colspan="1" rowspan="1" class="indent2" width="20%">Attack</td>
        <td colspan="1" rowspan="1" width="80%"/>
      </tr>
      <tr>
        <td colspan="1" rowspan="1" class="indent2" width="20%">Evidence</td>
        <td colspan="1" rowspan="1" width="80%"/>
      </tr>
      <tr>
        <td colspan="1" rowspan="1" class="indent2" width="20%">Other Info</td>
        <td colspan="1" rowspan="1" width="80%">This issue still applies to error type pages (401, 403, 500, etc.) as those pages are often still affected by injection issues, in which case there is still concern for browsers sniffing pages away from their actual content type.
At "High" threshold this scan rule will not alert on client or server error responses.</td>
      </tr>
      <tr>
        <td colspan="1" rowspan="1" class="indent1" width="20%">URL</td>
        <td colspan="1" rowspan="1" width="80%">
          <a shape="rect" href="https://fairplaybo.vtexassets.com/_v/public/assets/v1/published/vtex.styleguide@9.146.9/public/react/Spinner.min.css?workspace=master">https://fairplaybo.vtexassets.com/_v/public/assets/v1/published/vtex.styleguide@9.146.9/public/react/Spinner.min.css?workspace=master</a>
        </td>
      </tr>
      <tr>
        <td colspan="1" rowspan="1" class="indent2" width="20%">Method</td>
        <td colspan="1" rowspan="1" width="80%">GET</td>
      </tr>
      <tr>
        <td colspan="1" rowspan="1" class="indent2" width="20%">Parameter</td>
        <td colspan="1" rowspan="1" width="80%">x-content-type-options</td>
      </tr>
      <tr>
        <td colspan="1" rowspan="1" class="indent2" width="20%">Attack</td>
        <td colspan="1" rowspan="1" width="80%"/>
      </tr>
      <tr>
        <td colspan="1" rowspan="1" class="indent2" width="20%">Evidence</td>
        <td colspan="1" rowspan="1" width="80%"/>
      </tr>
      <tr>
        <td colspan="1" rowspan="1" class="indent2" width="20%">Other Info</td>
        <td colspan="1" rowspan="1" width="80%">This issue still applies to error type pages (401, 403, 500, etc.) as those pages are often still affected by injection issues, in which case there is still concern for browsers sniffing pages away from their actual content type.
At "High" threshold this scan rule will not alert on client or server error responses.</td>
      </tr>
      <tr>
        <td colspan="1" rowspan="1" class="indent1" width="20%">URL</td>
        <td colspan="1" rowspan="1" width="80%">
          <a shape="rect" href="https://fairplaybo.vtexassets.com/_v/public/assets/v1/published/vtex.telemarketing@2.12.1/public/react/index.min.js">https://fairplaybo.vtexassets.com/_v/public/assets/v1/published/vtex.telemarketing@2.12.1/public/react/index.min.js</a>
        </td>
      </tr>
      <tr>
        <td colspan="1" rowspan="1" class="indent2" width="20%">Method</td>
        <td colspan="1" rowspan="1" width="80%">GET</td>
      </tr>
      <tr>
        <td colspan="1" rowspan="1" class="indent2" width="20%">Parameter</td>
        <td colspan="1" rowspan="1" width="80%">x-content-type-options</td>
      </tr>
      <tr>
        <td colspan="1" rowspan="1" class="indent2" width="20%">Attack</td>
        <td colspan="1" rowspan="1" width="80%"/>
      </tr>
      <tr>
        <td colspan="1" rowspan="1" class="indent2" width="20%">Evidence</td>
        <td colspan="1" rowspan="1" width="80%"/>
      </tr>
      <tr>
        <td colspan="1" rowspan="1" class="indent2" width="20%">Other Info</td>
        <td colspan="1" rowspan="1" width="80%">This issue still applies to error type pages (401, 403, 500, etc.) as those pages are often still affected by injection issues, in which case there is still concern for browsers sniffing pages away from their actual content type.
At "High" threshold this scan rule will not alert on client or server error responses.</td>
      </tr>
      <tr>
        <td colspan="1" rowspan="1" class="indent1" width="20%">URL</td>
        <td colspan="1" rowspan="1" width="80%">
          <a shape="rect" href="https://fairplaybo.vtexassets.com/_v/public/assets/v1/published/vtex.wish-list@1.16.2/public/react/AddProductBtn.min.css?workspace=master">https://fairplaybo.vtexassets.com/_v/public/assets/v1/published/vtex.wish-list@1.16.2/public/react/AddProductBtn.min.css?workspace=master</a>
        </td>
      </tr>
      <tr>
        <td colspan="1" rowspan="1" class="indent2" width="20%">Method</td>
        <td colspan="1" rowspan="1" width="80%">GET</td>
      </tr>
      <tr>
        <td colspan="1" rowspan="1" class="indent2" width="20%">Parameter</td>
        <td colspan="1" rowspan="1" width="80%">x-content-type-options</td>
      </tr>
      <tr>
        <td colspan="1" rowspan="1" class="indent2" width="20%">Attack</td>
        <td colspan="1" rowspan="1" width="80%"/>
      </tr>
      <tr>
        <td colspan="1" rowspan="1" class="indent2" width="20%">Evidence</td>
        <td colspan="1" rowspan="1" width="80%"/>
      </tr>
      <tr>
        <td colspan="1" rowspan="1" class="indent2" width="20%">Other Info</td>
        <td colspan="1" rowspan="1" width="80%">This issue still applies to error type pages (401, 403, 500, etc.) as those pages are often still affected by injection issues, in which case there is still concern for browsers sniffing pages away from their actual content type.
At "High" threshold this scan rule will not alert on client or server error responses.</td>
      </tr>
      <tr>
        <td colspan="1" rowspan="1" class="indent1" width="20%">URL</td>
        <td colspan="1" rowspan="1" width="80%">
          <a shape="rect" href="https://fairplaybo.vtexassets.com/_v/public/vtex.styles-graphql/v1/overrides/fairplaybo.fairplay-theme@1.0.5$fonts.css?v=1&amp;workspace=master">https://fairplaybo.vtexassets.com/_v/public/vtex.styles-graphql/v1/overrides/fairplaybo.fairplay-theme@1.0.5$fonts.css?v=1&amp;workspace=master</a>
        </td>
      </tr>
      <tr>
        <td colspan="1" rowspan="1" class="indent2" width="20%">Method</td>
        <td colspan="1" rowspan="1" width="80%">GET</td>
      </tr>
      <tr>
        <td colspan="1" rowspan="1" class="indent2" width="20%">Parameter</td>
        <td colspan="1" rowspan="1" width="80%">x-content-type-options</td>
      </tr>
      <tr>
        <td colspan="1" rowspan="1" class="indent2" width="20%">Attack</td>
        <td colspan="1" rowspan="1" width="80%"/>
      </tr>
      <tr>
        <td colspan="1" rowspan="1" class="indent2" width="20%">Evidence</td>
        <td colspan="1" rowspan="1" width="80%"/>
      </tr>
      <tr>
        <td colspan="1" rowspan="1" class="indent2" width="20%">Other Info</td>
        <td colspan="1" rowspan="1" width="80%">This issue still applies to error type pages (401, 403, 500, etc.) as those pages are often still affected by injection issues, in which case there is still concern for browsers sniffing pages away from their actual content type.
At "High" threshold this scan rule will not alert on client or server error responses.</td>
      </tr>
      <tr>
        <td colspan="1" rowspan="1" class="indent1" width="20%">URL</td>
        <td colspan="1" rowspan="1" width="80%">
          <a shape="rect" href="https://fairplaybo.vtexassets.com/_v/public/vtex.styles-graphql/v1/overrides/fairplaybo.fairplay-theme@1.0.5$overrides.css?v=1&amp;workspace=master">https://fairplaybo.vtexassets.com/_v/public/vtex.styles-graphql/v1/overrides/fairplaybo.fairplay-theme@1.0.5$overrides.css?v=1&amp;workspace=master</a>
        </td>
      </tr>
      <tr>
        <td colspan="1" rowspan="1" class="indent2" width="20%">Method</td>
        <td colspan="1" rowspan="1" width="80%">GET</td>
      </tr>
      <tr>
        <td colspan="1" rowspan="1" class="indent2" width="20%">Parameter</td>
        <td colspan="1" rowspan="1" width="80%">x-content-type-options</td>
      </tr>
      <tr>
        <td colspan="1" rowspan="1" class="indent2" width="20%">Attack</td>
        <td colspan="1" rowspan="1" width="80%"/>
      </tr>
      <tr>
        <td colspan="1" rowspan="1" class="indent2" width="20%">Evidence</td>
        <td colspan="1" rowspan="1" width="80%"/>
      </tr>
      <tr>
        <td colspan="1" rowspan="1" class="indent2" width="20%">Other Info</td>
        <td colspan="1" rowspan="1" width="80%">This issue still applies to error type pages (401, 403, 500, etc.) as those pages are often still affected by injection issues, in which case there is still concern for browsers sniffing pages away from their actual content type.
At "High" threshold this scan rule will not alert on client or server error responses.</td>
      </tr>
      <tr>
        <td colspan="1" rowspan="1" class="indent1" width="20%">URL</td>
        <td colspan="1" rowspan="1" width="80%">
          <a shape="rect" href="https://fairplaybo.vtexassets.com/_v/public/vtex.styles-graphql/v1/overrides/vtex.minicart@2.67.1$overrides.css?v=1&amp;workspace=master">https://fairplaybo.vtexassets.com/_v/public/vtex.styles-graphql/v1/overrides/vtex.minicart@2.67.1$overrides.css?v=1&amp;workspace=master</a>
        </td>
      </tr>
      <tr>
        <td colspan="1" rowspan="1" class="indent2" width="20%">Method</td>
        <td colspan="1" rowspan="1" width="80%">GET</td>
      </tr>
      <tr>
        <td colspan="1" rowspan="1" class="indent2" width="20%">Parameter</td>
        <td colspan="1" rowspan="1" width="80%">x-content-type-options</td>
      </tr>
      <tr>
        <td colspan="1" rowspan="1" class="indent2" width="20%">Attack</td>
        <td colspan="1" rowspan="1" width="80%"/>
      </tr>
      <tr>
        <td colspan="1" rowspan="1" class="indent2" width="20%">Evidence</td>
        <td colspan="1" rowspan="1" width="80%"/>
      </tr>
      <tr>
        <td colspan="1" rowspan="1" class="indent2" width="20%">Other Info</td>
        <td colspan="1" rowspan="1" width="80%">This issue still applies to error type pages (401, 403, 500, etc.) as those pages are often still affected by injection issues, in which case there is still concern for browsers sniffing pages away from their actual content type.
At "High" threshold this scan rule will not alert on client or server error responses.</td>
      </tr>
      <tr>
        <td colspan="1" rowspan="1" class="indent1" width="20%">URL</td>
        <td colspan="1" rowspan="1" width="80%">
          <a shape="rect" href="https://fairplaybo.vtexassets.com/_v/public/vtex.styles-graphql/v1/overrides/vtex.product-list@0.37.1$overrides.css?v=1&amp;workspace=master">https://fairplaybo.vtexassets.com/_v/public/vtex.styles-graphql/v1/overrides/vtex.product-list@0.37.1$overrides.css?v=1&amp;workspace=master</a>
        </td>
      </tr>
      <tr>
        <td colspan="1" rowspan="1" class="indent2" width="20%">Method</td>
        <td colspan="1" rowspan="1" width="80%">GET</td>
      </tr>
      <tr>
        <td colspan="1" rowspan="1" class="indent2" width="20%">Parameter</td>
        <td colspan="1" rowspan="1" width="80%">x-content-type-options</td>
      </tr>
      <tr>
        <td colspan="1" rowspan="1" class="indent2" width="20%">Attack</td>
        <td colspan="1" rowspan="1" width="80%"/>
      </tr>
      <tr>
        <td colspan="1" rowspan="1" class="indent2" width="20%">Evidence</td>
        <td colspan="1" rowspan="1" width="80%"/>
      </tr>
      <tr>
        <td colspan="1" rowspan="1" class="indent2" width="20%">Other Info</td>
        <td colspan="1" rowspan="1" width="80%">This issue still applies to error type pages (401, 403, 500, etc.) as those pages are often still affected by injection issues, in which case there is still concern for browsers sniffing pages away from their actual content type.
At "High" threshold this scan rule will not alert on client or server error responses.</td>
      </tr>
      <tr>
        <td colspan="1" rowspan="1" class="indent1" width="20%">URL</td>
        <td colspan="1" rowspan="1" width="80%">
          <a shape="rect" href="https://fairplaybo.vtexassets.com/_v/public/vtex.styles-graphql/v1/overrides/vtex.shelf-components@0.10.0$overrides.css?v=1&amp;workspace=master">https://fairplaybo.vtexassets.com/_v/public/vtex.styles-graphql/v1/overrides/vtex.shelf-components@0.10.0$overrides.css?v=1&amp;workspace=master</a>
        </td>
      </tr>
      <tr>
        <td colspan="1" rowspan="1" class="indent2" width="20%">Method</td>
        <td colspan="1" rowspan="1" width="80%">GET</td>
      </tr>
      <tr>
        <td colspan="1" rowspan="1" class="indent2" width="20%">Parameter</td>
        <td colspan="1" rowspan="1" width="80%">x-content-type-options</td>
      </tr>
      <tr>
        <td colspan="1" rowspan="1" class="indent2" width="20%">Attack</td>
        <td colspan="1" rowspan="1" width="80%"/>
      </tr>
      <tr>
        <td colspan="1" rowspan="1" class="indent2" width="20%">Evidence</td>
        <td colspan="1" rowspan="1" width="80%"/>
      </tr>
      <tr>
        <td colspan="1" rowspan="1" class="indent2" width="20%">Other Info</td>
        <td colspan="1" rowspan="1" width="80%">This issue still applies to error type pages (401, 403, 500, etc.) as those pages are often still affected by injection issues, in which case there is still concern for browsers sniffing pages away from their actual content type.
At "High" threshold this scan rule will not alert on client or server error responses.</td>
      </tr>
      <tr>
        <td colspan="1" rowspan="1" class="indent1" width="20%">URL</td>
        <td colspan="1" rowspan="1" width="80%">
          <a shape="rect" href="https://fairplaybo.vtexassets.com/_v/public/vtex.styles-graphql/v1/style/fairplaybo.fairplay-theme@1.0.5$style.common.min.css?v=1&amp;workspace=master">https://fairplaybo.vtexassets.com/_v/public/vtex.styles-graphql/v1/style/fairplaybo.fairplay-theme@1.0.5$style.common.min.css?v=1&amp;workspace=master</a>
        </td>
      </tr>
      <tr>
        <td colspan="1" rowspan="1" class="indent2" width="20%">Method</td>
        <td colspan="1" rowspan="1" width="80%">GET</td>
      </tr>
      <tr>
        <td colspan="1" rowspan="1" class="indent2" width="20%">Parameter</td>
        <td colspan="1" rowspan="1" width="80%">x-content-type-options</td>
      </tr>
      <tr>
        <td colspan="1" rowspan="1" class="indent2" width="20%">Attack</td>
        <td colspan="1" rowspan="1" width="80%"/>
      </tr>
      <tr>
        <td colspan="1" rowspan="1" class="indent2" width="20%">Evidence</td>
        <td colspan="1" rowspan="1" width="80%"/>
      </tr>
      <tr>
        <td colspan="1" rowspan="1" class="indent2" width="20%">Other Info</td>
        <td colspan="1" rowspan="1" width="80%">This issue still applies to error type pages (401, 403, 500, etc.) as those pages are often still affected by injection issues, in which case there is still concern for browsers sniffing pages away from their actual content type.
At "High" threshold this scan rule will not alert on client or server error responses.</td>
      </tr>
      <tr>
        <td colspan="1" rowspan="1" class="indent1" width="20%">URL</td>
        <td colspan="1" rowspan="1" width="80%">
          <a shape="rect" href="https://fairplaybo.vtexassets.com/_v/public/vtex.styles-graphql/v1/style/fairplaybo.fairplay-theme@1.0.5$style.large.min.css?v=1&amp;workspace=master">https://fairplaybo.vtexassets.com/_v/public/vtex.styles-graphql/v1/style/fairplaybo.fairplay-theme@1.0.5$style.large.min.css?v=1&amp;workspace=master</a>
        </td>
      </tr>
      <tr>
        <td colspan="1" rowspan="1" class="indent2" width="20%">Method</td>
        <td colspan="1" rowspan="1" width="80%">GET</td>
      </tr>
      <tr>
        <td colspan="1" rowspan="1" class="indent2" width="20%">Parameter</td>
        <td colspan="1" rowspan="1" width="80%">x-content-type-options</td>
      </tr>
      <tr>
        <td colspan="1" rowspan="1" class="indent2" width="20%">Attack</td>
        <td colspan="1" rowspan="1" width="80%"/>
      </tr>
      <tr>
        <td colspan="1" rowspan="1" class="indent2" width="20%">Evidence</td>
        <td colspan="1" rowspan="1" width="80%"/>
      </tr>
      <tr>
        <td colspan="1" rowspan="1" class="indent2" width="20%">Other Info</td>
        <td colspan="1" rowspan="1" width="80%">This issue still applies to error type pages (401, 403, 500, etc.) as those pages are often still affected by injection issues, in which case there is still concern for browsers sniffing pages away from their actual content type.
At "High" threshold this scan rule will not alert on client or server error responses.</td>
      </tr>
      <tr>
        <td colspan="1" rowspan="1" class="indent1" width="20%">URL</td>
        <td colspan="1" rowspan="1" width="80%">
          <a shape="rect" href="https://fairplaybo.vtexassets.com/_v/public/vtex.styles-graphql/v1/style/fairplaybo.fairplay-theme@1.0.5$style.notsmall.min.css?v=1&amp;workspace=master">https://fairplaybo.vtexassets.com/_v/public/vtex.styles-graphql/v1/style/fairplaybo.fairplay-theme@1.0.5$style.notsmall.min.css?v=1&amp;workspace=master</a>
        </td>
      </tr>
      <tr>
        <td colspan="1" rowspan="1" class="indent2" width="20%">Method</td>
        <td colspan="1" rowspan="1" width="80%">GET</td>
      </tr>
      <tr>
        <td colspan="1" rowspan="1" class="indent2" width="20%">Parameter</td>
        <td colspan="1" rowspan="1" width="80%">x-content-type-options</td>
      </tr>
      <tr>
        <td colspan="1" rowspan="1" class="indent2" width="20%">Attack</td>
        <td colspan="1" rowspan="1" width="80%"/>
      </tr>
      <tr>
        <td colspan="1" rowspan="1" class="indent2" width="20%">Evidence</td>
        <td colspan="1" rowspan="1" width="80%"/>
      </tr>
      <tr>
        <td colspan="1" rowspan="1" class="indent2" width="20%">Other Info</td>
        <td colspan="1" rowspan="1" width="80%">This issue still applies to error type pages (401, 403, 500, etc.) as those pages are often still affected by injection issues, in which case there is still concern for browsers sniffing pages away from their actual content type.
At "High" threshold this scan rule will not alert on client or server error responses.</td>
      </tr>
      <tr>
        <td colspan="1" rowspan="1" class="indent1" width="20%">URL</td>
        <td colspan="1" rowspan="1" width="80%">
          <a shape="rect" href="https://fairplaybo.vtexassets.com/_v/public/vtex.styles-graphql/v1/style/fairplaybo.fairplay-theme@1.0.5$style.small.min.css?v=1&amp;workspace=master">https://fairplaybo.vtexassets.com/_v/public/vtex.styles-graphql/v1/style/fairplaybo.fairplay-theme@1.0.5$style.small.min.css?v=1&amp;workspace=master</a>
        </td>
      </tr>
      <tr>
        <td colspan="1" rowspan="1" class="indent2" width="20%">Method</td>
        <td colspan="1" rowspan="1" width="80%">GET</td>
      </tr>
      <tr>
        <td colspan="1" rowspan="1" class="indent2" width="20%">Parameter</td>
        <td colspan="1" rowspan="1" width="80%">x-content-type-options</td>
      </tr>
      <tr>
        <td colspan="1" rowspan="1" class="indent2" width="20%">Attack</td>
        <td colspan="1" rowspan="1" width="80%"/>
      </tr>
      <tr>
        <td colspan="1" rowspan="1" class="indent2" width="20%">Evidence</td>
        <td colspan="1" rowspan="1" width="80%"/>
      </tr>
      <tr>
        <td colspan="1" rowspan="1" class="indent2" width="20%">Other Info</td>
        <td colspan="1" rowspan="1" width="80%">This issue still applies to error type pages (401, 403, 500, etc.) as those pages are often still affected by injection issues, in which case there is still concern for browsers sniffing pages away from their actual content type.
At "High" threshold this scan rule will not alert on client or server error responses.</td>
      </tr>
      <tr>
        <td colspan="1" rowspan="1" class="indent1" width="20%">URL</td>
        <td colspan="1" rowspan="1" width="80%">
          <a shape="rect" href="https://fairplaybo.vtexassets.com/_v/public/vtex.styles-graphql/v1/style/fairplaybo.fairplay-theme@1.0.5$style.xlarge.min.css?v=1&amp;workspace=master">https://fairplaybo.vtexassets.com/_v/public/vtex.styles-graphql/v1/style/fairplaybo.fairplay-theme@1.0.5$style.xlarge.min.css?v=1&amp;workspace=master</a>
        </td>
      </tr>
      <tr>
        <td colspan="1" rowspan="1" class="indent2" width="20%">Method</td>
        <td colspan="1" rowspan="1" width="80%">GET</td>
      </tr>
      <tr>
        <td colspan="1" rowspan="1" class="indent2" width="20%">Parameter</td>
        <td colspan="1" rowspan="1" width="80%">x-content-type-options</td>
      </tr>
      <tr>
        <td colspan="1" rowspan="1" class="indent2" width="20%">Attack</td>
        <td colspan="1" rowspan="1" width="80%"/>
      </tr>
      <tr>
        <td colspan="1" rowspan="1" class="indent2" width="20%">Evidence</td>
        <td colspan="1" rowspan="1" width="80%"/>
      </tr>
      <tr>
        <td colspan="1" rowspan="1" class="indent2" width="20%">Other Info</td>
        <td colspan="1" rowspan="1" width="80%">This issue still applies to error type pages (401, 403, 500, etc.) as those pages are often still affected by injection issues, in which case there is still concern for browsers sniffing pages away from their actual content type.
At "High" threshold this scan rule will not alert on client or server error responses.</td>
      </tr>
      <tr>
        <td colspan="1" rowspan="1" class="indent1" width="20%">URL</td>
        <td colspan="1" rowspan="1" width="80%">
          <a shape="rect" href="https://fairplaybo.vtexassets.com/assets/vtex/assets-builder/fairplaybo.fairplay-theme/1.0.5/fonts/MuseoSans_700___10aaa353d22c131091d217c83f558343.otf">https://fairplaybo.vtexassets.com/assets/vtex/assets-builder/fairplaybo.fairplay-theme/1.0.5/fonts/MuseoSans_700___10aaa353d22c131091d217c83f558343.otf</a>
        </td>
      </tr>
      <tr>
        <td colspan="1" rowspan="1" class="indent2" width="20%">Method</td>
        <td colspan="1" rowspan="1" width="80%">GET</td>
      </tr>
      <tr>
        <td colspan="1" rowspan="1" class="indent2" width="20%">Parameter</td>
        <td colspan="1" rowspan="1" width="80%">x-content-type-options</td>
      </tr>
      <tr>
        <td colspan="1" rowspan="1" class="indent2" width="20%">Attack</td>
        <td colspan="1" rowspan="1" width="80%"/>
      </tr>
      <tr>
        <td colspan="1" rowspan="1" class="indent2" width="20%">Evidence</td>
        <td colspan="1" rowspan="1" width="80%"/>
      </tr>
      <tr>
        <td colspan="1" rowspan="1" class="indent2" width="20%">Other Info</td>
        <td colspan="1" rowspan="1" width="80%">This issue still applies to error type pages (401, 403, 500, etc.) as those pages are often still affected by injection issues, in which case there is still concern for browsers sniffing pages away from their actual content type.
At "High" threshold this scan rule will not alert on client or server error responses.</td>
      </tr>
      <tr>
        <td colspan="1" rowspan="1" class="indent1" width="20%">URL</td>
        <td colspan="1" rowspan="1" width="80%">
          <a shape="rect" href="https://fairplaybo.vtexassets.com/assets/vtex/assets-builder/fairplaybo.fairplay-theme/1.0.5/fonts/Poppins-Medium___f61a4eb27371b7453bf5b12ab3648b9e.ttf">https://fairplaybo.vtexassets.com/assets/vtex/assets-builder/fairplaybo.fairplay-theme/1.0.5/fonts/Poppins-Medium___f61a4eb27371b7453bf5b12ab3648b9e.ttf</a>
        </td>
      </tr>
      <tr>
        <td colspan="1" rowspan="1" class="indent2" width="20%">Method</td>
        <td colspan="1" rowspan="1" width="80%">GET</td>
      </tr>
      <tr>
        <td colspan="1" rowspan="1" class="indent2" width="20%">Parameter</td>
        <td colspan="1" rowspan="1" width="80%">x-content-type-options</td>
      </tr>
      <tr>
        <td colspan="1" rowspan="1" class="indent2" width="20%">Attack</td>
        <td colspan="1" rowspan="1" width="80%"/>
      </tr>
      <tr>
        <td colspan="1" rowspan="1" class="indent2" width="20%">Evidence</td>
        <td colspan="1" rowspan="1" width="80%"/>
      </tr>
      <tr>
        <td colspan="1" rowspan="1" class="indent2" width="20%">Other Info</td>
        <td colspan="1" rowspan="1" width="80%">This issue still applies to error type pages (401, 403, 500, etc.) as those pages are often still affected by injection issues, in which case there is still concern for browsers sniffing pages away from their actual content type.
At "High" threshold this scan rule will not alert on client or server error responses.</td>
      </tr>
      <tr>
        <td colspan="1" rowspan="1" class="indent1" width="20%">URL</td>
        <td colspan="1" rowspan="1" width="80%">
          <a shape="rect" href="https://fairplaybo.vtexassets.com/assets/vtex/assets-builder/fairplaybo.fairplay-theme/1.0.5/fonts/Poppins-Regular___8b6af8e5e8324edfd77af8b3b35d7f9c.ttf">https://fairplaybo.vtexassets.com/assets/vtex/assets-builder/fairplaybo.fairplay-theme/1.0.5/fonts/Poppins-Regular___8b6af8e5e8324edfd77af8b3b35d7f9c.ttf</a>
        </td>
      </tr>
      <tr>
        <td colspan="1" rowspan="1" class="indent2" width="20%">Method</td>
        <td colspan="1" rowspan="1" width="80%">GET</td>
      </tr>
      <tr>
        <td colspan="1" rowspan="1" class="indent2" width="20%">Parameter</td>
        <td colspan="1" rowspan="1" width="80%">x-content-type-options</td>
      </tr>
      <tr>
        <td colspan="1" rowspan="1" class="indent2" width="20%">Attack</td>
        <td colspan="1" rowspan="1" width="80%"/>
      </tr>
      <tr>
        <td colspan="1" rowspan="1" class="indent2" width="20%">Evidence</td>
        <td colspan="1" rowspan="1" width="80%"/>
      </tr>
      <tr>
        <td colspan="1" rowspan="1" class="indent2" width="20%">Other Info</td>
        <td colspan="1" rowspan="1" width="80%">This issue still applies to error type pages (401, 403, 500, etc.) as those pages are often still affected by injection issues, in which case there is still concern for browsers sniffing pages away from their actual content type.
At "High" threshold this scan rule will not alert on client or server error responses.</td>
      </tr>
      <tr>
        <td colspan="1" rowspan="1" class="indent1" width="20%">URL</td>
        <td colspan="1" rowspan="1" width="80%">
          <a shape="rect" href="https://io.vtex.com.br/rc/rc.js">https://io.vtex.com.br/rc/rc.js</a>
        </td>
      </tr>
      <tr>
        <td colspan="1" rowspan="1" class="indent2" width="20%">Method</td>
        <td colspan="1" rowspan="1" width="80%">GET</td>
      </tr>
      <tr>
        <td colspan="1" rowspan="1" class="indent2" width="20%">Parameter</td>
        <td colspan="1" rowspan="1" width="80%">x-content-type-options</td>
      </tr>
      <tr>
        <td colspan="1" rowspan="1" class="indent2" width="20%">Attack</td>
        <td colspan="1" rowspan="1" width="80%"/>
      </tr>
      <tr>
        <td colspan="1" rowspan="1" class="indent2" width="20%">Evidence</td>
        <td colspan="1" rowspan="1" width="80%"/>
      </tr>
      <tr>
        <td colspan="1" rowspan="1" class="indent2" width="20%">Other Info</td>
        <td colspan="1" rowspan="1" width="80%">This issue still applies to error type pages (401, 403, 500, etc.) as those pages are often still affected by injection issues, in which case there is still concern for browsers sniffing pages away from their actual content type.
At "High" threshold this scan rule will not alert on client or server error responses.</td>
      </tr>
      <tr>
        <td colspan="1" rowspan="1" class="indent1" width="20%">URL</td>
        <td colspan="1" rowspan="1" width="80%">
          <a shape="rect" href="https://optimizationguide-pa.googleapis.com/downloads?name=1673999601&amp;target=OPTIMIZATION_TARGET_PAGE_VISIBILITY">https://optimizationguide-pa.googleapis.com/downloads?name=1673999601&amp;target=OPTIMIZATION_TARGET_PAGE_VISIBILITY</a>
        </td>
      </tr>
      <tr>
        <td colspan="1" rowspan="1" class="indent2" width="20%">Method</td>
        <td colspan="1" rowspan="1" width="80%">GET</td>
      </tr>
      <tr>
        <td colspan="1" rowspan="1" class="indent2" width="20%">Parameter</td>
        <td colspan="1" rowspan="1" width="80%">x-content-type-options</td>
      </tr>
      <tr>
        <td colspan="1" rowspan="1" class="indent2" width="20%">Attack</td>
        <td colspan="1" rowspan="1" width="80%"/>
      </tr>
      <tr>
        <td colspan="1" rowspan="1" class="indent2" width="20%">Evidence</td>
        <td colspan="1" rowspan="1" width="80%"/>
      </tr>
      <tr>
        <td colspan="1" rowspan="1" class="indent2" width="20%">Other Info</td>
        <td colspan="1" rowspan="1" width="80%">This issue still applies to error type pages (401, 403, 500, etc.) as those pages are often still affected by injection issues, in which case there is still concern for browsers sniffing pages away from their actual content type.
At "High" threshold this scan rule will not alert on client or server error responses.</td>
      </tr>
      <tr>
        <td colspan="1" rowspan="1" class="indent1" width="20%">URL</td>
        <td colspan="1" rowspan="1" width="80%">
          <a shape="rect" href="https://optimizationguide-pa.googleapis.com/downloads?name=1679317318&amp;target=OPTIMIZATION_TARGET_LANGUAGE_DETECTION">https://optimizationguide-pa.googleapis.com/downloads?name=1679317318&amp;target=OPTIMIZATION_TARGET_LANGUAGE_DETECTION</a>
        </td>
      </tr>
      <tr>
        <td colspan="1" rowspan="1" class="indent2" width="20%">Method</td>
        <td colspan="1" rowspan="1" width="80%">GET</td>
      </tr>
      <tr>
        <td colspan="1" rowspan="1" class="indent2" width="20%">Parameter</td>
        <td colspan="1" rowspan="1" width="80%">x-content-type-options</td>
      </tr>
      <tr>
        <td colspan="1" rowspan="1" class="indent2" width="20%">Attack</td>
        <td colspan="1" rowspan="1" width="80%"/>
      </tr>
      <tr>
        <td colspan="1" rowspan="1" class="indent2" width="20%">Evidence</td>
        <td colspan="1" rowspan="1" width="80%"/>
      </tr>
      <tr>
        <td colspan="1" rowspan="1" class="indent2" width="20%">Other Info</td>
        <td colspan="1" rowspan="1" width="80%">This issue still applies to error type pages (401, 403, 500, etc.) as those pages are often still affected by injection issues, in which case there is still concern for browsers sniffing pages away from their actual content type.
At "High" threshold this scan rule will not alert on client or server error responses.</td>
      </tr>
      <tr>
        <td colspan="1" rowspan="1" class="indent1" width="20%">URL</td>
        <td colspan="1" rowspan="1" width="80%">
          <a shape="rect" href="https://optimizationguide-pa.googleapis.com/downloads?name=1698073325&amp;target=OPTIMIZATION_TARGET_CLIENT_SIDE_PHISHING">https://optimizationguide-pa.googleapis.com/downloads?name=1698073325&amp;target=OPTIMIZATION_TARGET_CLIENT_SIDE_PHISHING</a>
        </td>
      </tr>
      <tr>
        <td colspan="1" rowspan="1" class="indent2" width="20%">Method</td>
        <td colspan="1" rowspan="1" width="80%">GET</td>
      </tr>
      <tr>
        <td colspan="1" rowspan="1" class="indent2" width="20%">Parameter</td>
        <td colspan="1" rowspan="1" width="80%">x-content-type-options</td>
      </tr>
      <tr>
        <td colspan="1" rowspan="1" class="indent2" width="20%">Attack</td>
        <td colspan="1" rowspan="1" width="80%"/>
      </tr>
      <tr>
        <td colspan="1" rowspan="1" class="indent2" width="20%">Evidence</td>
        <td colspan="1" rowspan="1" width="80%"/>
      </tr>
      <tr>
        <td colspan="1" rowspan="1" class="indent2" width="20%">Other Info</td>
        <td colspan="1" rowspan="1" width="80%">This issue still applies to error type pages (401, 403, 500, etc.) as those pages are often still affected by injection issues, in which case there is still concern for browsers sniffing pages away from their actual content type.
At "High" threshold this scan rule will not alert on client or server error responses.</td>
      </tr>
      <tr>
        <td colspan="1" rowspan="1" class="indent1" width="20%">URL</td>
        <td colspan="1" rowspan="1" width="80%">
          <a shape="rect" href="https://optimizationguide-pa.googleapis.com/downloads?name=1701726567&amp;target=OPTIMIZATION_TARGET_GEOLOCATION_PERMISSION_PREDICTIONS">https://optimizationguide-pa.googleapis.com/downloads?name=1701726567&amp;target=OPTIMIZATION_TARGET_GEOLOCATION_PERMISSION_PREDICTIONS</a>
        </td>
      </tr>
      <tr>
        <td colspan="1" rowspan="1" class="indent2" width="20%">Method</td>
        <td colspan="1" rowspan="1" width="80%">GET</td>
      </tr>
      <tr>
        <td colspan="1" rowspan="1" class="indent2" width="20%">Parameter</td>
        <td colspan="1" rowspan="1" width="80%">x-content-type-options</td>
      </tr>
      <tr>
        <td colspan="1" rowspan="1" class="indent2" width="20%">Attack</td>
        <td colspan="1" rowspan="1" width="80%"/>
      </tr>
      <tr>
        <td colspan="1" rowspan="1" class="indent2" width="20%">Evidence</td>
        <td colspan="1" rowspan="1" width="80%"/>
      </tr>
      <tr>
        <td colspan="1" rowspan="1" class="indent2" width="20%">Other Info</td>
        <td colspan="1" rowspan="1" width="80%">This issue still applies to error type pages (401, 403, 500, etc.) as those pages are often still affected by injection issues, in which case there is still concern for browsers sniffing pages away from their actual content type.
At "High" threshold this scan rule will not alert on client or server error responses.</td>
      </tr>
      <tr>
        <td colspan="1" rowspan="1" class="indent1" width="20%">URL</td>
        <td colspan="1" rowspan="1" width="80%">
          <a shape="rect" href="https://optimizationguide-pa.googleapis.com/downloads?name=1701726572&amp;target=OPTIMIZATION_TARGET_NOTIFICATION_PERMISSION_PREDICTIONS">https://optimizationguide-pa.googleapis.com/downloads?name=1701726572&amp;target=OPTIMIZATION_TARGET_NOTIFICATION_PERMISSION_PREDICTIONS</a>
        </td>
      </tr>
      <tr>
        <td colspan="1" rowspan="1" class="indent2" width="20%">Method</td>
        <td colspan="1" rowspan="1" width="80%">GET</td>
      </tr>
      <tr>
        <td colspan="1" rowspan="1" class="indent2" width="20%">Parameter</td>
        <td colspan="1" rowspan="1" width="80%">x-content-type-options</td>
      </tr>
      <tr>
        <td colspan="1" rowspan="1" class="indent2" width="20%">Attack</td>
        <td colspan="1" rowspan="1" width="80%"/>
      </tr>
      <tr>
        <td colspan="1" rowspan="1" class="indent2" width="20%">Evidence</td>
        <td colspan="1" rowspan="1" width="80%"/>
      </tr>
      <tr>
        <td colspan="1" rowspan="1" class="indent2" width="20%">Other Info</td>
        <td colspan="1" rowspan="1" width="80%">This issue still applies to error type pages (401, 403, 500, etc.) as those pages are often still affected by injection issues, in which case there is still concern for browsers sniffing pages away from their actual content type.
At "High" threshold this scan rule will not alert on client or server error responses.</td>
      </tr>
      <tr>
        <td colspan="1" rowspan="1" class="indent1" width="20%">URL</td>
        <td colspan="1" rowspan="1" width="80%">
          <a shape="rect" href="https://storage.googleapis.com/workbox-cdn/releases/4.3.1/workbox-background-sync.prod.js">https://storage.googleapis.com/workbox-cdn/releases/4.3.1/workbox-background-sync.prod.js</a>
        </td>
      </tr>
      <tr>
        <td colspan="1" rowspan="1" class="indent2" width="20%">Method</td>
        <td colspan="1" rowspan="1" width="80%">GET</td>
      </tr>
      <tr>
        <td colspan="1" rowspan="1" class="indent2" width="20%">Parameter</td>
        <td colspan="1" rowspan="1" width="80%">x-content-type-options</td>
      </tr>
      <tr>
        <td colspan="1" rowspan="1" class="indent2" width="20%">Attack</td>
        <td colspan="1" rowspan="1" width="80%"/>
      </tr>
      <tr>
        <td colspan="1" rowspan="1" class="indent2" width="20%">Evidence</td>
        <td colspan="1" rowspan="1" width="80%"/>
      </tr>
      <tr>
        <td colspan="1" rowspan="1" class="indent2" width="20%">Other Info</td>
        <td colspan="1" rowspan="1" width="80%">This issue still applies to error type pages (401, 403, 500, etc.) as those pages are often still affected by injection issues, in which case there is still concern for browsers sniffing pages away from their actual content type.
At "High" threshold this scan rule will not alert on client or server error responses.</td>
      </tr>
      <tr>
        <td colspan="1" rowspan="1" class="indent1" width="20%">URL</td>
        <td colspan="1" rowspan="1" width="80%">
          <a shape="rect" href="https://storage.googleapis.com/workbox-cdn/releases/4.3.1/workbox-core.prod.js">https://storage.googleapis.com/workbox-cdn/releases/4.3.1/workbox-core.prod.js</a>
        </td>
      </tr>
      <tr>
        <td colspan="1" rowspan="1" class="indent2" width="20%">Method</td>
        <td colspan="1" rowspan="1" width="80%">GET</td>
      </tr>
      <tr>
        <td colspan="1" rowspan="1" class="indent2" width="20%">Parameter</td>
        <td colspan="1" rowspan="1" width="80%">x-content-type-options</td>
      </tr>
      <tr>
        <td colspan="1" rowspan="1" class="indent2" width="20%">Attack</td>
        <td colspan="1" rowspan="1" width="80%"/>
      </tr>
      <tr>
        <td colspan="1" rowspan="1" class="indent2" width="20%">Evidence</td>
        <td colspan="1" rowspan="1" width="80%"/>
      </tr>
      <tr>
        <td colspan="1" rowspan="1" class="indent2" width="20%">Other Info</td>
        <td colspan="1" rowspan="1" width="80%">This issue still applies to error type pages (401, 403, 500, etc.) as those pages are often still affected by injection issues, in which case there is still concern for browsers sniffing pages away from their actual content type.
At "High" threshold this scan rule will not alert on client or server error responses.</td>
      </tr>
      <tr>
        <td colspan="1" rowspan="1" class="indent1" width="20%">URL</td>
        <td colspan="1" rowspan="1" width="80%">
          <a shape="rect" href="https://storage.googleapis.com/workbox-cdn/releases/4.3.1/workbox-expiration.prod.js">https://storage.googleapis.com/workbox-cdn/releases/4.3.1/workbox-expiration.prod.js</a>
        </td>
      </tr>
      <tr>
        <td colspan="1" rowspan="1" class="indent2" width="20%">Method</td>
        <td colspan="1" rowspan="1" width="80%">GET</td>
      </tr>
      <tr>
        <td colspan="1" rowspan="1" class="indent2" width="20%">Parameter</td>
        <td colspan="1" rowspan="1" width="80%">x-content-type-options</td>
      </tr>
      <tr>
        <td colspan="1" rowspan="1" class="indent2" width="20%">Attack</td>
        <td colspan="1" rowspan="1" width="80%"/>
      </tr>
      <tr>
        <td colspan="1" rowspan="1" class="indent2" width="20%">Evidence</td>
        <td colspan="1" rowspan="1" width="80%"/>
      </tr>
      <tr>
        <td colspan="1" rowspan="1" class="indent2" width="20%">Other Info</td>
        <td colspan="1" rowspan="1" width="80%">This issue still applies to error type pages (401, 403, 500, etc.) as those pages are often still affected by injection issues, in which case there is still concern for browsers sniffing pages away from their actual content type.
At "High" threshold this scan rule will not alert on client or server error responses.</td>
      </tr>
      <tr>
        <td colspan="1" rowspan="1" class="indent1" width="20%">URL</td>
        <td colspan="1" rowspan="1" width="80%">
          <a shape="rect" href="https://storage.googleapis.com/workbox-cdn/releases/4.3.1/workbox-navigation-preload.prod.js">https://storage.googleapis.com/workbox-cdn/releases/4.3.1/workbox-navigation-preload.prod.js</a>
        </td>
      </tr>
      <tr>
        <td colspan="1" rowspan="1" class="indent2" width="20%">Method</td>
        <td colspan="1" rowspan="1" width="80%">GET</td>
      </tr>
      <tr>
        <td colspan="1" rowspan="1" class="indent2" width="20%">Parameter</td>
        <td colspan="1" rowspan="1" width="80%">x-content-type-options</td>
      </tr>
      <tr>
        <td colspan="1" rowspan="1" class="indent2" width="20%">Attack</td>
        <td colspan="1" rowspan="1" width="80%"/>
      </tr>
      <tr>
        <td colspan="1" rowspan="1" class="indent2" width="20%">Evidence</td>
        <td colspan="1" rowspan="1" width="80%"/>
      </tr>
      <tr>
        <td colspan="1" rowspan="1" class="indent2" width="20%">Other Info</td>
        <td colspan="1" rowspan="1" width="80%">This issue still applies to error type pages (401, 403, 500, etc.) as those pages are often still affected by injection issues, in which case there is still concern for browsers sniffing pages away from their actual content type.
At "High" threshold this scan rule will not alert on client or server error responses.</td>
      </tr>
      <tr>
        <td colspan="1" rowspan="1" class="indent1" width="20%">URL</td>
        <td colspan="1" rowspan="1" width="80%">
          <a shape="rect" href="https://storage.googleapis.com/workbox-cdn/releases/4.3.1/workbox-offline-ga.prod.js">https://storage.googleapis.com/workbox-cdn/releases/4.3.1/workbox-offline-ga.prod.js</a>
        </td>
      </tr>
      <tr>
        <td colspan="1" rowspan="1" class="indent2" width="20%">Method</td>
        <td colspan="1" rowspan="1" width="80%">GET</td>
      </tr>
      <tr>
        <td colspan="1" rowspan="1" class="indent2" width="20%">Parameter</td>
        <td colspan="1" rowspan="1" width="80%">x-content-type-options</td>
      </tr>
      <tr>
        <td colspan="1" rowspan="1" class="indent2" width="20%">Attack</td>
        <td colspan="1" rowspan="1" width="80%"/>
      </tr>
      <tr>
        <td colspan="1" rowspan="1" class="indent2" width="20%">Evidence</td>
        <td colspan="1" rowspan="1" width="80%"/>
      </tr>
      <tr>
        <td colspan="1" rowspan="1" class="indent2" width="20%">Other Info</td>
        <td colspan="1" rowspan="1" width="80%">This issue still applies to error type pages (401, 403, 500, etc.) as those pages are often still affected by injection issues, in which case there is still concern for browsers sniffing pages away from their actual content type.
At "High" threshold this scan rule will not alert on client or server error responses.</td>
      </tr>
      <tr>
        <td colspan="1" rowspan="1" class="indent1" width="20%">URL</td>
        <td colspan="1" rowspan="1" width="80%">
          <a shape="rect" href="https://storage.googleapis.com/workbox-cdn/releases/4.3.1/workbox-routing.prod.js">https://storage.googleapis.com/workbox-cdn/releases/4.3.1/workbox-routing.prod.js</a>
        </td>
      </tr>
      <tr>
        <td colspan="1" rowspan="1" class="indent2" width="20%">Method</td>
        <td colspan="1" rowspan="1" width="80%">GET</td>
      </tr>
      <tr>
        <td colspan="1" rowspan="1" class="indent2" width="20%">Parameter</td>
        <td colspan="1" rowspan="1" width="80%">x-content-type-options</td>
      </tr>
      <tr>
        <td colspan="1" rowspan="1" class="indent2" width="20%">Attack</td>
        <td colspan="1" rowspan="1" width="80%"/>
      </tr>
      <tr>
        <td colspan="1" rowspan="1" class="indent2" width="20%">Evidence</td>
        <td colspan="1" rowspan="1" width="80%"/>
      </tr>
      <tr>
        <td colspan="1" rowspan="1" class="indent2" width="20%">Other Info</td>
        <td colspan="1" rowspan="1" width="80%">This issue still applies to error type pages (401, 403, 500, etc.) as those pages are often still affected by injection issues, in which case there is still concern for browsers sniffing pages away from their actual content type.
At "High" threshold this scan rule will not alert on client or server error responses.</td>
      </tr>
      <tr>
        <td colspan="1" rowspan="1" class="indent1" width="20%">URL</td>
        <td colspan="1" rowspan="1" width="80%">
          <a shape="rect" href="https://storage.googleapis.com/workbox-cdn/releases/4.3.1/workbox-strategies.prod.js">https://storage.googleapis.com/workbox-cdn/releases/4.3.1/workbox-strategies.prod.js</a>
        </td>
      </tr>
      <tr>
        <td colspan="1" rowspan="1" class="indent2" width="20%">Method</td>
        <td colspan="1" rowspan="1" width="80%">GET</td>
      </tr>
      <tr>
        <td colspan="1" rowspan="1" class="indent2" width="20%">Parameter</td>
        <td colspan="1" rowspan="1" width="80%">x-content-type-options</td>
      </tr>
      <tr>
        <td colspan="1" rowspan="1" class="indent2" width="20%">Attack</td>
        <td colspan="1" rowspan="1" width="80%"/>
      </tr>
      <tr>
        <td colspan="1" rowspan="1" class="indent2" width="20%">Evidence</td>
        <td colspan="1" rowspan="1" width="80%"/>
      </tr>
      <tr>
        <td colspan="1" rowspan="1" class="indent2" width="20%">Other Info</td>
        <td colspan="1" rowspan="1" width="80%">This issue still applies to error type pages (401, 403, 500, etc.) as those pages are often still affected by injection issues, in which case there is still concern for browsers sniffing pages away from their actual content type.
At "High" threshold this scan rule will not alert on client or server error responses.</td>
      </tr>
      <tr>
        <td colspan="1" rowspan="1" class="indent1" width="20%">URL</td>
        <td colspan="1" rowspan="1" width="80%">
          <a shape="rect" href="https://storage.googleapis.com/workbox-cdn/releases/4.3.1/workbox-sw.js">https://storage.googleapis.com/workbox-cdn/releases/4.3.1/workbox-sw.js</a>
        </td>
      </tr>
      <tr>
        <td colspan="1" rowspan="1" class="indent2" width="20%">Method</td>
        <td colspan="1" rowspan="1" width="80%">GET</td>
      </tr>
      <tr>
        <td colspan="1" rowspan="1" class="indent2" width="20%">Parameter</td>
        <td colspan="1" rowspan="1" width="80%">x-content-type-options</td>
      </tr>
      <tr>
        <td colspan="1" rowspan="1" class="indent2" width="20%">Attack</td>
        <td colspan="1" rowspan="1" width="80%"/>
      </tr>
      <tr>
        <td colspan="1" rowspan="1" class="indent2" width="20%">Evidence</td>
        <td colspan="1" rowspan="1" width="80%"/>
      </tr>
      <tr>
        <td colspan="1" rowspan="1" class="indent2" width="20%">Other Info</td>
        <td colspan="1" rowspan="1" width="80%">This issue still applies to error type pages (401, 403, 500, etc.) as those pages are often still affected by injection issues, in which case there is still concern for browsers sniffing pages away from their actual content type.
At "High" threshold this scan rule will not alert on client or server error responses.</td>
      </tr>
      <tr>
        <td colspan="1" rowspan="1" class="indent1" width="20%">URL</td>
        <td colspan="1" rowspan="1" width="80%">
          <a shape="rect" href="https://vtex.vtexassets.com/_v/public/assets/v1/npm/idb@2.1.3/lib/idb.js">https://vtex.vtexassets.com/_v/public/assets/v1/npm/idb@2.1.3/lib/idb.js</a>
        </td>
      </tr>
      <tr>
        <td colspan="1" rowspan="1" class="indent2" width="20%">Method</td>
        <td colspan="1" rowspan="1" width="80%">GET</td>
      </tr>
      <tr>
        <td colspan="1" rowspan="1" class="indent2" width="20%">Parameter</td>
        <td colspan="1" rowspan="1" width="80%">x-content-type-options</td>
      </tr>
      <tr>
        <td colspan="1" rowspan="1" class="indent2" width="20%">Attack</td>
        <td colspan="1" rowspan="1" width="80%"/>
      </tr>
      <tr>
        <td colspan="1" rowspan="1" class="indent2" width="20%">Evidence</td>
        <td colspan="1" rowspan="1" width="80%"/>
      </tr>
      <tr>
        <td colspan="1" rowspan="1" class="indent2" width="20%">Other Info</td>
        <td colspan="1" rowspan="1" width="80%">This issue still applies to error type pages (401, 403, 500, etc.) as those pages are often still affected by injection issues, in which case there is still concern for browsers sniffing pages away from their actual content type.
At "High" threshold this scan rule will not alert on client or server error responses.</td>
      </tr>
      <tr>
        <td colspan="1" rowspan="1" class="indent1" width="20%">URL</td>
        <td colspan="1" rowspan="1" width="80%">
          <a shape="rect" href="https://www.fairplay.com.bo/">https://www.fairplay.com.bo/</a>
        </td>
      </tr>
      <tr>
        <td colspan="1" rowspan="1" class="indent2" width="20%">Method</td>
        <td colspan="1" rowspan="1" width="80%">GET</td>
      </tr>
      <tr>
        <td colspan="1" rowspan="1" class="indent2" width="20%">Parameter</td>
        <td colspan="1" rowspan="1" width="80%">x-content-type-options</td>
      </tr>
      <tr>
        <td colspan="1" rowspan="1" class="indent2" width="20%">Attack</td>
        <td colspan="1" rowspan="1" width="80%"/>
      </tr>
      <tr>
        <td colspan="1" rowspan="1" class="indent2" width="20%">Evidence</td>
        <td colspan="1" rowspan="1" width="80%"/>
      </tr>
      <tr>
        <td colspan="1" rowspan="1" class="indent2" width="20%">Other Info</td>
        <td colspan="1" rowspan="1" width="80%">This issue still applies to error type pages (401, 403, 500, etc.) as those pages are often still affected by injection issues, in which case there is still concern for browsers sniffing pages away from their actual content type.
At "High" threshold this scan rule will not alert on client or server error responses.</td>
      </tr>
      <tr>
        <td colspan="1" rowspan="1" class="indent1" width="20%">URL</td>
        <td colspan="1" rowspan="1" width="80%">
          <a shape="rect" href="https://www.fairplay.com.bo/_v/public/graphql/v1?workspace=master&amp;maxAge=long&amp;appsEtag=remove&amp;domain=store&amp;locale=es-BO&amp;operationName=getSettings&amp;variables=%7B%7D&amp;extensions=%7B%22persistedQuery%22%3A%7B%22version%22%3A1%2C%22sha256Hash%22%3A%2283882404fef29f19f0566df05a014b32c24745845995c313e2b329d49f0069b6%22%2C%22sender%22%3A%22vtex.structured-data%400.x%22%2C%22provider%22%3A%22vtex.apps-graphql%403.x%22%7D%7D">https://www.fairplay.com.bo/_v/public/graphql/v1?workspace=master&amp;maxAge=long&amp;appsEtag=remove&amp;domain=store&amp;locale=es-BO&amp;operationName=getSettings&amp;variables=%7B%7D&amp;extensions=%7B%22persistedQuery%22%3A%7B%22version%22%3A1%2C%22sha256Hash%22%3A%2283882404fef29f19f0566df05a014b32c24745845995c313e2b329d49f0069b6%22%2C%22sender%22%3A%22vtex.structured-data%400.x%22%2C%22provider%22%3A%22vtex.apps-graphql%403.x%22%7D%7D</a>
        </td>
      </tr>
      <tr>
        <td colspan="1" rowspan="1" class="indent2" width="20%">Method</td>
        <td colspan="1" rowspan="1" width="80%">GET</td>
      </tr>
      <tr>
        <td colspan="1" rowspan="1" class="indent2" width="20%">Parameter</td>
        <td colspan="1" rowspan="1" width="80%">x-content-type-options</td>
      </tr>
      <tr>
        <td colspan="1" rowspan="1" class="indent2" width="20%">Attack</td>
        <td colspan="1" rowspan="1" width="80%"/>
      </tr>
      <tr>
        <td colspan="1" rowspan="1" class="indent2" width="20%">Evidence</td>
        <td colspan="1" rowspan="1" width="80%"/>
      </tr>
      <tr>
        <td colspan="1" rowspan="1" class="indent2" width="20%">Other Info</td>
        <td colspan="1" rowspan="1" width="80%">This issue still applies to error type pages (401, 403, 500, etc.) as those pages are often still affected by injection issues, in which case there is still concern for browsers sniffing pages away from their actual content type.
At "High" threshold this scan rule will not alert on client or server error responses.</td>
      </tr>
      <tr>
        <td colspan="1" rowspan="1" class="indent1" width="20%">URL</td>
        <td colspan="1" rowspan="1" width="80%">
          <a shape="rect" href="https://www.fairplay.com.bo/_v/public/graphql/v1?workspace=master&amp;maxAge=short&amp;appsEtag=remove&amp;domain=store&amp;locale=es-BO&amp;operationName=installedApp&amp;variables=%7B%7D&amp;extensions=%7B%22persistedQuery%22%3A%7B%22version%22%3A1%2C%22sha256Hash%22%3A%22316ccbb9a992a3a75dfb468890338d7832da789f626b52d04516c614d17f8e45%22%2C%22sender%22%3A%22vtex.checkout-resources%400.x%22%2C%22provider%22%3A%22vtex.apps-graphql%403.x%22%7D%2C%22variables%22%3A%22eyJzbHVnIjoidnRleC5jaGVja291dCJ9%22%7D">https://www.fairplay.com.bo/_v/public/graphql/v1?workspace=master&amp;maxAge=short&amp;appsEtag=remove&amp;domain=store&amp;locale=es-BO&amp;operationName=installedApp&amp;variables=%7B%7D&amp;extensions=%7B%22persistedQuery%22%3A%7B%22version%22%3A1%2C%22sha256Hash%22%3A%22316ccbb9a992a3a75dfb468890338d7832da789f626b52d04516c614d17f8e45%22%2C%22sender%22%3A%22vtex.checkout-resources%400.x%22%2C%22provider%22%3A%22vtex.apps-graphql%403.x%22%7D%2C%22variables%22%3A%22eyJzbHVnIjoidnRleC5jaGVja291dCJ9%22%7D</a>
        </td>
      </tr>
      <tr>
        <td colspan="1" rowspan="1" class="indent2" width="20%">Method</td>
        <td colspan="1" rowspan="1" width="80%">GET</td>
      </tr>
      <tr>
        <td colspan="1" rowspan="1" class="indent2" width="20%">Parameter</td>
        <td colspan="1" rowspan="1" width="80%">x-content-type-options</td>
      </tr>
      <tr>
        <td colspan="1" rowspan="1" class="indent2" width="20%">Attack</td>
        <td colspan="1" rowspan="1" width="80%"/>
      </tr>
      <tr>
        <td colspan="1" rowspan="1" class="indent2" width="20%">Evidence</td>
        <td colspan="1" rowspan="1" width="80%"/>
      </tr>
      <tr>
        <td colspan="1" rowspan="1" class="indent2" width="20%">Other Info</td>
        <td colspan="1" rowspan="1" width="80%">This issue still applies to error type pages (401, 403, 500, etc.) as those pages are often still affected by injection issues, in which case there is still concern for browsers sniffing pages away from their actual content type.
At "High" threshold this scan rule will not alert on client or server error responses.</td>
      </tr>
      <tr>
        <td colspan="1" rowspan="1" class="indent1" width="20%">URL</td>
        <td colspan="1" rowspan="1" width="80%">
          <a shape="rect" href="https://www.fairplay.com.bo/_v/public/graphql/v1?workspace=master&amp;maxAge=short&amp;appsEtag=remove&amp;domain=store&amp;locale=es-BO&amp;operationName=pwaData&amp;variables=%7B%7D&amp;extensions=%7B%22persistedQuery%22%3A%7B%22version%22%3A1%2C%22sha256Hash%22%3A%224ee7fcc92c2703d46ce3b9eb50bb69e47711004ad5248c19ab712d42b9b74f21%22%2C%22sender%22%3A%22vtex.store-resources%400.x%22%2C%22provider%22%3A%22vtex.pwa-graphql%401.x%22%7D%7D">https://www.fairplay.com.bo/_v/public/graphql/v1?workspace=master&amp;maxAge=short&amp;appsEtag=remove&amp;domain=store&amp;locale=es-BO&amp;operationName=pwaData&amp;variables=%7B%7D&amp;extensions=%7B%22persistedQuery%22%3A%7B%22version%22%3A1%2C%22sha256Hash%22%3A%224ee7fcc92c2703d46ce3b9eb50bb69e47711004ad5248c19ab712d42b9b74f21%22%2C%22sender%22%3A%22vtex.store-resources%400.x%22%2C%22provider%22%3A%22vtex.pwa-graphql%401.x%22%7D%7D</a>
        </td>
      </tr>
      <tr>
        <td colspan="1" rowspan="1" class="indent2" width="20%">Method</td>
        <td colspan="1" rowspan="1" width="80%">GET</td>
      </tr>
      <tr>
        <td colspan="1" rowspan="1" class="indent2" width="20%">Parameter</td>
        <td colspan="1" rowspan="1" width="80%">x-content-type-options</td>
      </tr>
      <tr>
        <td colspan="1" rowspan="1" class="indent2" width="20%">Attack</td>
        <td colspan="1" rowspan="1" width="80%"/>
      </tr>
      <tr>
        <td colspan="1" rowspan="1" class="indent2" width="20%">Evidence</td>
        <td colspan="1" rowspan="1" width="80%"/>
      </tr>
      <tr>
        <td colspan="1" rowspan="1" class="indent2" width="20%">Other Info</td>
        <td colspan="1" rowspan="1" width="80%">This issue still applies to error type pages (401, 403, 500, etc.) as those pages are often still affected by injection issues, in which case there is still concern for browsers sniffing pages away from their actual content type.
At "High" threshold this scan rule will not alert on client or server error responses.</td>
      </tr>
      <tr>
        <td colspan="1" rowspan="1" class="indent1" width="20%">URL</td>
        <td colspan="1" rowspan="1" width="80%">
          <a shape="rect" href="https://www.fairplay.com.bo/_v/public/graphql/v1?workspace=master&amp;maxAge=short&amp;appsEtag=remove&amp;domain=store&amp;locale=es-BO&amp;operationName=pwaData&amp;variables=%7B%7D&amp;extensions=%7B%22persistedQuery%22%3A%7B%22version%22%3A1%2C%22sha256Hash%22%3A%22d4ef63f4b8ffd8f8b526bb5d32cd9c0568e94a5f6e914fe9f93d50d92b3b1f75%22%2C%22sender%22%3A%22vtex.store-resources%400.x%22%2C%22provider%22%3A%22vtex.pwa-graphql%401.x%22%7D%7D">https://www.fairplay.com.bo/_v/public/graphql/v1?workspace=master&amp;maxAge=short&amp;appsEtag=remove&amp;domain=store&amp;locale=es-BO&amp;operationName=pwaData&amp;variables=%7B%7D&amp;extensions=%7B%22persistedQuery%22%3A%7B%22version%22%3A1%2C%22sha256Hash%22%3A%22d4ef63f4b8ffd8f8b526bb5d32cd9c0568e94a5f6e914fe9f93d50d92b3b1f75%22%2C%22sender%22%3A%22vtex.store-resources%400.x%22%2C%22provider%22%3A%22vtex.pwa-graphql%401.x%22%7D%7D</a>
        </td>
      </tr>
      <tr>
        <td colspan="1" rowspan="1" class="indent2" width="20%">Method</td>
        <td colspan="1" rowspan="1" width="80%">GET</td>
      </tr>
      <tr>
        <td colspan="1" rowspan="1" class="indent2" width="20%">Parameter</td>
        <td colspan="1" rowspan="1" width="80%">x-content-type-options</td>
      </tr>
      <tr>
        <td colspan="1" rowspan="1" class="indent2" width="20%">Attack</td>
        <td colspan="1" rowspan="1" width="80%"/>
      </tr>
      <tr>
        <td colspan="1" rowspan="1" class="indent2" width="20%">Evidence</td>
        <td colspan="1" rowspan="1" width="80%"/>
      </tr>
      <tr>
        <td colspan="1" rowspan="1" class="indent2" width="20%">Other Info</td>
        <td colspan="1" rowspan="1" width="80%">This issue still applies to error type pages (401, 403, 500, etc.) as those pages are often still affected by injection issues, in which case there is still concern for browsers sniffing pages away from their actual content type.
At "High" threshold this scan rule will not alert on client or server error responses.</td>
      </tr>
      <tr>
        <td colspan="1" rowspan="1" class="indent1" width="20%">URL</td>
        <td colspan="1" rowspan="1" width="80%">
          <a shape="rect" href="https://www.fairplay.com.bo/_v/public/graphql/v1?workspace=master&amp;maxAge=short&amp;appsEtag=remove&amp;domain=store&amp;locale=es-BO&amp;operationName=pwaData&amp;variables=%7B%7D&amp;extensions=%7B%22persistedQuery%22%3A%7B%22version%22%3A1%2C%22sha256Hash%22%3A%22d74316adb13d69e4e9511ca53de9aae92b07a0ede2f63817940dc8a42e9f62de%22%2C%22sender%22%3A%22vtex.store-resources%400.x%22%2C%22provider%22%3A%22vtex.pwa-graphql%401.x%22%7D%7D">https://www.fairplay.com.bo/_v/public/graphql/v1?workspace=master&amp;maxAge=short&amp;appsEtag=remove&amp;domain=store&amp;locale=es-BO&amp;operationName=pwaData&amp;variables=%7B%7D&amp;extensions=%7B%22persistedQuery%22%3A%7B%22version%22%3A1%2C%22sha256Hash%22%3A%22d74316adb13d69e4e9511ca53de9aae92b07a0ede2f63817940dc8a42e9f62de%22%2C%22sender%22%3A%22vtex.store-resources%400.x%22%2C%22provider%22%3A%22vtex.pwa-graphql%401.x%22%7D%7D</a>
        </td>
      </tr>
      <tr>
        <td colspan="1" rowspan="1" class="indent2" width="20%">Method</td>
        <td colspan="1" rowspan="1" width="80%">GET</td>
      </tr>
      <tr>
        <td colspan="1" rowspan="1" class="indent2" width="20%">Parameter</td>
        <td colspan="1" rowspan="1" width="80%">x-content-type-options</td>
      </tr>
      <tr>
        <td colspan="1" rowspan="1" class="indent2" width="20%">Attack</td>
        <td colspan="1" rowspan="1" width="80%"/>
      </tr>
      <tr>
        <td colspan="1" rowspan="1" class="indent2" width="20%">Evidence</td>
        <td colspan="1" rowspan="1" width="80%"/>
      </tr>
      <tr>
        <td colspan="1" rowspan="1" class="indent2" width="20%">Other Info</td>
        <td colspan="1" rowspan="1" width="80%">This issue still applies to error type pages (401, 403, 500, etc.) as those pages are often still affected by injection issues, in which case there is still concern for browsers sniffing pages away from their actual content type.
At "High" threshold this scan rule will not alert on client or server error responses.</td>
      </tr>
      <tr>
        <td colspan="1" rowspan="1" class="indent1" width="20%">URL</td>
        <td colspan="1" rowspan="1" width="80%">
          <a shape="rect" href="https://www.fairplay.com.bo/_v/public/graphql/v1?workspace=master&amp;maxAge=short&amp;appsEtag=remove&amp;domain=store&amp;locale=es-BO&amp;operationName=pwaData&amp;variables=%7B%7D&amp;extensions=%7B%22persistedQuery%22%3A%7B%22version%22%3A1%2C%22sha256Hash%22%3A%22deda973471d2ddce55e2d6ebd8963c2f4f947d32e051bb798cec0bbfbb9e3ca3%22%2C%22sender%22%3A%22vtex.store-resources%400.x%22%2C%22provider%22%3A%22vtex.pwa-graphql%401.x%22%7D%7D">https://www.fairplay.com.bo/_v/public/graphql/v1?workspace=master&amp;maxAge=short&amp;appsEtag=remove&amp;domain=store&amp;locale=es-BO&amp;operationName=pwaData&amp;variables=%7B%7D&amp;extensions=%7B%22persistedQuery%22%3A%7B%22version%22%3A1%2C%22sha256Hash%22%3A%22deda973471d2ddce55e2d6ebd8963c2f4f947d32e051bb798cec0bbfbb9e3ca3%22%2C%22sender%22%3A%22vtex.store-resources%400.x%22%2C%22provider%22%3A%22vtex.pwa-graphql%401.x%22%7D%7D</a>
        </td>
      </tr>
      <tr>
        <td colspan="1" rowspan="1" class="indent2" width="20%">Method</td>
        <td colspan="1" rowspan="1" width="80%">GET</td>
      </tr>
      <tr>
        <td colspan="1" rowspan="1" class="indent2" width="20%">Parameter</td>
        <td colspan="1" rowspan="1" width="80%">x-content-type-options</td>
      </tr>
      <tr>
        <td colspan="1" rowspan="1" class="indent2" width="20%">Attack</td>
        <td colspan="1" rowspan="1" width="80%"/>
      </tr>
      <tr>
        <td colspan="1" rowspan="1" class="indent2" width="20%">Evidence</td>
        <td colspan="1" rowspan="1" width="80%"/>
      </tr>
      <tr>
        <td colspan="1" rowspan="1" class="indent2" width="20%">Other Info</td>
        <td colspan="1" rowspan="1" width="80%">This issue still applies to error type pages (401, 403, 500, etc.) as those pages are often still affected by injection issues, in which case there is still concern for browsers sniffing pages away from their actual content type.
At "High" threshold this scan rule will not alert on client or server error responses.</td>
      </tr>
      <tr>
        <td colspan="1" rowspan="1" class="indent1" width="20%">URL</td>
        <td colspan="1" rowspan="1" width="80%">
          <a shape="rect" href="https://www.fairplay.com.bo/_v/public/graphql/v1?workspace=master&amp;maxAge=short&amp;appsEtag=remove&amp;domain=store&amp;locale=es-BO&amp;operationName=topSearches&amp;variables=%7B%7D&amp;extensions=%7B%22persistedQuery%22%3A%7B%22version%22%3A1%2C%22sha256Hash%22%3A%223716a7e9b7fc6fa498d6f6007175b1d948abc31c5291347add48a7f9fa74bbb0%22%2C%22sender%22%3A%22vtex.search%401.x%22%2C%22provider%22%3A%22vtex.search%401.x%22%7D%7D">https://www.fairplay.com.bo/_v/public/graphql/v1?workspace=master&amp;maxAge=short&amp;appsEtag=remove&amp;domain=store&amp;locale=es-BO&amp;operationName=topSearches&amp;variables=%7B%7D&amp;extensions=%7B%22persistedQuery%22%3A%7B%22version%22%3A1%2C%22sha256Hash%22%3A%223716a7e9b7fc6fa498d6f6007175b1d948abc31c5291347add48a7f9fa74bbb0%22%2C%22sender%22%3A%22vtex.search%401.x%22%2C%22provider%22%3A%22vtex.search%401.x%22%7D%7D</a>
        </td>
      </tr>
      <tr>
        <td colspan="1" rowspan="1" class="indent2" width="20%">Method</td>
        <td colspan="1" rowspan="1" width="80%">GET</td>
      </tr>
      <tr>
        <td colspan="1" rowspan="1" class="indent2" width="20%">Parameter</td>
        <td colspan="1" rowspan="1" width="80%">x-content-type-options</td>
      </tr>
      <tr>
        <td colspan="1" rowspan="1" class="indent2" width="20%">Attack</td>
        <td colspan="1" rowspan="1" width="80%"/>
      </tr>
      <tr>
        <td colspan="1" rowspan="1" class="indent2" width="20%">Evidence</td>
        <td colspan="1" rowspan="1" width="80%"/>
      </tr>
      <tr>
        <td colspan="1" rowspan="1" class="indent2" width="20%">Other Info</td>
        <td colspan="1" rowspan="1" width="80%">This issue still applies to error type pages (401, 403, 500, etc.) as those pages are often still affected by injection issues, in which case there is still concern for browsers sniffing pages away from their actual content type.
At "High" threshold this scan rule will not alert on client or server error responses.</td>
      </tr>
      <tr>
        <td colspan="1" rowspan="1" class="indent1" width="20%">URL</td>
        <td colspan="1" rowspan="1" width="80%">
          <a shape="rect" href="https://www.fairplay.com.bo/_v/segment/graphql/v1?workspace=master&amp;maxAge=short&amp;appsEtag=remove&amp;domain=store&amp;locale=es-BO&amp;operationName=Products&amp;variables=%7B%7D&amp;extensions=%7B%22persistedQuery%22%3A%7B%22version%22%3A1%2C%22sha256Hash%22%3A%224877b29940906d57e924950723efc7ec8c81c57eb7a4c21648153fb257066ce3%22%2C%22sender%22%3A%22vtex.store-resources%400.x%22%2C%22provider%22%3A%22vtex.search-graphql%400.x%22%7D%2C%22variables%22%3A%22eyJoaWRlVW5hdmFpbGFibGVJdGVtcyI6ZmFsc2UsInNrdXNGaWx0ZXIiOiJBTExfQVZBSUxBQkxFIiwiaW5zdGFsbG1lbnRDcml0ZXJpYSI6Ik1BWF9XSVRIT1VUX0lOVEVSRVNUIiwiY2F0ZWdvcnkiOiI0Ny81NC81OCIsImNvbGxlY3Rpb24iOiIiLCJzcGVjaWZpY2F0aW9uRmlsdGVycyI6W10sIm9yZGVyQnkiOiJPcmRlckJ5UHJpY2VERVNDIiwiZnJvbSI6MCwidG8iOjQ5LCJzaGlwcGluZ09wdGlvbnMiOltdLCJ2YXJpYW50IjoiIn0%3D%22%7D">https://www.fairplay.com.bo/_v/segment/graphql/v1?workspace=master&amp;maxAge=short&amp;appsEtag=remove&amp;domain=store&amp;locale=es-BO&amp;operationName=Products&amp;variables=%7B%7D&amp;extensions=%7B%22persistedQuery%22%3A%7B%22version%22%3A1%2C%22sha256Hash%22%3A%224877b29940906d57e924950723efc7ec8c81c57eb7a4c21648153fb257066ce3%22%2C%22sender%22%3A%22vtex.store-resources%400.x%22%2C%22provider%22%3A%22vtex.search-graphql%400.x%22%7D%2C%22variables%22%3A%22eyJoaWRlVW5hdmFpbGFibGVJdGVtcyI6ZmFsc2UsInNrdXNGaWx0ZXIiOiJBTExfQVZBSUxBQkxFIiwiaW5zdGFsbG1lbnRDcml0ZXJpYSI6Ik1BWF9XSVRIT1VUX0lOVEVSRVNUIiwiY2F0ZWdvcnkiOiI0Ny81NC81OCIsImNvbGxlY3Rpb24iOiIiLCJzcGVjaWZpY2F0aW9uRmlsdGVycyI6W10sIm9yZGVyQnkiOiJPcmRlckJ5UHJpY2VERVNDIiwiZnJvbSI6MCwidG8iOjQ5LCJzaGlwcGluZ09wdGlvbnMiOltdLCJ2YXJpYW50IjoiIn0%3D%22%7D</a>
        </td>
      </tr>
      <tr>
        <td colspan="1" rowspan="1" class="indent2" width="20%">Method</td>
        <td colspan="1" rowspan="1" width="80%">GET</td>
      </tr>
      <tr>
        <td colspan="1" rowspan="1" class="indent2" width="20%">Parameter</td>
        <td colspan="1" rowspan="1" width="80%">x-content-type-options</td>
      </tr>
      <tr>
        <td colspan="1" rowspan="1" class="indent2" width="20%">Attack</td>
        <td colspan="1" rowspan="1" width="80%"/>
      </tr>
      <tr>
        <td colspan="1" rowspan="1" class="indent2" width="20%">Evidence</td>
        <td colspan="1" rowspan="1" width="80%"/>
      </tr>
      <tr>
        <td colspan="1" rowspan="1" class="indent2" width="20%">Other Info</td>
        <td colspan="1" rowspan="1" width="80%">This issue still applies to error type pages (401, 403, 500, etc.) as those pages are often still affected by injection issues, in which case there is still concern for browsers sniffing pages away from their actual content type.
At "High" threshold this scan rule will not alert on client or server error responses.</td>
      </tr>
      <tr>
        <td colspan="1" rowspan="1" class="indent1" width="20%">URL</td>
        <td colspan="1" rowspan="1" width="80%">
          <a shape="rect" href="https://www.fairplay.com.bo/_v/segment/graphql/v1?workspace=master&amp;maxAge=short&amp;appsEtag=remove&amp;domain=store&amp;locale=es-BO&amp;operationName=Products&amp;variables=%7B%7D&amp;extensions=%7B%22persistedQuery%22%3A%7B%22version%22%3A1%2C%22sha256Hash%22%3A%224877b29940906d57e924950723efc7ec8c81c57eb7a4c21648153fb257066ce3%22%2C%22sender%22%3A%22vtex.store-resources%400.x%22%2C%22provider%22%3A%22vtex.search-graphql%400.x%22%7D%2C%22variables%22%3A%22eyJoaWRlVW5hdmFpbGFibGVJdGVtcyI6ZmFsc2UsInNrdXNGaWx0ZXIiOiJBTExfQVZBSUxBQkxFIiwiaW5zdGFsbG1lbnRDcml0ZXJpYSI6Ik1BWF9XSVRIT1VUX0lOVEVSRVNUIiwiY2F0ZWdvcnkiOiI0Ny81NSIsImNvbGxlY3Rpb24iOiIiLCJzcGVjaWZpY2F0aW9uRmlsdGVycyI6W10sIm9yZGVyQnkiOiJPcmRlckJ5UHJpY2VBU0MiLCJmcm9tIjowLCJ0byI6NDksInNoaXBwaW5nT3B0aW9ucyI6W10sInZhcmlhbnQiOiIifQ%3D%3D%22%7D">https://www.fairplay.com.bo/_v/segment/graphql/v1?workspace=master&amp;maxAge=short&amp;appsEtag=remove&amp;domain=store&amp;locale=es-BO&amp;operationName=Products&amp;variables=%7B%7D&amp;extensions=%7B%22persistedQuery%22%3A%7B%22version%22%3A1%2C%22sha256Hash%22%3A%224877b29940906d57e924950723efc7ec8c81c57eb7a4c21648153fb257066ce3%22%2C%22sender%22%3A%22vtex.store-resources%400.x%22%2C%22provider%22%3A%22vtex.search-graphql%400.x%22%7D%2C%22variables%22%3A%22eyJoaWRlVW5hdmFpbGFibGVJdGVtcyI6ZmFsc2UsInNrdXNGaWx0ZXIiOiJBTExfQVZBSUxBQkxFIiwiaW5zdGFsbG1lbnRDcml0ZXJpYSI6Ik1BWF9XSVRIT1VUX0lOVEVSRVNUIiwiY2F0ZWdvcnkiOiI0Ny81NSIsImNvbGxlY3Rpb24iOiIiLCJzcGVjaWZpY2F0aW9uRmlsdGVycyI6W10sIm9yZGVyQnkiOiJPcmRlckJ5UHJpY2VBU0MiLCJmcm9tIjowLCJ0byI6NDksInNoaXBwaW5nT3B0aW9ucyI6W10sInZhcmlhbnQiOiIifQ%3D%3D%22%7D</a>
        </td>
      </tr>
      <tr>
        <td colspan="1" rowspan="1" class="indent2" width="20%">Method</td>
        <td colspan="1" rowspan="1" width="80%">GET</td>
      </tr>
      <tr>
        <td colspan="1" rowspan="1" class="indent2" width="20%">Parameter</td>
        <td colspan="1" rowspan="1" width="80%">x-content-type-options</td>
      </tr>
      <tr>
        <td colspan="1" rowspan="1" class="indent2" width="20%">Attack</td>
        <td colspan="1" rowspan="1" width="80%"/>
      </tr>
      <tr>
        <td colspan="1" rowspan="1" class="indent2" width="20%">Evidence</td>
        <td colspan="1" rowspan="1" width="80%"/>
      </tr>
      <tr>
        <td colspan="1" rowspan="1" class="indent2" width="20%">Other Info</td>
        <td colspan="1" rowspan="1" width="80%">This issue still applies to error type pages (401, 403, 500, etc.) as those pages are often still affected by injection issues, in which case there is still concern for browsers sniffing pages away from their actual content type.
At "High" threshold this scan rule will not alert on client or server error responses.</td>
      </tr>
      <tr>
        <td colspan="1" rowspan="1" class="indent1" width="20%">URL</td>
        <td colspan="1" rowspan="1" width="80%">
          <a shape="rect" href="https://www.fairplay.com.bo/_v/segment/graphql/v1?workspace=master&amp;maxAge=short&amp;appsEtag=remove&amp;domain=store&amp;locale=es-BO&amp;operationName=Products&amp;variables=%7B%7D&amp;extensions=%7B%22persistedQuery%22%3A%7B%22version%22%3A1%2C%22sha256Hash%22%3A%224877b29940906d57e924950723efc7ec8c81c57eb7a4c21648153fb257066ce3%22%2C%22sender%22%3A%22vtex.store-resources%400.x%22%2C%22provider%22%3A%22vtex.search-graphql%400.x%22%7D%2C%22variables%22%3A%22eyJoaWRlVW5hdmFpbGFibGVJdGVtcyI6ZmFsc2UsInNrdXNGaWx0ZXIiOiJBTExfQVZBSUxBQkxFIiwiaW5zdGFsbG1lbnRDcml0ZXJpYSI6Ik1BWF9XSVRIT1VUX0lOVEVSRVNUIiwiY2F0ZWdvcnkiOiI0OC85NiIsImNvbGxlY3Rpb24iOiIiLCJzcGVjaWZpY2F0aW9uRmlsdGVycyI6W10sIm9yZGVyQnkiOiJPcmRlckJ5UHJpY2VERVNDIiwiZnJvbSI6MCwidG8iOjQ5LCJzaGlwcGluZ09wdGlvbnMiOltdLCJ2YXJpYW50IjoiIn0%3D%22%7D">https://www.fairplay.com.bo/_v/segment/graphql/v1?workspace=master&amp;maxAge=short&amp;appsEtag=remove&amp;domain=store&amp;locale=es-BO&amp;operationName=Products&amp;variables=%7B%7D&amp;extensions=%7B%22persistedQuery%22%3A%7B%22version%22%3A1%2C%22sha256Hash%22%3A%224877b29940906d57e924950723efc7ec8c81c57eb7a4c21648153fb257066ce3%22%2C%22sender%22%3A%22vtex.store-resources%400.x%22%2C%22provider%22%3A%22vtex.search-graphql%400.x%22%7D%2C%22variables%22%3A%22eyJoaWRlVW5hdmFpbGFibGVJdGVtcyI6ZmFsc2UsInNrdXNGaWx0ZXIiOiJBTExfQVZBSUxBQkxFIiwiaW5zdGFsbG1lbnRDcml0ZXJpYSI6Ik1BWF9XSVRIT1VUX0lOVEVSRVNUIiwiY2F0ZWdvcnkiOiI0OC85NiIsImNvbGxlY3Rpb24iOiIiLCJzcGVjaWZpY2F0aW9uRmlsdGVycyI6W10sIm9yZGVyQnkiOiJPcmRlckJ5UHJpY2VERVNDIiwiZnJvbSI6MCwidG8iOjQ5LCJzaGlwcGluZ09wdGlvbnMiOltdLCJ2YXJpYW50IjoiIn0%3D%22%7D</a>
        </td>
      </tr>
      <tr>
        <td colspan="1" rowspan="1" class="indent2" width="20%">Method</td>
        <td colspan="1" rowspan="1" width="80%">GET</td>
      </tr>
      <tr>
        <td colspan="1" rowspan="1" class="indent2" width="20%">Parameter</td>
        <td colspan="1" rowspan="1" width="80%">x-content-type-options</td>
      </tr>
      <tr>
        <td colspan="1" rowspan="1" class="indent2" width="20%">Attack</td>
        <td colspan="1" rowspan="1" width="80%"/>
      </tr>
      <tr>
        <td colspan="1" rowspan="1" class="indent2" width="20%">Evidence</td>
        <td colspan="1" rowspan="1" width="80%"/>
      </tr>
      <tr>
        <td colspan="1" rowspan="1" class="indent2" width="20%">Other Info</td>
        <td colspan="1" rowspan="1" width="80%">This issue still applies to error type pages (401, 403, 500, etc.) as those pages are often still affected by injection issues, in which case there is still concern for browsers sniffing pages away from their actual content type.
At "High" threshold this scan rule will not alert on client or server error responses.</td>
      </tr>
      <tr>
        <td colspan="1" rowspan="1" class="indent1" width="20%">URL</td>
        <td colspan="1" rowspan="1" width="80%">
          <a shape="rect" href="https://www.fairplay.com.bo/api/dataentities/CF/search?_fields=id,imageFlag,idCollection,active,percentage,shippingFree&amp;_where=idCollection=141">https://www.fairplay.com.bo/api/dataentities/CF/search?_fields=id,imageFlag,idCollection,active,percentage,shippingFree&amp;_where=idCollection=141</a>
        </td>
      </tr>
      <tr>
        <td colspan="1" rowspan="1" class="indent2" width="20%">Method</td>
        <td colspan="1" rowspan="1" width="80%">GET</td>
      </tr>
      <tr>
        <td colspan="1" rowspan="1" class="indent2" width="20%">Parameter</td>
        <td colspan="1" rowspan="1" width="80%">x-content-type-options</td>
      </tr>
      <tr>
        <td colspan="1" rowspan="1" class="indent2" width="20%">Attack</td>
        <td colspan="1" rowspan="1" width="80%"/>
      </tr>
      <tr>
        <td colspan="1" rowspan="1" class="indent2" width="20%">Evidence</td>
        <td colspan="1" rowspan="1" width="80%"/>
      </tr>
      <tr>
        <td colspan="1" rowspan="1" class="indent2" width="20%">Other Info</td>
        <td colspan="1" rowspan="1" width="80%">This issue still applies to error type pages (401, 403, 500, etc.) as those pages are often still affected by injection issues, in which case there is still concern for browsers sniffing pages away from their actual content type.
At "High" threshold this scan rule will not alert on client or server error responses.</td>
      </tr>
      <tr>
        <td colspan="1" rowspan="1" class="indent1" width="20%">URL</td>
        <td colspan="1" rowspan="1" width="80%">
          <a shape="rect" href="https://www.fairplay.com.bo/api/dataentities/CF/search?_fields=id,imageFlag,idCollection,active,percentage,shippingFree&amp;_where=idCollection=141%20OR%20idCollection=162%20OR%20idCollection=392">https://www.fairplay.com.bo/api/dataentities/CF/search?_fields=id,imageFlag,idCollection,active,percentage,shippingFree&amp;_where=idCollection=141%20OR%20idCollection=162%20OR%20idCollection=392</a>
        </td>
      </tr>
      <tr>
        <td colspan="1" rowspan="1" class="indent2" width="20%">Method</td>
        <td colspan="1" rowspan="1" width="80%">GET</td>
      </tr>
      <tr>
        <td colspan="1" rowspan="1" class="indent2" width="20%">Parameter</td>
        <td colspan="1" rowspan="1" width="80%">x-content-type-options</td>
      </tr>
      <tr>
        <td colspan="1" rowspan="1" class="indent2" width="20%">Attack</td>
        <td colspan="1" rowspan="1" width="80%"/>
      </tr>
      <tr>
        <td colspan="1" rowspan="1" class="indent2" width="20%">Evidence</td>
        <td colspan="1" rowspan="1" width="80%"/>
      </tr>
      <tr>
        <td colspan="1" rowspan="1" class="indent2" width="20%">Other Info</td>
        <td colspan="1" rowspan="1" width="80%">This issue still applies to error type pages (401, 403, 500, etc.) as those pages are often still affected by injection issues, in which case there is still concern for browsers sniffing pages away from their actual content type.
At "High" threshold this scan rule will not alert on client or server error responses.</td>
      </tr>
      <tr>
        <td colspan="1" rowspan="1" class="indent1" width="20%">URL</td>
        <td colspan="1" rowspan="1" width="80%">
          <a shape="rect" href="https://www.fairplay.com.bo/api/dataentities/CF/search?_fields=id,imageFlag,idCollection,active,percentage,shippingFree&amp;_where=idCollection=141%20OR%20idCollection=198%20OR%20idCollection=341%20OR%20idCollection=425">https://www.fairplay.com.bo/api/dataentities/CF/search?_fields=id,imageFlag,idCollection,active,percentage,shippingFree&amp;_where=idCollection=141%20OR%20idCollection=198%20OR%20idCollection=341%20OR%20idCollection=425</a>
        </td>
      </tr>
      <tr>
        <td colspan="1" rowspan="1" class="indent2" width="20%">Method</td>
        <td colspan="1" rowspan="1" width="80%">GET</td>
      </tr>
      <tr>
        <td colspan="1" rowspan="1" class="indent2" width="20%">Parameter</td>
        <td colspan="1" rowspan="1" width="80%">x-content-type-options</td>
      </tr>
      <tr>
        <td colspan="1" rowspan="1" class="indent2" width="20%">Attack</td>
        <td colspan="1" rowspan="1" width="80%"/>
      </tr>
      <tr>
        <td colspan="1" rowspan="1" class="indent2" width="20%">Evidence</td>
        <td colspan="1" rowspan="1" width="80%"/>
      </tr>
      <tr>
        <td colspan="1" rowspan="1" class="indent2" width="20%">Other Info</td>
        <td colspan="1" rowspan="1" width="80%">This issue still applies to error type pages (401, 403, 500, etc.) as those pages are often still affected by injection issues, in which case there is still concern for browsers sniffing pages away from their actual content type.
At "High" threshold this scan rule will not alert on client or server error responses.</td>
      </tr>
      <tr>
        <td colspan="1" rowspan="1" class="indent1" width="20%">URL</td>
        <td colspan="1" rowspan="1" width="80%">
          <a shape="rect" href="https://www.fairplay.com.bo/api/dataentities/CF/search?_fields=id,imageFlag,idCollection,active,percentage,shippingFree&amp;_where=idCollection=141%20OR%20idCollection=213">https://www.fairplay.com.bo/api/dataentities/CF/search?_fields=id,imageFlag,idCollection,active,percentage,shippingFree&amp;_where=idCollection=141%20OR%20idCollection=213</a>
        </td>
      </tr>
      <tr>
        <td colspan="1" rowspan="1" class="indent2" width="20%">Method</td>
        <td colspan="1" rowspan="1" width="80%">GET</td>
      </tr>
      <tr>
        <td colspan="1" rowspan="1" class="indent2" width="20%">Parameter</td>
        <td colspan="1" rowspan="1" width="80%">x-content-type-options</td>
      </tr>
      <tr>
        <td colspan="1" rowspan="1" class="indent2" width="20%">Attack</td>
        <td colspan="1" rowspan="1" width="80%"/>
      </tr>
      <tr>
        <td colspan="1" rowspan="1" class="indent2" width="20%">Evidence</td>
        <td colspan="1" rowspan="1" width="80%"/>
      </tr>
      <tr>
        <td colspan="1" rowspan="1" class="indent2" width="20%">Other Info</td>
        <td colspan="1" rowspan="1" width="80%">This issue still applies to error type pages (401, 403, 500, etc.) as those pages are often still affected by injection issues, in which case there is still concern for browsers sniffing pages away from their actual content type.
At "High" threshold this scan rule will not alert on client or server error responses.</td>
      </tr>
      <tr>
        <td colspan="1" rowspan="1" class="indent1" width="20%">URL</td>
        <td colspan="1" rowspan="1" width="80%">
          <a shape="rect" href="https://www.fairplay.com.bo/api/dataentities/CF/search?_fields=id,imageFlag,idCollection,active,percentage,shippingFree&amp;_where=idCollection=141%20OR%20idCollection=215%20OR%20idCollection=341%20OR%20idCollection=392">https://www.fairplay.com.bo/api/dataentities/CF/search?_fields=id,imageFlag,idCollection,active,percentage,shippingFree&amp;_where=idCollection=141%20OR%20idCollection=215%20OR%20idCollection=341%20OR%20idCollection=392</a>
        </td>
      </tr>
      <tr>
        <td colspan="1" rowspan="1" class="indent2" width="20%">Method</td>
        <td colspan="1" rowspan="1" width="80%">GET</td>
      </tr>
      <tr>
        <td colspan="1" rowspan="1" class="indent2" width="20%">Parameter</td>
        <td colspan="1" rowspan="1" width="80%">x-content-type-options</td>
      </tr>
      <tr>
        <td colspan="1" rowspan="1" class="indent2" width="20%">Attack</td>
        <td colspan="1" rowspan="1" width="80%"/>
      </tr>
      <tr>
        <td colspan="1" rowspan="1" class="indent2" width="20%">Evidence</td>
        <td colspan="1" rowspan="1" width="80%"/>
      </tr>
      <tr>
        <td colspan="1" rowspan="1" class="indent2" width="20%">Other Info</td>
        <td colspan="1" rowspan="1" width="80%">This issue still applies to error type pages (401, 403, 500, etc.) as those pages are often still affected by injection issues, in which case there is still concern for browsers sniffing pages away from their actual content type.
At "High" threshold this scan rule will not alert on client or server error responses.</td>
      </tr>
      <tr>
        <td colspan="1" rowspan="1" class="indent1" width="20%">URL</td>
        <td colspan="1" rowspan="1" width="80%">
          <a shape="rect" href="https://www.fairplay.com.bo/api/dataentities/CF/search?_fields=id,imageFlag,idCollection,active,percentage,shippingFree&amp;_where=idCollection=141%20OR%20idCollection=225%20OR%20idCollection=341%20OR%20idCollection=425">https://www.fairplay.com.bo/api/dataentities/CF/search?_fields=id,imageFlag,idCollection,active,percentage,shippingFree&amp;_where=idCollection=141%20OR%20idCollection=225%20OR%20idCollection=341%20OR%20idCollection=425</a>
        </td>
      </tr>
      <tr>
        <td colspan="1" rowspan="1" class="indent2" width="20%">Method</td>
        <td colspan="1" rowspan="1" width="80%">GET</td>
      </tr>
      <tr>
        <td colspan="1" rowspan="1" class="indent2" width="20%">Parameter</td>
        <td colspan="1" rowspan="1" width="80%">x-content-type-options</td>
      </tr>
      <tr>
        <td colspan="1" rowspan="1" class="indent2" width="20%">Attack</td>
        <td colspan="1" rowspan="1" width="80%"/>
      </tr>
      <tr>
        <td colspan="1" rowspan="1" class="indent2" width="20%">Evidence</td>
        <td colspan="1" rowspan="1" width="80%"/>
      </tr>
      <tr>
        <td colspan="1" rowspan="1" class="indent2" width="20%">Other Info</td>
        <td colspan="1" rowspan="1" width="80%">This issue still applies to error type pages (401, 403, 500, etc.) as those pages are often still affected by injection issues, in which case there is still concern for browsers sniffing pages away from their actual content type.
At "High" threshold this scan rule will not alert on client or server error responses.</td>
      </tr>
      <tr>
        <td colspan="1" rowspan="1" class="indent1" width="20%">URL</td>
        <td colspan="1" rowspan="1" width="80%">
          <a shape="rect" href="https://www.fairplay.com.bo/api/dataentities/CF/search?_fields=id,imageFlag,idCollection,active,percentage,shippingFree&amp;_where=idCollection=141%20OR%20idCollection=307">https://www.fairplay.com.bo/api/dataentities/CF/search?_fields=id,imageFlag,idCollection,active,percentage,shippingFree&amp;_where=idCollection=141%20OR%20idCollection=307</a>
        </td>
      </tr>
      <tr>
        <td colspan="1" rowspan="1" class="indent2" width="20%">Method</td>
        <td colspan="1" rowspan="1" width="80%">GET</td>
      </tr>
      <tr>
        <td colspan="1" rowspan="1" class="indent2" width="20%">Parameter</td>
        <td colspan="1" rowspan="1" width="80%">x-content-type-options</td>
      </tr>
      <tr>
        <td colspan="1" rowspan="1" class="indent2" width="20%">Attack</td>
        <td colspan="1" rowspan="1" width="80%"/>
      </tr>
      <tr>
        <td colspan="1" rowspan="1" class="indent2" width="20%">Evidence</td>
        <td colspan="1" rowspan="1" width="80%"/>
      </tr>
      <tr>
        <td colspan="1" rowspan="1" class="indent2" width="20%">Other Info</td>
        <td colspan="1" rowspan="1" width="80%">This issue still applies to error type pages (401, 403, 500, etc.) as those pages are often still affected by injection issues, in which case there is still concern for browsers sniffing pages away from their actual content type.
At "High" threshold this scan rule will not alert on client or server error responses.</td>
      </tr>
      <tr>
        <td colspan="1" rowspan="1" class="indent1" width="20%">URL</td>
        <td colspan="1" rowspan="1" width="80%">
          <a shape="rect" href="https://www.fairplay.com.bo/api/dataentities/CF/search?_fields=id,imageFlag,idCollection,active,percentage,shippingFree&amp;_where=idCollection=141%20OR%20idCollection=310">https://www.fairplay.com.bo/api/dataentities/CF/search?_fields=id,imageFlag,idCollection,active,percentage,shippingFree&amp;_where=idCollection=141%20OR%20idCollection=310</a>
        </td>
      </tr>
      <tr>
        <td colspan="1" rowspan="1" class="indent2" width="20%">Method</td>
        <td colspan="1" rowspan="1" width="80%">GET</td>
      </tr>
      <tr>
        <td colspan="1" rowspan="1" class="indent2" width="20%">Parameter</td>
        <td colspan="1" rowspan="1" width="80%">x-content-type-options</td>
      </tr>
      <tr>
        <td colspan="1" rowspan="1" class="indent2" width="20%">Attack</td>
        <td colspan="1" rowspan="1" width="80%"/>
      </tr>
      <tr>
        <td colspan="1" rowspan="1" class="indent2" width="20%">Evidence</td>
        <td colspan="1" rowspan="1" width="80%"/>
      </tr>
      <tr>
        <td colspan="1" rowspan="1" class="indent2" width="20%">Other Info</td>
        <td colspan="1" rowspan="1" width="80%">This issue still applies to error type pages (401, 403, 500, etc.) as those pages are often still affected by injection issues, in which case there is still concern for browsers sniffing pages away from their actual content type.
At "High" threshold this scan rule will not alert on client or server error responses.</td>
      </tr>
      <tr>
        <td colspan="1" rowspan="1" class="indent1" width="20%">URL</td>
        <td colspan="1" rowspan="1" width="80%">
          <a shape="rect" href="https://www.fairplay.com.bo/api/dataentities/CF/search?_fields=id,imageFlag,idCollection,active,percentage,shippingFree&amp;_where=idCollection=141%20OR%20idCollection=310%20OR%20idCollection=341%20OR%20idCollection=425">https://www.fairplay.com.bo/api/dataentities/CF/search?_fields=id,imageFlag,idCollection,active,percentage,shippingFree&amp;_where=idCollection=141%20OR%20idCollection=310%20OR%20idCollection=341%20OR%20idCollection=425</a>
        </td>
      </tr>
      <tr>
        <td colspan="1" rowspan="1" class="indent2" width="20%">Method</td>
        <td colspan="1" rowspan="1" width="80%">GET</td>
      </tr>
      <tr>
        <td colspan="1" rowspan="1" class="indent2" width="20%">Parameter</td>
        <td colspan="1" rowspan="1" width="80%">x-content-type-options</td>
      </tr>
      <tr>
        <td colspan="1" rowspan="1" class="indent2" width="20%">Attack</td>
        <td colspan="1" rowspan="1" width="80%"/>
      </tr>
      <tr>
        <td colspan="1" rowspan="1" class="indent2" width="20%">Evidence</td>
        <td colspan="1" rowspan="1" width="80%"/>
      </tr>
      <tr>
        <td colspan="1" rowspan="1" class="indent2" width="20%">Other Info</td>
        <td colspan="1" rowspan="1" width="80%">This issue still applies to error type pages (401, 403, 500, etc.) as those pages are often still affected by injection issues, in which case there is still concern for browsers sniffing pages away from their actual content type.
At "High" threshold this scan rule will not alert on client or server error responses.</td>
      </tr>
      <tr>
        <td colspan="1" rowspan="1" class="indent1" width="20%">URL</td>
        <td colspan="1" rowspan="1" width="80%">
          <a shape="rect" href="https://www.fairplay.com.bo/api/dataentities/CF/search?_fields=id,imageFlag,idCollection,active,percentage,shippingFree&amp;_where=idCollection=141%20OR%20idCollection=335">https://www.fairplay.com.bo/api/dataentities/CF/search?_fields=id,imageFlag,idCollection,active,percentage,shippingFree&amp;_where=idCollection=141%20OR%20idCollection=335</a>
        </td>
      </tr>
      <tr>
        <td colspan="1" rowspan="1" class="indent2" width="20%">Method</td>
        <td colspan="1" rowspan="1" width="80%">GET</td>
      </tr>
      <tr>
        <td colspan="1" rowspan="1" class="indent2" width="20%">Parameter</td>
        <td colspan="1" rowspan="1" width="80%">x-content-type-options</td>
      </tr>
      <tr>
        <td colspan="1" rowspan="1" class="indent2" width="20%">Attack</td>
        <td colspan="1" rowspan="1" width="80%"/>
      </tr>
      <tr>
        <td colspan="1" rowspan="1" class="indent2" width="20%">Evidence</td>
        <td colspan="1" rowspan="1" width="80%"/>
      </tr>
      <tr>
        <td colspan="1" rowspan="1" class="indent2" width="20%">Other Info</td>
        <td colspan="1" rowspan="1" width="80%">This issue still applies to error type pages (401, 403, 500, etc.) as those pages are often still affected by injection issues, in which case there is still concern for browsers sniffing pages away from their actual content type.
At "High" threshold this scan rule will not alert on client or server error responses.</td>
      </tr>
      <tr>
        <td colspan="1" rowspan="1" class="indent1" width="20%">URL</td>
        <td colspan="1" rowspan="1" width="80%">
          <a shape="rect" href="https://www.fairplay.com.bo/api/dataentities/CF/search?_fields=id,imageFlag,idCollection,active,percentage,shippingFree&amp;_where=idCollection=141%20OR%20idCollection=335%20OR%20idCollection=341%20OR%20idCollection=392">https://www.fairplay.com.bo/api/dataentities/CF/search?_fields=id,imageFlag,idCollection,active,percentage,shippingFree&amp;_where=idCollection=141%20OR%20idCollection=335%20OR%20idCollection=341%20OR%20idCollection=392</a>
        </td>
      </tr>
      <tr>
        <td colspan="1" rowspan="1" class="indent2" width="20%">Method</td>
        <td colspan="1" rowspan="1" width="80%">GET</td>
      </tr>
      <tr>
        <td colspan="1" rowspan="1" class="indent2" width="20%">Parameter</td>
        <td colspan="1" rowspan="1" width="80%">x-content-type-options</td>
      </tr>
      <tr>
        <td colspan="1" rowspan="1" class="indent2" width="20%">Attack</td>
        <td colspan="1" rowspan="1" width="80%"/>
      </tr>
      <tr>
        <td colspan="1" rowspan="1" class="indent2" width="20%">Evidence</td>
        <td colspan="1" rowspan="1" width="80%"/>
      </tr>
      <tr>
        <td colspan="1" rowspan="1" class="indent2" width="20%">Other Info</td>
        <td colspan="1" rowspan="1" width="80%">This issue still applies to error type pages (401, 403, 500, etc.) as those pages are often still affected by injection issues, in which case there is still concern for browsers sniffing pages away from their actual content type.
At "High" threshold this scan rule will not alert on client or server error responses.</td>
      </tr>
      <tr>
        <td colspan="1" rowspan="1" class="indent1" width="20%">URL</td>
        <td colspan="1" rowspan="1" width="80%">
          <a shape="rect" href="https://www.fairplay.com.bo/api/dataentities/CF/search?_fields=id,imageFlag,idCollection,active,percentage,shippingFree&amp;_where=idCollection=141%20OR%20idCollection=335%20OR%20idCollection=392">https://www.fairplay.com.bo/api/dataentities/CF/search?_fields=id,imageFlag,idCollection,active,percentage,shippingFree&amp;_where=idCollection=141%20OR%20idCollection=335%20OR%20idCollection=392</a>
        </td>
      </tr>
      <tr>
        <td colspan="1" rowspan="1" class="indent2" width="20%">Method</td>
        <td colspan="1" rowspan="1" width="80%">GET</td>
      </tr>
      <tr>
        <td colspan="1" rowspan="1" class="indent2" width="20%">Parameter</td>
        <td colspan="1" rowspan="1" width="80%">x-content-type-options</td>
      </tr>
      <tr>
        <td colspan="1" rowspan="1" class="indent2" width="20%">Attack</td>
        <td colspan="1" rowspan="1" width="80%"/>
      </tr>
      <tr>
        <td colspan="1" rowspan="1" class="indent2" width="20%">Evidence</td>
        <td colspan="1" rowspan="1" width="80%"/>
      </tr>
      <tr>
        <td colspan="1" rowspan="1" class="indent2" width="20%">Other Info</td>
        <td colspan="1" rowspan="1" width="80%">This issue still applies to error type pages (401, 403, 500, etc.) as those pages are often still affected by injection issues, in which case there is still concern for browsers sniffing pages away from their actual content type.
At "High" threshold this scan rule will not alert on client or server error responses.</td>
      </tr>
      <tr>
        <td colspan="1" rowspan="1" class="indent1" width="20%">URL</td>
        <td colspan="1" rowspan="1" width="80%">
          <a shape="rect" href="https://www.fairplay.com.bo/api/dataentities/CF/search?_fields=id,imageFlag,idCollection,active,percentage,shippingFree&amp;_where=idCollection=141%20OR%20idCollection=337">https://www.fairplay.com.bo/api/dataentities/CF/search?_fields=id,imageFlag,idCollection,active,percentage,shippingFree&amp;_where=idCollection=141%20OR%20idCollection=337</a>
        </td>
      </tr>
      <tr>
        <td colspan="1" rowspan="1" class="indent2" width="20%">Method</td>
        <td colspan="1" rowspan="1" width="80%">GET</td>
      </tr>
      <tr>
        <td colspan="1" rowspan="1" class="indent2" width="20%">Parameter</td>
        <td colspan="1" rowspan="1" width="80%">x-content-type-options</td>
      </tr>
      <tr>
        <td colspan="1" rowspan="1" class="indent2" width="20%">Attack</td>
        <td colspan="1" rowspan="1" width="80%"/>
      </tr>
      <tr>
        <td colspan="1" rowspan="1" class="indent2" width="20%">Evidence</td>
        <td colspan="1" rowspan="1" width="80%"/>
      </tr>
      <tr>
        <td colspan="1" rowspan="1" class="indent2" width="20%">Other Info</td>
        <td colspan="1" rowspan="1" width="80%">This issue still applies to error type pages (401, 403, 500, etc.) as those pages are often still affected by injection issues, in which case there is still concern for browsers sniffing pages away from their actual content type.
At "High" threshold this scan rule will not alert on client or server error responses.</td>
      </tr>
      <tr>
        <td colspan="1" rowspan="1" class="indent1" width="20%">URL</td>
        <td colspan="1" rowspan="1" width="80%">
          <a shape="rect" href="https://www.fairplay.com.bo/api/dataentities/CF/search?_fields=id,imageFlag,idCollection,active,percentage,shippingFree&amp;_where=idCollection=141%20OR%20idCollection=337%20OR%20idCollection=392">https://www.fairplay.com.bo/api/dataentities/CF/search?_fields=id,imageFlag,idCollection,active,percentage,shippingFree&amp;_where=idCollection=141%20OR%20idCollection=337%20OR%20idCollection=392</a>
        </td>
      </tr>
      <tr>
        <td colspan="1" rowspan="1" class="indent2" width="20%">Method</td>
        <td colspan="1" rowspan="1" width="80%">GET</td>
      </tr>
      <tr>
        <td colspan="1" rowspan="1" class="indent2" width="20%">Parameter</td>
        <td colspan="1" rowspan="1" width="80%">x-content-type-options</td>
      </tr>
      <tr>
        <td colspan="1" rowspan="1" class="indent2" width="20%">Attack</td>
        <td colspan="1" rowspan="1" width="80%"/>
      </tr>
      <tr>
        <td colspan="1" rowspan="1" class="indent2" width="20%">Evidence</td>
        <td colspan="1" rowspan="1" width="80%"/>
      </tr>
      <tr>
        <td colspan="1" rowspan="1" class="indent2" width="20%">Other Info</td>
        <td colspan="1" rowspan="1" width="80%">This issue still applies to error type pages (401, 403, 500, etc.) as those pages are often still affected by injection issues, in which case there is still concern for browsers sniffing pages away from their actual content type.
At "High" threshold this scan rule will not alert on client or server error responses.</td>
      </tr>
      <tr>
        <td colspan="1" rowspan="1" class="indent1" width="20%">URL</td>
        <td colspan="1" rowspan="1" width="80%">
          <a shape="rect" href="https://www.fairplay.com.bo/api/dataentities/CF/search?_fields=id,imageFlag,idCollection,active,percentage,shippingFree&amp;_where=idCollection=141%20OR%20idCollection=341%20OR%20idCollection=392%20OR%20idCollection=425">https://www.fairplay.com.bo/api/dataentities/CF/search?_fields=id,imageFlag,idCollection,active,percentage,shippingFree&amp;_where=idCollection=141%20OR%20idCollection=341%20OR%20idCollection=392%20OR%20idCollection=425</a>
        </td>
      </tr>
      <tr>
        <td colspan="1" rowspan="1" class="indent2" width="20%">Method</td>
        <td colspan="1" rowspan="1" width="80%">GET</td>
      </tr>
      <tr>
        <td colspan="1" rowspan="1" class="indent2" width="20%">Parameter</td>
        <td colspan="1" rowspan="1" width="80%">x-content-type-options</td>
      </tr>
      <tr>
        <td colspan="1" rowspan="1" class="indent2" width="20%">Attack</td>
        <td colspan="1" rowspan="1" width="80%"/>
      </tr>
      <tr>
        <td colspan="1" rowspan="1" class="indent2" width="20%">Evidence</td>
        <td colspan="1" rowspan="1" width="80%"/>
      </tr>
      <tr>
        <td colspan="1" rowspan="1" class="indent2" width="20%">Other Info</td>
        <td colspan="1" rowspan="1" width="80%">This issue still applies to error type pages (401, 403, 500, etc.) as those pages are often still affected by injection issues, in which case there is still concern for browsers sniffing pages away from their actual content type.
At "High" threshold this scan rule will not alert on client or server error responses.</td>
      </tr>
      <tr>
        <td colspan="1" rowspan="1" class="indent1" width="20%">URL</td>
        <td colspan="1" rowspan="1" width="80%">
          <a shape="rect" href="https://www.fairplay.com.bo/api/dataentities/CF/search?_fields=id,imageFlag,idCollection,active,percentage,shippingFree&amp;_where=idCollection=141%20OR%20idCollection=348">https://www.fairplay.com.bo/api/dataentities/CF/search?_fields=id,imageFlag,idCollection,active,percentage,shippingFree&amp;_where=idCollection=141%20OR%20idCollection=348</a>
        </td>
      </tr>
      <tr>
        <td colspan="1" rowspan="1" class="indent2" width="20%">Method</td>
        <td colspan="1" rowspan="1" width="80%">GET</td>
      </tr>
      <tr>
        <td colspan="1" rowspan="1" class="indent2" width="20%">Parameter</td>
        <td colspan="1" rowspan="1" width="80%">x-content-type-options</td>
      </tr>
      <tr>
        <td colspan="1" rowspan="1" class="indent2" width="20%">Attack</td>
        <td colspan="1" rowspan="1" width="80%"/>
      </tr>
      <tr>
        <td colspan="1" rowspan="1" class="indent2" width="20%">Evidence</td>
        <td colspan="1" rowspan="1" width="80%"/>
      </tr>
      <tr>
        <td colspan="1" rowspan="1" class="indent2" width="20%">Other Info</td>
        <td colspan="1" rowspan="1" width="80%">This issue still applies to error type pages (401, 403, 500, etc.) as those pages are often still affected by injection issues, in which case there is still concern for browsers sniffing pages away from their actual content type.
At "High" threshold this scan rule will not alert on client or server error responses.</td>
      </tr>
      <tr>
        <td colspan="1" rowspan="1" class="indent1" width="20%">URL</td>
        <td colspan="1" rowspan="1" width="80%">
          <a shape="rect" href="https://www.fairplay.com.bo/api/dataentities/CF/search?_fields=id,imageFlag,idCollection,active,percentage,shippingFree&amp;_where=idCollection=141%20OR%20idCollection=392">https://www.fairplay.com.bo/api/dataentities/CF/search?_fields=id,imageFlag,idCollection,active,percentage,shippingFree&amp;_where=idCollection=141%20OR%20idCollection=392</a>
        </td>
      </tr>
      <tr>
        <td colspan="1" rowspan="1" class="indent2" width="20%">Method</td>
        <td colspan="1" rowspan="1" width="80%">GET</td>
      </tr>
      <tr>
        <td colspan="1" rowspan="1" class="indent2" width="20%">Parameter</td>
        <td colspan="1" rowspan="1" width="80%">x-content-type-options</td>
      </tr>
      <tr>
        <td colspan="1" rowspan="1" class="indent2" width="20%">Attack</td>
        <td colspan="1" rowspan="1" width="80%"/>
      </tr>
      <tr>
        <td colspan="1" rowspan="1" class="indent2" width="20%">Evidence</td>
        <td colspan="1" rowspan="1" width="80%"/>
      </tr>
      <tr>
        <td colspan="1" rowspan="1" class="indent2" width="20%">Other Info</td>
        <td colspan="1" rowspan="1" width="80%">This issue still applies to error type pages (401, 403, 500, etc.) as those pages are often still affected by injection issues, in which case there is still concern for browsers sniffing pages away from their actual content type.
At "High" threshold this scan rule will not alert on client or server error responses.</td>
      </tr>
      <tr>
        <td colspan="1" rowspan="1" class="indent1" width="20%">URL</td>
        <td colspan="1" rowspan="1" width="80%">
          <a shape="rect" href="https://www.fairplay.com.bo/api/dataentities/CF/search?_fields=id,imageFlag,idCollection,active,percentage,shippingFree&amp;_where=idCollection=141%20OR%20idCollection=439">https://www.fairplay.com.bo/api/dataentities/CF/search?_fields=id,imageFlag,idCollection,active,percentage,shippingFree&amp;_where=idCollection=141%20OR%20idCollection=439</a>
        </td>
      </tr>
      <tr>
        <td colspan="1" rowspan="1" class="indent2" width="20%">Method</td>
        <td colspan="1" rowspan="1" width="80%">GET</td>
      </tr>
      <tr>
        <td colspan="1" rowspan="1" class="indent2" width="20%">Parameter</td>
        <td colspan="1" rowspan="1" width="80%">x-content-type-options</td>
      </tr>
      <tr>
        <td colspan="1" rowspan="1" class="indent2" width="20%">Attack</td>
        <td colspan="1" rowspan="1" width="80%"/>
      </tr>
      <tr>
        <td colspan="1" rowspan="1" class="indent2" width="20%">Evidence</td>
        <td colspan="1" rowspan="1" width="80%"/>
      </tr>
      <tr>
        <td colspan="1" rowspan="1" class="indent2" width="20%">Other Info</td>
        <td colspan="1" rowspan="1" width="80%">This issue still applies to error type pages (401, 403, 500, etc.) as those pages are often still affected by injection issues, in which case there is still concern for browsers sniffing pages away from their actual content type.
At "High" threshold this scan rule will not alert on client or server error responses.</td>
      </tr>
      <tr>
        <td colspan="1" rowspan="1" class="indent1" width="20%">URL</td>
        <td colspan="1" rowspan="1" width="80%">
          <a shape="rect" href="https://www.fairplay.com.bo/api/dataentities/CF/search?_fields=id,imageFlag,idCollection,active,percentage,shippingFree&amp;_where=idCollection=142">https://www.fairplay.com.bo/api/dataentities/CF/search?_fields=id,imageFlag,idCollection,active,percentage,shippingFree&amp;_where=idCollection=142</a>
        </td>
      </tr>
      <tr>
        <td colspan="1" rowspan="1" class="indent2" width="20%">Method</td>
        <td colspan="1" rowspan="1" width="80%">GET</td>
      </tr>
      <tr>
        <td colspan="1" rowspan="1" class="indent2" width="20%">Parameter</td>
        <td colspan="1" rowspan="1" width="80%">x-content-type-options</td>
      </tr>
      <tr>
        <td colspan="1" rowspan="1" class="indent2" width="20%">Attack</td>
        <td colspan="1" rowspan="1" width="80%"/>
      </tr>
      <tr>
        <td colspan="1" rowspan="1" class="indent2" width="20%">Evidence</td>
        <td colspan="1" rowspan="1" width="80%"/>
      </tr>
      <tr>
        <td colspan="1" rowspan="1" class="indent2" width="20%">Other Info</td>
        <td colspan="1" rowspan="1" width="80%">This issue still applies to error type pages (401, 403, 500, etc.) as those pages are often still affected by injection issues, in which case there is still concern for browsers sniffing pages away from their actual content type.
At "High" threshold this scan rule will not alert on client or server error responses.</td>
      </tr>
      <tr>
        <td colspan="1" rowspan="1" class="indent1" width="20%">URL</td>
        <td colspan="1" rowspan="1" width="80%">
          <a shape="rect" href="https://www.fairplay.com.bo/api/dataentities/CF/search?_fields=id,imageFlag,idCollection,active,percentage,shippingFree&amp;_where=idCollection=142%20OR%20idCollection=335">https://www.fairplay.com.bo/api/dataentities/CF/search?_fields=id,imageFlag,idCollection,active,percentage,shippingFree&amp;_where=idCollection=142%20OR%20idCollection=335</a>
        </td>
      </tr>
      <tr>
        <td colspan="1" rowspan="1" class="indent2" width="20%">Method</td>
        <td colspan="1" rowspan="1" width="80%">GET</td>
      </tr>
      <tr>
        <td colspan="1" rowspan="1" class="indent2" width="20%">Parameter</td>
        <td colspan="1" rowspan="1" width="80%">x-content-type-options</td>
      </tr>
      <tr>
        <td colspan="1" rowspan="1" class="indent2" width="20%">Attack</td>
        <td colspan="1" rowspan="1" width="80%"/>
      </tr>
      <tr>
        <td colspan="1" rowspan="1" class="indent2" width="20%">Evidence</td>
        <td colspan="1" rowspan="1" width="80%"/>
      </tr>
      <tr>
        <td colspan="1" rowspan="1" class="indent2" width="20%">Other Info</td>
        <td colspan="1" rowspan="1" width="80%">This issue still applies to error type pages (401, 403, 500, etc.) as those pages are often still affected by injection issues, in which case there is still concern for browsers sniffing pages away from their actual content type.
At "High" threshold this scan rule will not alert on client or server error responses.</td>
      </tr>
      <tr>
        <td colspan="1" rowspan="1" class="indent1" width="20%">URL</td>
        <td colspan="1" rowspan="1" width="80%">
          <a shape="rect" href="https://www.fairplay.com.bo/api/dataentities/CF/search?_fields=id,imageFlag,idCollection,active,percentage,shippingFree&amp;_where=idCollection=142%20OR%20idCollection=335%20OR%20idCollection=392">https://www.fairplay.com.bo/api/dataentities/CF/search?_fields=id,imageFlag,idCollection,active,percentage,shippingFree&amp;_where=idCollection=142%20OR%20idCollection=335%20OR%20idCollection=392</a>
        </td>
      </tr>
      <tr>
        <td colspan="1" rowspan="1" class="indent2" width="20%">Method</td>
        <td colspan="1" rowspan="1" width="80%">GET</td>
      </tr>
      <tr>
        <td colspan="1" rowspan="1" class="indent2" width="20%">Parameter</td>
        <td colspan="1" rowspan="1" width="80%">x-content-type-options</td>
      </tr>
      <tr>
        <td colspan="1" rowspan="1" class="indent2" width="20%">Attack</td>
        <td colspan="1" rowspan="1" width="80%"/>
      </tr>
      <tr>
        <td colspan="1" rowspan="1" class="indent2" width="20%">Evidence</td>
        <td colspan="1" rowspan="1" width="80%"/>
      </tr>
      <tr>
        <td colspan="1" rowspan="1" class="indent2" width="20%">Other Info</td>
        <td colspan="1" rowspan="1" width="80%">This issue still applies to error type pages (401, 403, 500, etc.) as those pages are often still affected by injection issues, in which case there is still concern for browsers sniffing pages away from their actual content type.
At "High" threshold this scan rule will not alert on client or server error responses.</td>
      </tr>
      <tr>
        <td colspan="1" rowspan="1" class="indent1" width="20%">URL</td>
        <td colspan="1" rowspan="1" width="80%">
          <a shape="rect" href="https://www.fairplay.com.bo/api/dataentities/CF/search?_fields=id,imageFlag,idCollection,active,percentage,shippingFree&amp;_where=idCollection=142%20OR%20idCollection=341%20OR%20idCollection=392%20OR%20idCollection=425">https://www.fairplay.com.bo/api/dataentities/CF/search?_fields=id,imageFlag,idCollection,active,percentage,shippingFree&amp;_where=idCollection=142%20OR%20idCollection=341%20OR%20idCollection=392%20OR%20idCollection=425</a>
        </td>
      </tr>
      <tr>
        <td colspan="1" rowspan="1" class="indent2" width="20%">Method</td>
        <td colspan="1" rowspan="1" width="80%">GET</td>
      </tr>
      <tr>
        <td colspan="1" rowspan="1" class="indent2" width="20%">Parameter</td>
        <td colspan="1" rowspan="1" width="80%">x-content-type-options</td>
      </tr>
      <tr>
        <td colspan="1" rowspan="1" class="indent2" width="20%">Attack</td>
        <td colspan="1" rowspan="1" width="80%"/>
      </tr>
      <tr>
        <td colspan="1" rowspan="1" class="indent2" width="20%">Evidence</td>
        <td colspan="1" rowspan="1" width="80%"/>
      </tr>
      <tr>
        <td colspan="1" rowspan="1" class="indent2" width="20%">Other Info</td>
        <td colspan="1" rowspan="1" width="80%">This issue still applies to error type pages (401, 403, 500, etc.) as those pages are often still affected by injection issues, in which case there is still concern for browsers sniffing pages away from their actual content type.
At "High" threshold this scan rule will not alert on client or server error responses.</td>
      </tr>
      <tr>
        <td colspan="1" rowspan="1" class="indent1" width="20%">URL</td>
        <td colspan="1" rowspan="1" width="80%">
          <a shape="rect" href="https://www.fairplay.com.bo/api/dataentities/CF/search?_fields=id,imageFlag,idCollection,active,percentage,shippingFree&amp;_where=idCollection=142%20OR%20idCollection=392%20OR%20idCollection=425">https://www.fairplay.com.bo/api/dataentities/CF/search?_fields=id,imageFlag,idCollection,active,percentage,shippingFree&amp;_where=idCollection=142%20OR%20idCollection=392%20OR%20idCollection=425</a>
        </td>
      </tr>
      <tr>
        <td colspan="1" rowspan="1" class="indent2" width="20%">Method</td>
        <td colspan="1" rowspan="1" width="80%">GET</td>
      </tr>
      <tr>
        <td colspan="1" rowspan="1" class="indent2" width="20%">Parameter</td>
        <td colspan="1" rowspan="1" width="80%">x-content-type-options</td>
      </tr>
      <tr>
        <td colspan="1" rowspan="1" class="indent2" width="20%">Attack</td>
        <td colspan="1" rowspan="1" width="80%"/>
      </tr>
      <tr>
        <td colspan="1" rowspan="1" class="indent2" width="20%">Evidence</td>
        <td colspan="1" rowspan="1" width="80%"/>
      </tr>
      <tr>
        <td colspan="1" rowspan="1" class="indent2" width="20%">Other Info</td>
        <td colspan="1" rowspan="1" width="80%">This issue still applies to error type pages (401, 403, 500, etc.) as those pages are often still affected by injection issues, in which case there is still concern for browsers sniffing pages away from their actual content type.
At "High" threshold this scan rule will not alert on client or server error responses.</td>
      </tr>
      <tr>
        <td colspan="1" rowspan="1" class="indent1" width="20%">URL</td>
        <td colspan="1" rowspan="1" width="80%">
          <a shape="rect" href="https://www.fairplay.com.bo/api/dataentities/CF/search?_fields=id,imageFlag,idCollection,active,percentage,shippingFree&amp;_where=idCollection=142%20OR%20idCollection=425">https://www.fairplay.com.bo/api/dataentities/CF/search?_fields=id,imageFlag,idCollection,active,percentage,shippingFree&amp;_where=idCollection=142%20OR%20idCollection=425</a>
        </td>
      </tr>
      <tr>
        <td colspan="1" rowspan="1" class="indent2" width="20%">Method</td>
        <td colspan="1" rowspan="1" width="80%">GET</td>
      </tr>
      <tr>
        <td colspan="1" rowspan="1" class="indent2" width="20%">Parameter</td>
        <td colspan="1" rowspan="1" width="80%">x-content-type-options</td>
      </tr>
      <tr>
        <td colspan="1" rowspan="1" class="indent2" width="20%">Attack</td>
        <td colspan="1" rowspan="1" width="80%"/>
      </tr>
      <tr>
        <td colspan="1" rowspan="1" class="indent2" width="20%">Evidence</td>
        <td colspan="1" rowspan="1" width="80%"/>
      </tr>
      <tr>
        <td colspan="1" rowspan="1" class="indent2" width="20%">Other Info</td>
        <td colspan="1" rowspan="1" width="80%">This issue still applies to error type pages (401, 403, 500, etc.) as those pages are often still affected by injection issues, in which case there is still concern for browsers sniffing pages away from their actual content type.
At "High" threshold this scan rule will not alert on client or server error responses.</td>
      </tr>
      <tr>
        <td colspan="1" rowspan="1" class="indent1" width="20%">URL</td>
        <td colspan="1" rowspan="1" width="80%">
          <a shape="rect" href="https://www.fairplay.com.bo/api/dataentities/CF/search?_fields=id,imageFlag,idCollection,active,percentage,shippingFree&amp;_where=idCollection=144%20OR%20idCollection=167%20OR%20idCollection=335%20OR%20idCollection=341%20OR%20idCollection=425">https://www.fairplay.com.bo/api/dataentities/CF/search?_fields=id,imageFlag,idCollection,active,percentage,shippingFree&amp;_where=idCollection=144%20OR%20idCollection=167%20OR%20idCollection=335%20OR%20idCollection=341%20OR%20idCollection=425</a>
        </td>
      </tr>
      <tr>
        <td colspan="1" rowspan="1" class="indent2" width="20%">Method</td>
        <td colspan="1" rowspan="1" width="80%">GET</td>
      </tr>
      <tr>
        <td colspan="1" rowspan="1" class="indent2" width="20%">Parameter</td>
        <td colspan="1" rowspan="1" width="80%">x-content-type-options</td>
      </tr>
      <tr>
        <td colspan="1" rowspan="1" class="indent2" width="20%">Attack</td>
        <td colspan="1" rowspan="1" width="80%"/>
      </tr>
      <tr>
        <td colspan="1" rowspan="1" class="indent2" width="20%">Evidence</td>
        <td colspan="1" rowspan="1" width="80%"/>
      </tr>
      <tr>
        <td colspan="1" rowspan="1" class="indent2" width="20%">Other Info</td>
        <td colspan="1" rowspan="1" width="80%">This issue still applies to error type pages (401, 403, 500, etc.) as those pages are often still affected by injection issues, in which case there is still concern for browsers sniffing pages away from their actual content type.
At "High" threshold this scan rule will not alert on client or server error responses.</td>
      </tr>
      <tr>
        <td colspan="1" rowspan="1" class="indent1" width="20%">URL</td>
        <td colspan="1" rowspan="1" width="80%">
          <a shape="rect" href="https://www.fairplay.com.bo/api/dataentities/CF/search?_fields=id,imageFlag,idCollection,active,percentage,shippingFree&amp;_where=idCollection=144%20OR%20idCollection=167%20OR%20idCollection=341%20OR%20idCollection=425">https://www.fairplay.com.bo/api/dataentities/CF/search?_fields=id,imageFlag,idCollection,active,percentage,shippingFree&amp;_where=idCollection=144%20OR%20idCollection=167%20OR%20idCollection=341%20OR%20idCollection=425</a>
        </td>
      </tr>
      <tr>
        <td colspan="1" rowspan="1" class="indent2" width="20%">Method</td>
        <td colspan="1" rowspan="1" width="80%">GET</td>
      </tr>
      <tr>
        <td colspan="1" rowspan="1" class="indent2" width="20%">Parameter</td>
        <td colspan="1" rowspan="1" width="80%">x-content-type-options</td>
      </tr>
      <tr>
        <td colspan="1" rowspan="1" class="indent2" width="20%">Attack</td>
        <td colspan="1" rowspan="1" width="80%"/>
      </tr>
      <tr>
        <td colspan="1" rowspan="1" class="indent2" width="20%">Evidence</td>
        <td colspan="1" rowspan="1" width="80%"/>
      </tr>
      <tr>
        <td colspan="1" rowspan="1" class="indent2" width="20%">Other Info</td>
        <td colspan="1" rowspan="1" width="80%">This issue still applies to error type pages (401, 403, 500, etc.) as those pages are often still affected by injection issues, in which case there is still concern for browsers sniffing pages away from their actual content type.
At "High" threshold this scan rule will not alert on client or server error responses.</td>
      </tr>
      <tr>
        <td colspan="1" rowspan="1" class="indent1" width="20%">URL</td>
        <td colspan="1" rowspan="1" width="80%">
          <a shape="rect" href="https://www.fairplay.com.bo/api/dataentities/CF/search?_fields=id,imageFlag,idCollection,active,percentage,shippingFree&amp;_where=idCollection=144%20OR%20idCollection=335%20OR%20idCollection=425">https://www.fairplay.com.bo/api/dataentities/CF/search?_fields=id,imageFlag,idCollection,active,percentage,shippingFree&amp;_where=idCollection=144%20OR%20idCollection=335%20OR%20idCollection=425</a>
        </td>
      </tr>
      <tr>
        <td colspan="1" rowspan="1" class="indent2" width="20%">Method</td>
        <td colspan="1" rowspan="1" width="80%">GET</td>
      </tr>
      <tr>
        <td colspan="1" rowspan="1" class="indent2" width="20%">Parameter</td>
        <td colspan="1" rowspan="1" width="80%">x-content-type-options</td>
      </tr>
      <tr>
        <td colspan="1" rowspan="1" class="indent2" width="20%">Attack</td>
        <td colspan="1" rowspan="1" width="80%"/>
      </tr>
      <tr>
        <td colspan="1" rowspan="1" class="indent2" width="20%">Evidence</td>
        <td colspan="1" rowspan="1" width="80%"/>
      </tr>
      <tr>
        <td colspan="1" rowspan="1" class="indent2" width="20%">Other Info</td>
        <td colspan="1" rowspan="1" width="80%">This issue still applies to error type pages (401, 403, 500, etc.) as those pages are often still affected by injection issues, in which case there is still concern for browsers sniffing pages away from their actual content type.
At "High" threshold this scan rule will not alert on client or server error responses.</td>
      </tr>
      <tr>
        <td colspan="1" rowspan="1" class="indent1" width="20%">URL</td>
        <td colspan="1" rowspan="1" width="80%">
          <a shape="rect" href="https://www.fairplay.com.bo/api/dataentities/CF/search?_fields=id,imageFlag,idCollection,active,percentage,shippingFree&amp;_where=idCollection=144%20OR%20idCollection=341%20OR%20idCollection=401%20OR%20idCollection=425">https://www.fairplay.com.bo/api/dataentities/CF/search?_fields=id,imageFlag,idCollection,active,percentage,shippingFree&amp;_where=idCollection=144%20OR%20idCollection=341%20OR%20idCollection=401%20OR%20idCollection=425</a>
        </td>
      </tr>
      <tr>
        <td colspan="1" rowspan="1" class="indent2" width="20%">Method</td>
        <td colspan="1" rowspan="1" width="80%">GET</td>
      </tr>
      <tr>
        <td colspan="1" rowspan="1" class="indent2" width="20%">Parameter</td>
        <td colspan="1" rowspan="1" width="80%">x-content-type-options</td>
      </tr>
      <tr>
        <td colspan="1" rowspan="1" class="indent2" width="20%">Attack</td>
        <td colspan="1" rowspan="1" width="80%"/>
      </tr>
      <tr>
        <td colspan="1" rowspan="1" class="indent2" width="20%">Evidence</td>
        <td colspan="1" rowspan="1" width="80%"/>
      </tr>
      <tr>
        <td colspan="1" rowspan="1" class="indent2" width="20%">Other Info</td>
        <td colspan="1" rowspan="1" width="80%">This issue still applies to error type pages (401, 403, 500, etc.) as those pages are often still affected by injection issues, in which case there is still concern for browsers sniffing pages away from their actual content type.
At "High" threshold this scan rule will not alert on client or server error responses.</td>
      </tr>
      <tr>
        <td colspan="1" rowspan="1" class="indent1" width="20%">URL</td>
        <td colspan="1" rowspan="1" width="80%">
          <a shape="rect" href="https://www.fairplay.com.bo/api/dataentities/CF/search?_fields=id,imageFlag,idCollection,active,percentage,shippingFree&amp;_where=idCollection=149%20OR%20idCollection=178%20OR%20idCollection=192%20OR%20idCollection=209%20OR%20idCollection=341%20OR%20idCollection=425">https://www.fairplay.com.bo/api/dataentities/CF/search?_fields=id,imageFlag,idCollection,active,percentage,shippingFree&amp;_where=idCollection=149%20OR%20idCollection=178%20OR%20idCollection=192%20OR%20idCollection=209%20OR%20idCollection=341%20OR%20idCollection=425</a>
        </td>
      </tr>
      <tr>
        <td colspan="1" rowspan="1" class="indent2" width="20%">Method</td>
        <td colspan="1" rowspan="1" width="80%">GET</td>
      </tr>
      <tr>
        <td colspan="1" rowspan="1" class="indent2" width="20%">Parameter</td>
        <td colspan="1" rowspan="1" width="80%">x-content-type-options</td>
      </tr>
      <tr>
        <td colspan="1" rowspan="1" class="indent2" width="20%">Attack</td>
        <td colspan="1" rowspan="1" width="80%"/>
      </tr>
      <tr>
        <td colspan="1" rowspan="1" class="indent2" width="20%">Evidence</td>
        <td colspan="1" rowspan="1" width="80%"/>
      </tr>
      <tr>
        <td colspan="1" rowspan="1" class="indent2" width="20%">Other Info</td>
        <td colspan="1" rowspan="1" width="80%">This issue still applies to error type pages (401, 403, 500, etc.) as those pages are often still affected by injection issues, in which case there is still concern for browsers sniffing pages away from their actual content type.
At "High" threshold this scan rule will not alert on client or server error responses.</td>
      </tr>
      <tr>
        <td colspan="1" rowspan="1" class="indent1" width="20%">URL</td>
        <td colspan="1" rowspan="1" width="80%">
          <a shape="rect" href="https://www.fairplay.com.bo/api/dataentities/CF/search?_fields=id,imageFlag,idCollection,active,percentage,shippingFree&amp;_where=idCollection=149%20OR%20idCollection=192">https://www.fairplay.com.bo/api/dataentities/CF/search?_fields=id,imageFlag,idCollection,active,percentage,shippingFree&amp;_where=idCollection=149%20OR%20idCollection=192</a>
        </td>
      </tr>
      <tr>
        <td colspan="1" rowspan="1" class="indent2" width="20%">Method</td>
        <td colspan="1" rowspan="1" width="80%">GET</td>
      </tr>
      <tr>
        <td colspan="1" rowspan="1" class="indent2" width="20%">Parameter</td>
        <td colspan="1" rowspan="1" width="80%">x-content-type-options</td>
      </tr>
      <tr>
        <td colspan="1" rowspan="1" class="indent2" width="20%">Attack</td>
        <td colspan="1" rowspan="1" width="80%"/>
      </tr>
      <tr>
        <td colspan="1" rowspan="1" class="indent2" width="20%">Evidence</td>
        <td colspan="1" rowspan="1" width="80%"/>
      </tr>
      <tr>
        <td colspan="1" rowspan="1" class="indent2" width="20%">Other Info</td>
        <td colspan="1" rowspan="1" width="80%">This issue still applies to error type pages (401, 403, 500, etc.) as those pages are often still affected by injection issues, in which case there is still concern for browsers sniffing pages away from their actual content type.
At "High" threshold this scan rule will not alert on client or server error responses.</td>
      </tr>
      <tr>
        <td colspan="1" rowspan="1" class="indent1" width="20%">URL</td>
        <td colspan="1" rowspan="1" width="80%">
          <a shape="rect" href="https://www.fairplay.com.bo/api/dataentities/CF/search?_fields=id,imageFlag,idCollection,active,percentage,shippingFree&amp;_where=idCollection=149%20OR%20idCollection=312%20OR%20idCollection=341%20OR%20idCollection=425">https://www.fairplay.com.bo/api/dataentities/CF/search?_fields=id,imageFlag,idCollection,active,percentage,shippingFree&amp;_where=idCollection=149%20OR%20idCollection=312%20OR%20idCollection=341%20OR%20idCollection=425</a>
        </td>
      </tr>
      <tr>
        <td colspan="1" rowspan="1" class="indent2" width="20%">Method</td>
        <td colspan="1" rowspan="1" width="80%">GET</td>
      </tr>
      <tr>
        <td colspan="1" rowspan="1" class="indent2" width="20%">Parameter</td>
        <td colspan="1" rowspan="1" width="80%">x-content-type-options</td>
      </tr>
      <tr>
        <td colspan="1" rowspan="1" class="indent2" width="20%">Attack</td>
        <td colspan="1" rowspan="1" width="80%"/>
      </tr>
      <tr>
        <td colspan="1" rowspan="1" class="indent2" width="20%">Evidence</td>
        <td colspan="1" rowspan="1" width="80%"/>
      </tr>
      <tr>
        <td colspan="1" rowspan="1" class="indent2" width="20%">Other Info</td>
        <td colspan="1" rowspan="1" width="80%">This issue still applies to error type pages (401, 403, 500, etc.) as those pages are often still affected by injection issues, in which case there is still concern for browsers sniffing pages away from their actual content type.
At "High" threshold this scan rule will not alert on client or server error responses.</td>
      </tr>
      <tr>
        <td colspan="1" rowspan="1" class="indent1" width="20%">URL</td>
        <td colspan="1" rowspan="1" width="80%">
          <a shape="rect" href="https://www.fairplay.com.bo/api/dataentities/CF/search?_fields=id,imageFlag,idCollection,active,percentage,shippingFree&amp;_where=idCollection=149%20OR%20idCollection=341%20OR%20idCollection=425">https://www.fairplay.com.bo/api/dataentities/CF/search?_fields=id,imageFlag,idCollection,active,percentage,shippingFree&amp;_where=idCollection=149%20OR%20idCollection=341%20OR%20idCollection=425</a>
        </td>
      </tr>
      <tr>
        <td colspan="1" rowspan="1" class="indent2" width="20%">Method</td>
        <td colspan="1" rowspan="1" width="80%">GET</td>
      </tr>
      <tr>
        <td colspan="1" rowspan="1" class="indent2" width="20%">Parameter</td>
        <td colspan="1" rowspan="1" width="80%">x-content-type-options</td>
      </tr>
      <tr>
        <td colspan="1" rowspan="1" class="indent2" width="20%">Attack</td>
        <td colspan="1" rowspan="1" width="80%"/>
      </tr>
      <tr>
        <td colspan="1" rowspan="1" class="indent2" width="20%">Evidence</td>
        <td colspan="1" rowspan="1" width="80%"/>
      </tr>
      <tr>
        <td colspan="1" rowspan="1" class="indent2" width="20%">Other Info</td>
        <td colspan="1" rowspan="1" width="80%">This issue still applies to error type pages (401, 403, 500, etc.) as those pages are often still affected by injection issues, in which case there is still concern for browsers sniffing pages away from their actual content type.
At "High" threshold this scan rule will not alert on client or server error responses.</td>
      </tr>
      <tr>
        <td colspan="1" rowspan="1" class="indent1" width="20%">URL</td>
        <td colspan="1" rowspan="1" width="80%">
          <a shape="rect" href="https://www.fairplay.com.bo/api/dataentities/CF/search?_fields=id,imageFlag,idCollection,active,percentage,shippingFree&amp;_where=idCollection=167%20OR%20idCollection=341%20OR%20idCollection=370%20OR%20idCollection=371%20OR%20idCollection=425">https://www.fairplay.com.bo/api/dataentities/CF/search?_fields=id,imageFlag,idCollection,active,percentage,shippingFree&amp;_where=idCollection=167%20OR%20idCollection=341%20OR%20idCollection=370%20OR%20idCollection=371%20OR%20idCollection=425</a>
        </td>
      </tr>
      <tr>
        <td colspan="1" rowspan="1" class="indent2" width="20%">Method</td>
        <td colspan="1" rowspan="1" width="80%">GET</td>
      </tr>
      <tr>
        <td colspan="1" rowspan="1" class="indent2" width="20%">Parameter</td>
        <td colspan="1" rowspan="1" width="80%">x-content-type-options</td>
      </tr>
      <tr>
        <td colspan="1" rowspan="1" class="indent2" width="20%">Attack</td>
        <td colspan="1" rowspan="1" width="80%"/>
      </tr>
      <tr>
        <td colspan="1" rowspan="1" class="indent2" width="20%">Evidence</td>
        <td colspan="1" rowspan="1" width="80%"/>
      </tr>
      <tr>
        <td colspan="1" rowspan="1" class="indent2" width="20%">Other Info</td>
        <td colspan="1" rowspan="1" width="80%">This issue still applies to error type pages (401, 403, 500, etc.) as those pages are often still affected by injection issues, in which case there is still concern for browsers sniffing pages away from their actual content type.
At "High" threshold this scan rule will not alert on client or server error responses.</td>
      </tr>
      <tr>
        <td colspan="1" rowspan="1" class="indent1" width="20%">URL</td>
        <td colspan="1" rowspan="1" width="80%">
          <a shape="rect" href="https://www.fairplay.com.bo/api/dataentities/CF/search?_fields=id,imageFlag,idCollection,active,percentage,shippingFree&amp;_where=idCollection=167%20OR%20idCollection=341%20OR%20idCollection=425">https://www.fairplay.com.bo/api/dataentities/CF/search?_fields=id,imageFlag,idCollection,active,percentage,shippingFree&amp;_where=idCollection=167%20OR%20idCollection=341%20OR%20idCollection=425</a>
        </td>
      </tr>
      <tr>
        <td colspan="1" rowspan="1" class="indent2" width="20%">Method</td>
        <td colspan="1" rowspan="1" width="80%">GET</td>
      </tr>
      <tr>
        <td colspan="1" rowspan="1" class="indent2" width="20%">Parameter</td>
        <td colspan="1" rowspan="1" width="80%">x-content-type-options</td>
      </tr>
      <tr>
        <td colspan="1" rowspan="1" class="indent2" width="20%">Attack</td>
        <td colspan="1" rowspan="1" width="80%"/>
      </tr>
      <tr>
        <td colspan="1" rowspan="1" class="indent2" width="20%">Evidence</td>
        <td colspan="1" rowspan="1" width="80%"/>
      </tr>
      <tr>
        <td colspan="1" rowspan="1" class="indent2" width="20%">Other Info</td>
        <td colspan="1" rowspan="1" width="80%">This issue still applies to error type pages (401, 403, 500, etc.) as those pages are often still affected by injection issues, in which case there is still concern for browsers sniffing pages away from their actual content type.
At "High" threshold this scan rule will not alert on client or server error responses.</td>
      </tr>
      <tr>
        <td colspan="1" rowspan="1" class="indent1" width="20%">URL</td>
        <td colspan="1" rowspan="1" width="80%">
          <a shape="rect" href="https://www.fairplay.com.bo/api/dataentities/CF/search?_fields=id,imageFlag,idCollection,active,percentage,shippingFree&amp;_where=idCollection=174">https://www.fairplay.com.bo/api/dataentities/CF/search?_fields=id,imageFlag,idCollection,active,percentage,shippingFree&amp;_where=idCollection=174</a>
        </td>
      </tr>
      <tr>
        <td colspan="1" rowspan="1" class="indent2" width="20%">Method</td>
        <td colspan="1" rowspan="1" width="80%">GET</td>
      </tr>
      <tr>
        <td colspan="1" rowspan="1" class="indent2" width="20%">Parameter</td>
        <td colspan="1" rowspan="1" width="80%">x-content-type-options</td>
      </tr>
      <tr>
        <td colspan="1" rowspan="1" class="indent2" width="20%">Attack</td>
        <td colspan="1" rowspan="1" width="80%"/>
      </tr>
      <tr>
        <td colspan="1" rowspan="1" class="indent2" width="20%">Evidence</td>
        <td colspan="1" rowspan="1" width="80%"/>
      </tr>
      <tr>
        <td colspan="1" rowspan="1" class="indent2" width="20%">Other Info</td>
        <td colspan="1" rowspan="1" width="80%">This issue still applies to error type pages (401, 403, 500, etc.) as those pages are often still affected by injection issues, in which case there is still concern for browsers sniffing pages away from their actual content type.
At "High" threshold this scan rule will not alert on client or server error responses.</td>
      </tr>
      <tr>
        <td colspan="1" rowspan="1" class="indent1" width="20%">URL</td>
        <td colspan="1" rowspan="1" width="80%">
          <a shape="rect" href="https://www.fairplay.com.bo/api/dataentities/CF/search?_fields=id,imageFlag,idCollection,active,percentage,shippingFree&amp;_where=idCollection=174%20OR%20idCollection=260%20OR%20idCollection=286%20OR%20idCollection=341%20OR%20idCollection=392%20OR%20idCollection=425">https://www.fairplay.com.bo/api/dataentities/CF/search?_fields=id,imageFlag,idCollection,active,percentage,shippingFree&amp;_where=idCollection=174%20OR%20idCollection=260%20OR%20idCollection=286%20OR%20idCollection=341%20OR%20idCollection=392%20OR%20idCollection=425</a>
        </td>
      </tr>
      <tr>
        <td colspan="1" rowspan="1" class="indent2" width="20%">Method</td>
        <td colspan="1" rowspan="1" width="80%">GET</td>
      </tr>
      <tr>
        <td colspan="1" rowspan="1" class="indent2" width="20%">Parameter</td>
        <td colspan="1" rowspan="1" width="80%">x-content-type-options</td>
      </tr>
      <tr>
        <td colspan="1" rowspan="1" class="indent2" width="20%">Attack</td>
        <td colspan="1" rowspan="1" width="80%"/>
      </tr>
      <tr>
        <td colspan="1" rowspan="1" class="indent2" width="20%">Evidence</td>
        <td colspan="1" rowspan="1" width="80%"/>
      </tr>
      <tr>
        <td colspan="1" rowspan="1" class="indent2" width="20%">Other Info</td>
        <td colspan="1" rowspan="1" width="80%">This issue still applies to error type pages (401, 403, 500, etc.) as those pages are often still affected by injection issues, in which case there is still concern for browsers sniffing pages away from their actual content type.
At "High" threshold this scan rule will not alert on client or server error responses.</td>
      </tr>
      <tr>
        <td colspan="1" rowspan="1" class="indent1" width="20%">URL</td>
        <td colspan="1" rowspan="1" width="80%">
          <a shape="rect" href="https://www.fairplay.com.bo/api/dataentities/CF/search?_fields=id,imageFlag,idCollection,active,percentage,shippingFree&amp;_where=idCollection=174%20OR%20idCollection=341%20OR%20idCollection=355%20OR%20idCollection=392%20OR%20idCollection=425">https://www.fairplay.com.bo/api/dataentities/CF/search?_fields=id,imageFlag,idCollection,active,percentage,shippingFree&amp;_where=idCollection=174%20OR%20idCollection=341%20OR%20idCollection=355%20OR%20idCollection=392%20OR%20idCollection=425</a>
        </td>
      </tr>
      <tr>
        <td colspan="1" rowspan="1" class="indent2" width="20%">Method</td>
        <td colspan="1" rowspan="1" width="80%">GET</td>
      </tr>
      <tr>
        <td colspan="1" rowspan="1" class="indent2" width="20%">Parameter</td>
        <td colspan="1" rowspan="1" width="80%">x-content-type-options</td>
      </tr>
      <tr>
        <td colspan="1" rowspan="1" class="indent2" width="20%">Attack</td>
        <td colspan="1" rowspan="1" width="80%"/>
      </tr>
      <tr>
        <td colspan="1" rowspan="1" class="indent2" width="20%">Evidence</td>
        <td colspan="1" rowspan="1" width="80%"/>
      </tr>
      <tr>
        <td colspan="1" rowspan="1" class="indent2" width="20%">Other Info</td>
        <td colspan="1" rowspan="1" width="80%">This issue still applies to error type pages (401, 403, 500, etc.) as those pages are often still affected by injection issues, in which case there is still concern for browsers sniffing pages away from their actual content type.
At "High" threshold this scan rule will not alert on client or server error responses.</td>
      </tr>
      <tr>
        <td colspan="1" rowspan="1" class="indent1" width="20%">URL</td>
        <td colspan="1" rowspan="1" width="80%">
          <a shape="rect" href="https://www.fairplay.com.bo/api/dataentities/CF/search?_fields=id,imageFlag,idCollection,active,percentage,shippingFree&amp;_where=idCollection=174%20OR%20idCollection=355">https://www.fairplay.com.bo/api/dataentities/CF/search?_fields=id,imageFlag,idCollection,active,percentage,shippingFree&amp;_where=idCollection=174%20OR%20idCollection=355</a>
        </td>
      </tr>
      <tr>
        <td colspan="1" rowspan="1" class="indent2" width="20%">Method</td>
        <td colspan="1" rowspan="1" width="80%">GET</td>
      </tr>
      <tr>
        <td colspan="1" rowspan="1" class="indent2" width="20%">Parameter</td>
        <td colspan="1" rowspan="1" width="80%">x-content-type-options</td>
      </tr>
      <tr>
        <td colspan="1" rowspan="1" class="indent2" width="20%">Attack</td>
        <td colspan="1" rowspan="1" width="80%"/>
      </tr>
      <tr>
        <td colspan="1" rowspan="1" class="indent2" width="20%">Evidence</td>
        <td colspan="1" rowspan="1" width="80%"/>
      </tr>
      <tr>
        <td colspan="1" rowspan="1" class="indent2" width="20%">Other Info</td>
        <td colspan="1" rowspan="1" width="80%">This issue still applies to error type pages (401, 403, 500, etc.) as those pages are often still affected by injection issues, in which case there is still concern for browsers sniffing pages away from their actual content type.
At "High" threshold this scan rule will not alert on client or server error responses.</td>
      </tr>
      <tr>
        <td colspan="1" rowspan="1" class="indent1" width="20%">URL</td>
        <td colspan="1" rowspan="1" width="80%">
          <a shape="rect" href="https://www.fairplay.com.bo/api/dataentities/CF/search?_fields=id,imageFlag,idCollection,active,percentage,shippingFree&amp;_where=idCollection=174%20OR%20idCollection=418">https://www.fairplay.com.bo/api/dataentities/CF/search?_fields=id,imageFlag,idCollection,active,percentage,shippingFree&amp;_where=idCollection=174%20OR%20idCollection=418</a>
        </td>
      </tr>
      <tr>
        <td colspan="1" rowspan="1" class="indent2" width="20%">Method</td>
        <td colspan="1" rowspan="1" width="80%">GET</td>
      </tr>
      <tr>
        <td colspan="1" rowspan="1" class="indent2" width="20%">Parameter</td>
        <td colspan="1" rowspan="1" width="80%">x-content-type-options</td>
      </tr>
      <tr>
        <td colspan="1" rowspan="1" class="indent2" width="20%">Attack</td>
        <td colspan="1" rowspan="1" width="80%"/>
      </tr>
      <tr>
        <td colspan="1" rowspan="1" class="indent2" width="20%">Evidence</td>
        <td colspan="1" rowspan="1" width="80%"/>
      </tr>
      <tr>
        <td colspan="1" rowspan="1" class="indent2" width="20%">Other Info</td>
        <td colspan="1" rowspan="1" width="80%">This issue still applies to error type pages (401, 403, 500, etc.) as those pages are often still affected by injection issues, in which case there is still concern for browsers sniffing pages away from their actual content type.
At "High" threshold this scan rule will not alert on client or server error responses.</td>
      </tr>
      <tr>
        <td colspan="1" rowspan="1" class="indent1" width="20%">URL</td>
        <td colspan="1" rowspan="1" width="80%">
          <a shape="rect" href="https://www.fairplay.com.bo/api/dataentities/CF/search?_fields=id,imageFlag,idCollection,active,percentage,shippingFree&amp;_where=idCollection=201">https://www.fairplay.com.bo/api/dataentities/CF/search?_fields=id,imageFlag,idCollection,active,percentage,shippingFree&amp;_where=idCollection=201</a>
        </td>
      </tr>
      <tr>
        <td colspan="1" rowspan="1" class="indent2" width="20%">Method</td>
        <td colspan="1" rowspan="1" width="80%">GET</td>
      </tr>
      <tr>
        <td colspan="1" rowspan="1" class="indent2" width="20%">Parameter</td>
        <td colspan="1" rowspan="1" width="80%">x-content-type-options</td>
      </tr>
      <tr>
        <td colspan="1" rowspan="1" class="indent2" width="20%">Attack</td>
        <td colspan="1" rowspan="1" width="80%"/>
      </tr>
      <tr>
        <td colspan="1" rowspan="1" class="indent2" width="20%">Evidence</td>
        <td colspan="1" rowspan="1" width="80%"/>
      </tr>
      <tr>
        <td colspan="1" rowspan="1" class="indent2" width="20%">Other Info</td>
        <td colspan="1" rowspan="1" width="80%">This issue still applies to error type pages (401, 403, 500, etc.) as those pages are often still affected by injection issues, in which case there is still concern for browsers sniffing pages away from their actual content type.
At "High" threshold this scan rule will not alert on client or server error responses.</td>
      </tr>
      <tr>
        <td colspan="1" rowspan="1" class="indent1" width="20%">URL</td>
        <td colspan="1" rowspan="1" width="80%">
          <a shape="rect" href="https://www.fairplay.com.bo/api/dataentities/CF/search?_fields=id,imageFlag,idCollection,active,percentage,shippingFree&amp;_where=idCollection=233%20OR%20idCollection=341%20OR%20idCollection=392%20OR%20idCollection=425">https://www.fairplay.com.bo/api/dataentities/CF/search?_fields=id,imageFlag,idCollection,active,percentage,shippingFree&amp;_where=idCollection=233%20OR%20idCollection=341%20OR%20idCollection=392%20OR%20idCollection=425</a>
        </td>
      </tr>
      <tr>
        <td colspan="1" rowspan="1" class="indent2" width="20%">Method</td>
        <td colspan="1" rowspan="1" width="80%">GET</td>
      </tr>
      <tr>
        <td colspan="1" rowspan="1" class="indent2" width="20%">Parameter</td>
        <td colspan="1" rowspan="1" width="80%">x-content-type-options</td>
      </tr>
      <tr>
        <td colspan="1" rowspan="1" class="indent2" width="20%">Attack</td>
        <td colspan="1" rowspan="1" width="80%"/>
      </tr>
      <tr>
        <td colspan="1" rowspan="1" class="indent2" width="20%">Evidence</td>
        <td colspan="1" rowspan="1" width="80%"/>
      </tr>
      <tr>
        <td colspan="1" rowspan="1" class="indent2" width="20%">Other Info</td>
        <td colspan="1" rowspan="1" width="80%">This issue still applies to error type pages (401, 403, 500, etc.) as those pages are often still affected by injection issues, in which case there is still concern for browsers sniffing pages away from their actual content type.
At "High" threshold this scan rule will not alert on client or server error responses.</td>
      </tr>
      <tr>
        <td colspan="1" rowspan="1" class="indent1" width="20%">URL</td>
        <td colspan="1" rowspan="1" width="80%">
          <a shape="rect" href="https://www.fairplay.com.bo/api/dataentities/CF/search?_fields=id,imageFlag,idCollection,active,percentage,shippingFree&amp;_where=idCollection=251%20OR%20idCollection=261%20OR%20idCollection=292%20OR%20idCollection=392">https://www.fairplay.com.bo/api/dataentities/CF/search?_fields=id,imageFlag,idCollection,active,percentage,shippingFree&amp;_where=idCollection=251%20OR%20idCollection=261%20OR%20idCollection=292%20OR%20idCollection=392</a>
        </td>
      </tr>
      <tr>
        <td colspan="1" rowspan="1" class="indent2" width="20%">Method</td>
        <td colspan="1" rowspan="1" width="80%">GET</td>
      </tr>
      <tr>
        <td colspan="1" rowspan="1" class="indent2" width="20%">Parameter</td>
        <td colspan="1" rowspan="1" width="80%">x-content-type-options</td>
      </tr>
      <tr>
        <td colspan="1" rowspan="1" class="indent2" width="20%">Attack</td>
        <td colspan="1" rowspan="1" width="80%"/>
      </tr>
      <tr>
        <td colspan="1" rowspan="1" class="indent2" width="20%">Evidence</td>
        <td colspan="1" rowspan="1" width="80%"/>
      </tr>
      <tr>
        <td colspan="1" rowspan="1" class="indent2" width="20%">Other Info</td>
        <td colspan="1" rowspan="1" width="80%">This issue still applies to error type pages (401, 403, 500, etc.) as those pages are often still affected by injection issues, in which case there is still concern for browsers sniffing pages away from their actual content type.
At "High" threshold this scan rule will not alert on client or server error responses.</td>
      </tr>
      <tr>
        <td colspan="1" rowspan="1" class="indent1" width="20%">URL</td>
        <td colspan="1" rowspan="1" width="80%">
          <a shape="rect" href="https://www.fairplay.com.bo/api/dataentities/CF/search?_fields=id,imageFlag,idCollection,active,percentage,shippingFree&amp;_where=idCollection=335%20OR%20idCollection=392">https://www.fairplay.com.bo/api/dataentities/CF/search?_fields=id,imageFlag,idCollection,active,percentage,shippingFree&amp;_where=idCollection=335%20OR%20idCollection=392</a>
        </td>
      </tr>
      <tr>
        <td colspan="1" rowspan="1" class="indent2" width="20%">Method</td>
        <td colspan="1" rowspan="1" width="80%">GET</td>
      </tr>
      <tr>
        <td colspan="1" rowspan="1" class="indent2" width="20%">Parameter</td>
        <td colspan="1" rowspan="1" width="80%">x-content-type-options</td>
      </tr>
      <tr>
        <td colspan="1" rowspan="1" class="indent2" width="20%">Attack</td>
        <td colspan="1" rowspan="1" width="80%"/>
      </tr>
      <tr>
        <td colspan="1" rowspan="1" class="indent2" width="20%">Evidence</td>
        <td colspan="1" rowspan="1" width="80%"/>
      </tr>
      <tr>
        <td colspan="1" rowspan="1" class="indent2" width="20%">Other Info</td>
        <td colspan="1" rowspan="1" width="80%">This issue still applies to error type pages (401, 403, 500, etc.) as those pages are often still affected by injection issues, in which case there is still concern for browsers sniffing pages away from their actual content type.
At "High" threshold this scan rule will not alert on client or server error responses.</td>
      </tr>
      <tr>
        <td colspan="1" rowspan="1" class="indent1" width="20%">URL</td>
        <td colspan="1" rowspan="1" width="80%">
          <a shape="rect" href="https://www.fairplay.com.bo/api/dataentities/CF/search?_fields=id,imageFlag,idCollection,active,percentage,shippingFree&amp;_where=idCollection=341%20OR%20idCollection=392%20OR%20idCollection=425">https://www.fairplay.com.bo/api/dataentities/CF/search?_fields=id,imageFlag,idCollection,active,percentage,shippingFree&amp;_where=idCollection=341%20OR%20idCollection=392%20OR%20idCollection=425</a>
        </td>
      </tr>
      <tr>
        <td colspan="1" rowspan="1" class="indent2" width="20%">Method</td>
        <td colspan="1" rowspan="1" width="80%">GET</td>
      </tr>
      <tr>
        <td colspan="1" rowspan="1" class="indent2" width="20%">Parameter</td>
        <td colspan="1" rowspan="1" width="80%">x-content-type-options</td>
      </tr>
      <tr>
        <td colspan="1" rowspan="1" class="indent2" width="20%">Attack</td>
        <td colspan="1" rowspan="1" width="80%"/>
      </tr>
      <tr>
        <td colspan="1" rowspan="1" class="indent2" width="20%">Evidence</td>
        <td colspan="1" rowspan="1" width="80%"/>
      </tr>
      <tr>
        <td colspan="1" rowspan="1" class="indent2" width="20%">Other Info</td>
        <td colspan="1" rowspan="1" width="80%">This issue still applies to error type pages (401, 403, 500, etc.) as those pages are often still affected by injection issues, in which case there is still concern for browsers sniffing pages away from their actual content type.
At "High" threshold this scan rule will not alert on client or server error responses.</td>
      </tr>
      <tr>
        <td colspan="1" rowspan="1" class="indent1" width="20%">URL</td>
        <td colspan="1" rowspan="1" width="80%">
          <a shape="rect" href="https://www.fairplay.com.bo/api/dataentities/CF/search?_fields=id,imageFlag,idCollection,active,percentage,shippingFree&amp;_where=idCollection=341%20OR%20idCollection=425">https://www.fairplay.com.bo/api/dataentities/CF/search?_fields=id,imageFlag,idCollection,active,percentage,shippingFree&amp;_where=idCollection=341%20OR%20idCollection=425</a>
        </td>
      </tr>
      <tr>
        <td colspan="1" rowspan="1" class="indent2" width="20%">Method</td>
        <td colspan="1" rowspan="1" width="80%">GET</td>
      </tr>
      <tr>
        <td colspan="1" rowspan="1" class="indent2" width="20%">Parameter</td>
        <td colspan="1" rowspan="1" width="80%">x-content-type-options</td>
      </tr>
      <tr>
        <td colspan="1" rowspan="1" class="indent2" width="20%">Attack</td>
        <td colspan="1" rowspan="1" width="80%"/>
      </tr>
      <tr>
        <td colspan="1" rowspan="1" class="indent2" width="20%">Evidence</td>
        <td colspan="1" rowspan="1" width="80%"/>
      </tr>
      <tr>
        <td colspan="1" rowspan="1" class="indent2" width="20%">Other Info</td>
        <td colspan="1" rowspan="1" width="80%">This issue still applies to error type pages (401, 403, 500, etc.) as those pages are often still affected by injection issues, in which case there is still concern for browsers sniffing pages away from their actual content type.
At "High" threshold this scan rule will not alert on client or server error responses.</td>
      </tr>
      <tr>
        <td colspan="1" rowspan="1" class="indent1" width="20%">URL</td>
        <td colspan="1" rowspan="1" width="80%">
          <a shape="rect" href="https://www.fairplay.com.bo/api/dataentities/CF/search?_fields=id,imageFlag,idCollection,active,percentage,shippingFree&amp;_where=idCollection=362">https://www.fairplay.com.bo/api/dataentities/CF/search?_fields=id,imageFlag,idCollection,active,percentage,shippingFree&amp;_where=idCollection=362</a>
        </td>
      </tr>
      <tr>
        <td colspan="1" rowspan="1" class="indent2" width="20%">Method</td>
        <td colspan="1" rowspan="1" width="80%">GET</td>
      </tr>
      <tr>
        <td colspan="1" rowspan="1" class="indent2" width="20%">Parameter</td>
        <td colspan="1" rowspan="1" width="80%">x-content-type-options</td>
      </tr>
      <tr>
        <td colspan="1" rowspan="1" class="indent2" width="20%">Attack</td>
        <td colspan="1" rowspan="1" width="80%"/>
      </tr>
      <tr>
        <td colspan="1" rowspan="1" class="indent2" width="20%">Evidence</td>
        <td colspan="1" rowspan="1" width="80%"/>
      </tr>
      <tr>
        <td colspan="1" rowspan="1" class="indent2" width="20%">Other Info</td>
        <td colspan="1" rowspan="1" width="80%">This issue still applies to error type pages (401, 403, 500, etc.) as those pages are often still affected by injection issues, in which case there is still concern for browsers sniffing pages away from their actual content type.
At "High" threshold this scan rule will not alert on client or server error responses.</td>
      </tr>
      <tr>
        <td colspan="1" rowspan="1" class="indent1" width="20%">URL</td>
        <td colspan="1" rowspan="1" width="80%">
          <a shape="rect" href="https://www.fairplay.com.bo/api/dataentities/CF/search?_fields=id,imageFlag,idCollection,active,percentage,shippingFree&amp;_where=idCollection=392">https://www.fairplay.com.bo/api/dataentities/CF/search?_fields=id,imageFlag,idCollection,active,percentage,shippingFree&amp;_where=idCollection=392</a>
        </td>
      </tr>
      <tr>
        <td colspan="1" rowspan="1" class="indent2" width="20%">Method</td>
        <td colspan="1" rowspan="1" width="80%">GET</td>
      </tr>
      <tr>
        <td colspan="1" rowspan="1" class="indent2" width="20%">Parameter</td>
        <td colspan="1" rowspan="1" width="80%">x-content-type-options</td>
      </tr>
      <tr>
        <td colspan="1" rowspan="1" class="indent2" width="20%">Attack</td>
        <td colspan="1" rowspan="1" width="80%"/>
      </tr>
      <tr>
        <td colspan="1" rowspan="1" class="indent2" width="20%">Evidence</td>
        <td colspan="1" rowspan="1" width="80%"/>
      </tr>
      <tr>
        <td colspan="1" rowspan="1" class="indent2" width="20%">Other Info</td>
        <td colspan="1" rowspan="1" width="80%">This issue still applies to error type pages (401, 403, 500, etc.) as those pages are often still affected by injection issues, in which case there is still concern for browsers sniffing pages away from their actual content type.
At "High" threshold this scan rule will not alert on client or server error responses.</td>
      </tr>
      <tr>
        <td colspan="1" rowspan="1" class="indent1" width="20%">URL</td>
        <td colspan="1" rowspan="1" width="80%">
          <a shape="rect" href="https://www.fairplay.com.bo/api/dataentities/CF/search?_fields=id,imageFlag,idCollection,active,percentage,shippingFree&amp;_where=idCollection=425">https://www.fairplay.com.bo/api/dataentities/CF/search?_fields=id,imageFlag,idCollection,active,percentage,shippingFree&amp;_where=idCollection=425</a>
        </td>
      </tr>
      <tr>
        <td colspan="1" rowspan="1" class="indent2" width="20%">Method</td>
        <td colspan="1" rowspan="1" width="80%">GET</td>
      </tr>
      <tr>
        <td colspan="1" rowspan="1" class="indent2" width="20%">Parameter</td>
        <td colspan="1" rowspan="1" width="80%">x-content-type-options</td>
      </tr>
      <tr>
        <td colspan="1" rowspan="1" class="indent2" width="20%">Attack</td>
        <td colspan="1" rowspan="1" width="80%"/>
      </tr>
      <tr>
        <td colspan="1" rowspan="1" class="indent2" width="20%">Evidence</td>
        <td colspan="1" rowspan="1" width="80%"/>
      </tr>
      <tr>
        <td colspan="1" rowspan="1" class="indent2" width="20%">Other Info</td>
        <td colspan="1" rowspan="1" width="80%">This issue still applies to error type pages (401, 403, 500, etc.) as those pages are often still affected by injection issues, in which case there is still concern for browsers sniffing pages away from their actual content type.
At "High" threshold this scan rule will not alert on client or server error responses.</td>
      </tr>
      <tr>
        <td colspan="1" rowspan="1" class="indent1" width="20%">URL</td>
        <td colspan="1" rowspan="1" width="80%">
          <a shape="rect" href="https://www.fairplay.com.bo/api/sessions?items=public.shippingOption">https://www.fairplay.com.bo/api/sessions?items=public.shippingOption</a>
        </td>
      </tr>
      <tr>
        <td colspan="1" rowspan="1" class="indent2" width="20%">Method</td>
        <td colspan="1" rowspan="1" width="80%">GET</td>
      </tr>
      <tr>
        <td colspan="1" rowspan="1" class="indent2" width="20%">Parameter</td>
        <td colspan="1" rowspan="1" width="80%">x-content-type-options</td>
      </tr>
      <tr>
        <td colspan="1" rowspan="1" class="indent2" width="20%">Attack</td>
        <td colspan="1" rowspan="1" width="80%"/>
      </tr>
      <tr>
        <td colspan="1" rowspan="1" class="indent2" width="20%">Evidence</td>
        <td colspan="1" rowspan="1" width="80%"/>
      </tr>
      <tr>
        <td colspan="1" rowspan="1" class="indent2" width="20%">Other Info</td>
        <td colspan="1" rowspan="1" width="80%">This issue still applies to error type pages (401, 403, 500, etc.) as those pages are often still affected by injection issues, in which case there is still concern for browsers sniffing pages away from their actual content type.
At "High" threshold this scan rule will not alert on client or server error responses.</td>
      </tr>
      <tr>
        <td colspan="1" rowspan="1" class="indent1" width="20%">URL</td>
        <td colspan="1" rowspan="1" width="80%">
          <a shape="rect" href="https://www.fairplay.com.bo/register.js?&amp;scope=">https://www.fairplay.com.bo/register.js?&amp;scope=</a>
        </td>
      </tr>
      <tr>
        <td colspan="1" rowspan="1" class="indent2" width="20%">Method</td>
        <td colspan="1" rowspan="1" width="80%">GET</td>
      </tr>
      <tr>
        <td colspan="1" rowspan="1" class="indent2" width="20%">Parameter</td>
        <td colspan="1" rowspan="1" width="80%">x-content-type-options</td>
      </tr>
      <tr>
        <td colspan="1" rowspan="1" class="indent2" width="20%">Attack</td>
        <td colspan="1" rowspan="1" width="80%"/>
      </tr>
      <tr>
        <td colspan="1" rowspan="1" class="indent2" width="20%">Evidence</td>
        <td colspan="1" rowspan="1" width="80%"/>
      </tr>
      <tr>
        <td colspan="1" rowspan="1" class="indent2" width="20%">Other Info</td>
        <td colspan="1" rowspan="1" width="80%">This issue still applies to error type pages (401, 403, 500, etc.) as those pages are often still affected by injection issues, in which case there is still concern for browsers sniffing pages away from their actual content type.
At "High" threshold this scan rule will not alert on client or server error responses.</td>
      </tr>
      <tr>
        <td colspan="1" rowspan="1" class="indent1" width="20%">URL</td>
        <td colspan="1" rowspan="1" width="80%">
          <a shape="rect" href="https://www.fairplay.com.bo/serviceWorkerMerged.js">https://www.fairplay.com.bo/serviceWorkerMerged.js</a>
        </td>
      </tr>
      <tr>
        <td colspan="1" rowspan="1" class="indent2" width="20%">Method</td>
        <td colspan="1" rowspan="1" width="80%">GET</td>
      </tr>
      <tr>
        <td colspan="1" rowspan="1" class="indent2" width="20%">Parameter</td>
        <td colspan="1" rowspan="1" width="80%">x-content-type-options</td>
      </tr>
      <tr>
        <td colspan="1" rowspan="1" class="indent2" width="20%">Attack</td>
        <td colspan="1" rowspan="1" width="80%"/>
      </tr>
      <tr>
        <td colspan="1" rowspan="1" class="indent2" width="20%">Evidence</td>
        <td colspan="1" rowspan="1" width="80%"/>
      </tr>
      <tr>
        <td colspan="1" rowspan="1" class="indent2" width="20%">Other Info</td>
        <td colspan="1" rowspan="1" width="80%">This issue still applies to error type pages (401, 403, 500, etc.) as those pages are often still affected by injection issues, in which case there is still concern for browsers sniffing pages away from their actual content type.
At "High" threshold this scan rule will not alert on client or server error responses.</td>
      </tr>
      <tr>
        <td colspan="1" rowspan="1" class="indent1" width="20%">URL</td>
        <td colspan="1" rowspan="1" width="80%">
          <a shape="rect" href="https://www.googletagmanager.com/gtag/js?id=G-SFH0QC082B&amp;l=dataLayer&amp;cx=c">https://www.googletagmanager.com/gtag/js?id=G-SFH0QC082B&amp;l=dataLayer&amp;cx=c</a>
        </td>
      </tr>
      <tr>
        <td colspan="1" rowspan="1" class="indent2" width="20%">Method</td>
        <td colspan="1" rowspan="1" width="80%">GET</td>
      </tr>
      <tr>
        <td colspan="1" rowspan="1" class="indent2" width="20%">Parameter</td>
        <td colspan="1" rowspan="1" width="80%">x-content-type-options</td>
      </tr>
      <tr>
        <td colspan="1" rowspan="1" class="indent2" width="20%">Attack</td>
        <td colspan="1" rowspan="1" width="80%"/>
      </tr>
      <tr>
        <td colspan="1" rowspan="1" class="indent2" width="20%">Evidence</td>
        <td colspan="1" rowspan="1" width="80%"/>
      </tr>
      <tr>
        <td colspan="1" rowspan="1" class="indent2" width="20%">Other Info</td>
        <td colspan="1" rowspan="1" width="80%">This issue still applies to error type pages (401, 403, 500, etc.) as those pages are often still affected by injection issues, in which case there is still concern for browsers sniffing pages away from their actual content type.
At "High" threshold this scan rule will not alert on client or server error responses.</td>
      </tr>
      <tr>
        <td colspan="1" rowspan="1" class="indent1" width="20%">URL</td>
        <td colspan="1" rowspan="1" width="80%">
          <a shape="rect" href="https://www.googletagmanager.com/gtm.js?id=GTM-53TNVMF">https://www.googletagmanager.com/gtm.js?id=GTM-53TNVMF</a>
        </td>
      </tr>
      <tr>
        <td colspan="1" rowspan="1" class="indent2" width="20%">Method</td>
        <td colspan="1" rowspan="1" width="80%">GET</td>
      </tr>
      <tr>
        <td colspan="1" rowspan="1" class="indent2" width="20%">Parameter</td>
        <td colspan="1" rowspan="1" width="80%">x-content-type-options</td>
      </tr>
      <tr>
        <td colspan="1" rowspan="1" class="indent2" width="20%">Attack</td>
        <td colspan="1" rowspan="1" width="80%"/>
      </tr>
      <tr>
        <td colspan="1" rowspan="1" class="indent2" width="20%">Evidence</td>
        <td colspan="1" rowspan="1" width="80%"/>
      </tr>
      <tr>
        <td colspan="1" rowspan="1" class="indent2" width="20%">Other Info</td>
        <td colspan="1" rowspan="1" width="80%">This issue still applies to error type pages (401, 403, 500, etc.) as those pages are often still affected by injection issues, in which case there is still concern for browsers sniffing pages away from their actual content type.
At "High" threshold this scan rule will not alert on client or server error responses.</td>
      </tr>
      <tr>
        <td colspan="1" rowspan="1" class="indent1" width="20%">URL</td>
        <td colspan="1" rowspan="1" width="80%">
          <a shape="rect" href="https://www.fairplay.com.bo/_v/facebook-capi/event">https://www.fairplay.com.bo/_v/facebook-capi/event</a>
        </td>
      </tr>
      <tr>
        <td colspan="1" rowspan="1" class="indent2" width="20%">Method</td>
        <td colspan="1" rowspan="1" width="80%">POST</td>
      </tr>
      <tr>
        <td colspan="1" rowspan="1" class="indent2" width="20%">Parameter</td>
        <td colspan="1" rowspan="1" width="80%">x-content-type-options</td>
      </tr>
      <tr>
        <td colspan="1" rowspan="1" class="indent2" width="20%">Attack</td>
        <td colspan="1" rowspan="1" width="80%"/>
      </tr>
      <tr>
        <td colspan="1" rowspan="1" class="indent2" width="20%">Evidence</td>
        <td colspan="1" rowspan="1" width="80%"/>
      </tr>
      <tr>
        <td colspan="1" rowspan="1" class="indent2" width="20%">Other Info</td>
        <td colspan="1" rowspan="1" width="80%">This issue still applies to error type pages (401, 403, 500, etc.) as those pages are often still affected by injection issues, in which case there is still concern for browsers sniffing pages away from their actual content type.
At "High" threshold this scan rule will not alert on client or server error responses.</td>
      </tr>
      <tr>
        <td colspan="1" rowspan="1" class="indent1" width="20%">URL</td>
        <td colspan="1" rowspan="1" width="80%">
          <a shape="rect" href="https://www.fairplay.com.bo/_v/private/graphql/v1?workspace=master&amp;maxAge=long&amp;appsEtag=remove&amp;domain=store&amp;locale=es-BO">https://www.fairplay.com.bo/_v/private/graphql/v1?workspace=master&amp;maxAge=long&amp;appsEtag=remove&amp;domain=store&amp;locale=es-BO</a>
        </td>
      </tr>
      <tr>
        <td colspan="1" rowspan="1" class="indent2" width="20%">Method</td>
        <td colspan="1" rowspan="1" width="80%">POST</td>
      </tr>
      <tr>
        <td colspan="1" rowspan="1" class="indent2" width="20%">Parameter</td>
        <td colspan="1" rowspan="1" width="80%">x-content-type-options</td>
      </tr>
      <tr>
        <td colspan="1" rowspan="1" class="indent2" width="20%">Attack</td>
        <td colspan="1" rowspan="1" width="80%"/>
      </tr>
      <tr>
        <td colspan="1" rowspan="1" class="indent2" width="20%">Evidence</td>
        <td colspan="1" rowspan="1" width="80%"/>
      </tr>
      <tr>
        <td colspan="1" rowspan="1" class="indent2" width="20%">Other Info</td>
        <td colspan="1" rowspan="1" width="80%">This issue still applies to error type pages (401, 403, 500, etc.) as those pages are often still affected by injection issues, in which case there is still concern for browsers sniffing pages away from their actual content type.
At "High" threshold this scan rule will not alert on client or server error responses.</td>
      </tr>
      <tr>
        <td colspan="1" rowspan="1" class="indent1" width="20%">URL</td>
        <td colspan="1" rowspan="1" width="80%">
          <a shape="rect" href="https://www.fairplay.com.bo/_v/private/graphql/v1?workspace=master&amp;maxAge=zero&amp;appsEtag=remove&amp;domain=store&amp;locale=es-BO">https://www.fairplay.com.bo/_v/private/graphql/v1?workspace=master&amp;maxAge=zero&amp;appsEtag=remove&amp;domain=store&amp;locale=es-BO</a>
        </td>
      </tr>
      <tr>
        <td colspan="1" rowspan="1" class="indent2" width="20%">Method</td>
        <td colspan="1" rowspan="1" width="80%">POST</td>
      </tr>
      <tr>
        <td colspan="1" rowspan="1" class="indent2" width="20%">Parameter</td>
        <td colspan="1" rowspan="1" width="80%">x-content-type-options</td>
      </tr>
      <tr>
        <td colspan="1" rowspan="1" class="indent2" width="20%">Attack</td>
        <td colspan="1" rowspan="1" width="80%"/>
      </tr>
      <tr>
        <td colspan="1" rowspan="1" class="indent2" width="20%">Evidence</td>
        <td colspan="1" rowspan="1" width="80%"/>
      </tr>
      <tr>
        <td colspan="1" rowspan="1" class="indent2" width="20%">Other Info</td>
        <td colspan="1" rowspan="1" width="80%">This issue still applies to error type pages (401, 403, 500, etc.) as those pages are often still affected by injection issues, in which case there is still concern for browsers sniffing pages away from their actual content type.
At "High" threshold this scan rule will not alert on client or server error responses.</td>
      </tr>
      <tr>
        <td colspan="1" rowspan="1" class="indent1" width="20%">URL</td>
        <td colspan="1" rowspan="1" width="80%">
          <a shape="rect" href="https://www.fairplay.com.bo/api/sessions?items=account.id,account.accountName,store.channel,store.countryCode,store.cultureInfo,store.currencyCode,store.currencySymbol,store.admin_cultureInfo,creditControl.creditAccounts,creditControl.deadlines,creditControl.minimumInstallmentValue,authentication.storeUserId,authentication.storeUserEmail,profile.firstName,profile.document,profile.email,profile.id,profile.isAuthenticated,profile.lastName,profile.phone,public.favoritePickup,public.utm_source,public.utm_medium,public.utm_campaign,public.utmi_cp,public.utmi_p,public.utmi_pc">https://www.fairplay.com.bo/api/sessions?items=account.id,account.accountName,store.channel,store.countryCode,store.cultureInfo,store.currencyCode,store.currencySymbol,store.admin_cultureInfo,creditControl.creditAccounts,creditControl.deadlines,creditControl.minimumInstallmentValue,authentication.storeUserId,authentication.storeUserEmail,profile.firstName,profile.document,profile.email,profile.id,profile.isAuthenticated,profile.lastName,profile.phone,public.favoritePickup,public.utm_source,public.utm_medium,public.utm_campaign,public.utmi_cp,public.utmi_p,public.utmi_pc</a>
        </td>
      </tr>
      <tr>
        <td colspan="1" rowspan="1" class="indent2" width="20%">Method</td>
        <td colspan="1" rowspan="1" width="80%">POST</td>
      </tr>
      <tr>
        <td colspan="1" rowspan="1" class="indent2" width="20%">Parameter</td>
        <td colspan="1" rowspan="1" width="80%">x-content-type-options</td>
      </tr>
      <tr>
        <td colspan="1" rowspan="1" class="indent2" width="20%">Attack</td>
        <td colspan="1" rowspan="1" width="80%"/>
      </tr>
      <tr>
        <td colspan="1" rowspan="1" class="indent2" width="20%">Evidence</td>
        <td colspan="1" rowspan="1" width="80%"/>
      </tr>
      <tr>
        <td colspan="1" rowspan="1" class="indent2" width="20%">Other Info</td>
        <td colspan="1" rowspan="1" width="80%">This issue still applies to error type pages (401, 403, 500, etc.) as those pages are often still affected by injection issues, in which case there is still concern for browsers sniffing pages away from their actual content type.
At "High" threshold this scan rule will not alert on client or server error responses.</td>
      </tr>
      <tr>
        <td colspan="1" rowspan="1" width="20%">Instances</td>
        <td colspan="1" rowspan="1" width="80%">158</td>
      </tr>
      <tr>
        <td colspan="1" rowspan="1" width="20%">Solution</td>
        <td colspan="1" rowspan="1" width="80%">
          <div>Ensure that the application/web server sets the Content-Type header appropriately, and that it sets the X-Content-Type-Options header to 'nosniff' for all web pages.</div>
          <br clear="none"/>
          <div>If possible, ensure that the end user uses a standards-compliant and modern web browser that does not perform MIME-sniffing at all, or that can be directed by the web application/web server to not perform MIME-sniffing.</div>
        </td>
      </tr>
      <tr>
        <td colspan="1" rowspan="1" width="20%">Reference</td>
        <td colspan="1" rowspan="1" width="80%">
          <a shape="rect" href="http://msdn.microsoft.com/en-us/library/ie/gg622941%28v=vs.85%29.aspx">http://msdn.microsoft.com/en-us/library/ie/gg622941%28v=vs.85%29.aspx</a>
          <br clear="none"/>
          <a shape="rect" href="https://owasp.org/www-community/Security_Headers">https://owasp.org/www-community/Security_Headers</a>
        </td>
      </tr>
      <tr>
        <td colspan="1" rowspan="1" width="20%">CWE Id</td>
        <td colspan="1" rowspan="1" width="80%">
          <a shape="rect" href="https://cwe.mitre.org/data/definitions/693.html">693</a>
        </td>
      </tr>
      <tr>
        <td colspan="1" rowspan="1" width="20%">WASC Id</td>
        <td colspan="1" rowspan="1" width="80%">15</td>
      </tr>
      <tr>
        <td colspan="1" rowspan="1" width="20%">Plugin Id</td>
        <td colspan="1" rowspan="1" width="80%">
          <a shape="rect" href="https://www.zaproxy.org/docs/alerts/10021/">10021</a>
        </td>
      </tr>
    </table>
    <div class="spacer"/>
    <table class="results">
      <tr height="24">
        <th colspan="1" rowspan="1" class="risk-0" width="20%">
          <a shape="rect" id="10027"/>
          <div>Informational</div>
        </th>
        <th colspan="1" rowspan="1" class="risk-0">Information Disclosure - Suspicious Comments</th>
      </tr>
      <tr>
        <td colspan="1" rowspan="1" width="20%">Description</td>
        <td colspan="1" rowspan="1" width="80%">
          <div>The response appears to contain suspicious comments which may help an attacker. Note: Matches made within script blocks or files are against the entire content not only comments.</div>
        </td>
      </tr>
      <tr valign="top">
        <td colspan="2" rowspan="1"/>
      </tr>
      <tr>
        <td colspan="1" rowspan="1" class="indent1" width="20%">URL</td>
        <td colspan="1" rowspan="1" width="80%">
          <a shape="rect" href="https://connect.facebook.net/en_US/fbevents.js">https://connect.facebook.net/en_US/fbevents.js</a>
        </td>
      </tr>
      <tr>
        <td colspan="1" rowspan="1" class="indent2" width="20%">Method</td>
        <td colspan="1" rowspan="1" width="80%">GET</td>
      </tr>
      <tr>
        <td colspan="1" rowspan="1" class="indent2" width="20%">Parameter</td>
        <td colspan="1" rowspan="1" width="80%"/>
      </tr>
      <tr>
        <td colspan="1" rowspan="1" class="indent2" width="20%">Attack</td>
        <td colspan="1" rowspan="1" width="80%"/>
      </tr>
      <tr>
        <td colspan="1" rowspan="1" class="indent2" width="20%">Evidence</td>
        <td colspan="1" rowspan="1" width="80%">db</td>
      </tr>
      <tr>
        <td colspan="1" rowspan="1" class="indent2" width="20%">Other Info</td>
        <td colspan="1" rowspan="1" width="80%">The following pattern was used: \bDB\b and was detected in the element starting with: "(function(a,b,c,d){var e={exports:{}};e.exports;(function(){var f=a.fbq;f.execStart=a.performance&amp;&amp;a.performance.now&amp;&amp;a.performa", see evidence field for the suspicious comment/snippet.</td>
      </tr>
      <tr>
        <td colspan="1" rowspan="1" class="indent1" width="20%">URL</td>
        <td colspan="1" rowspan="1" width="80%">
          <a shape="rect" href="https://connect.facebook.net/en_US/fbevents.js">https://connect.facebook.net/en_US/fbevents.js</a>
        </td>
      </tr>
      <tr>
        <td colspan="1" rowspan="1" class="indent2" width="20%">Method</td>
        <td colspan="1" rowspan="1" width="80%">GET</td>
      </tr>
      <tr>
        <td colspan="1" rowspan="1" class="indent2" width="20%">Parameter</td>
        <td colspan="1" rowspan="1" width="80%"/>
      </tr>
      <tr>
        <td colspan="1" rowspan="1" class="indent2" width="20%">Attack</td>
        <td colspan="1" rowspan="1" width="80%"/>
      </tr>
      <tr>
        <td colspan="1" rowspan="1" class="indent2" width="20%">Evidence</td>
        <td colspan="1" rowspan="1" width="80%">debug</td>
      </tr>
      <tr>
        <td colspan="1" rowspan="1" class="indent2" width="20%">Other Info</td>
        <td colspan="1" rowspan="1" width="80%">The following pattern was used: \bDEBUG\b and was detected in the element starting with: "fbq.set("moduleEncodings", {"map":{"generateUUID":0,"SignalsConvertNodeToHTMLElement":1,"SignalsEventValidation":2,"SignalsFBEve", see evidence field for the suspicious comment/snippet.</td>
      </tr>
      <tr>
        <td colspan="1" rowspan="1" class="indent1" width="20%">URL</td>
        <td colspan="1" rowspan="1" width="80%">
          <a shape="rect" href="https://connect.facebook.net/en_US/fbevents.js">https://connect.facebook.net/en_US/fbevents.js</a>
        </td>
      </tr>
      <tr>
        <td colspan="1" rowspan="1" class="indent2" width="20%">Method</td>
        <td colspan="1" rowspan="1" width="80%">GET</td>
      </tr>
      <tr>
        <td colspan="1" rowspan="1" class="indent2" width="20%">Parameter</td>
        <td colspan="1" rowspan="1" width="80%"/>
      </tr>
      <tr>
        <td colspan="1" rowspan="1" class="indent2" width="20%">Attack</td>
        <td colspan="1" rowspan="1" width="80%"/>
      </tr>
      <tr>
        <td colspan="1" rowspan="1" class="indent2" width="20%">Evidence</td>
        <td colspan="1" rowspan="1" width="80%">FROM</td>
      </tr>
      <tr>
        <td colspan="1" rowspan="1" class="indent2" width="20%">Other Info</td>
        <td colspan="1" rowspan="1" width="80%">The following pattern was used: \bFROM\b and was detected 2 times, the first in the element starting with: "* IN AN ACTION OF CONTRACT, TORT OR OTHERWISE, ARISING FROM, OUT OF OR IN", see evidence field for the suspicious comment/snippet.</td>
      </tr>
      <tr>
        <td colspan="1" rowspan="1" class="indent1" width="20%">URL</td>
        <td colspan="1" rowspan="1" width="80%">
          <a shape="rect" href="https://connect.facebook.net/en_US/fbevents.js">https://connect.facebook.net/en_US/fbevents.js</a>
        </td>
      </tr>
      <tr>
        <td colspan="1" rowspan="1" class="indent2" width="20%">Method</td>
        <td colspan="1" rowspan="1" width="80%">GET</td>
      </tr>
      <tr>
        <td colspan="1" rowspan="1" class="indent2" width="20%">Parameter</td>
        <td colspan="1" rowspan="1" width="80%"/>
      </tr>
      <tr>
        <td colspan="1" rowspan="1" class="indent2" width="20%">Attack</td>
        <td colspan="1" rowspan="1" width="80%"/>
      </tr>
      <tr>
        <td colspan="1" rowspan="1" class="indent2" width="20%">Evidence</td>
        <td colspan="1" rowspan="1" width="80%">query</td>
      </tr>
      <tr>
        <td colspan="1" rowspan="1" class="indent2" width="20%">Other Info</td>
        <td colspan="1" rowspan="1" width="80%">The following pattern was used: \bQUERY\b and was detected in the element starting with: "(function(a,b,c,d){var e={exports:{}};e.exports;(function(){var f=a.fbq;f.execStart=a.performance&amp;&amp;a.performance.now&amp;&amp;a.performa", see evidence field for the suspicious comment/snippet.</td>
      </tr>
      <tr>
        <td colspan="1" rowspan="1" class="indent1" width="20%">URL</td>
        <td colspan="1" rowspan="1" width="80%">
          <a shape="rect" href="https://connect.facebook.net/signals/config/3203784069700052?v=2.9.140&amp;r=stable&amp;domain=www.fairplay.com.bo">https://connect.facebook.net/signals/config/3203784069700052?v=2.9.140&amp;r=stable&amp;domain=www.fairplay.com.bo</a>
        </td>
      </tr>
      <tr>
        <td colspan="1" rowspan="1" class="indent2" width="20%">Method</td>
        <td colspan="1" rowspan="1" width="80%">GET</td>
      </tr>
      <tr>
        <td colspan="1" rowspan="1" class="indent2" width="20%">Parameter</td>
        <td colspan="1" rowspan="1" width="80%"/>
      </tr>
      <tr>
        <td colspan="1" rowspan="1" class="indent2" width="20%">Attack</td>
        <td colspan="1" rowspan="1" width="80%"/>
      </tr>
      <tr>
        <td colspan="1" rowspan="1" class="indent2" width="20%">Evidence</td>
        <td colspan="1" rowspan="1" width="80%">db</td>
      </tr>
      <tr>
        <td colspan="1" rowspan="1" class="indent2" width="20%">Other Info</td>
        <td colspan="1" rowspan="1" width="80%">The following pattern was used: \bDB\b and was detected 3 times, the first in the element starting with: "return function(f,h,i,j){var k={exports:{}};k.exports;(function(){k.exports=function(a){var b={};function c(d){if(b[d])return b[", see evidence field for the suspicious comment/snippet.</td>
      </tr>
      <tr>
        <td colspan="1" rowspan="1" class="indent1" width="20%">URL</td>
        <td colspan="1" rowspan="1" width="80%">
          <a shape="rect" href="https://connect.facebook.net/signals/config/3203784069700052?v=2.9.140&amp;r=stable&amp;domain=www.fairplay.com.bo">https://connect.facebook.net/signals/config/3203784069700052?v=2.9.140&amp;r=stable&amp;domain=www.fairplay.com.bo</a>
        </td>
      </tr>
      <tr>
        <td colspan="1" rowspan="1" class="indent2" width="20%">Method</td>
        <td colspan="1" rowspan="1" width="80%">GET</td>
      </tr>
      <tr>
        <td colspan="1" rowspan="1" class="indent2" width="20%">Parameter</td>
        <td colspan="1" rowspan="1" width="80%"/>
      </tr>
      <tr>
        <td colspan="1" rowspan="1" class="indent2" width="20%">Attack</td>
        <td colspan="1" rowspan="1" width="80%"/>
      </tr>
      <tr>
        <td colspan="1" rowspan="1" class="indent2" width="20%">Evidence</td>
        <td colspan="1" rowspan="1" width="80%">FROM</td>
      </tr>
      <tr>
        <td colspan="1" rowspan="1" class="indent2" width="20%">Other Info</td>
        <td colspan="1" rowspan="1" width="80%">The following pattern was used: \bFROM\b and was detected 2 times, the first in the element starting with: "* IN AN ACTION OF CONTRACT, TORT OR OTHERWISE, ARISING FROM, OUT OF OR IN", see evidence field for the suspicious comment/snippet.</td>
      </tr>
      <tr>
        <td colspan="1" rowspan="1" class="indent1" width="20%">URL</td>
        <td colspan="1" rowspan="1" width="80%">
          <a shape="rect" href="https://connect.facebook.net/signals/config/3203784069700052?v=2.9.140&amp;r=stable&amp;domain=www.fairplay.com.bo">https://connect.facebook.net/signals/config/3203784069700052?v=2.9.140&amp;r=stable&amp;domain=www.fairplay.com.bo</a>
        </td>
      </tr>
      <tr>
        <td colspan="1" rowspan="1" class="indent2" width="20%">Method</td>
        <td colspan="1" rowspan="1" width="80%">GET</td>
      </tr>
      <tr>
        <td colspan="1" rowspan="1" class="indent2" width="20%">Parameter</td>
        <td colspan="1" rowspan="1" width="80%"/>
      </tr>
      <tr>
        <td colspan="1" rowspan="1" class="indent2" width="20%">Attack</td>
        <td colspan="1" rowspan="1" width="80%"/>
      </tr>
      <tr>
        <td colspan="1" rowspan="1" class="indent2" width="20%">Evidence</td>
        <td colspan="1" rowspan="1" width="80%">select</td>
      </tr>
      <tr>
        <td colspan="1" rowspan="1" class="indent2" width="20%">Other Info</td>
        <td colspan="1" rowspan="1" width="80%">The following pattern was used: \bSELECT\b and was detected in the element starting with: "return function(g,h,j,k){var l={exports:{}};l.exports;(function(){"use strict";var a=f.getFbeventsModules("SignalsFBEventsFeatur", see evidence field for the suspicious comment/snippet.</td>
      </tr>
      <tr>
        <td colspan="1" rowspan="1" class="indent1" width="20%">URL</td>
        <td colspan="1" rowspan="1" width="80%">
          <a shape="rect" href="https://connect.facebook.net/signals/config/3203784069700052?v=2.9.140&amp;r=stable&amp;domain=www.fairplay.com.bo">https://connect.facebook.net/signals/config/3203784069700052?v=2.9.140&amp;r=stable&amp;domain=www.fairplay.com.bo</a>
        </td>
      </tr>
      <tr>
        <td colspan="1" rowspan="1" class="indent2" width="20%">Method</td>
        <td colspan="1" rowspan="1" width="80%">GET</td>
      </tr>
      <tr>
        <td colspan="1" rowspan="1" class="indent2" width="20%">Parameter</td>
        <td colspan="1" rowspan="1" width="80%"/>
      </tr>
      <tr>
        <td colspan="1" rowspan="1" class="indent2" width="20%">Attack</td>
        <td colspan="1" rowspan="1" width="80%"/>
      </tr>
      <tr>
        <td colspan="1" rowspan="1" class="indent2" width="20%">Evidence</td>
        <td colspan="1" rowspan="1" width="80%">user</td>
      </tr>
      <tr>
        <td colspan="1" rowspan="1" class="indent2" width="20%">Other Info</td>
        <td colspan="1" rowspan="1" width="80%">The following pattern was used: \bUSER\b and was detected in the element starting with: "return function(g,h,i,j){var k={exports:{}};k.exports;(function(){"use strict";var a=Object.assign||function(a){for(var b=1;b&lt;ar", see evidence field for the suspicious comment/snippet.</td>
      </tr>
      <tr>
        <td colspan="1" rowspan="1" class="indent1" width="20%">URL</td>
        <td colspan="1" rowspan="1" width="80%">
          <a shape="rect" href="https://connect.facebook.net/signals/config/3203784069700052?v=2.9.140&amp;r=stable&amp;domain=www.fairplay.com.bo">https://connect.facebook.net/signals/config/3203784069700052?v=2.9.140&amp;r=stable&amp;domain=www.fairplay.com.bo</a>
        </td>
      </tr>
      <tr>
        <td colspan="1" rowspan="1" class="indent2" width="20%">Method</td>
        <td colspan="1" rowspan="1" width="80%">GET</td>
      </tr>
      <tr>
        <td colspan="1" rowspan="1" class="indent2" width="20%">Parameter</td>
        <td colspan="1" rowspan="1" width="80%"/>
      </tr>
      <tr>
        <td colspan="1" rowspan="1" class="indent2" width="20%">Attack</td>
        <td colspan="1" rowspan="1" width="80%"/>
      </tr>
      <tr>
        <td colspan="1" rowspan="1" class="indent2" width="20%">Evidence</td>
        <td colspan="1" rowspan="1" width="80%">USERNAME</td>
      </tr>
      <tr>
        <td colspan="1" rowspan="1" class="indent2" width="20%">Other Info</td>
        <td colspan="1" rowspan="1" width="80%">The following pattern was used: \bUSERNAME\b and was detected in the element starting with: "return function(g,h,i,j){var k={exports:{}};k.exports;(function(){"use strict";var a=Object.assign||function(a){for(var b=1;b&lt;ar", see evidence field for the suspicious comment/snippet.</td>
      </tr>
      <tr>
        <td colspan="1" rowspan="1" class="indent1" width="20%">URL</td>
        <td colspan="1" rowspan="1" width="80%">
          <a shape="rect" href="https://fairplaybo.vtexassets.com/_v/public/assets/v1/npm/ramda@0.26.1/dist/ramda.min.js?workspace=master">https://fairplaybo.vtexassets.com/_v/public/assets/v1/npm/ramda@0.26.1/dist/ramda.min.js?workspace=master</a>
        </td>
      </tr>
      <tr>
        <td colspan="1" rowspan="1" class="indent2" width="20%">Method</td>
        <td colspan="1" rowspan="1" width="80%">GET</td>
      </tr>
      <tr>
        <td colspan="1" rowspan="1" class="indent2" width="20%">Parameter</td>
        <td colspan="1" rowspan="1" width="80%"/>
      </tr>
      <tr>
        <td colspan="1" rowspan="1" class="indent2" width="20%">Attack</td>
        <td colspan="1" rowspan="1" width="80%"/>
      </tr>
      <tr>
        <td colspan="1" rowspan="1" class="indent2" width="20%">Evidence</td>
        <td colspan="1" rowspan="1" width="80%">where</td>
      </tr>
      <tr>
        <td colspan="1" rowspan="1" class="indent2" width="20%">Other Info</td>
        <td colspan="1" rowspan="1" width="80%">The following pattern was used: \bWHERE\b and was detected in the element starting with: "!function(t,n){"object"==typeof exports&amp;&amp;"undefined"!=typeof module?n(exports):"function"==typeof define&amp;&amp;define.amd?define(["ex", see evidence field for the suspicious comment/snippet.</td>
      </tr>
      <tr>
        <td colspan="1" rowspan="1" class="indent1" width="20%">URL</td>
        <td colspan="1" rowspan="1" width="80%">
          <a shape="rect" href="https://fairplaybo.vtexassets.com/_v/public/assets/v1/npm/react-dom@16.9.0/umd/react-dom-server.browser.production.min.js?workspace=master">https://fairplaybo.vtexassets.com/_v/public/assets/v1/npm/react-dom@16.9.0/umd/react-dom-server.browser.production.min.js?workspace=master</a>
        </td>
      </tr>
      <tr>
        <td colspan="1" rowspan="1" class="indent2" width="20%">Method</td>
        <td colspan="1" rowspan="1" width="80%">GET</td>
      </tr>
      <tr>
        <td colspan="1" rowspan="1" class="indent2" width="20%">Parameter</td>
        <td colspan="1" rowspan="1" width="80%"/>
      </tr>
      <tr>
        <td colspan="1" rowspan="1" class="indent2" width="20%">Attack</td>
        <td colspan="1" rowspan="1" width="80%"/>
      </tr>
      <tr>
        <td colspan="1" rowspan="1" class="indent2" width="20%">Evidence</td>
        <td colspan="1" rowspan="1" width="80%">select</td>
      </tr>
      <tr>
        <td colspan="1" rowspan="1" class="indent2" width="20%">Other Info</td>
        <td colspan="1" rowspan="1" width="80%">The following pattern was used: \bSELECT\b and was detected 2 times, the first in the element starting with: "this.contextValueStack[a]};a.prototype.read=function(a){if(this.exhausted)return null;var b=E;E=this.threadID;var c=S.current;S.", see evidence field for the suspicious comment/snippet.</td>
      </tr>
      <tr>
        <td colspan="1" rowspan="1" class="indent1" width="20%">URL</td>
        <td colspan="1" rowspan="1" width="80%">
          <a shape="rect" href="https://fairplaybo.vtexassets.com/_v/public/assets/v1/npm/react-dom@16.9.0/umd/react-dom.production.min.js?workspace=master">https://fairplaybo.vtexassets.com/_v/public/assets/v1/npm/react-dom@16.9.0/umd/react-dom.production.min.js?workspace=master</a>
        </td>
      </tr>
      <tr>
        <td colspan="1" rowspan="1" class="indent2" width="20%">Method</td>
        <td colspan="1" rowspan="1" width="80%">GET</td>
      </tr>
      <tr>
        <td colspan="1" rowspan="1" class="indent2" width="20%">Parameter</td>
        <td colspan="1" rowspan="1" width="80%"/>
      </tr>
      <tr>
        <td colspan="1" rowspan="1" class="indent2" width="20%">Attack</td>
        <td colspan="1" rowspan="1" width="80%"/>
      </tr>
      <tr>
        <td colspan="1" rowspan="1" class="indent2" width="20%">Evidence</td>
        <td colspan="1" rowspan="1" width="80%">db</td>
      </tr>
      <tr>
        <td colspan="1" rowspan="1" class="indent2" width="20%">Other Info</td>
        <td colspan="1" rowspan="1" width="80%">The following pattern was used: \bDB\b and was detected 5 times, the first in the element starting with: "1&lt;b.char.length)return b.char;if(b.which)return String.fromCharCode(b.which)}return null;case "compositionend":return nf&amp;&amp;"ko"!=", see evidence field for the suspicious comment/snippet.</td>
      </tr>
      <tr>
        <td colspan="1" rowspan="1" class="indent1" width="20%">URL</td>
        <td colspan="1" rowspan="1" width="80%">
          <a shape="rect" href="https://fairplaybo.vtexassets.com/_v/public/assets/v1/npm/react-dom@16.9.0/umd/react-dom.production.min.js?workspace=master">https://fairplaybo.vtexassets.com/_v/public/assets/v1/npm/react-dom@16.9.0/umd/react-dom.production.min.js?workspace=master</a>
        </td>
      </tr>
      <tr>
        <td colspan="1" rowspan="1" class="indent2" width="20%">Method</td>
        <td colspan="1" rowspan="1" width="80%">GET</td>
      </tr>
      <tr>
        <td colspan="1" rowspan="1" class="indent2" width="20%">Parameter</td>
        <td colspan="1" rowspan="1" width="80%"/>
      </tr>
      <tr>
        <td colspan="1" rowspan="1" class="indent2" width="20%">Attack</td>
        <td colspan="1" rowspan="1" width="80%"/>
      </tr>
      <tr>
        <td colspan="1" rowspan="1" class="indent2" width="20%">Evidence</td>
        <td colspan="1" rowspan="1" width="80%">select</td>
      </tr>
      <tr>
        <td colspan="1" rowspan="1" class="indent2" width="20%">Other Info</td>
        <td colspan="1" rowspan="1" width="80%">The following pattern was used: \bSELECT\b and was detected 13 times, the first in the element starting with: "!d.disabled)||(a=a.type,d=!("button"===a||"input"===a||"select"===a||"textarea"===a));a=!d;break a;default:a=!1}if(a)return null", see evidence field for the suspicious comment/snippet.</td>
      </tr>
      <tr>
        <td colspan="1" rowspan="1" class="indent1" width="20%">URL</td>
        <td colspan="1" rowspan="1" width="80%">
          <a shape="rect" href="https://fairplaybo.vtexassets.com/_v/public/assets/v1/npm/react-intl@3.9.1/dist/react-intl.min.js?workspace=master">https://fairplaybo.vtexassets.com/_v/public/assets/v1/npm/react-intl@3.9.1/dist/react-intl.min.js?workspace=master</a>
        </td>
      </tr>
      <tr>
        <td colspan="1" rowspan="1" class="indent2" width="20%">Method</td>
        <td colspan="1" rowspan="1" width="80%">GET</td>
      </tr>
      <tr>
        <td colspan="1" rowspan="1" class="indent2" width="20%">Parameter</td>
        <td colspan="1" rowspan="1" width="80%"/>
      </tr>
      <tr>
        <td colspan="1" rowspan="1" class="indent2" width="20%">Attack</td>
        <td colspan="1" rowspan="1" width="80%"/>
      </tr>
      <tr>
        <td colspan="1" rowspan="1" class="indent2" width="20%">Evidence</td>
        <td colspan="1" rowspan="1" width="80%">select</td>
      </tr>
      <tr>
        <td colspan="1" rowspan="1" class="indent2" width="20%">Other Info</td>
        <td colspan="1" rowspan="1" width="80%">The following pattern was used: \bSELECT\b and was detected in the element starting with: "!function(e,t){"object"==typeof exports&amp;&amp;"undefined"!=typeof module?t(exports,require("react")):"function"==typeof define&amp;&amp;defin", see evidence field for the suspicious comment/snippet.</td>
      </tr>
      <tr>
        <td colspan="1" rowspan="1" class="indent1" width="20%">URL</td>
        <td colspan="1" rowspan="1" width="80%">
          <a shape="rect" href="https://fairplaybo.vtexassets.com/_v/public/assets/v1/npm/regenerator-runtime@0.11.1/runtime.js?workspace=master">https://fairplaybo.vtexassets.com/_v/public/assets/v1/npm/regenerator-runtime@0.11.1/runtime.js?workspace=master</a>
        </td>
      </tr>
      <tr>
        <td colspan="1" rowspan="1" class="indent2" width="20%">Method</td>
        <td colspan="1" rowspan="1" width="80%">GET</td>
      </tr>
      <tr>
        <td colspan="1" rowspan="1" class="indent2" width="20%">Parameter</td>
        <td colspan="1" rowspan="1" width="80%"/>
      </tr>
      <tr>
        <td colspan="1" rowspan="1" class="indent2" width="20%">Attack</td>
        <td colspan="1" rowspan="1" width="80%"/>
      </tr>
      <tr>
        <td colspan="1" rowspan="1" class="indent2" width="20%">Evidence</td>
        <td colspan="1" rowspan="1" width="80%">from</td>
      </tr>
      <tr>
        <td colspan="1" rowspan="1" class="indent2" width="20%">Other Info</td>
        <td colspan="1" rowspan="1" width="80%">The following pattern was used: \bFROM\b and was detected 7 times, the first in the element starting with: "  // Returning this object from the innerFn has the same effect as", see evidence field for the suspicious comment/snippet.</td>
      </tr>
      <tr>
        <td colspan="1" rowspan="1" class="indent1" width="20%">URL</td>
        <td colspan="1" rowspan="1" width="80%">
          <a shape="rect" href="https://fairplaybo.vtexassets.com/_v/public/assets/v1/npm/regenerator-runtime@0.11.1/runtime.js?workspace=master">https://fairplaybo.vtexassets.com/_v/public/assets/v1/npm/regenerator-runtime@0.11.1/runtime.js?workspace=master</a>
        </td>
      </tr>
      <tr>
        <td colspan="1" rowspan="1" class="indent2" width="20%">Method</td>
        <td colspan="1" rowspan="1" width="80%">GET</td>
      </tr>
      <tr>
        <td colspan="1" rowspan="1" class="indent2" width="20%">Parameter</td>
        <td colspan="1" rowspan="1" width="80%"/>
      </tr>
      <tr>
        <td colspan="1" rowspan="1" class="indent2" width="20%">Attack</td>
        <td colspan="1" rowspan="1" width="80%"/>
      </tr>
      <tr>
        <td colspan="1" rowspan="1" class="indent2" width="20%">Evidence</td>
        <td colspan="1" rowspan="1" width="80%">later</td>
      </tr>
      <tr>
        <td colspan="1" rowspan="1" class="indent2" width="20%">Other Info</td>
        <td colspan="1" rowspan="1" width="80%">The following pattern was used: \bLATER\b and was detected in the element starting with: "          // Avoid propagating failures to Promises returned by later", see evidence field for the suspicious comment/snippet.</td>
      </tr>
      <tr>
        <td colspan="1" rowspan="1" class="indent1" width="20%">URL</td>
        <td colspan="1" rowspan="1" width="80%">
          <a shape="rect" href="https://fairplaybo.vtexassets.com/_v/public/assets/v1/npm/regenerator-runtime@0.11.1/runtime.js?workspace=master">https://fairplaybo.vtexassets.com/_v/public/assets/v1/npm/regenerator-runtime@0.11.1/runtime.js?workspace=master</a>
        </td>
      </tr>
      <tr>
        <td colspan="1" rowspan="1" class="indent2" width="20%">Method</td>
        <td colspan="1" rowspan="1" width="80%">GET</td>
      </tr>
      <tr>
        <td colspan="1" rowspan="1" class="indent2" width="20%">Parameter</td>
        <td colspan="1" rowspan="1" width="80%"/>
      </tr>
      <tr>
        <td colspan="1" rowspan="1" class="indent2" width="20%">Attack</td>
        <td colspan="1" rowspan="1" width="80%"/>
      </tr>
      <tr>
        <td colspan="1" rowspan="1" class="indent2" width="20%">Evidence</td>
        <td colspan="1" rowspan="1" width="80%">where</td>
      </tr>
      <tr>
        <td colspan="1" rowspan="1" class="indent2" width="20%">Other Info</td>
        <td colspan="1" rowspan="1" width="80%">The following pattern was used: \bWHERE\b and was detected in the element starting with: "    // locations where there is no enclosing try statement.", see evidence field for the suspicious comment/snippet.</td>
      </tr>
      <tr>
        <td colspan="1" rowspan="1" class="indent1" width="20%">URL</td>
        <td colspan="1" rowspan="1" width="80%">
          <a shape="rect" href="https://fairplaybo.vtexassets.com/_v/public/assets/v1/published/bundle/public/react/asset.min.js?v=1&amp;files=fairplaybo.m3-custom@0.0.113,1,StockFlag,PriceDisconterPromotion,BrandFlag&amp;files=vtex.store-header@2.29.0,common,index,Layout,0,Row&amp;files=vtex.flex-layout@0.21.3,common,0,FlexLayout,Col&amp;files=vtex.product-summary@2.89.0,common,0,ProductSummaryList,ProductSummaryCustom,ProductSummaryImage,ProductSummaryName,Spacer&amp;files=vtex.search@1.5.1,common&amp;workspace=master">https://fairplaybo.vtexassets.com/_v/public/assets/v1/published/bundle/public/react/asset.min.js?v=1&amp;files=fairplaybo.m3-custom@0.0.113,1,StockFlag,PriceDisconterPromotion,BrandFlag&amp;files=vtex.store-header@2.29.0,common,index,Layout,0,Row&amp;files=vtex.flex-layout@0.21.3,common,0,FlexLayout,Col&amp;files=vtex.product-summary@2.89.0,common,0,ProductSummaryList,ProductSummaryCustom,ProductSummaryImage,ProductSummaryName,Spacer&amp;files=vtex.search@1.5.1,common&amp;workspace=master</a>
        </td>
      </tr>
      <tr>
        <td colspan="1" rowspan="1" class="indent2" width="20%">Method</td>
        <td colspan="1" rowspan="1" width="80%">GET</td>
      </tr>
      <tr>
        <td colspan="1" rowspan="1" class="indent2" width="20%">Parameter</td>
        <td colspan="1" rowspan="1" width="80%"/>
      </tr>
      <tr>
        <td colspan="1" rowspan="1" class="indent2" width="20%">Attack</td>
        <td colspan="1" rowspan="1" width="80%"/>
      </tr>
      <tr>
        <td colspan="1" rowspan="1" class="indent2" width="20%">Evidence</td>
        <td colspan="1" rowspan="1" width="80%">admin</td>
      </tr>
      <tr>
        <td colspan="1" rowspan="1" class="indent2" width="20%">Other Info</td>
        <td colspan="1" rowspan="1" width="80%">The following pattern was used: \bADMIN\b and was detected 5 times, the first in the element starting with: "(window.webpackJsonpvtex_flex_layout_0_21_3=window.webpackJsonpvtex_flex_layout_0_21_3||[]).push([[0],{13:function(t,e,n){"use s", see evidence field for the suspicious comment/snippet.</td>
      </tr>
      <tr>
        <td colspan="1" rowspan="1" class="indent1" width="20%">URL</td>
        <td colspan="1" rowspan="1" width="80%">
          <a shape="rect" href="https://fairplaybo.vtexassets.com/_v/public/assets/v1/published/bundle/public/react/asset.min.js?v=1&amp;files=fairplaybo.m3-custom@0.0.113,1,StockFlag,PriceDisconterPromotion,BrandFlag&amp;files=vtex.store-header@2.29.0,common,index,Layout,0,Row&amp;files=vtex.flex-layout@0.21.3,common,0,FlexLayout,Col&amp;files=vtex.product-summary@2.89.0,common,0,ProductSummaryList,ProductSummaryCustom,ProductSummaryImage,ProductSummaryName,Spacer&amp;files=vtex.search@1.5.1,common&amp;workspace=master">https://fairplaybo.vtexassets.com/_v/public/assets/v1/published/bundle/public/react/asset.min.js?v=1&amp;files=fairplaybo.m3-custom@0.0.113,1,StockFlag,PriceDisconterPromotion,BrandFlag&amp;files=vtex.store-header@2.29.0,common,index,Layout,0,Row&amp;files=vtex.flex-layout@0.21.3,common,0,FlexLayout,Col&amp;files=vtex.product-summary@2.89.0,common,0,ProductSummaryList,ProductSummaryCustom,ProductSummaryImage,ProductSummaryName,Spacer&amp;files=vtex.search@1.5.1,common&amp;workspace=master</a>
        </td>
      </tr>
      <tr>
        <td colspan="1" rowspan="1" class="indent2" width="20%">Method</td>
        <td colspan="1" rowspan="1" width="80%">GET</td>
      </tr>
      <tr>
        <td colspan="1" rowspan="1" class="indent2" width="20%">Parameter</td>
        <td colspan="1" rowspan="1" width="80%"/>
      </tr>
      <tr>
        <td colspan="1" rowspan="1" class="indent2" width="20%">Attack</td>
        <td colspan="1" rowspan="1" width="80%"/>
      </tr>
      <tr>
        <td colspan="1" rowspan="1" class="indent2" width="20%">Evidence</td>
        <td colspan="1" rowspan="1" width="80%">db</td>
      </tr>
      <tr>
        <td colspan="1" rowspan="1" class="indent2" width="20%">Other Info</td>
        <td colspan="1" rowspan="1" width="80%">The following pattern was used: \bDB\b and was detected in the element starting with: "(window.webpackJsonpvtex_product_summary_2_89_0=window.webpackJsonpvtex_product_summary_2_89_0||[]).push([["ProductSummaryImage"", see evidence field for the suspicious comment/snippet.</td>
      </tr>
      <tr>
        <td colspan="1" rowspan="1" class="indent1" width="20%">URL</td>
        <td colspan="1" rowspan="1" width="80%">
          <a shape="rect" href="https://fairplaybo.vtexassets.com/_v/public/assets/v1/published/bundle/public/react/asset.min.js?v=1&amp;files=fairplaybo.m3-custom@0.0.113,1,StockFlag,PriceDisconterPromotion,BrandFlag&amp;files=vtex.store-header@2.29.0,common,index,Layout,0,Row&amp;files=vtex.flex-layout@0.21.3,common,0,FlexLayout,Col&amp;files=vtex.product-summary@2.89.0,common,0,ProductSummaryList,ProductSummaryCustom,ProductSummaryImage,ProductSummaryName,Spacer&amp;files=vtex.search@1.5.1,common&amp;workspace=master">https://fairplaybo.vtexassets.com/_v/public/assets/v1/published/bundle/public/react/asset.min.js?v=1&amp;files=fairplaybo.m3-custom@0.0.113,1,StockFlag,PriceDisconterPromotion,BrandFlag&amp;files=vtex.store-header@2.29.0,common,index,Layout,0,Row&amp;files=vtex.flex-layout@0.21.3,common,0,FlexLayout,Col&amp;files=vtex.product-summary@2.89.0,common,0,ProductSummaryList,ProductSummaryCustom,ProductSummaryImage,ProductSummaryName,Spacer&amp;files=vtex.search@1.5.1,common&amp;workspace=master</a>
        </td>
      </tr>
      <tr>
        <td colspan="1" rowspan="1" class="indent2" width="20%">Method</td>
        <td colspan="1" rowspan="1" width="80%">GET</td>
      </tr>
      <tr>
        <td colspan="1" rowspan="1" class="indent2" width="20%">Parameter</td>
        <td colspan="1" rowspan="1" width="80%"/>
      </tr>
      <tr>
        <td colspan="1" rowspan="1" class="indent2" width="20%">Attack</td>
        <td colspan="1" rowspan="1" width="80%"/>
      </tr>
      <tr>
        <td colspan="1" rowspan="1" class="indent2" width="20%">Evidence</td>
        <td colspan="1" rowspan="1" width="80%">from</td>
      </tr>
      <tr>
        <td colspan="1" rowspan="1" class="indent2" width="20%">Other Info</td>
        <td colspan="1" rowspan="1" width="80%">The following pattern was used: \bFROM\b and was detected 3 times, the first in the element starting with: "!function(e){function t(t){for(var n,o,u=t[0],c=t[1],l=t[2],s=0,d=[];s&lt;u.length;s++)o=u[s],Object.prototype.hasOwnProperty.call(", see evidence field for the suspicious comment/snippet.</td>
      </tr>
      <tr>
        <td colspan="1" rowspan="1" class="indent1" width="20%">URL</td>
        <td colspan="1" rowspan="1" width="80%">
          <a shape="rect" href="https://fairplaybo.vtexassets.com/_v/public/assets/v1/published/bundle/public/react/asset.min.js?v=1&amp;files=fairplaybo.m3-custom@0.0.113,1,StockFlag,PriceDisconterPromotion,BrandFlag&amp;files=vtex.store-header@2.29.0,common,index,Layout,0,Row&amp;files=vtex.flex-layout@0.21.3,common,0,FlexLayout,Col&amp;files=vtex.product-summary@2.89.0,common,0,ProductSummaryList,ProductSummaryCustom,ProductSummaryImage,ProductSummaryName,Spacer&amp;files=vtex.search@1.5.1,common&amp;workspace=master">https://fairplaybo.vtexassets.com/_v/public/assets/v1/published/bundle/public/react/asset.min.js?v=1&amp;files=fairplaybo.m3-custom@0.0.113,1,StockFlag,PriceDisconterPromotion,BrandFlag&amp;files=vtex.store-header@2.29.0,common,index,Layout,0,Row&amp;files=vtex.flex-layout@0.21.3,common,0,FlexLayout,Col&amp;files=vtex.product-summary@2.89.0,common,0,ProductSummaryList,ProductSummaryCustom,ProductSummaryImage,ProductSummaryName,Spacer&amp;files=vtex.search@1.5.1,common&amp;workspace=master</a>
        </td>
      </tr>
      <tr>
        <td colspan="1" rowspan="1" class="indent2" width="20%">Method</td>
        <td colspan="1" rowspan="1" width="80%">GET</td>
      </tr>
      <tr>
        <td colspan="1" rowspan="1" class="indent2" width="20%">Parameter</td>
        <td colspan="1" rowspan="1" width="80%"/>
      </tr>
      <tr>
        <td colspan="1" rowspan="1" class="indent2" width="20%">Attack</td>
        <td colspan="1" rowspan="1" width="80%"/>
      </tr>
      <tr>
        <td colspan="1" rowspan="1" class="indent2" width="20%">Evidence</td>
        <td colspan="1" rowspan="1" width="80%">query</td>
      </tr>
      <tr>
        <td colspan="1" rowspan="1" class="indent2" width="20%">Other Info</td>
        <td colspan="1" rowspan="1" width="80%">The following pattern was used: \bQUERY\b and was detected 2 times, the first in the element starting with: "(window.webpackJsonpfairplaybo_m3_custom_0_0_113=window.webpackJsonpfairplaybo_m3_custom_0_0_113||[]).push([["PriceDisconterProm", see evidence field for the suspicious comment/snippet.</td>
      </tr>
      <tr>
        <td colspan="1" rowspan="1" class="indent1" width="20%">URL</td>
        <td colspan="1" rowspan="1" width="80%">
          <a shape="rect" href="https://fairplaybo.vtexassets.com/_v/public/assets/v1/published/bundle/public/react/asset.min.js?v=1&amp;files=fairplaybo.m3-custom@0.0.113,1,StockFlag,PriceDisconterPromotion,BrandFlag&amp;files=vtex.store-header@2.29.0,common,index,Layout,0,Row&amp;files=vtex.flex-layout@0.21.3,common,0,FlexLayout,Col&amp;files=vtex.product-summary@2.89.0,common,0,ProductSummaryList,ProductSummaryCustom,ProductSummaryImage,ProductSummaryName,Spacer&amp;files=vtex.search@1.5.1,common&amp;workspace=master">https://fairplaybo.vtexassets.com/_v/public/assets/v1/published/bundle/public/react/asset.min.js?v=1&amp;files=fairplaybo.m3-custom@0.0.113,1,StockFlag,PriceDisconterPromotion,BrandFlag&amp;files=vtex.store-header@2.29.0,common,index,Layout,0,Row&amp;files=vtex.flex-layout@0.21.3,common,0,FlexLayout,Col&amp;files=vtex.product-summary@2.89.0,common,0,ProductSummaryList,ProductSummaryCustom,ProductSummaryImage,ProductSummaryName,Spacer&amp;files=vtex.search@1.5.1,common&amp;workspace=master</a>
        </td>
      </tr>
      <tr>
        <td colspan="1" rowspan="1" class="indent2" width="20%">Method</td>
        <td colspan="1" rowspan="1" width="80%">GET</td>
      </tr>
      <tr>
        <td colspan="1" rowspan="1" class="indent2" width="20%">Parameter</td>
        <td colspan="1" rowspan="1" width="80%"/>
      </tr>
      <tr>
        <td colspan="1" rowspan="1" class="indent2" width="20%">Attack</td>
        <td colspan="1" rowspan="1" width="80%"/>
      </tr>
      <tr>
        <td colspan="1" rowspan="1" class="indent2" width="20%">Evidence</td>
        <td colspan="1" rowspan="1" width="80%">select</td>
      </tr>
      <tr>
        <td colspan="1" rowspan="1" class="indent2" width="20%">Other Info</td>
        <td colspan="1" rowspan="1" width="80%">The following pattern was used: \bSELECT\b and was detected in the element starting with: "(window.webpackJsonpfairplaybo_m3_custom_0_0_113=window.webpackJsonpfairplaybo_m3_custom_0_0_113||[]).push([[1],{124:function(e,", see evidence field for the suspicious comment/snippet.</td>
      </tr>
      <tr>
        <td colspan="1" rowspan="1" class="indent1" width="20%">URL</td>
        <td colspan="1" rowspan="1" width="80%">
          <a shape="rect" href="https://fairplaybo.vtexassets.com/_v/public/assets/v1/published/bundle/public/react/asset.min.js?v=1&amp;files=vtex.checkout-resources@0.49.0,Utils&amp;files=vtex.checkout-splunk@0.1.1,useSplunk&amp;files=vtex.challenge-tp-condition@0.6.1,ChallengeTradePolicyCondition&amp;files=vtex.css-handles@1.0.1,common,0,useCssHandles,withCssHandles,createCssHandlesContext,applyModifiers&amp;files=vtex.list-context@0.2.0,common,ListContextProvider,useListContext&amp;files=vtex.on-view@1.0.0,common,useOnView&amp;files=vtex.modal-layout@0.14.1,common,ModalContext&amp;files=vtex.product-context@0.10.0,common,ProductContextProvider,useProduct,useProductDispatch&amp;files=vtex.product-group-context@0.2.0,ProductGroupContext&amp;workspace=master">https://fairplaybo.vtexassets.com/_v/public/assets/v1/published/bundle/public/react/asset.min.js?v=1&amp;files=vtex.checkout-resources@0.49.0,Utils&amp;files=vtex.checkout-splunk@0.1.1,useSplunk&amp;files=vtex.challenge-tp-condition@0.6.1,ChallengeTradePolicyCondition&amp;files=vtex.css-handles@1.0.1,common,0,useCssHandles,withCssHandles,createCssHandlesContext,applyModifiers&amp;files=vtex.list-context@0.2.0,common,ListContextProvider,useListContext&amp;files=vtex.on-view@1.0.0,common,useOnView&amp;files=vtex.modal-layout@0.14.1,common,ModalContext&amp;files=vtex.product-context@0.10.0,common,ProductContextProvider,useProduct,useProductDispatch&amp;files=vtex.product-group-context@0.2.0,ProductGroupContext&amp;workspace=master</a>
        </td>
      </tr>
      <tr>
        <td colspan="1" rowspan="1" class="indent2" width="20%">Method</td>
        <td colspan="1" rowspan="1" width="80%">GET</td>
      </tr>
      <tr>
        <td colspan="1" rowspan="1" class="indent2" width="20%">Parameter</td>
        <td colspan="1" rowspan="1" width="80%"/>
      </tr>
      <tr>
        <td colspan="1" rowspan="1" class="indent2" width="20%">Attack</td>
        <td colspan="1" rowspan="1" width="80%"/>
      </tr>
      <tr>
        <td colspan="1" rowspan="1" class="indent2" width="20%">Evidence</td>
        <td colspan="1" rowspan="1" width="80%">from</td>
      </tr>
      <tr>
        <td colspan="1" rowspan="1" class="indent2" width="20%">Other Info</td>
        <td colspan="1" rowspan="1" width="80%">The following pattern was used: \bFROM\b and was detected 8 times, the first in the element starting with: "!function(e){var n={};function t(r){if(n[r])return n[r].exports;var o=n[r]={i:r,l:!1,exports:{}};return e[r].call(o.exports,o,o.", see evidence field for the suspicious comment/snippet.</td>
      </tr>
      <tr>
        <td colspan="1" rowspan="1" class="indent1" width="20%">URL</td>
        <td colspan="1" rowspan="1" width="80%">
          <a shape="rect" href="https://fairplaybo.vtexassets.com/_v/public/assets/v1/published/bundle/public/react/asset.min.js?v=1&amp;files=vtex.checkout-resources@0.49.0,Utils&amp;files=vtex.checkout-splunk@0.1.1,useSplunk&amp;files=vtex.challenge-tp-condition@0.6.1,ChallengeTradePolicyCondition&amp;files=vtex.css-handles@1.0.1,common,0,useCssHandles,withCssHandles,createCssHandlesContext,applyModifiers&amp;files=vtex.list-context@0.2.0,common,ListContextProvider,useListContext&amp;files=vtex.on-view@1.0.0,common,useOnView&amp;files=vtex.modal-layout@0.14.1,common,ModalContext&amp;files=vtex.product-context@0.10.0,common,ProductContextProvider,useProduct,useProductDispatch&amp;files=vtex.product-group-context@0.2.0,ProductGroupContext&amp;workspace=master">https://fairplaybo.vtexassets.com/_v/public/assets/v1/published/bundle/public/react/asset.min.js?v=1&amp;files=vtex.checkout-resources@0.49.0,Utils&amp;files=vtex.checkout-splunk@0.1.1,useSplunk&amp;files=vtex.challenge-tp-condition@0.6.1,ChallengeTradePolicyCondition&amp;files=vtex.css-handles@1.0.1,common,0,useCssHandles,withCssHandles,createCssHandlesContext,applyModifiers&amp;files=vtex.list-context@0.2.0,common,ListContextProvider,useListContext&amp;files=vtex.on-view@1.0.0,common,useOnView&amp;files=vtex.modal-layout@0.14.1,common,ModalContext&amp;files=vtex.product-context@0.10.0,common,ProductContextProvider,useProduct,useProductDispatch&amp;files=vtex.product-group-context@0.2.0,ProductGroupContext&amp;workspace=master</a>
        </td>
      </tr>
      <tr>
        <td colspan="1" rowspan="1" class="indent2" width="20%">Method</td>
        <td colspan="1" rowspan="1" width="80%">GET</td>
      </tr>
      <tr>
        <td colspan="1" rowspan="1" class="indent2" width="20%">Parameter</td>
        <td colspan="1" rowspan="1" width="80%"/>
      </tr>
      <tr>
        <td colspan="1" rowspan="1" class="indent2" width="20%">Attack</td>
        <td colspan="1" rowspan="1" width="80%"/>
      </tr>
      <tr>
        <td colspan="1" rowspan="1" class="indent2" width="20%">Evidence</td>
        <td colspan="1" rowspan="1" width="80%">query</td>
      </tr>
      <tr>
        <td colspan="1" rowspan="1" class="indent2" width="20%">Other Info</td>
        <td colspan="1" rowspan="1" width="80%">The following pattern was used: \bQUERY\b and was detected 2 times, the first in the element starting with: "(window.webpackJsonpvtex_checkout_resources_0_49_0=window.webpackJsonpvtex_checkout_resources_0_49_0||[]).push([["Utils"],{22:fu", see evidence field for the suspicious comment/snippet.</td>
      </tr>
      <tr>
        <td colspan="1" rowspan="1" class="indent1" width="20%">URL</td>
        <td colspan="1" rowspan="1" width="80%">
          <a shape="rect" href="https://fairplaybo.vtexassets.com/_v/public/assets/v1/published/bundle/public/react/asset.min.js?v=1&amp;files=vtex.open-graph@1.2.2,common,HomeOpenGraph&amp;files=vtex.pixel-manager@1.9.0,common,0,PixelContext,usePixel,usePixelEventCallback&amp;files=vtex.structured-data@0.12.0,common,SearchAction,0,ProductList&amp;files=vtex.checkout-resources@0.49.0,common,0,MutationAddToCart,4,MutationSetManualPrice,5,MutationUpdateItems,MutationClearOrderFormMessages,6,QueryOrderForm&amp;workspace=master">https://fairplaybo.vtexassets.com/_v/public/assets/v1/published/bundle/public/react/asset.min.js?v=1&amp;files=vtex.open-graph@1.2.2,common,HomeOpenGraph&amp;files=vtex.pixel-manager@1.9.0,common,0,PixelContext,usePixel,usePixelEventCallback&amp;files=vtex.structured-data@0.12.0,common,SearchAction,0,ProductList&amp;files=vtex.checkout-resources@0.49.0,common,0,MutationAddToCart,4,MutationSetManualPrice,5,MutationUpdateItems,MutationClearOrderFormMessages,6,QueryOrderForm&amp;workspace=master</a>
        </td>
      </tr>
      <tr>
        <td colspan="1" rowspan="1" class="indent2" width="20%">Method</td>
        <td colspan="1" rowspan="1" width="80%">GET</td>
      </tr>
      <tr>
        <td colspan="1" rowspan="1" class="indent2" width="20%">Parameter</td>
        <td colspan="1" rowspan="1" width="80%"/>
      </tr>
      <tr>
        <td colspan="1" rowspan="1" class="indent2" width="20%">Attack</td>
        <td colspan="1" rowspan="1" width="80%"/>
      </tr>
      <tr>
        <td colspan="1" rowspan="1" class="indent2" width="20%">Evidence</td>
        <td colspan="1" rowspan="1" width="80%">from</td>
      </tr>
      <tr>
        <td colspan="1" rowspan="1" class="indent2" width="20%">Other Info</td>
        <td colspan="1" rowspan="1" width="80%">The following pattern was used: \bFROM\b and was detected 2 times, the first in the element starting with: "!function(e){function t(t){for(var r,a,u=t[0],c=t[1],l=t[2],d=0,p=[];d&lt;u.length;d++)a=u[d],Object.prototype.hasOwnProperty.call(", see evidence field for the suspicious comment/snippet.</td>
      </tr>
      <tr>
        <td colspan="1" rowspan="1" class="indent1" width="20%">URL</td>
        <td colspan="1" rowspan="1" width="80%">
          <a shape="rect" href="https://fairplaybo.vtexassets.com/_v/public/assets/v1/published/bundle/public/react/asset.min.js?v=1&amp;files=vtex.open-graph@1.2.2,common,HomeOpenGraph&amp;files=vtex.pixel-manager@1.9.0,common,0,PixelContext,usePixel,usePixelEventCallback&amp;files=vtex.structured-data@0.12.0,common,SearchAction,0,ProductList&amp;files=vtex.checkout-resources@0.49.0,common,0,MutationAddToCart,4,MutationSetManualPrice,5,MutationUpdateItems,MutationClearOrderFormMessages,6,QueryOrderForm&amp;workspace=master">https://fairplaybo.vtexassets.com/_v/public/assets/v1/published/bundle/public/react/asset.min.js?v=1&amp;files=vtex.open-graph@1.2.2,common,HomeOpenGraph&amp;files=vtex.pixel-manager@1.9.0,common,0,PixelContext,usePixel,usePixelEventCallback&amp;files=vtex.structured-data@0.12.0,common,SearchAction,0,ProductList&amp;files=vtex.checkout-resources@0.49.0,common,0,MutationAddToCart,4,MutationSetManualPrice,5,MutationUpdateItems,MutationClearOrderFormMessages,6,QueryOrderForm&amp;workspace=master</a>
        </td>
      </tr>
      <tr>
        <td colspan="1" rowspan="1" class="indent2" width="20%">Method</td>
        <td colspan="1" rowspan="1" width="80%">GET</td>
      </tr>
      <tr>
        <td colspan="1" rowspan="1" class="indent2" width="20%">Parameter</td>
        <td colspan="1" rowspan="1" width="80%"/>
      </tr>
      <tr>
        <td colspan="1" rowspan="1" class="indent2" width="20%">Attack</td>
        <td colspan="1" rowspan="1" width="80%"/>
      </tr>
      <tr>
        <td colspan="1" rowspan="1" class="indent2" width="20%">Evidence</td>
        <td colspan="1" rowspan="1" width="80%">query</td>
      </tr>
      <tr>
        <td colspan="1" rowspan="1" class="indent2" width="20%">Other Info</td>
        <td colspan="1" rowspan="1" width="80%">The following pattern was used: \bQUERY\b and was detected 3 times, the first in the element starting with: "(window.webpackJsonpvtex_structured_data_0_12_0=window.webpackJsonpvtex_structured_data_0_12_0||[]).push([["SearchAction"],[func", see evidence field for the suspicious comment/snippet.</td>
      </tr>
      <tr>
        <td colspan="1" rowspan="1" class="indent1" width="20%">URL</td>
        <td colspan="1" rowspan="1" width="80%">
          <a shape="rect" href="https://fairplaybo.vtexassets.com/_v/public/assets/v1/published/bundle/public/react/asset.min.js?v=1&amp;files=vtex.react-vtexid@4.55.0,common,AuthServiceLazy,AuthStateLazy,getAbsReturnUrl,1,0,useLogInWithAccessKey,useLogInWithPassword,useLogOut,useRedirectAfterLogin,useSendAccessKey,useSetPassword,useStartLoginAttempt,validations&amp;files=vtex.responsive-values@0.4.2,common,useResponsiveValues,useResponsiveValue&amp;files=vtex.responsive-layout@0.1.4,common,ResponsiveLayoutDesktop&amp;files=vtex.store-icons@0.18.0,common,IconSearch&amp;workspace=master">https://fairplaybo.vtexassets.com/_v/public/assets/v1/published/bundle/public/react/asset.min.js?v=1&amp;files=vtex.react-vtexid@4.55.0,common,AuthServiceLazy,AuthStateLazy,getAbsReturnUrl,1,0,useLogInWithAccessKey,useLogInWithPassword,useLogOut,useRedirectAfterLogin,useSendAccessKey,useSetPassword,useStartLoginAttempt,validations&amp;files=vtex.responsive-values@0.4.2,common,useResponsiveValues,useResponsiveValue&amp;files=vtex.responsive-layout@0.1.4,common,ResponsiveLayoutDesktop&amp;files=vtex.store-icons@0.18.0,common,IconSearch&amp;workspace=master</a>
        </td>
      </tr>
      <tr>
        <td colspan="1" rowspan="1" class="indent2" width="20%">Method</td>
        <td colspan="1" rowspan="1" width="80%">GET</td>
      </tr>
      <tr>
        <td colspan="1" rowspan="1" class="indent2" width="20%">Parameter</td>
        <td colspan="1" rowspan="1" width="80%"/>
      </tr>
      <tr>
        <td colspan="1" rowspan="1" class="indent2" width="20%">Attack</td>
        <td colspan="1" rowspan="1" width="80%"/>
      </tr>
      <tr>
        <td colspan="1" rowspan="1" class="indent2" width="20%">Evidence</td>
        <td colspan="1" rowspan="1" width="80%">ADMIN</td>
      </tr>
      <tr>
        <td colspan="1" rowspan="1" class="indent2" width="20%">Other Info</td>
        <td colspan="1" rowspan="1" width="80%">The following pattern was used: \bADMIN\b and was detected in the element starting with: "(window.webpackJsonpvtex_react_vtexid_4_55_0=window.webpackJsonpvtex_react_vtexid_4_55_0||[]).push([[0],[,function(t,e,r){"use s", see evidence field for the suspicious comment/snippet.</td>
      </tr>
      <tr>
        <td colspan="1" rowspan="1" class="indent1" width="20%">URL</td>
        <td colspan="1" rowspan="1" width="80%">
          <a shape="rect" href="https://fairplaybo.vtexassets.com/_v/public/assets/v1/published/bundle/public/react/asset.min.js?v=1&amp;files=vtex.react-vtexid@4.55.0,common,AuthServiceLazy,AuthStateLazy,getAbsReturnUrl,1,0,useLogInWithAccessKey,useLogInWithPassword,useLogOut,useRedirectAfterLogin,useSendAccessKey,useSetPassword,useStartLoginAttempt,validations&amp;files=vtex.responsive-values@0.4.2,common,useResponsiveValues,useResponsiveValue&amp;files=vtex.responsive-layout@0.1.4,common,ResponsiveLayoutDesktop&amp;files=vtex.store-icons@0.18.0,common,IconSearch&amp;workspace=master">https://fairplaybo.vtexassets.com/_v/public/assets/v1/published/bundle/public/react/asset.min.js?v=1&amp;files=vtex.react-vtexid@4.55.0,common,AuthServiceLazy,AuthStateLazy,getAbsReturnUrl,1,0,useLogInWithAccessKey,useLogInWithPassword,useLogOut,useRedirectAfterLogin,useSendAccessKey,useSetPassword,useStartLoginAttempt,validations&amp;files=vtex.responsive-values@0.4.2,common,useResponsiveValues,useResponsiveValue&amp;files=vtex.responsive-layout@0.1.4,common,ResponsiveLayoutDesktop&amp;files=vtex.store-icons@0.18.0,common,IconSearch&amp;workspace=master</a>
        </td>
      </tr>
      <tr>
        <td colspan="1" rowspan="1" class="indent2" width="20%">Method</td>
        <td colspan="1" rowspan="1" width="80%">GET</td>
      </tr>
      <tr>
        <td colspan="1" rowspan="1" class="indent2" width="20%">Parameter</td>
        <td colspan="1" rowspan="1" width="80%"/>
      </tr>
      <tr>
        <td colspan="1" rowspan="1" class="indent2" width="20%">Attack</td>
        <td colspan="1" rowspan="1" width="80%"/>
      </tr>
      <tr>
        <td colspan="1" rowspan="1" class="indent2" width="20%">Evidence</td>
        <td colspan="1" rowspan="1" width="80%">bug</td>
      </tr>
      <tr>
        <td colspan="1" rowspan="1" class="indent2" width="20%">Other Info</td>
        <td colspan="1" rowspan="1" width="80%">The following pattern was used: \bBUG\b and was detected in the element starting with: "(window.webpackJsonpvtex_react_vtexid_4_55_0=window.webpackJsonpvtex_react_vtexid_4_55_0||[]).push([[1],{65:function(e,t,n){!fun", see evidence field for the suspicious comment/snippet.</td>
      </tr>
      <tr>
        <td colspan="1" rowspan="1" class="indent1" width="20%">URL</td>
        <td colspan="1" rowspan="1" width="80%">
          <a shape="rect" href="https://fairplaybo.vtexassets.com/_v/public/assets/v1/published/bundle/public/react/asset.min.js?v=1&amp;files=vtex.react-vtexid@4.55.0,common,AuthServiceLazy,AuthStateLazy,getAbsReturnUrl,1,0,useLogInWithAccessKey,useLogInWithPassword,useLogOut,useRedirectAfterLogin,useSendAccessKey,useSetPassword,useStartLoginAttempt,validations&amp;files=vtex.responsive-values@0.4.2,common,useResponsiveValues,useResponsiveValue&amp;files=vtex.responsive-layout@0.1.4,common,ResponsiveLayoutDesktop&amp;files=vtex.store-icons@0.18.0,common,IconSearch&amp;workspace=master">https://fairplaybo.vtexassets.com/_v/public/assets/v1/published/bundle/public/react/asset.min.js?v=1&amp;files=vtex.react-vtexid@4.55.0,common,AuthServiceLazy,AuthStateLazy,getAbsReturnUrl,1,0,useLogInWithAccessKey,useLogInWithPassword,useLogOut,useRedirectAfterLogin,useSendAccessKey,useSetPassword,useStartLoginAttempt,validations&amp;files=vtex.responsive-values@0.4.2,common,useResponsiveValues,useResponsiveValue&amp;files=vtex.responsive-layout@0.1.4,common,ResponsiveLayoutDesktop&amp;files=vtex.store-icons@0.18.0,common,IconSearch&amp;workspace=master</a>
        </td>
      </tr>
      <tr>
        <td colspan="1" rowspan="1" class="indent2" width="20%">Method</td>
        <td colspan="1" rowspan="1" width="80%">GET</td>
      </tr>
      <tr>
        <td colspan="1" rowspan="1" class="indent2" width="20%">Parameter</td>
        <td colspan="1" rowspan="1" width="80%"/>
      </tr>
      <tr>
        <td colspan="1" rowspan="1" class="indent2" width="20%">Attack</td>
        <td colspan="1" rowspan="1" width="80%"/>
      </tr>
      <tr>
        <td colspan="1" rowspan="1" class="indent2" width="20%">Evidence</td>
        <td colspan="1" rowspan="1" width="80%">from</td>
      </tr>
      <tr>
        <td colspan="1" rowspan="1" class="indent2" width="20%">Other Info</td>
        <td colspan="1" rowspan="1" width="80%">The following pattern was used: \bFROM\b and was detected 2 times, the first in the element starting with: "!function(t){function e(e){for(var r,u,c=e[0],a=e[1],f=e[2],s=0,p=[];s&lt;c.length;s++)u=c[s],Object.prototype.hasOwnProperty.call(", see evidence field for the suspicious comment/snippet.</td>
      </tr>
      <tr>
        <td colspan="1" rowspan="1" class="indent1" width="20%">URL</td>
        <td colspan="1" rowspan="1" width="80%">
          <a shape="rect" href="https://fairplaybo.vtexassets.com/_v/public/assets/v1/published/bundle/public/react/asset.min.js?v=1&amp;files=vtex.react-vtexid@4.55.0,common,AuthServiceLazy,AuthStateLazy,getAbsReturnUrl,1,0,useLogInWithAccessKey,useLogInWithPassword,useLogOut,useRedirectAfterLogin,useSendAccessKey,useSetPassword,useStartLoginAttempt,validations&amp;files=vtex.responsive-values@0.4.2,common,useResponsiveValues,useResponsiveValue&amp;files=vtex.responsive-layout@0.1.4,common,ResponsiveLayoutDesktop&amp;files=vtex.store-icons@0.18.0,common,IconSearch&amp;workspace=master">https://fairplaybo.vtexassets.com/_v/public/assets/v1/published/bundle/public/react/asset.min.js?v=1&amp;files=vtex.react-vtexid@4.55.0,common,AuthServiceLazy,AuthStateLazy,getAbsReturnUrl,1,0,useLogInWithAccessKey,useLogInWithPassword,useLogOut,useRedirectAfterLogin,useSendAccessKey,useSetPassword,useStartLoginAttempt,validations&amp;files=vtex.responsive-values@0.4.2,common,useResponsiveValues,useResponsiveValue&amp;files=vtex.responsive-layout@0.1.4,common,ResponsiveLayoutDesktop&amp;files=vtex.store-icons@0.18.0,common,IconSearch&amp;workspace=master</a>
        </td>
      </tr>
      <tr>
        <td colspan="1" rowspan="1" class="indent2" width="20%">Method</td>
        <td colspan="1" rowspan="1" width="80%">GET</td>
      </tr>
      <tr>
        <td colspan="1" rowspan="1" class="indent2" width="20%">Parameter</td>
        <td colspan="1" rowspan="1" width="80%"/>
      </tr>
      <tr>
        <td colspan="1" rowspan="1" class="indent2" width="20%">Attack</td>
        <td colspan="1" rowspan="1" width="80%"/>
      </tr>
      <tr>
        <td colspan="1" rowspan="1" class="indent2" width="20%">Evidence</td>
        <td colspan="1" rowspan="1" width="80%">user</td>
      </tr>
      <tr>
        <td colspan="1" rowspan="1" class="indent2" width="20%">Other Info</td>
        <td colspan="1" rowspan="1" width="80%">The following pattern was used: \bUSER\b and was detected 5 times, the first in the element starting with: "(window.webpackJsonpvtex_react_vtexid_4_55_0=window.webpackJsonpvtex_react_vtexid_4_55_0||[]).push([["getAbsReturnUrl"],{19:func", see evidence field for the suspicious comment/snippet.</td>
      </tr>
      <tr>
        <td colspan="1" rowspan="1" class="indent1" width="20%">URL</td>
        <td colspan="1" rowspan="1" width="80%">
          <a shape="rect" href="https://fairplaybo.vtexassets.com/_v/public/assets/v1/published/bundle/public/react/asset.min.js?v=1&amp;files=vtex.render-runtime@8.134.2,ExtensionContainer&amp;files=vtex.admin-pages@4.53.0,common,6,18,HighlightOverlay&amp;files=vtex.google-tag-manager@3.5.2,index&amp;files=vtex.request-capture@2.3.0,index&amp;files=vtex.facebook-fbe@1.8.4,common,1,FbePixel&amp;files=vtex.sae-analytics@2.13.0,common,0,index&amp;workspace=master">https://fairplaybo.vtexassets.com/_v/public/assets/v1/published/bundle/public/react/asset.min.js?v=1&amp;files=vtex.render-runtime@8.134.2,ExtensionContainer&amp;files=vtex.admin-pages@4.53.0,common,6,18,HighlightOverlay&amp;files=vtex.google-tag-manager@3.5.2,index&amp;files=vtex.request-capture@2.3.0,index&amp;files=vtex.facebook-fbe@1.8.4,common,1,FbePixel&amp;files=vtex.sae-analytics@2.13.0,common,0,index&amp;workspace=master</a>
        </td>
      </tr>
      <tr>
        <td colspan="1" rowspan="1" class="indent2" width="20%">Method</td>
        <td colspan="1" rowspan="1" width="80%">GET</td>
      </tr>
      <tr>
        <td colspan="1" rowspan="1" class="indent2" width="20%">Parameter</td>
        <td colspan="1" rowspan="1" width="80%"/>
      </tr>
      <tr>
        <td colspan="1" rowspan="1" class="indent2" width="20%">Attack</td>
        <td colspan="1" rowspan="1" width="80%"/>
      </tr>
      <tr>
        <td colspan="1" rowspan="1" class="indent2" width="20%">Evidence</td>
        <td colspan="1" rowspan="1" width="80%">admin</td>
      </tr>
      <tr>
        <td colspan="1" rowspan="1" class="indent2" width="20%">Other Info</td>
        <td colspan="1" rowspan="1" width="80%">The following pattern was used: \bADMIN\b and was detected 2 times, the first in the element starting with: "(window.webpackJsonpvtex_admin_pages_4_53_0=window.webpackJsonpvtex_admin_pages_4_53_0||[]).push([[18],{105:function(t,e,n){var ", see evidence field for the suspicious comment/snippet.</td>
      </tr>
      <tr>
        <td colspan="1" rowspan="1" class="indent1" width="20%">URL</td>
        <td colspan="1" rowspan="1" width="80%">
          <a shape="rect" href="https://fairplaybo.vtexassets.com/_v/public/assets/v1/published/bundle/public/react/asset.min.js?v=1&amp;files=vtex.render-runtime@8.134.2,ExtensionContainer&amp;files=vtex.admin-pages@4.53.0,common,6,18,HighlightOverlay&amp;files=vtex.google-tag-manager@3.5.2,index&amp;files=vtex.request-capture@2.3.0,index&amp;files=vtex.facebook-fbe@1.8.4,common,1,FbePixel&amp;files=vtex.sae-analytics@2.13.0,common,0,index&amp;workspace=master">https://fairplaybo.vtexassets.com/_v/public/assets/v1/published/bundle/public/react/asset.min.js?v=1&amp;files=vtex.render-runtime@8.134.2,ExtensionContainer&amp;files=vtex.admin-pages@4.53.0,common,6,18,HighlightOverlay&amp;files=vtex.google-tag-manager@3.5.2,index&amp;files=vtex.request-capture@2.3.0,index&amp;files=vtex.facebook-fbe@1.8.4,common,1,FbePixel&amp;files=vtex.sae-analytics@2.13.0,common,0,index&amp;workspace=master</a>
        </td>
      </tr>
      <tr>
        <td colspan="1" rowspan="1" class="indent2" width="20%">Method</td>
        <td colspan="1" rowspan="1" width="80%">GET</td>
      </tr>
      <tr>
        <td colspan="1" rowspan="1" class="indent2" width="20%">Parameter</td>
        <td colspan="1" rowspan="1" width="80%"/>
      </tr>
      <tr>
        <td colspan="1" rowspan="1" class="indent2" width="20%">Attack</td>
        <td colspan="1" rowspan="1" width="80%"/>
      </tr>
      <tr>
        <td colspan="1" rowspan="1" class="indent2" width="20%">Evidence</td>
        <td colspan="1" rowspan="1" width="80%">bugs</td>
      </tr>
      <tr>
        <td colspan="1" rowspan="1" class="indent2" width="20%">Other Info</td>
        <td colspan="1" rowspan="1" width="80%">The following pattern was used: \bBUGS\b and was detected in the element starting with: "(window.webpackJsonpvtex_facebook_fbe_1_8_4=window.webpackJsonpvtex_facebook_fbe_1_8_4||[]).push([[1],[,,,,,,,,,function(e,t,r){", see evidence field for the suspicious comment/snippet.</td>
      </tr>
      <tr>
        <td colspan="1" rowspan="1" class="indent1" width="20%">URL</td>
        <td colspan="1" rowspan="1" width="80%">
          <a shape="rect" href="https://fairplaybo.vtexassets.com/_v/public/assets/v1/published/bundle/public/react/asset.min.js?v=1&amp;files=vtex.render-runtime@8.134.2,ExtensionContainer&amp;files=vtex.admin-pages@4.53.0,common,6,18,HighlightOverlay&amp;files=vtex.google-tag-manager@3.5.2,index&amp;files=vtex.request-capture@2.3.0,index&amp;files=vtex.facebook-fbe@1.8.4,common,1,FbePixel&amp;files=vtex.sae-analytics@2.13.0,common,0,index&amp;workspace=master">https://fairplaybo.vtexassets.com/_v/public/assets/v1/published/bundle/public/react/asset.min.js?v=1&amp;files=vtex.render-runtime@8.134.2,ExtensionContainer&amp;files=vtex.admin-pages@4.53.0,common,6,18,HighlightOverlay&amp;files=vtex.google-tag-manager@3.5.2,index&amp;files=vtex.request-capture@2.3.0,index&amp;files=vtex.facebook-fbe@1.8.4,common,1,FbePixel&amp;files=vtex.sae-analytics@2.13.0,common,0,index&amp;workspace=master</a>
        </td>
      </tr>
      <tr>
        <td colspan="1" rowspan="1" class="indent2" width="20%">Method</td>
        <td colspan="1" rowspan="1" width="80%">GET</td>
      </tr>
      <tr>
        <td colspan="1" rowspan="1" class="indent2" width="20%">Parameter</td>
        <td colspan="1" rowspan="1" width="80%"/>
      </tr>
      <tr>
        <td colspan="1" rowspan="1" class="indent2" width="20%">Attack</td>
        <td colspan="1" rowspan="1" width="80%"/>
      </tr>
      <tr>
        <td colspan="1" rowspan="1" class="indent2" width="20%">Evidence</td>
        <td colspan="1" rowspan="1" width="80%">from</td>
      </tr>
      <tr>
        <td colspan="1" rowspan="1" class="indent2" width="20%">Other Info</td>
        <td colspan="1" rowspan="1" width="80%">The following pattern was used: \bFROM\b and was detected 4 times, the first in the element starting with: "!function(t){function n(n){for(var e,i,c=n[0],f=n[1],a=n[2],p=0,l=[];p&lt;c.length;p++)i=c[p],Object.prototype.hasOwnProperty.call(", see evidence field for the suspicious comment/snippet.</td>
      </tr>
      <tr>
        <td colspan="1" rowspan="1" class="indent1" width="20%">URL</td>
        <td colspan="1" rowspan="1" width="80%">
          <a shape="rect" href="https://fairplaybo.vtexassets.com/_v/public/assets/v1/published/bundle/public/react/asset.min.js?v=1&amp;files=vtex.render-runtime@8.134.2,ExtensionContainer&amp;files=vtex.admin-pages@4.53.0,common,6,18,HighlightOverlay&amp;files=vtex.google-tag-manager@3.5.2,index&amp;files=vtex.request-capture@2.3.0,index&amp;files=vtex.facebook-fbe@1.8.4,common,1,FbePixel&amp;files=vtex.sae-analytics@2.13.0,common,0,index&amp;workspace=master">https://fairplaybo.vtexassets.com/_v/public/assets/v1/published/bundle/public/react/asset.min.js?v=1&amp;files=vtex.render-runtime@8.134.2,ExtensionContainer&amp;files=vtex.admin-pages@4.53.0,common,6,18,HighlightOverlay&amp;files=vtex.google-tag-manager@3.5.2,index&amp;files=vtex.request-capture@2.3.0,index&amp;files=vtex.facebook-fbe@1.8.4,common,1,FbePixel&amp;files=vtex.sae-analytics@2.13.0,common,0,index&amp;workspace=master</a>
        </td>
      </tr>
      <tr>
        <td colspan="1" rowspan="1" class="indent2" width="20%">Method</td>
        <td colspan="1" rowspan="1" width="80%">GET</td>
      </tr>
      <tr>
        <td colspan="1" rowspan="1" class="indent2" width="20%">Parameter</td>
        <td colspan="1" rowspan="1" width="80%"/>
      </tr>
      <tr>
        <td colspan="1" rowspan="1" class="indent2" width="20%">Attack</td>
        <td colspan="1" rowspan="1" width="80%"/>
      </tr>
      <tr>
        <td colspan="1" rowspan="1" class="indent2" width="20%">Evidence</td>
        <td colspan="1" rowspan="1" width="80%">query</td>
      </tr>
      <tr>
        <td colspan="1" rowspan="1" class="indent2" width="20%">Other Info</td>
        <td colspan="1" rowspan="1" width="80%">The following pattern was used: \bQUERY\b and was detected 2 times, the first in the element starting with: "(window.webpackJsonpvtex_sae_analytics_2_13_0=window.webpackJsonpvtex_sae_analytics_2_13_0||[]).push([[0],[,,,function(e,t,n){"u", see evidence field for the suspicious comment/snippet.</td>
      </tr>
      <tr>
        <td colspan="1" rowspan="1" class="indent1" width="20%">URL</td>
        <td colspan="1" rowspan="1" width="80%">
          <a shape="rect" href="https://fairplaybo.vtexassets.com/_v/public/assets/v1/published/bundle/public/react/asset.min.js?v=1&amp;files=vtex.render-runtime@8.134.2,LayoutContainer&amp;files=vtex.device-detector@0.2.6,common,useDevice,withDevice&amp;files=vtex.css-handles@0.4.4,common,useCssHandles,applyModifiers&amp;files=vtex.styleguide@9.146.9,common,0,Button,ButtonWithIcon,19,ToastContext,ToastProvider,1,Input,InputSearch,Spinner,IconClock,IconClose&amp;workspace=master">https://fairplaybo.vtexassets.com/_v/public/assets/v1/published/bundle/public/react/asset.min.js?v=1&amp;files=vtex.render-runtime@8.134.2,LayoutContainer&amp;files=vtex.device-detector@0.2.6,common,useDevice,withDevice&amp;files=vtex.css-handles@0.4.4,common,useCssHandles,applyModifiers&amp;files=vtex.styleguide@9.146.9,common,0,Button,ButtonWithIcon,19,ToastContext,ToastProvider,1,Input,InputSearch,Spinner,IconClock,IconClose&amp;workspace=master</a>
        </td>
      </tr>
      <tr>
        <td colspan="1" rowspan="1" class="indent2" width="20%">Method</td>
        <td colspan="1" rowspan="1" width="80%">GET</td>
      </tr>
      <tr>
        <td colspan="1" rowspan="1" class="indent2" width="20%">Parameter</td>
        <td colspan="1" rowspan="1" width="80%"/>
      </tr>
      <tr>
        <td colspan="1" rowspan="1" class="indent2" width="20%">Attack</td>
        <td colspan="1" rowspan="1" width="80%"/>
      </tr>
      <tr>
        <td colspan="1" rowspan="1" class="indent2" width="20%">Evidence</td>
        <td colspan="1" rowspan="1" width="80%">db</td>
      </tr>
      <tr>
        <td colspan="1" rowspan="1" class="indent2" width="20%">Other Info</td>
        <td colspan="1" rowspan="1" width="80%">The following pattern was used: \bDB\b and was detected 7 times, the first in the element starting with: "(window.webpackJsonpvtex_styleguide_9_146_9=window.webpackJsonpvtex_styleguide_9_146_9||[]).push([[0],{2:function(e,t,n){"use st", see evidence field for the suspicious comment/snippet.</td>
      </tr>
      <tr>
        <td colspan="1" rowspan="1" class="indent1" width="20%">URL</td>
        <td colspan="1" rowspan="1" width="80%">
          <a shape="rect" href="https://fairplaybo.vtexassets.com/_v/public/assets/v1/published/bundle/public/react/asset.min.js?v=1&amp;files=vtex.render-runtime@8.134.2,LayoutContainer&amp;files=vtex.device-detector@0.2.6,common,useDevice,withDevice&amp;files=vtex.css-handles@0.4.4,common,useCssHandles,applyModifiers&amp;files=vtex.styleguide@9.146.9,common,0,Button,ButtonWithIcon,19,ToastContext,ToastProvider,1,Input,InputSearch,Spinner,IconClock,IconClose&amp;workspace=master">https://fairplaybo.vtexassets.com/_v/public/assets/v1/published/bundle/public/react/asset.min.js?v=1&amp;files=vtex.render-runtime@8.134.2,LayoutContainer&amp;files=vtex.device-detector@0.2.6,common,useDevice,withDevice&amp;files=vtex.css-handles@0.4.4,common,useCssHandles,applyModifiers&amp;files=vtex.styleguide@9.146.9,common,0,Button,ButtonWithIcon,19,ToastContext,ToastProvider,1,Input,InputSearch,Spinner,IconClock,IconClose&amp;workspace=master</a>
        </td>
      </tr>
      <tr>
        <td colspan="1" rowspan="1" class="indent2" width="20%">Method</td>
        <td colspan="1" rowspan="1" width="80%">GET</td>
      </tr>
      <tr>
        <td colspan="1" rowspan="1" class="indent2" width="20%">Parameter</td>
        <td colspan="1" rowspan="1" width="80%"/>
      </tr>
      <tr>
        <td colspan="1" rowspan="1" class="indent2" width="20%">Attack</td>
        <td colspan="1" rowspan="1" width="80%"/>
      </tr>
      <tr>
        <td colspan="1" rowspan="1" class="indent2" width="20%">Evidence</td>
        <td colspan="1" rowspan="1" width="80%">from</td>
      </tr>
      <tr>
        <td colspan="1" rowspan="1" class="indent2" width="20%">Other Info</td>
        <td colspan="1" rowspan="1" width="80%">The following pattern was used: \bFROM\b and was detected 4 times, the first in the element starting with: "!function(e){function t(t){for(var n,a,u=t[0],c=t[1],l=t[2],s=0,d=[];s&lt;u.length;s++)a=u[s],Object.prototype.hasOwnProperty.call(", see evidence field for the suspicious comment/snippet.</td>
      </tr>
      <tr>
        <td colspan="1" rowspan="1" class="indent1" width="20%">URL</td>
        <td colspan="1" rowspan="1" width="80%">
          <a shape="rect" href="https://fairplaybo.vtexassets.com/_v/public/assets/v1/published/bundle/public/react/asset.min.js?v=1&amp;files=vtex.search@1.5.1,0,Autocomplete&amp;workspace=master">https://fairplaybo.vtexassets.com/_v/public/assets/v1/published/bundle/public/react/asset.min.js?v=1&amp;files=vtex.search@1.5.1,0,Autocomplete&amp;workspace=master</a>
        </td>
      </tr>
      <tr>
        <td colspan="1" rowspan="1" class="indent2" width="20%">Method</td>
        <td colspan="1" rowspan="1" width="80%">GET</td>
      </tr>
      <tr>
        <td colspan="1" rowspan="1" class="indent2" width="20%">Parameter</td>
        <td colspan="1" rowspan="1" width="80%"/>
      </tr>
      <tr>
        <td colspan="1" rowspan="1" class="indent2" width="20%">Attack</td>
        <td colspan="1" rowspan="1" width="80%"/>
      </tr>
      <tr>
        <td colspan="1" rowspan="1" class="indent2" width="20%">Evidence</td>
        <td colspan="1" rowspan="1" width="80%">query</td>
      </tr>
      <tr>
        <td colspan="1" rowspan="1" class="indent2" width="20%">Other Info</td>
        <td colspan="1" rowspan="1" width="80%">The following pattern was used: \bQUERY\b and was detected 2 times, the first in the element starting with: "(window.webpackJsonpvtex_search_1_5_1=window.webpackJsonpvtex_search_1_5_1||[]).push([[0],{20:function(e,n,i){"use strict";i.d(n", see evidence field for the suspicious comment/snippet.</td>
      </tr>
      <tr>
        <td colspan="1" rowspan="1" class="indent1" width="20%">URL</td>
        <td colspan="1" rowspan="1" width="80%">
          <a shape="rect" href="https://fairplaybo.vtexassets.com/_v/public/assets/v1/published/bundle/public/react/asset.min.js?v=1&amp;files=vtex.store-components@3.171.0,4,SearchBar,CollectionBadges,DiscountBadge,ProductName&amp;files=vtex.store@2.134.0,common,HomeWrapper,0,StoreWrapper,Fold&amp;files=fairplaybo.m3-custom@0.0.113,common,FreeShippingStatusVariables,MyAccountCustom,RemoveZoomIos,CustomSliderList,0,FlagCollectionCustom,WishlistCustom,FlexList,CustomFlagCollections,CustomNameProduct&amp;workspace=master">https://fairplaybo.vtexassets.com/_v/public/assets/v1/published/bundle/public/react/asset.min.js?v=1&amp;files=vtex.store-components@3.171.0,4,SearchBar,CollectionBadges,DiscountBadge,ProductName&amp;files=vtex.store@2.134.0,common,HomeWrapper,0,StoreWrapper,Fold&amp;files=fairplaybo.m3-custom@0.0.113,common,FreeShippingStatusVariables,MyAccountCustom,RemoveZoomIos,CustomSliderList,0,FlagCollectionCustom,WishlistCustom,FlexList,CustomFlagCollections,CustomNameProduct&amp;workspace=master</a>
        </td>
      </tr>
      <tr>
        <td colspan="1" rowspan="1" class="indent2" width="20%">Method</td>
        <td colspan="1" rowspan="1" width="80%">GET</td>
      </tr>
      <tr>
        <td colspan="1" rowspan="1" class="indent2" width="20%">Parameter</td>
        <td colspan="1" rowspan="1" width="80%"/>
      </tr>
      <tr>
        <td colspan="1" rowspan="1" class="indent2" width="20%">Attack</td>
        <td colspan="1" rowspan="1" width="80%"/>
      </tr>
      <tr>
        <td colspan="1" rowspan="1" class="indent2" width="20%">Evidence</td>
        <td colspan="1" rowspan="1" width="80%">bugs</td>
      </tr>
      <tr>
        <td colspan="1" rowspan="1" class="indent2" width="20%">Other Info</td>
        <td colspan="1" rowspan="1" width="80%">The following pattern was used: \bBUGS\b and was detected in the element starting with: "(window.webpackJsonpfairplaybo_m3_custom_0_0_113=window.webpackJsonpfairplaybo_m3_custom_0_0_113||[]).push([[0],{153:function(e,", see evidence field for the suspicious comment/snippet.</td>
      </tr>
      <tr>
        <td colspan="1" rowspan="1" class="indent1" width="20%">URL</td>
        <td colspan="1" rowspan="1" width="80%">
          <a shape="rect" href="https://fairplaybo.vtexassets.com/_v/public/assets/v1/published/bundle/public/react/asset.min.js?v=1&amp;files=vtex.store-components@3.171.0,4,SearchBar,CollectionBadges,DiscountBadge,ProductName&amp;files=vtex.store@2.134.0,common,HomeWrapper,0,StoreWrapper,Fold&amp;files=fairplaybo.m3-custom@0.0.113,common,FreeShippingStatusVariables,MyAccountCustom,RemoveZoomIos,CustomSliderList,0,FlagCollectionCustom,WishlistCustom,FlexList,CustomFlagCollections,CustomNameProduct&amp;workspace=master">https://fairplaybo.vtexassets.com/_v/public/assets/v1/published/bundle/public/react/asset.min.js?v=1&amp;files=vtex.store-components@3.171.0,4,SearchBar,CollectionBadges,DiscountBadge,ProductName&amp;files=vtex.store@2.134.0,common,HomeWrapper,0,StoreWrapper,Fold&amp;files=fairplaybo.m3-custom@0.0.113,common,FreeShippingStatusVariables,MyAccountCustom,RemoveZoomIos,CustomSliderList,0,FlagCollectionCustom,WishlistCustom,FlexList,CustomFlagCollections,CustomNameProduct&amp;workspace=master</a>
        </td>
      </tr>
      <tr>
        <td colspan="1" rowspan="1" class="indent2" width="20%">Method</td>
        <td colspan="1" rowspan="1" width="80%">GET</td>
      </tr>
      <tr>
        <td colspan="1" rowspan="1" class="indent2" width="20%">Parameter</td>
        <td colspan="1" rowspan="1" width="80%"/>
      </tr>
      <tr>
        <td colspan="1" rowspan="1" class="indent2" width="20%">Attack</td>
        <td colspan="1" rowspan="1" width="80%"/>
      </tr>
      <tr>
        <td colspan="1" rowspan="1" class="indent2" width="20%">Evidence</td>
        <td colspan="1" rowspan="1" width="80%">db</td>
      </tr>
      <tr>
        <td colspan="1" rowspan="1" class="indent2" width="20%">Other Info</td>
        <td colspan="1" rowspan="1" width="80%">The following pattern was used: \bDB\b and was detected in the element starting with: "(window.webpackJsonpvtex_store_components_3_171_0=window.webpackJsonpvtex_store_components_3_171_0||[]).push([["ProductName"],{0", see evidence field for the suspicious comment/snippet.</td>
      </tr>
      <tr>
        <td colspan="1" rowspan="1" class="indent1" width="20%">URL</td>
        <td colspan="1" rowspan="1" width="80%">
          <a shape="rect" href="https://fairplaybo.vtexassets.com/_v/public/assets/v1/published/bundle/public/react/asset.min.js?v=1&amp;files=vtex.store-components@3.171.0,4,SearchBar,CollectionBadges,DiscountBadge,ProductName&amp;files=vtex.store@2.134.0,common,HomeWrapper,0,StoreWrapper,Fold&amp;files=fairplaybo.m3-custom@0.0.113,common,FreeShippingStatusVariables,MyAccountCustom,RemoveZoomIos,CustomSliderList,0,FlagCollectionCustom,WishlistCustom,FlexList,CustomFlagCollections,CustomNameProduct&amp;workspace=master">https://fairplaybo.vtexassets.com/_v/public/assets/v1/published/bundle/public/react/asset.min.js?v=1&amp;files=vtex.store-components@3.171.0,4,SearchBar,CollectionBadges,DiscountBadge,ProductName&amp;files=vtex.store@2.134.0,common,HomeWrapper,0,StoreWrapper,Fold&amp;files=fairplaybo.m3-custom@0.0.113,common,FreeShippingStatusVariables,MyAccountCustom,RemoveZoomIos,CustomSliderList,0,FlagCollectionCustom,WishlistCustom,FlexList,CustomFlagCollections,CustomNameProduct&amp;workspace=master</a>
        </td>
      </tr>
      <tr>
        <td colspan="1" rowspan="1" class="indent2" width="20%">Method</td>
        <td colspan="1" rowspan="1" width="80%">GET</td>
      </tr>
      <tr>
        <td colspan="1" rowspan="1" class="indent2" width="20%">Parameter</td>
        <td colspan="1" rowspan="1" width="80%"/>
      </tr>
      <tr>
        <td colspan="1" rowspan="1" class="indent2" width="20%">Attack</td>
        <td colspan="1" rowspan="1" width="80%"/>
      </tr>
      <tr>
        <td colspan="1" rowspan="1" class="indent2" width="20%">Evidence</td>
        <td colspan="1" rowspan="1" width="80%">from</td>
      </tr>
      <tr>
        <td colspan="1" rowspan="1" class="indent2" width="20%">Other Info</td>
        <td colspan="1" rowspan="1" width="80%">The following pattern was used: \bFROM\b and was detected 2 times, the first in the element starting with: "!function(t){function e(e){for(var r,u,c=e[0],a=e[1],f=e[2],s=0,p=[];s&lt;c.length;s++)u=c[s],Object.prototype.hasOwnProperty.call(", see evidence field for the suspicious comment/snippet.</td>
      </tr>
      <tr>
        <td colspan="1" rowspan="1" class="indent1" width="20%">URL</td>
        <td colspan="1" rowspan="1" width="80%">
          <a shape="rect" href="https://fairplaybo.vtexassets.com/_v/public/assets/v1/published/bundle/public/react/asset.min.js?v=1&amp;files=vtex.store-components@3.171.0,4,SearchBar,CollectionBadges,DiscountBadge,ProductName&amp;files=vtex.store@2.134.0,common,HomeWrapper,0,StoreWrapper,Fold&amp;files=fairplaybo.m3-custom@0.0.113,common,FreeShippingStatusVariables,MyAccountCustom,RemoveZoomIos,CustomSliderList,0,FlagCollectionCustom,WishlistCustom,FlexList,CustomFlagCollections,CustomNameProduct&amp;workspace=master">https://fairplaybo.vtexassets.com/_v/public/assets/v1/published/bundle/public/react/asset.min.js?v=1&amp;files=vtex.store-components@3.171.0,4,SearchBar,CollectionBadges,DiscountBadge,ProductName&amp;files=vtex.store@2.134.0,common,HomeWrapper,0,StoreWrapper,Fold&amp;files=fairplaybo.m3-custom@0.0.113,common,FreeShippingStatusVariables,MyAccountCustom,RemoveZoomIos,CustomSliderList,0,FlagCollectionCustom,WishlistCustom,FlexList,CustomFlagCollections,CustomNameProduct&amp;workspace=master</a>
        </td>
      </tr>
      <tr>
        <td colspan="1" rowspan="1" class="indent2" width="20%">Method</td>
        <td colspan="1" rowspan="1" width="80%">GET</td>
      </tr>
      <tr>
        <td colspan="1" rowspan="1" class="indent2" width="20%">Parameter</td>
        <td colspan="1" rowspan="1" width="80%"/>
      </tr>
      <tr>
        <td colspan="1" rowspan="1" class="indent2" width="20%">Attack</td>
        <td colspan="1" rowspan="1" width="80%"/>
      </tr>
      <tr>
        <td colspan="1" rowspan="1" class="indent2" width="20%">Evidence</td>
        <td colspan="1" rowspan="1" width="80%">query</td>
      </tr>
      <tr>
        <td colspan="1" rowspan="1" class="indent2" width="20%">Other Info</td>
        <td colspan="1" rowspan="1" width="80%">The following pattern was used: \bQUERY\b and was detected 5 times, the first in the element starting with: "(window.webpackJsonpvtex_store_components_3_171_0=window.webpackJsonpvtex_store_components_3_171_0||[]).push([[4],{112:function(", see evidence field for the suspicious comment/snippet.</td>
      </tr>
      <tr>
        <td colspan="1" rowspan="1" class="indent1" width="20%">URL</td>
        <td colspan="1" rowspan="1" width="80%">
          <a shape="rect" href="https://fairplaybo.vtexassets.com/_v/public/assets/v1/published/bundle/public/react/asset.min.js?v=1&amp;files=vtex.store-components@3.171.0,4,SearchBar,CollectionBadges,DiscountBadge,ProductName&amp;files=vtex.store@2.134.0,common,HomeWrapper,0,StoreWrapper,Fold&amp;files=fairplaybo.m3-custom@0.0.113,common,FreeShippingStatusVariables,MyAccountCustom,RemoveZoomIos,CustomSliderList,0,FlagCollectionCustom,WishlistCustom,FlexList,CustomFlagCollections,CustomNameProduct&amp;workspace=master">https://fairplaybo.vtexassets.com/_v/public/assets/v1/published/bundle/public/react/asset.min.js?v=1&amp;files=vtex.store-components@3.171.0,4,SearchBar,CollectionBadges,DiscountBadge,ProductName&amp;files=vtex.store@2.134.0,common,HomeWrapper,0,StoreWrapper,Fold&amp;files=fairplaybo.m3-custom@0.0.113,common,FreeShippingStatusVariables,MyAccountCustom,RemoveZoomIos,CustomSliderList,0,FlagCollectionCustom,WishlistCustom,FlexList,CustomFlagCollections,CustomNameProduct&amp;workspace=master</a>
        </td>
      </tr>
      <tr>
        <td colspan="1" rowspan="1" class="indent2" width="20%">Method</td>
        <td colspan="1" rowspan="1" width="80%">GET</td>
      </tr>
      <tr>
        <td colspan="1" rowspan="1" class="indent2" width="20%">Parameter</td>
        <td colspan="1" rowspan="1" width="80%"/>
      </tr>
      <tr>
        <td colspan="1" rowspan="1" class="indent2" width="20%">Attack</td>
        <td colspan="1" rowspan="1" width="80%"/>
      </tr>
      <tr>
        <td colspan="1" rowspan="1" class="indent2" width="20%">Evidence</td>
        <td colspan="1" rowspan="1" width="80%">user</td>
      </tr>
      <tr>
        <td colspan="1" rowspan="1" class="indent2" width="20%">Other Info</td>
        <td colspan="1" rowspan="1" width="80%">The following pattern was used: \bUSER\b and was detected in the element starting with: "(window.webpackJsonpfairplaybo_m3_custom_0_0_113=window.webpackJsonpfairplaybo_m3_custom_0_0_113||[]).push([["RemoveZoomIos"],{0", see evidence field for the suspicious comment/snippet.</td>
      </tr>
      <tr>
        <td colspan="1" rowspan="1" class="indent1" width="20%">URL</td>
        <td colspan="1" rowspan="1" width="80%">
          <a shape="rect" href="https://fairplaybo.vtexassets.com/_v/public/assets/v1/published/bundle/public/react/asset.min.js?v=1&amp;files=vtex.store-icons@0.18.0,IconCaret,IconClose,Icon,IconArrowBack,IconEyeSight,IconProfile,IconMenu,IconCart&amp;files=vtex.stack-layout@0.1.0,index&amp;files=vtex.react-portal@0.4.1,common,0,Overlay&amp;files=vtex.native-types@0.10.1,common,IOMessage,formatIOMessage,IOMessageWithMarkers&amp;files=vtex.store-resources@0.93.0,common,0,MutationAddToCart,1,MutationUpdateItems&amp;workspace=master">https://fairplaybo.vtexassets.com/_v/public/assets/v1/published/bundle/public/react/asset.min.js?v=1&amp;files=vtex.store-icons@0.18.0,IconCaret,IconClose,Icon,IconArrowBack,IconEyeSight,IconProfile,IconMenu,IconCart&amp;files=vtex.stack-layout@0.1.0,index&amp;files=vtex.react-portal@0.4.1,common,0,Overlay&amp;files=vtex.native-types@0.10.1,common,IOMessage,formatIOMessage,IOMessageWithMarkers&amp;files=vtex.store-resources@0.93.0,common,0,MutationAddToCart,1,MutationUpdateItems&amp;workspace=master</a>
        </td>
      </tr>
      <tr>
        <td colspan="1" rowspan="1" class="indent2" width="20%">Method</td>
        <td colspan="1" rowspan="1" width="80%">GET</td>
      </tr>
      <tr>
        <td colspan="1" rowspan="1" class="indent2" width="20%">Parameter</td>
        <td colspan="1" rowspan="1" width="80%"/>
      </tr>
      <tr>
        <td colspan="1" rowspan="1" class="indent2" width="20%">Attack</td>
        <td colspan="1" rowspan="1" width="80%"/>
      </tr>
      <tr>
        <td colspan="1" rowspan="1" class="indent2" width="20%">Evidence</td>
        <td colspan="1" rowspan="1" width="80%">admin</td>
      </tr>
      <tr>
        <td colspan="1" rowspan="1" class="indent2" width="20%">Other Info</td>
        <td colspan="1" rowspan="1" width="80%">The following pattern was used: \bADMIN\b and was detected in the element starting with: "!function(e){var t={};function n(o){if(t[o])return t[o].exports;var r=t[o]={i:o,l:!1,exports:{}};return e[o].call(r.exports,r,r.", see evidence field for the suspicious comment/snippet.</td>
      </tr>
      <tr>
        <td colspan="1" rowspan="1" class="indent1" width="20%">URL</td>
        <td colspan="1" rowspan="1" width="80%">
          <a shape="rect" href="https://fairplaybo.vtexassets.com/_v/public/assets/v1/published/bundle/public/react/asset.min.js?v=1&amp;files=vtex.store-icons@0.18.0,IconCaret,IconClose,Icon,IconArrowBack,IconEyeSight,IconProfile,IconMenu,IconCart&amp;files=vtex.stack-layout@0.1.0,index&amp;files=vtex.react-portal@0.4.1,common,0,Overlay&amp;files=vtex.native-types@0.10.1,common,IOMessage,formatIOMessage,IOMessageWithMarkers&amp;files=vtex.store-resources@0.93.0,common,0,MutationAddToCart,1,MutationUpdateItems&amp;workspace=master">https://fairplaybo.vtexassets.com/_v/public/assets/v1/published/bundle/public/react/asset.min.js?v=1&amp;files=vtex.store-icons@0.18.0,IconCaret,IconClose,Icon,IconArrowBack,IconEyeSight,IconProfile,IconMenu,IconCart&amp;files=vtex.stack-layout@0.1.0,index&amp;files=vtex.react-portal@0.4.1,common,0,Overlay&amp;files=vtex.native-types@0.10.1,common,IOMessage,formatIOMessage,IOMessageWithMarkers&amp;files=vtex.store-resources@0.93.0,common,0,MutationAddToCart,1,MutationUpdateItems&amp;workspace=master</a>
        </td>
      </tr>
      <tr>
        <td colspan="1" rowspan="1" class="indent2" width="20%">Method</td>
        <td colspan="1" rowspan="1" width="80%">GET</td>
      </tr>
      <tr>
        <td colspan="1" rowspan="1" class="indent2" width="20%">Parameter</td>
        <td colspan="1" rowspan="1" width="80%"/>
      </tr>
      <tr>
        <td colspan="1" rowspan="1" class="indent2" width="20%">Attack</td>
        <td colspan="1" rowspan="1" width="80%"/>
      </tr>
      <tr>
        <td colspan="1" rowspan="1" class="indent2" width="20%">Evidence</td>
        <td colspan="1" rowspan="1" width="80%">from</td>
      </tr>
      <tr>
        <td colspan="1" rowspan="1" class="indent2" width="20%">Other Info</td>
        <td colspan="1" rowspan="1" width="80%">The following pattern was used: \bFROM\b and was detected 2 times, the first in the element starting with: "!function(e){function t(t){for(var n,a,u=t[0],c=t[1],l=t[2],d=0,p=[];d&lt;u.length;d++)a=u[d],Object.prototype.hasOwnProperty.call(", see evidence field for the suspicious comment/snippet.</td>
      </tr>
      <tr>
        <td colspan="1" rowspan="1" class="indent1" width="20%">URL</td>
        <td colspan="1" rowspan="1" width="80%">
          <a shape="rect" href="https://fairplaybo.vtexassets.com/_v/public/assets/v1/published/bundle/public/react/asset.min.js?v=1&amp;files=vtex.store-link@0.9.3,0,StoreLink&amp;files=vtex.product-highlights@2.3.0,common,ProductHighlights,ProductHighlightText&amp;files=vtex.order-items@0.13.23,common,0,OrderItems&amp;files=vtex.product-price@1.31.0,common,ListPrice,SellingPrice&amp;files=vtex.formatted-price@0.7.0,common,FormattedPrice&amp;files=vtex.minicart@2.67.1,common,Minicart&amp;files=vtex.store-components@3.171.0,common,Container,Newsletter,Image,Logo,10&amp;workspace=master">https://fairplaybo.vtexassets.com/_v/public/assets/v1/published/bundle/public/react/asset.min.js?v=1&amp;files=vtex.store-link@0.9.3,0,StoreLink&amp;files=vtex.product-highlights@2.3.0,common,ProductHighlights,ProductHighlightText&amp;files=vtex.order-items@0.13.23,common,0,OrderItems&amp;files=vtex.product-price@1.31.0,common,ListPrice,SellingPrice&amp;files=vtex.formatted-price@0.7.0,common,FormattedPrice&amp;files=vtex.minicart@2.67.1,common,Minicart&amp;files=vtex.store-components@3.171.0,common,Container,Newsletter,Image,Logo,10&amp;workspace=master</a>
        </td>
      </tr>
      <tr>
        <td colspan="1" rowspan="1" class="indent2" width="20%">Method</td>
        <td colspan="1" rowspan="1" width="80%">GET</td>
      </tr>
      <tr>
        <td colspan="1" rowspan="1" class="indent2" width="20%">Parameter</td>
        <td colspan="1" rowspan="1" width="80%"/>
      </tr>
      <tr>
        <td colspan="1" rowspan="1" class="indent2" width="20%">Attack</td>
        <td colspan="1" rowspan="1" width="80%"/>
      </tr>
      <tr>
        <td colspan="1" rowspan="1" class="indent2" width="20%">Evidence</td>
        <td colspan="1" rowspan="1" width="80%">admin</td>
      </tr>
      <tr>
        <td colspan="1" rowspan="1" class="indent2" width="20%">Other Info</td>
        <td colspan="1" rowspan="1" width="80%">The following pattern was used: \bADMIN\b and was detected 7 times, the first in the element starting with: "(window.webpackJsonpvtex_store_link_0_9_3=window.webpackJsonpvtex_store_link_0_9_3||[]).push([[0],[,,,,function(e,n,t){"use stri", see evidence field for the suspicious comment/snippet.</td>
      </tr>
      <tr>
        <td colspan="1" rowspan="1" class="indent1" width="20%">URL</td>
        <td colspan="1" rowspan="1" width="80%">
          <a shape="rect" href="https://fairplaybo.vtexassets.com/_v/public/assets/v1/published/bundle/public/react/asset.min.js?v=1&amp;files=vtex.store-link@0.9.3,0,StoreLink&amp;files=vtex.product-highlights@2.3.0,common,ProductHighlights,ProductHighlightText&amp;files=vtex.order-items@0.13.23,common,0,OrderItems&amp;files=vtex.product-price@1.31.0,common,ListPrice,SellingPrice&amp;files=vtex.formatted-price@0.7.0,common,FormattedPrice&amp;files=vtex.minicart@2.67.1,common,Minicart&amp;files=vtex.store-components@3.171.0,common,Container,Newsletter,Image,Logo,10&amp;workspace=master">https://fairplaybo.vtexassets.com/_v/public/assets/v1/published/bundle/public/react/asset.min.js?v=1&amp;files=vtex.store-link@0.9.3,0,StoreLink&amp;files=vtex.product-highlights@2.3.0,common,ProductHighlights,ProductHighlightText&amp;files=vtex.order-items@0.13.23,common,0,OrderItems&amp;files=vtex.product-price@1.31.0,common,ListPrice,SellingPrice&amp;files=vtex.formatted-price@0.7.0,common,FormattedPrice&amp;files=vtex.minicart@2.67.1,common,Minicart&amp;files=vtex.store-components@3.171.0,common,Container,Newsletter,Image,Logo,10&amp;workspace=master</a>
        </td>
      </tr>
      <tr>
        <td colspan="1" rowspan="1" class="indent2" width="20%">Method</td>
        <td colspan="1" rowspan="1" width="80%">GET</td>
      </tr>
      <tr>
        <td colspan="1" rowspan="1" class="indent2" width="20%">Parameter</td>
        <td colspan="1" rowspan="1" width="80%"/>
      </tr>
      <tr>
        <td colspan="1" rowspan="1" class="indent2" width="20%">Attack</td>
        <td colspan="1" rowspan="1" width="80%"/>
      </tr>
      <tr>
        <td colspan="1" rowspan="1" class="indent2" width="20%">Evidence</td>
        <td colspan="1" rowspan="1" width="80%">from</td>
      </tr>
      <tr>
        <td colspan="1" rowspan="1" class="indent2" width="20%">Other Info</td>
        <td colspan="1" rowspan="1" width="80%">The following pattern was used: \bFROM\b and was detected 4 times, the first in the element starting with: "!function(e){function t(t){for(var n,u,a=t[0],c=t[1],l=t[2],f=0,s=[];f&lt;a.length;f++)u=a[f],Object.prototype.hasOwnProperty.call(", see evidence field for the suspicious comment/snippet.</td>
      </tr>
      <tr>
        <td colspan="1" rowspan="1" class="indent1" width="20%">URL</td>
        <td colspan="1" rowspan="1" width="80%">
          <a shape="rect" href="https://fairplaybo.vtexassets.com/_v/public/assets/v1/published/bundle/public/react/asset.min.js?v=1&amp;files=vtex.store-link@0.9.3,0,StoreLink&amp;files=vtex.product-highlights@2.3.0,common,ProductHighlights,ProductHighlightText&amp;files=vtex.order-items@0.13.23,common,0,OrderItems&amp;files=vtex.product-price@1.31.0,common,ListPrice,SellingPrice&amp;files=vtex.formatted-price@0.7.0,common,FormattedPrice&amp;files=vtex.minicart@2.67.1,common,Minicart&amp;files=vtex.store-components@3.171.0,common,Container,Newsletter,Image,Logo,10&amp;workspace=master">https://fairplaybo.vtexassets.com/_v/public/assets/v1/published/bundle/public/react/asset.min.js?v=1&amp;files=vtex.store-link@0.9.3,0,StoreLink&amp;files=vtex.product-highlights@2.3.0,common,ProductHighlights,ProductHighlightText&amp;files=vtex.order-items@0.13.23,common,0,OrderItems&amp;files=vtex.product-price@1.31.0,common,ListPrice,SellingPrice&amp;files=vtex.formatted-price@0.7.0,common,FormattedPrice&amp;files=vtex.minicart@2.67.1,common,Minicart&amp;files=vtex.store-components@3.171.0,common,Container,Newsletter,Image,Logo,10&amp;workspace=master</a>
        </td>
      </tr>
      <tr>
        <td colspan="1" rowspan="1" class="indent2" width="20%">Method</td>
        <td colspan="1" rowspan="1" width="80%">GET</td>
      </tr>
      <tr>
        <td colspan="1" rowspan="1" class="indent2" width="20%">Parameter</td>
        <td colspan="1" rowspan="1" width="80%"/>
      </tr>
      <tr>
        <td colspan="1" rowspan="1" class="indent2" width="20%">Attack</td>
        <td colspan="1" rowspan="1" width="80%"/>
      </tr>
      <tr>
        <td colspan="1" rowspan="1" class="indent2" width="20%">Evidence</td>
        <td colspan="1" rowspan="1" width="80%">select</td>
      </tr>
      <tr>
        <td colspan="1" rowspan="1" class="indent2" width="20%">Other Info</td>
        <td colspan="1" rowspan="1" width="80%">The following pattern was used: \bSELECT\b and was detected in the element starting with: "(window.webpackJsonpvtex_store_components_3_171_0=window.webpackJsonpvtex_store_components_3_171_0||[]).push([[10],{100:function", see evidence field for the suspicious comment/snippet.</td>
      </tr>
      <tr>
        <td colspan="1" rowspan="1" class="indent1" width="20%">URL</td>
        <td colspan="1" rowspan="1" width="80%">
          <a shape="rect" href="https://fairplaybo.vtexassets.com/_v/public/assets/v1/published/bundle/public/react/asset.min.js?v=1&amp;files=vtex.store-resources@0.93.0,MutationUpdateOrderFormCheckin,MutationUpdateOrderFormProfile,MutationUpdateOrderFormShipping,OrderFormContext,PWAContext,3,QueryOrderForm,8,QueryProducts,QueryItemsWithSimulation&amp;files=vtex.product-list-context@0.4.1,common,ProductListContext,useProductImpression&amp;files=vtex.order-manager@0.12.0,common,0,OrderForm,OrderQueue&amp;files=vtex.format-currency@0.4.1,common,FormattedCurrency,formatCurrency&amp;files=vtex.wish-list@1.16.2,common&amp;workspace=master">https://fairplaybo.vtexassets.com/_v/public/assets/v1/published/bundle/public/react/asset.min.js?v=1&amp;files=vtex.store-resources@0.93.0,MutationUpdateOrderFormCheckin,MutationUpdateOrderFormProfile,MutationUpdateOrderFormShipping,OrderFormContext,PWAContext,3,QueryOrderForm,8,QueryProducts,QueryItemsWithSimulation&amp;files=vtex.product-list-context@0.4.1,common,ProductListContext,useProductImpression&amp;files=vtex.order-manager@0.12.0,common,0,OrderForm,OrderQueue&amp;files=vtex.format-currency@0.4.1,common,FormattedCurrency,formatCurrency&amp;files=vtex.wish-list@1.16.2,common&amp;workspace=master</a>
        </td>
      </tr>
      <tr>
        <td colspan="1" rowspan="1" class="indent2" width="20%">Method</td>
        <td colspan="1" rowspan="1" width="80%">GET</td>
      </tr>
      <tr>
        <td colspan="1" rowspan="1" class="indent2" width="20%">Parameter</td>
        <td colspan="1" rowspan="1" width="80%"/>
      </tr>
      <tr>
        <td colspan="1" rowspan="1" class="indent2" width="20%">Attack</td>
        <td colspan="1" rowspan="1" width="80%"/>
      </tr>
      <tr>
        <td colspan="1" rowspan="1" class="indent2" width="20%">Evidence</td>
        <td colspan="1" rowspan="1" width="80%">from</td>
      </tr>
      <tr>
        <td colspan="1" rowspan="1" class="indent2" width="20%">Other Info</td>
        <td colspan="1" rowspan="1" width="80%">The following pattern was used: \bFROM\b and was detected 3 times, the first in the element starting with: "!function(e){function t(t){for(var n,u,c=t[0],a=t[1],l=t[2],f=0,s=[];f&lt;c.length;f++)u=c[f],Object.prototype.hasOwnProperty.call(", see evidence field for the suspicious comment/snippet.</td>
      </tr>
      <tr>
        <td colspan="1" rowspan="1" class="indent1" width="20%">URL</td>
        <td colspan="1" rowspan="1" width="80%">
          <a shape="rect" href="https://fairplaybo.vtexassets.com/_v/public/assets/v1/published/bundle/public/react/asset.min.js?v=1&amp;files=vtex.store-resources@0.93.0,MutationUpdateOrderFormCheckin,MutationUpdateOrderFormProfile,MutationUpdateOrderFormShipping,OrderFormContext,PWAContext,3,QueryOrderForm,8,QueryProducts,QueryItemsWithSimulation&amp;files=vtex.product-list-context@0.4.1,common,ProductListContext,useProductImpression&amp;files=vtex.order-manager@0.12.0,common,0,OrderForm,OrderQueue&amp;files=vtex.format-currency@0.4.1,common,FormattedCurrency,formatCurrency&amp;files=vtex.wish-list@1.16.2,common&amp;workspace=master">https://fairplaybo.vtexassets.com/_v/public/assets/v1/published/bundle/public/react/asset.min.js?v=1&amp;files=vtex.store-resources@0.93.0,MutationUpdateOrderFormCheckin,MutationUpdateOrderFormProfile,MutationUpdateOrderFormShipping,OrderFormContext,PWAContext,3,QueryOrderForm,8,QueryProducts,QueryItemsWithSimulation&amp;files=vtex.product-list-context@0.4.1,common,ProductListContext,useProductImpression&amp;files=vtex.order-manager@0.12.0,common,0,OrderForm,OrderQueue&amp;files=vtex.format-currency@0.4.1,common,FormattedCurrency,formatCurrency&amp;files=vtex.wish-list@1.16.2,common&amp;workspace=master</a>
        </td>
      </tr>
      <tr>
        <td colspan="1" rowspan="1" class="indent2" width="20%">Method</td>
        <td colspan="1" rowspan="1" width="80%">GET</td>
      </tr>
      <tr>
        <td colspan="1" rowspan="1" class="indent2" width="20%">Parameter</td>
        <td colspan="1" rowspan="1" width="80%"/>
      </tr>
      <tr>
        <td colspan="1" rowspan="1" class="indent2" width="20%">Attack</td>
        <td colspan="1" rowspan="1" width="80%"/>
      </tr>
      <tr>
        <td colspan="1" rowspan="1" class="indent2" width="20%">Evidence</td>
        <td colspan="1" rowspan="1" width="80%">query</td>
      </tr>
      <tr>
        <td colspan="1" rowspan="1" class="indent2" width="20%">Other Info</td>
        <td colspan="1" rowspan="1" width="80%">The following pattern was used: \bQUERY\b and was detected 5 times, the first in the element starting with: "(window.webpackJsonpvtex_store_resources_0_93_0=window.webpackJsonpvtex_store_resources_0_93_0||[]).push([["PWAContext"],{26:fun", see evidence field for the suspicious comment/snippet.</td>
      </tr>
      <tr>
        <td colspan="1" rowspan="1" class="indent1" width="20%">URL</td>
        <td colspan="1" rowspan="1" width="80%">
          <a shape="rect" href="https://fairplaybo.vtexassets.com/_v/public/assets/v1/published/bundle/public/react/asset.min.js?v=1&amp;files=vtex.wish-list@1.16.2,AddProductBtn&amp;files=vtex.product-summary-context@0.12.0,common,ProductSummaryContext&amp;files=vtex.slider-layout@0.24.4,common,SliderLayout&amp;files=vtex.store-drawer@0.17.0,common,Drawer&amp;files=vtex.login@2.57.3,common,1,Login&amp;files=vtex.store-image@0.20.0,common,0,ImageList,Image&amp;files=vtex.rich-text@0.16.0,index&amp;files=vtex.menu@2.35.1,common,0,Menu,MenuItem,Submenu&amp;files=vtex.store-link@0.9.3,common&amp;workspace=master">https://fairplaybo.vtexassets.com/_v/public/assets/v1/published/bundle/public/react/asset.min.js?v=1&amp;files=vtex.wish-list@1.16.2,AddProductBtn&amp;files=vtex.product-summary-context@0.12.0,common,ProductSummaryContext&amp;files=vtex.slider-layout@0.24.4,common,SliderLayout&amp;files=vtex.store-drawer@0.17.0,common,Drawer&amp;files=vtex.login@2.57.3,common,1,Login&amp;files=vtex.store-image@0.20.0,common,0,ImageList,Image&amp;files=vtex.rich-text@0.16.0,index&amp;files=vtex.menu@2.35.1,common,0,Menu,MenuItem,Submenu&amp;files=vtex.store-link@0.9.3,common&amp;workspace=master</a>
        </td>
      </tr>
      <tr>
        <td colspan="1" rowspan="1" class="indent2" width="20%">Method</td>
        <td colspan="1" rowspan="1" width="80%">GET</td>
      </tr>
      <tr>
        <td colspan="1" rowspan="1" class="indent2" width="20%">Parameter</td>
        <td colspan="1" rowspan="1" width="80%"/>
      </tr>
      <tr>
        <td colspan="1" rowspan="1" class="indent2" width="20%">Attack</td>
        <td colspan="1" rowspan="1" width="80%"/>
      </tr>
      <tr>
        <td colspan="1" rowspan="1" class="indent2" width="20%">Evidence</td>
        <td colspan="1" rowspan="1" width="80%">admin</td>
      </tr>
      <tr>
        <td colspan="1" rowspan="1" class="indent2" width="20%">Other Info</td>
        <td colspan="1" rowspan="1" width="80%">The following pattern was used: \bADMIN\b and was detected 7 times, the first in the element starting with: "(window.webpackJsonpvtex_slider_layout_0_24_4=window.webpackJsonpvtex_slider_layout_0_24_4||[]).push([["SliderLayout"],[function", see evidence field for the suspicious comment/snippet.</td>
      </tr>
      <tr>
        <td colspan="1" rowspan="1" class="indent1" width="20%">URL</td>
        <td colspan="1" rowspan="1" width="80%">
          <a shape="rect" href="https://fairplaybo.vtexassets.com/_v/public/assets/v1/published/bundle/public/react/asset.min.js?v=1&amp;files=vtex.wish-list@1.16.2,AddProductBtn&amp;files=vtex.product-summary-context@0.12.0,common,ProductSummaryContext&amp;files=vtex.slider-layout@0.24.4,common,SliderLayout&amp;files=vtex.store-drawer@0.17.0,common,Drawer&amp;files=vtex.login@2.57.3,common,1,Login&amp;files=vtex.store-image@0.20.0,common,0,ImageList,Image&amp;files=vtex.rich-text@0.16.0,index&amp;files=vtex.menu@2.35.1,common,0,Menu,MenuItem,Submenu&amp;files=vtex.store-link@0.9.3,common&amp;workspace=master">https://fairplaybo.vtexassets.com/_v/public/assets/v1/published/bundle/public/react/asset.min.js?v=1&amp;files=vtex.wish-list@1.16.2,AddProductBtn&amp;files=vtex.product-summary-context@0.12.0,common,ProductSummaryContext&amp;files=vtex.slider-layout@0.24.4,common,SliderLayout&amp;files=vtex.store-drawer@0.17.0,common,Drawer&amp;files=vtex.login@2.57.3,common,1,Login&amp;files=vtex.store-image@0.20.0,common,0,ImageList,Image&amp;files=vtex.rich-text@0.16.0,index&amp;files=vtex.menu@2.35.1,common,0,Menu,MenuItem,Submenu&amp;files=vtex.store-link@0.9.3,common&amp;workspace=master</a>
        </td>
      </tr>
      <tr>
        <td colspan="1" rowspan="1" class="indent2" width="20%">Method</td>
        <td colspan="1" rowspan="1" width="80%">GET</td>
      </tr>
      <tr>
        <td colspan="1" rowspan="1" class="indent2" width="20%">Parameter</td>
        <td colspan="1" rowspan="1" width="80%"/>
      </tr>
      <tr>
        <td colspan="1" rowspan="1" class="indent2" width="20%">Attack</td>
        <td colspan="1" rowspan="1" width="80%"/>
      </tr>
      <tr>
        <td colspan="1" rowspan="1" class="indent2" width="20%">Evidence</td>
        <td colspan="1" rowspan="1" width="80%">from</td>
      </tr>
      <tr>
        <td colspan="1" rowspan="1" class="indent2" width="20%">Other Info</td>
        <td colspan="1" rowspan="1" width="80%">The following pattern was used: \bFROM\b and was detected 7 times, the first in the element starting with: "!function(e){function t(t){for(var n,u,a=t[0],c=t[1],l=t[2],f=0,s=[];f&lt;a.length;f++)u=a[f],Object.prototype.hasOwnProperty.call(", see evidence field for the suspicious comment/snippet.</td>
      </tr>
      <tr>
        <td colspan="1" rowspan="1" class="indent1" width="20%">URL</td>
        <td colspan="1" rowspan="1" width="80%">
          <a shape="rect" href="https://fairplaybo.vtexassets.com/_v/public/assets/v1/published/bundle/public/react/asset.min.js?v=1&amp;files=vtex.wish-list@1.16.2,AddProductBtn&amp;files=vtex.product-summary-context@0.12.0,common,ProductSummaryContext&amp;files=vtex.slider-layout@0.24.4,common,SliderLayout&amp;files=vtex.store-drawer@0.17.0,common,Drawer&amp;files=vtex.login@2.57.3,common,1,Login&amp;files=vtex.store-image@0.20.0,common,0,ImageList,Image&amp;files=vtex.rich-text@0.16.0,index&amp;files=vtex.menu@2.35.1,common,0,Menu,MenuItem,Submenu&amp;files=vtex.store-link@0.9.3,common&amp;workspace=master">https://fairplaybo.vtexassets.com/_v/public/assets/v1/published/bundle/public/react/asset.min.js?v=1&amp;files=vtex.wish-list@1.16.2,AddProductBtn&amp;files=vtex.product-summary-context@0.12.0,common,ProductSummaryContext&amp;files=vtex.slider-layout@0.24.4,common,SliderLayout&amp;files=vtex.store-drawer@0.17.0,common,Drawer&amp;files=vtex.login@2.57.3,common,1,Login&amp;files=vtex.store-image@0.20.0,common,0,ImageList,Image&amp;files=vtex.rich-text@0.16.0,index&amp;files=vtex.menu@2.35.1,common,0,Menu,MenuItem,Submenu&amp;files=vtex.store-link@0.9.3,common&amp;workspace=master</a>
        </td>
      </tr>
      <tr>
        <td colspan="1" rowspan="1" class="indent2" width="20%">Method</td>
        <td colspan="1" rowspan="1" width="80%">GET</td>
      </tr>
      <tr>
        <td colspan="1" rowspan="1" class="indent2" width="20%">Parameter</td>
        <td colspan="1" rowspan="1" width="80%"/>
      </tr>
      <tr>
        <td colspan="1" rowspan="1" class="indent2" width="20%">Attack</td>
        <td colspan="1" rowspan="1" width="80%"/>
      </tr>
      <tr>
        <td colspan="1" rowspan="1" class="indent2" width="20%">Evidence</td>
        <td colspan="1" rowspan="1" width="80%">query</td>
      </tr>
      <tr>
        <td colspan="1" rowspan="1" class="indent2" width="20%">Other Info</td>
        <td colspan="1" rowspan="1" width="80%">The following pattern was used: \bQUERY\b and was detected 5 times, the first in the element starting with: "(window.webpackJsonpvtex_wish_list_1_16_2=window.webpackJsonpvtex_wish_list_1_16_2||[]).push([["AddProductBtn"],[function(e,i){e", see evidence field for the suspicious comment/snippet.</td>
      </tr>
      <tr>
        <td colspan="1" rowspan="1" class="indent1" width="20%">URL</td>
        <td colspan="1" rowspan="1" width="80%">
          <a shape="rect" href="https://fairplaybo.vtexassets.com/_v/public/assets/v1/published/vtex.render-runtime@8.134.2/public/react/apollo.min.js?workspace=master">https://fairplaybo.vtexassets.com/_v/public/assets/v1/published/vtex.render-runtime@8.134.2/public/react/apollo.min.js?workspace=master</a>
        </td>
      </tr>
      <tr>
        <td colspan="1" rowspan="1" class="indent2" width="20%">Method</td>
        <td colspan="1" rowspan="1" width="80%">GET</td>
      </tr>
      <tr>
        <td colspan="1" rowspan="1" class="indent2" width="20%">Parameter</td>
        <td colspan="1" rowspan="1" width="80%"/>
      </tr>
      <tr>
        <td colspan="1" rowspan="1" class="indent2" width="20%">Attack</td>
        <td colspan="1" rowspan="1" width="80%"/>
      </tr>
      <tr>
        <td colspan="1" rowspan="1" class="indent2" width="20%">Evidence</td>
        <td colspan="1" rowspan="1" width="80%">query</td>
      </tr>
      <tr>
        <td colspan="1" rowspan="1" class="indent2" width="20%">Other Info</td>
        <td colspan="1" rowspan="1" width="80%">The following pattern was used: \bQUERY\b and was detected in the element starting with: "(window.webpackJsonpvtex_render_runtime_8_134_2=window.webpackJsonpvtex_render_runtime_8_134_2||[]).push([["apollo"],{10:functio", see evidence field for the suspicious comment/snippet.</td>
      </tr>
      <tr>
        <td colspan="1" rowspan="1" class="indent1" width="20%">URL</td>
        <td colspan="1" rowspan="1" width="80%">
          <a shape="rect" href="https://fairplaybo.vtexassets.com/_v/public/assets/v1/published/vtex.render-runtime@8.134.2/public/react/common.min.js?workspace=master">https://fairplaybo.vtexassets.com/_v/public/assets/v1/published/vtex.render-runtime@8.134.2/public/react/common.min.js?workspace=master</a>
        </td>
      </tr>
      <tr>
        <td colspan="1" rowspan="1" class="indent2" width="20%">Method</td>
        <td colspan="1" rowspan="1" width="80%">GET</td>
      </tr>
      <tr>
        <td colspan="1" rowspan="1" class="indent2" width="20%">Parameter</td>
        <td colspan="1" rowspan="1" width="80%"/>
      </tr>
      <tr>
        <td colspan="1" rowspan="1" class="indent2" width="20%">Attack</td>
        <td colspan="1" rowspan="1" width="80%"/>
      </tr>
      <tr>
        <td colspan="1" rowspan="1" class="indent2" width="20%">Evidence</td>
        <td colspan="1" rowspan="1" width="80%">query</td>
      </tr>
      <tr>
        <td colspan="1" rowspan="1" class="indent2" width="20%">Other Info</td>
        <td colspan="1" rowspan="1" width="80%">The following pattern was used: \bQUERY\b and was detected in the element starting with: "!function(e){function t(t){for(var r,a,s=t[0],c=t[1],u=t[2],f=0,p=[];f&lt;s.length;f++)a=s[f],Object.prototype.hasOwnProperty.call(", see evidence field for the suspicious comment/snippet.</td>
      </tr>
      <tr>
        <td colspan="1" rowspan="1" class="indent1" width="20%">URL</td>
        <td colspan="1" rowspan="1" width="80%">
          <a shape="rect" href="https://fairplaybo.vtexassets.com/_v/public/assets/v1/published/vtex.render-runtime@8.134.2/public/react/graphql.min.js?workspace=master">https://fairplaybo.vtexassets.com/_v/public/assets/v1/published/vtex.render-runtime@8.134.2/public/react/graphql.min.js?workspace=master</a>
        </td>
      </tr>
      <tr>
        <td colspan="1" rowspan="1" class="indent2" width="20%">Method</td>
        <td colspan="1" rowspan="1" width="80%">GET</td>
      </tr>
      <tr>
        <td colspan="1" rowspan="1" class="indent2" width="20%">Parameter</td>
        <td colspan="1" rowspan="1" width="80%"/>
      </tr>
      <tr>
        <td colspan="1" rowspan="1" class="indent2" width="20%">Attack</td>
        <td colspan="1" rowspan="1" width="80%"/>
      </tr>
      <tr>
        <td colspan="1" rowspan="1" class="indent2" width="20%">Evidence</td>
        <td colspan="1" rowspan="1" width="80%">query</td>
      </tr>
      <tr>
        <td colspan="1" rowspan="1" class="indent2" width="20%">Other Info</td>
        <td colspan="1" rowspan="1" width="80%">The following pattern was used: \bQUERY\b and was detected in the element starting with: "(window.webpackJsonpvtex_render_runtime_8_134_2=window.webpackJsonpvtex_render_runtime_8_134_2||[]).push([["graphql"],{12:functi", see evidence field for the suspicious comment/snippet.</td>
      </tr>
      <tr>
        <td colspan="1" rowspan="1" class="indent1" width="20%">URL</td>
        <td colspan="1" rowspan="1" width="80%">
          <a shape="rect" href="https://fairplaybo.vtexassets.com/_v/public/assets/v1/published/vtex.store-footer@2.27.0/public/react/common.min.js">https://fairplaybo.vtexassets.com/_v/public/assets/v1/published/vtex.store-footer@2.27.0/public/react/common.min.js</a>
        </td>
      </tr>
      <tr>
        <td colspan="1" rowspan="1" class="indent2" width="20%">Method</td>
        <td colspan="1" rowspan="1" width="80%">GET</td>
      </tr>
      <tr>
        <td colspan="1" rowspan="1" class="indent2" width="20%">Parameter</td>
        <td colspan="1" rowspan="1" width="80%"/>
      </tr>
      <tr>
        <td colspan="1" rowspan="1" class="indent2" width="20%">Attack</td>
        <td colspan="1" rowspan="1" width="80%"/>
      </tr>
      <tr>
        <td colspan="1" rowspan="1" class="indent2" width="20%">Evidence</td>
        <td colspan="1" rowspan="1" width="80%">from</td>
      </tr>
      <tr>
        <td colspan="1" rowspan="1" class="indent2" width="20%">Other Info</td>
        <td colspan="1" rowspan="1" width="80%">The following pattern was used: \bFROM\b and was detected in the element starting with: "!function(e){function t(t){for(var r,o,c=t[0],a=t[1],f=t[2],l=0,p=[];l&lt;c.length;l++)o=c[l],Object.prototype.hasOwnProperty.call(", see evidence field for the suspicious comment/snippet.</td>
      </tr>
      <tr>
        <td colspan="1" rowspan="1" class="indent1" width="20%">URL</td>
        <td colspan="1" rowspan="1" width="80%">
          <a shape="rect" href="https://fairplaybo.vtexassets.com/_v/public/assets/v1/published/vtex.store-footer@2.27.0/public/react/Footer.min.js">https://fairplaybo.vtexassets.com/_v/public/assets/v1/published/vtex.store-footer@2.27.0/public/react/Footer.min.js</a>
        </td>
      </tr>
      <tr>
        <td colspan="1" rowspan="1" class="indent2" width="20%">Method</td>
        <td colspan="1" rowspan="1" width="80%">GET</td>
      </tr>
      <tr>
        <td colspan="1" rowspan="1" class="indent2" width="20%">Parameter</td>
        <td colspan="1" rowspan="1" width="80%"/>
      </tr>
      <tr>
        <td colspan="1" rowspan="1" class="indent2" width="20%">Attack</td>
        <td colspan="1" rowspan="1" width="80%"/>
      </tr>
      <tr>
        <td colspan="1" rowspan="1" class="indent2" width="20%">Evidence</td>
        <td colspan="1" rowspan="1" width="80%">admin</td>
      </tr>
      <tr>
        <td colspan="1" rowspan="1" class="indent2" width="20%">Other Info</td>
        <td colspan="1" rowspan="1" width="80%">The following pattern was used: \bADMIN\b and was detected in the element starting with: "(window.webpackJsonpvtex_store_footer_2_27_0=window.webpackJsonpvtex_store_footer_2_27_0||[]).push([["Footer"],{0:function(e,t){", see evidence field for the suspicious comment/snippet.</td>
      </tr>
      <tr>
        <td colspan="1" rowspan="1" class="indent1" width="20%">URL</td>
        <td colspan="1" rowspan="1" width="80%">
          <a shape="rect" href="https://fairplaybo.vtexassets.com/_v/public/assets/v1/published/vtex.store-footer@2.27.0/public/react/SocialNetworks.min.js">https://fairplaybo.vtexassets.com/_v/public/assets/v1/published/vtex.store-footer@2.27.0/public/react/SocialNetworks.min.js</a>
        </td>
      </tr>
      <tr>
        <td colspan="1" rowspan="1" class="indent2" width="20%">Method</td>
        <td colspan="1" rowspan="1" width="80%">GET</td>
      </tr>
      <tr>
        <td colspan="1" rowspan="1" class="indent2" width="20%">Parameter</td>
        <td colspan="1" rowspan="1" width="80%"/>
      </tr>
      <tr>
        <td colspan="1" rowspan="1" class="indent2" width="20%">Attack</td>
        <td colspan="1" rowspan="1" width="80%"/>
      </tr>
      <tr>
        <td colspan="1" rowspan="1" class="indent2" width="20%">Evidence</td>
        <td colspan="1" rowspan="1" width="80%">admin</td>
      </tr>
      <tr>
        <td colspan="1" rowspan="1" class="indent2" width="20%">Other Info</td>
        <td colspan="1" rowspan="1" width="80%">The following pattern was used: \bADMIN\b and was detected in the element starting with: "(window.webpackJsonpvtex_store_footer_2_27_0=window.webpackJsonpvtex_store_footer_2_27_0||[]).push([["SocialNetworks",4,5,8,9,10", see evidence field for the suspicious comment/snippet.</td>
      </tr>
      <tr>
        <td colspan="1" rowspan="1" class="indent1" width="20%">URL</td>
        <td colspan="1" rowspan="1" width="80%">
          <a shape="rect" href="https://fairplaybo.vtexassets.com/_v/public/assets/v1/published/vtex.store-resources@0.93.0/public/react/QuerySession.min.js">https://fairplaybo.vtexassets.com/_v/public/assets/v1/published/vtex.store-resources@0.93.0/public/react/QuerySession.min.js</a>
        </td>
      </tr>
      <tr>
        <td colspan="1" rowspan="1" class="indent2" width="20%">Method</td>
        <td colspan="1" rowspan="1" width="80%">GET</td>
      </tr>
      <tr>
        <td colspan="1" rowspan="1" class="indent2" width="20%">Parameter</td>
        <td colspan="1" rowspan="1" width="80%"/>
      </tr>
      <tr>
        <td colspan="1" rowspan="1" class="indent2" width="20%">Attack</td>
        <td colspan="1" rowspan="1" width="80%"/>
      </tr>
      <tr>
        <td colspan="1" rowspan="1" class="indent2" width="20%">Evidence</td>
        <td colspan="1" rowspan="1" width="80%">query</td>
      </tr>
      <tr>
        <td colspan="1" rowspan="1" class="indent2" width="20%">Other Info</td>
        <td colspan="1" rowspan="1" width="80%">The following pattern was used: \bQUERY\b and was detected in the element starting with: "(window.webpackJsonpvtex_store_resources_0_93_0=window.webpackJsonpvtex_store_resources_0_93_0||[]).push([["QuerySession"],{111:", see evidence field for the suspicious comment/snippet.</td>
      </tr>
      <tr>
        <td colspan="1" rowspan="1" class="indent1" width="20%">URL</td>
        <td colspan="1" rowspan="1" width="80%">
          <a shape="rect" href="https://io.vtex.com.br/rc/rc.js">https://io.vtex.com.br/rc/rc.js</a>
        </td>
      </tr>
      <tr>
        <td colspan="1" rowspan="1" class="indent2" width="20%">Method</td>
        <td colspan="1" rowspan="1" width="80%">GET</td>
      </tr>
      <tr>
        <td colspan="1" rowspan="1" class="indent2" width="20%">Parameter</td>
        <td colspan="1" rowspan="1" width="80%"/>
      </tr>
      <tr>
        <td colspan="1" rowspan="1" class="indent2" width="20%">Attack</td>
        <td colspan="1" rowspan="1" width="80%"/>
      </tr>
      <tr>
        <td colspan="1" rowspan="1" class="indent2" width="20%">Evidence</td>
        <td colspan="1" rowspan="1" width="80%">from</td>
      </tr>
      <tr>
        <td colspan="1" rowspan="1" class="indent2" width="20%">Other Info</td>
        <td colspan="1" rowspan="1" width="80%">The following pattern was used: \bFROM\b and was detected in the element starting with: "function _toArray(e){return _arrayWithHoles(e)||_iterableToArray(e)||_unsupportedIterableToArray(e)||_nonIterableRest()}function", see evidence field for the suspicious comment/snippet.</td>
      </tr>
      <tr>
        <td colspan="1" rowspan="1" class="indent1" width="20%">URL</td>
        <td colspan="1" rowspan="1" width="80%">
          <a shape="rect" href="https://io.vtex.com.br/v3/polyfill.min.js?version=3.89.4&amp;features=Object.values,Object.entries,Object.assign,Array.from,Array.prototype.findIndex,Array.prototype.fill,Array.prototype.find,Array.prototype.flatMap,Array.prototype.includes,String.prototype.startsWith,String.prototype.endsWith,String.prototype.includes,String.prototype.repeat,Symbol,fetch,Promise,Map,WeakMap,Number.isInteger,Number.isNaN,Number.EPSILON,Set,Function.name,URL,IntersectionObserver,Intl.~locale.es-BO&amp;flags=gated">https://io.vtex.com.br/v3/polyfill.min.js?version=3.89.4&amp;features=Object.values,Object.entries,Object.assign,Array.from,Array.prototype.findIndex,Array.prototype.fill,Array.prototype.find,Array.prototype.flatMap,Array.prototype.includes,String.prototype.startsWith,String.prototype.endsWith,String.prototype.includes,String.prototype.repeat,Symbol,fetch,Promise,Map,WeakMap,Number.isInteger,Number.isNaN,Number.EPSILON,Set,Function.name,URL,IntersectionObserver,Intl.~locale.es-BO&amp;flags=gated</a>
        </td>
      </tr>
      <tr>
        <td colspan="1" rowspan="1" class="indent2" width="20%">Method</td>
        <td colspan="1" rowspan="1" width="80%">GET</td>
      </tr>
      <tr>
        <td colspan="1" rowspan="1" class="indent2" width="20%">Parameter</td>
        <td colspan="1" rowspan="1" width="80%"/>
      </tr>
      <tr>
        <td colspan="1" rowspan="1" class="indent2" width="20%">Attack</td>
        <td colspan="1" rowspan="1" width="80%"/>
      </tr>
      <tr>
        <td colspan="1" rowspan="1" class="indent2" width="20%">Evidence</td>
        <td colspan="1" rowspan="1" width="80%">from</td>
      </tr>
      <tr>
        <td colspan="1" rowspan="1" class="indent2" width="20%">Other Info</td>
        <td colspan="1" rowspan="1" width="80%">The following pattern was used: \bFROM\b and was detected in the element starting with: " * Disable minification (remove `.min` from URL path) for more info", see evidence field for the suspicious comment/snippet.</td>
      </tr>
      <tr>
        <td colspan="1" rowspan="1" class="indent1" width="20%">URL</td>
        <td colspan="1" rowspan="1" width="80%">
          <a shape="rect" href="https://storage.googleapis.com/workbox-cdn/releases/4.3.1/workbox-background-sync.prod.js">https://storage.googleapis.com/workbox-cdn/releases/4.3.1/workbox-background-sync.prod.js</a>
        </td>
      </tr>
      <tr>
        <td colspan="1" rowspan="1" class="indent2" width="20%">Method</td>
        <td colspan="1" rowspan="1" width="80%">GET</td>
      </tr>
      <tr>
        <td colspan="1" rowspan="1" class="indent2" width="20%">Parameter</td>
        <td colspan="1" rowspan="1" width="80%"/>
      </tr>
      <tr>
        <td colspan="1" rowspan="1" class="indent2" width="20%">Attack</td>
        <td colspan="1" rowspan="1" width="80%"/>
      </tr>
      <tr>
        <td colspan="1" rowspan="1" class="indent2" width="20%">Evidence</td>
        <td colspan="1" rowspan="1" width="80%">query</td>
      </tr>
      <tr>
        <td colspan="1" rowspan="1" class="indent2" width="20%">Other Info</td>
        <td colspan="1" rowspan="1" width="80%">The following pattern was used: \bQUERY\b and was detected in the element starting with: "this.workbox=this.workbox||{},this.workbox.backgroundSync=function(t,e,s){"use strict";try{self["workbox:background-sync:4.3.1"]", see evidence field for the suspicious comment/snippet.</td>
      </tr>
      <tr>
        <td colspan="1" rowspan="1" class="indent1" width="20%">URL</td>
        <td colspan="1" rowspan="1" width="80%">
          <a shape="rect" href="https://storage.googleapis.com/workbox-cdn/releases/4.3.1/workbox-core.prod.js">https://storage.googleapis.com/workbox-cdn/releases/4.3.1/workbox-core.prod.js</a>
        </td>
      </tr>
      <tr>
        <td colspan="1" rowspan="1" class="indent2" width="20%">Method</td>
        <td colspan="1" rowspan="1" width="80%">GET</td>
      </tr>
      <tr>
        <td colspan="1" rowspan="1" class="indent2" width="20%">Parameter</td>
        <td colspan="1" rowspan="1" width="80%"/>
      </tr>
      <tr>
        <td colspan="1" rowspan="1" class="indent2" width="20%">Attack</td>
        <td colspan="1" rowspan="1" width="80%"/>
      </tr>
      <tr>
        <td colspan="1" rowspan="1" class="indent2" width="20%">Evidence</td>
        <td colspan="1" rowspan="1" width="80%">query</td>
      </tr>
      <tr>
        <td colspan="1" rowspan="1" class="indent2" width="20%">Other Info</td>
        <td colspan="1" rowspan="1" width="80%">The following pattern was used: \bQUERY\b and was detected in the element starting with: "this.workbox=this.workbox||{},this.workbox.core=function(e){"use strict";try{self["workbox:core:4.3.1"]&amp;&amp;_()}catch(e){}const t=(", see evidence field for the suspicious comment/snippet.</td>
      </tr>
      <tr>
        <td colspan="1" rowspan="1" class="indent1" width="20%">URL</td>
        <td colspan="1" rowspan="1" width="80%">
          <a shape="rect" href="https://storage.googleapis.com/workbox-cdn/releases/4.3.1/workbox-sw.js">https://storage.googleapis.com/workbox-cdn/releases/4.3.1/workbox-sw.js</a>
        </td>
      </tr>
      <tr>
        <td colspan="1" rowspan="1" class="indent2" width="20%">Method</td>
        <td colspan="1" rowspan="1" width="80%">GET</td>
      </tr>
      <tr>
        <td colspan="1" rowspan="1" class="indent2" width="20%">Parameter</td>
        <td colspan="1" rowspan="1" width="80%"/>
      </tr>
      <tr>
        <td colspan="1" rowspan="1" class="indent2" width="20%">Attack</td>
        <td colspan="1" rowspan="1" width="80%"/>
      </tr>
      <tr>
        <td colspan="1" rowspan="1" class="indent2" width="20%">Evidence</td>
        <td colspan="1" rowspan="1" width="80%">from</td>
      </tr>
      <tr>
        <td colspan="1" rowspan="1" class="indent2" width="20%">Other Info</td>
        <td colspan="1" rowspan="1" width="80%">The following pattern was used: \bFROM\b and was detected in the element starting with: "!function(){"use strict";try{self["workbox:sw:4.3.1"]&amp;&amp;_()}catch(t){}const t="https://storage.googleapis.com/workbox-cdn/release", see evidence field for the suspicious comment/snippet.</td>
      </tr>
      <tr>
        <td colspan="1" rowspan="1" class="indent1" width="20%">URL</td>
        <td colspan="1" rowspan="1" width="80%">
          <a shape="rect" href="https://vtex.vtexassets.com/_v/public/assets/v1/npm/idb@2.1.3/lib/idb.js">https://vtex.vtexassets.com/_v/public/assets/v1/npm/idb@2.1.3/lib/idb.js</a>
        </td>
      </tr>
      <tr>
        <td colspan="1" rowspan="1" class="indent2" width="20%">Method</td>
        <td colspan="1" rowspan="1" width="80%">GET</td>
      </tr>
      <tr>
        <td colspan="1" rowspan="1" class="indent2" width="20%">Parameter</td>
        <td colspan="1" rowspan="1" width="80%"/>
      </tr>
      <tr>
        <td colspan="1" rowspan="1" class="indent2" width="20%">Attack</td>
        <td colspan="1" rowspan="1" width="80%"/>
      </tr>
      <tr>
        <td colspan="1" rowspan="1" class="indent2" width="20%">Evidence</td>
        <td colspan="1" rowspan="1" width="80%">db</td>
      </tr>
      <tr>
        <td colspan="1" rowspan="1" class="indent2" width="20%">Other Info</td>
        <td colspan="1" rowspan="1" width="80%">The following pattern was used: \bDB\b and was detected 9 times, the first in the element starting with: "  function UpgradeDB(db, oldVersion, transaction) {", see evidence field for the suspicious comment/snippet.</td>
      </tr>
      <tr>
        <td colspan="1" rowspan="1" class="indent1" width="20%">URL</td>
        <td colspan="1" rowspan="1" width="80%">
          <a shape="rect" href="https://vtex.vtexassets.com/_v/public/assets/v1/npm/idb@2.1.3/lib/idb.js">https://vtex.vtexassets.com/_v/public/assets/v1/npm/idb@2.1.3/lib/idb.js</a>
        </td>
      </tr>
      <tr>
        <td colspan="1" rowspan="1" class="indent2" width="20%">Method</td>
        <td colspan="1" rowspan="1" width="80%">GET</td>
      </tr>
      <tr>
        <td colspan="1" rowspan="1" class="indent2" width="20%">Parameter</td>
        <td colspan="1" rowspan="1" width="80%"/>
      </tr>
      <tr>
        <td colspan="1" rowspan="1" class="indent2" width="20%">Attack</td>
        <td colspan="1" rowspan="1" width="80%"/>
      </tr>
      <tr>
        <td colspan="1" rowspan="1" class="indent2" width="20%">Evidence</td>
        <td colspan="1" rowspan="1" width="80%">query</td>
      </tr>
      <tr>
        <td colspan="1" rowspan="1" class="indent2" width="20%">Other Info</td>
        <td colspan="1" rowspan="1" width="80%">The following pattern was used: \bQUERY\b and was detected 2 times, the first in the element starting with: "    Constructor.prototype.getAll = function(query, count) {", see evidence field for the suspicious comment/snippet.</td>
      </tr>
      <tr>
        <td colspan="1" rowspan="1" class="indent1" width="20%">URL</td>
        <td colspan="1" rowspan="1" width="80%">
          <a shape="rect" href="https://vtex.vtexassets.com/_v/public/assets/v1/npm/idb@2.1.3/lib/idb.js">https://vtex.vtexassets.com/_v/public/assets/v1/npm/idb@2.1.3/lib/idb.js</a>
        </td>
      </tr>
      <tr>
        <td colspan="1" rowspan="1" class="indent2" width="20%">Method</td>
        <td colspan="1" rowspan="1" width="80%">GET</td>
      </tr>
      <tr>
        <td colspan="1" rowspan="1" class="indent2" width="20%">Parameter</td>
        <td colspan="1" rowspan="1" width="80%"/>
      </tr>
      <tr>
        <td colspan="1" rowspan="1" class="indent2" width="20%">Attack</td>
        <td colspan="1" rowspan="1" width="80%"/>
      </tr>
      <tr>
        <td colspan="1" rowspan="1" class="indent2" width="20%">Evidence</td>
        <td colspan="1" rowspan="1" width="80%">TODO</td>
      </tr>
      <tr>
        <td colspan="1" rowspan="1" class="indent2" width="20%">Other Info</td>
        <td colspan="1" rowspan="1" width="80%">The following pattern was used: \bTODO\b and was detected in the element starting with: "  // TODO: remove this once browsers do the right thing with promises", see evidence field for the suspicious comment/snippet.</td>
      </tr>
      <tr>
        <td colspan="1" rowspan="1" class="indent1" width="20%">URL</td>
        <td colspan="1" rowspan="1" width="80%">
          <a shape="rect" href="https://www.fairplay.com.bo/">https://www.fairplay.com.bo/</a>
        </td>
      </tr>
      <tr>
        <td colspan="1" rowspan="1" class="indent2" width="20%">Method</td>
        <td colspan="1" rowspan="1" width="80%">GET</td>
      </tr>
      <tr>
        <td colspan="1" rowspan="1" class="indent2" width="20%">Parameter</td>
        <td colspan="1" rowspan="1" width="80%"/>
      </tr>
      <tr>
        <td colspan="1" rowspan="1" class="indent2" width="20%">Attack</td>
        <td colspan="1" rowspan="1" width="80%"/>
      </tr>
      <tr>
        <td colspan="1" rowspan="1" class="indent2" width="20%">Evidence</td>
        <td colspan="1" rowspan="1" width="80%">admin</td>
      </tr>
      <tr>
        <td colspan="1" rowspan="1" class="indent2" width="20%">Other Info</td>
        <td colspan="1" rowspan="1" width="80%">The following pattern was used: \bADMIN\b and was detected 2 times, the first in the element starting with: "&lt;script&gt;
  (function() {
    var gtmId = "GTM-53TNVMF";
    var sendGA4EventsValue = ""
    var sendGA4Events = sendGA4EventsVal", see evidence field for the suspicious comment/snippet.</td>
      </tr>
      <tr>
        <td colspan="1" rowspan="1" class="indent1" width="20%">URL</td>
        <td colspan="1" rowspan="1" width="80%">
          <a shape="rect" href="https://www.fairplay.com.bo/">https://www.fairplay.com.bo/</a>
        </td>
      </tr>
      <tr>
        <td colspan="1" rowspan="1" class="indent2" width="20%">Method</td>
        <td colspan="1" rowspan="1" width="80%">GET</td>
      </tr>
      <tr>
        <td colspan="1" rowspan="1" class="indent2" width="20%">Parameter</td>
        <td colspan="1" rowspan="1" width="80%"/>
      </tr>
      <tr>
        <td colspan="1" rowspan="1" class="indent2" width="20%">Attack</td>
        <td colspan="1" rowspan="1" width="80%"/>
      </tr>
      <tr>
        <td colspan="1" rowspan="1" class="indent2" width="20%">Evidence</td>
        <td colspan="1" rowspan="1" width="80%">from</td>
      </tr>
      <tr>
        <td colspan="1" rowspan="1" class="indent2" width="20%">Other Info</td>
        <td colspan="1" rowspan="1" width="80%">The following pattern was used: \bFROM\b and was detected in the element starting with: "&lt;script src="https://io.vtex.com.br/v3/polyfill.min.js?version=3.89.4&amp;features=Object.values,Object.entries,Object.assign,Array.", see evidence field for the suspicious comment/snippet.</td>
      </tr>
      <tr>
        <td colspan="1" rowspan="1" class="indent1" width="20%">URL</td>
        <td colspan="1" rowspan="1" width="80%">
          <a shape="rect" href="https://www.fairplay.com.bo/">https://www.fairplay.com.bo/</a>
        </td>
      </tr>
      <tr>
        <td colspan="1" rowspan="1" class="indent2" width="20%">Method</td>
        <td colspan="1" rowspan="1" width="80%">GET</td>
      </tr>
      <tr>
        <td colspan="1" rowspan="1" class="indent2" width="20%">Parameter</td>
        <td colspan="1" rowspan="1" width="80%"/>
      </tr>
      <tr>
        <td colspan="1" rowspan="1" class="indent2" width="20%">Attack</td>
        <td colspan="1" rowspan="1" width="80%"/>
      </tr>
      <tr>
        <td colspan="1" rowspan="1" class="indent2" width="20%">Evidence</td>
        <td colspan="1" rowspan="1" width="80%">TODO</td>
      </tr>
      <tr>
        <td colspan="1" rowspan="1" class="indent2" width="20%">Other Info</td>
        <td colspan="1" rowspan="1" width="80%">The following pattern was used: \bTODO\b and was detected in the element starting with: "&lt;script&gt;
    __RUNTIME__ = {"account":"fairplaybo","accountId":"16d289462c9c4b07ac4c13402f617a78","amp":false,"appsEtag":"remove", see evidence field for the suspicious comment/snippet.</td>
      </tr>
      <tr>
        <td colspan="1" rowspan="1" class="indent1" width="20%">URL</td>
        <td colspan="1" rowspan="1" width="80%">
          <a shape="rect" href="https://www.fairplay.com.bo/serviceWorkerMerged.js">https://www.fairplay.com.bo/serviceWorkerMerged.js</a>
        </td>
      </tr>
      <tr>
        <td colspan="1" rowspan="1" class="indent2" width="20%">Method</td>
        <td colspan="1" rowspan="1" width="80%">GET</td>
      </tr>
      <tr>
        <td colspan="1" rowspan="1" class="indent2" width="20%">Parameter</td>
        <td colspan="1" rowspan="1" width="80%"/>
      </tr>
      <tr>
        <td colspan="1" rowspan="1" class="indent2" width="20%">Attack</td>
        <td colspan="1" rowspan="1" width="80%"/>
      </tr>
      <tr>
        <td colspan="1" rowspan="1" class="indent2" width="20%">Evidence</td>
        <td colspan="1" rowspan="1" width="80%">admin</td>
      </tr>
      <tr>
        <td colspan="1" rowspan="1" class="indent2" width="20%">Other Info</td>
        <td colspan="1" rowspan="1" width="80%">The following pattern was used: \bADMIN\b and was detected in the element starting with: "    workbox.routing.registerRoute(/(?:\/admin\/).*/, networkFirstHandler)", see evidence field for the suspicious comment/snippet.</td>
      </tr>
      <tr>
        <td colspan="1" rowspan="1" class="indent1" width="20%">URL</td>
        <td colspan="1" rowspan="1" width="80%">
          <a shape="rect" href="https://www.fairplay.com.bo/serviceWorkerMerged.js">https://www.fairplay.com.bo/serviceWorkerMerged.js</a>
        </td>
      </tr>
      <tr>
        <td colspan="1" rowspan="1" class="indent2" width="20%">Method</td>
        <td colspan="1" rowspan="1" width="80%">GET</td>
      </tr>
      <tr>
        <td colspan="1" rowspan="1" class="indent2" width="20%">Parameter</td>
        <td colspan="1" rowspan="1" width="80%"/>
      </tr>
      <tr>
        <td colspan="1" rowspan="1" class="indent2" width="20%">Attack</td>
        <td colspan="1" rowspan="1" width="80%"/>
      </tr>
      <tr>
        <td colspan="1" rowspan="1" class="indent2" width="20%">Evidence</td>
        <td colspan="1" rowspan="1" width="80%">db</td>
      </tr>
      <tr>
        <td colspan="1" rowspan="1" class="indent2" width="20%">Other Info</td>
        <td colspan="1" rowspan="1" width="80%">The following pattern was used: \bDB\b and was detected 7 times, the first in the element starting with: "    const handleErrorDB = async (db, table, err) =&gt; {", see evidence field for the suspicious comment/snippet.</td>
      </tr>
      <tr>
        <td colspan="1" rowspan="1" class="indent1" width="20%">URL</td>
        <td colspan="1" rowspan="1" width="80%">
          <a shape="rect" href="https://www.fairplay.com.bo/serviceWorkerMerged.js">https://www.fairplay.com.bo/serviceWorkerMerged.js</a>
        </td>
      </tr>
      <tr>
        <td colspan="1" rowspan="1" class="indent2" width="20%">Method</td>
        <td colspan="1" rowspan="1" width="80%">GET</td>
      </tr>
      <tr>
        <td colspan="1" rowspan="1" class="indent2" width="20%">Parameter</td>
        <td colspan="1" rowspan="1" width="80%"/>
      </tr>
      <tr>
        <td colspan="1" rowspan="1" class="indent2" width="20%">Attack</td>
        <td colspan="1" rowspan="1" width="80%"/>
      </tr>
      <tr>
        <td colspan="1" rowspan="1" class="indent2" width="20%">Evidence</td>
        <td colspan="1" rowspan="1" width="80%">debug</td>
      </tr>
      <tr>
        <td colspan="1" rowspan="1" class="indent2" width="20%">Other Info</td>
        <td colspan="1" rowspan="1" width="80%">The following pattern was used: \bDEBUG\b and was detected 2 times, the first in the element starting with: "    const debug = '{{ DEBUG }}' === 'true'", see evidence field for the suspicious comment/snippet.</td>
      </tr>
      <tr>
        <td colspan="1" rowspan="1" class="indent1" width="20%">URL</td>
        <td colspan="1" rowspan="1" width="80%">
          <a shape="rect" href="https://www.fairplay.com.bo/serviceWorkerMerged.js">https://www.fairplay.com.bo/serviceWorkerMerged.js</a>
        </td>
      </tr>
      <tr>
        <td colspan="1" rowspan="1" class="indent2" width="20%">Method</td>
        <td colspan="1" rowspan="1" width="80%">GET</td>
      </tr>
      <tr>
        <td colspan="1" rowspan="1" class="indent2" width="20%">Parameter</td>
        <td colspan="1" rowspan="1" width="80%"/>
      </tr>
      <tr>
        <td colspan="1" rowspan="1" class="indent2" width="20%">Attack</td>
        <td colspan="1" rowspan="1" width="80%"/>
      </tr>
      <tr>
        <td colspan="1" rowspan="1" class="indent2" width="20%">Evidence</td>
        <td colspan="1" rowspan="1" width="80%">query</td>
      </tr>
      <tr>
        <td colspan="1" rowspan="1" class="indent2" width="20%">Other Info</td>
        <td colspan="1" rowspan="1" width="80%">The following pattern was used: \bQUERY\b and was detected in the element starting with: "        `Failed to execute query on DB ${db} on table ${table}.`,", see evidence field for the suspicious comment/snippet.</td>
      </tr>
      <tr>
        <td colspan="1" rowspan="1" class="indent1" width="20%">URL</td>
        <td colspan="1" rowspan="1" width="80%">
          <a shape="rect" href="https://www.google-analytics.com/analytics.js">https://www.google-analytics.com/analytics.js</a>
        </td>
      </tr>
      <tr>
        <td colspan="1" rowspan="1" class="indent2" width="20%">Method</td>
        <td colspan="1" rowspan="1" width="80%">GET</td>
      </tr>
      <tr>
        <td colspan="1" rowspan="1" class="indent2" width="20%">Parameter</td>
        <td colspan="1" rowspan="1" width="80%"/>
      </tr>
      <tr>
        <td colspan="1" rowspan="1" class="indent2" width="20%">Attack</td>
        <td colspan="1" rowspan="1" width="80%"/>
      </tr>
      <tr>
        <td colspan="1" rowspan="1" class="indent2" width="20%">Evidence</td>
        <td colspan="1" rowspan="1" width="80%">db</td>
      </tr>
      <tr>
        <td colspan="1" rowspan="1" class="indent2" width="20%">Other Info</td>
        <td colspan="1" rowspan="1" width="80%">The following pattern was used: \bDB\b and was detected 5 times, the first in the element starting with: "function hf(a,b){var c=gf[a];c&amp;&amp;J(c);"displayFeaturesTask"===a&amp;&amp;void 0==b&amp;&amp;J(96);/.*Task$/.test(a)&amp;&amp;J(92)}function mf(a,b){if(a)", see evidence field for the suspicious comment/snippet.</td>
      </tr>
      <tr>
        <td colspan="1" rowspan="1" class="indent1" width="20%">URL</td>
        <td colspan="1" rowspan="1" width="80%">
          <a shape="rect" href="https://www.google-analytics.com/analytics.js">https://www.google-analytics.com/analytics.js</a>
        </td>
      </tr>
      <tr>
        <td colspan="1" rowspan="1" class="indent2" width="20%">Method</td>
        <td colspan="1" rowspan="1" width="80%">GET</td>
      </tr>
      <tr>
        <td colspan="1" rowspan="1" class="indent2" width="20%">Parameter</td>
        <td colspan="1" rowspan="1" width="80%"/>
      </tr>
      <tr>
        <td colspan="1" rowspan="1" class="indent2" width="20%">Attack</td>
        <td colspan="1" rowspan="1" width="80%"/>
      </tr>
      <tr>
        <td colspan="1" rowspan="1" class="indent2" width="20%">Evidence</td>
        <td colspan="1" rowspan="1" width="80%">debug</td>
      </tr>
      <tr>
        <td colspan="1" rowspan="1" class="indent2" width="20%">Other Info</td>
        <td colspan="1" rowspan="1" width="80%">The following pattern was used: \bDEBUG\b and was detected in the element starting with: "function Pe(a){try{if(!a.get(Qe)&amp;&amp;(a.set(Qe,!0),!a.get("&amp;gtm"))){var b=void 0,c=void 0;lf(be("gtm_debug"))&amp;&amp;(b=2);!b&amp;&amp;D(M.referr", see evidence field for the suspicious comment/snippet.</td>
      </tr>
      <tr>
        <td colspan="1" rowspan="1" class="indent1" width="20%">URL</td>
        <td colspan="1" rowspan="1" width="80%">
          <a shape="rect" href="https://www.google-analytics.com/analytics.js">https://www.google-analytics.com/analytics.js</a>
        </td>
      </tr>
      <tr>
        <td colspan="1" rowspan="1" class="indent2" width="20%">Method</td>
        <td colspan="1" rowspan="1" width="80%">GET</td>
      </tr>
      <tr>
        <td colspan="1" rowspan="1" class="indent2" width="20%">Parameter</td>
        <td colspan="1" rowspan="1" width="80%"/>
      </tr>
      <tr>
        <td colspan="1" rowspan="1" class="indent2" width="20%">Attack</td>
        <td colspan="1" rowspan="1" width="80%"/>
      </tr>
      <tr>
        <td colspan="1" rowspan="1" class="indent2" width="20%">Evidence</td>
        <td colspan="1" rowspan="1" width="80%">query</td>
      </tr>
      <tr>
        <td colspan="1" rowspan="1" class="indent2" width="20%">Other Info</td>
        <td colspan="1" rowspan="1" width="80%">The following pattern was used: \bQUERY\b and was detected 5 times, the first in the element starting with: "c=0&gt;c?a.href:a.href.substr(0,c));a=c;break;case "protocol":a=d;break;case "host":a=a.hostname.replace(N,"").toLowerCase();c&amp;&amp;(c=", see evidence field for the suspicious comment/snippet.</td>
      </tr>
      <tr>
        <td colspan="1" rowspan="1" class="indent1" width="20%">URL</td>
        <td colspan="1" rowspan="1" width="80%">
          <a shape="rect" href="https://www.googletagmanager.com/gtag/js?id=G-SFH0QC082B&amp;l=dataLayer&amp;cx=c">https://www.googletagmanager.com/gtag/js?id=G-SFH0QC082B&amp;l=dataLayer&amp;cx=c</a>
        </td>
      </tr>
      <tr>
        <td colspan="1" rowspan="1" class="indent2" width="20%">Method</td>
        <td colspan="1" rowspan="1" width="80%">GET</td>
      </tr>
      <tr>
        <td colspan="1" rowspan="1" class="indent2" width="20%">Parameter</td>
        <td colspan="1" rowspan="1" width="80%"/>
      </tr>
      <tr>
        <td colspan="1" rowspan="1" class="indent2" width="20%">Attack</td>
        <td colspan="1" rowspan="1" width="80%"/>
      </tr>
      <tr>
        <td colspan="1" rowspan="1" class="indent2" width="20%">Evidence</td>
        <td colspan="1" rowspan="1" width="80%">db</td>
      </tr>
      <tr>
        <td colspan="1" rowspan="1" class="indent2" width="20%">Other Info</td>
        <td colspan="1" rowspan="1" width="80%">The following pattern was used: \bDB\b and was detected 17 times, the first in the element starting with: "$a=function(a,b){for(var c={},d=c,e=a.split("."),f=0;f&lt;e.length-1;f++)d=d[e[f]]={};d[e[e.length-1]]=b;return c},ab=/^\w{1,9}$/,b", see evidence field for the suspicious comment/snippet.</td>
      </tr>
      <tr>
        <td colspan="1" rowspan="1" class="indent1" width="20%">URL</td>
        <td colspan="1" rowspan="1" width="80%">
          <a shape="rect" href="https://www.googletagmanager.com/gtag/js?id=G-SFH0QC082B&amp;l=dataLayer&amp;cx=c">https://www.googletagmanager.com/gtag/js?id=G-SFH0QC082B&amp;l=dataLayer&amp;cx=c</a>
        </td>
      </tr>
      <tr>
        <td colspan="1" rowspan="1" class="indent2" width="20%">Method</td>
        <td colspan="1" rowspan="1" width="80%">GET</td>
      </tr>
      <tr>
        <td colspan="1" rowspan="1" class="indent2" width="20%">Parameter</td>
        <td colspan="1" rowspan="1" width="80%"/>
      </tr>
      <tr>
        <td colspan="1" rowspan="1" class="indent2" width="20%">Attack</td>
        <td colspan="1" rowspan="1" width="80%"/>
      </tr>
      <tr>
        <td colspan="1" rowspan="1" class="indent2" width="20%">Evidence</td>
        <td colspan="1" rowspan="1" width="80%">from</td>
      </tr>
      <tr>
        <td colspan="1" rowspan="1" class="indent2" width="20%">Other Info</td>
        <td colspan="1" rowspan="1" width="80%">The following pattern was used: \bFROM\b and was detected 3 times, the first in the element starting with: "var Zg=function(a,b){for(var c=0;c&lt;b.length;c++){if(void 0===a)return;a=a[b[c]]}return a},$g=function(a,b){var c=b.preHit;if(c){", see evidence field for the suspicious comment/snippet.</td>
      </tr>
      <tr>
        <td colspan="1" rowspan="1" class="indent1" width="20%">URL</td>
        <td colspan="1" rowspan="1" width="80%">
          <a shape="rect" href="https://www.googletagmanager.com/gtag/js?id=G-SFH0QC082B&amp;l=dataLayer&amp;cx=c">https://www.googletagmanager.com/gtag/js?id=G-SFH0QC082B&amp;l=dataLayer&amp;cx=c</a>
        </td>
      </tr>
      <tr>
        <td colspan="1" rowspan="1" class="indent2" width="20%">Method</td>
        <td colspan="1" rowspan="1" width="80%">GET</td>
      </tr>
      <tr>
        <td colspan="1" rowspan="1" class="indent2" width="20%">Parameter</td>
        <td colspan="1" rowspan="1" width="80%"/>
      </tr>
      <tr>
        <td colspan="1" rowspan="1" class="indent2" width="20%">Attack</td>
        <td colspan="1" rowspan="1" width="80%"/>
      </tr>
      <tr>
        <td colspan="1" rowspan="1" class="indent2" width="20%">Evidence</td>
        <td colspan="1" rowspan="1" width="80%">query</td>
      </tr>
      <tr>
        <td colspan="1" rowspan="1" class="indent2" width="20%">Other Info</td>
        <td colspan="1" rowspan="1" width="80%">The following pattern was used: \bQUERY\b and was detected 14 times, the first in the element starting with: "  "tags":[{"function":"__ogt_ip_mark","priority":19,"vtp_instanceOrder":0,"vtp_paramValue":"internal","vtp_ruleResult":["macro",", see evidence field for the suspicious comment/snippet.</td>
      </tr>
      <tr>
        <td colspan="1" rowspan="1" class="indent1" width="20%">URL</td>
        <td colspan="1" rowspan="1" width="80%">
          <a shape="rect" href="https://www.googletagmanager.com/gtag/js?id=G-SFH0QC082B&amp;l=dataLayer&amp;cx=c">https://www.googletagmanager.com/gtag/js?id=G-SFH0QC082B&amp;l=dataLayer&amp;cx=c</a>
        </td>
      </tr>
      <tr>
        <td colspan="1" rowspan="1" class="indent2" width="20%">Method</td>
        <td colspan="1" rowspan="1" width="80%">GET</td>
      </tr>
      <tr>
        <td colspan="1" rowspan="1" class="indent2" width="20%">Parameter</td>
        <td colspan="1" rowspan="1" width="80%"/>
      </tr>
      <tr>
        <td colspan="1" rowspan="1" class="indent2" width="20%">Attack</td>
        <td colspan="1" rowspan="1" width="80%"/>
      </tr>
      <tr>
        <td colspan="1" rowspan="1" class="indent2" width="20%">Evidence</td>
        <td colspan="1" rowspan="1" width="80%">SELECT</td>
      </tr>
      <tr>
        <td colspan="1" rowspan="1" class="indent2" width="20%">Other Info</td>
        <td colspan="1" rowspan="1" width="80%">The following pattern was used: \bSELECT\b and was detected 2 times, the first in the element starting with: "Zq=/@(gmail|googlemail)\./i,Pq=/support|noreply/i,Uq="SCRIPT STYLE IMG SVG PATH BR NOSCRIPT TEXTAREA".split(" "),Vq=["BR"],$q={w", see evidence field for the suspicious comment/snippet.</td>
      </tr>
      <tr>
        <td colspan="1" rowspan="1" class="indent1" width="20%">URL</td>
        <td colspan="1" rowspan="1" width="80%">
          <a shape="rect" href="https://www.googletagmanager.com/gtag/js?id=G-SFH0QC082B&amp;l=dataLayer&amp;cx=c">https://www.googletagmanager.com/gtag/js?id=G-SFH0QC082B&amp;l=dataLayer&amp;cx=c</a>
        </td>
      </tr>
      <tr>
        <td colspan="1" rowspan="1" class="indent2" width="20%">Method</td>
        <td colspan="1" rowspan="1" width="80%">GET</td>
      </tr>
      <tr>
        <td colspan="1" rowspan="1" class="indent2" width="20%">Parameter</td>
        <td colspan="1" rowspan="1" width="80%"/>
      </tr>
      <tr>
        <td colspan="1" rowspan="1" class="indent2" width="20%">Attack</td>
        <td colspan="1" rowspan="1" width="80%"/>
      </tr>
      <tr>
        <td colspan="1" rowspan="1" class="indent2" width="20%">Evidence</td>
        <td colspan="1" rowspan="1" width="80%">user</td>
      </tr>
      <tr>
        <td colspan="1" rowspan="1" class="indent2" width="20%">Other Info</td>
        <td colspan="1" rowspan="1" width="80%">The following pattern was used: \bUSER\b and was detected in the element starting with: "e&amp;&amp;"code"!==e)throw c(d,{},"Unknown user provided data source.");if(b.vtp_limitDataSources)if("auto"!==e||b.vtp_allowAutoDataSou", see evidence field for the suspicious comment/snippet.</td>
      </tr>
      <tr>
        <td colspan="1" rowspan="1" class="indent1" width="20%">URL</td>
        <td colspan="1" rowspan="1" width="80%">
          <a shape="rect" href="https://www.googletagmanager.com/gtag/js?id=G-SFH0QC082B&amp;l=dataLayer&amp;cx=c">https://www.googletagmanager.com/gtag/js?id=G-SFH0QC082B&amp;l=dataLayer&amp;cx=c</a>
        </td>
      </tr>
      <tr>
        <td colspan="1" rowspan="1" class="indent2" width="20%">Method</td>
        <td colspan="1" rowspan="1" width="80%">GET</td>
      </tr>
      <tr>
        <td colspan="1" rowspan="1" class="indent2" width="20%">Parameter</td>
        <td colspan="1" rowspan="1" width="80%"/>
      </tr>
      <tr>
        <td colspan="1" rowspan="1" class="indent2" width="20%">Attack</td>
        <td colspan="1" rowspan="1" width="80%"/>
      </tr>
      <tr>
        <td colspan="1" rowspan="1" class="indent2" width="20%">Evidence</td>
        <td colspan="1" rowspan="1" width="80%">username</td>
      </tr>
      <tr>
        <td colspan="1" rowspan="1" class="indent2" width="20%">Other Info</td>
        <td colspan="1" rowspan="1" width="80%">The following pattern was used: \bUSERNAME\b and was detected 2 times, the first in the element starting with: "b){return!1},removeItem:function(a){}};function SG(){}SG.O="logToConsole";function TG(a,b){}TG.D="internal.mergeRemoteConfig";fu", see evidence field for the suspicious comment/snippet.</td>
      </tr>
      <tr>
        <td colspan="1" rowspan="1" class="indent1" width="20%">URL</td>
        <td colspan="1" rowspan="1" width="80%">
          <a shape="rect" href="https://www.googletagmanager.com/gtm.js?id=GTM-53TNVMF">https://www.googletagmanager.com/gtm.js?id=GTM-53TNVMF</a>
        </td>
      </tr>
      <tr>
        <td colspan="1" rowspan="1" class="indent2" width="20%">Method</td>
        <td colspan="1" rowspan="1" width="80%">GET</td>
      </tr>
      <tr>
        <td colspan="1" rowspan="1" class="indent2" width="20%">Parameter</td>
        <td colspan="1" rowspan="1" width="80%"/>
      </tr>
      <tr>
        <td colspan="1" rowspan="1" class="indent2" width="20%">Attack</td>
        <td colspan="1" rowspan="1" width="80%"/>
      </tr>
      <tr>
        <td colspan="1" rowspan="1" class="indent2" width="20%">Evidence</td>
        <td colspan="1" rowspan="1" width="80%">db</td>
      </tr>
      <tr>
        <td colspan="1" rowspan="1" class="indent2" width="20%">Other Info</td>
        <td colspan="1" rowspan="1" width="80%">The following pattern was used: \bDB\b and was detected 16 times, the first in the element starting with: "$a=function(a,b){for(var c={},d=c,e=a.split("."),f=0;f&lt;e.length-1;f++)d=d[e[f]]={};d[e[e.length-1]]=b;return c},ab=/^\w{1,9}$/,b", see evidence field for the suspicious comment/snippet.</td>
      </tr>
      <tr>
        <td colspan="1" rowspan="1" class="indent1" width="20%">URL</td>
        <td colspan="1" rowspan="1" width="80%">
          <a shape="rect" href="https://www.googletagmanager.com/gtm.js?id=GTM-53TNVMF">https://www.googletagmanager.com/gtm.js?id=GTM-53TNVMF</a>
        </td>
      </tr>
      <tr>
        <td colspan="1" rowspan="1" class="indent2" width="20%">Method</td>
        <td colspan="1" rowspan="1" width="80%">GET</td>
      </tr>
      <tr>
        <td colspan="1" rowspan="1" class="indent2" width="20%">Parameter</td>
        <td colspan="1" rowspan="1" width="80%"/>
      </tr>
      <tr>
        <td colspan="1" rowspan="1" class="indent2" width="20%">Attack</td>
        <td colspan="1" rowspan="1" width="80%"/>
      </tr>
      <tr>
        <td colspan="1" rowspan="1" class="indent2" width="20%">Evidence</td>
        <td colspan="1" rowspan="1" width="80%">debug</td>
      </tr>
      <tr>
        <td colspan="1" rowspan="1" class="indent2" width="20%">Other Info</td>
        <td colspan="1" rowspan="1" width="80%">The following pattern was used: \bDEBUG\b and was detected 2 times, the first in the element starting with: ""__googtag":{"logging":{"environments":"debug"},"access_globals":{"keys":[{"key":"gtag","read":true,"write":true,"execute":true}", see evidence field for the suspicious comment/snippet.</td>
      </tr>
      <tr>
        <td colspan="1" rowspan="1" class="indent1" width="20%">URL</td>
        <td colspan="1" rowspan="1" width="80%">
          <a shape="rect" href="https://www.googletagmanager.com/gtm.js?id=GTM-53TNVMF">https://www.googletagmanager.com/gtm.js?id=GTM-53TNVMF</a>
        </td>
      </tr>
      <tr>
        <td colspan="1" rowspan="1" class="indent2" width="20%">Method</td>
        <td colspan="1" rowspan="1" width="80%">GET</td>
      </tr>
      <tr>
        <td colspan="1" rowspan="1" class="indent2" width="20%">Parameter</td>
        <td colspan="1" rowspan="1" width="80%"/>
      </tr>
      <tr>
        <td colspan="1" rowspan="1" class="indent2" width="20%">Attack</td>
        <td colspan="1" rowspan="1" width="80%"/>
      </tr>
      <tr>
        <td colspan="1" rowspan="1" class="indent2" width="20%">Evidence</td>
        <td colspan="1" rowspan="1" width="80%">query</td>
      </tr>
      <tr>
        <td colspan="1" rowspan="1" class="indent2" width="20%">Other Info</td>
        <td colspan="1" rowspan="1" width="80%">The following pattern was used: \bQUERY\b and was detected 13 times, the first in the element starting with: "(f=f.substr(h[0].length))}break;case "port":f=String(Number(a.port)||("http"===g?80:"https"===g?443:""));break;case "path":a.pat", see evidence field for the suspicious comment/snippet.</td>
      </tr>
      <tr>
        <td colspan="1" rowspan="1" width="20%">Instances</td>
        <td colspan="1" rowspan="1" width="80%">86</td>
      </tr>
      <tr>
        <td colspan="1" rowspan="1" width="20%">Solution</td>
        <td colspan="1" rowspan="1" width="80%">
          <div>Remove all comments that return information that may help an attacker and fix any underlying problems they refer to.</div>
        </td>
      </tr>
      <tr>
        <td colspan="1" rowspan="1" width="20%">Reference</td>
        <td colspan="1" rowspan="1" width="80%"/>
      </tr>
      <tr>
        <td colspan="1" rowspan="1" width="20%">CWE Id</td>
        <td colspan="1" rowspan="1" width="80%">
          <a shape="rect" href="https://cwe.mitre.org/data/definitions/200.html">200</a>
        </td>
      </tr>
      <tr>
        <td colspan="1" rowspan="1" width="20%">WASC Id</td>
        <td colspan="1" rowspan="1" width="80%">13</td>
      </tr>
      <tr>
        <td colspan="1" rowspan="1" width="20%">Plugin Id</td>
        <td colspan="1" rowspan="1" width="80%">
          <a shape="rect" href="https://www.zaproxy.org/docs/alerts/10027/">10027</a>
        </td>
      </tr>
    </table>
    <div class="spacer"/>
    <table class="results">
      <tr height="24">
        <th colspan="1" rowspan="1" class="risk-0" width="20%">
          <a shape="rect" id="10109"/>
          <div>Informational</div>
        </th>
        <th colspan="1" rowspan="1" class="risk-0">Modern Web Application</th>
      </tr>
      <tr>
        <td colspan="1" rowspan="1" width="20%">Description</td>
        <td colspan="1" rowspan="1" width="80%">
          <div>The application appears to be a modern web application. If you need to explore it automatically then the Ajax Spider may well be more effective than the standard one.</div>
        </td>
      </tr>
      <tr valign="top">
        <td colspan="2" rowspan="1"/>
      </tr>
      <tr>
        <td colspan="1" rowspan="1" class="indent1" width="20%">URL</td>
        <td colspan="1" rowspan="1" width="80%">
          <a shape="rect" href="https://www.fairplay.com.bo/">https://www.fairplay.com.bo/</a>
        </td>
      </tr>
      <tr>
        <td colspan="1" rowspan="1" class="indent2" width="20%">Method</td>
        <td colspan="1" rowspan="1" width="80%">GET</td>
      </tr>
      <tr>
        <td colspan="1" rowspan="1" class="indent2" width="20%">Parameter</td>
        <td colspan="1" rowspan="1" width="80%"/>
      </tr>
      <tr>
        <td colspan="1" rowspan="1" class="indent2" width="20%">Attack</td>
        <td colspan="1" rowspan="1" width="80%"/>
      </tr>
      <tr>
        <td colspan="1" rowspan="1" class="indent2" width="20%">Evidence</td>
        <td colspan="1" rowspan="1" width="80%">&lt;script&gt;
    document.cookie = "VtexWorkspace=master%3A-; expires=Tue, 16 Jan 2024 00:32:35 GMT; path=/; secure; samesite=none"
  &lt;/script&gt;</td>
      </tr>
      <tr>
        <td colspan="1" rowspan="1" class="indent2" width="20%">Other Info</td>
        <td colspan="1" rowspan="1" width="80%">No links have been found while there are scripts, which is an indication that this is a modern web application.</td>
      </tr>
      <tr>
        <td colspan="1" rowspan="1" width="20%">Instances</td>
        <td colspan="1" rowspan="1" width="80%">1</td>
      </tr>
      <tr>
        <td colspan="1" rowspan="1" width="20%">Solution</td>
        <td colspan="1" rowspan="1" width="80%">
          <div>This is an informational alert and so no changes are required.</div>
        </td>
      </tr>
      <tr>
        <td colspan="1" rowspan="1" width="20%">Reference</td>
        <td colspan="1" rowspan="1" width="80%"/>
      </tr>
      <tr>
        <td colspan="1" rowspan="1" width="20%">CWE Id</td>
        <td colspan="1" rowspan="1" width="80%"/>
      </tr>
      <tr>
        <td colspan="1" rowspan="1" width="20%">WASC Id</td>
        <td colspan="1" rowspan="1" width="80%"/>
      </tr>
      <tr>
        <td colspan="1" rowspan="1" width="20%">Plugin Id</td>
        <td colspan="1" rowspan="1" width="80%">
          <a shape="rect" href="https://www.zaproxy.org/docs/alerts/10109/">10109</a>
        </td>
      </tr>
    </table>
    <div class="spacer"/>
    <table class="results">
      <tr height="24">
        <th colspan="1" rowspan="1" class="risk-0" width="20%">
          <a shape="rect" id="10015"/>
          <div>Informational</div>
        </th>
        <th colspan="1" rowspan="1" class="risk-0">Re-examine Cache-control Directives</th>
      </tr>
      <tr>
        <td colspan="1" rowspan="1" width="20%">Description</td>
        <td colspan="1" rowspan="1" width="80%">
          <div>The cache-control header has not been set properly or is missing, allowing the browser and proxies to cache content. For static assets like css, js, or image files this might be intended, however, the resources should be reviewed to ensure that no sensitive content will be cached.</div>
        </td>
      </tr>
      <tr valign="top">
        <td colspan="2" rowspan="1"/>
      </tr>
      <tr>
        <td colspan="1" rowspan="1" class="indent1" width="20%">URL</td>
        <td colspan="1" rowspan="1" width="80%">
          <a shape="rect" href="https://content-autofill.googleapis.com/v1/pages/ChVDaHJvbWUvMTE5LjAuNjA0NS4xNTkSGQljHk2ucY_1rxIFDUZq9SshrJrgae4Hs8c=?alt=proto">https://content-autofill.googleapis.com/v1/pages/ChVDaHJvbWUvMTE5LjAuNjA0NS4xNTkSGQljHk2ucY_1rxIFDUZq9SshrJrgae4Hs8c=?alt=proto</a>
        </td>
      </tr>
      <tr>
        <td colspan="1" rowspan="1" class="indent2" width="20%">Method</td>
        <td colspan="1" rowspan="1" width="80%">GET</td>
      </tr>
      <tr>
        <td colspan="1" rowspan="1" class="indent2" width="20%">Parameter</td>
        <td colspan="1" rowspan="1" width="80%">cache-control</td>
      </tr>
      <tr>
        <td colspan="1" rowspan="1" class="indent2" width="20%">Attack</td>
        <td colspan="1" rowspan="1" width="80%"/>
      </tr>
      <tr>
        <td colspan="1" rowspan="1" class="indent2" width="20%">Evidence</td>
        <td colspan="1" rowspan="1" width="80%">private,max-age=604800</td>
      </tr>
      <tr>
        <td colspan="1" rowspan="1" class="indent2" width="20%">Other Info</td>
        <td colspan="1" rowspan="1" width="80%"/>
      </tr>
      <tr>
        <td colspan="1" rowspan="1" class="indent1" width="20%">URL</td>
        <td colspan="1" rowspan="1" width="80%">
          <a shape="rect" href="https://content-autofill.googleapis.com/v1/pages/ChVDaHJvbWUvMTE5LjAuNjA0NS4xNTkSGQloR8L9v4ND2BIFDXdY_80hrJrgae4Hs8c=?alt=proto">https://content-autofill.googleapis.com/v1/pages/ChVDaHJvbWUvMTE5LjAuNjA0NS4xNTkSGQloR8L9v4ND2BIFDXdY_80hrJrgae4Hs8c=?alt=proto</a>
        </td>
      </tr>
      <tr>
        <td colspan="1" rowspan="1" class="indent2" width="20%">Method</td>
        <td colspan="1" rowspan="1" width="80%">GET</td>
      </tr>
      <tr>
        <td colspan="1" rowspan="1" class="indent2" width="20%">Parameter</td>
        <td colspan="1" rowspan="1" width="80%">cache-control</td>
      </tr>
      <tr>
        <td colspan="1" rowspan="1" class="indent2" width="20%">Attack</td>
        <td colspan="1" rowspan="1" width="80%"/>
      </tr>
      <tr>
        <td colspan="1" rowspan="1" class="indent2" width="20%">Evidence</td>
        <td colspan="1" rowspan="1" width="80%">private,max-age=604800</td>
      </tr>
      <tr>
        <td colspan="1" rowspan="1" class="indent2" width="20%">Other Info</td>
        <td colspan="1" rowspan="1" width="80%"/>
      </tr>
      <tr>
        <td colspan="1" rowspan="1" class="indent1" width="20%">URL</td>
        <td colspan="1" rowspan="1" width="80%">
          <a shape="rect" href="https://optimizationguide-pa.googleapis.com/downloads?name=1673999601&amp;target=OPTIMIZATION_TARGET_PAGE_VISIBILITY">https://optimizationguide-pa.googleapis.com/downloads?name=1673999601&amp;target=OPTIMIZATION_TARGET_PAGE_VISIBILITY</a>
        </td>
      </tr>
      <tr>
        <td colspan="1" rowspan="1" class="indent2" width="20%">Method</td>
        <td colspan="1" rowspan="1" width="80%">GET</td>
      </tr>
      <tr>
        <td colspan="1" rowspan="1" class="indent2" width="20%">Parameter</td>
        <td colspan="1" rowspan="1" width="80%">cache-control</td>
      </tr>
      <tr>
        <td colspan="1" rowspan="1" class="indent2" width="20%">Attack</td>
        <td colspan="1" rowspan="1" width="80%"/>
      </tr>
      <tr>
        <td colspan="1" rowspan="1" class="indent2" width="20%">Evidence</td>
        <td colspan="1" rowspan="1" width="80%">public, max-age=86400</td>
      </tr>
      <tr>
        <td colspan="1" rowspan="1" class="indent2" width="20%">Other Info</td>
        <td colspan="1" rowspan="1" width="80%"/>
      </tr>
      <tr>
        <td colspan="1" rowspan="1" class="indent1" width="20%">URL</td>
        <td colspan="1" rowspan="1" width="80%">
          <a shape="rect" href="https://optimizationguide-pa.googleapis.com/downloads?name=1679317318&amp;target=OPTIMIZATION_TARGET_LANGUAGE_DETECTION">https://optimizationguide-pa.googleapis.com/downloads?name=1679317318&amp;target=OPTIMIZATION_TARGET_LANGUAGE_DETECTION</a>
        </td>
      </tr>
      <tr>
        <td colspan="1" rowspan="1" class="indent2" width="20%">Method</td>
        <td colspan="1" rowspan="1" width="80%">GET</td>
      </tr>
      <tr>
        <td colspan="1" rowspan="1" class="indent2" width="20%">Parameter</td>
        <td colspan="1" rowspan="1" width="80%">cache-control</td>
      </tr>
      <tr>
        <td colspan="1" rowspan="1" class="indent2" width="20%">Attack</td>
        <td colspan="1" rowspan="1" width="80%"/>
      </tr>
      <tr>
        <td colspan="1" rowspan="1" class="indent2" width="20%">Evidence</td>
        <td colspan="1" rowspan="1" width="80%">public, max-age=86400</td>
      </tr>
      <tr>
        <td colspan="1" rowspan="1" class="indent2" width="20%">Other Info</td>
        <td colspan="1" rowspan="1" width="80%"/>
      </tr>
      <tr>
        <td colspan="1" rowspan="1" class="indent1" width="20%">URL</td>
        <td colspan="1" rowspan="1" width="80%">
          <a shape="rect" href="https://optimizationguide-pa.googleapis.com/downloads?name=1698073325&amp;target=OPTIMIZATION_TARGET_CLIENT_SIDE_PHISHING">https://optimizationguide-pa.googleapis.com/downloads?name=1698073325&amp;target=OPTIMIZATION_TARGET_CLIENT_SIDE_PHISHING</a>
        </td>
      </tr>
      <tr>
        <td colspan="1" rowspan="1" class="indent2" width="20%">Method</td>
        <td colspan="1" rowspan="1" width="80%">GET</td>
      </tr>
      <tr>
        <td colspan="1" rowspan="1" class="indent2" width="20%">Parameter</td>
        <td colspan="1" rowspan="1" width="80%">cache-control</td>
      </tr>
      <tr>
        <td colspan="1" rowspan="1" class="indent2" width="20%">Attack</td>
        <td colspan="1" rowspan="1" width="80%"/>
      </tr>
      <tr>
        <td colspan="1" rowspan="1" class="indent2" width="20%">Evidence</td>
        <td colspan="1" rowspan="1" width="80%">public, max-age=86400</td>
      </tr>
      <tr>
        <td colspan="1" rowspan="1" class="indent2" width="20%">Other Info</td>
        <td colspan="1" rowspan="1" width="80%"/>
      </tr>
      <tr>
        <td colspan="1" rowspan="1" class="indent1" width="20%">URL</td>
        <td colspan="1" rowspan="1" width="80%">
          <a shape="rect" href="https://optimizationguide-pa.googleapis.com/downloads?name=1701726567&amp;target=OPTIMIZATION_TARGET_GEOLOCATION_PERMISSION_PREDICTIONS">https://optimizationguide-pa.googleapis.com/downloads?name=1701726567&amp;target=OPTIMIZATION_TARGET_GEOLOCATION_PERMISSION_PREDICTIONS</a>
        </td>
      </tr>
      <tr>
        <td colspan="1" rowspan="1" class="indent2" width="20%">Method</td>
        <td colspan="1" rowspan="1" width="80%">GET</td>
      </tr>
      <tr>
        <td colspan="1" rowspan="1" class="indent2" width="20%">Parameter</td>
        <td colspan="1" rowspan="1" width="80%">cache-control</td>
      </tr>
      <tr>
        <td colspan="1" rowspan="1" class="indent2" width="20%">Attack</td>
        <td colspan="1" rowspan="1" width="80%"/>
      </tr>
      <tr>
        <td colspan="1" rowspan="1" class="indent2" width="20%">Evidence</td>
        <td colspan="1" rowspan="1" width="80%">public, max-age=86400</td>
      </tr>
      <tr>
        <td colspan="1" rowspan="1" class="indent2" width="20%">Other Info</td>
        <td colspan="1" rowspan="1" width="80%"/>
      </tr>
      <tr>
        <td colspan="1" rowspan="1" class="indent1" width="20%">URL</td>
        <td colspan="1" rowspan="1" width="80%">
          <a shape="rect" href="https://optimizationguide-pa.googleapis.com/downloads?name=1701726572&amp;target=OPTIMIZATION_TARGET_NOTIFICATION_PERMISSION_PREDICTIONS">https://optimizationguide-pa.googleapis.com/downloads?name=1701726572&amp;target=OPTIMIZATION_TARGET_NOTIFICATION_PERMISSION_PREDICTIONS</a>
        </td>
      </tr>
      <tr>
        <td colspan="1" rowspan="1" class="indent2" width="20%">Method</td>
        <td colspan="1" rowspan="1" width="80%">GET</td>
      </tr>
      <tr>
        <td colspan="1" rowspan="1" class="indent2" width="20%">Parameter</td>
        <td colspan="1" rowspan="1" width="80%">cache-control</td>
      </tr>
      <tr>
        <td colspan="1" rowspan="1" class="indent2" width="20%">Attack</td>
        <td colspan="1" rowspan="1" width="80%"/>
      </tr>
      <tr>
        <td colspan="1" rowspan="1" class="indent2" width="20%">Evidence</td>
        <td colspan="1" rowspan="1" width="80%">public, max-age=86400</td>
      </tr>
      <tr>
        <td colspan="1" rowspan="1" class="indent2" width="20%">Other Info</td>
        <td colspan="1" rowspan="1" width="80%"/>
      </tr>
      <tr>
        <td colspan="1" rowspan="1" class="indent1" width="20%">URL</td>
        <td colspan="1" rowspan="1" width="80%">
          <a shape="rect" href="https://www.fairplay.com.bo/">https://www.fairplay.com.bo/</a>
        </td>
      </tr>
      <tr>
        <td colspan="1" rowspan="1" class="indent2" width="20%">Method</td>
        <td colspan="1" rowspan="1" width="80%">GET</td>
      </tr>
      <tr>
        <td colspan="1" rowspan="1" class="indent2" width="20%">Parameter</td>
        <td colspan="1" rowspan="1" width="80%">cache-control</td>
      </tr>
      <tr>
        <td colspan="1" rowspan="1" class="indent2" width="20%">Attack</td>
        <td colspan="1" rowspan="1" width="80%"/>
      </tr>
      <tr>
        <td colspan="1" rowspan="1" class="indent2" width="20%">Evidence</td>
        <td colspan="1" rowspan="1" width="80%">public, max-age=310, s-maxage=60, stale-while-revalidate=600, stale-if-error=3600</td>
      </tr>
      <tr>
        <td colspan="1" rowspan="1" class="indent2" width="20%">Other Info</td>
        <td colspan="1" rowspan="1" width="80%"/>
      </tr>
      <tr>
        <td colspan="1" rowspan="1" class="indent1" width="20%">URL</td>
        <td colspan="1" rowspan="1" width="80%">
          <a shape="rect" href="https://www.fairplay.com.bo/_v/public/graphql/v1?workspace=master&amp;maxAge=long&amp;appsEtag=remove&amp;domain=store&amp;locale=es-BO&amp;operationName=getSettings&amp;variables=%7B%7D&amp;extensions=%7B%22persistedQuery%22%3A%7B%22version%22%3A1%2C%22sha256Hash%22%3A%2283882404fef29f19f0566df05a014b32c24745845995c313e2b329d49f0069b6%22%2C%22sender%22%3A%22vtex.structured-data%400.x%22%2C%22provider%22%3A%22vtex.apps-graphql%403.x%22%7D%7D">https://www.fairplay.com.bo/_v/public/graphql/v1?workspace=master&amp;maxAge=long&amp;appsEtag=remove&amp;domain=store&amp;locale=es-BO&amp;operationName=getSettings&amp;variables=%7B%7D&amp;extensions=%7B%22persistedQuery%22%3A%7B%22version%22%3A1%2C%22sha256Hash%22%3A%2283882404fef29f19f0566df05a014b32c24745845995c313e2b329d49f0069b6%22%2C%22sender%22%3A%22vtex.structured-data%400.x%22%2C%22provider%22%3A%22vtex.apps-graphql%403.x%22%7D%7D</a>
        </td>
      </tr>
      <tr>
        <td colspan="1" rowspan="1" class="indent2" width="20%">Method</td>
        <td colspan="1" rowspan="1" width="80%">GET</td>
      </tr>
      <tr>
        <td colspan="1" rowspan="1" class="indent2" width="20%">Parameter</td>
        <td colspan="1" rowspan="1" width="80%">cache-control</td>
      </tr>
      <tr>
        <td colspan="1" rowspan="1" class="indent2" width="20%">Attack</td>
        <td colspan="1" rowspan="1" width="80%"/>
      </tr>
      <tr>
        <td colspan="1" rowspan="1" class="indent2" width="20%">Evidence</td>
        <td colspan="1" rowspan="1" width="80%">public, max-age=86400, stale-while-revalidate=3600</td>
      </tr>
      <tr>
        <td colspan="1" rowspan="1" class="indent2" width="20%">Other Info</td>
        <td colspan="1" rowspan="1" width="80%"/>
      </tr>
      <tr>
        <td colspan="1" rowspan="1" class="indent1" width="20%">URL</td>
        <td colspan="1" rowspan="1" width="80%">
          <a shape="rect" href="https://www.fairplay.com.bo/_v/public/graphql/v1?workspace=master&amp;maxAge=short&amp;appsEtag=remove&amp;domain=store&amp;locale=es-BO&amp;operationName=installedApp&amp;variables=%7B%7D&amp;extensions=%7B%22persistedQuery%22%3A%7B%22version%22%3A1%2C%22sha256Hash%22%3A%22316ccbb9a992a3a75dfb468890338d7832da789f626b52d04516c614d17f8e45%22%2C%22sender%22%3A%22vtex.checkout-resources%400.x%22%2C%22provider%22%3A%22vtex.apps-graphql%403.x%22%7D%2C%22variables%22%3A%22eyJzbHVnIjoidnRleC5jaGVja291dCJ9%22%7D">https://www.fairplay.com.bo/_v/public/graphql/v1?workspace=master&amp;maxAge=short&amp;appsEtag=remove&amp;domain=store&amp;locale=es-BO&amp;operationName=installedApp&amp;variables=%7B%7D&amp;extensions=%7B%22persistedQuery%22%3A%7B%22version%22%3A1%2C%22sha256Hash%22%3A%22316ccbb9a992a3a75dfb468890338d7832da789f626b52d04516c614d17f8e45%22%2C%22sender%22%3A%22vtex.checkout-resources%400.x%22%2C%22provider%22%3A%22vtex.apps-graphql%403.x%22%7D%2C%22variables%22%3A%22eyJzbHVnIjoidnRleC5jaGVja291dCJ9%22%7D</a>
        </td>
      </tr>
      <tr>
        <td colspan="1" rowspan="1" class="indent2" width="20%">Method</td>
        <td colspan="1" rowspan="1" width="80%">GET</td>
      </tr>
      <tr>
        <td colspan="1" rowspan="1" class="indent2" width="20%">Parameter</td>
        <td colspan="1" rowspan="1" width="80%">cache-control</td>
      </tr>
      <tr>
        <td colspan="1" rowspan="1" class="indent2" width="20%">Attack</td>
        <td colspan="1" rowspan="1" width="80%"/>
      </tr>
      <tr>
        <td colspan="1" rowspan="1" class="indent2" width="20%">Evidence</td>
        <td colspan="1" rowspan="1" width="80%">public, max-age=120, stale-while-revalidate=3600</td>
      </tr>
      <tr>
        <td colspan="1" rowspan="1" class="indent2" width="20%">Other Info</td>
        <td colspan="1" rowspan="1" width="80%"/>
      </tr>
      <tr>
        <td colspan="1" rowspan="1" class="indent1" width="20%">URL</td>
        <td colspan="1" rowspan="1" width="80%">
          <a shape="rect" href="https://www.fairplay.com.bo/_v/public/graphql/v1?workspace=master&amp;maxAge=short&amp;appsEtag=remove&amp;domain=store&amp;locale=es-BO&amp;operationName=pwaData&amp;variables=%7B%7D&amp;extensions=%7B%22persistedQuery%22%3A%7B%22version%22%3A1%2C%22sha256Hash%22%3A%224ee7fcc92c2703d46ce3b9eb50bb69e47711004ad5248c19ab712d42b9b74f21%22%2C%22sender%22%3A%22vtex.store-resources%400.x%22%2C%22provider%22%3A%22vtex.pwa-graphql%401.x%22%7D%7D">https://www.fairplay.com.bo/_v/public/graphql/v1?workspace=master&amp;maxAge=short&amp;appsEtag=remove&amp;domain=store&amp;locale=es-BO&amp;operationName=pwaData&amp;variables=%7B%7D&amp;extensions=%7B%22persistedQuery%22%3A%7B%22version%22%3A1%2C%22sha256Hash%22%3A%224ee7fcc92c2703d46ce3b9eb50bb69e47711004ad5248c19ab712d42b9b74f21%22%2C%22sender%22%3A%22vtex.store-resources%400.x%22%2C%22provider%22%3A%22vtex.pwa-graphql%401.x%22%7D%7D</a>
        </td>
      </tr>
      <tr>
        <td colspan="1" rowspan="1" class="indent2" width="20%">Method</td>
        <td colspan="1" rowspan="1" width="80%">GET</td>
      </tr>
      <tr>
        <td colspan="1" rowspan="1" class="indent2" width="20%">Parameter</td>
        <td colspan="1" rowspan="1" width="80%">cache-control</td>
      </tr>
      <tr>
        <td colspan="1" rowspan="1" class="indent2" width="20%">Attack</td>
        <td colspan="1" rowspan="1" width="80%"/>
      </tr>
      <tr>
        <td colspan="1" rowspan="1" class="indent2" width="20%">Evidence</td>
        <td colspan="1" rowspan="1" width="80%">public, max-age=120, stale-while-revalidate=3600</td>
      </tr>
      <tr>
        <td colspan="1" rowspan="1" class="indent2" width="20%">Other Info</td>
        <td colspan="1" rowspan="1" width="80%"/>
      </tr>
      <tr>
        <td colspan="1" rowspan="1" class="indent1" width="20%">URL</td>
        <td colspan="1" rowspan="1" width="80%">
          <a shape="rect" href="https://www.fairplay.com.bo/_v/public/graphql/v1?workspace=master&amp;maxAge=short&amp;appsEtag=remove&amp;domain=store&amp;locale=es-BO&amp;operationName=pwaData&amp;variables=%7B%7D&amp;extensions=%7B%22persistedQuery%22%3A%7B%22version%22%3A1%2C%22sha256Hash%22%3A%22d4ef63f4b8ffd8f8b526bb5d32cd9c0568e94a5f6e914fe9f93d50d92b3b1f75%22%2C%22sender%22%3A%22vtex.store-resources%400.x%22%2C%22provider%22%3A%22vtex.pwa-graphql%401.x%22%7D%7D">https://www.fairplay.com.bo/_v/public/graphql/v1?workspace=master&amp;maxAge=short&amp;appsEtag=remove&amp;domain=store&amp;locale=es-BO&amp;operationName=pwaData&amp;variables=%7B%7D&amp;extensions=%7B%22persistedQuery%22%3A%7B%22version%22%3A1%2C%22sha256Hash%22%3A%22d4ef63f4b8ffd8f8b526bb5d32cd9c0568e94a5f6e914fe9f93d50d92b3b1f75%22%2C%22sender%22%3A%22vtex.store-resources%400.x%22%2C%22provider%22%3A%22vtex.pwa-graphql%401.x%22%7D%7D</a>
        </td>
      </tr>
      <tr>
        <td colspan="1" rowspan="1" class="indent2" width="20%">Method</td>
        <td colspan="1" rowspan="1" width="80%">GET</td>
      </tr>
      <tr>
        <td colspan="1" rowspan="1" class="indent2" width="20%">Parameter</td>
        <td colspan="1" rowspan="1" width="80%">cache-control</td>
      </tr>
      <tr>
        <td colspan="1" rowspan="1" class="indent2" width="20%">Attack</td>
        <td colspan="1" rowspan="1" width="80%"/>
      </tr>
      <tr>
        <td colspan="1" rowspan="1" class="indent2" width="20%">Evidence</td>
        <td colspan="1" rowspan="1" width="80%">public, max-age=120, stale-while-revalidate=3600</td>
      </tr>
      <tr>
        <td colspan="1" rowspan="1" class="indent2" width="20%">Other Info</td>
        <td colspan="1" rowspan="1" width="80%"/>
      </tr>
      <tr>
        <td colspan="1" rowspan="1" class="indent1" width="20%">URL</td>
        <td colspan="1" rowspan="1" width="80%">
          <a shape="rect" href="https://www.fairplay.com.bo/_v/public/graphql/v1?workspace=master&amp;maxAge=short&amp;appsEtag=remove&amp;domain=store&amp;locale=es-BO&amp;operationName=pwaData&amp;variables=%7B%7D&amp;extensions=%7B%22persistedQuery%22%3A%7B%22version%22%3A1%2C%22sha256Hash%22%3A%22d74316adb13d69e4e9511ca53de9aae92b07a0ede2f63817940dc8a42e9f62de%22%2C%22sender%22%3A%22vtex.store-resources%400.x%22%2C%22provider%22%3A%22vtex.pwa-graphql%401.x%22%7D%7D">https://www.fairplay.com.bo/_v/public/graphql/v1?workspace=master&amp;maxAge=short&amp;appsEtag=remove&amp;domain=store&amp;locale=es-BO&amp;operationName=pwaData&amp;variables=%7B%7D&amp;extensions=%7B%22persistedQuery%22%3A%7B%22version%22%3A1%2C%22sha256Hash%22%3A%22d74316adb13d69e4e9511ca53de9aae92b07a0ede2f63817940dc8a42e9f62de%22%2C%22sender%22%3A%22vtex.store-resources%400.x%22%2C%22provider%22%3A%22vtex.pwa-graphql%401.x%22%7D%7D</a>
        </td>
      </tr>
      <tr>
        <td colspan="1" rowspan="1" class="indent2" width="20%">Method</td>
        <td colspan="1" rowspan="1" width="80%">GET</td>
      </tr>
      <tr>
        <td colspan="1" rowspan="1" class="indent2" width="20%">Parameter</td>
        <td colspan="1" rowspan="1" width="80%">cache-control</td>
      </tr>
      <tr>
        <td colspan="1" rowspan="1" class="indent2" width="20%">Attack</td>
        <td colspan="1" rowspan="1" width="80%"/>
      </tr>
      <tr>
        <td colspan="1" rowspan="1" class="indent2" width="20%">Evidence</td>
        <td colspan="1" rowspan="1" width="80%">public, max-age=120, stale-while-revalidate=3600</td>
      </tr>
      <tr>
        <td colspan="1" rowspan="1" class="indent2" width="20%">Other Info</td>
        <td colspan="1" rowspan="1" width="80%"/>
      </tr>
      <tr>
        <td colspan="1" rowspan="1" class="indent1" width="20%">URL</td>
        <td colspan="1" rowspan="1" width="80%">
          <a shape="rect" href="https://www.fairplay.com.bo/_v/public/graphql/v1?workspace=master&amp;maxAge=short&amp;appsEtag=remove&amp;domain=store&amp;locale=es-BO&amp;operationName=pwaData&amp;variables=%7B%7D&amp;extensions=%7B%22persistedQuery%22%3A%7B%22version%22%3A1%2C%22sha256Hash%22%3A%22deda973471d2ddce55e2d6ebd8963c2f4f947d32e051bb798cec0bbfbb9e3ca3%22%2C%22sender%22%3A%22vtex.store-resources%400.x%22%2C%22provider%22%3A%22vtex.pwa-graphql%401.x%22%7D%7D">https://www.fairplay.com.bo/_v/public/graphql/v1?workspace=master&amp;maxAge=short&amp;appsEtag=remove&amp;domain=store&amp;locale=es-BO&amp;operationName=pwaData&amp;variables=%7B%7D&amp;extensions=%7B%22persistedQuery%22%3A%7B%22version%22%3A1%2C%22sha256Hash%22%3A%22deda973471d2ddce55e2d6ebd8963c2f4f947d32e051bb798cec0bbfbb9e3ca3%22%2C%22sender%22%3A%22vtex.store-resources%400.x%22%2C%22provider%22%3A%22vtex.pwa-graphql%401.x%22%7D%7D</a>
        </td>
      </tr>
      <tr>
        <td colspan="1" rowspan="1" class="indent2" width="20%">Method</td>
        <td colspan="1" rowspan="1" width="80%">GET</td>
      </tr>
      <tr>
        <td colspan="1" rowspan="1" class="indent2" width="20%">Parameter</td>
        <td colspan="1" rowspan="1" width="80%">cache-control</td>
      </tr>
      <tr>
        <td colspan="1" rowspan="1" class="indent2" width="20%">Attack</td>
        <td colspan="1" rowspan="1" width="80%"/>
      </tr>
      <tr>
        <td colspan="1" rowspan="1" class="indent2" width="20%">Evidence</td>
        <td colspan="1" rowspan="1" width="80%">public, max-age=120, stale-while-revalidate=3600</td>
      </tr>
      <tr>
        <td colspan="1" rowspan="1" class="indent2" width="20%">Other Info</td>
        <td colspan="1" rowspan="1" width="80%"/>
      </tr>
      <tr>
        <td colspan="1" rowspan="1" class="indent1" width="20%">URL</td>
        <td colspan="1" rowspan="1" width="80%">
          <a shape="rect" href="https://www.fairplay.com.bo/_v/public/graphql/v1?workspace=master&amp;maxAge=short&amp;appsEtag=remove&amp;domain=store&amp;locale=es-BO&amp;operationName=topSearches&amp;variables=%7B%7D&amp;extensions=%7B%22persistedQuery%22%3A%7B%22version%22%3A1%2C%22sha256Hash%22%3A%223716a7e9b7fc6fa498d6f6007175b1d948abc31c5291347add48a7f9fa74bbb0%22%2C%22sender%22%3A%22vtex.search%401.x%22%2C%22provider%22%3A%22vtex.search%401.x%22%7D%7D">https://www.fairplay.com.bo/_v/public/graphql/v1?workspace=master&amp;maxAge=short&amp;appsEtag=remove&amp;domain=store&amp;locale=es-BO&amp;operationName=topSearches&amp;variables=%7B%7D&amp;extensions=%7B%22persistedQuery%22%3A%7B%22version%22%3A1%2C%22sha256Hash%22%3A%223716a7e9b7fc6fa498d6f6007175b1d948abc31c5291347add48a7f9fa74bbb0%22%2C%22sender%22%3A%22vtex.search%401.x%22%2C%22provider%22%3A%22vtex.search%401.x%22%7D%7D</a>
        </td>
      </tr>
      <tr>
        <td colspan="1" rowspan="1" class="indent2" width="20%">Method</td>
        <td colspan="1" rowspan="1" width="80%">GET</td>
      </tr>
      <tr>
        <td colspan="1" rowspan="1" class="indent2" width="20%">Parameter</td>
        <td colspan="1" rowspan="1" width="80%">cache-control</td>
      </tr>
      <tr>
        <td colspan="1" rowspan="1" class="indent2" width="20%">Attack</td>
        <td colspan="1" rowspan="1" width="80%"/>
      </tr>
      <tr>
        <td colspan="1" rowspan="1" class="indent2" width="20%">Evidence</td>
        <td colspan="1" rowspan="1" width="80%">public, max-age=120, stale-while-revalidate=3600</td>
      </tr>
      <tr>
        <td colspan="1" rowspan="1" class="indent2" width="20%">Other Info</td>
        <td colspan="1" rowspan="1" width="80%"/>
      </tr>
      <tr>
        <td colspan="1" rowspan="1" class="indent1" width="20%">URL</td>
        <td colspan="1" rowspan="1" width="80%">
          <a shape="rect" href="https://www.fairplay.com.bo/_v/segment/graphql/v1?workspace=master&amp;maxAge=short&amp;appsEtag=remove&amp;domain=store&amp;locale=es-BO&amp;operationName=Products&amp;variables=%7B%7D&amp;extensions=%7B%22persistedQuery%22%3A%7B%22version%22%3A1%2C%22sha256Hash%22%3A%224877b29940906d57e924950723efc7ec8c81c57eb7a4c21648153fb257066ce3%22%2C%22sender%22%3A%22vtex.store-resources%400.x%22%2C%22provider%22%3A%22vtex.search-graphql%400.x%22%7D%2C%22variables%22%3A%22eyJoaWRlVW5hdmFpbGFibGVJdGVtcyI6ZmFsc2UsInNrdXNGaWx0ZXIiOiJBTExfQVZBSUxBQkxFIiwiaW5zdGFsbG1lbnRDcml0ZXJpYSI6Ik1BWF9XSVRIT1VUX0lOVEVSRVNUIiwiY2F0ZWdvcnkiOiI0Ny81NC81OCIsImNvbGxlY3Rpb24iOiIiLCJzcGVjaWZpY2F0aW9uRmlsdGVycyI6W10sIm9yZGVyQnkiOiJPcmRlckJ5UHJpY2VERVNDIiwiZnJvbSI6MCwidG8iOjQ5LCJzaGlwcGluZ09wdGlvbnMiOltdLCJ2YXJpYW50IjoiIn0%3D%22%7D">https://www.fairplay.com.bo/_v/segment/graphql/v1?workspace=master&amp;maxAge=short&amp;appsEtag=remove&amp;domain=store&amp;locale=es-BO&amp;operationName=Products&amp;variables=%7B%7D&amp;extensions=%7B%22persistedQuery%22%3A%7B%22version%22%3A1%2C%22sha256Hash%22%3A%224877b29940906d57e924950723efc7ec8c81c57eb7a4c21648153fb257066ce3%22%2C%22sender%22%3A%22vtex.store-resources%400.x%22%2C%22provider%22%3A%22vtex.search-graphql%400.x%22%7D%2C%22variables%22%3A%22eyJoaWRlVW5hdmFpbGFibGVJdGVtcyI6ZmFsc2UsInNrdXNGaWx0ZXIiOiJBTExfQVZBSUxBQkxFIiwiaW5zdGFsbG1lbnRDcml0ZXJpYSI6Ik1BWF9XSVRIT1VUX0lOVEVSRVNUIiwiY2F0ZWdvcnkiOiI0Ny81NC81OCIsImNvbGxlY3Rpb24iOiIiLCJzcGVjaWZpY2F0aW9uRmlsdGVycyI6W10sIm9yZGVyQnkiOiJPcmRlckJ5UHJpY2VERVNDIiwiZnJvbSI6MCwidG8iOjQ5LCJzaGlwcGluZ09wdGlvbnMiOltdLCJ2YXJpYW50IjoiIn0%3D%22%7D</a>
        </td>
      </tr>
      <tr>
        <td colspan="1" rowspan="1" class="indent2" width="20%">Method</td>
        <td colspan="1" rowspan="1" width="80%">GET</td>
      </tr>
      <tr>
        <td colspan="1" rowspan="1" class="indent2" width="20%">Parameter</td>
        <td colspan="1" rowspan="1" width="80%">cache-control</td>
      </tr>
      <tr>
        <td colspan="1" rowspan="1" class="indent2" width="20%">Attack</td>
        <td colspan="1" rowspan="1" width="80%"/>
      </tr>
      <tr>
        <td colspan="1" rowspan="1" class="indent2" width="20%">Evidence</td>
        <td colspan="1" rowspan="1" width="80%">public, max-age=120, stale-while-revalidate=3600</td>
      </tr>
      <tr>
        <td colspan="1" rowspan="1" class="indent2" width="20%">Other Info</td>
        <td colspan="1" rowspan="1" width="80%"/>
      </tr>
      <tr>
        <td colspan="1" rowspan="1" class="indent1" width="20%">URL</td>
        <td colspan="1" rowspan="1" width="80%">
          <a shape="rect" href="https://www.fairplay.com.bo/_v/segment/graphql/v1?workspace=master&amp;maxAge=short&amp;appsEtag=remove&amp;domain=store&amp;locale=es-BO&amp;operationName=Products&amp;variables=%7B%7D&amp;extensions=%7B%22persistedQuery%22%3A%7B%22version%22%3A1%2C%22sha256Hash%22%3A%224877b29940906d57e924950723efc7ec8c81c57eb7a4c21648153fb257066ce3%22%2C%22sender%22%3A%22vtex.store-resources%400.x%22%2C%22provider%22%3A%22vtex.search-graphql%400.x%22%7D%2C%22variables%22%3A%22eyJoaWRlVW5hdmFpbGFibGVJdGVtcyI6ZmFsc2UsInNrdXNGaWx0ZXIiOiJBTExfQVZBSUxBQkxFIiwiaW5zdGFsbG1lbnRDcml0ZXJpYSI6Ik1BWF9XSVRIT1VUX0lOVEVSRVNUIiwiY2F0ZWdvcnkiOiI0Ny81NSIsImNvbGxlY3Rpb24iOiIiLCJzcGVjaWZpY2F0aW9uRmlsdGVycyI6W10sIm9yZGVyQnkiOiJPcmRlckJ5UHJpY2VBU0MiLCJmcm9tIjowLCJ0byI6NDksInNoaXBwaW5nT3B0aW9ucyI6W10sInZhcmlhbnQiOiIifQ%3D%3D%22%7D">https://www.fairplay.com.bo/_v/segment/graphql/v1?workspace=master&amp;maxAge=short&amp;appsEtag=remove&amp;domain=store&amp;locale=es-BO&amp;operationName=Products&amp;variables=%7B%7D&amp;extensions=%7B%22persistedQuery%22%3A%7B%22version%22%3A1%2C%22sha256Hash%22%3A%224877b29940906d57e924950723efc7ec8c81c57eb7a4c21648153fb257066ce3%22%2C%22sender%22%3A%22vtex.store-resources%400.x%22%2C%22provider%22%3A%22vtex.search-graphql%400.x%22%7D%2C%22variables%22%3A%22eyJoaWRlVW5hdmFpbGFibGVJdGVtcyI6ZmFsc2UsInNrdXNGaWx0ZXIiOiJBTExfQVZBSUxBQkxFIiwiaW5zdGFsbG1lbnRDcml0ZXJpYSI6Ik1BWF9XSVRIT1VUX0lOVEVSRVNUIiwiY2F0ZWdvcnkiOiI0Ny81NSIsImNvbGxlY3Rpb24iOiIiLCJzcGVjaWZpY2F0aW9uRmlsdGVycyI6W10sIm9yZGVyQnkiOiJPcmRlckJ5UHJpY2VBU0MiLCJmcm9tIjowLCJ0byI6NDksInNoaXBwaW5nT3B0aW9ucyI6W10sInZhcmlhbnQiOiIifQ%3D%3D%22%7D</a>
        </td>
      </tr>
      <tr>
        <td colspan="1" rowspan="1" class="indent2" width="20%">Method</td>
        <td colspan="1" rowspan="1" width="80%">GET</td>
      </tr>
      <tr>
        <td colspan="1" rowspan="1" class="indent2" width="20%">Parameter</td>
        <td colspan="1" rowspan="1" width="80%">cache-control</td>
      </tr>
      <tr>
        <td colspan="1" rowspan="1" class="indent2" width="20%">Attack</td>
        <td colspan="1" rowspan="1" width="80%"/>
      </tr>
      <tr>
        <td colspan="1" rowspan="1" class="indent2" width="20%">Evidence</td>
        <td colspan="1" rowspan="1" width="80%">public, max-age=120, stale-while-revalidate=3600</td>
      </tr>
      <tr>
        <td colspan="1" rowspan="1" class="indent2" width="20%">Other Info</td>
        <td colspan="1" rowspan="1" width="80%"/>
      </tr>
      <tr>
        <td colspan="1" rowspan="1" class="indent1" width="20%">URL</td>
        <td colspan="1" rowspan="1" width="80%">
          <a shape="rect" href="https://www.fairplay.com.bo/_v/segment/graphql/v1?workspace=master&amp;maxAge=short&amp;appsEtag=remove&amp;domain=store&amp;locale=es-BO&amp;operationName=Products&amp;variables=%7B%7D&amp;extensions=%7B%22persistedQuery%22%3A%7B%22version%22%3A1%2C%22sha256Hash%22%3A%224877b29940906d57e924950723efc7ec8c81c57eb7a4c21648153fb257066ce3%22%2C%22sender%22%3A%22vtex.store-resources%400.x%22%2C%22provider%22%3A%22vtex.search-graphql%400.x%22%7D%2C%22variables%22%3A%22eyJoaWRlVW5hdmFpbGFibGVJdGVtcyI6ZmFsc2UsInNrdXNGaWx0ZXIiOiJBTExfQVZBSUxBQkxFIiwiaW5zdGFsbG1lbnRDcml0ZXJpYSI6Ik1BWF9XSVRIT1VUX0lOVEVSRVNUIiwiY2F0ZWdvcnkiOiI0OC85NiIsImNvbGxlY3Rpb24iOiIiLCJzcGVjaWZpY2F0aW9uRmlsdGVycyI6W10sIm9yZGVyQnkiOiJPcmRlckJ5UHJpY2VERVNDIiwiZnJvbSI6MCwidG8iOjQ5LCJzaGlwcGluZ09wdGlvbnMiOltdLCJ2YXJpYW50IjoiIn0%3D%22%7D">https://www.fairplay.com.bo/_v/segment/graphql/v1?workspace=master&amp;maxAge=short&amp;appsEtag=remove&amp;domain=store&amp;locale=es-BO&amp;operationName=Products&amp;variables=%7B%7D&amp;extensions=%7B%22persistedQuery%22%3A%7B%22version%22%3A1%2C%22sha256Hash%22%3A%224877b29940906d57e924950723efc7ec8c81c57eb7a4c21648153fb257066ce3%22%2C%22sender%22%3A%22vtex.store-resources%400.x%22%2C%22provider%22%3A%22vtex.search-graphql%400.x%22%7D%2C%22variables%22%3A%22eyJoaWRlVW5hdmFpbGFibGVJdGVtcyI6ZmFsc2UsInNrdXNGaWx0ZXIiOiJBTExfQVZBSUxBQkxFIiwiaW5zdGFsbG1lbnRDcml0ZXJpYSI6Ik1BWF9XSVRIT1VUX0lOVEVSRVNUIiwiY2F0ZWdvcnkiOiI0OC85NiIsImNvbGxlY3Rpb24iOiIiLCJzcGVjaWZpY2F0aW9uRmlsdGVycyI6W10sIm9yZGVyQnkiOiJPcmRlckJ5UHJpY2VERVNDIiwiZnJvbSI6MCwidG8iOjQ5LCJzaGlwcGluZ09wdGlvbnMiOltdLCJ2YXJpYW50IjoiIn0%3D%22%7D</a>
        </td>
      </tr>
      <tr>
        <td colspan="1" rowspan="1" class="indent2" width="20%">Method</td>
        <td colspan="1" rowspan="1" width="80%">GET</td>
      </tr>
      <tr>
        <td colspan="1" rowspan="1" class="indent2" width="20%">Parameter</td>
        <td colspan="1" rowspan="1" width="80%">cache-control</td>
      </tr>
      <tr>
        <td colspan="1" rowspan="1" class="indent2" width="20%">Attack</td>
        <td colspan="1" rowspan="1" width="80%"/>
      </tr>
      <tr>
        <td colspan="1" rowspan="1" class="indent2" width="20%">Evidence</td>
        <td colspan="1" rowspan="1" width="80%">public, max-age=120, stale-while-revalidate=3600</td>
      </tr>
      <tr>
        <td colspan="1" rowspan="1" class="indent2" width="20%">Other Info</td>
        <td colspan="1" rowspan="1" width="80%"/>
      </tr>
      <tr>
        <td colspan="1" rowspan="1" class="indent1" width="20%">URL</td>
        <td colspan="1" rowspan="1" width="80%">
          <a shape="rect" href="https://www.fairplay.com.bo/api/dataentities/CF/search?_fields=id,imageFlag,idCollection,active,percentage,shippingFree&amp;_where=idCollection=141">https://www.fairplay.com.bo/api/dataentities/CF/search?_fields=id,imageFlag,idCollection,active,percentage,shippingFree&amp;_where=idCollection=141</a>
        </td>
      </tr>
      <tr>
        <td colspan="1" rowspan="1" class="indent2" width="20%">Method</td>
        <td colspan="1" rowspan="1" width="80%">GET</td>
      </tr>
      <tr>
        <td colspan="1" rowspan="1" class="indent2" width="20%">Parameter</td>
        <td colspan="1" rowspan="1" width="80%">cache-control</td>
      </tr>
      <tr>
        <td colspan="1" rowspan="1" class="indent2" width="20%">Attack</td>
        <td colspan="1" rowspan="1" width="80%"/>
      </tr>
      <tr>
        <td colspan="1" rowspan="1" class="indent2" width="20%">Evidence</td>
        <td colspan="1" rowspan="1" width="80%">no-cache</td>
      </tr>
      <tr>
        <td colspan="1" rowspan="1" class="indent2" width="20%">Other Info</td>
        <td colspan="1" rowspan="1" width="80%"/>
      </tr>
      <tr>
        <td colspan="1" rowspan="1" class="indent1" width="20%">URL</td>
        <td colspan="1" rowspan="1" width="80%">
          <a shape="rect" href="https://www.fairplay.com.bo/api/dataentities/CF/search?_fields=id,imageFlag,idCollection,active,percentage,shippingFree&amp;_where=idCollection=141%20OR%20idCollection=162%20OR%20idCollection=392">https://www.fairplay.com.bo/api/dataentities/CF/search?_fields=id,imageFlag,idCollection,active,percentage,shippingFree&amp;_where=idCollection=141%20OR%20idCollection=162%20OR%20idCollection=392</a>
        </td>
      </tr>
      <tr>
        <td colspan="1" rowspan="1" class="indent2" width="20%">Method</td>
        <td colspan="1" rowspan="1" width="80%">GET</td>
      </tr>
      <tr>
        <td colspan="1" rowspan="1" class="indent2" width="20%">Parameter</td>
        <td colspan="1" rowspan="1" width="80%">cache-control</td>
      </tr>
      <tr>
        <td colspan="1" rowspan="1" class="indent2" width="20%">Attack</td>
        <td colspan="1" rowspan="1" width="80%"/>
      </tr>
      <tr>
        <td colspan="1" rowspan="1" class="indent2" width="20%">Evidence</td>
        <td colspan="1" rowspan="1" width="80%">no-cache</td>
      </tr>
      <tr>
        <td colspan="1" rowspan="1" class="indent2" width="20%">Other Info</td>
        <td colspan="1" rowspan="1" width="80%"/>
      </tr>
      <tr>
        <td colspan="1" rowspan="1" class="indent1" width="20%">URL</td>
        <td colspan="1" rowspan="1" width="80%">
          <a shape="rect" href="https://www.fairplay.com.bo/api/dataentities/CF/search?_fields=id,imageFlag,idCollection,active,percentage,shippingFree&amp;_where=idCollection=141%20OR%20idCollection=198%20OR%20idCollection=341%20OR%20idCollection=425">https://www.fairplay.com.bo/api/dataentities/CF/search?_fields=id,imageFlag,idCollection,active,percentage,shippingFree&amp;_where=idCollection=141%20OR%20idCollection=198%20OR%20idCollection=341%20OR%20idCollection=425</a>
        </td>
      </tr>
      <tr>
        <td colspan="1" rowspan="1" class="indent2" width="20%">Method</td>
        <td colspan="1" rowspan="1" width="80%">GET</td>
      </tr>
      <tr>
        <td colspan="1" rowspan="1" class="indent2" width="20%">Parameter</td>
        <td colspan="1" rowspan="1" width="80%">cache-control</td>
      </tr>
      <tr>
        <td colspan="1" rowspan="1" class="indent2" width="20%">Attack</td>
        <td colspan="1" rowspan="1" width="80%"/>
      </tr>
      <tr>
        <td colspan="1" rowspan="1" class="indent2" width="20%">Evidence</td>
        <td colspan="1" rowspan="1" width="80%">no-cache</td>
      </tr>
      <tr>
        <td colspan="1" rowspan="1" class="indent2" width="20%">Other Info</td>
        <td colspan="1" rowspan="1" width="80%"/>
      </tr>
      <tr>
        <td colspan="1" rowspan="1" class="indent1" width="20%">URL</td>
        <td colspan="1" rowspan="1" width="80%">
          <a shape="rect" href="https://www.fairplay.com.bo/api/dataentities/CF/search?_fields=id,imageFlag,idCollection,active,percentage,shippingFree&amp;_where=idCollection=141%20OR%20idCollection=213">https://www.fairplay.com.bo/api/dataentities/CF/search?_fields=id,imageFlag,idCollection,active,percentage,shippingFree&amp;_where=idCollection=141%20OR%20idCollection=213</a>
        </td>
      </tr>
      <tr>
        <td colspan="1" rowspan="1" class="indent2" width="20%">Method</td>
        <td colspan="1" rowspan="1" width="80%">GET</td>
      </tr>
      <tr>
        <td colspan="1" rowspan="1" class="indent2" width="20%">Parameter</td>
        <td colspan="1" rowspan="1" width="80%">cache-control</td>
      </tr>
      <tr>
        <td colspan="1" rowspan="1" class="indent2" width="20%">Attack</td>
        <td colspan="1" rowspan="1" width="80%"/>
      </tr>
      <tr>
        <td colspan="1" rowspan="1" class="indent2" width="20%">Evidence</td>
        <td colspan="1" rowspan="1" width="80%">no-cache</td>
      </tr>
      <tr>
        <td colspan="1" rowspan="1" class="indent2" width="20%">Other Info</td>
        <td colspan="1" rowspan="1" width="80%"/>
      </tr>
      <tr>
        <td colspan="1" rowspan="1" class="indent1" width="20%">URL</td>
        <td colspan="1" rowspan="1" width="80%">
          <a shape="rect" href="https://www.fairplay.com.bo/api/dataentities/CF/search?_fields=id,imageFlag,idCollection,active,percentage,shippingFree&amp;_where=idCollection=141%20OR%20idCollection=215%20OR%20idCollection=341%20OR%20idCollection=392">https://www.fairplay.com.bo/api/dataentities/CF/search?_fields=id,imageFlag,idCollection,active,percentage,shippingFree&amp;_where=idCollection=141%20OR%20idCollection=215%20OR%20idCollection=341%20OR%20idCollection=392</a>
        </td>
      </tr>
      <tr>
        <td colspan="1" rowspan="1" class="indent2" width="20%">Method</td>
        <td colspan="1" rowspan="1" width="80%">GET</td>
      </tr>
      <tr>
        <td colspan="1" rowspan="1" class="indent2" width="20%">Parameter</td>
        <td colspan="1" rowspan="1" width="80%">cache-control</td>
      </tr>
      <tr>
        <td colspan="1" rowspan="1" class="indent2" width="20%">Attack</td>
        <td colspan="1" rowspan="1" width="80%"/>
      </tr>
      <tr>
        <td colspan="1" rowspan="1" class="indent2" width="20%">Evidence</td>
        <td colspan="1" rowspan="1" width="80%">no-cache</td>
      </tr>
      <tr>
        <td colspan="1" rowspan="1" class="indent2" width="20%">Other Info</td>
        <td colspan="1" rowspan="1" width="80%"/>
      </tr>
      <tr>
        <td colspan="1" rowspan="1" class="indent1" width="20%">URL</td>
        <td colspan="1" rowspan="1" width="80%">
          <a shape="rect" href="https://www.fairplay.com.bo/api/dataentities/CF/search?_fields=id,imageFlag,idCollection,active,percentage,shippingFree&amp;_where=idCollection=141%20OR%20idCollection=225%20OR%20idCollection=341%20OR%20idCollection=425">https://www.fairplay.com.bo/api/dataentities/CF/search?_fields=id,imageFlag,idCollection,active,percentage,shippingFree&amp;_where=idCollection=141%20OR%20idCollection=225%20OR%20idCollection=341%20OR%20idCollection=425</a>
        </td>
      </tr>
      <tr>
        <td colspan="1" rowspan="1" class="indent2" width="20%">Method</td>
        <td colspan="1" rowspan="1" width="80%">GET</td>
      </tr>
      <tr>
        <td colspan="1" rowspan="1" class="indent2" width="20%">Parameter</td>
        <td colspan="1" rowspan="1" width="80%">cache-control</td>
      </tr>
      <tr>
        <td colspan="1" rowspan="1" class="indent2" width="20%">Attack</td>
        <td colspan="1" rowspan="1" width="80%"/>
      </tr>
      <tr>
        <td colspan="1" rowspan="1" class="indent2" width="20%">Evidence</td>
        <td colspan="1" rowspan="1" width="80%">no-cache</td>
      </tr>
      <tr>
        <td colspan="1" rowspan="1" class="indent2" width="20%">Other Info</td>
        <td colspan="1" rowspan="1" width="80%"/>
      </tr>
      <tr>
        <td colspan="1" rowspan="1" class="indent1" width="20%">URL</td>
        <td colspan="1" rowspan="1" width="80%">
          <a shape="rect" href="https://www.fairplay.com.bo/api/dataentities/CF/search?_fields=id,imageFlag,idCollection,active,percentage,shippingFree&amp;_where=idCollection=141%20OR%20idCollection=307">https://www.fairplay.com.bo/api/dataentities/CF/search?_fields=id,imageFlag,idCollection,active,percentage,shippingFree&amp;_where=idCollection=141%20OR%20idCollection=307</a>
        </td>
      </tr>
      <tr>
        <td colspan="1" rowspan="1" class="indent2" width="20%">Method</td>
        <td colspan="1" rowspan="1" width="80%">GET</td>
      </tr>
      <tr>
        <td colspan="1" rowspan="1" class="indent2" width="20%">Parameter</td>
        <td colspan="1" rowspan="1" width="80%">cache-control</td>
      </tr>
      <tr>
        <td colspan="1" rowspan="1" class="indent2" width="20%">Attack</td>
        <td colspan="1" rowspan="1" width="80%"/>
      </tr>
      <tr>
        <td colspan="1" rowspan="1" class="indent2" width="20%">Evidence</td>
        <td colspan="1" rowspan="1" width="80%">no-cache</td>
      </tr>
      <tr>
        <td colspan="1" rowspan="1" class="indent2" width="20%">Other Info</td>
        <td colspan="1" rowspan="1" width="80%"/>
      </tr>
      <tr>
        <td colspan="1" rowspan="1" class="indent1" width="20%">URL</td>
        <td colspan="1" rowspan="1" width="80%">
          <a shape="rect" href="https://www.fairplay.com.bo/api/dataentities/CF/search?_fields=id,imageFlag,idCollection,active,percentage,shippingFree&amp;_where=idCollection=141%20OR%20idCollection=310">https://www.fairplay.com.bo/api/dataentities/CF/search?_fields=id,imageFlag,idCollection,active,percentage,shippingFree&amp;_where=idCollection=141%20OR%20idCollection=310</a>
        </td>
      </tr>
      <tr>
        <td colspan="1" rowspan="1" class="indent2" width="20%">Method</td>
        <td colspan="1" rowspan="1" width="80%">GET</td>
      </tr>
      <tr>
        <td colspan="1" rowspan="1" class="indent2" width="20%">Parameter</td>
        <td colspan="1" rowspan="1" width="80%">cache-control</td>
      </tr>
      <tr>
        <td colspan="1" rowspan="1" class="indent2" width="20%">Attack</td>
        <td colspan="1" rowspan="1" width="80%"/>
      </tr>
      <tr>
        <td colspan="1" rowspan="1" class="indent2" width="20%">Evidence</td>
        <td colspan="1" rowspan="1" width="80%">no-cache</td>
      </tr>
      <tr>
        <td colspan="1" rowspan="1" class="indent2" width="20%">Other Info</td>
        <td colspan="1" rowspan="1" width="80%"/>
      </tr>
      <tr>
        <td colspan="1" rowspan="1" class="indent1" width="20%">URL</td>
        <td colspan="1" rowspan="1" width="80%">
          <a shape="rect" href="https://www.fairplay.com.bo/api/dataentities/CF/search?_fields=id,imageFlag,idCollection,active,percentage,shippingFree&amp;_where=idCollection=141%20OR%20idCollection=310%20OR%20idCollection=341%20OR%20idCollection=425">https://www.fairplay.com.bo/api/dataentities/CF/search?_fields=id,imageFlag,idCollection,active,percentage,shippingFree&amp;_where=idCollection=141%20OR%20idCollection=310%20OR%20idCollection=341%20OR%20idCollection=425</a>
        </td>
      </tr>
      <tr>
        <td colspan="1" rowspan="1" class="indent2" width="20%">Method</td>
        <td colspan="1" rowspan="1" width="80%">GET</td>
      </tr>
      <tr>
        <td colspan="1" rowspan="1" class="indent2" width="20%">Parameter</td>
        <td colspan="1" rowspan="1" width="80%">cache-control</td>
      </tr>
      <tr>
        <td colspan="1" rowspan="1" class="indent2" width="20%">Attack</td>
        <td colspan="1" rowspan="1" width="80%"/>
      </tr>
      <tr>
        <td colspan="1" rowspan="1" class="indent2" width="20%">Evidence</td>
        <td colspan="1" rowspan="1" width="80%">no-cache</td>
      </tr>
      <tr>
        <td colspan="1" rowspan="1" class="indent2" width="20%">Other Info</td>
        <td colspan="1" rowspan="1" width="80%"/>
      </tr>
      <tr>
        <td colspan="1" rowspan="1" class="indent1" width="20%">URL</td>
        <td colspan="1" rowspan="1" width="80%">
          <a shape="rect" href="https://www.fairplay.com.bo/api/dataentities/CF/search?_fields=id,imageFlag,idCollection,active,percentage,shippingFree&amp;_where=idCollection=141%20OR%20idCollection=335">https://www.fairplay.com.bo/api/dataentities/CF/search?_fields=id,imageFlag,idCollection,active,percentage,shippingFree&amp;_where=idCollection=141%20OR%20idCollection=335</a>
        </td>
      </tr>
      <tr>
        <td colspan="1" rowspan="1" class="indent2" width="20%">Method</td>
        <td colspan="1" rowspan="1" width="80%">GET</td>
      </tr>
      <tr>
        <td colspan="1" rowspan="1" class="indent2" width="20%">Parameter</td>
        <td colspan="1" rowspan="1" width="80%">cache-control</td>
      </tr>
      <tr>
        <td colspan="1" rowspan="1" class="indent2" width="20%">Attack</td>
        <td colspan="1" rowspan="1" width="80%"/>
      </tr>
      <tr>
        <td colspan="1" rowspan="1" class="indent2" width="20%">Evidence</td>
        <td colspan="1" rowspan="1" width="80%">no-cache</td>
      </tr>
      <tr>
        <td colspan="1" rowspan="1" class="indent2" width="20%">Other Info</td>
        <td colspan="1" rowspan="1" width="80%"/>
      </tr>
      <tr>
        <td colspan="1" rowspan="1" class="indent1" width="20%">URL</td>
        <td colspan="1" rowspan="1" width="80%">
          <a shape="rect" href="https://www.fairplay.com.bo/api/dataentities/CF/search?_fields=id,imageFlag,idCollection,active,percentage,shippingFree&amp;_where=idCollection=141%20OR%20idCollection=335%20OR%20idCollection=341%20OR%20idCollection=392">https://www.fairplay.com.bo/api/dataentities/CF/search?_fields=id,imageFlag,idCollection,active,percentage,shippingFree&amp;_where=idCollection=141%20OR%20idCollection=335%20OR%20idCollection=341%20OR%20idCollection=392</a>
        </td>
      </tr>
      <tr>
        <td colspan="1" rowspan="1" class="indent2" width="20%">Method</td>
        <td colspan="1" rowspan="1" width="80%">GET</td>
      </tr>
      <tr>
        <td colspan="1" rowspan="1" class="indent2" width="20%">Parameter</td>
        <td colspan="1" rowspan="1" width="80%">cache-control</td>
      </tr>
      <tr>
        <td colspan="1" rowspan="1" class="indent2" width="20%">Attack</td>
        <td colspan="1" rowspan="1" width="80%"/>
      </tr>
      <tr>
        <td colspan="1" rowspan="1" class="indent2" width="20%">Evidence</td>
        <td colspan="1" rowspan="1" width="80%">no-cache</td>
      </tr>
      <tr>
        <td colspan="1" rowspan="1" class="indent2" width="20%">Other Info</td>
        <td colspan="1" rowspan="1" width="80%"/>
      </tr>
      <tr>
        <td colspan="1" rowspan="1" class="indent1" width="20%">URL</td>
        <td colspan="1" rowspan="1" width="80%">
          <a shape="rect" href="https://www.fairplay.com.bo/api/dataentities/CF/search?_fields=id,imageFlag,idCollection,active,percentage,shippingFree&amp;_where=idCollection=141%20OR%20idCollection=335%20OR%20idCollection=392">https://www.fairplay.com.bo/api/dataentities/CF/search?_fields=id,imageFlag,idCollection,active,percentage,shippingFree&amp;_where=idCollection=141%20OR%20idCollection=335%20OR%20idCollection=392</a>
        </td>
      </tr>
      <tr>
        <td colspan="1" rowspan="1" class="indent2" width="20%">Method</td>
        <td colspan="1" rowspan="1" width="80%">GET</td>
      </tr>
      <tr>
        <td colspan="1" rowspan="1" class="indent2" width="20%">Parameter</td>
        <td colspan="1" rowspan="1" width="80%">cache-control</td>
      </tr>
      <tr>
        <td colspan="1" rowspan="1" class="indent2" width="20%">Attack</td>
        <td colspan="1" rowspan="1" width="80%"/>
      </tr>
      <tr>
        <td colspan="1" rowspan="1" class="indent2" width="20%">Evidence</td>
        <td colspan="1" rowspan="1" width="80%">no-cache</td>
      </tr>
      <tr>
        <td colspan="1" rowspan="1" class="indent2" width="20%">Other Info</td>
        <td colspan="1" rowspan="1" width="80%"/>
      </tr>
      <tr>
        <td colspan="1" rowspan="1" class="indent1" width="20%">URL</td>
        <td colspan="1" rowspan="1" width="80%">
          <a shape="rect" href="https://www.fairplay.com.bo/api/dataentities/CF/search?_fields=id,imageFlag,idCollection,active,percentage,shippingFree&amp;_where=idCollection=141%20OR%20idCollection=337">https://www.fairplay.com.bo/api/dataentities/CF/search?_fields=id,imageFlag,idCollection,active,percentage,shippingFree&amp;_where=idCollection=141%20OR%20idCollection=337</a>
        </td>
      </tr>
      <tr>
        <td colspan="1" rowspan="1" class="indent2" width="20%">Method</td>
        <td colspan="1" rowspan="1" width="80%">GET</td>
      </tr>
      <tr>
        <td colspan="1" rowspan="1" class="indent2" width="20%">Parameter</td>
        <td colspan="1" rowspan="1" width="80%">cache-control</td>
      </tr>
      <tr>
        <td colspan="1" rowspan="1" class="indent2" width="20%">Attack</td>
        <td colspan="1" rowspan="1" width="80%"/>
      </tr>
      <tr>
        <td colspan="1" rowspan="1" class="indent2" width="20%">Evidence</td>
        <td colspan="1" rowspan="1" width="80%">no-cache</td>
      </tr>
      <tr>
        <td colspan="1" rowspan="1" class="indent2" width="20%">Other Info</td>
        <td colspan="1" rowspan="1" width="80%"/>
      </tr>
      <tr>
        <td colspan="1" rowspan="1" class="indent1" width="20%">URL</td>
        <td colspan="1" rowspan="1" width="80%">
          <a shape="rect" href="https://www.fairplay.com.bo/api/dataentities/CF/search?_fields=id,imageFlag,idCollection,active,percentage,shippingFree&amp;_where=idCollection=141%20OR%20idCollection=337%20OR%20idCollection=392">https://www.fairplay.com.bo/api/dataentities/CF/search?_fields=id,imageFlag,idCollection,active,percentage,shippingFree&amp;_where=idCollection=141%20OR%20idCollection=337%20OR%20idCollection=392</a>
        </td>
      </tr>
      <tr>
        <td colspan="1" rowspan="1" class="indent2" width="20%">Method</td>
        <td colspan="1" rowspan="1" width="80%">GET</td>
      </tr>
      <tr>
        <td colspan="1" rowspan="1" class="indent2" width="20%">Parameter</td>
        <td colspan="1" rowspan="1" width="80%">cache-control</td>
      </tr>
      <tr>
        <td colspan="1" rowspan="1" class="indent2" width="20%">Attack</td>
        <td colspan="1" rowspan="1" width="80%"/>
      </tr>
      <tr>
        <td colspan="1" rowspan="1" class="indent2" width="20%">Evidence</td>
        <td colspan="1" rowspan="1" width="80%">no-cache</td>
      </tr>
      <tr>
        <td colspan="1" rowspan="1" class="indent2" width="20%">Other Info</td>
        <td colspan="1" rowspan="1" width="80%"/>
      </tr>
      <tr>
        <td colspan="1" rowspan="1" class="indent1" width="20%">URL</td>
        <td colspan="1" rowspan="1" width="80%">
          <a shape="rect" href="https://www.fairplay.com.bo/api/dataentities/CF/search?_fields=id,imageFlag,idCollection,active,percentage,shippingFree&amp;_where=idCollection=141%20OR%20idCollection=341%20OR%20idCollection=392%20OR%20idCollection=425">https://www.fairplay.com.bo/api/dataentities/CF/search?_fields=id,imageFlag,idCollection,active,percentage,shippingFree&amp;_where=idCollection=141%20OR%20idCollection=341%20OR%20idCollection=392%20OR%20idCollection=425</a>
        </td>
      </tr>
      <tr>
        <td colspan="1" rowspan="1" class="indent2" width="20%">Method</td>
        <td colspan="1" rowspan="1" width="80%">GET</td>
      </tr>
      <tr>
        <td colspan="1" rowspan="1" class="indent2" width="20%">Parameter</td>
        <td colspan="1" rowspan="1" width="80%">cache-control</td>
      </tr>
      <tr>
        <td colspan="1" rowspan="1" class="indent2" width="20%">Attack</td>
        <td colspan="1" rowspan="1" width="80%"/>
      </tr>
      <tr>
        <td colspan="1" rowspan="1" class="indent2" width="20%">Evidence</td>
        <td colspan="1" rowspan="1" width="80%">no-cache</td>
      </tr>
      <tr>
        <td colspan="1" rowspan="1" class="indent2" width="20%">Other Info</td>
        <td colspan="1" rowspan="1" width="80%"/>
      </tr>
      <tr>
        <td colspan="1" rowspan="1" class="indent1" width="20%">URL</td>
        <td colspan="1" rowspan="1" width="80%">
          <a shape="rect" href="https://www.fairplay.com.bo/api/dataentities/CF/search?_fields=id,imageFlag,idCollection,active,percentage,shippingFree&amp;_where=idCollection=141%20OR%20idCollection=348">https://www.fairplay.com.bo/api/dataentities/CF/search?_fields=id,imageFlag,idCollection,active,percentage,shippingFree&amp;_where=idCollection=141%20OR%20idCollection=348</a>
        </td>
      </tr>
      <tr>
        <td colspan="1" rowspan="1" class="indent2" width="20%">Method</td>
        <td colspan="1" rowspan="1" width="80%">GET</td>
      </tr>
      <tr>
        <td colspan="1" rowspan="1" class="indent2" width="20%">Parameter</td>
        <td colspan="1" rowspan="1" width="80%">cache-control</td>
      </tr>
      <tr>
        <td colspan="1" rowspan="1" class="indent2" width="20%">Attack</td>
        <td colspan="1" rowspan="1" width="80%"/>
      </tr>
      <tr>
        <td colspan="1" rowspan="1" class="indent2" width="20%">Evidence</td>
        <td colspan="1" rowspan="1" width="80%">no-cache</td>
      </tr>
      <tr>
        <td colspan="1" rowspan="1" class="indent2" width="20%">Other Info</td>
        <td colspan="1" rowspan="1" width="80%"/>
      </tr>
      <tr>
        <td colspan="1" rowspan="1" class="indent1" width="20%">URL</td>
        <td colspan="1" rowspan="1" width="80%">
          <a shape="rect" href="https://www.fairplay.com.bo/api/dataentities/CF/search?_fields=id,imageFlag,idCollection,active,percentage,shippingFree&amp;_where=idCollection=141%20OR%20idCollection=392">https://www.fairplay.com.bo/api/dataentities/CF/search?_fields=id,imageFlag,idCollection,active,percentage,shippingFree&amp;_where=idCollection=141%20OR%20idCollection=392</a>
        </td>
      </tr>
      <tr>
        <td colspan="1" rowspan="1" class="indent2" width="20%">Method</td>
        <td colspan="1" rowspan="1" width="80%">GET</td>
      </tr>
      <tr>
        <td colspan="1" rowspan="1" class="indent2" width="20%">Parameter</td>
        <td colspan="1" rowspan="1" width="80%">cache-control</td>
      </tr>
      <tr>
        <td colspan="1" rowspan="1" class="indent2" width="20%">Attack</td>
        <td colspan="1" rowspan="1" width="80%"/>
      </tr>
      <tr>
        <td colspan="1" rowspan="1" class="indent2" width="20%">Evidence</td>
        <td colspan="1" rowspan="1" width="80%">no-cache</td>
      </tr>
      <tr>
        <td colspan="1" rowspan="1" class="indent2" width="20%">Other Info</td>
        <td colspan="1" rowspan="1" width="80%"/>
      </tr>
      <tr>
        <td colspan="1" rowspan="1" class="indent1" width="20%">URL</td>
        <td colspan="1" rowspan="1" width="80%">
          <a shape="rect" href="https://www.fairplay.com.bo/api/dataentities/CF/search?_fields=id,imageFlag,idCollection,active,percentage,shippingFree&amp;_where=idCollection=141%20OR%20idCollection=439">https://www.fairplay.com.bo/api/dataentities/CF/search?_fields=id,imageFlag,idCollection,active,percentage,shippingFree&amp;_where=idCollection=141%20OR%20idCollection=439</a>
        </td>
      </tr>
      <tr>
        <td colspan="1" rowspan="1" class="indent2" width="20%">Method</td>
        <td colspan="1" rowspan="1" width="80%">GET</td>
      </tr>
      <tr>
        <td colspan="1" rowspan="1" class="indent2" width="20%">Parameter</td>
        <td colspan="1" rowspan="1" width="80%">cache-control</td>
      </tr>
      <tr>
        <td colspan="1" rowspan="1" class="indent2" width="20%">Attack</td>
        <td colspan="1" rowspan="1" width="80%"/>
      </tr>
      <tr>
        <td colspan="1" rowspan="1" class="indent2" width="20%">Evidence</td>
        <td colspan="1" rowspan="1" width="80%">no-cache</td>
      </tr>
      <tr>
        <td colspan="1" rowspan="1" class="indent2" width="20%">Other Info</td>
        <td colspan="1" rowspan="1" width="80%"/>
      </tr>
      <tr>
        <td colspan="1" rowspan="1" class="indent1" width="20%">URL</td>
        <td colspan="1" rowspan="1" width="80%">
          <a shape="rect" href="https://www.fairplay.com.bo/api/dataentities/CF/search?_fields=id,imageFlag,idCollection,active,percentage,shippingFree&amp;_where=idCollection=142">https://www.fairplay.com.bo/api/dataentities/CF/search?_fields=id,imageFlag,idCollection,active,percentage,shippingFree&amp;_where=idCollection=142</a>
        </td>
      </tr>
      <tr>
        <td colspan="1" rowspan="1" class="indent2" width="20%">Method</td>
        <td colspan="1" rowspan="1" width="80%">GET</td>
      </tr>
      <tr>
        <td colspan="1" rowspan="1" class="indent2" width="20%">Parameter</td>
        <td colspan="1" rowspan="1" width="80%">cache-control</td>
      </tr>
      <tr>
        <td colspan="1" rowspan="1" class="indent2" width="20%">Attack</td>
        <td colspan="1" rowspan="1" width="80%"/>
      </tr>
      <tr>
        <td colspan="1" rowspan="1" class="indent2" width="20%">Evidence</td>
        <td colspan="1" rowspan="1" width="80%">no-cache</td>
      </tr>
      <tr>
        <td colspan="1" rowspan="1" class="indent2" width="20%">Other Info</td>
        <td colspan="1" rowspan="1" width="80%"/>
      </tr>
      <tr>
        <td colspan="1" rowspan="1" class="indent1" width="20%">URL</td>
        <td colspan="1" rowspan="1" width="80%">
          <a shape="rect" href="https://www.fairplay.com.bo/api/dataentities/CF/search?_fields=id,imageFlag,idCollection,active,percentage,shippingFree&amp;_where=idCollection=142%20OR%20idCollection=335">https://www.fairplay.com.bo/api/dataentities/CF/search?_fields=id,imageFlag,idCollection,active,percentage,shippingFree&amp;_where=idCollection=142%20OR%20idCollection=335</a>
        </td>
      </tr>
      <tr>
        <td colspan="1" rowspan="1" class="indent2" width="20%">Method</td>
        <td colspan="1" rowspan="1" width="80%">GET</td>
      </tr>
      <tr>
        <td colspan="1" rowspan="1" class="indent2" width="20%">Parameter</td>
        <td colspan="1" rowspan="1" width="80%">cache-control</td>
      </tr>
      <tr>
        <td colspan="1" rowspan="1" class="indent2" width="20%">Attack</td>
        <td colspan="1" rowspan="1" width="80%"/>
      </tr>
      <tr>
        <td colspan="1" rowspan="1" class="indent2" width="20%">Evidence</td>
        <td colspan="1" rowspan="1" width="80%">no-cache</td>
      </tr>
      <tr>
        <td colspan="1" rowspan="1" class="indent2" width="20%">Other Info</td>
        <td colspan="1" rowspan="1" width="80%"/>
      </tr>
      <tr>
        <td colspan="1" rowspan="1" class="indent1" width="20%">URL</td>
        <td colspan="1" rowspan="1" width="80%">
          <a shape="rect" href="https://www.fairplay.com.bo/api/dataentities/CF/search?_fields=id,imageFlag,idCollection,active,percentage,shippingFree&amp;_where=idCollection=142%20OR%20idCollection=335%20OR%20idCollection=392">https://www.fairplay.com.bo/api/dataentities/CF/search?_fields=id,imageFlag,idCollection,active,percentage,shippingFree&amp;_where=idCollection=142%20OR%20idCollection=335%20OR%20idCollection=392</a>
        </td>
      </tr>
      <tr>
        <td colspan="1" rowspan="1" class="indent2" width="20%">Method</td>
        <td colspan="1" rowspan="1" width="80%">GET</td>
      </tr>
      <tr>
        <td colspan="1" rowspan="1" class="indent2" width="20%">Parameter</td>
        <td colspan="1" rowspan="1" width="80%">cache-control</td>
      </tr>
      <tr>
        <td colspan="1" rowspan="1" class="indent2" width="20%">Attack</td>
        <td colspan="1" rowspan="1" width="80%"/>
      </tr>
      <tr>
        <td colspan="1" rowspan="1" class="indent2" width="20%">Evidence</td>
        <td colspan="1" rowspan="1" width="80%">no-cache</td>
      </tr>
      <tr>
        <td colspan="1" rowspan="1" class="indent2" width="20%">Other Info</td>
        <td colspan="1" rowspan="1" width="80%"/>
      </tr>
      <tr>
        <td colspan="1" rowspan="1" class="indent1" width="20%">URL</td>
        <td colspan="1" rowspan="1" width="80%">
          <a shape="rect" href="https://www.fairplay.com.bo/api/dataentities/CF/search?_fields=id,imageFlag,idCollection,active,percentage,shippingFree&amp;_where=idCollection=142%20OR%20idCollection=341%20OR%20idCollection=392%20OR%20idCollection=425">https://www.fairplay.com.bo/api/dataentities/CF/search?_fields=id,imageFlag,idCollection,active,percentage,shippingFree&amp;_where=idCollection=142%20OR%20idCollection=341%20OR%20idCollection=392%20OR%20idCollection=425</a>
        </td>
      </tr>
      <tr>
        <td colspan="1" rowspan="1" class="indent2" width="20%">Method</td>
        <td colspan="1" rowspan="1" width="80%">GET</td>
      </tr>
      <tr>
        <td colspan="1" rowspan="1" class="indent2" width="20%">Parameter</td>
        <td colspan="1" rowspan="1" width="80%">cache-control</td>
      </tr>
      <tr>
        <td colspan="1" rowspan="1" class="indent2" width="20%">Attack</td>
        <td colspan="1" rowspan="1" width="80%"/>
      </tr>
      <tr>
        <td colspan="1" rowspan="1" class="indent2" width="20%">Evidence</td>
        <td colspan="1" rowspan="1" width="80%">no-cache</td>
      </tr>
      <tr>
        <td colspan="1" rowspan="1" class="indent2" width="20%">Other Info</td>
        <td colspan="1" rowspan="1" width="80%"/>
      </tr>
      <tr>
        <td colspan="1" rowspan="1" class="indent1" width="20%">URL</td>
        <td colspan="1" rowspan="1" width="80%">
          <a shape="rect" href="https://www.fairplay.com.bo/api/dataentities/CF/search?_fields=id,imageFlag,idCollection,active,percentage,shippingFree&amp;_where=idCollection=142%20OR%20idCollection=392%20OR%20idCollection=425">https://www.fairplay.com.bo/api/dataentities/CF/search?_fields=id,imageFlag,idCollection,active,percentage,shippingFree&amp;_where=idCollection=142%20OR%20idCollection=392%20OR%20idCollection=425</a>
        </td>
      </tr>
      <tr>
        <td colspan="1" rowspan="1" class="indent2" width="20%">Method</td>
        <td colspan="1" rowspan="1" width="80%">GET</td>
      </tr>
      <tr>
        <td colspan="1" rowspan="1" class="indent2" width="20%">Parameter</td>
        <td colspan="1" rowspan="1" width="80%">cache-control</td>
      </tr>
      <tr>
        <td colspan="1" rowspan="1" class="indent2" width="20%">Attack</td>
        <td colspan="1" rowspan="1" width="80%"/>
      </tr>
      <tr>
        <td colspan="1" rowspan="1" class="indent2" width="20%">Evidence</td>
        <td colspan="1" rowspan="1" width="80%">no-cache</td>
      </tr>
      <tr>
        <td colspan="1" rowspan="1" class="indent2" width="20%">Other Info</td>
        <td colspan="1" rowspan="1" width="80%"/>
      </tr>
      <tr>
        <td colspan="1" rowspan="1" class="indent1" width="20%">URL</td>
        <td colspan="1" rowspan="1" width="80%">
          <a shape="rect" href="https://www.fairplay.com.bo/api/dataentities/CF/search?_fields=id,imageFlag,idCollection,active,percentage,shippingFree&amp;_where=idCollection=142%20OR%20idCollection=425">https://www.fairplay.com.bo/api/dataentities/CF/search?_fields=id,imageFlag,idCollection,active,percentage,shippingFree&amp;_where=idCollection=142%20OR%20idCollection=425</a>
        </td>
      </tr>
      <tr>
        <td colspan="1" rowspan="1" class="indent2" width="20%">Method</td>
        <td colspan="1" rowspan="1" width="80%">GET</td>
      </tr>
      <tr>
        <td colspan="1" rowspan="1" class="indent2" width="20%">Parameter</td>
        <td colspan="1" rowspan="1" width="80%">cache-control</td>
      </tr>
      <tr>
        <td colspan="1" rowspan="1" class="indent2" width="20%">Attack</td>
        <td colspan="1" rowspan="1" width="80%"/>
      </tr>
      <tr>
        <td colspan="1" rowspan="1" class="indent2" width="20%">Evidence</td>
        <td colspan="1" rowspan="1" width="80%">no-cache</td>
      </tr>
      <tr>
        <td colspan="1" rowspan="1" class="indent2" width="20%">Other Info</td>
        <td colspan="1" rowspan="1" width="80%"/>
      </tr>
      <tr>
        <td colspan="1" rowspan="1" class="indent1" width="20%">URL</td>
        <td colspan="1" rowspan="1" width="80%">
          <a shape="rect" href="https://www.fairplay.com.bo/api/dataentities/CF/search?_fields=id,imageFlag,idCollection,active,percentage,shippingFree&amp;_where=idCollection=144%20OR%20idCollection=167%20OR%20idCollection=335%20OR%20idCollection=341%20OR%20idCollection=425">https://www.fairplay.com.bo/api/dataentities/CF/search?_fields=id,imageFlag,idCollection,active,percentage,shippingFree&amp;_where=idCollection=144%20OR%20idCollection=167%20OR%20idCollection=335%20OR%20idCollection=341%20OR%20idCollection=425</a>
        </td>
      </tr>
      <tr>
        <td colspan="1" rowspan="1" class="indent2" width="20%">Method</td>
        <td colspan="1" rowspan="1" width="80%">GET</td>
      </tr>
      <tr>
        <td colspan="1" rowspan="1" class="indent2" width="20%">Parameter</td>
        <td colspan="1" rowspan="1" width="80%">cache-control</td>
      </tr>
      <tr>
        <td colspan="1" rowspan="1" class="indent2" width="20%">Attack</td>
        <td colspan="1" rowspan="1" width="80%"/>
      </tr>
      <tr>
        <td colspan="1" rowspan="1" class="indent2" width="20%">Evidence</td>
        <td colspan="1" rowspan="1" width="80%">no-cache</td>
      </tr>
      <tr>
        <td colspan="1" rowspan="1" class="indent2" width="20%">Other Info</td>
        <td colspan="1" rowspan="1" width="80%"/>
      </tr>
      <tr>
        <td colspan="1" rowspan="1" class="indent1" width="20%">URL</td>
        <td colspan="1" rowspan="1" width="80%">
          <a shape="rect" href="https://www.fairplay.com.bo/api/dataentities/CF/search?_fields=id,imageFlag,idCollection,active,percentage,shippingFree&amp;_where=idCollection=144%20OR%20idCollection=167%20OR%20idCollection=341%20OR%20idCollection=425">https://www.fairplay.com.bo/api/dataentities/CF/search?_fields=id,imageFlag,idCollection,active,percentage,shippingFree&amp;_where=idCollection=144%20OR%20idCollection=167%20OR%20idCollection=341%20OR%20idCollection=425</a>
        </td>
      </tr>
      <tr>
        <td colspan="1" rowspan="1" class="indent2" width="20%">Method</td>
        <td colspan="1" rowspan="1" width="80%">GET</td>
      </tr>
      <tr>
        <td colspan="1" rowspan="1" class="indent2" width="20%">Parameter</td>
        <td colspan="1" rowspan="1" width="80%">cache-control</td>
      </tr>
      <tr>
        <td colspan="1" rowspan="1" class="indent2" width="20%">Attack</td>
        <td colspan="1" rowspan="1" width="80%"/>
      </tr>
      <tr>
        <td colspan="1" rowspan="1" class="indent2" width="20%">Evidence</td>
        <td colspan="1" rowspan="1" width="80%">no-cache</td>
      </tr>
      <tr>
        <td colspan="1" rowspan="1" class="indent2" width="20%">Other Info</td>
        <td colspan="1" rowspan="1" width="80%"/>
      </tr>
      <tr>
        <td colspan="1" rowspan="1" class="indent1" width="20%">URL</td>
        <td colspan="1" rowspan="1" width="80%">
          <a shape="rect" href="https://www.fairplay.com.bo/api/dataentities/CF/search?_fields=id,imageFlag,idCollection,active,percentage,shippingFree&amp;_where=idCollection=144%20OR%20idCollection=335%20OR%20idCollection=425">https://www.fairplay.com.bo/api/dataentities/CF/search?_fields=id,imageFlag,idCollection,active,percentage,shippingFree&amp;_where=idCollection=144%20OR%20idCollection=335%20OR%20idCollection=425</a>
        </td>
      </tr>
      <tr>
        <td colspan="1" rowspan="1" class="indent2" width="20%">Method</td>
        <td colspan="1" rowspan="1" width="80%">GET</td>
      </tr>
      <tr>
        <td colspan="1" rowspan="1" class="indent2" width="20%">Parameter</td>
        <td colspan="1" rowspan="1" width="80%">cache-control</td>
      </tr>
      <tr>
        <td colspan="1" rowspan="1" class="indent2" width="20%">Attack</td>
        <td colspan="1" rowspan="1" width="80%"/>
      </tr>
      <tr>
        <td colspan="1" rowspan="1" class="indent2" width="20%">Evidence</td>
        <td colspan="1" rowspan="1" width="80%">no-cache</td>
      </tr>
      <tr>
        <td colspan="1" rowspan="1" class="indent2" width="20%">Other Info</td>
        <td colspan="1" rowspan="1" width="80%"/>
      </tr>
      <tr>
        <td colspan="1" rowspan="1" class="indent1" width="20%">URL</td>
        <td colspan="1" rowspan="1" width="80%">
          <a shape="rect" href="https://www.fairplay.com.bo/api/dataentities/CF/search?_fields=id,imageFlag,idCollection,active,percentage,shippingFree&amp;_where=idCollection=144%20OR%20idCollection=341%20OR%20idCollection=401%20OR%20idCollection=425">https://www.fairplay.com.bo/api/dataentities/CF/search?_fields=id,imageFlag,idCollection,active,percentage,shippingFree&amp;_where=idCollection=144%20OR%20idCollection=341%20OR%20idCollection=401%20OR%20idCollection=425</a>
        </td>
      </tr>
      <tr>
        <td colspan="1" rowspan="1" class="indent2" width="20%">Method</td>
        <td colspan="1" rowspan="1" width="80%">GET</td>
      </tr>
      <tr>
        <td colspan="1" rowspan="1" class="indent2" width="20%">Parameter</td>
        <td colspan="1" rowspan="1" width="80%">cache-control</td>
      </tr>
      <tr>
        <td colspan="1" rowspan="1" class="indent2" width="20%">Attack</td>
        <td colspan="1" rowspan="1" width="80%"/>
      </tr>
      <tr>
        <td colspan="1" rowspan="1" class="indent2" width="20%">Evidence</td>
        <td colspan="1" rowspan="1" width="80%">no-cache</td>
      </tr>
      <tr>
        <td colspan="1" rowspan="1" class="indent2" width="20%">Other Info</td>
        <td colspan="1" rowspan="1" width="80%"/>
      </tr>
      <tr>
        <td colspan="1" rowspan="1" class="indent1" width="20%">URL</td>
        <td colspan="1" rowspan="1" width="80%">
          <a shape="rect" href="https://www.fairplay.com.bo/api/dataentities/CF/search?_fields=id,imageFlag,idCollection,active,percentage,shippingFree&amp;_where=idCollection=149%20OR%20idCollection=178%20OR%20idCollection=192%20OR%20idCollection=209%20OR%20idCollection=341%20OR%20idCollection=425">https://www.fairplay.com.bo/api/dataentities/CF/search?_fields=id,imageFlag,idCollection,active,percentage,shippingFree&amp;_where=idCollection=149%20OR%20idCollection=178%20OR%20idCollection=192%20OR%20idCollection=209%20OR%20idCollection=341%20OR%20idCollection=425</a>
        </td>
      </tr>
      <tr>
        <td colspan="1" rowspan="1" class="indent2" width="20%">Method</td>
        <td colspan="1" rowspan="1" width="80%">GET</td>
      </tr>
      <tr>
        <td colspan="1" rowspan="1" class="indent2" width="20%">Parameter</td>
        <td colspan="1" rowspan="1" width="80%">cache-control</td>
      </tr>
      <tr>
        <td colspan="1" rowspan="1" class="indent2" width="20%">Attack</td>
        <td colspan="1" rowspan="1" width="80%"/>
      </tr>
      <tr>
        <td colspan="1" rowspan="1" class="indent2" width="20%">Evidence</td>
        <td colspan="1" rowspan="1" width="80%">no-cache</td>
      </tr>
      <tr>
        <td colspan="1" rowspan="1" class="indent2" width="20%">Other Info</td>
        <td colspan="1" rowspan="1" width="80%"/>
      </tr>
      <tr>
        <td colspan="1" rowspan="1" class="indent1" width="20%">URL</td>
        <td colspan="1" rowspan="1" width="80%">
          <a shape="rect" href="https://www.fairplay.com.bo/api/dataentities/CF/search?_fields=id,imageFlag,idCollection,active,percentage,shippingFree&amp;_where=idCollection=149%20OR%20idCollection=192">https://www.fairplay.com.bo/api/dataentities/CF/search?_fields=id,imageFlag,idCollection,active,percentage,shippingFree&amp;_where=idCollection=149%20OR%20idCollection=192</a>
        </td>
      </tr>
      <tr>
        <td colspan="1" rowspan="1" class="indent2" width="20%">Method</td>
        <td colspan="1" rowspan="1" width="80%">GET</td>
      </tr>
      <tr>
        <td colspan="1" rowspan="1" class="indent2" width="20%">Parameter</td>
        <td colspan="1" rowspan="1" width="80%">cache-control</td>
      </tr>
      <tr>
        <td colspan="1" rowspan="1" class="indent2" width="20%">Attack</td>
        <td colspan="1" rowspan="1" width="80%"/>
      </tr>
      <tr>
        <td colspan="1" rowspan="1" class="indent2" width="20%">Evidence</td>
        <td colspan="1" rowspan="1" width="80%">no-cache</td>
      </tr>
      <tr>
        <td colspan="1" rowspan="1" class="indent2" width="20%">Other Info</td>
        <td colspan="1" rowspan="1" width="80%"/>
      </tr>
      <tr>
        <td colspan="1" rowspan="1" class="indent1" width="20%">URL</td>
        <td colspan="1" rowspan="1" width="80%">
          <a shape="rect" href="https://www.fairplay.com.bo/api/dataentities/CF/search?_fields=id,imageFlag,idCollection,active,percentage,shippingFree&amp;_where=idCollection=149%20OR%20idCollection=312%20OR%20idCollection=341%20OR%20idCollection=425">https://www.fairplay.com.bo/api/dataentities/CF/search?_fields=id,imageFlag,idCollection,active,percentage,shippingFree&amp;_where=idCollection=149%20OR%20idCollection=312%20OR%20idCollection=341%20OR%20idCollection=425</a>
        </td>
      </tr>
      <tr>
        <td colspan="1" rowspan="1" class="indent2" width="20%">Method</td>
        <td colspan="1" rowspan="1" width="80%">GET</td>
      </tr>
      <tr>
        <td colspan="1" rowspan="1" class="indent2" width="20%">Parameter</td>
        <td colspan="1" rowspan="1" width="80%">cache-control</td>
      </tr>
      <tr>
        <td colspan="1" rowspan="1" class="indent2" width="20%">Attack</td>
        <td colspan="1" rowspan="1" width="80%"/>
      </tr>
      <tr>
        <td colspan="1" rowspan="1" class="indent2" width="20%">Evidence</td>
        <td colspan="1" rowspan="1" width="80%">no-cache</td>
      </tr>
      <tr>
        <td colspan="1" rowspan="1" class="indent2" width="20%">Other Info</td>
        <td colspan="1" rowspan="1" width="80%"/>
      </tr>
      <tr>
        <td colspan="1" rowspan="1" class="indent1" width="20%">URL</td>
        <td colspan="1" rowspan="1" width="80%">
          <a shape="rect" href="https://www.fairplay.com.bo/api/dataentities/CF/search?_fields=id,imageFlag,idCollection,active,percentage,shippingFree&amp;_where=idCollection=149%20OR%20idCollection=341%20OR%20idCollection=425">https://www.fairplay.com.bo/api/dataentities/CF/search?_fields=id,imageFlag,idCollection,active,percentage,shippingFree&amp;_where=idCollection=149%20OR%20idCollection=341%20OR%20idCollection=425</a>
        </td>
      </tr>
      <tr>
        <td colspan="1" rowspan="1" class="indent2" width="20%">Method</td>
        <td colspan="1" rowspan="1" width="80%">GET</td>
      </tr>
      <tr>
        <td colspan="1" rowspan="1" class="indent2" width="20%">Parameter</td>
        <td colspan="1" rowspan="1" width="80%">cache-control</td>
      </tr>
      <tr>
        <td colspan="1" rowspan="1" class="indent2" width="20%">Attack</td>
        <td colspan="1" rowspan="1" width="80%"/>
      </tr>
      <tr>
        <td colspan="1" rowspan="1" class="indent2" width="20%">Evidence</td>
        <td colspan="1" rowspan="1" width="80%">no-cache</td>
      </tr>
      <tr>
        <td colspan="1" rowspan="1" class="indent2" width="20%">Other Info</td>
        <td colspan="1" rowspan="1" width="80%"/>
      </tr>
      <tr>
        <td colspan="1" rowspan="1" class="indent1" width="20%">URL</td>
        <td colspan="1" rowspan="1" width="80%">
          <a shape="rect" href="https://www.fairplay.com.bo/api/dataentities/CF/search?_fields=id,imageFlag,idCollection,active,percentage,shippingFree&amp;_where=idCollection=167%20OR%20idCollection=341%20OR%20idCollection=370%20OR%20idCollection=371%20OR%20idCollection=425">https://www.fairplay.com.bo/api/dataentities/CF/search?_fields=id,imageFlag,idCollection,active,percentage,shippingFree&amp;_where=idCollection=167%20OR%20idCollection=341%20OR%20idCollection=370%20OR%20idCollection=371%20OR%20idCollection=425</a>
        </td>
      </tr>
      <tr>
        <td colspan="1" rowspan="1" class="indent2" width="20%">Method</td>
        <td colspan="1" rowspan="1" width="80%">GET</td>
      </tr>
      <tr>
        <td colspan="1" rowspan="1" class="indent2" width="20%">Parameter</td>
        <td colspan="1" rowspan="1" width="80%">cache-control</td>
      </tr>
      <tr>
        <td colspan="1" rowspan="1" class="indent2" width="20%">Attack</td>
        <td colspan="1" rowspan="1" width="80%"/>
      </tr>
      <tr>
        <td colspan="1" rowspan="1" class="indent2" width="20%">Evidence</td>
        <td colspan="1" rowspan="1" width="80%">no-cache</td>
      </tr>
      <tr>
        <td colspan="1" rowspan="1" class="indent2" width="20%">Other Info</td>
        <td colspan="1" rowspan="1" width="80%"/>
      </tr>
      <tr>
        <td colspan="1" rowspan="1" class="indent1" width="20%">URL</td>
        <td colspan="1" rowspan="1" width="80%">
          <a shape="rect" href="https://www.fairplay.com.bo/api/dataentities/CF/search?_fields=id,imageFlag,idCollection,active,percentage,shippingFree&amp;_where=idCollection=167%20OR%20idCollection=341%20OR%20idCollection=425">https://www.fairplay.com.bo/api/dataentities/CF/search?_fields=id,imageFlag,idCollection,active,percentage,shippingFree&amp;_where=idCollection=167%20OR%20idCollection=341%20OR%20idCollection=425</a>
        </td>
      </tr>
      <tr>
        <td colspan="1" rowspan="1" class="indent2" width="20%">Method</td>
        <td colspan="1" rowspan="1" width="80%">GET</td>
      </tr>
      <tr>
        <td colspan="1" rowspan="1" class="indent2" width="20%">Parameter</td>
        <td colspan="1" rowspan="1" width="80%">cache-control</td>
      </tr>
      <tr>
        <td colspan="1" rowspan="1" class="indent2" width="20%">Attack</td>
        <td colspan="1" rowspan="1" width="80%"/>
      </tr>
      <tr>
        <td colspan="1" rowspan="1" class="indent2" width="20%">Evidence</td>
        <td colspan="1" rowspan="1" width="80%">no-cache</td>
      </tr>
      <tr>
        <td colspan="1" rowspan="1" class="indent2" width="20%">Other Info</td>
        <td colspan="1" rowspan="1" width="80%"/>
      </tr>
      <tr>
        <td colspan="1" rowspan="1" class="indent1" width="20%">URL</td>
        <td colspan="1" rowspan="1" width="80%">
          <a shape="rect" href="https://www.fairplay.com.bo/api/dataentities/CF/search?_fields=id,imageFlag,idCollection,active,percentage,shippingFree&amp;_where=idCollection=174">https://www.fairplay.com.bo/api/dataentities/CF/search?_fields=id,imageFlag,idCollection,active,percentage,shippingFree&amp;_where=idCollection=174</a>
        </td>
      </tr>
      <tr>
        <td colspan="1" rowspan="1" class="indent2" width="20%">Method</td>
        <td colspan="1" rowspan="1" width="80%">GET</td>
      </tr>
      <tr>
        <td colspan="1" rowspan="1" class="indent2" width="20%">Parameter</td>
        <td colspan="1" rowspan="1" width="80%">cache-control</td>
      </tr>
      <tr>
        <td colspan="1" rowspan="1" class="indent2" width="20%">Attack</td>
        <td colspan="1" rowspan="1" width="80%"/>
      </tr>
      <tr>
        <td colspan="1" rowspan="1" class="indent2" width="20%">Evidence</td>
        <td colspan="1" rowspan="1" width="80%">no-cache</td>
      </tr>
      <tr>
        <td colspan="1" rowspan="1" class="indent2" width="20%">Other Info</td>
        <td colspan="1" rowspan="1" width="80%"/>
      </tr>
      <tr>
        <td colspan="1" rowspan="1" class="indent1" width="20%">URL</td>
        <td colspan="1" rowspan="1" width="80%">
          <a shape="rect" href="https://www.fairplay.com.bo/api/dataentities/CF/search?_fields=id,imageFlag,idCollection,active,percentage,shippingFree&amp;_where=idCollection=174%20OR%20idCollection=260%20OR%20idCollection=286%20OR%20idCollection=341%20OR%20idCollection=392%20OR%20idCollection=425">https://www.fairplay.com.bo/api/dataentities/CF/search?_fields=id,imageFlag,idCollection,active,percentage,shippingFree&amp;_where=idCollection=174%20OR%20idCollection=260%20OR%20idCollection=286%20OR%20idCollection=341%20OR%20idCollection=392%20OR%20idCollection=425</a>
        </td>
      </tr>
      <tr>
        <td colspan="1" rowspan="1" class="indent2" width="20%">Method</td>
        <td colspan="1" rowspan="1" width="80%">GET</td>
      </tr>
      <tr>
        <td colspan="1" rowspan="1" class="indent2" width="20%">Parameter</td>
        <td colspan="1" rowspan="1" width="80%">cache-control</td>
      </tr>
      <tr>
        <td colspan="1" rowspan="1" class="indent2" width="20%">Attack</td>
        <td colspan="1" rowspan="1" width="80%"/>
      </tr>
      <tr>
        <td colspan="1" rowspan="1" class="indent2" width="20%">Evidence</td>
        <td colspan="1" rowspan="1" width="80%">no-cache</td>
      </tr>
      <tr>
        <td colspan="1" rowspan="1" class="indent2" width="20%">Other Info</td>
        <td colspan="1" rowspan="1" width="80%"/>
      </tr>
      <tr>
        <td colspan="1" rowspan="1" class="indent1" width="20%">URL</td>
        <td colspan="1" rowspan="1" width="80%">
          <a shape="rect" href="https://www.fairplay.com.bo/api/dataentities/CF/search?_fields=id,imageFlag,idCollection,active,percentage,shippingFree&amp;_where=idCollection=174%20OR%20idCollection=341%20OR%20idCollection=355%20OR%20idCollection=392%20OR%20idCollection=425">https://www.fairplay.com.bo/api/dataentities/CF/search?_fields=id,imageFlag,idCollection,active,percentage,shippingFree&amp;_where=idCollection=174%20OR%20idCollection=341%20OR%20idCollection=355%20OR%20idCollection=392%20OR%20idCollection=425</a>
        </td>
      </tr>
      <tr>
        <td colspan="1" rowspan="1" class="indent2" width="20%">Method</td>
        <td colspan="1" rowspan="1" width="80%">GET</td>
      </tr>
      <tr>
        <td colspan="1" rowspan="1" class="indent2" width="20%">Parameter</td>
        <td colspan="1" rowspan="1" width="80%">cache-control</td>
      </tr>
      <tr>
        <td colspan="1" rowspan="1" class="indent2" width="20%">Attack</td>
        <td colspan="1" rowspan="1" width="80%"/>
      </tr>
      <tr>
        <td colspan="1" rowspan="1" class="indent2" width="20%">Evidence</td>
        <td colspan="1" rowspan="1" width="80%">no-cache</td>
      </tr>
      <tr>
        <td colspan="1" rowspan="1" class="indent2" width="20%">Other Info</td>
        <td colspan="1" rowspan="1" width="80%"/>
      </tr>
      <tr>
        <td colspan="1" rowspan="1" class="indent1" width="20%">URL</td>
        <td colspan="1" rowspan="1" width="80%">
          <a shape="rect" href="https://www.fairplay.com.bo/api/dataentities/CF/search?_fields=id,imageFlag,idCollection,active,percentage,shippingFree&amp;_where=idCollection=174%20OR%20idCollection=355">https://www.fairplay.com.bo/api/dataentities/CF/search?_fields=id,imageFlag,idCollection,active,percentage,shippingFree&amp;_where=idCollection=174%20OR%20idCollection=355</a>
        </td>
      </tr>
      <tr>
        <td colspan="1" rowspan="1" class="indent2" width="20%">Method</td>
        <td colspan="1" rowspan="1" width="80%">GET</td>
      </tr>
      <tr>
        <td colspan="1" rowspan="1" class="indent2" width="20%">Parameter</td>
        <td colspan="1" rowspan="1" width="80%">cache-control</td>
      </tr>
      <tr>
        <td colspan="1" rowspan="1" class="indent2" width="20%">Attack</td>
        <td colspan="1" rowspan="1" width="80%"/>
      </tr>
      <tr>
        <td colspan="1" rowspan="1" class="indent2" width="20%">Evidence</td>
        <td colspan="1" rowspan="1" width="80%">no-cache</td>
      </tr>
      <tr>
        <td colspan="1" rowspan="1" class="indent2" width="20%">Other Info</td>
        <td colspan="1" rowspan="1" width="80%"/>
      </tr>
      <tr>
        <td colspan="1" rowspan="1" class="indent1" width="20%">URL</td>
        <td colspan="1" rowspan="1" width="80%">
          <a shape="rect" href="https://www.fairplay.com.bo/api/dataentities/CF/search?_fields=id,imageFlag,idCollection,active,percentage,shippingFree&amp;_where=idCollection=174%20OR%20idCollection=418">https://www.fairplay.com.bo/api/dataentities/CF/search?_fields=id,imageFlag,idCollection,active,percentage,shippingFree&amp;_where=idCollection=174%20OR%20idCollection=418</a>
        </td>
      </tr>
      <tr>
        <td colspan="1" rowspan="1" class="indent2" width="20%">Method</td>
        <td colspan="1" rowspan="1" width="80%">GET</td>
      </tr>
      <tr>
        <td colspan="1" rowspan="1" class="indent2" width="20%">Parameter</td>
        <td colspan="1" rowspan="1" width="80%">cache-control</td>
      </tr>
      <tr>
        <td colspan="1" rowspan="1" class="indent2" width="20%">Attack</td>
        <td colspan="1" rowspan="1" width="80%"/>
      </tr>
      <tr>
        <td colspan="1" rowspan="1" class="indent2" width="20%">Evidence</td>
        <td colspan="1" rowspan="1" width="80%">no-cache</td>
      </tr>
      <tr>
        <td colspan="1" rowspan="1" class="indent2" width="20%">Other Info</td>
        <td colspan="1" rowspan="1" width="80%"/>
      </tr>
      <tr>
        <td colspan="1" rowspan="1" class="indent1" width="20%">URL</td>
        <td colspan="1" rowspan="1" width="80%">
          <a shape="rect" href="https://www.fairplay.com.bo/api/dataentities/CF/search?_fields=id,imageFlag,idCollection,active,percentage,shippingFree&amp;_where=idCollection=201">https://www.fairplay.com.bo/api/dataentities/CF/search?_fields=id,imageFlag,idCollection,active,percentage,shippingFree&amp;_where=idCollection=201</a>
        </td>
      </tr>
      <tr>
        <td colspan="1" rowspan="1" class="indent2" width="20%">Method</td>
        <td colspan="1" rowspan="1" width="80%">GET</td>
      </tr>
      <tr>
        <td colspan="1" rowspan="1" class="indent2" width="20%">Parameter</td>
        <td colspan="1" rowspan="1" width="80%">cache-control</td>
      </tr>
      <tr>
        <td colspan="1" rowspan="1" class="indent2" width="20%">Attack</td>
        <td colspan="1" rowspan="1" width="80%"/>
      </tr>
      <tr>
        <td colspan="1" rowspan="1" class="indent2" width="20%">Evidence</td>
        <td colspan="1" rowspan="1" width="80%">no-cache</td>
      </tr>
      <tr>
        <td colspan="1" rowspan="1" class="indent2" width="20%">Other Info</td>
        <td colspan="1" rowspan="1" width="80%"/>
      </tr>
      <tr>
        <td colspan="1" rowspan="1" class="indent1" width="20%">URL</td>
        <td colspan="1" rowspan="1" width="80%">
          <a shape="rect" href="https://www.fairplay.com.bo/api/dataentities/CF/search?_fields=id,imageFlag,idCollection,active,percentage,shippingFree&amp;_where=idCollection=233%20OR%20idCollection=341%20OR%20idCollection=392%20OR%20idCollection=425">https://www.fairplay.com.bo/api/dataentities/CF/search?_fields=id,imageFlag,idCollection,active,percentage,shippingFree&amp;_where=idCollection=233%20OR%20idCollection=341%20OR%20idCollection=392%20OR%20idCollection=425</a>
        </td>
      </tr>
      <tr>
        <td colspan="1" rowspan="1" class="indent2" width="20%">Method</td>
        <td colspan="1" rowspan="1" width="80%">GET</td>
      </tr>
      <tr>
        <td colspan="1" rowspan="1" class="indent2" width="20%">Parameter</td>
        <td colspan="1" rowspan="1" width="80%">cache-control</td>
      </tr>
      <tr>
        <td colspan="1" rowspan="1" class="indent2" width="20%">Attack</td>
        <td colspan="1" rowspan="1" width="80%"/>
      </tr>
      <tr>
        <td colspan="1" rowspan="1" class="indent2" width="20%">Evidence</td>
        <td colspan="1" rowspan="1" width="80%">no-cache</td>
      </tr>
      <tr>
        <td colspan="1" rowspan="1" class="indent2" width="20%">Other Info</td>
        <td colspan="1" rowspan="1" width="80%"/>
      </tr>
      <tr>
        <td colspan="1" rowspan="1" class="indent1" width="20%">URL</td>
        <td colspan="1" rowspan="1" width="80%">
          <a shape="rect" href="https://www.fairplay.com.bo/api/dataentities/CF/search?_fields=id,imageFlag,idCollection,active,percentage,shippingFree&amp;_where=idCollection=251%20OR%20idCollection=261%20OR%20idCollection=292%20OR%20idCollection=392">https://www.fairplay.com.bo/api/dataentities/CF/search?_fields=id,imageFlag,idCollection,active,percentage,shippingFree&amp;_where=idCollection=251%20OR%20idCollection=261%20OR%20idCollection=292%20OR%20idCollection=392</a>
        </td>
      </tr>
      <tr>
        <td colspan="1" rowspan="1" class="indent2" width="20%">Method</td>
        <td colspan="1" rowspan="1" width="80%">GET</td>
      </tr>
      <tr>
        <td colspan="1" rowspan="1" class="indent2" width="20%">Parameter</td>
        <td colspan="1" rowspan="1" width="80%">cache-control</td>
      </tr>
      <tr>
        <td colspan="1" rowspan="1" class="indent2" width="20%">Attack</td>
        <td colspan="1" rowspan="1" width="80%"/>
      </tr>
      <tr>
        <td colspan="1" rowspan="1" class="indent2" width="20%">Evidence</td>
        <td colspan="1" rowspan="1" width="80%">no-cache</td>
      </tr>
      <tr>
        <td colspan="1" rowspan="1" class="indent2" width="20%">Other Info</td>
        <td colspan="1" rowspan="1" width="80%"/>
      </tr>
      <tr>
        <td colspan="1" rowspan="1" class="indent1" width="20%">URL</td>
        <td colspan="1" rowspan="1" width="80%">
          <a shape="rect" href="https://www.fairplay.com.bo/api/dataentities/CF/search?_fields=id,imageFlag,idCollection,active,percentage,shippingFree&amp;_where=idCollection=335%20OR%20idCollection=392">https://www.fairplay.com.bo/api/dataentities/CF/search?_fields=id,imageFlag,idCollection,active,percentage,shippingFree&amp;_where=idCollection=335%20OR%20idCollection=392</a>
        </td>
      </tr>
      <tr>
        <td colspan="1" rowspan="1" class="indent2" width="20%">Method</td>
        <td colspan="1" rowspan="1" width="80%">GET</td>
      </tr>
      <tr>
        <td colspan="1" rowspan="1" class="indent2" width="20%">Parameter</td>
        <td colspan="1" rowspan="1" width="80%">cache-control</td>
      </tr>
      <tr>
        <td colspan="1" rowspan="1" class="indent2" width="20%">Attack</td>
        <td colspan="1" rowspan="1" width="80%"/>
      </tr>
      <tr>
        <td colspan="1" rowspan="1" class="indent2" width="20%">Evidence</td>
        <td colspan="1" rowspan="1" width="80%">no-cache</td>
      </tr>
      <tr>
        <td colspan="1" rowspan="1" class="indent2" width="20%">Other Info</td>
        <td colspan="1" rowspan="1" width="80%"/>
      </tr>
      <tr>
        <td colspan="1" rowspan="1" class="indent1" width="20%">URL</td>
        <td colspan="1" rowspan="1" width="80%">
          <a shape="rect" href="https://www.fairplay.com.bo/api/dataentities/CF/search?_fields=id,imageFlag,idCollection,active,percentage,shippingFree&amp;_where=idCollection=341%20OR%20idCollection=392%20OR%20idCollection=425">https://www.fairplay.com.bo/api/dataentities/CF/search?_fields=id,imageFlag,idCollection,active,percentage,shippingFree&amp;_where=idCollection=341%20OR%20idCollection=392%20OR%20idCollection=425</a>
        </td>
      </tr>
      <tr>
        <td colspan="1" rowspan="1" class="indent2" width="20%">Method</td>
        <td colspan="1" rowspan="1" width="80%">GET</td>
      </tr>
      <tr>
        <td colspan="1" rowspan="1" class="indent2" width="20%">Parameter</td>
        <td colspan="1" rowspan="1" width="80%">cache-control</td>
      </tr>
      <tr>
        <td colspan="1" rowspan="1" class="indent2" width="20%">Attack</td>
        <td colspan="1" rowspan="1" width="80%"/>
      </tr>
      <tr>
        <td colspan="1" rowspan="1" class="indent2" width="20%">Evidence</td>
        <td colspan="1" rowspan="1" width="80%">no-cache</td>
      </tr>
      <tr>
        <td colspan="1" rowspan="1" class="indent2" width="20%">Other Info</td>
        <td colspan="1" rowspan="1" width="80%"/>
      </tr>
      <tr>
        <td colspan="1" rowspan="1" class="indent1" width="20%">URL</td>
        <td colspan="1" rowspan="1" width="80%">
          <a shape="rect" href="https://www.fairplay.com.bo/api/dataentities/CF/search?_fields=id,imageFlag,idCollection,active,percentage,shippingFree&amp;_where=idCollection=341%20OR%20idCollection=425">https://www.fairplay.com.bo/api/dataentities/CF/search?_fields=id,imageFlag,idCollection,active,percentage,shippingFree&amp;_where=idCollection=341%20OR%20idCollection=425</a>
        </td>
      </tr>
      <tr>
        <td colspan="1" rowspan="1" class="indent2" width="20%">Method</td>
        <td colspan="1" rowspan="1" width="80%">GET</td>
      </tr>
      <tr>
        <td colspan="1" rowspan="1" class="indent2" width="20%">Parameter</td>
        <td colspan="1" rowspan="1" width="80%">cache-control</td>
      </tr>
      <tr>
        <td colspan="1" rowspan="1" class="indent2" width="20%">Attack</td>
        <td colspan="1" rowspan="1" width="80%"/>
      </tr>
      <tr>
        <td colspan="1" rowspan="1" class="indent2" width="20%">Evidence</td>
        <td colspan="1" rowspan="1" width="80%">no-cache</td>
      </tr>
      <tr>
        <td colspan="1" rowspan="1" class="indent2" width="20%">Other Info</td>
        <td colspan="1" rowspan="1" width="80%"/>
      </tr>
      <tr>
        <td colspan="1" rowspan="1" class="indent1" width="20%">URL</td>
        <td colspan="1" rowspan="1" width="80%">
          <a shape="rect" href="https://www.fairplay.com.bo/api/dataentities/CF/search?_fields=id,imageFlag,idCollection,active,percentage,shippingFree&amp;_where=idCollection=362">https://www.fairplay.com.bo/api/dataentities/CF/search?_fields=id,imageFlag,idCollection,active,percentage,shippingFree&amp;_where=idCollection=362</a>
        </td>
      </tr>
      <tr>
        <td colspan="1" rowspan="1" class="indent2" width="20%">Method</td>
        <td colspan="1" rowspan="1" width="80%">GET</td>
      </tr>
      <tr>
        <td colspan="1" rowspan="1" class="indent2" width="20%">Parameter</td>
        <td colspan="1" rowspan="1" width="80%">cache-control</td>
      </tr>
      <tr>
        <td colspan="1" rowspan="1" class="indent2" width="20%">Attack</td>
        <td colspan="1" rowspan="1" width="80%"/>
      </tr>
      <tr>
        <td colspan="1" rowspan="1" class="indent2" width="20%">Evidence</td>
        <td colspan="1" rowspan="1" width="80%">no-cache</td>
      </tr>
      <tr>
        <td colspan="1" rowspan="1" class="indent2" width="20%">Other Info</td>
        <td colspan="1" rowspan="1" width="80%"/>
      </tr>
      <tr>
        <td colspan="1" rowspan="1" class="indent1" width="20%">URL</td>
        <td colspan="1" rowspan="1" width="80%">
          <a shape="rect" href="https://www.fairplay.com.bo/api/dataentities/CF/search?_fields=id,imageFlag,idCollection,active,percentage,shippingFree&amp;_where=idCollection=392">https://www.fairplay.com.bo/api/dataentities/CF/search?_fields=id,imageFlag,idCollection,active,percentage,shippingFree&amp;_where=idCollection=392</a>
        </td>
      </tr>
      <tr>
        <td colspan="1" rowspan="1" class="indent2" width="20%">Method</td>
        <td colspan="1" rowspan="1" width="80%">GET</td>
      </tr>
      <tr>
        <td colspan="1" rowspan="1" class="indent2" width="20%">Parameter</td>
        <td colspan="1" rowspan="1" width="80%">cache-control</td>
      </tr>
      <tr>
        <td colspan="1" rowspan="1" class="indent2" width="20%">Attack</td>
        <td colspan="1" rowspan="1" width="80%"/>
      </tr>
      <tr>
        <td colspan="1" rowspan="1" class="indent2" width="20%">Evidence</td>
        <td colspan="1" rowspan="1" width="80%">no-cache</td>
      </tr>
      <tr>
        <td colspan="1" rowspan="1" class="indent2" width="20%">Other Info</td>
        <td colspan="1" rowspan="1" width="80%"/>
      </tr>
      <tr>
        <td colspan="1" rowspan="1" class="indent1" width="20%">URL</td>
        <td colspan="1" rowspan="1" width="80%">
          <a shape="rect" href="https://www.fairplay.com.bo/api/dataentities/CF/search?_fields=id,imageFlag,idCollection,active,percentage,shippingFree&amp;_where=idCollection=425">https://www.fairplay.com.bo/api/dataentities/CF/search?_fields=id,imageFlag,idCollection,active,percentage,shippingFree&amp;_where=idCollection=425</a>
        </td>
      </tr>
      <tr>
        <td colspan="1" rowspan="1" class="indent2" width="20%">Method</td>
        <td colspan="1" rowspan="1" width="80%">GET</td>
      </tr>
      <tr>
        <td colspan="1" rowspan="1" class="indent2" width="20%">Parameter</td>
        <td colspan="1" rowspan="1" width="80%">cache-control</td>
      </tr>
      <tr>
        <td colspan="1" rowspan="1" class="indent2" width="20%">Attack</td>
        <td colspan="1" rowspan="1" width="80%"/>
      </tr>
      <tr>
        <td colspan="1" rowspan="1" class="indent2" width="20%">Evidence</td>
        <td colspan="1" rowspan="1" width="80%">no-cache</td>
      </tr>
      <tr>
        <td colspan="1" rowspan="1" class="indent2" width="20%">Other Info</td>
        <td colspan="1" rowspan="1" width="80%"/>
      </tr>
      <tr>
        <td colspan="1" rowspan="1" class="indent1" width="20%">URL</td>
        <td colspan="1" rowspan="1" width="80%">
          <a shape="rect" href="https://www.fairplay.com.bo/api/sessions?items=public.shippingOption">https://www.fairplay.com.bo/api/sessions?items=public.shippingOption</a>
        </td>
      </tr>
      <tr>
        <td colspan="1" rowspan="1" class="indent2" width="20%">Method</td>
        <td colspan="1" rowspan="1" width="80%">GET</td>
      </tr>
      <tr>
        <td colspan="1" rowspan="1" class="indent2" width="20%">Parameter</td>
        <td colspan="1" rowspan="1" width="80%">cache-control</td>
      </tr>
      <tr>
        <td colspan="1" rowspan="1" class="indent2" width="20%">Attack</td>
        <td colspan="1" rowspan="1" width="80%"/>
      </tr>
      <tr>
        <td colspan="1" rowspan="1" class="indent2" width="20%">Evidence</td>
        <td colspan="1" rowspan="1" width="80%">no-store,no-cache</td>
      </tr>
      <tr>
        <td colspan="1" rowspan="1" class="indent2" width="20%">Other Info</td>
        <td colspan="1" rowspan="1" width="80%"/>
      </tr>
      <tr>
        <td colspan="1" rowspan="1" class="indent1" width="20%">URL</td>
        <td colspan="1" rowspan="1" width="80%">
          <a shape="rect" href="https://www.fairplay.com.bo/_v/facebook-capi/event">https://www.fairplay.com.bo/_v/facebook-capi/event</a>
        </td>
      </tr>
      <tr>
        <td colspan="1" rowspan="1" class="indent2" width="20%">Method</td>
        <td colspan="1" rowspan="1" width="80%">POST</td>
      </tr>
      <tr>
        <td colspan="1" rowspan="1" class="indent2" width="20%">Parameter</td>
        <td colspan="1" rowspan="1" width="80%">cache-control</td>
      </tr>
      <tr>
        <td colspan="1" rowspan="1" class="indent2" width="20%">Attack</td>
        <td colspan="1" rowspan="1" width="80%"/>
      </tr>
      <tr>
        <td colspan="1" rowspan="1" class="indent2" width="20%">Evidence</td>
        <td colspan="1" rowspan="1" width="80%"/>
      </tr>
      <tr>
        <td colspan="1" rowspan="1" class="indent2" width="20%">Other Info</td>
        <td colspan="1" rowspan="1" width="80%"/>
      </tr>
      <tr>
        <td colspan="1" rowspan="1" class="indent1" width="20%">URL</td>
        <td colspan="1" rowspan="1" width="80%">
          <a shape="rect" href="https://www.fairplay.com.bo/_v/private/graphql/v1?workspace=master&amp;maxAge=long&amp;appsEtag=remove&amp;domain=store&amp;locale=es-BO">https://www.fairplay.com.bo/_v/private/graphql/v1?workspace=master&amp;maxAge=long&amp;appsEtag=remove&amp;domain=store&amp;locale=es-BO</a>
        </td>
      </tr>
      <tr>
        <td colspan="1" rowspan="1" class="indent2" width="20%">Method</td>
        <td colspan="1" rowspan="1" width="80%">POST</td>
      </tr>
      <tr>
        <td colspan="1" rowspan="1" class="indent2" width="20%">Parameter</td>
        <td colspan="1" rowspan="1" width="80%">cache-control</td>
      </tr>
      <tr>
        <td colspan="1" rowspan="1" class="indent2" width="20%">Attack</td>
        <td colspan="1" rowspan="1" width="80%"/>
      </tr>
      <tr>
        <td colspan="1" rowspan="1" class="indent2" width="20%">Evidence</td>
        <td colspan="1" rowspan="1" width="80%">max-age=86400, private</td>
      </tr>
      <tr>
        <td colspan="1" rowspan="1" class="indent2" width="20%">Other Info</td>
        <td colspan="1" rowspan="1" width="80%"/>
      </tr>
      <tr>
        <td colspan="1" rowspan="1" class="indent1" width="20%">URL</td>
        <td colspan="1" rowspan="1" width="80%">
          <a shape="rect" href="https://www.fairplay.com.bo/_v/private/graphql/v1?workspace=master&amp;maxAge=long&amp;appsEtag=remove&amp;domain=store&amp;locale=es-BO">https://www.fairplay.com.bo/_v/private/graphql/v1?workspace=master&amp;maxAge=long&amp;appsEtag=remove&amp;domain=store&amp;locale=es-BO</a>
        </td>
      </tr>
      <tr>
        <td colspan="1" rowspan="1" class="indent2" width="20%">Method</td>
        <td colspan="1" rowspan="1" width="80%">POST</td>
      </tr>
      <tr>
        <td colspan="1" rowspan="1" class="indent2" width="20%">Parameter</td>
        <td colspan="1" rowspan="1" width="80%">cache-control</td>
      </tr>
      <tr>
        <td colspan="1" rowspan="1" class="indent2" width="20%">Attack</td>
        <td colspan="1" rowspan="1" width="80%"/>
      </tr>
      <tr>
        <td colspan="1" rowspan="1" class="indent2" width="20%">Evidence</td>
        <td colspan="1" rowspan="1" width="80%">no-store, no-cache</td>
      </tr>
      <tr>
        <td colspan="1" rowspan="1" class="indent2" width="20%">Other Info</td>
        <td colspan="1" rowspan="1" width="80%"/>
      </tr>
      <tr>
        <td colspan="1" rowspan="1" class="indent1" width="20%">URL</td>
        <td colspan="1" rowspan="1" width="80%">
          <a shape="rect" href="https://www.fairplay.com.bo/_v/private/graphql/v1?workspace=master&amp;maxAge=long&amp;appsEtag=remove&amp;domain=store&amp;locale=es-BO">https://www.fairplay.com.bo/_v/private/graphql/v1?workspace=master&amp;maxAge=long&amp;appsEtag=remove&amp;domain=store&amp;locale=es-BO</a>
        </td>
      </tr>
      <tr>
        <td colspan="1" rowspan="1" class="indent2" width="20%">Method</td>
        <td colspan="1" rowspan="1" width="80%">POST</td>
      </tr>
      <tr>
        <td colspan="1" rowspan="1" class="indent2" width="20%">Parameter</td>
        <td colspan="1" rowspan="1" width="80%">cache-control</td>
      </tr>
      <tr>
        <td colspan="1" rowspan="1" class="indent2" width="20%">Attack</td>
        <td colspan="1" rowspan="1" width="80%"/>
      </tr>
      <tr>
        <td colspan="1" rowspan="1" class="indent2" width="20%">Evidence</td>
        <td colspan="1" rowspan="1" width="80%">public, max-age=120, stale-while-revalidate=3600</td>
      </tr>
      <tr>
        <td colspan="1" rowspan="1" class="indent2" width="20%">Other Info</td>
        <td colspan="1" rowspan="1" width="80%"/>
      </tr>
      <tr>
        <td colspan="1" rowspan="1" class="indent1" width="20%">URL</td>
        <td colspan="1" rowspan="1" width="80%">
          <a shape="rect" href="https://www.fairplay.com.bo/_v/private/graphql/v1?workspace=master&amp;maxAge=zero&amp;appsEtag=remove&amp;domain=store&amp;locale=es-BO">https://www.fairplay.com.bo/_v/private/graphql/v1?workspace=master&amp;maxAge=zero&amp;appsEtag=remove&amp;domain=store&amp;locale=es-BO</a>
        </td>
      </tr>
      <tr>
        <td colspan="1" rowspan="1" class="indent2" width="20%">Method</td>
        <td colspan="1" rowspan="1" width="80%">POST</td>
      </tr>
      <tr>
        <td colspan="1" rowspan="1" class="indent2" width="20%">Parameter</td>
        <td colspan="1" rowspan="1" width="80%">cache-control</td>
      </tr>
      <tr>
        <td colspan="1" rowspan="1" class="indent2" width="20%">Attack</td>
        <td colspan="1" rowspan="1" width="80%"/>
      </tr>
      <tr>
        <td colspan="1" rowspan="1" class="indent2" width="20%">Evidence</td>
        <td colspan="1" rowspan="1" width="80%">max-age=0, private</td>
      </tr>
      <tr>
        <td colspan="1" rowspan="1" class="indent2" width="20%">Other Info</td>
        <td colspan="1" rowspan="1" width="80%"/>
      </tr>
      <tr>
        <td colspan="1" rowspan="1" class="indent1" width="20%">URL</td>
        <td colspan="1" rowspan="1" width="80%">
          <a shape="rect" href="https://www.fairplay.com.bo/api/sessions?items=account.id,account.accountName,store.channel,store.countryCode,store.cultureInfo,store.currencyCode,store.currencySymbol,store.admin_cultureInfo,creditControl.creditAccounts,creditControl.deadlines,creditControl.minimumInstallmentValue,authentication.storeUserId,authentication.storeUserEmail,profile.firstName,profile.document,profile.email,profile.id,profile.isAuthenticated,profile.lastName,profile.phone,public.favoritePickup,public.utm_source,public.utm_medium,public.utm_campaign,public.utmi_cp,public.utmi_p,public.utmi_pc">https://www.fairplay.com.bo/api/sessions?items=account.id,account.accountName,store.channel,store.countryCode,store.cultureInfo,store.currencyCode,store.currencySymbol,store.admin_cultureInfo,creditControl.creditAccounts,creditControl.deadlines,creditControl.minimumInstallmentValue,authentication.storeUserId,authentication.storeUserEmail,profile.firstName,profile.document,profile.email,profile.id,profile.isAuthenticated,profile.lastName,profile.phone,public.favoritePickup,public.utm_source,public.utm_medium,public.utm_campaign,public.utmi_cp,public.utmi_p,public.utmi_pc</a>
        </td>
      </tr>
      <tr>
        <td colspan="1" rowspan="1" class="indent2" width="20%">Method</td>
        <td colspan="1" rowspan="1" width="80%">POST</td>
      </tr>
      <tr>
        <td colspan="1" rowspan="1" class="indent2" width="20%">Parameter</td>
        <td colspan="1" rowspan="1" width="80%">cache-control</td>
      </tr>
      <tr>
        <td colspan="1" rowspan="1" class="indent2" width="20%">Attack</td>
        <td colspan="1" rowspan="1" width="80%"/>
      </tr>
      <tr>
        <td colspan="1" rowspan="1" class="indent2" width="20%">Evidence</td>
        <td colspan="1" rowspan="1" width="80%"/>
      </tr>
      <tr>
        <td colspan="1" rowspan="1" class="indent2" width="20%">Other Info</td>
        <td colspan="1" rowspan="1" width="80%"/>
      </tr>
      <tr>
        <td colspan="1" rowspan="1" width="20%">Instances</td>
        <td colspan="1" rowspan="1" width="80%">73</td>
      </tr>
      <tr>
        <td colspan="1" rowspan="1" width="20%">Solution</td>
        <td colspan="1" rowspan="1" width="80%">
          <div>For secure content, ensure the cache-control HTTP header is set with "no-cache, no-store, must-revalidate". If an asset should be cached consider setting the directives "public, max-age, immutable".</div>
        </td>
      </tr>
      <tr>
        <td colspan="1" rowspan="1" width="20%">Reference</td>
        <td colspan="1" rowspan="1" width="80%">
          <a shape="rect" href="https://cheatsheetseries.owasp.org/cheatsheets/Session_Management_Cheat_Sheet.html#web-content-caching">https://cheatsheetseries.owasp.org/cheatsheets/Session_Management_Cheat_Sheet.html#web-content-caching</a>
          <br clear="none"/>
          <a shape="rect" href="https://developer.mozilla.org/en-US/docs/Web/HTTP/Headers/Cache-Control">https://developer.mozilla.org/en-US/docs/Web/HTTP/Headers/Cache-Control</a>
          <br clear="none"/>
          <a shape="rect" href="https://grayduck.mn/2021/09/13/cache-control-recommendations/">https://grayduck.mn/2021/09/13/cache-control-recommendations/</a>
        </td>
      </tr>
      <tr>
        <td colspan="1" rowspan="1" width="20%">CWE Id</td>
        <td colspan="1" rowspan="1" width="80%">
          <a shape="rect" href="https://cwe.mitre.org/data/definitions/525.html">525</a>
        </td>
      </tr>
      <tr>
        <td colspan="1" rowspan="1" width="20%">WASC Id</td>
        <td colspan="1" rowspan="1" width="80%">13</td>
      </tr>
      <tr>
        <td colspan="1" rowspan="1" width="20%">Plugin Id</td>
        <td colspan="1" rowspan="1" width="80%">
          <a shape="rect" href="https://www.zaproxy.org/docs/alerts/10015/">10015</a>
        </td>
      </tr>
    </table>
    <div class="spacer"/>
    <table class="results">
      <tr height="24">
        <th colspan="1" rowspan="1" class="risk-0" width="20%">
          <a shape="rect" id="10050"/>
          <div>Informational</div>
        </th>
        <th colspan="1" rowspan="1" class="risk-0">Retrieved from Cache</th>
      </tr>
      <tr>
        <td colspan="1" rowspan="1" width="20%">Description</td>
        <td colspan="1" rowspan="1" width="80%">
          <div>The content was retrieved from a shared cache. If the response data is sensitive, personal or user-specific, this may result in sensitive information being leaked. In some cases, this may even result in a user gaining complete control of the session of another user, depending on the configuration of the caching components in use in their environment. This is primarily an issue where caching servers such as "proxy" caches are configured on the local network. This configuration is typically found in corporate or educational environments, for instance. </div>
        </td>
      </tr>
      <tr valign="top">
        <td colspan="2" rowspan="1"/>
      </tr>
      <tr>
        <td colspan="1" rowspan="1" class="indent1" width="20%">URL</td>
        <td colspan="1" rowspan="1" width="80%">
          <a shape="rect" href="https://fairplaybo.vtexassets.com/_v/public/assets/v1/npm/animate.css@3.7.0/animate.min.css?workspace=master">https://fairplaybo.vtexassets.com/_v/public/assets/v1/npm/animate.css@3.7.0/animate.min.css?workspace=master</a>
        </td>
      </tr>
      <tr>
        <td colspan="1" rowspan="1" class="indent2" width="20%">Method</td>
        <td colspan="1" rowspan="1" width="80%">GET</td>
      </tr>
      <tr>
        <td colspan="1" rowspan="1" class="indent2" width="20%">Parameter</td>
        <td colspan="1" rowspan="1" width="80%"/>
      </tr>
      <tr>
        <td colspan="1" rowspan="1" class="indent2" width="20%">Attack</td>
        <td colspan="1" rowspan="1" width="80%"/>
      </tr>
      <tr>
        <td colspan="1" rowspan="1" class="indent2" width="20%">Evidence</td>
        <td colspan="1" rowspan="1" width="80%">Hit from cloudfront</td>
      </tr>
      <tr>
        <td colspan="1" rowspan="1" class="indent2" width="20%">Other Info</td>
        <td colspan="1" rowspan="1" width="80%"/>
      </tr>
      <tr>
        <td colspan="1" rowspan="1" class="indent1" width="20%">URL</td>
        <td colspan="1" rowspan="1" width="80%">
          <a shape="rect" href="https://fairplaybo.vtexassets.com/_v/public/assets/v1/npm/history@4.7.2/umd/history.min.js?workspace=master">https://fairplaybo.vtexassets.com/_v/public/assets/v1/npm/history@4.7.2/umd/history.min.js?workspace=master</a>
        </td>
      </tr>
      <tr>
        <td colspan="1" rowspan="1" class="indent2" width="20%">Method</td>
        <td colspan="1" rowspan="1" width="80%">GET</td>
      </tr>
      <tr>
        <td colspan="1" rowspan="1" class="indent2" width="20%">Parameter</td>
        <td colspan="1" rowspan="1" width="80%"/>
      </tr>
      <tr>
        <td colspan="1" rowspan="1" class="indent2" width="20%">Attack</td>
        <td colspan="1" rowspan="1" width="80%"/>
      </tr>
      <tr>
        <td colspan="1" rowspan="1" class="indent2" width="20%">Evidence</td>
        <td colspan="1" rowspan="1" width="80%">Hit from cloudfront</td>
      </tr>
      <tr>
        <td colspan="1" rowspan="1" class="indent2" width="20%">Other Info</td>
        <td colspan="1" rowspan="1" width="80%"/>
      </tr>
      <tr>
        <td colspan="1" rowspan="1" class="indent1" width="20%">URL</td>
        <td colspan="1" rowspan="1" width="80%">
          <a shape="rect" href="https://fairplaybo.vtexassets.com/_v/public/assets/v1/npm/lazysizes@5.3.2/lazysizes.min.js?workspace=master">https://fairplaybo.vtexassets.com/_v/public/assets/v1/npm/lazysizes@5.3.2/lazysizes.min.js?workspace=master</a>
        </td>
      </tr>
      <tr>
        <td colspan="1" rowspan="1" class="indent2" width="20%">Method</td>
        <td colspan="1" rowspan="1" width="80%">GET</td>
      </tr>
      <tr>
        <td colspan="1" rowspan="1" class="indent2" width="20%">Parameter</td>
        <td colspan="1" rowspan="1" width="80%"/>
      </tr>
      <tr>
        <td colspan="1" rowspan="1" class="indent2" width="20%">Attack</td>
        <td colspan="1" rowspan="1" width="80%"/>
      </tr>
      <tr>
        <td colspan="1" rowspan="1" class="indent2" width="20%">Evidence</td>
        <td colspan="1" rowspan="1" width="80%">Hit from cloudfront</td>
      </tr>
      <tr>
        <td colspan="1" rowspan="1" class="indent2" width="20%">Other Info</td>
        <td colspan="1" rowspan="1" width="80%"/>
      </tr>
      <tr>
        <td colspan="1" rowspan="1" class="indent1" width="20%">URL</td>
        <td colspan="1" rowspan="1" width="80%">
          <a shape="rect" href="https://fairplaybo.vtexassets.com/_v/public/assets/v1/npm/lazysizes@5.3.2/plugins/unveilhooks/ls.unveilhooks.min.js?workspace=master">https://fairplaybo.vtexassets.com/_v/public/assets/v1/npm/lazysizes@5.3.2/plugins/unveilhooks/ls.unveilhooks.min.js?workspace=master</a>
        </td>
      </tr>
      <tr>
        <td colspan="1" rowspan="1" class="indent2" width="20%">Method</td>
        <td colspan="1" rowspan="1" width="80%">GET</td>
      </tr>
      <tr>
        <td colspan="1" rowspan="1" class="indent2" width="20%">Parameter</td>
        <td colspan="1" rowspan="1" width="80%"/>
      </tr>
      <tr>
        <td colspan="1" rowspan="1" class="indent2" width="20%">Attack</td>
        <td colspan="1" rowspan="1" width="80%"/>
      </tr>
      <tr>
        <td colspan="1" rowspan="1" class="indent2" width="20%">Evidence</td>
        <td colspan="1" rowspan="1" width="80%">Hit from cloudfront</td>
      </tr>
      <tr>
        <td colspan="1" rowspan="1" class="indent2" width="20%">Other Info</td>
        <td colspan="1" rowspan="1" width="80%"/>
      </tr>
      <tr>
        <td colspan="1" rowspan="1" class="indent1" width="20%">URL</td>
        <td colspan="1" rowspan="1" width="80%">
          <a shape="rect" href="https://fairplaybo.vtexassets.com/_v/public/assets/v1/npm/prop-types@15.7.2/prop-types.min.js?workspace=master">https://fairplaybo.vtexassets.com/_v/public/assets/v1/npm/prop-types@15.7.2/prop-types.min.js?workspace=master</a>
        </td>
      </tr>
      <tr>
        <td colspan="1" rowspan="1" class="indent2" width="20%">Method</td>
        <td colspan="1" rowspan="1" width="80%">GET</td>
      </tr>
      <tr>
        <td colspan="1" rowspan="1" class="indent2" width="20%">Parameter</td>
        <td colspan="1" rowspan="1" width="80%"/>
      </tr>
      <tr>
        <td colspan="1" rowspan="1" class="indent2" width="20%">Attack</td>
        <td colspan="1" rowspan="1" width="80%"/>
      </tr>
      <tr>
        <td colspan="1" rowspan="1" class="indent2" width="20%">Evidence</td>
        <td colspan="1" rowspan="1" width="80%">Hit from cloudfront</td>
      </tr>
      <tr>
        <td colspan="1" rowspan="1" class="indent2" width="20%">Other Info</td>
        <td colspan="1" rowspan="1" width="80%"/>
      </tr>
      <tr>
        <td colspan="1" rowspan="1" class="indent1" width="20%">URL</td>
        <td colspan="1" rowspan="1" width="80%">
          <a shape="rect" href="https://fairplaybo.vtexassets.com/_v/public/assets/v1/npm/ramda@0.26.1/dist/ramda.min.js?workspace=master">https://fairplaybo.vtexassets.com/_v/public/assets/v1/npm/ramda@0.26.1/dist/ramda.min.js?workspace=master</a>
        </td>
      </tr>
      <tr>
        <td colspan="1" rowspan="1" class="indent2" width="20%">Method</td>
        <td colspan="1" rowspan="1" width="80%">GET</td>
      </tr>
      <tr>
        <td colspan="1" rowspan="1" class="indent2" width="20%">Parameter</td>
        <td colspan="1" rowspan="1" width="80%"/>
      </tr>
      <tr>
        <td colspan="1" rowspan="1" class="indent2" width="20%">Attack</td>
        <td colspan="1" rowspan="1" width="80%"/>
      </tr>
      <tr>
        <td colspan="1" rowspan="1" class="indent2" width="20%">Evidence</td>
        <td colspan="1" rowspan="1" width="80%">Hit from cloudfront</td>
      </tr>
      <tr>
        <td colspan="1" rowspan="1" class="indent2" width="20%">Other Info</td>
        <td colspan="1" rowspan="1" width="80%"/>
      </tr>
      <tr>
        <td colspan="1" rowspan="1" class="indent1" width="20%">URL</td>
        <td colspan="1" rowspan="1" width="80%">
          <a shape="rect" href="https://fairplaybo.vtexassets.com/_v/public/assets/v1/npm/react-dom@16.9.0/umd/react-dom-server.browser.production.min.js?workspace=master">https://fairplaybo.vtexassets.com/_v/public/assets/v1/npm/react-dom@16.9.0/umd/react-dom-server.browser.production.min.js?workspace=master</a>
        </td>
      </tr>
      <tr>
        <td colspan="1" rowspan="1" class="indent2" width="20%">Method</td>
        <td colspan="1" rowspan="1" width="80%">GET</td>
      </tr>
      <tr>
        <td colspan="1" rowspan="1" class="indent2" width="20%">Parameter</td>
        <td colspan="1" rowspan="1" width="80%"/>
      </tr>
      <tr>
        <td colspan="1" rowspan="1" class="indent2" width="20%">Attack</td>
        <td colspan="1" rowspan="1" width="80%"/>
      </tr>
      <tr>
        <td colspan="1" rowspan="1" class="indent2" width="20%">Evidence</td>
        <td colspan="1" rowspan="1" width="80%">Hit from cloudfront</td>
      </tr>
      <tr>
        <td colspan="1" rowspan="1" class="indent2" width="20%">Other Info</td>
        <td colspan="1" rowspan="1" width="80%"/>
      </tr>
      <tr>
        <td colspan="1" rowspan="1" class="indent1" width="20%">URL</td>
        <td colspan="1" rowspan="1" width="80%">
          <a shape="rect" href="https://fairplaybo.vtexassets.com/_v/public/assets/v1/npm/react-intl@3.9.1/dist/react-intl.min.js?workspace=master">https://fairplaybo.vtexassets.com/_v/public/assets/v1/npm/react-intl@3.9.1/dist/react-intl.min.js?workspace=master</a>
        </td>
      </tr>
      <tr>
        <td colspan="1" rowspan="1" class="indent2" width="20%">Method</td>
        <td colspan="1" rowspan="1" width="80%">GET</td>
      </tr>
      <tr>
        <td colspan="1" rowspan="1" class="indent2" width="20%">Parameter</td>
        <td colspan="1" rowspan="1" width="80%"/>
      </tr>
      <tr>
        <td colspan="1" rowspan="1" class="indent2" width="20%">Attack</td>
        <td colspan="1" rowspan="1" width="80%"/>
      </tr>
      <tr>
        <td colspan="1" rowspan="1" class="indent2" width="20%">Evidence</td>
        <td colspan="1" rowspan="1" width="80%">Hit from cloudfront</td>
      </tr>
      <tr>
        <td colspan="1" rowspan="1" class="indent2" width="20%">Other Info</td>
        <td colspan="1" rowspan="1" width="80%"/>
      </tr>
      <tr>
        <td colspan="1" rowspan="1" class="indent1" width="20%">URL</td>
        <td colspan="1" rowspan="1" width="80%">
          <a shape="rect" href="https://fairplaybo.vtexassets.com/_v/public/assets/v1/npm/vtex-render-session@1.9.2/dist/index.min.js?workspace=master">https://fairplaybo.vtexassets.com/_v/public/assets/v1/npm/vtex-render-session@1.9.2/dist/index.min.js?workspace=master</a>
        </td>
      </tr>
      <tr>
        <td colspan="1" rowspan="1" class="indent2" width="20%">Method</td>
        <td colspan="1" rowspan="1" width="80%">GET</td>
      </tr>
      <tr>
        <td colspan="1" rowspan="1" class="indent2" width="20%">Parameter</td>
        <td colspan="1" rowspan="1" width="80%"/>
      </tr>
      <tr>
        <td colspan="1" rowspan="1" class="indent2" width="20%">Attack</td>
        <td colspan="1" rowspan="1" width="80%"/>
      </tr>
      <tr>
        <td colspan="1" rowspan="1" class="indent2" width="20%">Evidence</td>
        <td colspan="1" rowspan="1" width="80%">Hit from cloudfront</td>
      </tr>
      <tr>
        <td colspan="1" rowspan="1" class="indent2" width="20%">Other Info</td>
        <td colspan="1" rowspan="1" width="80%"/>
      </tr>
      <tr>
        <td colspan="1" rowspan="1" class="indent1" width="20%">URL</td>
        <td colspan="1" rowspan="1" width="80%">
          <a shape="rect" href="https://fairplaybo.vtexassets.com/_v/public/assets/v1/published/bundle/public/react/asset.min.js?v=1&amp;files=vtex.search@1.5.1,0,Autocomplete&amp;workspace=master">https://fairplaybo.vtexassets.com/_v/public/assets/v1/published/bundle/public/react/asset.min.js?v=1&amp;files=vtex.search@1.5.1,0,Autocomplete&amp;workspace=master</a>
        </td>
      </tr>
      <tr>
        <td colspan="1" rowspan="1" class="indent2" width="20%">Method</td>
        <td colspan="1" rowspan="1" width="80%">GET</td>
      </tr>
      <tr>
        <td colspan="1" rowspan="1" class="indent2" width="20%">Parameter</td>
        <td colspan="1" rowspan="1" width="80%"/>
      </tr>
      <tr>
        <td colspan="1" rowspan="1" class="indent2" width="20%">Attack</td>
        <td colspan="1" rowspan="1" width="80%"/>
      </tr>
      <tr>
        <td colspan="1" rowspan="1" class="indent2" width="20%">Evidence</td>
        <td colspan="1" rowspan="1" width="80%">Hit from cloudfront</td>
      </tr>
      <tr>
        <td colspan="1" rowspan="1" class="indent2" width="20%">Other Info</td>
        <td colspan="1" rowspan="1" width="80%"/>
      </tr>
      <tr>
        <td colspan="1" rowspan="1" class="indent1" width="20%">URL</td>
        <td colspan="1" rowspan="1" width="80%">
          <a shape="rect" href="https://fairplaybo.vtexassets.com/_v/public/assets/v1/published/bundle/public/react/asset.min.js?v=1&amp;files=vtex.store-components@3.171.0,4,SearchBar,CollectionBadges,DiscountBadge,ProductName&amp;files=vtex.store@2.134.0,common,HomeWrapper,0,StoreWrapper,Fold&amp;files=fairplaybo.m3-custom@0.0.113,common,FreeShippingStatusVariables,MyAccountCustom,RemoveZoomIos,CustomSliderList,0,FlagCollectionCustom,WishlistCustom,FlexList,CustomFlagCollections,CustomNameProduct&amp;workspace=master">https://fairplaybo.vtexassets.com/_v/public/assets/v1/published/bundle/public/react/asset.min.js?v=1&amp;files=vtex.store-components@3.171.0,4,SearchBar,CollectionBadges,DiscountBadge,ProductName&amp;files=vtex.store@2.134.0,common,HomeWrapper,0,StoreWrapper,Fold&amp;files=fairplaybo.m3-custom@0.0.113,common,FreeShippingStatusVariables,MyAccountCustom,RemoveZoomIos,CustomSliderList,0,FlagCollectionCustom,WishlistCustom,FlexList,CustomFlagCollections,CustomNameProduct&amp;workspace=master</a>
        </td>
      </tr>
      <tr>
        <td colspan="1" rowspan="1" class="indent2" width="20%">Method</td>
        <td colspan="1" rowspan="1" width="80%">GET</td>
      </tr>
      <tr>
        <td colspan="1" rowspan="1" class="indent2" width="20%">Parameter</td>
        <td colspan="1" rowspan="1" width="80%"/>
      </tr>
      <tr>
        <td colspan="1" rowspan="1" class="indent2" width="20%">Attack</td>
        <td colspan="1" rowspan="1" width="80%"/>
      </tr>
      <tr>
        <td colspan="1" rowspan="1" class="indent2" width="20%">Evidence</td>
        <td colspan="1" rowspan="1" width="80%">Age: 759</td>
      </tr>
      <tr>
        <td colspan="1" rowspan="1" class="indent2" width="20%">Other Info</td>
        <td colspan="1" rowspan="1" width="80%">The presence of the 'Age' header indicates that that a HTTP/1.1 compliant caching server is in use.</td>
      </tr>
      <tr>
        <td colspan="1" rowspan="1" class="indent1" width="20%">URL</td>
        <td colspan="1" rowspan="1" width="80%">
          <a shape="rect" href="https://fairplaybo.vtexassets.com/_v/public/assets/v1/published/bundle/public/react/asset.min.js?v=1&amp;files=vtex.store-link@0.9.3,0,StoreLink&amp;files=vtex.product-highlights@2.3.0,common,ProductHighlights,ProductHighlightText&amp;files=vtex.order-items@0.13.23,common,0,OrderItems&amp;files=vtex.product-price@1.31.0,common,ListPrice,SellingPrice&amp;files=vtex.formatted-price@0.7.0,common,FormattedPrice&amp;files=vtex.minicart@2.67.1,common,Minicart&amp;files=vtex.store-components@3.171.0,common,Container,Newsletter,Image,Logo,10&amp;workspace=master">https://fairplaybo.vtexassets.com/_v/public/assets/v1/published/bundle/public/react/asset.min.js?v=1&amp;files=vtex.store-link@0.9.3,0,StoreLink&amp;files=vtex.product-highlights@2.3.0,common,ProductHighlights,ProductHighlightText&amp;files=vtex.order-items@0.13.23,common,0,OrderItems&amp;files=vtex.product-price@1.31.0,common,ListPrice,SellingPrice&amp;files=vtex.formatted-price@0.7.0,common,FormattedPrice&amp;files=vtex.minicart@2.67.1,common,Minicart&amp;files=vtex.store-components@3.171.0,common,Container,Newsletter,Image,Logo,10&amp;workspace=master</a>
        </td>
      </tr>
      <tr>
        <td colspan="1" rowspan="1" class="indent2" width="20%">Method</td>
        <td colspan="1" rowspan="1" width="80%">GET</td>
      </tr>
      <tr>
        <td colspan="1" rowspan="1" class="indent2" width="20%">Parameter</td>
        <td colspan="1" rowspan="1" width="80%"/>
      </tr>
      <tr>
        <td colspan="1" rowspan="1" class="indent2" width="20%">Attack</td>
        <td colspan="1" rowspan="1" width="80%"/>
      </tr>
      <tr>
        <td colspan="1" rowspan="1" class="indent2" width="20%">Evidence</td>
        <td colspan="1" rowspan="1" width="80%">Age: 172</td>
      </tr>
      <tr>
        <td colspan="1" rowspan="1" class="indent2" width="20%">Other Info</td>
        <td colspan="1" rowspan="1" width="80%">The presence of the 'Age' header indicates that that a HTTP/1.1 compliant caching server is in use.</td>
      </tr>
      <tr>
        <td colspan="1" rowspan="1" class="indent1" width="20%">URL</td>
        <td colspan="1" rowspan="1" width="80%">
          <a shape="rect" href="https://fairplaybo.vtexassets.com/_v/public/assets/v1/published/fairplaybo.m3-custom@0.0.113/public/react/BrandFlag.min.css?workspace=master">https://fairplaybo.vtexassets.com/_v/public/assets/v1/published/fairplaybo.m3-custom@0.0.113/public/react/BrandFlag.min.css?workspace=master</a>
        </td>
      </tr>
      <tr>
        <td colspan="1" rowspan="1" class="indent2" width="20%">Method</td>
        <td colspan="1" rowspan="1" width="80%">GET</td>
      </tr>
      <tr>
        <td colspan="1" rowspan="1" class="indent2" width="20%">Parameter</td>
        <td colspan="1" rowspan="1" width="80%"/>
      </tr>
      <tr>
        <td colspan="1" rowspan="1" class="indent2" width="20%">Attack</td>
        <td colspan="1" rowspan="1" width="80%"/>
      </tr>
      <tr>
        <td colspan="1" rowspan="1" class="indent2" width="20%">Evidence</td>
        <td colspan="1" rowspan="1" width="80%">Hit from cloudfront</td>
      </tr>
      <tr>
        <td colspan="1" rowspan="1" class="indent2" width="20%">Other Info</td>
        <td colspan="1" rowspan="1" width="80%"/>
      </tr>
      <tr>
        <td colspan="1" rowspan="1" class="indent1" width="20%">URL</td>
        <td colspan="1" rowspan="1" width="80%">
          <a shape="rect" href="https://fairplaybo.vtexassets.com/_v/public/assets/v1/published/fairplaybo.m3-custom@0.0.113/public/react/CustomFlagCollections.min.css?workspace=master">https://fairplaybo.vtexassets.com/_v/public/assets/v1/published/fairplaybo.m3-custom@0.0.113/public/react/CustomFlagCollections.min.css?workspace=master</a>
        </td>
      </tr>
      <tr>
        <td colspan="1" rowspan="1" class="indent2" width="20%">Method</td>
        <td colspan="1" rowspan="1" width="80%">GET</td>
      </tr>
      <tr>
        <td colspan="1" rowspan="1" class="indent2" width="20%">Parameter</td>
        <td colspan="1" rowspan="1" width="80%"/>
      </tr>
      <tr>
        <td colspan="1" rowspan="1" class="indent2" width="20%">Attack</td>
        <td colspan="1" rowspan="1" width="80%"/>
      </tr>
      <tr>
        <td colspan="1" rowspan="1" class="indent2" width="20%">Evidence</td>
        <td colspan="1" rowspan="1" width="80%">Hit from cloudfront</td>
      </tr>
      <tr>
        <td colspan="1" rowspan="1" class="indent2" width="20%">Other Info</td>
        <td colspan="1" rowspan="1" width="80%"/>
      </tr>
      <tr>
        <td colspan="1" rowspan="1" class="indent1" width="20%">URL</td>
        <td colspan="1" rowspan="1" width="80%">
          <a shape="rect" href="https://fairplaybo.vtexassets.com/_v/public/assets/v1/published/fairplaybo.m3-custom@0.0.113/public/react/CustomNameProduct.min.css?workspace=master">https://fairplaybo.vtexassets.com/_v/public/assets/v1/published/fairplaybo.m3-custom@0.0.113/public/react/CustomNameProduct.min.css?workspace=master</a>
        </td>
      </tr>
      <tr>
        <td colspan="1" rowspan="1" class="indent2" width="20%">Method</td>
        <td colspan="1" rowspan="1" width="80%">GET</td>
      </tr>
      <tr>
        <td colspan="1" rowspan="1" class="indent2" width="20%">Parameter</td>
        <td colspan="1" rowspan="1" width="80%"/>
      </tr>
      <tr>
        <td colspan="1" rowspan="1" class="indent2" width="20%">Attack</td>
        <td colspan="1" rowspan="1" width="80%"/>
      </tr>
      <tr>
        <td colspan="1" rowspan="1" class="indent2" width="20%">Evidence</td>
        <td colspan="1" rowspan="1" width="80%">Hit from cloudfront</td>
      </tr>
      <tr>
        <td colspan="1" rowspan="1" class="indent2" width="20%">Other Info</td>
        <td colspan="1" rowspan="1" width="80%"/>
      </tr>
      <tr>
        <td colspan="1" rowspan="1" class="indent1" width="20%">URL</td>
        <td colspan="1" rowspan="1" width="80%">
          <a shape="rect" href="https://fairplaybo.vtexassets.com/_v/public/assets/v1/published/fairplaybo.m3-custom@0.0.113/public/react/CustomSliderList.min.css?workspace=master">https://fairplaybo.vtexassets.com/_v/public/assets/v1/published/fairplaybo.m3-custom@0.0.113/public/react/CustomSliderList.min.css?workspace=master</a>
        </td>
      </tr>
      <tr>
        <td colspan="1" rowspan="1" class="indent2" width="20%">Method</td>
        <td colspan="1" rowspan="1" width="80%">GET</td>
      </tr>
      <tr>
        <td colspan="1" rowspan="1" class="indent2" width="20%">Parameter</td>
        <td colspan="1" rowspan="1" width="80%"/>
      </tr>
      <tr>
        <td colspan="1" rowspan="1" class="indent2" width="20%">Attack</td>
        <td colspan="1" rowspan="1" width="80%"/>
      </tr>
      <tr>
        <td colspan="1" rowspan="1" class="indent2" width="20%">Evidence</td>
        <td colspan="1" rowspan="1" width="80%">Hit from cloudfront</td>
      </tr>
      <tr>
        <td colspan="1" rowspan="1" class="indent2" width="20%">Other Info</td>
        <td colspan="1" rowspan="1" width="80%"/>
      </tr>
      <tr>
        <td colspan="1" rowspan="1" class="indent1" width="20%">URL</td>
        <td colspan="1" rowspan="1" width="80%">
          <a shape="rect" href="https://fairplaybo.vtexassets.com/_v/public/assets/v1/published/fairplaybo.m3-custom@0.0.113/public/react/FlexList.min.css?workspace=master">https://fairplaybo.vtexassets.com/_v/public/assets/v1/published/fairplaybo.m3-custom@0.0.113/public/react/FlexList.min.css?workspace=master</a>
        </td>
      </tr>
      <tr>
        <td colspan="1" rowspan="1" class="indent2" width="20%">Method</td>
        <td colspan="1" rowspan="1" width="80%">GET</td>
      </tr>
      <tr>
        <td colspan="1" rowspan="1" class="indent2" width="20%">Parameter</td>
        <td colspan="1" rowspan="1" width="80%"/>
      </tr>
      <tr>
        <td colspan="1" rowspan="1" class="indent2" width="20%">Attack</td>
        <td colspan="1" rowspan="1" width="80%"/>
      </tr>
      <tr>
        <td colspan="1" rowspan="1" class="indent2" width="20%">Evidence</td>
        <td colspan="1" rowspan="1" width="80%">Hit from cloudfront</td>
      </tr>
      <tr>
        <td colspan="1" rowspan="1" class="indent2" width="20%">Other Info</td>
        <td colspan="1" rowspan="1" width="80%"/>
      </tr>
      <tr>
        <td colspan="1" rowspan="1" class="indent1" width="20%">URL</td>
        <td colspan="1" rowspan="1" width="80%">
          <a shape="rect" href="https://fairplaybo.vtexassets.com/_v/public/assets/v1/published/fairplaybo.m3-custom@0.0.113/public/react/PriceDisconterPromotion.min.css?workspace=master">https://fairplaybo.vtexassets.com/_v/public/assets/v1/published/fairplaybo.m3-custom@0.0.113/public/react/PriceDisconterPromotion.min.css?workspace=master</a>
        </td>
      </tr>
      <tr>
        <td colspan="1" rowspan="1" class="indent2" width="20%">Method</td>
        <td colspan="1" rowspan="1" width="80%">GET</td>
      </tr>
      <tr>
        <td colspan="1" rowspan="1" class="indent2" width="20%">Parameter</td>
        <td colspan="1" rowspan="1" width="80%"/>
      </tr>
      <tr>
        <td colspan="1" rowspan="1" class="indent2" width="20%">Attack</td>
        <td colspan="1" rowspan="1" width="80%"/>
      </tr>
      <tr>
        <td colspan="1" rowspan="1" class="indent2" width="20%">Evidence</td>
        <td colspan="1" rowspan="1" width="80%">Hit from cloudfront</td>
      </tr>
      <tr>
        <td colspan="1" rowspan="1" class="indent2" width="20%">Other Info</td>
        <td colspan="1" rowspan="1" width="80%"/>
      </tr>
      <tr>
        <td colspan="1" rowspan="1" class="indent1" width="20%">URL</td>
        <td colspan="1" rowspan="1" width="80%">
          <a shape="rect" href="https://fairplaybo.vtexassets.com/_v/public/assets/v1/published/vtex.admin-pages@4.53.0/public/react/HighlightOverlay.min.css?workspace=master">https://fairplaybo.vtexassets.com/_v/public/assets/v1/published/vtex.admin-pages@4.53.0/public/react/HighlightOverlay.min.css?workspace=master</a>
        </td>
      </tr>
      <tr>
        <td colspan="1" rowspan="1" class="indent2" width="20%">Method</td>
        <td colspan="1" rowspan="1" width="80%">GET</td>
      </tr>
      <tr>
        <td colspan="1" rowspan="1" class="indent2" width="20%">Parameter</td>
        <td colspan="1" rowspan="1" width="80%"/>
      </tr>
      <tr>
        <td colspan="1" rowspan="1" class="indent2" width="20%">Attack</td>
        <td colspan="1" rowspan="1" width="80%"/>
      </tr>
      <tr>
        <td colspan="1" rowspan="1" class="indent2" width="20%">Evidence</td>
        <td colspan="1" rowspan="1" width="80%">Age: 557</td>
      </tr>
      <tr>
        <td colspan="1" rowspan="1" class="indent2" width="20%">Other Info</td>
        <td colspan="1" rowspan="1" width="80%">The presence of the 'Age' header indicates that that a HTTP/1.1 compliant caching server is in use.</td>
      </tr>
      <tr>
        <td colspan="1" rowspan="1" class="indent1" width="20%">URL</td>
        <td colspan="1" rowspan="1" width="80%">
          <a shape="rect" href="https://fairplaybo.vtexassets.com/_v/public/assets/v1/published/vtex.flex-layout@0.21.3/public/react/0.min.css?workspace=master">https://fairplaybo.vtexassets.com/_v/public/assets/v1/published/vtex.flex-layout@0.21.3/public/react/0.min.css?workspace=master</a>
        </td>
      </tr>
      <tr>
        <td colspan="1" rowspan="1" class="indent2" width="20%">Method</td>
        <td colspan="1" rowspan="1" width="80%">GET</td>
      </tr>
      <tr>
        <td colspan="1" rowspan="1" class="indent2" width="20%">Parameter</td>
        <td colspan="1" rowspan="1" width="80%"/>
      </tr>
      <tr>
        <td colspan="1" rowspan="1" class="indent2" width="20%">Attack</td>
        <td colspan="1" rowspan="1" width="80%"/>
      </tr>
      <tr>
        <td colspan="1" rowspan="1" class="indent2" width="20%">Evidence</td>
        <td colspan="1" rowspan="1" width="80%">Hit from cloudfront</td>
      </tr>
      <tr>
        <td colspan="1" rowspan="1" class="indent2" width="20%">Other Info</td>
        <td colspan="1" rowspan="1" width="80%"/>
      </tr>
      <tr>
        <td colspan="1" rowspan="1" class="indent1" width="20%">URL</td>
        <td colspan="1" rowspan="1" width="80%">
          <a shape="rect" href="https://fairplaybo.vtexassets.com/_v/public/assets/v1/published/vtex.minicart@2.67.1/public/react/Minicart.min.css?workspace=master">https://fairplaybo.vtexassets.com/_v/public/assets/v1/published/vtex.minicart@2.67.1/public/react/Minicart.min.css?workspace=master</a>
        </td>
      </tr>
      <tr>
        <td colspan="1" rowspan="1" class="indent2" width="20%">Method</td>
        <td colspan="1" rowspan="1" width="80%">GET</td>
      </tr>
      <tr>
        <td colspan="1" rowspan="1" class="indent2" width="20%">Parameter</td>
        <td colspan="1" rowspan="1" width="80%"/>
      </tr>
      <tr>
        <td colspan="1" rowspan="1" class="indent2" width="20%">Attack</td>
        <td colspan="1" rowspan="1" width="80%"/>
      </tr>
      <tr>
        <td colspan="1" rowspan="1" class="indent2" width="20%">Evidence</td>
        <td colspan="1" rowspan="1" width="80%">Hit from cloudfront</td>
      </tr>
      <tr>
        <td colspan="1" rowspan="1" class="indent2" width="20%">Other Info</td>
        <td colspan="1" rowspan="1" width="80%"/>
      </tr>
      <tr>
        <td colspan="1" rowspan="1" class="indent1" width="20%">URL</td>
        <td colspan="1" rowspan="1" width="80%">
          <a shape="rect" href="https://fairplaybo.vtexassets.com/_v/public/assets/v1/published/vtex.render-runtime@8.134.2/public/react/common.min.css?workspace=master">https://fairplaybo.vtexassets.com/_v/public/assets/v1/published/vtex.render-runtime@8.134.2/public/react/common.min.css?workspace=master</a>
        </td>
      </tr>
      <tr>
        <td colspan="1" rowspan="1" class="indent2" width="20%">Method</td>
        <td colspan="1" rowspan="1" width="80%">GET</td>
      </tr>
      <tr>
        <td colspan="1" rowspan="1" class="indent2" width="20%">Parameter</td>
        <td colspan="1" rowspan="1" width="80%"/>
      </tr>
      <tr>
        <td colspan="1" rowspan="1" class="indent2" width="20%">Attack</td>
        <td colspan="1" rowspan="1" width="80%"/>
      </tr>
      <tr>
        <td colspan="1" rowspan="1" class="indent2" width="20%">Evidence</td>
        <td colspan="1" rowspan="1" width="80%">Hit from cloudfront</td>
      </tr>
      <tr>
        <td colspan="1" rowspan="1" class="indent2" width="20%">Other Info</td>
        <td colspan="1" rowspan="1" width="80%"/>
      </tr>
      <tr>
        <td colspan="1" rowspan="1" class="indent1" width="20%">URL</td>
        <td colspan="1" rowspan="1" width="80%">
          <a shape="rect" href="https://fairplaybo.vtexassets.com/_v/public/assets/v1/published/vtex.render-runtime@8.134.2/public/react/graphql.min.js?workspace=master">https://fairplaybo.vtexassets.com/_v/public/assets/v1/published/vtex.render-runtime@8.134.2/public/react/graphql.min.js?workspace=master</a>
        </td>
      </tr>
      <tr>
        <td colspan="1" rowspan="1" class="indent2" width="20%">Method</td>
        <td colspan="1" rowspan="1" width="80%">GET</td>
      </tr>
      <tr>
        <td colspan="1" rowspan="1" class="indent2" width="20%">Parameter</td>
        <td colspan="1" rowspan="1" width="80%"/>
      </tr>
      <tr>
        <td colspan="1" rowspan="1" class="indent2" width="20%">Attack</td>
        <td colspan="1" rowspan="1" width="80%"/>
      </tr>
      <tr>
        <td colspan="1" rowspan="1" class="indent2" width="20%">Evidence</td>
        <td colspan="1" rowspan="1" width="80%">Age: 734</td>
      </tr>
      <tr>
        <td colspan="1" rowspan="1" class="indent2" width="20%">Other Info</td>
        <td colspan="1" rowspan="1" width="80%">The presence of the 'Age' header indicates that that a HTTP/1.1 compliant caching server is in use.</td>
      </tr>
      <tr>
        <td colspan="1" rowspan="1" class="indent1" width="20%">URL</td>
        <td colspan="1" rowspan="1" width="80%">
          <a shape="rect" href="https://fairplaybo.vtexassets.com/_v/public/assets/v1/published/vtex.render-runtime@8.134.2/public/react/index.min.js?workspace=master">https://fairplaybo.vtexassets.com/_v/public/assets/v1/published/vtex.render-runtime@8.134.2/public/react/index.min.js?workspace=master</a>
        </td>
      </tr>
      <tr>
        <td colspan="1" rowspan="1" class="indent2" width="20%">Method</td>
        <td colspan="1" rowspan="1" width="80%">GET</td>
      </tr>
      <tr>
        <td colspan="1" rowspan="1" class="indent2" width="20%">Parameter</td>
        <td colspan="1" rowspan="1" width="80%"/>
      </tr>
      <tr>
        <td colspan="1" rowspan="1" class="indent2" width="20%">Attack</td>
        <td colspan="1" rowspan="1" width="80%"/>
      </tr>
      <tr>
        <td colspan="1" rowspan="1" class="indent2" width="20%">Evidence</td>
        <td colspan="1" rowspan="1" width="80%">Hit from cloudfront</td>
      </tr>
      <tr>
        <td colspan="1" rowspan="1" class="indent2" width="20%">Other Info</td>
        <td colspan="1" rowspan="1" width="80%"/>
      </tr>
      <tr>
        <td colspan="1" rowspan="1" class="indent1" width="20%">URL</td>
        <td colspan="1" rowspan="1" width="80%">
          <a shape="rect" href="https://fairplaybo.vtexassets.com/_v/public/assets/v1/published/vtex.rich-text@0.16.0/public/react/index.min.css?workspace=master">https://fairplaybo.vtexassets.com/_v/public/assets/v1/published/vtex.rich-text@0.16.0/public/react/index.min.css?workspace=master</a>
        </td>
      </tr>
      <tr>
        <td colspan="1" rowspan="1" class="indent2" width="20%">Method</td>
        <td colspan="1" rowspan="1" width="80%">GET</td>
      </tr>
      <tr>
        <td colspan="1" rowspan="1" class="indent2" width="20%">Parameter</td>
        <td colspan="1" rowspan="1" width="80%"/>
      </tr>
      <tr>
        <td colspan="1" rowspan="1" class="indent2" width="20%">Attack</td>
        <td colspan="1" rowspan="1" width="80%"/>
      </tr>
      <tr>
        <td colspan="1" rowspan="1" class="indent2" width="20%">Evidence</td>
        <td colspan="1" rowspan="1" width="80%">Hit from cloudfront</td>
      </tr>
      <tr>
        <td colspan="1" rowspan="1" class="indent2" width="20%">Other Info</td>
        <td colspan="1" rowspan="1" width="80%"/>
      </tr>
      <tr>
        <td colspan="1" rowspan="1" class="indent1" width="20%">URL</td>
        <td colspan="1" rowspan="1" width="80%">
          <a shape="rect" href="https://fairplaybo.vtexassets.com/_v/public/assets/v1/published/vtex.store-components@3.171.0/public/react/4.min.css?workspace=master">https://fairplaybo.vtexassets.com/_v/public/assets/v1/published/vtex.store-components@3.171.0/public/react/4.min.css?workspace=master</a>
        </td>
      </tr>
      <tr>
        <td colspan="1" rowspan="1" class="indent2" width="20%">Method</td>
        <td colspan="1" rowspan="1" width="80%">GET</td>
      </tr>
      <tr>
        <td colspan="1" rowspan="1" class="indent2" width="20%">Parameter</td>
        <td colspan="1" rowspan="1" width="80%"/>
      </tr>
      <tr>
        <td colspan="1" rowspan="1" class="indent2" width="20%">Attack</td>
        <td colspan="1" rowspan="1" width="80%"/>
      </tr>
      <tr>
        <td colspan="1" rowspan="1" class="indent2" width="20%">Evidence</td>
        <td colspan="1" rowspan="1" width="80%">Hit from cloudfront</td>
      </tr>
      <tr>
        <td colspan="1" rowspan="1" class="indent2" width="20%">Other Info</td>
        <td colspan="1" rowspan="1" width="80%"/>
      </tr>
      <tr>
        <td colspan="1" rowspan="1" class="indent1" width="20%">URL</td>
        <td colspan="1" rowspan="1" width="80%">
          <a shape="rect" href="https://fairplaybo.vtexassets.com/_v/public/assets/v1/published/vtex.store-components@3.171.0/public/react/Container.min.css?workspace=master">https://fairplaybo.vtexassets.com/_v/public/assets/v1/published/vtex.store-components@3.171.0/public/react/Container.min.css?workspace=master</a>
        </td>
      </tr>
      <tr>
        <td colspan="1" rowspan="1" class="indent2" width="20%">Method</td>
        <td colspan="1" rowspan="1" width="80%">GET</td>
      </tr>
      <tr>
        <td colspan="1" rowspan="1" class="indent2" width="20%">Parameter</td>
        <td colspan="1" rowspan="1" width="80%"/>
      </tr>
      <tr>
        <td colspan="1" rowspan="1" class="indent2" width="20%">Attack</td>
        <td colspan="1" rowspan="1" width="80%"/>
      </tr>
      <tr>
        <td colspan="1" rowspan="1" class="indent2" width="20%">Evidence</td>
        <td colspan="1" rowspan="1" width="80%">Hit from cloudfront</td>
      </tr>
      <tr>
        <td colspan="1" rowspan="1" class="indent2" width="20%">Other Info</td>
        <td colspan="1" rowspan="1" width="80%"/>
      </tr>
      <tr>
        <td colspan="1" rowspan="1" class="indent1" width="20%">URL</td>
        <td colspan="1" rowspan="1" width="80%">
          <a shape="rect" href="https://fairplaybo.vtexassets.com/_v/public/assets/v1/published/vtex.store-components@3.171.0/public/react/DiscountBadge.min.css?workspace=master">https://fairplaybo.vtexassets.com/_v/public/assets/v1/published/vtex.store-components@3.171.0/public/react/DiscountBadge.min.css?workspace=master</a>
        </td>
      </tr>
      <tr>
        <td colspan="1" rowspan="1" class="indent2" width="20%">Method</td>
        <td colspan="1" rowspan="1" width="80%">GET</td>
      </tr>
      <tr>
        <td colspan="1" rowspan="1" class="indent2" width="20%">Parameter</td>
        <td colspan="1" rowspan="1" width="80%"/>
      </tr>
      <tr>
        <td colspan="1" rowspan="1" class="indent2" width="20%">Attack</td>
        <td colspan="1" rowspan="1" width="80%"/>
      </tr>
      <tr>
        <td colspan="1" rowspan="1" class="indent2" width="20%">Evidence</td>
        <td colspan="1" rowspan="1" width="80%">Hit from cloudfront</td>
      </tr>
      <tr>
        <td colspan="1" rowspan="1" class="indent2" width="20%">Other Info</td>
        <td colspan="1" rowspan="1" width="80%"/>
      </tr>
      <tr>
        <td colspan="1" rowspan="1" class="indent1" width="20%">URL</td>
        <td colspan="1" rowspan="1" width="80%">
          <a shape="rect" href="https://fairplaybo.vtexassets.com/_v/public/assets/v1/published/vtex.store-components@3.171.0/public/react/Logo.min.css?workspace=master">https://fairplaybo.vtexassets.com/_v/public/assets/v1/published/vtex.store-components@3.171.0/public/react/Logo.min.css?workspace=master</a>
        </td>
      </tr>
      <tr>
        <td colspan="1" rowspan="1" class="indent2" width="20%">Method</td>
        <td colspan="1" rowspan="1" width="80%">GET</td>
      </tr>
      <tr>
        <td colspan="1" rowspan="1" class="indent2" width="20%">Parameter</td>
        <td colspan="1" rowspan="1" width="80%"/>
      </tr>
      <tr>
        <td colspan="1" rowspan="1" class="indent2" width="20%">Attack</td>
        <td colspan="1" rowspan="1" width="80%"/>
      </tr>
      <tr>
        <td colspan="1" rowspan="1" class="indent2" width="20%">Evidence</td>
        <td colspan="1" rowspan="1" width="80%">Hit from cloudfront</td>
      </tr>
      <tr>
        <td colspan="1" rowspan="1" class="indent2" width="20%">Other Info</td>
        <td colspan="1" rowspan="1" width="80%"/>
      </tr>
      <tr>
        <td colspan="1" rowspan="1" class="indent1" width="20%">URL</td>
        <td colspan="1" rowspan="1" width="80%">
          <a shape="rect" href="https://fairplaybo.vtexassets.com/_v/public/assets/v1/published/vtex.store-components@3.171.0/public/react/SearchBar.min.css?workspace=master">https://fairplaybo.vtexassets.com/_v/public/assets/v1/published/vtex.store-components@3.171.0/public/react/SearchBar.min.css?workspace=master</a>
        </td>
      </tr>
      <tr>
        <td colspan="1" rowspan="1" class="indent2" width="20%">Method</td>
        <td colspan="1" rowspan="1" width="80%">GET</td>
      </tr>
      <tr>
        <td colspan="1" rowspan="1" class="indent2" width="20%">Parameter</td>
        <td colspan="1" rowspan="1" width="80%"/>
      </tr>
      <tr>
        <td colspan="1" rowspan="1" class="indent2" width="20%">Attack</td>
        <td colspan="1" rowspan="1" width="80%"/>
      </tr>
      <tr>
        <td colspan="1" rowspan="1" class="indent2" width="20%">Evidence</td>
        <td colspan="1" rowspan="1" width="80%">Hit from cloudfront</td>
      </tr>
      <tr>
        <td colspan="1" rowspan="1" class="indent2" width="20%">Other Info</td>
        <td colspan="1" rowspan="1" width="80%"/>
      </tr>
      <tr>
        <td colspan="1" rowspan="1" class="indent1" width="20%">URL</td>
        <td colspan="1" rowspan="1" width="80%">
          <a shape="rect" href="https://fairplaybo.vtexassets.com/_v/public/assets/v1/published/vtex.store-footer@2.27.0/public/react/common.min.js">https://fairplaybo.vtexassets.com/_v/public/assets/v1/published/vtex.store-footer@2.27.0/public/react/common.min.js</a>
        </td>
      </tr>
      <tr>
        <td colspan="1" rowspan="1" class="indent2" width="20%">Method</td>
        <td colspan="1" rowspan="1" width="80%">GET</td>
      </tr>
      <tr>
        <td colspan="1" rowspan="1" class="indent2" width="20%">Parameter</td>
        <td colspan="1" rowspan="1" width="80%"/>
      </tr>
      <tr>
        <td colspan="1" rowspan="1" class="indent2" width="20%">Attack</td>
        <td colspan="1" rowspan="1" width="80%"/>
      </tr>
      <tr>
        <td colspan="1" rowspan="1" class="indent2" width="20%">Evidence</td>
        <td colspan="1" rowspan="1" width="80%">Hit from cloudfront</td>
      </tr>
      <tr>
        <td colspan="1" rowspan="1" class="indent2" width="20%">Other Info</td>
        <td colspan="1" rowspan="1" width="80%"/>
      </tr>
      <tr>
        <td colspan="1" rowspan="1" class="indent1" width="20%">URL</td>
        <td colspan="1" rowspan="1" width="80%">
          <a shape="rect" href="https://fairplaybo.vtexassets.com/_v/public/assets/v1/published/vtex.store-footer@2.27.0/public/react/Footer.min.js">https://fairplaybo.vtexassets.com/_v/public/assets/v1/published/vtex.store-footer@2.27.0/public/react/Footer.min.js</a>
        </td>
      </tr>
      <tr>
        <td colspan="1" rowspan="1" class="indent2" width="20%">Method</td>
        <td colspan="1" rowspan="1" width="80%">GET</td>
      </tr>
      <tr>
        <td colspan="1" rowspan="1" class="indent2" width="20%">Parameter</td>
        <td colspan="1" rowspan="1" width="80%"/>
      </tr>
      <tr>
        <td colspan="1" rowspan="1" class="indent2" width="20%">Attack</td>
        <td colspan="1" rowspan="1" width="80%"/>
      </tr>
      <tr>
        <td colspan="1" rowspan="1" class="indent2" width="20%">Evidence</td>
        <td colspan="1" rowspan="1" width="80%">Hit from cloudfront</td>
      </tr>
      <tr>
        <td colspan="1" rowspan="1" class="indent2" width="20%">Other Info</td>
        <td colspan="1" rowspan="1" width="80%"/>
      </tr>
      <tr>
        <td colspan="1" rowspan="1" class="indent1" width="20%">URL</td>
        <td colspan="1" rowspan="1" width="80%">
          <a shape="rect" href="https://fairplaybo.vtexassets.com/_v/public/assets/v1/published/vtex.store-footer@2.27.0/public/react/FooterLayout.min.js">https://fairplaybo.vtexassets.com/_v/public/assets/v1/published/vtex.store-footer@2.27.0/public/react/FooterLayout.min.js</a>
        </td>
      </tr>
      <tr>
        <td colspan="1" rowspan="1" class="indent2" width="20%">Method</td>
        <td colspan="1" rowspan="1" width="80%">GET</td>
      </tr>
      <tr>
        <td colspan="1" rowspan="1" class="indent2" width="20%">Parameter</td>
        <td colspan="1" rowspan="1" width="80%"/>
      </tr>
      <tr>
        <td colspan="1" rowspan="1" class="indent2" width="20%">Attack</td>
        <td colspan="1" rowspan="1" width="80%"/>
      </tr>
      <tr>
        <td colspan="1" rowspan="1" class="indent2" width="20%">Evidence</td>
        <td colspan="1" rowspan="1" width="80%">Hit from cloudfront</td>
      </tr>
      <tr>
        <td colspan="1" rowspan="1" class="indent2" width="20%">Other Info</td>
        <td colspan="1" rowspan="1" width="80%"/>
      </tr>
      <tr>
        <td colspan="1" rowspan="1" class="indent1" width="20%">URL</td>
        <td colspan="1" rowspan="1" width="80%">
          <a shape="rect" href="https://fairplaybo.vtexassets.com/_v/public/assets/v1/published/vtex.store-footer@2.27.0/public/react/SocialNetworks.min.js">https://fairplaybo.vtexassets.com/_v/public/assets/v1/published/vtex.store-footer@2.27.0/public/react/SocialNetworks.min.js</a>
        </td>
      </tr>
      <tr>
        <td colspan="1" rowspan="1" class="indent2" width="20%">Method</td>
        <td colspan="1" rowspan="1" width="80%">GET</td>
      </tr>
      <tr>
        <td colspan="1" rowspan="1" class="indent2" width="20%">Parameter</td>
        <td colspan="1" rowspan="1" width="80%"/>
      </tr>
      <tr>
        <td colspan="1" rowspan="1" class="indent2" width="20%">Attack</td>
        <td colspan="1" rowspan="1" width="80%"/>
      </tr>
      <tr>
        <td colspan="1" rowspan="1" class="indent2" width="20%">Evidence</td>
        <td colspan="1" rowspan="1" width="80%">Hit from cloudfront</td>
      </tr>
      <tr>
        <td colspan="1" rowspan="1" class="indent2" width="20%">Other Info</td>
        <td colspan="1" rowspan="1" width="80%"/>
      </tr>
      <tr>
        <td colspan="1" rowspan="1" class="indent1" width="20%">URL</td>
        <td colspan="1" rowspan="1" width="80%">
          <a shape="rect" href="https://fairplaybo.vtexassets.com/_v/public/assets/v1/published/vtex.store-icons@0.18.0/public/react/IconAssistantSales.min.js">https://fairplaybo.vtexassets.com/_v/public/assets/v1/published/vtex.store-icons@0.18.0/public/react/IconAssistantSales.min.js</a>
        </td>
      </tr>
      <tr>
        <td colspan="1" rowspan="1" class="indent2" width="20%">Method</td>
        <td colspan="1" rowspan="1" width="80%">GET</td>
      </tr>
      <tr>
        <td colspan="1" rowspan="1" class="indent2" width="20%">Parameter</td>
        <td colspan="1" rowspan="1" width="80%"/>
      </tr>
      <tr>
        <td colspan="1" rowspan="1" class="indent2" width="20%">Attack</td>
        <td colspan="1" rowspan="1" width="80%"/>
      </tr>
      <tr>
        <td colspan="1" rowspan="1" class="indent2" width="20%">Evidence</td>
        <td colspan="1" rowspan="1" width="80%">Hit from cloudfront</td>
      </tr>
      <tr>
        <td colspan="1" rowspan="1" class="indent2" width="20%">Other Info</td>
        <td colspan="1" rowspan="1" width="80%"/>
      </tr>
      <tr>
        <td colspan="1" rowspan="1" class="indent1" width="20%">URL</td>
        <td colspan="1" rowspan="1" width="80%">
          <a shape="rect" href="https://fairplaybo.vtexassets.com/_v/public/assets/v1/published/vtex.store-resources@0.93.0/public/react/QuerySession.min.js">https://fairplaybo.vtexassets.com/_v/public/assets/v1/published/vtex.store-resources@0.93.0/public/react/QuerySession.min.js</a>
        </td>
      </tr>
      <tr>
        <td colspan="1" rowspan="1" class="indent2" width="20%">Method</td>
        <td colspan="1" rowspan="1" width="80%">GET</td>
      </tr>
      <tr>
        <td colspan="1" rowspan="1" class="indent2" width="20%">Parameter</td>
        <td colspan="1" rowspan="1" width="80%"/>
      </tr>
      <tr>
        <td colspan="1" rowspan="1" class="indent2" width="20%">Attack</td>
        <td colspan="1" rowspan="1" width="80%"/>
      </tr>
      <tr>
        <td colspan="1" rowspan="1" class="indent2" width="20%">Evidence</td>
        <td colspan="1" rowspan="1" width="80%">Hit from cloudfront</td>
      </tr>
      <tr>
        <td colspan="1" rowspan="1" class="indent2" width="20%">Other Info</td>
        <td colspan="1" rowspan="1" width="80%"/>
      </tr>
      <tr>
        <td colspan="1" rowspan="1" class="indent1" width="20%">URL</td>
        <td colspan="1" rowspan="1" width="80%">
          <a shape="rect" href="https://fairplaybo.vtexassets.com/_v/public/assets/v1/published/vtex.styleguide@9.146.9/public/react/0.min.css?workspace=master">https://fairplaybo.vtexassets.com/_v/public/assets/v1/published/vtex.styleguide@9.146.9/public/react/0.min.css?workspace=master</a>
        </td>
      </tr>
      <tr>
        <td colspan="1" rowspan="1" class="indent2" width="20%">Method</td>
        <td colspan="1" rowspan="1" width="80%">GET</td>
      </tr>
      <tr>
        <td colspan="1" rowspan="1" class="indent2" width="20%">Parameter</td>
        <td colspan="1" rowspan="1" width="80%"/>
      </tr>
      <tr>
        <td colspan="1" rowspan="1" class="indent2" width="20%">Attack</td>
        <td colspan="1" rowspan="1" width="80%"/>
      </tr>
      <tr>
        <td colspan="1" rowspan="1" class="indent2" width="20%">Evidence</td>
        <td colspan="1" rowspan="1" width="80%">Hit from cloudfront</td>
      </tr>
      <tr>
        <td colspan="1" rowspan="1" class="indent2" width="20%">Other Info</td>
        <td colspan="1" rowspan="1" width="80%"/>
      </tr>
      <tr>
        <td colspan="1" rowspan="1" class="indent1" width="20%">URL</td>
        <td colspan="1" rowspan="1" width="80%">
          <a shape="rect" href="https://fairplaybo.vtexassets.com/_v/public/assets/v1/published/vtex.styleguide@9.146.9/public/react/1.min.css?workspace=master">https://fairplaybo.vtexassets.com/_v/public/assets/v1/published/vtex.styleguide@9.146.9/public/react/1.min.css?workspace=master</a>
        </td>
      </tr>
      <tr>
        <td colspan="1" rowspan="1" class="indent2" width="20%">Method</td>
        <td colspan="1" rowspan="1" width="80%">GET</td>
      </tr>
      <tr>
        <td colspan="1" rowspan="1" class="indent2" width="20%">Parameter</td>
        <td colspan="1" rowspan="1" width="80%"/>
      </tr>
      <tr>
        <td colspan="1" rowspan="1" class="indent2" width="20%">Attack</td>
        <td colspan="1" rowspan="1" width="80%"/>
      </tr>
      <tr>
        <td colspan="1" rowspan="1" class="indent2" width="20%">Evidence</td>
        <td colspan="1" rowspan="1" width="80%">Hit from cloudfront</td>
      </tr>
      <tr>
        <td colspan="1" rowspan="1" class="indent2" width="20%">Other Info</td>
        <td colspan="1" rowspan="1" width="80%"/>
      </tr>
      <tr>
        <td colspan="1" rowspan="1" class="indent1" width="20%">URL</td>
        <td colspan="1" rowspan="1" width="80%">
          <a shape="rect" href="https://fairplaybo.vtexassets.com/_v/public/assets/v1/published/vtex.styleguide@9.146.9/public/react/Spinner.min.css?workspace=master">https://fairplaybo.vtexassets.com/_v/public/assets/v1/published/vtex.styleguide@9.146.9/public/react/Spinner.min.css?workspace=master</a>
        </td>
      </tr>
      <tr>
        <td colspan="1" rowspan="1" class="indent2" width="20%">Method</td>
        <td colspan="1" rowspan="1" width="80%">GET</td>
      </tr>
      <tr>
        <td colspan="1" rowspan="1" class="indent2" width="20%">Parameter</td>
        <td colspan="1" rowspan="1" width="80%"/>
      </tr>
      <tr>
        <td colspan="1" rowspan="1" class="indent2" width="20%">Attack</td>
        <td colspan="1" rowspan="1" width="80%"/>
      </tr>
      <tr>
        <td colspan="1" rowspan="1" class="indent2" width="20%">Evidence</td>
        <td colspan="1" rowspan="1" width="80%">Hit from cloudfront</td>
      </tr>
      <tr>
        <td colspan="1" rowspan="1" class="indent2" width="20%">Other Info</td>
        <td colspan="1" rowspan="1" width="80%"/>
      </tr>
      <tr>
        <td colspan="1" rowspan="1" class="indent1" width="20%">URL</td>
        <td colspan="1" rowspan="1" width="80%">
          <a shape="rect" href="https://fairplaybo.vtexassets.com/_v/public/vtex.styles-graphql/v1/fonts/989db2448f309bfdd99b513f37c84b8f5794d2b5?v=1&amp;workspace=master">https://fairplaybo.vtexassets.com/_v/public/vtex.styles-graphql/v1/fonts/989db2448f309bfdd99b513f37c84b8f5794d2b5?v=1&amp;workspace=master</a>
        </td>
      </tr>
      <tr>
        <td colspan="1" rowspan="1" class="indent2" width="20%">Method</td>
        <td colspan="1" rowspan="1" width="80%">GET</td>
      </tr>
      <tr>
        <td colspan="1" rowspan="1" class="indent2" width="20%">Parameter</td>
        <td colspan="1" rowspan="1" width="80%"/>
      </tr>
      <tr>
        <td colspan="1" rowspan="1" class="indent2" width="20%">Attack</td>
        <td colspan="1" rowspan="1" width="80%"/>
      </tr>
      <tr>
        <td colspan="1" rowspan="1" class="indent2" width="20%">Evidence</td>
        <td colspan="1" rowspan="1" width="80%">Hit from cloudfront</td>
      </tr>
      <tr>
        <td colspan="1" rowspan="1" class="indent2" width="20%">Other Info</td>
        <td colspan="1" rowspan="1" width="80%"/>
      </tr>
      <tr>
        <td colspan="1" rowspan="1" class="indent1" width="20%">URL</td>
        <td colspan="1" rowspan="1" width="80%">
          <a shape="rect" href="https://fairplaybo.vtexassets.com/_v/public/vtex.styles-graphql/v1/overrides/vtex.minicart@2.67.1$overrides.css?v=1&amp;workspace=master">https://fairplaybo.vtexassets.com/_v/public/vtex.styles-graphql/v1/overrides/vtex.minicart@2.67.1$overrides.css?v=1&amp;workspace=master</a>
        </td>
      </tr>
      <tr>
        <td colspan="1" rowspan="1" class="indent2" width="20%">Method</td>
        <td colspan="1" rowspan="1" width="80%">GET</td>
      </tr>
      <tr>
        <td colspan="1" rowspan="1" class="indent2" width="20%">Parameter</td>
        <td colspan="1" rowspan="1" width="80%"/>
      </tr>
      <tr>
        <td colspan="1" rowspan="1" class="indent2" width="20%">Attack</td>
        <td colspan="1" rowspan="1" width="80%"/>
      </tr>
      <tr>
        <td colspan="1" rowspan="1" class="indent2" width="20%">Evidence</td>
        <td colspan="1" rowspan="1" width="80%">Hit from cloudfront</td>
      </tr>
      <tr>
        <td colspan="1" rowspan="1" class="indent2" width="20%">Other Info</td>
        <td colspan="1" rowspan="1" width="80%"/>
      </tr>
      <tr>
        <td colspan="1" rowspan="1" class="indent1" width="20%">URL</td>
        <td colspan="1" rowspan="1" width="80%">
          <a shape="rect" href="https://fairplaybo.vtexassets.com/_v/public/vtex.styles-graphql/v1/overrides/vtex.product-list@0.37.1$overrides.css?v=1&amp;workspace=master">https://fairplaybo.vtexassets.com/_v/public/vtex.styles-graphql/v1/overrides/vtex.product-list@0.37.1$overrides.css?v=1&amp;workspace=master</a>
        </td>
      </tr>
      <tr>
        <td colspan="1" rowspan="1" class="indent2" width="20%">Method</td>
        <td colspan="1" rowspan="1" width="80%">GET</td>
      </tr>
      <tr>
        <td colspan="1" rowspan="1" class="indent2" width="20%">Parameter</td>
        <td colspan="1" rowspan="1" width="80%"/>
      </tr>
      <tr>
        <td colspan="1" rowspan="1" class="indent2" width="20%">Attack</td>
        <td colspan="1" rowspan="1" width="80%"/>
      </tr>
      <tr>
        <td colspan="1" rowspan="1" class="indent2" width="20%">Evidence</td>
        <td colspan="1" rowspan="1" width="80%">Hit from cloudfront</td>
      </tr>
      <tr>
        <td colspan="1" rowspan="1" class="indent2" width="20%">Other Info</td>
        <td colspan="1" rowspan="1" width="80%"/>
      </tr>
      <tr>
        <td colspan="1" rowspan="1" class="indent1" width="20%">URL</td>
        <td colspan="1" rowspan="1" width="80%">
          <a shape="rect" href="https://fairplaybo.vtexassets.com/_v/public/vtex.styles-graphql/v1/overrides/vtex.shelf-components@0.10.0$overrides.css?v=1&amp;workspace=master">https://fairplaybo.vtexassets.com/_v/public/vtex.styles-graphql/v1/overrides/vtex.shelf-components@0.10.0$overrides.css?v=1&amp;workspace=master</a>
        </td>
      </tr>
      <tr>
        <td colspan="1" rowspan="1" class="indent2" width="20%">Method</td>
        <td colspan="1" rowspan="1" width="80%">GET</td>
      </tr>
      <tr>
        <td colspan="1" rowspan="1" class="indent2" width="20%">Parameter</td>
        <td colspan="1" rowspan="1" width="80%"/>
      </tr>
      <tr>
        <td colspan="1" rowspan="1" class="indent2" width="20%">Attack</td>
        <td colspan="1" rowspan="1" width="80%"/>
      </tr>
      <tr>
        <td colspan="1" rowspan="1" class="indent2" width="20%">Evidence</td>
        <td colspan="1" rowspan="1" width="80%">Hit from cloudfront</td>
      </tr>
      <tr>
        <td colspan="1" rowspan="1" class="indent2" width="20%">Other Info</td>
        <td colspan="1" rowspan="1" width="80%"/>
      </tr>
      <tr>
        <td colspan="1" rowspan="1" class="indent1" width="20%">URL</td>
        <td colspan="1" rowspan="1" width="80%">
          <a shape="rect" href="https://fairplaybo.vtexassets.com/_v/public/vtex.styles-graphql/v1/style/fairplaybo.fairplay-theme@1.0.5$style.notsmall.min.css?v=1&amp;workspace=master">https://fairplaybo.vtexassets.com/_v/public/vtex.styles-graphql/v1/style/fairplaybo.fairplay-theme@1.0.5$style.notsmall.min.css?v=1&amp;workspace=master</a>
        </td>
      </tr>
      <tr>
        <td colspan="1" rowspan="1" class="indent2" width="20%">Method</td>
        <td colspan="1" rowspan="1" width="80%">GET</td>
      </tr>
      <tr>
        <td colspan="1" rowspan="1" class="indent2" width="20%">Parameter</td>
        <td colspan="1" rowspan="1" width="80%"/>
      </tr>
      <tr>
        <td colspan="1" rowspan="1" class="indent2" width="20%">Attack</td>
        <td colspan="1" rowspan="1" width="80%"/>
      </tr>
      <tr>
        <td colspan="1" rowspan="1" class="indent2" width="20%">Evidence</td>
        <td colspan="1" rowspan="1" width="80%">Age: 235</td>
      </tr>
      <tr>
        <td colspan="1" rowspan="1" class="indent2" width="20%">Other Info</td>
        <td colspan="1" rowspan="1" width="80%">The presence of the 'Age' header indicates that that a HTTP/1.1 compliant caching server is in use.</td>
      </tr>
      <tr>
        <td colspan="1" rowspan="1" class="indent1" width="20%">URL</td>
        <td colspan="1" rowspan="1" width="80%">
          <a shape="rect" href="https://fairplaybo.vtexassets.com/_v/public/vtex.styles-graphql/v1/style/fairplaybo.fairplay-theme@1.0.5$style.small.min.css?v=1&amp;workspace=master">https://fairplaybo.vtexassets.com/_v/public/vtex.styles-graphql/v1/style/fairplaybo.fairplay-theme@1.0.5$style.small.min.css?v=1&amp;workspace=master</a>
        </td>
      </tr>
      <tr>
        <td colspan="1" rowspan="1" class="indent2" width="20%">Method</td>
        <td colspan="1" rowspan="1" width="80%">GET</td>
      </tr>
      <tr>
        <td colspan="1" rowspan="1" class="indent2" width="20%">Parameter</td>
        <td colspan="1" rowspan="1" width="80%"/>
      </tr>
      <tr>
        <td colspan="1" rowspan="1" class="indent2" width="20%">Attack</td>
        <td colspan="1" rowspan="1" width="80%"/>
      </tr>
      <tr>
        <td colspan="1" rowspan="1" class="indent2" width="20%">Evidence</td>
        <td colspan="1" rowspan="1" width="80%">Age: 24</td>
      </tr>
      <tr>
        <td colspan="1" rowspan="1" class="indent2" width="20%">Other Info</td>
        <td colspan="1" rowspan="1" width="80%">The presence of the 'Age' header indicates that that a HTTP/1.1 compliant caching server is in use.</td>
      </tr>
      <tr>
        <td colspan="1" rowspan="1" class="indent1" width="20%">URL</td>
        <td colspan="1" rowspan="1" width="80%">
          <a shape="rect" href="https://fairplaybo.vtexassets.com/assets/vtex/assets-builder/fairplaybo.fairplay-theme/1.0.5/fonts/MuseoSans_700___10aaa353d22c131091d217c83f558343.otf">https://fairplaybo.vtexassets.com/assets/vtex/assets-builder/fairplaybo.fairplay-theme/1.0.5/fonts/MuseoSans_700___10aaa353d22c131091d217c83f558343.otf</a>
        </td>
      </tr>
      <tr>
        <td colspan="1" rowspan="1" class="indent2" width="20%">Method</td>
        <td colspan="1" rowspan="1" width="80%">GET</td>
      </tr>
      <tr>
        <td colspan="1" rowspan="1" class="indent2" width="20%">Parameter</td>
        <td colspan="1" rowspan="1" width="80%"/>
      </tr>
      <tr>
        <td colspan="1" rowspan="1" class="indent2" width="20%">Attack</td>
        <td colspan="1" rowspan="1" width="80%"/>
      </tr>
      <tr>
        <td colspan="1" rowspan="1" class="indent2" width="20%">Evidence</td>
        <td colspan="1" rowspan="1" width="80%">Hit from cloudfront</td>
      </tr>
      <tr>
        <td colspan="1" rowspan="1" class="indent2" width="20%">Other Info</td>
        <td colspan="1" rowspan="1" width="80%"/>
      </tr>
      <tr>
        <td colspan="1" rowspan="1" class="indent1" width="20%">URL</td>
        <td colspan="1" rowspan="1" width="80%">
          <a shape="rect" href="https://fairplaybo.vtexassets.com/assets/vtex/assets-builder/fairplaybo.fairplay-theme/1.0.5/fonts/Poppins-Medium___f61a4eb27371b7453bf5b12ab3648b9e.ttf">https://fairplaybo.vtexassets.com/assets/vtex/assets-builder/fairplaybo.fairplay-theme/1.0.5/fonts/Poppins-Medium___f61a4eb27371b7453bf5b12ab3648b9e.ttf</a>
        </td>
      </tr>
      <tr>
        <td colspan="1" rowspan="1" class="indent2" width="20%">Method</td>
        <td colspan="1" rowspan="1" width="80%">GET</td>
      </tr>
      <tr>
        <td colspan="1" rowspan="1" class="indent2" width="20%">Parameter</td>
        <td colspan="1" rowspan="1" width="80%"/>
      </tr>
      <tr>
        <td colspan="1" rowspan="1" class="indent2" width="20%">Attack</td>
        <td colspan="1" rowspan="1" width="80%"/>
      </tr>
      <tr>
        <td colspan="1" rowspan="1" class="indent2" width="20%">Evidence</td>
        <td colspan="1" rowspan="1" width="80%">Hit from cloudfront</td>
      </tr>
      <tr>
        <td colspan="1" rowspan="1" class="indent2" width="20%">Other Info</td>
        <td colspan="1" rowspan="1" width="80%"/>
      </tr>
      <tr>
        <td colspan="1" rowspan="1" class="indent1" width="20%">URL</td>
        <td colspan="1" rowspan="1" width="80%">
          <a shape="rect" href="https://fairplaybo.vtexassets.com/assets/vtex/assets-builder/fairplaybo.fairplay-theme/1.0.5/fonts/Poppins-Regular___8b6af8e5e8324edfd77af8b3b35d7f9c.ttf">https://fairplaybo.vtexassets.com/assets/vtex/assets-builder/fairplaybo.fairplay-theme/1.0.5/fonts/Poppins-Regular___8b6af8e5e8324edfd77af8b3b35d7f9c.ttf</a>
        </td>
      </tr>
      <tr>
        <td colspan="1" rowspan="1" class="indent2" width="20%">Method</td>
        <td colspan="1" rowspan="1" width="80%">GET</td>
      </tr>
      <tr>
        <td colspan="1" rowspan="1" class="indent2" width="20%">Parameter</td>
        <td colspan="1" rowspan="1" width="80%"/>
      </tr>
      <tr>
        <td colspan="1" rowspan="1" class="indent2" width="20%">Attack</td>
        <td colspan="1" rowspan="1" width="80%"/>
      </tr>
      <tr>
        <td colspan="1" rowspan="1" class="indent2" width="20%">Evidence</td>
        <td colspan="1" rowspan="1" width="80%">Hit from cloudfront</td>
      </tr>
      <tr>
        <td colspan="1" rowspan="1" class="indent2" width="20%">Other Info</td>
        <td colspan="1" rowspan="1" width="80%"/>
      </tr>
      <tr>
        <td colspan="1" rowspan="1" class="indent1" width="20%">URL</td>
        <td colspan="1" rowspan="1" width="80%">
          <a shape="rect" href="https://io.vtex.com.br/rc/rc.js">https://io.vtex.com.br/rc/rc.js</a>
        </td>
      </tr>
      <tr>
        <td colspan="1" rowspan="1" class="indent2" width="20%">Method</td>
        <td colspan="1" rowspan="1" width="80%">GET</td>
      </tr>
      <tr>
        <td colspan="1" rowspan="1" class="indent2" width="20%">Parameter</td>
        <td colspan="1" rowspan="1" width="80%"/>
      </tr>
      <tr>
        <td colspan="1" rowspan="1" class="indent2" width="20%">Attack</td>
        <td colspan="1" rowspan="1" width="80%"/>
      </tr>
      <tr>
        <td colspan="1" rowspan="1" class="indent2" width="20%">Evidence</td>
        <td colspan="1" rowspan="1" width="80%">Hit from cloudfront</td>
      </tr>
      <tr>
        <td colspan="1" rowspan="1" class="indent2" width="20%">Other Info</td>
        <td colspan="1" rowspan="1" width="80%"/>
      </tr>
      <tr>
        <td colspan="1" rowspan="1" class="indent1" width="20%">URL</td>
        <td colspan="1" rowspan="1" width="80%">
          <a shape="rect" href="https://io.vtex.com.br/v3/polyfill.min.js?version=3.89.4&amp;features=Object.values,Object.entries,Object.assign,Array.from,Array.prototype.findIndex,Array.prototype.fill,Array.prototype.find,Array.prototype.flatMap,Array.prototype.includes,String.prototype.startsWith,String.prototype.endsWith,String.prototype.includes,String.prototype.repeat,Symbol,fetch,Promise,Map,WeakMap,Number.isInteger,Number.isNaN,Number.EPSILON,Set,Function.name,URL,IntersectionObserver,Intl.~locale.es-BO&amp;flags=gated">https://io.vtex.com.br/v3/polyfill.min.js?version=3.89.4&amp;features=Object.values,Object.entries,Object.assign,Array.from,Array.prototype.findIndex,Array.prototype.fill,Array.prototype.find,Array.prototype.flatMap,Array.prototype.includes,String.prototype.startsWith,String.prototype.endsWith,String.prototype.includes,String.prototype.repeat,Symbol,fetch,Promise,Map,WeakMap,Number.isInteger,Number.isNaN,Number.EPSILON,Set,Function.name,URL,IntersectionObserver,Intl.~locale.es-BO&amp;flags=gated</a>
        </td>
      </tr>
      <tr>
        <td colspan="1" rowspan="1" class="indent2" width="20%">Method</td>
        <td colspan="1" rowspan="1" width="80%">GET</td>
      </tr>
      <tr>
        <td colspan="1" rowspan="1" class="indent2" width="20%">Parameter</td>
        <td colspan="1" rowspan="1" width="80%"/>
      </tr>
      <tr>
        <td colspan="1" rowspan="1" class="indent2" width="20%">Attack</td>
        <td colspan="1" rowspan="1" width="80%"/>
      </tr>
      <tr>
        <td colspan="1" rowspan="1" class="indent2" width="20%">Evidence</td>
        <td colspan="1" rowspan="1" width="80%">Hit from cloudfront</td>
      </tr>
      <tr>
        <td colspan="1" rowspan="1" class="indent2" width="20%">Other Info</td>
        <td colspan="1" rowspan="1" width="80%"/>
      </tr>
      <tr>
        <td colspan="1" rowspan="1" class="indent1" width="20%">URL</td>
        <td colspan="1" rowspan="1" width="80%">
          <a shape="rect" href="https://storage.googleapis.com/workbox-cdn/releases/4.3.1/workbox-background-sync.prod.js">https://storage.googleapis.com/workbox-cdn/releases/4.3.1/workbox-background-sync.prod.js</a>
        </td>
      </tr>
      <tr>
        <td colspan="1" rowspan="1" class="indent2" width="20%">Method</td>
        <td colspan="1" rowspan="1" width="80%">GET</td>
      </tr>
      <tr>
        <td colspan="1" rowspan="1" class="indent2" width="20%">Parameter</td>
        <td colspan="1" rowspan="1" width="80%"/>
      </tr>
      <tr>
        <td colspan="1" rowspan="1" class="indent2" width="20%">Attack</td>
        <td colspan="1" rowspan="1" width="80%"/>
      </tr>
      <tr>
        <td colspan="1" rowspan="1" class="indent2" width="20%">Evidence</td>
        <td colspan="1" rowspan="1" width="80%">Age: 304</td>
      </tr>
      <tr>
        <td colspan="1" rowspan="1" class="indent2" width="20%">Other Info</td>
        <td colspan="1" rowspan="1" width="80%">The presence of the 'Age' header indicates that that a HTTP/1.1 compliant caching server is in use.</td>
      </tr>
      <tr>
        <td colspan="1" rowspan="1" class="indent1" width="20%">URL</td>
        <td colspan="1" rowspan="1" width="80%">
          <a shape="rect" href="https://storage.googleapis.com/workbox-cdn/releases/4.3.1/workbox-core.prod.js">https://storage.googleapis.com/workbox-cdn/releases/4.3.1/workbox-core.prod.js</a>
        </td>
      </tr>
      <tr>
        <td colspan="1" rowspan="1" class="indent2" width="20%">Method</td>
        <td colspan="1" rowspan="1" width="80%">GET</td>
      </tr>
      <tr>
        <td colspan="1" rowspan="1" class="indent2" width="20%">Parameter</td>
        <td colspan="1" rowspan="1" width="80%"/>
      </tr>
      <tr>
        <td colspan="1" rowspan="1" class="indent2" width="20%">Attack</td>
        <td colspan="1" rowspan="1" width="80%"/>
      </tr>
      <tr>
        <td colspan="1" rowspan="1" class="indent2" width="20%">Evidence</td>
        <td colspan="1" rowspan="1" width="80%">Age: 2102</td>
      </tr>
      <tr>
        <td colspan="1" rowspan="1" class="indent2" width="20%">Other Info</td>
        <td colspan="1" rowspan="1" width="80%">The presence of the 'Age' header indicates that that a HTTP/1.1 compliant caching server is in use.</td>
      </tr>
      <tr>
        <td colspan="1" rowspan="1" class="indent1" width="20%">URL</td>
        <td colspan="1" rowspan="1" width="80%">
          <a shape="rect" href="https://storage.googleapis.com/workbox-cdn/releases/4.3.1/workbox-expiration.prod.js">https://storage.googleapis.com/workbox-cdn/releases/4.3.1/workbox-expiration.prod.js</a>
        </td>
      </tr>
      <tr>
        <td colspan="1" rowspan="1" class="indent2" width="20%">Method</td>
        <td colspan="1" rowspan="1" width="80%">GET</td>
      </tr>
      <tr>
        <td colspan="1" rowspan="1" class="indent2" width="20%">Parameter</td>
        <td colspan="1" rowspan="1" width="80%"/>
      </tr>
      <tr>
        <td colspan="1" rowspan="1" class="indent2" width="20%">Attack</td>
        <td colspan="1" rowspan="1" width="80%"/>
      </tr>
      <tr>
        <td colspan="1" rowspan="1" class="indent2" width="20%">Evidence</td>
        <td colspan="1" rowspan="1" width="80%">Age: 523</td>
      </tr>
      <tr>
        <td colspan="1" rowspan="1" class="indent2" width="20%">Other Info</td>
        <td colspan="1" rowspan="1" width="80%">The presence of the 'Age' header indicates that that a HTTP/1.1 compliant caching server is in use.</td>
      </tr>
      <tr>
        <td colspan="1" rowspan="1" class="indent1" width="20%">URL</td>
        <td colspan="1" rowspan="1" width="80%">
          <a shape="rect" href="https://storage.googleapis.com/workbox-cdn/releases/4.3.1/workbox-navigation-preload.prod.js">https://storage.googleapis.com/workbox-cdn/releases/4.3.1/workbox-navigation-preload.prod.js</a>
        </td>
      </tr>
      <tr>
        <td colspan="1" rowspan="1" class="indent2" width="20%">Method</td>
        <td colspan="1" rowspan="1" width="80%">GET</td>
      </tr>
      <tr>
        <td colspan="1" rowspan="1" class="indent2" width="20%">Parameter</td>
        <td colspan="1" rowspan="1" width="80%"/>
      </tr>
      <tr>
        <td colspan="1" rowspan="1" class="indent2" width="20%">Attack</td>
        <td colspan="1" rowspan="1" width="80%"/>
      </tr>
      <tr>
        <td colspan="1" rowspan="1" class="indent2" width="20%">Evidence</td>
        <td colspan="1" rowspan="1" width="80%">Age: 1430</td>
      </tr>
      <tr>
        <td colspan="1" rowspan="1" class="indent2" width="20%">Other Info</td>
        <td colspan="1" rowspan="1" width="80%">The presence of the 'Age' header indicates that that a HTTP/1.1 compliant caching server is in use.</td>
      </tr>
      <tr>
        <td colspan="1" rowspan="1" class="indent1" width="20%">URL</td>
        <td colspan="1" rowspan="1" width="80%">
          <a shape="rect" href="https://storage.googleapis.com/workbox-cdn/releases/4.3.1/workbox-offline-ga.prod.js">https://storage.googleapis.com/workbox-cdn/releases/4.3.1/workbox-offline-ga.prod.js</a>
        </td>
      </tr>
      <tr>
        <td colspan="1" rowspan="1" class="indent2" width="20%">Method</td>
        <td colspan="1" rowspan="1" width="80%">GET</td>
      </tr>
      <tr>
        <td colspan="1" rowspan="1" class="indent2" width="20%">Parameter</td>
        <td colspan="1" rowspan="1" width="80%"/>
      </tr>
      <tr>
        <td colspan="1" rowspan="1" class="indent2" width="20%">Attack</td>
        <td colspan="1" rowspan="1" width="80%"/>
      </tr>
      <tr>
        <td colspan="1" rowspan="1" class="indent2" width="20%">Evidence</td>
        <td colspan="1" rowspan="1" width="80%">Age: 2251</td>
      </tr>
      <tr>
        <td colspan="1" rowspan="1" class="indent2" width="20%">Other Info</td>
        <td colspan="1" rowspan="1" width="80%">The presence of the 'Age' header indicates that that a HTTP/1.1 compliant caching server is in use.</td>
      </tr>
      <tr>
        <td colspan="1" rowspan="1" class="indent1" width="20%">URL</td>
        <td colspan="1" rowspan="1" width="80%">
          <a shape="rect" href="https://storage.googleapis.com/workbox-cdn/releases/4.3.1/workbox-routing.prod.js">https://storage.googleapis.com/workbox-cdn/releases/4.3.1/workbox-routing.prod.js</a>
        </td>
      </tr>
      <tr>
        <td colspan="1" rowspan="1" class="indent2" width="20%">Method</td>
        <td colspan="1" rowspan="1" width="80%">GET</td>
      </tr>
      <tr>
        <td colspan="1" rowspan="1" class="indent2" width="20%">Parameter</td>
        <td colspan="1" rowspan="1" width="80%"/>
      </tr>
      <tr>
        <td colspan="1" rowspan="1" class="indent2" width="20%">Attack</td>
        <td colspan="1" rowspan="1" width="80%"/>
      </tr>
      <tr>
        <td colspan="1" rowspan="1" class="indent2" width="20%">Evidence</td>
        <td colspan="1" rowspan="1" width="80%">Age: 1912</td>
      </tr>
      <tr>
        <td colspan="1" rowspan="1" class="indent2" width="20%">Other Info</td>
        <td colspan="1" rowspan="1" width="80%">The presence of the 'Age' header indicates that that a HTTP/1.1 compliant caching server is in use.</td>
      </tr>
      <tr>
        <td colspan="1" rowspan="1" class="indent1" width="20%">URL</td>
        <td colspan="1" rowspan="1" width="80%">
          <a shape="rect" href="https://storage.googleapis.com/workbox-cdn/releases/4.3.1/workbox-strategies.prod.js">https://storage.googleapis.com/workbox-cdn/releases/4.3.1/workbox-strategies.prod.js</a>
        </td>
      </tr>
      <tr>
        <td colspan="1" rowspan="1" class="indent2" width="20%">Method</td>
        <td colspan="1" rowspan="1" width="80%">GET</td>
      </tr>
      <tr>
        <td colspan="1" rowspan="1" class="indent2" width="20%">Parameter</td>
        <td colspan="1" rowspan="1" width="80%"/>
      </tr>
      <tr>
        <td colspan="1" rowspan="1" class="indent2" width="20%">Attack</td>
        <td colspan="1" rowspan="1" width="80%"/>
      </tr>
      <tr>
        <td colspan="1" rowspan="1" class="indent2" width="20%">Evidence</td>
        <td colspan="1" rowspan="1" width="80%">Age: 2808</td>
      </tr>
      <tr>
        <td colspan="1" rowspan="1" class="indent2" width="20%">Other Info</td>
        <td colspan="1" rowspan="1" width="80%">The presence of the 'Age' header indicates that that a HTTP/1.1 compliant caching server is in use.</td>
      </tr>
      <tr>
        <td colspan="1" rowspan="1" class="indent1" width="20%">URL</td>
        <td colspan="1" rowspan="1" width="80%">
          <a shape="rect" href="https://storage.googleapis.com/workbox-cdn/releases/4.3.1/workbox-sw.js">https://storage.googleapis.com/workbox-cdn/releases/4.3.1/workbox-sw.js</a>
        </td>
      </tr>
      <tr>
        <td colspan="1" rowspan="1" class="indent2" width="20%">Method</td>
        <td colspan="1" rowspan="1" width="80%">GET</td>
      </tr>
      <tr>
        <td colspan="1" rowspan="1" class="indent2" width="20%">Parameter</td>
        <td colspan="1" rowspan="1" width="80%"/>
      </tr>
      <tr>
        <td colspan="1" rowspan="1" class="indent2" width="20%">Attack</td>
        <td colspan="1" rowspan="1" width="80%"/>
      </tr>
      <tr>
        <td colspan="1" rowspan="1" class="indent2" width="20%">Evidence</td>
        <td colspan="1" rowspan="1" width="80%">Age: 3347</td>
      </tr>
      <tr>
        <td colspan="1" rowspan="1" class="indent2" width="20%">Other Info</td>
        <td colspan="1" rowspan="1" width="80%">The presence of the 'Age' header indicates that that a HTTP/1.1 compliant caching server is in use.</td>
      </tr>
      <tr>
        <td colspan="1" rowspan="1" class="indent1" width="20%">URL</td>
        <td colspan="1" rowspan="1" width="80%">
          <a shape="rect" href="https://vtex.vtexassets.com/_v/public/assets/v1/npm/idb@2.1.3/lib/idb.js">https://vtex.vtexassets.com/_v/public/assets/v1/npm/idb@2.1.3/lib/idb.js</a>
        </td>
      </tr>
      <tr>
        <td colspan="1" rowspan="1" class="indent2" width="20%">Method</td>
        <td colspan="1" rowspan="1" width="80%">GET</td>
      </tr>
      <tr>
        <td colspan="1" rowspan="1" class="indent2" width="20%">Parameter</td>
        <td colspan="1" rowspan="1" width="80%"/>
      </tr>
      <tr>
        <td colspan="1" rowspan="1" class="indent2" width="20%">Attack</td>
        <td colspan="1" rowspan="1" width="80%"/>
      </tr>
      <tr>
        <td colspan="1" rowspan="1" class="indent2" width="20%">Evidence</td>
        <td colspan="1" rowspan="1" width="80%">Hit from cloudfront</td>
      </tr>
      <tr>
        <td colspan="1" rowspan="1" class="indent2" width="20%">Other Info</td>
        <td colspan="1" rowspan="1" width="80%"/>
      </tr>
      <tr>
        <td colspan="1" rowspan="1" class="indent1" width="20%">URL</td>
        <td colspan="1" rowspan="1" width="80%">
          <a shape="rect" href="https://www.fairplay.com.bo/_v/public/graphql/v1?workspace=master&amp;maxAge=long&amp;appsEtag=remove&amp;domain=store&amp;locale=es-BO&amp;operationName=getSettings&amp;variables=%7B%7D&amp;extensions=%7B%22persistedQuery%22%3A%7B%22version%22%3A1%2C%22sha256Hash%22%3A%2283882404fef29f19f0566df05a014b32c24745845995c313e2b329d49f0069b6%22%2C%22sender%22%3A%22vtex.structured-data%400.x%22%2C%22provider%22%3A%22vtex.apps-graphql%403.x%22%7D%7D">https://www.fairplay.com.bo/_v/public/graphql/v1?workspace=master&amp;maxAge=long&amp;appsEtag=remove&amp;domain=store&amp;locale=es-BO&amp;operationName=getSettings&amp;variables=%7B%7D&amp;extensions=%7B%22persistedQuery%22%3A%7B%22version%22%3A1%2C%22sha256Hash%22%3A%2283882404fef29f19f0566df05a014b32c24745845995c313e2b329d49f0069b6%22%2C%22sender%22%3A%22vtex.structured-data%400.x%22%2C%22provider%22%3A%22vtex.apps-graphql%403.x%22%7D%7D</a>
        </td>
      </tr>
      <tr>
        <td colspan="1" rowspan="1" class="indent2" width="20%">Method</td>
        <td colspan="1" rowspan="1" width="80%">GET</td>
      </tr>
      <tr>
        <td colspan="1" rowspan="1" class="indent2" width="20%">Parameter</td>
        <td colspan="1" rowspan="1" width="80%"/>
      </tr>
      <tr>
        <td colspan="1" rowspan="1" class="indent2" width="20%">Attack</td>
        <td colspan="1" rowspan="1" width="80%"/>
      </tr>
      <tr>
        <td colspan="1" rowspan="1" class="indent2" width="20%">Evidence</td>
        <td colspan="1" rowspan="1" width="80%">Hit from cloudfront</td>
      </tr>
      <tr>
        <td colspan="1" rowspan="1" class="indent2" width="20%">Other Info</td>
        <td colspan="1" rowspan="1" width="80%"/>
      </tr>
      <tr>
        <td colspan="1" rowspan="1" class="indent1" width="20%">URL</td>
        <td colspan="1" rowspan="1" width="80%">
          <a shape="rect" href="https://www.fairplay.com.bo/register.js?&amp;scope=">https://www.fairplay.com.bo/register.js?&amp;scope=</a>
        </td>
      </tr>
      <tr>
        <td colspan="1" rowspan="1" class="indent2" width="20%">Method</td>
        <td colspan="1" rowspan="1" width="80%">GET</td>
      </tr>
      <tr>
        <td colspan="1" rowspan="1" class="indent2" width="20%">Parameter</td>
        <td colspan="1" rowspan="1" width="80%"/>
      </tr>
      <tr>
        <td colspan="1" rowspan="1" class="indent2" width="20%">Attack</td>
        <td colspan="1" rowspan="1" width="80%"/>
      </tr>
      <tr>
        <td colspan="1" rowspan="1" class="indent2" width="20%">Evidence</td>
        <td colspan="1" rowspan="1" width="80%">Hit from cloudfront</td>
      </tr>
      <tr>
        <td colspan="1" rowspan="1" class="indent2" width="20%">Other Info</td>
        <td colspan="1" rowspan="1" width="80%"/>
      </tr>
      <tr>
        <td colspan="1" rowspan="1" class="indent1" width="20%">URL</td>
        <td colspan="1" rowspan="1" width="80%">
          <a shape="rect" href="https://www.google-analytics.com/analytics.js">https://www.google-analytics.com/analytics.js</a>
        </td>
      </tr>
      <tr>
        <td colspan="1" rowspan="1" class="indent2" width="20%">Method</td>
        <td colspan="1" rowspan="1" width="80%">GET</td>
      </tr>
      <tr>
        <td colspan="1" rowspan="1" class="indent2" width="20%">Parameter</td>
        <td colspan="1" rowspan="1" width="80%"/>
      </tr>
      <tr>
        <td colspan="1" rowspan="1" class="indent2" width="20%">Attack</td>
        <td colspan="1" rowspan="1" width="80%"/>
      </tr>
      <tr>
        <td colspan="1" rowspan="1" class="indent2" width="20%">Evidence</td>
        <td colspan="1" rowspan="1" width="80%">Age: 5602</td>
      </tr>
      <tr>
        <td colspan="1" rowspan="1" class="indent2" width="20%">Other Info</td>
        <td colspan="1" rowspan="1" width="80%">The presence of the 'Age' header indicates that that a HTTP/1.1 compliant caching server is in use.</td>
      </tr>
      <tr>
        <td colspan="1" rowspan="1" width="20%">Instances</td>
        <td colspan="1" rowspan="1" width="80%">62</td>
      </tr>
      <tr>
        <td colspan="1" rowspan="1" width="20%">Solution</td>
        <td colspan="1" rowspan="1" width="80%">
          <div>Validate that the response does not contain sensitive, personal or user-specific information.  If it does, consider the use of the following HTTP response headers, to limit, or prevent the content being stored and retrieved from the cache by another user:</div>
          <br clear="none"/>
          <div>Cache-Control: no-cache, no-store, must-revalidate, private</div>
          <br clear="none"/>
          <div>Pragma: no-cache</div>
          <br clear="none"/>
          <div>Expires: 0</div>
          <br clear="none"/>
          <div>This configuration directs both HTTP 1.0 and HTTP 1.1 compliant caching servers to not store the response, and to not retrieve the response (without validation) from the cache, in response to a similar request.</div>
        </td>
      </tr>
      <tr>
        <td colspan="1" rowspan="1" width="20%">Reference</td>
        <td colspan="1" rowspan="1" width="80%">
          <a shape="rect" href="https://tools.ietf.org/html/rfc7234">https://tools.ietf.org/html/rfc7234</a>
          <br clear="none"/>
          <a shape="rect" href="https://tools.ietf.org/html/rfc7231">https://tools.ietf.org/html/rfc7231</a>
          <br clear="none"/>
          <a shape="rect" href="http://www.w3.org/Protocols/rfc2616/rfc2616-sec13.html (obsoleted by rfc7234)">http://www.w3.org/Protocols/rfc2616/rfc2616-sec13.html (obsoleted by rfc7234)</a>
        </td>
      </tr>
      <tr>
        <td colspan="1" rowspan="1" width="20%">CWE Id</td>
        <td colspan="1" rowspan="1" width="80%"/>
      </tr>
      <tr>
        <td colspan="1" rowspan="1" width="20%">WASC Id</td>
        <td colspan="1" rowspan="1" width="80%"/>
      </tr>
      <tr>
        <td colspan="1" rowspan="1" width="20%">Plugin Id</td>
        <td colspan="1" rowspan="1" width="80%">
          <a shape="rect" href="https://www.zaproxy.org/docs/alerts/10050/">10050</a>
        </td>
      </tr>
    </table>
    <div class="spacer"/>
    <table class="results">
      <tr height="24">
        <th colspan="1" rowspan="1" class="risk-0" width="20%">
          <a shape="rect" id="10112"/>
          <div>Informational</div>
        </th>
        <th colspan="1" rowspan="1" class="risk-0">Session Management Response Identified</th>
      </tr>
      <tr>
        <td colspan="1" rowspan="1" width="20%">Description</td>
        <td colspan="1" rowspan="1" width="80%">
          <div>The given response has been identified as containing a session management token. The 'Other Info' field contains a set of header tokens that can be used in the Header Based Session Management Method. If the request is in a context which has a Session Management Method set to "Auto-Detect" then this rule will change the session management to use the tokens identified.</div>
        </td>
      </tr>
      <tr valign="top">
        <td colspan="2" rowspan="1"/>
      </tr>
      <tr>
        <td colspan="1" rowspan="1" class="indent1" width="20%">URL</td>
        <td colspan="1" rowspan="1" width="80%">
          <a shape="rect" href="https://www.fairplay.com.bo/">https://www.fairplay.com.bo/</a>
        </td>
      </tr>
      <tr>
        <td colspan="1" rowspan="1" class="indent2" width="20%">Method</td>
        <td colspan="1" rowspan="1" width="80%">GET</td>
      </tr>
      <tr>
        <td colspan="1" rowspan="1" class="indent2" width="20%">Parameter</td>
        <td colspan="1" rowspan="1" width="80%">janus_sid</td>
      </tr>
      <tr>
        <td colspan="1" rowspan="1" class="indent2" width="20%">Attack</td>
        <td colspan="1" rowspan="1" width="80%"/>
      </tr>
      <tr>
        <td colspan="1" rowspan="1" class="indent2" width="20%">Evidence</td>
        <td colspan="1" rowspan="1" width="80%">2b104b37-ee19-4632-bf8c-86023132f2d6</td>
      </tr>
      <tr>
        <td colspan="1" rowspan="1" class="indent2" width="20%">Other Info</td>
        <td colspan="1" rowspan="1" width="80%">
cookie:janus_sid</td>
      </tr>
      <tr>
        <td colspan="1" rowspan="1" class="indent1" width="20%">URL</td>
        <td colspan="1" rowspan="1" width="80%">
          <a shape="rect" href="https://www.fairplay.com.bo/_v/public/graphql/v1?workspace=master&amp;maxAge=long&amp;appsEtag=remove&amp;domain=store&amp;locale=es-BO&amp;operationName=getSettings&amp;variables=%7B%7D&amp;extensions=%7B%22persistedQuery%22%3A%7B%22version%22%3A1%2C%22sha256Hash%22%3A%2283882404fef29f19f0566df05a014b32c24745845995c313e2b329d49f0069b6%22%2C%22sender%22%3A%22vtex.structured-data%400.x%22%2C%22provider%22%3A%22vtex.apps-graphql%403.x%22%7D%7D">https://www.fairplay.com.bo/_v/public/graphql/v1?workspace=master&amp;maxAge=long&amp;appsEtag=remove&amp;domain=store&amp;locale=es-BO&amp;operationName=getSettings&amp;variables=%7B%7D&amp;extensions=%7B%22persistedQuery%22%3A%7B%22version%22%3A1%2C%22sha256Hash%22%3A%2283882404fef29f19f0566df05a014b32c24745845995c313e2b329d49f0069b6%22%2C%22sender%22%3A%22vtex.structured-data%400.x%22%2C%22provider%22%3A%22vtex.apps-graphql%403.x%22%7D%7D</a>
        </td>
      </tr>
      <tr>
        <td colspan="1" rowspan="1" class="indent2" width="20%">Method</td>
        <td colspan="1" rowspan="1" width="80%">GET</td>
      </tr>
      <tr>
        <td colspan="1" rowspan="1" class="indent2" width="20%">Parameter</td>
        <td colspan="1" rowspan="1" width="80%">janus_sid</td>
      </tr>
      <tr>
        <td colspan="1" rowspan="1" class="indent2" width="20%">Attack</td>
        <td colspan="1" rowspan="1" width="80%"/>
      </tr>
      <tr>
        <td colspan="1" rowspan="1" class="indent2" width="20%">Evidence</td>
        <td colspan="1" rowspan="1" width="80%">b7319ca8-6d35-4061-beed-243d9bebe832</td>
      </tr>
      <tr>
        <td colspan="1" rowspan="1" class="indent2" width="20%">Other Info</td>
        <td colspan="1" rowspan="1" width="80%">
cookie:janus_sid</td>
      </tr>
      <tr>
        <td colspan="1" rowspan="1" class="indent1" width="20%">URL</td>
        <td colspan="1" rowspan="1" width="80%">
          <a shape="rect" href="https://www.fairplay.com.bo/_v/public/graphql/v1?workspace=master&amp;maxAge=short&amp;appsEtag=remove&amp;domain=store&amp;locale=es-BO&amp;operationName=installedApp&amp;variables=%7B%7D&amp;extensions=%7B%22persistedQuery%22%3A%7B%22version%22%3A1%2C%22sha256Hash%22%3A%22316ccbb9a992a3a75dfb468890338d7832da789f626b52d04516c614d17f8e45%22%2C%22sender%22%3A%22vtex.checkout-resources%400.x%22%2C%22provider%22%3A%22vtex.apps-graphql%403.x%22%7D%2C%22variables%22%3A%22eyJzbHVnIjoidnRleC5jaGVja291dCJ9%22%7D">https://www.fairplay.com.bo/_v/public/graphql/v1?workspace=master&amp;maxAge=short&amp;appsEtag=remove&amp;domain=store&amp;locale=es-BO&amp;operationName=installedApp&amp;variables=%7B%7D&amp;extensions=%7B%22persistedQuery%22%3A%7B%22version%22%3A1%2C%22sha256Hash%22%3A%22316ccbb9a992a3a75dfb468890338d7832da789f626b52d04516c614d17f8e45%22%2C%22sender%22%3A%22vtex.checkout-resources%400.x%22%2C%22provider%22%3A%22vtex.apps-graphql%403.x%22%7D%2C%22variables%22%3A%22eyJzbHVnIjoidnRleC5jaGVja291dCJ9%22%7D</a>
        </td>
      </tr>
      <tr>
        <td colspan="1" rowspan="1" class="indent2" width="20%">Method</td>
        <td colspan="1" rowspan="1" width="80%">GET</td>
      </tr>
      <tr>
        <td colspan="1" rowspan="1" class="indent2" width="20%">Parameter</td>
        <td colspan="1" rowspan="1" width="80%">janus_sid</td>
      </tr>
      <tr>
        <td colspan="1" rowspan="1" class="indent2" width="20%">Attack</td>
        <td colspan="1" rowspan="1" width="80%"/>
      </tr>
      <tr>
        <td colspan="1" rowspan="1" class="indent2" width="20%">Evidence</td>
        <td colspan="1" rowspan="1" width="80%">3c2832c0-5ec3-42e0-9d9e-2a4c9915d22d</td>
      </tr>
      <tr>
        <td colspan="1" rowspan="1" class="indent2" width="20%">Other Info</td>
        <td colspan="1" rowspan="1" width="80%">
cookie:janus_sid</td>
      </tr>
      <tr>
        <td colspan="1" rowspan="1" class="indent1" width="20%">URL</td>
        <td colspan="1" rowspan="1" width="80%">
          <a shape="rect" href="https://www.fairplay.com.bo/_v/public/graphql/v1?workspace=master&amp;maxAge=short&amp;appsEtag=remove&amp;domain=store&amp;locale=es-BO&amp;operationName=pwaData&amp;variables=%7B%7D&amp;extensions=%7B%22persistedQuery%22%3A%7B%22version%22%3A1%2C%22sha256Hash%22%3A%224ee7fcc92c2703d46ce3b9eb50bb69e47711004ad5248c19ab712d42b9b74f21%22%2C%22sender%22%3A%22vtex.store-resources%400.x%22%2C%22provider%22%3A%22vtex.pwa-graphql%401.x%22%7D%7D">https://www.fairplay.com.bo/_v/public/graphql/v1?workspace=master&amp;maxAge=short&amp;appsEtag=remove&amp;domain=store&amp;locale=es-BO&amp;operationName=pwaData&amp;variables=%7B%7D&amp;extensions=%7B%22persistedQuery%22%3A%7B%22version%22%3A1%2C%22sha256Hash%22%3A%224ee7fcc92c2703d46ce3b9eb50bb69e47711004ad5248c19ab712d42b9b74f21%22%2C%22sender%22%3A%22vtex.store-resources%400.x%22%2C%22provider%22%3A%22vtex.pwa-graphql%401.x%22%7D%7D</a>
        </td>
      </tr>
      <tr>
        <td colspan="1" rowspan="1" class="indent2" width="20%">Method</td>
        <td colspan="1" rowspan="1" width="80%">GET</td>
      </tr>
      <tr>
        <td colspan="1" rowspan="1" class="indent2" width="20%">Parameter</td>
        <td colspan="1" rowspan="1" width="80%">janus_sid</td>
      </tr>
      <tr>
        <td colspan="1" rowspan="1" class="indent2" width="20%">Attack</td>
        <td colspan="1" rowspan="1" width="80%"/>
      </tr>
      <tr>
        <td colspan="1" rowspan="1" class="indent2" width="20%">Evidence</td>
        <td colspan="1" rowspan="1" width="80%">e7bcfb76-f560-43f4-ad14-663082c29278</td>
      </tr>
      <tr>
        <td colspan="1" rowspan="1" class="indent2" width="20%">Other Info</td>
        <td colspan="1" rowspan="1" width="80%">
cookie:janus_sid</td>
      </tr>
      <tr>
        <td colspan="1" rowspan="1" class="indent1" width="20%">URL</td>
        <td colspan="1" rowspan="1" width="80%">
          <a shape="rect" href="https://www.fairplay.com.bo/_v/public/graphql/v1?workspace=master&amp;maxAge=short&amp;appsEtag=remove&amp;domain=store&amp;locale=es-BO&amp;operationName=pwaData&amp;variables=%7B%7D&amp;extensions=%7B%22persistedQuery%22%3A%7B%22version%22%3A1%2C%22sha256Hash%22%3A%22d4ef63f4b8ffd8f8b526bb5d32cd9c0568e94a5f6e914fe9f93d50d92b3b1f75%22%2C%22sender%22%3A%22vtex.store-resources%400.x%22%2C%22provider%22%3A%22vtex.pwa-graphql%401.x%22%7D%7D">https://www.fairplay.com.bo/_v/public/graphql/v1?workspace=master&amp;maxAge=short&amp;appsEtag=remove&amp;domain=store&amp;locale=es-BO&amp;operationName=pwaData&amp;variables=%7B%7D&amp;extensions=%7B%22persistedQuery%22%3A%7B%22version%22%3A1%2C%22sha256Hash%22%3A%22d4ef63f4b8ffd8f8b526bb5d32cd9c0568e94a5f6e914fe9f93d50d92b3b1f75%22%2C%22sender%22%3A%22vtex.store-resources%400.x%22%2C%22provider%22%3A%22vtex.pwa-graphql%401.x%22%7D%7D</a>
        </td>
      </tr>
      <tr>
        <td colspan="1" rowspan="1" class="indent2" width="20%">Method</td>
        <td colspan="1" rowspan="1" width="80%">GET</td>
      </tr>
      <tr>
        <td colspan="1" rowspan="1" class="indent2" width="20%">Parameter</td>
        <td colspan="1" rowspan="1" width="80%">janus_sid</td>
      </tr>
      <tr>
        <td colspan="1" rowspan="1" class="indent2" width="20%">Attack</td>
        <td colspan="1" rowspan="1" width="80%"/>
      </tr>
      <tr>
        <td colspan="1" rowspan="1" class="indent2" width="20%">Evidence</td>
        <td colspan="1" rowspan="1" width="80%">0b152597-5838-4bed-bd8b-fdd171b0dd7a</td>
      </tr>
      <tr>
        <td colspan="1" rowspan="1" class="indent2" width="20%">Other Info</td>
        <td colspan="1" rowspan="1" width="80%">
cookie:janus_sid</td>
      </tr>
      <tr>
        <td colspan="1" rowspan="1" class="indent1" width="20%">URL</td>
        <td colspan="1" rowspan="1" width="80%">
          <a shape="rect" href="https://www.fairplay.com.bo/_v/public/graphql/v1?workspace=master&amp;maxAge=short&amp;appsEtag=remove&amp;domain=store&amp;locale=es-BO&amp;operationName=pwaData&amp;variables=%7B%7D&amp;extensions=%7B%22persistedQuery%22%3A%7B%22version%22%3A1%2C%22sha256Hash%22%3A%22d74316adb13d69e4e9511ca53de9aae92b07a0ede2f63817940dc8a42e9f62de%22%2C%22sender%22%3A%22vtex.store-resources%400.x%22%2C%22provider%22%3A%22vtex.pwa-graphql%401.x%22%7D%7D">https://www.fairplay.com.bo/_v/public/graphql/v1?workspace=master&amp;maxAge=short&amp;appsEtag=remove&amp;domain=store&amp;locale=es-BO&amp;operationName=pwaData&amp;variables=%7B%7D&amp;extensions=%7B%22persistedQuery%22%3A%7B%22version%22%3A1%2C%22sha256Hash%22%3A%22d74316adb13d69e4e9511ca53de9aae92b07a0ede2f63817940dc8a42e9f62de%22%2C%22sender%22%3A%22vtex.store-resources%400.x%22%2C%22provider%22%3A%22vtex.pwa-graphql%401.x%22%7D%7D</a>
        </td>
      </tr>
      <tr>
        <td colspan="1" rowspan="1" class="indent2" width="20%">Method</td>
        <td colspan="1" rowspan="1" width="80%">GET</td>
      </tr>
      <tr>
        <td colspan="1" rowspan="1" class="indent2" width="20%">Parameter</td>
        <td colspan="1" rowspan="1" width="80%">janus_sid</td>
      </tr>
      <tr>
        <td colspan="1" rowspan="1" class="indent2" width="20%">Attack</td>
        <td colspan="1" rowspan="1" width="80%"/>
      </tr>
      <tr>
        <td colspan="1" rowspan="1" class="indent2" width="20%">Evidence</td>
        <td colspan="1" rowspan="1" width="80%">dd9b2642-5e25-4263-b1a8-cc63eece2ebd</td>
      </tr>
      <tr>
        <td colspan="1" rowspan="1" class="indent2" width="20%">Other Info</td>
        <td colspan="1" rowspan="1" width="80%">
cookie:janus_sid</td>
      </tr>
      <tr>
        <td colspan="1" rowspan="1" class="indent1" width="20%">URL</td>
        <td colspan="1" rowspan="1" width="80%">
          <a shape="rect" href="https://www.fairplay.com.bo/_v/public/graphql/v1?workspace=master&amp;maxAge=short&amp;appsEtag=remove&amp;domain=store&amp;locale=es-BO&amp;operationName=pwaData&amp;variables=%7B%7D&amp;extensions=%7B%22persistedQuery%22%3A%7B%22version%22%3A1%2C%22sha256Hash%22%3A%22deda973471d2ddce55e2d6ebd8963c2f4f947d32e051bb798cec0bbfbb9e3ca3%22%2C%22sender%22%3A%22vtex.store-resources%400.x%22%2C%22provider%22%3A%22vtex.pwa-graphql%401.x%22%7D%7D">https://www.fairplay.com.bo/_v/public/graphql/v1?workspace=master&amp;maxAge=short&amp;appsEtag=remove&amp;domain=store&amp;locale=es-BO&amp;operationName=pwaData&amp;variables=%7B%7D&amp;extensions=%7B%22persistedQuery%22%3A%7B%22version%22%3A1%2C%22sha256Hash%22%3A%22deda973471d2ddce55e2d6ebd8963c2f4f947d32e051bb798cec0bbfbb9e3ca3%22%2C%22sender%22%3A%22vtex.store-resources%400.x%22%2C%22provider%22%3A%22vtex.pwa-graphql%401.x%22%7D%7D</a>
        </td>
      </tr>
      <tr>
        <td colspan="1" rowspan="1" class="indent2" width="20%">Method</td>
        <td colspan="1" rowspan="1" width="80%">GET</td>
      </tr>
      <tr>
        <td colspan="1" rowspan="1" class="indent2" width="20%">Parameter</td>
        <td colspan="1" rowspan="1" width="80%">janus_sid</td>
      </tr>
      <tr>
        <td colspan="1" rowspan="1" class="indent2" width="20%">Attack</td>
        <td colspan="1" rowspan="1" width="80%"/>
      </tr>
      <tr>
        <td colspan="1" rowspan="1" class="indent2" width="20%">Evidence</td>
        <td colspan="1" rowspan="1" width="80%">1c3493be-0f87-4500-a72d-a26d11d70dca</td>
      </tr>
      <tr>
        <td colspan="1" rowspan="1" class="indent2" width="20%">Other Info</td>
        <td colspan="1" rowspan="1" width="80%">
cookie:janus_sid</td>
      </tr>
      <tr>
        <td colspan="1" rowspan="1" class="indent1" width="20%">URL</td>
        <td colspan="1" rowspan="1" width="80%">
          <a shape="rect" href="https://www.fairplay.com.bo/_v/public/graphql/v1?workspace=master&amp;maxAge=short&amp;appsEtag=remove&amp;domain=store&amp;locale=es-BO&amp;operationName=topSearches&amp;variables=%7B%7D&amp;extensions=%7B%22persistedQuery%22%3A%7B%22version%22%3A1%2C%22sha256Hash%22%3A%223716a7e9b7fc6fa498d6f6007175b1d948abc31c5291347add48a7f9fa74bbb0%22%2C%22sender%22%3A%22vtex.search%401.x%22%2C%22provider%22%3A%22vtex.search%401.x%22%7D%7D">https://www.fairplay.com.bo/_v/public/graphql/v1?workspace=master&amp;maxAge=short&amp;appsEtag=remove&amp;domain=store&amp;locale=es-BO&amp;operationName=topSearches&amp;variables=%7B%7D&amp;extensions=%7B%22persistedQuery%22%3A%7B%22version%22%3A1%2C%22sha256Hash%22%3A%223716a7e9b7fc6fa498d6f6007175b1d948abc31c5291347add48a7f9fa74bbb0%22%2C%22sender%22%3A%22vtex.search%401.x%22%2C%22provider%22%3A%22vtex.search%401.x%22%7D%7D</a>
        </td>
      </tr>
      <tr>
        <td colspan="1" rowspan="1" class="indent2" width="20%">Method</td>
        <td colspan="1" rowspan="1" width="80%">GET</td>
      </tr>
      <tr>
        <td colspan="1" rowspan="1" class="indent2" width="20%">Parameter</td>
        <td colspan="1" rowspan="1" width="80%">janus_sid</td>
      </tr>
      <tr>
        <td colspan="1" rowspan="1" class="indent2" width="20%">Attack</td>
        <td colspan="1" rowspan="1" width="80%"/>
      </tr>
      <tr>
        <td colspan="1" rowspan="1" class="indent2" width="20%">Evidence</td>
        <td colspan="1" rowspan="1" width="80%">415c517b-c252-4ed2-97d1-5f4db1c9a983</td>
      </tr>
      <tr>
        <td colspan="1" rowspan="1" class="indent2" width="20%">Other Info</td>
        <td colspan="1" rowspan="1" width="80%">
cookie:janus_sid</td>
      </tr>
      <tr>
        <td colspan="1" rowspan="1" class="indent1" width="20%">URL</td>
        <td colspan="1" rowspan="1" width="80%">
          <a shape="rect" href="https://www.fairplay.com.bo/_v/segment/graphql/v1?workspace=master&amp;maxAge=short&amp;appsEtag=remove&amp;domain=store&amp;locale=es-BO&amp;operationName=Products&amp;variables=%7B%7D&amp;extensions=%7B%22persistedQuery%22%3A%7B%22version%22%3A1%2C%22sha256Hash%22%3A%224877b29940906d57e924950723efc7ec8c81c57eb7a4c21648153fb257066ce3%22%2C%22sender%22%3A%22vtex.store-resources%400.x%22%2C%22provider%22%3A%22vtex.search-graphql%400.x%22%7D%2C%22variables%22%3A%22eyJoaWRlVW5hdmFpbGFibGVJdGVtcyI6ZmFsc2UsInNrdXNGaWx0ZXIiOiJBTExfQVZBSUxBQkxFIiwiaW5zdGFsbG1lbnRDcml0ZXJpYSI6Ik1BWF9XSVRIT1VUX0lOVEVSRVNUIiwiY2F0ZWdvcnkiOiI0Ny81NC81OCIsImNvbGxlY3Rpb24iOiIiLCJzcGVjaWZpY2F0aW9uRmlsdGVycyI6W10sIm9yZGVyQnkiOiJPcmRlckJ5UHJpY2VERVNDIiwiZnJvbSI6MCwidG8iOjQ5LCJzaGlwcGluZ09wdGlvbnMiOltdLCJ2YXJpYW50IjoiIn0%3D%22%7D">https://www.fairplay.com.bo/_v/segment/graphql/v1?workspace=master&amp;maxAge=short&amp;appsEtag=remove&amp;domain=store&amp;locale=es-BO&amp;operationName=Products&amp;variables=%7B%7D&amp;extensions=%7B%22persistedQuery%22%3A%7B%22version%22%3A1%2C%22sha256Hash%22%3A%224877b29940906d57e924950723efc7ec8c81c57eb7a4c21648153fb257066ce3%22%2C%22sender%22%3A%22vtex.store-resources%400.x%22%2C%22provider%22%3A%22vtex.search-graphql%400.x%22%7D%2C%22variables%22%3A%22eyJoaWRlVW5hdmFpbGFibGVJdGVtcyI6ZmFsc2UsInNrdXNGaWx0ZXIiOiJBTExfQVZBSUxBQkxFIiwiaW5zdGFsbG1lbnRDcml0ZXJpYSI6Ik1BWF9XSVRIT1VUX0lOVEVSRVNUIiwiY2F0ZWdvcnkiOiI0Ny81NC81OCIsImNvbGxlY3Rpb24iOiIiLCJzcGVjaWZpY2F0aW9uRmlsdGVycyI6W10sIm9yZGVyQnkiOiJPcmRlckJ5UHJpY2VERVNDIiwiZnJvbSI6MCwidG8iOjQ5LCJzaGlwcGluZ09wdGlvbnMiOltdLCJ2YXJpYW50IjoiIn0%3D%22%7D</a>
        </td>
      </tr>
      <tr>
        <td colspan="1" rowspan="1" class="indent2" width="20%">Method</td>
        <td colspan="1" rowspan="1" width="80%">GET</td>
      </tr>
      <tr>
        <td colspan="1" rowspan="1" class="indent2" width="20%">Parameter</td>
        <td colspan="1" rowspan="1" width="80%">janus_sid</td>
      </tr>
      <tr>
        <td colspan="1" rowspan="1" class="indent2" width="20%">Attack</td>
        <td colspan="1" rowspan="1" width="80%"/>
      </tr>
      <tr>
        <td colspan="1" rowspan="1" class="indent2" width="20%">Evidence</td>
        <td colspan="1" rowspan="1" width="80%">b8ed5cac-5bba-482c-b487-34ef553c85e5</td>
      </tr>
      <tr>
        <td colspan="1" rowspan="1" class="indent2" width="20%">Other Info</td>
        <td colspan="1" rowspan="1" width="80%">
cookie:janus_sid</td>
      </tr>
      <tr>
        <td colspan="1" rowspan="1" class="indent1" width="20%">URL</td>
        <td colspan="1" rowspan="1" width="80%">
          <a shape="rect" href="https://www.fairplay.com.bo/_v/segment/graphql/v1?workspace=master&amp;maxAge=short&amp;appsEtag=remove&amp;domain=store&amp;locale=es-BO&amp;operationName=Products&amp;variables=%7B%7D&amp;extensions=%7B%22persistedQuery%22%3A%7B%22version%22%3A1%2C%22sha256Hash%22%3A%224877b29940906d57e924950723efc7ec8c81c57eb7a4c21648153fb257066ce3%22%2C%22sender%22%3A%22vtex.store-resources%400.x%22%2C%22provider%22%3A%22vtex.search-graphql%400.x%22%7D%2C%22variables%22%3A%22eyJoaWRlVW5hdmFpbGFibGVJdGVtcyI6ZmFsc2UsInNrdXNGaWx0ZXIiOiJBTExfQVZBSUxBQkxFIiwiaW5zdGFsbG1lbnRDcml0ZXJpYSI6Ik1BWF9XSVRIT1VUX0lOVEVSRVNUIiwiY2F0ZWdvcnkiOiI0Ny81NSIsImNvbGxlY3Rpb24iOiIiLCJzcGVjaWZpY2F0aW9uRmlsdGVycyI6W10sIm9yZGVyQnkiOiJPcmRlckJ5UHJpY2VBU0MiLCJmcm9tIjowLCJ0byI6NDksInNoaXBwaW5nT3B0aW9ucyI6W10sInZhcmlhbnQiOiIifQ%3D%3D%22%7D">https://www.fairplay.com.bo/_v/segment/graphql/v1?workspace=master&amp;maxAge=short&amp;appsEtag=remove&amp;domain=store&amp;locale=es-BO&amp;operationName=Products&amp;variables=%7B%7D&amp;extensions=%7B%22persistedQuery%22%3A%7B%22version%22%3A1%2C%22sha256Hash%22%3A%224877b29940906d57e924950723efc7ec8c81c57eb7a4c21648153fb257066ce3%22%2C%22sender%22%3A%22vtex.store-resources%400.x%22%2C%22provider%22%3A%22vtex.search-graphql%400.x%22%7D%2C%22variables%22%3A%22eyJoaWRlVW5hdmFpbGFibGVJdGVtcyI6ZmFsc2UsInNrdXNGaWx0ZXIiOiJBTExfQVZBSUxBQkxFIiwiaW5zdGFsbG1lbnRDcml0ZXJpYSI6Ik1BWF9XSVRIT1VUX0lOVEVSRVNUIiwiY2F0ZWdvcnkiOiI0Ny81NSIsImNvbGxlY3Rpb24iOiIiLCJzcGVjaWZpY2F0aW9uRmlsdGVycyI6W10sIm9yZGVyQnkiOiJPcmRlckJ5UHJpY2VBU0MiLCJmcm9tIjowLCJ0byI6NDksInNoaXBwaW5nT3B0aW9ucyI6W10sInZhcmlhbnQiOiIifQ%3D%3D%22%7D</a>
        </td>
      </tr>
      <tr>
        <td colspan="1" rowspan="1" class="indent2" width="20%">Method</td>
        <td colspan="1" rowspan="1" width="80%">GET</td>
      </tr>
      <tr>
        <td colspan="1" rowspan="1" class="indent2" width="20%">Parameter</td>
        <td colspan="1" rowspan="1" width="80%">janus_sid</td>
      </tr>
      <tr>
        <td colspan="1" rowspan="1" class="indent2" width="20%">Attack</td>
        <td colspan="1" rowspan="1" width="80%"/>
      </tr>
      <tr>
        <td colspan="1" rowspan="1" class="indent2" width="20%">Evidence</td>
        <td colspan="1" rowspan="1" width="80%">02166c6a-ac68-4c83-82d7-50a3eaf22ac3</td>
      </tr>
      <tr>
        <td colspan="1" rowspan="1" class="indent2" width="20%">Other Info</td>
        <td colspan="1" rowspan="1" width="80%">
cookie:janus_sid</td>
      </tr>
      <tr>
        <td colspan="1" rowspan="1" class="indent1" width="20%">URL</td>
        <td colspan="1" rowspan="1" width="80%">
          <a shape="rect" href="https://www.fairplay.com.bo/_v/segment/graphql/v1?workspace=master&amp;maxAge=short&amp;appsEtag=remove&amp;domain=store&amp;locale=es-BO&amp;operationName=Products&amp;variables=%7B%7D&amp;extensions=%7B%22persistedQuery%22%3A%7B%22version%22%3A1%2C%22sha256Hash%22%3A%224877b29940906d57e924950723efc7ec8c81c57eb7a4c21648153fb257066ce3%22%2C%22sender%22%3A%22vtex.store-resources%400.x%22%2C%22provider%22%3A%22vtex.search-graphql%400.x%22%7D%2C%22variables%22%3A%22eyJoaWRlVW5hdmFpbGFibGVJdGVtcyI6ZmFsc2UsInNrdXNGaWx0ZXIiOiJBTExfQVZBSUxBQkxFIiwiaW5zdGFsbG1lbnRDcml0ZXJpYSI6Ik1BWF9XSVRIT1VUX0lOVEVSRVNUIiwiY2F0ZWdvcnkiOiI0OC85NiIsImNvbGxlY3Rpb24iOiIiLCJzcGVjaWZpY2F0aW9uRmlsdGVycyI6W10sIm9yZGVyQnkiOiJPcmRlckJ5UHJpY2VERVNDIiwiZnJvbSI6MCwidG8iOjQ5LCJzaGlwcGluZ09wdGlvbnMiOltdLCJ2YXJpYW50IjoiIn0%3D%22%7D">https://www.fairplay.com.bo/_v/segment/graphql/v1?workspace=master&amp;maxAge=short&amp;appsEtag=remove&amp;domain=store&amp;locale=es-BO&amp;operationName=Products&amp;variables=%7B%7D&amp;extensions=%7B%22persistedQuery%22%3A%7B%22version%22%3A1%2C%22sha256Hash%22%3A%224877b29940906d57e924950723efc7ec8c81c57eb7a4c21648153fb257066ce3%22%2C%22sender%22%3A%22vtex.store-resources%400.x%22%2C%22provider%22%3A%22vtex.search-graphql%400.x%22%7D%2C%22variables%22%3A%22eyJoaWRlVW5hdmFpbGFibGVJdGVtcyI6ZmFsc2UsInNrdXNGaWx0ZXIiOiJBTExfQVZBSUxBQkxFIiwiaW5zdGFsbG1lbnRDcml0ZXJpYSI6Ik1BWF9XSVRIT1VUX0lOVEVSRVNUIiwiY2F0ZWdvcnkiOiI0OC85NiIsImNvbGxlY3Rpb24iOiIiLCJzcGVjaWZpY2F0aW9uRmlsdGVycyI6W10sIm9yZGVyQnkiOiJPcmRlckJ5UHJpY2VERVNDIiwiZnJvbSI6MCwidG8iOjQ5LCJzaGlwcGluZ09wdGlvbnMiOltdLCJ2YXJpYW50IjoiIn0%3D%22%7D</a>
        </td>
      </tr>
      <tr>
        <td colspan="1" rowspan="1" class="indent2" width="20%">Method</td>
        <td colspan="1" rowspan="1" width="80%">GET</td>
      </tr>
      <tr>
        <td colspan="1" rowspan="1" class="indent2" width="20%">Parameter</td>
        <td colspan="1" rowspan="1" width="80%">janus_sid</td>
      </tr>
      <tr>
        <td colspan="1" rowspan="1" class="indent2" width="20%">Attack</td>
        <td colspan="1" rowspan="1" width="80%"/>
      </tr>
      <tr>
        <td colspan="1" rowspan="1" class="indent2" width="20%">Evidence</td>
        <td colspan="1" rowspan="1" width="80%">a9537e42-92cb-4989-8284-b87a2ab53f4f</td>
      </tr>
      <tr>
        <td colspan="1" rowspan="1" class="indent2" width="20%">Other Info</td>
        <td colspan="1" rowspan="1" width="80%">
cookie:janus_sid</td>
      </tr>
      <tr>
        <td colspan="1" rowspan="1" class="indent1" width="20%">URL</td>
        <td colspan="1" rowspan="1" width="80%">
          <a shape="rect" href="https://www.fairplay.com.bo/register.js?&amp;scope=">https://www.fairplay.com.bo/register.js?&amp;scope=</a>
        </td>
      </tr>
      <tr>
        <td colspan="1" rowspan="1" class="indent2" width="20%">Method</td>
        <td colspan="1" rowspan="1" width="80%">GET</td>
      </tr>
      <tr>
        <td colspan="1" rowspan="1" class="indent2" width="20%">Parameter</td>
        <td colspan="1" rowspan="1" width="80%">janus_sid</td>
      </tr>
      <tr>
        <td colspan="1" rowspan="1" class="indent2" width="20%">Attack</td>
        <td colspan="1" rowspan="1" width="80%"/>
      </tr>
      <tr>
        <td colspan="1" rowspan="1" class="indent2" width="20%">Evidence</td>
        <td colspan="1" rowspan="1" width="80%">a1d0dbfd-a04f-4911-b90c-230b7d989be1</td>
      </tr>
      <tr>
        <td colspan="1" rowspan="1" class="indent2" width="20%">Other Info</td>
        <td colspan="1" rowspan="1" width="80%">
cookie:janus_sid</td>
      </tr>
      <tr>
        <td colspan="1" rowspan="1" class="indent1" width="20%">URL</td>
        <td colspan="1" rowspan="1" width="80%">
          <a shape="rect" href="https://www.fairplay.com.bo/serviceWorkerMerged.js">https://www.fairplay.com.bo/serviceWorkerMerged.js</a>
        </td>
      </tr>
      <tr>
        <td colspan="1" rowspan="1" class="indent2" width="20%">Method</td>
        <td colspan="1" rowspan="1" width="80%">GET</td>
      </tr>
      <tr>
        <td colspan="1" rowspan="1" class="indent2" width="20%">Parameter</td>
        <td colspan="1" rowspan="1" width="80%">janus_sid</td>
      </tr>
      <tr>
        <td colspan="1" rowspan="1" class="indent2" width="20%">Attack</td>
        <td colspan="1" rowspan="1" width="80%"/>
      </tr>
      <tr>
        <td colspan="1" rowspan="1" class="indent2" width="20%">Evidence</td>
        <td colspan="1" rowspan="1" width="80%">77b6991a-d856-4524-857e-57a5f3cb62f5</td>
      </tr>
      <tr>
        <td colspan="1" rowspan="1" class="indent2" width="20%">Other Info</td>
        <td colspan="1" rowspan="1" width="80%">
cookie:janus_sid</td>
      </tr>
      <tr>
        <td colspan="1" rowspan="1" class="indent1" width="20%">URL</td>
        <td colspan="1" rowspan="1" width="80%">
          <a shape="rect" href="https://www.fairplay.com.bo/_v/facebook-capi/event">https://www.fairplay.com.bo/_v/facebook-capi/event</a>
        </td>
      </tr>
      <tr>
        <td colspan="1" rowspan="1" class="indent2" width="20%">Method</td>
        <td colspan="1" rowspan="1" width="80%">POST</td>
      </tr>
      <tr>
        <td colspan="1" rowspan="1" class="indent2" width="20%">Parameter</td>
        <td colspan="1" rowspan="1" width="80%">janus_sid</td>
      </tr>
      <tr>
        <td colspan="1" rowspan="1" class="indent2" width="20%">Attack</td>
        <td colspan="1" rowspan="1" width="80%"/>
      </tr>
      <tr>
        <td colspan="1" rowspan="1" class="indent2" width="20%">Evidence</td>
        <td colspan="1" rowspan="1" width="80%">575cb9dc-5ecd-4bcd-9ff2-12b97aea50fc</td>
      </tr>
      <tr>
        <td colspan="1" rowspan="1" class="indent2" width="20%">Other Info</td>
        <td colspan="1" rowspan="1" width="80%">
cookie:janus_sid</td>
      </tr>
      <tr>
        <td colspan="1" rowspan="1" class="indent1" width="20%">URL</td>
        <td colspan="1" rowspan="1" width="80%">
          <a shape="rect" href="https://www.fairplay.com.bo/_v/private/graphql/v1?workspace=master&amp;maxAge=zero&amp;appsEtag=remove&amp;domain=store&amp;locale=es-BO">https://www.fairplay.com.bo/_v/private/graphql/v1?workspace=master&amp;maxAge=zero&amp;appsEtag=remove&amp;domain=store&amp;locale=es-BO</a>
        </td>
      </tr>
      <tr>
        <td colspan="1" rowspan="1" class="indent2" width="20%">Method</td>
        <td colspan="1" rowspan="1" width="80%">POST</td>
      </tr>
      <tr>
        <td colspan="1" rowspan="1" class="indent2" width="20%">Parameter</td>
        <td colspan="1" rowspan="1" width="80%">checkout.vtex.com</td>
      </tr>
      <tr>
        <td colspan="1" rowspan="1" class="indent2" width="20%">Attack</td>
        <td colspan="1" rowspan="1" width="80%"/>
      </tr>
      <tr>
        <td colspan="1" rowspan="1" class="indent2" width="20%">Evidence</td>
        <td colspan="1" rowspan="1" width="80%">__ofid=fdab02f1ff1a454f8e652ab71a0b26df</td>
      </tr>
      <tr>
        <td colspan="1" rowspan="1" class="indent2" width="20%">Other Info</td>
        <td colspan="1" rowspan="1" width="80%">
cookie:checkout.vtex.com</td>
      </tr>
      <tr>
        <td colspan="1" rowspan="1" class="indent1" width="20%">URL</td>
        <td colspan="1" rowspan="1" width="80%">
          <a shape="rect" href="https://www.fairplay.com.bo/api/sessions?items=account.id,account.accountName,store.channel,store.countryCode,store.cultureInfo,store.currencyCode,store.currencySymbol,store.admin_cultureInfo,creditControl.creditAccounts,creditControl.deadlines,creditControl.minimumInstallmentValue,authentication.storeUserId,authentication.storeUserEmail,profile.firstName,profile.document,profile.email,profile.id,profile.isAuthenticated,profile.lastName,profile.phone,public.favoritePickup,public.utm_source,public.utm_medium,public.utm_campaign,public.utmi_cp,public.utmi_p,public.utmi_pc">https://www.fairplay.com.bo/api/sessions?items=account.id,account.accountName,store.channel,store.countryCode,store.cultureInfo,store.currencyCode,store.currencySymbol,store.admin_cultureInfo,creditControl.creditAccounts,creditControl.deadlines,creditControl.minimumInstallmentValue,authentication.storeUserId,authentication.storeUserEmail,profile.firstName,profile.document,profile.email,profile.id,profile.isAuthenticated,profile.lastName,profile.phone,public.favoritePickup,public.utm_source,public.utm_medium,public.utm_campaign,public.utmi_cp,public.utmi_p,public.utmi_pc</a>
        </td>
      </tr>
      <tr>
        <td colspan="1" rowspan="1" class="indent2" width="20%">Method</td>
        <td colspan="1" rowspan="1" width="80%">POST</td>
      </tr>
      <tr>
        <td colspan="1" rowspan="1" class="indent2" width="20%">Parameter</td>
        <td colspan="1" rowspan="1" width="80%">vtex_segment</td>
      </tr>
      <tr>
        <td colspan="1" rowspan="1" class="indent2" width="20%">Attack</td>
        <td colspan="1" rowspan="1" width="80%"/>
      </tr>
      <tr>
        <td colspan="1" rowspan="1" class="indent2" width="20%">Evidence</td>
        <td colspan="1" rowspan="1" width="80%">eyJjYW1wYWlnbnMiOm51bGwsImNoYW5uZWwiOiIxIiwicHJpY2VUYWJsZXMiOm51bGwsInJlZ2lvbklkIjpudWxsLCJ1dG1fY2FtcGFpZ24iOm51bGwsInV0bV9zb3VyY2UiOm51bGwsInV0bWlfY2FtcGFpZ24iOm51bGwsImN1cnJlbmN5Q29kZSI6IkJPQiIsImN1cnJlbmN5U3ltYm9sIjoiQnMuIiwiY291bnRyeUNvZGUiOiJCT0wiLCJjdWx0dXJlSW5mbyI6ImVzLUJPIiwiY2hhbm5lbFByaXZhY3kiOiJwdWJsaWMifQ</td>
      </tr>
      <tr>
        <td colspan="1" rowspan="1" class="indent2" width="20%">Other Info</td>
        <td colspan="1" rowspan="1" width="80%">
cookie:vtex_segment
cookie:vtex_session</td>
      </tr>
      <tr>
        <td colspan="1" rowspan="1" class="indent1" width="20%">URL</td>
        <td colspan="1" rowspan="1" width="80%">
          <a shape="rect" href="https://www.facebook.com/tr/?id=3203784069700052&amp;ev=PageView&amp;dl=https%3A%2F%2Fwww.fairplay.com.bo%2Fcheckout%2F%23%2Fprofile&amp;rl=https%3A%2F%2Fwww.fairplay.com.bo%2Fpuma-mochilas-core-pop-079855-02%2Fp&amp;if=false&amp;ts=1705279271525&amp;sw=1536&amp;sh=864&amp;udff%5Bph%5D=6b86b273ff34fce19d6b804eff5a3f5747ada4eaa22f1d49c01e52ddb7875b4b&amp;udff%5Bem%5D=19a6e9435467f367524e612a0d66d55a51ec80d43201ee81296dcd26a2e77c98&amp;udff%5Bst%5D=b8d31e852725afb1e26d53bab6095b2bff1749c9275be13ed1c05a56ed31ec09&amp;v=2.9.140&amp;r=stable&amp;ec=2&amp;o=6174&amp;fbp=fb.2.1705278775808.716886661&amp;ler=empty&amp;it=1705279254332&amp;coo=false&amp;cdl=&amp;rqm=GET">https://www.facebook.com/tr/?id=3203784069700052&amp;ev=PageView&amp;dl=https%3A%2F%2Fwww.fairplay.com.bo%2Fcheckout%2F%23%2Fprofile&amp;rl=https%3A%2F%2Fwww.fairplay.com.bo%2Fpuma-mochilas-core-pop-079855-02%2Fp&amp;if=false&amp;ts=1705279271525&amp;sw=1536&amp;sh=864&amp;udff%5Bph%5D=6b86b273ff34fce19d6b804eff5a3f5747ada4eaa22f1d49c01e52ddb7875b4b&amp;udff%5Bem%5D=19a6e9435467f367524e612a0d66d55a51ec80d43201ee81296dcd26a2e77c98&amp;udff%5Bst%5D=b8d31e852725afb1e26d53bab6095b2bff1749c9275be13ed1c05a56ed31ec09&amp;v=2.9.140&amp;r=stable&amp;ec=2&amp;o=6174&amp;fbp=fb.2.1705278775808.716886661&amp;ler=empty&amp;it=1705279254332&amp;coo=false&amp;cdl=&amp;rqm=GET</a>
        </td>
      </tr>
      <tr>
        <td colspan="1" rowspan="1" class="indent2" width="20%">Method</td>
        <td colspan="1" rowspan="1" width="80%">GET</td>
      </tr>
      <tr>
        <td colspan="1" rowspan="1" class="indent2" width="20%">Parameter</td>
        <td colspan="1" rowspan="1" width="80%">fbp</td>
      </tr>
      <tr>
        <td colspan="1" rowspan="1" class="indent2" width="20%">Attack</td>
        <td colspan="1" rowspan="1" width="80%"/>
      </tr>
      <tr>
        <td colspan="1" rowspan="1" class="indent2" width="20%">Evidence</td>
        <td colspan="1" rowspan="1" width="80%">fb.2.1705278775808.716886661</td>
      </tr>
      <tr>
        <td colspan="1" rowspan="1" class="indent2" width="20%">Other Info</td>
        <td colspan="1" rowspan="1" width="80%">
url:fbp</td>
      </tr>
      <tr>
        <td colspan="1" rowspan="1" class="indent1" width="20%">URL</td>
        <td colspan="1" rowspan="1" width="80%">
          <a shape="rect" href="https://www.fairplay.com.bo/411081697209883213">https://www.fairplay.com.bo/411081697209883213</a>
        </td>
      </tr>
      <tr>
        <td colspan="1" rowspan="1" class="indent2" width="20%">Method</td>
        <td colspan="1" rowspan="1" width="80%">GET</td>
      </tr>
      <tr>
        <td colspan="1" rowspan="1" class="indent2" width="20%">Parameter</td>
        <td colspan="1" rowspan="1" width="80%">VtexWorkspace</td>
      </tr>
      <tr>
        <td colspan="1" rowspan="1" class="indent2" width="20%">Attack</td>
        <td colspan="1" rowspan="1" width="80%"/>
      </tr>
      <tr>
        <td colspan="1" rowspan="1" class="indent2" width="20%">Evidence</td>
        <td colspan="1" rowspan="1" width="80%">master%3A-</td>
      </tr>
      <tr>
        <td colspan="1" rowspan="1" class="indent2" width="20%">Other Info</td>
        <td colspan="1" rowspan="1" width="80%">
cookie:VtexWorkspace</td>
      </tr>
      <tr>
        <td colspan="1" rowspan="1" class="indent1" width="20%">URL</td>
        <td colspan="1" rowspan="1" width="80%">
          <a shape="rect" href="https://www.fairplay.com.bo/_v/private/graphql/v1?-s">https://www.fairplay.com.bo/_v/private/graphql/v1?-s</a>
        </td>
      </tr>
      <tr>
        <td colspan="1" rowspan="1" class="indent2" width="20%">Method</td>
        <td colspan="1" rowspan="1" width="80%">GET</td>
      </tr>
      <tr>
        <td colspan="1" rowspan="1" class="indent2" width="20%">Parameter</td>
        <td colspan="1" rowspan="1" width="80%">VtexWorkspace</td>
      </tr>
      <tr>
        <td colspan="1" rowspan="1" class="indent2" width="20%">Attack</td>
        <td colspan="1" rowspan="1" width="80%"/>
      </tr>
      <tr>
        <td colspan="1" rowspan="1" class="indent2" width="20%">Evidence</td>
        <td colspan="1" rowspan="1" width="80%">master%3A-</td>
      </tr>
      <tr>
        <td colspan="1" rowspan="1" class="indent2" width="20%">Other Info</td>
        <td colspan="1" rowspan="1" width="80%">
cookie:VtexWorkspace</td>
      </tr>
      <tr>
        <td colspan="1" rowspan="1" class="indent1" width="20%">URL</td>
        <td colspan="1" rowspan="1" width="80%">
          <a shape="rect" href="https://www.fairplay.com.bo/WEB-INF/classes/3/0.class">https://www.fairplay.com.bo/WEB-INF/classes/3/0.class</a>
        </td>
      </tr>
      <tr>
        <td colspan="1" rowspan="1" class="indent2" width="20%">Method</td>
        <td colspan="1" rowspan="1" width="80%">GET</td>
      </tr>
      <tr>
        <td colspan="1" rowspan="1" class="indent2" width="20%">Parameter</td>
        <td colspan="1" rowspan="1" width="80%">VtexWorkspace</td>
      </tr>
      <tr>
        <td colspan="1" rowspan="1" class="indent2" width="20%">Attack</td>
        <td colspan="1" rowspan="1" width="80%"/>
      </tr>
      <tr>
        <td colspan="1" rowspan="1" class="indent2" width="20%">Evidence</td>
        <td colspan="1" rowspan="1" width="80%">master%3A-</td>
      </tr>
      <tr>
        <td colspan="1" rowspan="1" class="indent2" width="20%">Other Info</td>
        <td colspan="1" rowspan="1" width="80%">
cookie:VtexWorkspace</td>
      </tr>
      <tr>
        <td colspan="1" rowspan="1" class="indent1" width="20%">URL</td>
        <td colspan="1" rowspan="1" width="80%">
          <a shape="rect" href="https://www.fairplay.com.bo/WEB-INF/classes/l/Ii.class">https://www.fairplay.com.bo/WEB-INF/classes/l/Ii.class</a>
        </td>
      </tr>
      <tr>
        <td colspan="1" rowspan="1" class="indent2" width="20%">Method</td>
        <td colspan="1" rowspan="1" width="80%">GET</td>
      </tr>
      <tr>
        <td colspan="1" rowspan="1" class="indent2" width="20%">Parameter</td>
        <td colspan="1" rowspan="1" width="80%">VtexWorkspace</td>
      </tr>
      <tr>
        <td colspan="1" rowspan="1" class="indent2" width="20%">Attack</td>
        <td colspan="1" rowspan="1" width="80%"/>
      </tr>
      <tr>
        <td colspan="1" rowspan="1" class="indent2" width="20%">Evidence</td>
        <td colspan="1" rowspan="1" width="80%">master%3A-</td>
      </tr>
      <tr>
        <td colspan="1" rowspan="1" class="indent2" width="20%">Other Info</td>
        <td colspan="1" rowspan="1" width="80%">
cookie:VtexWorkspace</td>
      </tr>
      <tr>
        <td colspan="1" rowspan="1" class="indent1" width="20%">URL</td>
        <td colspan="1" rowspan="1" width="80%">
          <a shape="rect" href="https://www.fairplay.com.bo/WEB-INF/classes/N/l.class">https://www.fairplay.com.bo/WEB-INF/classes/N/l.class</a>
        </td>
      </tr>
      <tr>
        <td colspan="1" rowspan="1" class="indent2" width="20%">Method</td>
        <td colspan="1" rowspan="1" width="80%">GET</td>
      </tr>
      <tr>
        <td colspan="1" rowspan="1" class="indent2" width="20%">Parameter</td>
        <td colspan="1" rowspan="1" width="80%">VtexWorkspace</td>
      </tr>
      <tr>
        <td colspan="1" rowspan="1" class="indent2" width="20%">Attack</td>
        <td colspan="1" rowspan="1" width="80%"/>
      </tr>
      <tr>
        <td colspan="1" rowspan="1" class="indent2" width="20%">Evidence</td>
        <td colspan="1" rowspan="1" width="80%">master%3A-</td>
      </tr>
      <tr>
        <td colspan="1" rowspan="1" class="indent2" width="20%">Other Info</td>
        <td colspan="1" rowspan="1" width="80%">
cookie:VtexWorkspace</td>
      </tr>
      <tr>
        <td colspan="1" rowspan="1" class="indent1" width="20%">URL</td>
        <td colspan="1" rowspan="1" width="80%">
          <a shape="rect" href="https://www.fairplay.com.bo/WEB-INF/classes/r/V.class">https://www.fairplay.com.bo/WEB-INF/classes/r/V.class</a>
        </td>
      </tr>
      <tr>
        <td colspan="1" rowspan="1" class="indent2" width="20%">Method</td>
        <td colspan="1" rowspan="1" width="80%">GET</td>
      </tr>
      <tr>
        <td colspan="1" rowspan="1" class="indent2" width="20%">Parameter</td>
        <td colspan="1" rowspan="1" width="80%">VtexWorkspace</td>
      </tr>
      <tr>
        <td colspan="1" rowspan="1" class="indent2" width="20%">Attack</td>
        <td colspan="1" rowspan="1" width="80%"/>
      </tr>
      <tr>
        <td colspan="1" rowspan="1" class="indent2" width="20%">Evidence</td>
        <td colspan="1" rowspan="1" width="80%">master%3A-</td>
      </tr>
      <tr>
        <td colspan="1" rowspan="1" class="indent2" width="20%">Other Info</td>
        <td colspan="1" rowspan="1" width="80%">
cookie:VtexWorkspace</td>
      </tr>
      <tr>
        <td colspan="1" rowspan="1" class="indent1" width="20%">URL</td>
        <td colspan="1" rowspan="1" width="80%">
          <a shape="rect" href="https://www.fairplay.com.bo/WEB-INF/classes/U/W.class">https://www.fairplay.com.bo/WEB-INF/classes/U/W.class</a>
        </td>
      </tr>
      <tr>
        <td colspan="1" rowspan="1" class="indent2" width="20%">Method</td>
        <td colspan="1" rowspan="1" width="80%">GET</td>
      </tr>
      <tr>
        <td colspan="1" rowspan="1" class="indent2" width="20%">Parameter</td>
        <td colspan="1" rowspan="1" width="80%">VtexWorkspace</td>
      </tr>
      <tr>
        <td colspan="1" rowspan="1" class="indent2" width="20%">Attack</td>
        <td colspan="1" rowspan="1" width="80%"/>
      </tr>
      <tr>
        <td colspan="1" rowspan="1" class="indent2" width="20%">Evidence</td>
        <td colspan="1" rowspan="1" width="80%">master%3A-</td>
      </tr>
      <tr>
        <td colspan="1" rowspan="1" class="indent2" width="20%">Other Info</td>
        <td colspan="1" rowspan="1" width="80%">
cookie:VtexWorkspace</td>
      </tr>
      <tr>
        <td colspan="1" rowspan="1" class="indent1" width="20%">URL</td>
        <td colspan="1" rowspan="1" width="80%">
          <a shape="rect" href="https://www.fairplay.com.bo/api/checkout/pub/orderForm?refreshOutdatedData=%22%3E%3C%21--%23EXEC+cmd%3D%22dir+%5C%22--%3E%3C">https://www.fairplay.com.bo/api/checkout/pub/orderForm?refreshOutdatedData=%22%3E%3C%21--%23EXEC+cmd%3D%22dir+%5C%22--%3E%3C</a>
        </td>
      </tr>
      <tr>
        <td colspan="1" rowspan="1" class="indent2" width="20%">Method</td>
        <td colspan="1" rowspan="1" width="80%">POST</td>
      </tr>
      <tr>
        <td colspan="1" rowspan="1" class="indent2" width="20%">Parameter</td>
        <td colspan="1" rowspan="1" width="80%">checkout.vtex.com</td>
      </tr>
      <tr>
        <td colspan="1" rowspan="1" class="indent2" width="20%">Attack</td>
        <td colspan="1" rowspan="1" width="80%"/>
      </tr>
      <tr>
        <td colspan="1" rowspan="1" class="indent2" width="20%">Evidence</td>
        <td colspan="1" rowspan="1" width="80%">__ofid=fdab02f1ff1a454f8e652ab71a0b26df</td>
      </tr>
      <tr>
        <td colspan="1" rowspan="1" class="indent2" width="20%">Other Info</td>
        <td colspan="1" rowspan="1" width="80%">
cookie:checkout.vtex.com</td>
      </tr>
      <tr>
        <td colspan="1" rowspan="1" class="indent1" width="20%">URL</td>
        <td colspan="1" rowspan="1" width="80%">
          <a shape="rect" href="https://www.fairplay.com.bo/api/checkout/pub/orderForm?refreshOutdatedData=%2F">https://www.fairplay.com.bo/api/checkout/pub/orderForm?refreshOutdatedData=%2F</a>
        </td>
      </tr>
      <tr>
        <td colspan="1" rowspan="1" class="indent2" width="20%">Method</td>
        <td colspan="1" rowspan="1" width="80%">POST</td>
      </tr>
      <tr>
        <td colspan="1" rowspan="1" class="indent2" width="20%">Parameter</td>
        <td colspan="1" rowspan="1" width="80%">checkout.vtex.com</td>
      </tr>
      <tr>
        <td colspan="1" rowspan="1" class="indent2" width="20%">Attack</td>
        <td colspan="1" rowspan="1" width="80%"/>
      </tr>
      <tr>
        <td colspan="1" rowspan="1" class="indent2" width="20%">Evidence</td>
        <td colspan="1" rowspan="1" width="80%">__ofid=fdab02f1ff1a454f8e652ab71a0b26df</td>
      </tr>
      <tr>
        <td colspan="1" rowspan="1" class="indent2" width="20%">Other Info</td>
        <td colspan="1" rowspan="1" width="80%">
cookie:checkout.vtex.com</td>
      </tr>
      <tr>
        <td colspan="1" rowspan="1" class="indent1" width="20%">URL</td>
        <td colspan="1" rowspan="1" width="80%">
          <a shape="rect" href="https://www.fairplay.com.bo/api/checkout/pub/orderForm?refreshOutdatedData=c%3A%2F">https://www.fairplay.com.bo/api/checkout/pub/orderForm?refreshOutdatedData=c%3A%2F</a>
        </td>
      </tr>
      <tr>
        <td colspan="1" rowspan="1" class="indent2" width="20%">Method</td>
        <td colspan="1" rowspan="1" width="80%">POST</td>
      </tr>
      <tr>
        <td colspan="1" rowspan="1" class="indent2" width="20%">Parameter</td>
        <td colspan="1" rowspan="1" width="80%">checkout.vtex.com</td>
      </tr>
      <tr>
        <td colspan="1" rowspan="1" class="indent2" width="20%">Attack</td>
        <td colspan="1" rowspan="1" width="80%"/>
      </tr>
      <tr>
        <td colspan="1" rowspan="1" class="indent2" width="20%">Evidence</td>
        <td colspan="1" rowspan="1" width="80%">__ofid=fdab02f1ff1a454f8e652ab71a0b26df</td>
      </tr>
      <tr>
        <td colspan="1" rowspan="1" class="indent2" width="20%">Other Info</td>
        <td colspan="1" rowspan="1" width="80%">
cookie:checkout.vtex.com</td>
      </tr>
      <tr>
        <td colspan="1" rowspan="1" class="indent1" width="20%">URL</td>
        <td colspan="1" rowspan="1" width="80%">
          <a shape="rect" href="https://www.fairplay.com.bo/api/checkout/pub/orderForm?refreshOutdatedData=http%3A%2F%2Fwww.google.com">https://www.fairplay.com.bo/api/checkout/pub/orderForm?refreshOutdatedData=http%3A%2F%2Fwww.google.com</a>
        </td>
      </tr>
      <tr>
        <td colspan="1" rowspan="1" class="indent2" width="20%">Method</td>
        <td colspan="1" rowspan="1" width="80%">POST</td>
      </tr>
      <tr>
        <td colspan="1" rowspan="1" class="indent2" width="20%">Parameter</td>
        <td colspan="1" rowspan="1" width="80%">checkout.vtex.com</td>
      </tr>
      <tr>
        <td colspan="1" rowspan="1" class="indent2" width="20%">Attack</td>
        <td colspan="1" rowspan="1" width="80%"/>
      </tr>
      <tr>
        <td colspan="1" rowspan="1" class="indent2" width="20%">Evidence</td>
        <td colspan="1" rowspan="1" width="80%">__ofid=fdab02f1ff1a454f8e652ab71a0b26df</td>
      </tr>
      <tr>
        <td colspan="1" rowspan="1" class="indent2" width="20%">Other Info</td>
        <td colspan="1" rowspan="1" width="80%">
cookie:checkout.vtex.com</td>
      </tr>
      <tr>
        <td colspan="1" rowspan="1" class="indent1" width="20%">URL</td>
        <td colspan="1" rowspan="1" width="80%">
          <a shape="rect" href="https://www.fairplay.com.bo/api/checkout/pub/orderForm?refreshOutdatedData=true">https://www.fairplay.com.bo/api/checkout/pub/orderForm?refreshOutdatedData=true</a>
        </td>
      </tr>
      <tr>
        <td colspan="1" rowspan="1" class="indent2" width="20%">Method</td>
        <td colspan="1" rowspan="1" width="80%">POST</td>
      </tr>
      <tr>
        <td colspan="1" rowspan="1" class="indent2" width="20%">Parameter</td>
        <td colspan="1" rowspan="1" width="80%">checkout.vtex.com</td>
      </tr>
      <tr>
        <td colspan="1" rowspan="1" class="indent2" width="20%">Attack</td>
        <td colspan="1" rowspan="1" width="80%"/>
      </tr>
      <tr>
        <td colspan="1" rowspan="1" class="indent2" width="20%">Evidence</td>
        <td colspan="1" rowspan="1" width="80%">__ofid=fdab02f1ff1a454f8e652ab71a0b26df</td>
      </tr>
      <tr>
        <td colspan="1" rowspan="1" class="indent2" width="20%">Other Info</td>
        <td colspan="1" rowspan="1" width="80%">
cookie:checkout.vtex.com</td>
      </tr>
      <tr>
        <td colspan="1" rowspan="1" class="indent1" width="20%">URL</td>
        <td colspan="1" rowspan="1" width="80%">
          <a shape="rect" href="https://www.fairplay.com.bo/api/checkout/pub/orderForm?refreshOutdatedData=URL%3D%27http%3A%2F%2F6606461314858989925.owasp.org%27">https://www.fairplay.com.bo/api/checkout/pub/orderForm?refreshOutdatedData=URL%3D%27http%3A%2F%2F6606461314858989925.owasp.org%27</a>
        </td>
      </tr>
      <tr>
        <td colspan="1" rowspan="1" class="indent2" width="20%">Method</td>
        <td colspan="1" rowspan="1" width="80%">POST</td>
      </tr>
      <tr>
        <td colspan="1" rowspan="1" class="indent2" width="20%">Parameter</td>
        <td colspan="1" rowspan="1" width="80%">checkout.vtex.com</td>
      </tr>
      <tr>
        <td colspan="1" rowspan="1" class="indent2" width="20%">Attack</td>
        <td colspan="1" rowspan="1" width="80%"/>
      </tr>
      <tr>
        <td colspan="1" rowspan="1" class="indent2" width="20%">Evidence</td>
        <td colspan="1" rowspan="1" width="80%">__ofid=fdab02f1ff1a454f8e652ab71a0b26df</td>
      </tr>
      <tr>
        <td colspan="1" rowspan="1" class="indent2" width="20%">Other Info</td>
        <td colspan="1" rowspan="1" width="80%">
cookie:checkout.vtex.com</td>
      </tr>
      <tr>
        <td colspan="1" rowspan="1" class="indent1" width="20%">URL</td>
        <td colspan="1" rowspan="1" width="80%">
          <a shape="rect" href="https://www.fairplay.com.bo/arquivos?-d+allow_url_include%3d1+-d+auto_prepend_file%3dphp://input">https://www.fairplay.com.bo/arquivos?-d+allow_url_include%3d1+-d+auto_prepend_file%3dphp://input</a>
        </td>
      </tr>
      <tr>
        <td colspan="1" rowspan="1" class="indent2" width="20%">Method</td>
        <td colspan="1" rowspan="1" width="80%">POST</td>
      </tr>
      <tr>
        <td colspan="1" rowspan="1" class="indent2" width="20%">Parameter</td>
        <td colspan="1" rowspan="1" width="80%">VtexWorkspace</td>
      </tr>
      <tr>
        <td colspan="1" rowspan="1" class="indent2" width="20%">Attack</td>
        <td colspan="1" rowspan="1" width="80%"/>
      </tr>
      <tr>
        <td colspan="1" rowspan="1" class="indent2" width="20%">Evidence</td>
        <td colspan="1" rowspan="1" width="80%">master%3A-</td>
      </tr>
      <tr>
        <td colspan="1" rowspan="1" class="indent2" width="20%">Other Info</td>
        <td colspan="1" rowspan="1" width="80%">
cookie:VtexWorkspace</td>
      </tr>
      <tr>
        <td colspan="1" rowspan="1" class="indent1" width="20%">URL</td>
        <td colspan="1" rowspan="1" width="80%">
          <a shape="rect" href="https://www.fairplay.com.bo/converse-zap-chuck-taylor-as-cx-explore-a02411c?-d+allow_url_include%3d1+-d+auto_prepend_file%3dphp://input">https://www.fairplay.com.bo/converse-zap-chuck-taylor-as-cx-explore-a02411c?-d+allow_url_include%3d1+-d+auto_prepend_file%3dphp://input</a>
        </td>
      </tr>
      <tr>
        <td colspan="1" rowspan="1" class="indent2" width="20%">Method</td>
        <td colspan="1" rowspan="1" width="80%">POST</td>
      </tr>
      <tr>
        <td colspan="1" rowspan="1" class="indent2" width="20%">Parameter</td>
        <td colspan="1" rowspan="1" width="80%">VtexWorkspace</td>
      </tr>
      <tr>
        <td colspan="1" rowspan="1" class="indent2" width="20%">Attack</td>
        <td colspan="1" rowspan="1" width="80%"/>
      </tr>
      <tr>
        <td colspan="1" rowspan="1" class="indent2" width="20%">Evidence</td>
        <td colspan="1" rowspan="1" width="80%">master%3A-</td>
      </tr>
      <tr>
        <td colspan="1" rowspan="1" class="indent2" width="20%">Other Info</td>
        <td colspan="1" rowspan="1" width="80%">
cookie:VtexWorkspace</td>
      </tr>
      <tr>
        <td colspan="1" rowspan="1" class="indent1" width="20%">URL</td>
        <td colspan="1" rowspan="1" width="80%">
          <a shape="rect" href="https://www.fairplay.com.bo/files?-d+allow_url_include%3d1+-d+auto_prepend_file%3dphp://input">https://www.fairplay.com.bo/files?-d+allow_url_include%3d1+-d+auto_prepend_file%3dphp://input</a>
        </td>
      </tr>
      <tr>
        <td colspan="1" rowspan="1" class="indent2" width="20%">Method</td>
        <td colspan="1" rowspan="1" width="80%">POST</td>
      </tr>
      <tr>
        <td colspan="1" rowspan="1" class="indent2" width="20%">Parameter</td>
        <td colspan="1" rowspan="1" width="80%">VtexWorkspace</td>
      </tr>
      <tr>
        <td colspan="1" rowspan="1" class="indent2" width="20%">Attack</td>
        <td colspan="1" rowspan="1" width="80%"/>
      </tr>
      <tr>
        <td colspan="1" rowspan="1" class="indent2" width="20%">Evidence</td>
        <td colspan="1" rowspan="1" width="80%">master%3A-</td>
      </tr>
      <tr>
        <td colspan="1" rowspan="1" class="indent2" width="20%">Other Info</td>
        <td colspan="1" rowspan="1" width="80%">
cookie:VtexWorkspace</td>
      </tr>
      <tr>
        <td colspan="1" rowspan="1" class="indent1" width="20%">URL</td>
        <td colspan="1" rowspan="1" width="80%">
          <a shape="rect" href="https://www.fairplay.com.bo/puma-zap-carina-2-0-385849-02/p?-d+allow_url_include%3d1+-d+auto_prepend_file%3dphp://input">https://www.fairplay.com.bo/puma-zap-carina-2-0-385849-02/p?-d+allow_url_include%3d1+-d+auto_prepend_file%3dphp://input</a>
        </td>
      </tr>
      <tr>
        <td colspan="1" rowspan="1" class="indent2" width="20%">Method</td>
        <td colspan="1" rowspan="1" width="80%">POST</td>
      </tr>
      <tr>
        <td colspan="1" rowspan="1" class="indent2" width="20%">Parameter</td>
        <td colspan="1" rowspan="1" width="80%">VtexWorkspace</td>
      </tr>
      <tr>
        <td colspan="1" rowspan="1" class="indent2" width="20%">Attack</td>
        <td colspan="1" rowspan="1" width="80%"/>
      </tr>
      <tr>
        <td colspan="1" rowspan="1" class="indent2" width="20%">Evidence</td>
        <td colspan="1" rowspan="1" width="80%">master%3A-</td>
      </tr>
      <tr>
        <td colspan="1" rowspan="1" class="indent2" width="20%">Other Info</td>
        <td colspan="1" rowspan="1" width="80%">
cookie:VtexWorkspace</td>
      </tr>
      <tr>
        <td colspan="1" rowspan="1" class="indent1" width="20%">URL</td>
        <td colspan="1" rowspan="1" width="80%">
          <a shape="rect" href="https://www.fairplay.com.bo/ua-mochila-favorite-backpack-1369211-001?-d+allow_url_include%3d1+-d+auto_prepend_file%3dphp://input">https://www.fairplay.com.bo/ua-mochila-favorite-backpack-1369211-001?-d+allow_url_include%3d1+-d+auto_prepend_file%3dphp://input</a>
        </td>
      </tr>
      <tr>
        <td colspan="1" rowspan="1" class="indent2" width="20%">Method</td>
        <td colspan="1" rowspan="1" width="80%">POST</td>
      </tr>
      <tr>
        <td colspan="1" rowspan="1" class="indent2" width="20%">Parameter</td>
        <td colspan="1" rowspan="1" width="80%">VtexWorkspace</td>
      </tr>
      <tr>
        <td colspan="1" rowspan="1" class="indent2" width="20%">Attack</td>
        <td colspan="1" rowspan="1" width="80%"/>
      </tr>
      <tr>
        <td colspan="1" rowspan="1" class="indent2" width="20%">Evidence</td>
        <td colspan="1" rowspan="1" width="80%">master%3A-</td>
      </tr>
      <tr>
        <td colspan="1" rowspan="1" class="indent2" width="20%">Other Info</td>
        <td colspan="1" rowspan="1" width="80%">
cookie:VtexWorkspace</td>
      </tr>
      <tr>
        <td colspan="1" rowspan="1" class="indent1" width="20%">URL</td>
        <td colspan="1" rowspan="1" width="80%">
          <a shape="rect" href="https://www.fairplay.com.bo/ua-polera-pjt-rock-brahma-bull-ss-1361733-003?-d+allow_url_include%3d1+-d+auto_prepend_file%3dphp://input">https://www.fairplay.com.bo/ua-polera-pjt-rock-brahma-bull-ss-1361733-003?-d+allow_url_include%3d1+-d+auto_prepend_file%3dphp://input</a>
        </td>
      </tr>
      <tr>
        <td colspan="1" rowspan="1" class="indent2" width="20%">Method</td>
        <td colspan="1" rowspan="1" width="80%">POST</td>
      </tr>
      <tr>
        <td colspan="1" rowspan="1" class="indent2" width="20%">Parameter</td>
        <td colspan="1" rowspan="1" width="80%">VtexWorkspace</td>
      </tr>
      <tr>
        <td colspan="1" rowspan="1" class="indent2" width="20%">Attack</td>
        <td colspan="1" rowspan="1" width="80%"/>
      </tr>
      <tr>
        <td colspan="1" rowspan="1" class="indent2" width="20%">Evidence</td>
        <td colspan="1" rowspan="1" width="80%">master%3A-</td>
      </tr>
      <tr>
        <td colspan="1" rowspan="1" class="indent2" width="20%">Other Info</td>
        <td colspan="1" rowspan="1" width="80%">
cookie:VtexWorkspace</td>
      </tr>
      <tr>
        <td colspan="1" rowspan="1" width="20%">Instances</td>
        <td colspan="1" rowspan="1" width="80%">36</td>
      </tr>
      <tr>
        <td colspan="1" rowspan="1" width="20%">Solution</td>
        <td colspan="1" rowspan="1" width="80%">
          <div>This is an informational alert rather than a vulnerability and so there is nothing to fix.</div>
        </td>
      </tr>
      <tr>
        <td colspan="1" rowspan="1" width="20%">Reference</td>
        <td colspan="1" rowspan="1" width="80%">
          <a shape="rect" href="https://www.zaproxy.org/docs/desktop/addons/authentication-helper/session-mgmt-id">https://www.zaproxy.org/docs/desktop/addons/authentication-helper/session-mgmt-id</a>
        </td>
      </tr>
      <tr>
        <td colspan="1" rowspan="1" width="20%">CWE Id</td>
        <td colspan="1" rowspan="1" width="80%"/>
      </tr>
      <tr>
        <td colspan="1" rowspan="1" width="20%">WASC Id</td>
        <td colspan="1" rowspan="1" width="80%"/>
      </tr>
      <tr>
        <td colspan="1" rowspan="1" width="20%">Plugin Id</td>
        <td colspan="1" rowspan="1" width="80%">
          <a shape="rect" href="https://www.zaproxy.org/docs/alerts/10112/">10112</a>
        </td>
      </tr>
    </table>
    <div class="spacer"/>
  </body>
</html>
]]></system-out>
  <system-err><![CDATA[]]></system-err>
</testsuite>
